Started GET "/" for 127.0.0.1 at 2023-11-14 09:32:39 +0000
  
ActiveRecord::ConnectionNotEstablished (FATAL:  role "miguel" does not exist
):
  
activerecord (7.1.2) lib/active_record/connection_adapters/postgresql_adapter.rb:80:in `rescue in new_client'
activerecord (7.1.2) lib/active_record/connection_adapters/postgresql_adapter.rb:68:in `new_client'
activerecord (7.1.2) lib/active_record/connection_adapters/postgresql_adapter.rb:980:in `connect'
activerecord (7.1.2) lib/active_record/connection_adapters/postgresql_adapter.rb:992:in `reconnect'
activerecord (7.1.2) lib/active_record/connection_adapters/abstract_adapter.rb:685:in `block in reconnect!'
activesupport (7.1.2) lib/active_support/concurrency/null_lock.rb:9:in `synchronize'
activerecord (7.1.2) lib/active_record/connection_adapters/abstract_adapter.rb:684:in `reconnect!'
activerecord (7.1.2) lib/active_record/connection_adapters/abstract_adapter.rb:788:in `verify!'
activerecord (7.1.2) lib/active_record/connection_adapters/abstract_adapter.rb:795:in `connect!'
activerecord (7.1.2) lib/active_record/connection_adapters/abstract_adapter.rb:1001:in `block in with_raw_connection'
activesupport (7.1.2) lib/active_support/concurrency/null_lock.rb:9:in `synchronize'
activerecord (7.1.2) lib/active_record/connection_adapters/abstract_adapter.rb:1000:in `with_raw_connection'
activerecord (7.1.2) lib/active_record/connection_adapters/abstract_adapter.rb:1113:in `valid_raw_connection'
activerecord (7.1.2) lib/active_record/connection_adapters/postgresql_adapter.rb:616:in `get_database_version'
activerecord (7.1.2) lib/active_record/connection_adapters/schema_cache.rb:374:in `database_version'
activerecord (7.1.2) lib/active_record/connection_adapters/schema_cache.rb:70:in `database_version'
activerecord (7.1.2) lib/active_record/connection_adapters/schema_cache.rb:200:in `database_version'
activerecord (7.1.2) lib/active_record/connection_adapters/abstract_adapter.rb:871:in `database_version'
activerecord (7.1.2) lib/active_record/connection_adapters/postgresql_adapter.rb:644:in `check_version'
activerecord (7.1.2) lib/active_record/connection_adapters/abstract/connection_pool.rb:675:in `new_connection'
activerecord (7.1.2) lib/active_record/connection_adapters/abstract/connection_pool.rb:720:in `checkout_new_connection'
activerecord (7.1.2) lib/active_record/connection_adapters/abstract/connection_pool.rb:699:in `try_to_checkout_new_connection'
activerecord (7.1.2) lib/active_record/connection_adapters/abstract/connection_pool.rb:657:in `acquire_connection'
activerecord (7.1.2) lib/active_record/connection_adapters/abstract/connection_pool.rb:355:in `checkout'
activerecord (7.1.2) lib/active_record/connection_adapters/abstract/connection_pool.rb:184:in `connection'
activerecord (7.1.2) lib/active_record/migration/pending_migration_connection.rb:8:in `establish_temporary_connection'
activerecord (7.1.2) lib/active_record/migration.rb:773:in `block in pending_migrations'
activerecord (7.1.2) lib/active_record/migration.rb:772:in `each'
activerecord (7.1.2) lib/active_record/migration.rb:772:in `pending_migrations'
activerecord (7.1.2) lib/active_record/migration.rb:751:in `check_pending_migrations'
activerecord (7.1.2) lib/active_record/migration.rb:643:in `block (2 levels) in call'
activesupport (7.1.2) lib/active_support/file_update_checker.rb:85:in `execute'
activerecord (7.1.2) lib/active_record/migration.rb:648:in `block in call'
activerecord (7.1.2) lib/active_record/migration.rb:640:in `synchronize'
activerecord (7.1.2) lib/active_record/migration.rb:640:in `call'
actionpack (7.1.2) lib/action_dispatch/middleware/callbacks.rb:29:in `block in call'
activesupport (7.1.2) lib/active_support/callbacks.rb:101:in `run_callbacks'
actionpack (7.1.2) lib/action_dispatch/middleware/callbacks.rb:28:in `call'
actionpack (7.1.2) lib/action_dispatch/middleware/executor.rb:14:in `call'
actionpack (7.1.2) lib/action_dispatch/middleware/actionable_exceptions.rb:16:in `call'
actionpack (7.1.2) lib/action_dispatch/middleware/debug_exceptions.rb:29:in `call'
actionpack (7.1.2) lib/action_dispatch/middleware/show_exceptions.rb:31:in `call'
railties (7.1.2) lib/rails/rack/logger.rb:37:in `call_app'
railties (7.1.2) lib/rails/rack/logger.rb:24:in `block in call'
activesupport (7.1.2) lib/active_support/tagged_logging.rb:135:in `block in tagged'
activesupport (7.1.2) lib/active_support/tagged_logging.rb:39:in `tagged'
activesupport (7.1.2) lib/active_support/tagged_logging.rb:135:in `tagged'
activesupport (7.1.2) lib/active_support/broadcast_logger.rb:240:in `method_missing'
railties (7.1.2) lib/rails/rack/logger.rb:24:in `call'
actionpack (7.1.2) lib/action_dispatch/middleware/remote_ip.rb:92:in `call'
actionpack (7.1.2) lib/action_dispatch/middleware/request_id.rb:28:in `call'
rack (3.0.8) lib/rack/runtime.rb:24:in `call'
activesupport (7.1.2) lib/active_support/cache/strategy/local_cache_middleware.rb:29:in `call'
actionpack (7.1.2) lib/action_dispatch/middleware/server_timing.rb:59:in `block in call'
actionpack (7.1.2) lib/action_dispatch/middleware/server_timing.rb:24:in `collect_events'
actionpack (7.1.2) lib/action_dispatch/middleware/server_timing.rb:58:in `call'
actionpack (7.1.2) lib/action_dispatch/middleware/executor.rb:14:in `call'
actionpack (7.1.2) lib/action_dispatch/middleware/static.rb:25:in `call'
rack (3.0.8) lib/rack/sendfile.rb:114:in `call'
actionpack (7.1.2) lib/action_dispatch/middleware/host_authorization.rb:141:in `call'
railties (7.1.2) lib/rails/engine.rb:529:in `call'
puma (6.4.0) lib/puma/configuration.rb:272:in `call'
puma (6.4.0) lib/puma/request.rb:100:in `block in handle_request'
puma (6.4.0) lib/puma/thread_pool.rb:378:in `with_force_shutdown'
puma (6.4.0) lib/puma/request.rb:99:in `handle_request'
puma (6.4.0) lib/puma/server.rb:443:in `process_client'
puma (6.4.0) lib/puma/server.rb:241:in `block in run'
puma (6.4.0) lib/puma/thread_pool.rb:155:in `block in spawn_thread'
Started GET "/browser" for 127.0.0.1 at 2023-11-14 09:34:09 +0000
  
ActiveRecord::ConnectionNotEstablished (FATAL:  role "miguel" does not exist
):
  
activerecord (7.1.2) lib/active_record/connection_adapters/postgresql_adapter.rb:80:in `rescue in new_client'
activerecord (7.1.2) lib/active_record/connection_adapters/postgresql_adapter.rb:68:in `new_client'
activerecord (7.1.2) lib/active_record/connection_adapters/postgresql_adapter.rb:980:in `connect'
activerecord (7.1.2) lib/active_record/connection_adapters/postgresql_adapter.rb:992:in `reconnect'
activerecord (7.1.2) lib/active_record/connection_adapters/abstract_adapter.rb:685:in `block in reconnect!'
activesupport (7.1.2) lib/active_support/concurrency/null_lock.rb:9:in `synchronize'
activerecord (7.1.2) lib/active_record/connection_adapters/abstract_adapter.rb:684:in `reconnect!'
activerecord (7.1.2) lib/active_record/connection_adapters/abstract_adapter.rb:788:in `verify!'
activerecord (7.1.2) lib/active_record/connection_adapters/abstract_adapter.rb:795:in `connect!'
activerecord (7.1.2) lib/active_record/connection_adapters/abstract_adapter.rb:1001:in `block in with_raw_connection'
activesupport (7.1.2) lib/active_support/concurrency/null_lock.rb:9:in `synchronize'
activerecord (7.1.2) lib/active_record/connection_adapters/abstract_adapter.rb:1000:in `with_raw_connection'
activerecord (7.1.2) lib/active_record/connection_adapters/abstract_adapter.rb:1113:in `valid_raw_connection'
activerecord (7.1.2) lib/active_record/connection_adapters/postgresql_adapter.rb:616:in `get_database_version'
activerecord (7.1.2) lib/active_record/connection_adapters/schema_cache.rb:374:in `database_version'
activerecord (7.1.2) lib/active_record/connection_adapters/schema_cache.rb:70:in `database_version'
activerecord (7.1.2) lib/active_record/connection_adapters/schema_cache.rb:200:in `database_version'
activerecord (7.1.2) lib/active_record/connection_adapters/abstract_adapter.rb:871:in `database_version'
activerecord (7.1.2) lib/active_record/connection_adapters/postgresql_adapter.rb:644:in `check_version'
activerecord (7.1.2) lib/active_record/connection_adapters/abstract/connection_pool.rb:675:in `new_connection'
activerecord (7.1.2) lib/active_record/connection_adapters/abstract/connection_pool.rb:720:in `checkout_new_connection'
activerecord (7.1.2) lib/active_record/connection_adapters/abstract/connection_pool.rb:699:in `try_to_checkout_new_connection'
activerecord (7.1.2) lib/active_record/connection_adapters/abstract/connection_pool.rb:657:in `acquire_connection'
activerecord (7.1.2) lib/active_record/connection_adapters/abstract/connection_pool.rb:355:in `checkout'
activerecord (7.1.2) lib/active_record/connection_adapters/abstract/connection_pool.rb:184:in `connection'
activerecord (7.1.2) lib/active_record/migration/pending_migration_connection.rb:8:in `establish_temporary_connection'
activerecord (7.1.2) lib/active_record/migration.rb:773:in `block in pending_migrations'
activerecord (7.1.2) lib/active_record/migration.rb:772:in `each'
activerecord (7.1.2) lib/active_record/migration.rb:772:in `pending_migrations'
activerecord (7.1.2) lib/active_record/migration.rb:751:in `check_pending_migrations'
activerecord (7.1.2) lib/active_record/migration.rb:643:in `block (2 levels) in call'
activesupport (7.1.2) lib/active_support/file_update_checker.rb:85:in `execute'
activerecord (7.1.2) lib/active_record/migration.rb:648:in `block in call'
activerecord (7.1.2) lib/active_record/migration.rb:640:in `synchronize'
activerecord (7.1.2) lib/active_record/migration.rb:640:in `call'
actionpack (7.1.2) lib/action_dispatch/middleware/callbacks.rb:29:in `block in call'
activesupport (7.1.2) lib/active_support/callbacks.rb:101:in `run_callbacks'
actionpack (7.1.2) lib/action_dispatch/middleware/callbacks.rb:28:in `call'
actionpack (7.1.2) lib/action_dispatch/middleware/executor.rb:14:in `call'
actionpack (7.1.2) lib/action_dispatch/middleware/actionable_exceptions.rb:16:in `call'
actionpack (7.1.2) lib/action_dispatch/middleware/debug_exceptions.rb:29:in `call'
actionpack (7.1.2) lib/action_dispatch/middleware/show_exceptions.rb:31:in `call'
railties (7.1.2) lib/rails/rack/logger.rb:37:in `call_app'
railties (7.1.2) lib/rails/rack/logger.rb:24:in `block in call'
activesupport (7.1.2) lib/active_support/tagged_logging.rb:135:in `block in tagged'
activesupport (7.1.2) lib/active_support/tagged_logging.rb:39:in `tagged'
activesupport (7.1.2) lib/active_support/tagged_logging.rb:135:in `tagged'
activesupport (7.1.2) lib/active_support/broadcast_logger.rb:240:in `method_missing'
railties (7.1.2) lib/rails/rack/logger.rb:24:in `call'
actionpack (7.1.2) lib/action_dispatch/middleware/remote_ip.rb:92:in `call'
actionpack (7.1.2) lib/action_dispatch/middleware/request_id.rb:28:in `call'
rack (3.0.8) lib/rack/runtime.rb:24:in `call'
activesupport (7.1.2) lib/active_support/cache/strategy/local_cache_middleware.rb:29:in `call'
actionpack (7.1.2) lib/action_dispatch/middleware/server_timing.rb:59:in `block in call'
actionpack (7.1.2) lib/action_dispatch/middleware/server_timing.rb:24:in `collect_events'
actionpack (7.1.2) lib/action_dispatch/middleware/server_timing.rb:58:in `call'
actionpack (7.1.2) lib/action_dispatch/middleware/executor.rb:14:in `call'
actionpack (7.1.2) lib/action_dispatch/middleware/static.rb:25:in `call'
rack (3.0.8) lib/rack/sendfile.rb:114:in `call'
actionpack (7.1.2) lib/action_dispatch/middleware/host_authorization.rb:141:in `call'
railties (7.1.2) lib/rails/engine.rb:529:in `call'
puma (6.4.0) lib/puma/configuration.rb:272:in `call'
puma (6.4.0) lib/puma/request.rb:100:in `block in handle_request'
puma (6.4.0) lib/puma/thread_pool.rb:378:in `with_force_shutdown'
puma (6.4.0) lib/puma/request.rb:99:in `handle_request'
puma (6.4.0) lib/puma/server.rb:443:in `process_client'
puma (6.4.0) lib/puma/server.rb:241:in `block in run'
puma (6.4.0) lib/puma/thread_pool.rb:155:in `block in spawn_thread'
Started GET "/browser" for 127.0.0.1 at 2023-11-14 09:40:36 +0000
  
ActiveRecord::NoDatabaseError (We could not find your database: backend_development. Available database configurations can be found in config/database.yml file.

To resolve this error:

- Did you create the database for this app, or delete it? You may need to create your database.
- Has the database name changed? Check your database.yml config has the correct database name.

To create your database, run:

        bin/rails db:create
):
  
activerecord (7.1.2) lib/active_record/connection_adapters/postgresql_adapter.rb:74:in `rescue in new_client'
activerecord (7.1.2) lib/active_record/connection_adapters/postgresql_adapter.rb:68:in `new_client'
activerecord (7.1.2) lib/active_record/connection_adapters/postgresql_adapter.rb:980:in `connect'
activerecord (7.1.2) lib/active_record/connection_adapters/postgresql_adapter.rb:992:in `reconnect'
activerecord (7.1.2) lib/active_record/connection_adapters/abstract_adapter.rb:685:in `block in reconnect!'
activesupport (7.1.2) lib/active_support/concurrency/null_lock.rb:9:in `synchronize'
activerecord (7.1.2) lib/active_record/connection_adapters/abstract_adapter.rb:684:in `reconnect!'
activerecord (7.1.2) lib/active_record/connection_adapters/abstract_adapter.rb:788:in `verify!'
activerecord (7.1.2) lib/active_record/connection_adapters/abstract_adapter.rb:795:in `connect!'
activerecord (7.1.2) lib/active_record/connection_adapters/abstract_adapter.rb:1001:in `block in with_raw_connection'
activesupport (7.1.2) lib/active_support/concurrency/null_lock.rb:9:in `synchronize'
activerecord (7.1.2) lib/active_record/connection_adapters/abstract_adapter.rb:1000:in `with_raw_connection'
activerecord (7.1.2) lib/active_record/connection_adapters/abstract_adapter.rb:1113:in `valid_raw_connection'
activerecord (7.1.2) lib/active_record/connection_adapters/postgresql_adapter.rb:616:in `get_database_version'
activerecord (7.1.2) lib/active_record/connection_adapters/schema_cache.rb:374:in `database_version'
activerecord (7.1.2) lib/active_record/connection_adapters/schema_cache.rb:70:in `database_version'
activerecord (7.1.2) lib/active_record/connection_adapters/schema_cache.rb:200:in `database_version'
activerecord (7.1.2) lib/active_record/connection_adapters/abstract_adapter.rb:871:in `database_version'
activerecord (7.1.2) lib/active_record/connection_adapters/postgresql_adapter.rb:644:in `check_version'
activerecord (7.1.2) lib/active_record/connection_adapters/abstract/connection_pool.rb:675:in `new_connection'
activerecord (7.1.2) lib/active_record/connection_adapters/abstract/connection_pool.rb:720:in `checkout_new_connection'
activerecord (7.1.2) lib/active_record/connection_adapters/abstract/connection_pool.rb:699:in `try_to_checkout_new_connection'
activerecord (7.1.2) lib/active_record/connection_adapters/abstract/connection_pool.rb:657:in `acquire_connection'
activerecord (7.1.2) lib/active_record/connection_adapters/abstract/connection_pool.rb:355:in `checkout'
activerecord (7.1.2) lib/active_record/connection_adapters/abstract/connection_pool.rb:184:in `connection'
activerecord (7.1.2) lib/active_record/migration/pending_migration_connection.rb:8:in `establish_temporary_connection'
activerecord (7.1.2) lib/active_record/migration.rb:773:in `block in pending_migrations'
activerecord (7.1.2) lib/active_record/migration.rb:772:in `each'
activerecord (7.1.2) lib/active_record/migration.rb:772:in `pending_migrations'
activerecord (7.1.2) lib/active_record/migration.rb:751:in `check_pending_migrations'
activerecord (7.1.2) lib/active_record/migration.rb:643:in `block (2 levels) in call'
activesupport (7.1.2) lib/active_support/file_update_checker.rb:85:in `execute'
activerecord (7.1.2) lib/active_record/migration.rb:648:in `block in call'
activerecord (7.1.2) lib/active_record/migration.rb:640:in `synchronize'
activerecord (7.1.2) lib/active_record/migration.rb:640:in `call'
actionpack (7.1.2) lib/action_dispatch/middleware/callbacks.rb:29:in `block in call'
activesupport (7.1.2) lib/active_support/callbacks.rb:101:in `run_callbacks'
actionpack (7.1.2) lib/action_dispatch/middleware/callbacks.rb:28:in `call'
actionpack (7.1.2) lib/action_dispatch/middleware/executor.rb:14:in `call'
actionpack (7.1.2) lib/action_dispatch/middleware/actionable_exceptions.rb:16:in `call'
actionpack (7.1.2) lib/action_dispatch/middleware/debug_exceptions.rb:29:in `call'
actionpack (7.1.2) lib/action_dispatch/middleware/show_exceptions.rb:31:in `call'
railties (7.1.2) lib/rails/rack/logger.rb:37:in `call_app'
railties (7.1.2) lib/rails/rack/logger.rb:24:in `block in call'
activesupport (7.1.2) lib/active_support/tagged_logging.rb:135:in `block in tagged'
activesupport (7.1.2) lib/active_support/tagged_logging.rb:39:in `tagged'
activesupport (7.1.2) lib/active_support/tagged_logging.rb:135:in `tagged'
activesupport (7.1.2) lib/active_support/broadcast_logger.rb:240:in `method_missing'
railties (7.1.2) lib/rails/rack/logger.rb:24:in `call'
actionpack (7.1.2) lib/action_dispatch/middleware/remote_ip.rb:92:in `call'
actionpack (7.1.2) lib/action_dispatch/middleware/request_id.rb:28:in `call'
rack (3.0.8) lib/rack/runtime.rb:24:in `call'
activesupport (7.1.2) lib/active_support/cache/strategy/local_cache_middleware.rb:29:in `call'
actionpack (7.1.2) lib/action_dispatch/middleware/server_timing.rb:59:in `block in call'
actionpack (7.1.2) lib/action_dispatch/middleware/server_timing.rb:24:in `collect_events'
actionpack (7.1.2) lib/action_dispatch/middleware/server_timing.rb:58:in `call'
actionpack (7.1.2) lib/action_dispatch/middleware/executor.rb:14:in `call'
actionpack (7.1.2) lib/action_dispatch/middleware/static.rb:25:in `call'
rack (3.0.8) lib/rack/sendfile.rb:114:in `call'
actionpack (7.1.2) lib/action_dispatch/middleware/host_authorization.rb:141:in `call'
railties (7.1.2) lib/rails/engine.rb:529:in `call'
puma (6.4.0) lib/puma/configuration.rb:272:in `call'
puma (6.4.0) lib/puma/request.rb:100:in `block in handle_request'
puma (6.4.0) lib/puma/thread_pool.rb:378:in `with_force_shutdown'
puma (6.4.0) lib/puma/request.rb:99:in `handle_request'
puma (6.4.0) lib/puma/server.rb:443:in `process_client'
puma (6.4.0) lib/puma/server.rb:241:in `block in run'
puma (6.4.0) lib/puma/thread_pool.rb:155:in `block in spawn_thread'
Started GET "/" for 127.0.0.1 at 2023-11-14 09:41:57 +0000
  
ActiveRecord::NoDatabaseError (We could not find your database: backend_development. Available database configurations can be found in config/database.yml file.

To resolve this error:

- Did you create the database for this app, or delete it? You may need to create your database.
- Has the database name changed? Check your database.yml config has the correct database name.

To create your database, run:

        bin/rails db:create
):
  
activerecord (7.1.2) lib/active_record/connection_adapters/postgresql_adapter.rb:74:in `rescue in new_client'
activerecord (7.1.2) lib/active_record/connection_adapters/postgresql_adapter.rb:68:in `new_client'
activerecord (7.1.2) lib/active_record/connection_adapters/postgresql_adapter.rb:980:in `connect'
activerecord (7.1.2) lib/active_record/connection_adapters/postgresql_adapter.rb:992:in `reconnect'
activerecord (7.1.2) lib/active_record/connection_adapters/abstract_adapter.rb:685:in `block in reconnect!'
activesupport (7.1.2) lib/active_support/concurrency/null_lock.rb:9:in `synchronize'
activerecord (7.1.2) lib/active_record/connection_adapters/abstract_adapter.rb:684:in `reconnect!'
activerecord (7.1.2) lib/active_record/connection_adapters/abstract_adapter.rb:788:in `verify!'
activerecord (7.1.2) lib/active_record/connection_adapters/abstract_adapter.rb:795:in `connect!'
activerecord (7.1.2) lib/active_record/connection_adapters/abstract_adapter.rb:1001:in `block in with_raw_connection'
activesupport (7.1.2) lib/active_support/concurrency/null_lock.rb:9:in `synchronize'
activerecord (7.1.2) lib/active_record/connection_adapters/abstract_adapter.rb:1000:in `with_raw_connection'
activerecord (7.1.2) lib/active_record/connection_adapters/abstract_adapter.rb:1113:in `valid_raw_connection'
activerecord (7.1.2) lib/active_record/connection_adapters/postgresql_adapter.rb:616:in `get_database_version'
activerecord (7.1.2) lib/active_record/connection_adapters/schema_cache.rb:374:in `database_version'
activerecord (7.1.2) lib/active_record/connection_adapters/schema_cache.rb:70:in `database_version'
activerecord (7.1.2) lib/active_record/connection_adapters/schema_cache.rb:200:in `database_version'
activerecord (7.1.2) lib/active_record/connection_adapters/abstract_adapter.rb:871:in `database_version'
activerecord (7.1.2) lib/active_record/connection_adapters/postgresql_adapter.rb:644:in `check_version'
activerecord (7.1.2) lib/active_record/connection_adapters/abstract/connection_pool.rb:675:in `new_connection'
activerecord (7.1.2) lib/active_record/connection_adapters/abstract/connection_pool.rb:720:in `checkout_new_connection'
activerecord (7.1.2) lib/active_record/connection_adapters/abstract/connection_pool.rb:699:in `try_to_checkout_new_connection'
activerecord (7.1.2) lib/active_record/connection_adapters/abstract/connection_pool.rb:657:in `acquire_connection'
activerecord (7.1.2) lib/active_record/connection_adapters/abstract/connection_pool.rb:355:in `checkout'
activerecord (7.1.2) lib/active_record/connection_adapters/abstract/connection_pool.rb:184:in `connection'
activerecord (7.1.2) lib/active_record/migration/pending_migration_connection.rb:8:in `establish_temporary_connection'
activerecord (7.1.2) lib/active_record/migration.rb:773:in `block in pending_migrations'
activerecord (7.1.2) lib/active_record/migration.rb:772:in `each'
activerecord (7.1.2) lib/active_record/migration.rb:772:in `pending_migrations'
activerecord (7.1.2) lib/active_record/migration.rb:751:in `check_pending_migrations'
activerecord (7.1.2) lib/active_record/migration.rb:643:in `block (2 levels) in call'
activesupport (7.1.2) lib/active_support/file_update_checker.rb:85:in `execute'
activerecord (7.1.2) lib/active_record/migration.rb:648:in `block in call'
activerecord (7.1.2) lib/active_record/migration.rb:640:in `synchronize'
activerecord (7.1.2) lib/active_record/migration.rb:640:in `call'
actionpack (7.1.2) lib/action_dispatch/middleware/callbacks.rb:29:in `block in call'
activesupport (7.1.2) lib/active_support/callbacks.rb:101:in `run_callbacks'
actionpack (7.1.2) lib/action_dispatch/middleware/callbacks.rb:28:in `call'
actionpack (7.1.2) lib/action_dispatch/middleware/executor.rb:14:in `call'
actionpack (7.1.2) lib/action_dispatch/middleware/actionable_exceptions.rb:16:in `call'
actionpack (7.1.2) lib/action_dispatch/middleware/debug_exceptions.rb:29:in `call'
actionpack (7.1.2) lib/action_dispatch/middleware/show_exceptions.rb:31:in `call'
railties (7.1.2) lib/rails/rack/logger.rb:37:in `call_app'
railties (7.1.2) lib/rails/rack/logger.rb:24:in `block in call'
activesupport (7.1.2) lib/active_support/tagged_logging.rb:135:in `block in tagged'
activesupport (7.1.2) lib/active_support/tagged_logging.rb:39:in `tagged'
activesupport (7.1.2) lib/active_support/tagged_logging.rb:135:in `tagged'
activesupport (7.1.2) lib/active_support/broadcast_logger.rb:240:in `method_missing'
railties (7.1.2) lib/rails/rack/logger.rb:24:in `call'
actionpack (7.1.2) lib/action_dispatch/middleware/remote_ip.rb:92:in `call'
actionpack (7.1.2) lib/action_dispatch/middleware/request_id.rb:28:in `call'
rack (3.0.8) lib/rack/runtime.rb:24:in `call'
activesupport (7.1.2) lib/active_support/cache/strategy/local_cache_middleware.rb:29:in `call'
actionpack (7.1.2) lib/action_dispatch/middleware/server_timing.rb:59:in `block in call'
actionpack (7.1.2) lib/action_dispatch/middleware/server_timing.rb:24:in `collect_events'
actionpack (7.1.2) lib/action_dispatch/middleware/server_timing.rb:58:in `call'
actionpack (7.1.2) lib/action_dispatch/middleware/executor.rb:14:in `call'
actionpack (7.1.2) lib/action_dispatch/middleware/static.rb:25:in `call'
rack (3.0.8) lib/rack/sendfile.rb:114:in `call'
actionpack (7.1.2) lib/action_dispatch/middleware/host_authorization.rb:141:in `call'
railties (7.1.2) lib/rails/engine.rb:529:in `call'
puma (6.4.0) lib/puma/configuration.rb:272:in `call'
puma (6.4.0) lib/puma/request.rb:100:in `block in handle_request'
puma (6.4.0) lib/puma/thread_pool.rb:378:in `with_force_shutdown'
puma (6.4.0) lib/puma/request.rb:99:in `handle_request'
puma (6.4.0) lib/puma/server.rb:443:in `process_client'
puma (6.4.0) lib/puma/server.rb:241:in `block in run'
puma (6.4.0) lib/puma/thread_pool.rb:155:in `block in spawn_thread'
  [1m[35m (0.4ms)[0m  [1m[35mCREATE DATABASE "backend_development" ENCODING = 'unicode'[0m
  [1m[35m (0.5ms)[0m  [1m[35mCREATE DATABASE "backend_development" ENCODING = 'unicode'[0m
  [1m[35m (0.7ms)[0m  [1m[35mCREATE DATABASE "backend_development" ENCODING = 'unicode'[0m
  [1m[35m (106.9ms)[0m  [1m[35mCREATE DATABASE "backend_development" ENCODING = 'unicode'[0m
  [1m[35m (70.7ms)[0m  [1m[35mCREATE DATABASE "backend_test" ENCODING = 'unicode'[0m
  [1m[35m (75.0ms)[0m  [1m[35mCREATE DATABASE "usabi_db" ENCODING = 'unicode'[0m
  [1m[35m (0.3ms)[0m  [1m[35mCREATE DATABASE "usabi_db" ENCODING = 'unicode'[0m
  [1m[35m (0.3ms)[0m  [1m[35mCREATE DATABASE "usabi_db" ENCODING = 'unicode'[0m
Started GET "/" for 127.0.0.1 at 2023-11-14 09:58:42 +0000
  [1m[35m (9.7ms)[0m  [1m[35mCREATE TABLE "schema_migrations" ("version" character varying NOT NULL PRIMARY KEY)[0m
  [1m[35m (5.4ms)[0m  [1m[35mCREATE TABLE "ar_internal_metadata" ("key" character varying NOT NULL PRIMARY KEY, "value" character varying, "created_at" timestamp(6) NOT NULL, "updated_at" timestamp(6) NOT NULL)[0m
  [1m[36mActiveRecord::SchemaMigration Load (0.4ms)[0m  [1m[34mSELECT "schema_migrations"."version" FROM "schema_migrations" ORDER BY "schema_migrations"."version" ASC[0m
Processing by Rails::WelcomeController#index as HTML
  Rendering /home/miguel/.rvm/gems/ruby-3.0.0/gems/railties-7.1.2/lib/rails/templates/rails/welcome/index.html.erb
  Rendered /home/miguel/.rvm/gems/ruby-3.0.0/gems/railties-7.1.2/lib/rails/templates/rails/welcome/index.html.erb (Duration: 0.8ms | Allocations: 525)
Completed 200 OK in 10ms (Views: 3.3ms | ActiveRecord: 0.0ms | Allocations: 6805)


Started GET "/" for 127.0.0.1 at 2023-11-14 10:14:13 +0000
  
ActiveRecord::ConnectionNotEstablished (could not connect to server: Connection refused
	Is the server running on host "127.0.0.1" and accepting
	TCP/IP connections on port 8000?
):
  
activerecord (7.1.2) lib/active_record/connection_adapters/postgresql_adapter.rb:80:in `rescue in new_client'
activerecord (7.1.2) lib/active_record/connection_adapters/postgresql_adapter.rb:68:in `new_client'
activerecord (7.1.2) lib/active_record/connection_adapters/postgresql_adapter.rb:980:in `connect'
activerecord (7.1.2) lib/active_record/connection_adapters/postgresql_adapter.rb:992:in `reconnect'
activerecord (7.1.2) lib/active_record/connection_adapters/abstract_adapter.rb:685:in `block in reconnect!'
activesupport (7.1.2) lib/active_support/concurrency/null_lock.rb:9:in `synchronize'
activerecord (7.1.2) lib/active_record/connection_adapters/abstract_adapter.rb:684:in `reconnect!'
activerecord (7.1.2) lib/active_record/connection_adapters/abstract_adapter.rb:788:in `verify!'
activerecord (7.1.2) lib/active_record/connection_adapters/abstract_adapter.rb:795:in `connect!'
activerecord (7.1.2) lib/active_record/connection_adapters/abstract_adapter.rb:1001:in `block in with_raw_connection'
activesupport (7.1.2) lib/active_support/concurrency/null_lock.rb:9:in `synchronize'
activerecord (7.1.2) lib/active_record/connection_adapters/abstract_adapter.rb:1000:in `with_raw_connection'
activerecord (7.1.2) lib/active_record/connection_adapters/abstract_adapter.rb:1113:in `valid_raw_connection'
activerecord (7.1.2) lib/active_record/connection_adapters/postgresql_adapter.rb:616:in `get_database_version'
activerecord (7.1.2) lib/active_record/connection_adapters/schema_cache.rb:374:in `database_version'
activerecord (7.1.2) lib/active_record/connection_adapters/schema_cache.rb:70:in `database_version'
activerecord (7.1.2) lib/active_record/connection_adapters/schema_cache.rb:200:in `database_version'
activerecord (7.1.2) lib/active_record/connection_adapters/abstract_adapter.rb:871:in `database_version'
activerecord (7.1.2) lib/active_record/connection_adapters/postgresql_adapter.rb:644:in `check_version'
activerecord (7.1.2) lib/active_record/connection_adapters/abstract/connection_pool.rb:675:in `new_connection'
activerecord (7.1.2) lib/active_record/connection_adapters/abstract/connection_pool.rb:720:in `checkout_new_connection'
activerecord (7.1.2) lib/active_record/connection_adapters/abstract/connection_pool.rb:699:in `try_to_checkout_new_connection'
activerecord (7.1.2) lib/active_record/connection_adapters/abstract/connection_pool.rb:657:in `acquire_connection'
activerecord (7.1.2) lib/active_record/connection_adapters/abstract/connection_pool.rb:355:in `checkout'
activerecord (7.1.2) lib/active_record/connection_adapters/abstract/connection_pool.rb:184:in `connection'
activerecord (7.1.2) lib/active_record/migration/pending_migration_connection.rb:8:in `establish_temporary_connection'
activerecord (7.1.2) lib/active_record/migration.rb:773:in `block in pending_migrations'
activerecord (7.1.2) lib/active_record/migration.rb:772:in `each'
activerecord (7.1.2) lib/active_record/migration.rb:772:in `pending_migrations'
activerecord (7.1.2) lib/active_record/migration.rb:751:in `check_pending_migrations'
activerecord (7.1.2) lib/active_record/migration.rb:643:in `block (2 levels) in call'
activesupport (7.1.2) lib/active_support/file_update_checker.rb:85:in `execute'
activerecord (7.1.2) lib/active_record/migration.rb:648:in `block in call'
activerecord (7.1.2) lib/active_record/migration.rb:640:in `synchronize'
activerecord (7.1.2) lib/active_record/migration.rb:640:in `call'
actionpack (7.1.2) lib/action_dispatch/middleware/callbacks.rb:29:in `block in call'
activesupport (7.1.2) lib/active_support/callbacks.rb:101:in `run_callbacks'
actionpack (7.1.2) lib/action_dispatch/middleware/callbacks.rb:28:in `call'
actionpack (7.1.2) lib/action_dispatch/middleware/executor.rb:14:in `call'
actionpack (7.1.2) lib/action_dispatch/middleware/actionable_exceptions.rb:16:in `call'
actionpack (7.1.2) lib/action_dispatch/middleware/debug_exceptions.rb:29:in `call'
actionpack (7.1.2) lib/action_dispatch/middleware/show_exceptions.rb:31:in `call'
railties (7.1.2) lib/rails/rack/logger.rb:37:in `call_app'
railties (7.1.2) lib/rails/rack/logger.rb:24:in `block in call'
activesupport (7.1.2) lib/active_support/tagged_logging.rb:135:in `block in tagged'
activesupport (7.1.2) lib/active_support/tagged_logging.rb:39:in `tagged'
activesupport (7.1.2) lib/active_support/tagged_logging.rb:135:in `tagged'
activesupport (7.1.2) lib/active_support/broadcast_logger.rb:240:in `method_missing'
railties (7.1.2) lib/rails/rack/logger.rb:24:in `call'
actionpack (7.1.2) lib/action_dispatch/middleware/remote_ip.rb:92:in `call'
actionpack (7.1.2) lib/action_dispatch/middleware/request_id.rb:28:in `call'
rack (3.0.8) lib/rack/runtime.rb:24:in `call'
activesupport (7.1.2) lib/active_support/cache/strategy/local_cache_middleware.rb:29:in `call'
actionpack (7.1.2) lib/action_dispatch/middleware/server_timing.rb:59:in `block in call'
actionpack (7.1.2) lib/action_dispatch/middleware/server_timing.rb:24:in `collect_events'
actionpack (7.1.2) lib/action_dispatch/middleware/server_timing.rb:58:in `call'
actionpack (7.1.2) lib/action_dispatch/middleware/executor.rb:14:in `call'
actionpack (7.1.2) lib/action_dispatch/middleware/static.rb:25:in `call'
rack (3.0.8) lib/rack/sendfile.rb:114:in `call'
actionpack (7.1.2) lib/action_dispatch/middleware/host_authorization.rb:141:in `call'
railties (7.1.2) lib/rails/engine.rb:529:in `call'
puma (6.4.0) lib/puma/configuration.rb:272:in `call'
puma (6.4.0) lib/puma/request.rb:100:in `block in handle_request'
puma (6.4.0) lib/puma/thread_pool.rb:378:in `with_force_shutdown'
puma (6.4.0) lib/puma/request.rb:99:in `handle_request'
puma (6.4.0) lib/puma/server.rb:443:in `process_client'
puma (6.4.0) lib/puma/server.rb:241:in `block in run'
puma (6.4.0) lib/puma/thread_pool.rb:155:in `block in spawn_thread'
Started GET "/" for 127.0.0.1 at 2023-11-14 10:14:54 +0000
  
ActiveRecord::ConnectionNotEstablished (could not connect to server: Connection refused
	Is the server running on host "127.0.0.1" and accepting
	TCP/IP connections on port 8000?
):
  
activerecord (7.1.2) lib/active_record/connection_adapters/postgresql_adapter.rb:80:in `rescue in new_client'
activerecord (7.1.2) lib/active_record/connection_adapters/postgresql_adapter.rb:68:in `new_client'
activerecord (7.1.2) lib/active_record/connection_adapters/postgresql_adapter.rb:980:in `connect'
activerecord (7.1.2) lib/active_record/connection_adapters/postgresql_adapter.rb:992:in `reconnect'
activerecord (7.1.2) lib/active_record/connection_adapters/abstract_adapter.rb:685:in `block in reconnect!'
activesupport (7.1.2) lib/active_support/concurrency/null_lock.rb:9:in `synchronize'
activerecord (7.1.2) lib/active_record/connection_adapters/abstract_adapter.rb:684:in `reconnect!'
activerecord (7.1.2) lib/active_record/connection_adapters/abstract_adapter.rb:788:in `verify!'
activerecord (7.1.2) lib/active_record/connection_adapters/abstract_adapter.rb:795:in `connect!'
activerecord (7.1.2) lib/active_record/connection_adapters/abstract_adapter.rb:1001:in `block in with_raw_connection'
activesupport (7.1.2) lib/active_support/concurrency/null_lock.rb:9:in `synchronize'
activerecord (7.1.2) lib/active_record/connection_adapters/abstract_adapter.rb:1000:in `with_raw_connection'
activerecord (7.1.2) lib/active_record/connection_adapters/abstract_adapter.rb:1113:in `valid_raw_connection'
activerecord (7.1.2) lib/active_record/connection_adapters/postgresql_adapter.rb:616:in `get_database_version'
activerecord (7.1.2) lib/active_record/connection_adapters/schema_cache.rb:374:in `database_version'
activerecord (7.1.2) lib/active_record/connection_adapters/schema_cache.rb:70:in `database_version'
activerecord (7.1.2) lib/active_record/connection_adapters/schema_cache.rb:200:in `database_version'
activerecord (7.1.2) lib/active_record/connection_adapters/abstract_adapter.rb:871:in `database_version'
activerecord (7.1.2) lib/active_record/connection_adapters/postgresql_adapter.rb:644:in `check_version'
activerecord (7.1.2) lib/active_record/connection_adapters/abstract/connection_pool.rb:675:in `new_connection'
activerecord (7.1.2) lib/active_record/connection_adapters/abstract/connection_pool.rb:720:in `checkout_new_connection'
activerecord (7.1.2) lib/active_record/connection_adapters/abstract/connection_pool.rb:699:in `try_to_checkout_new_connection'
activerecord (7.1.2) lib/active_record/connection_adapters/abstract/connection_pool.rb:657:in `acquire_connection'
activerecord (7.1.2) lib/active_record/connection_adapters/abstract/connection_pool.rb:355:in `checkout'
activerecord (7.1.2) lib/active_record/connection_adapters/abstract/connection_pool.rb:184:in `connection'
activerecord (7.1.2) lib/active_record/migration/pending_migration_connection.rb:8:in `establish_temporary_connection'
activerecord (7.1.2) lib/active_record/migration.rb:773:in `block in pending_migrations'
activerecord (7.1.2) lib/active_record/migration.rb:772:in `each'
activerecord (7.1.2) lib/active_record/migration.rb:772:in `pending_migrations'
activerecord (7.1.2) lib/active_record/migration.rb:751:in `check_pending_migrations'
activerecord (7.1.2) lib/active_record/migration.rb:643:in `block (2 levels) in call'
activesupport (7.1.2) lib/active_support/file_update_checker.rb:85:in `execute'
activerecord (7.1.2) lib/active_record/migration.rb:648:in `block in call'
activerecord (7.1.2) lib/active_record/migration.rb:640:in `synchronize'
activerecord (7.1.2) lib/active_record/migration.rb:640:in `call'
actionpack (7.1.2) lib/action_dispatch/middleware/callbacks.rb:29:in `block in call'
activesupport (7.1.2) lib/active_support/callbacks.rb:101:in `run_callbacks'
actionpack (7.1.2) lib/action_dispatch/middleware/callbacks.rb:28:in `call'
actionpack (7.1.2) lib/action_dispatch/middleware/executor.rb:14:in `call'
actionpack (7.1.2) lib/action_dispatch/middleware/actionable_exceptions.rb:16:in `call'
actionpack (7.1.2) lib/action_dispatch/middleware/debug_exceptions.rb:29:in `call'
actionpack (7.1.2) lib/action_dispatch/middleware/show_exceptions.rb:31:in `call'
railties (7.1.2) lib/rails/rack/logger.rb:37:in `call_app'
railties (7.1.2) lib/rails/rack/logger.rb:24:in `block in call'
activesupport (7.1.2) lib/active_support/tagged_logging.rb:135:in `block in tagged'
activesupport (7.1.2) lib/active_support/tagged_logging.rb:39:in `tagged'
activesupport (7.1.2) lib/active_support/tagged_logging.rb:135:in `tagged'
activesupport (7.1.2) lib/active_support/broadcast_logger.rb:240:in `method_missing'
railties (7.1.2) lib/rails/rack/logger.rb:24:in `call'
actionpack (7.1.2) lib/action_dispatch/middleware/remote_ip.rb:92:in `call'
actionpack (7.1.2) lib/action_dispatch/middleware/request_id.rb:28:in `call'
rack (3.0.8) lib/rack/runtime.rb:24:in `call'
activesupport (7.1.2) lib/active_support/cache/strategy/local_cache_middleware.rb:29:in `call'
actionpack (7.1.2) lib/action_dispatch/middleware/server_timing.rb:59:in `block in call'
actionpack (7.1.2) lib/action_dispatch/middleware/server_timing.rb:24:in `collect_events'
actionpack (7.1.2) lib/action_dispatch/middleware/server_timing.rb:58:in `call'
actionpack (7.1.2) lib/action_dispatch/middleware/executor.rb:14:in `call'
actionpack (7.1.2) lib/action_dispatch/middleware/static.rb:25:in `call'
rack (3.0.8) lib/rack/sendfile.rb:114:in `call'
actionpack (7.1.2) lib/action_dispatch/middleware/host_authorization.rb:141:in `call'
railties (7.1.2) lib/rails/engine.rb:529:in `call'
puma (6.4.0) lib/puma/configuration.rb:272:in `call'
puma (6.4.0) lib/puma/request.rb:100:in `block in handle_request'
puma (6.4.0) lib/puma/thread_pool.rb:378:in `with_force_shutdown'
puma (6.4.0) lib/puma/request.rb:99:in `handle_request'
puma (6.4.0) lib/puma/server.rb:443:in `process_client'
puma (6.4.0) lib/puma/server.rb:241:in `block in run'
puma (6.4.0) lib/puma/thread_pool.rb:155:in `block in spawn_thread'
Started GET "/" for 127.0.0.1 at 2023-11-14 10:14:57 +0000
  
ActiveRecord::ConnectionNotEstablished (could not connect to server: Connection refused
	Is the server running on host "127.0.0.1" and accepting
	TCP/IP connections on port 8000?
):
  
activerecord (7.1.2) lib/active_record/connection_adapters/postgresql_adapter.rb:80:in `rescue in new_client'
activerecord (7.1.2) lib/active_record/connection_adapters/postgresql_adapter.rb:68:in `new_client'
activerecord (7.1.2) lib/active_record/connection_adapters/postgresql_adapter.rb:980:in `connect'
activerecord (7.1.2) lib/active_record/connection_adapters/postgresql_adapter.rb:992:in `reconnect'
activerecord (7.1.2) lib/active_record/connection_adapters/abstract_adapter.rb:685:in `block in reconnect!'
activesupport (7.1.2) lib/active_support/concurrency/null_lock.rb:9:in `synchronize'
activerecord (7.1.2) lib/active_record/connection_adapters/abstract_adapter.rb:684:in `reconnect!'
activerecord (7.1.2) lib/active_record/connection_adapters/abstract_adapter.rb:788:in `verify!'
activerecord (7.1.2) lib/active_record/connection_adapters/abstract_adapter.rb:795:in `connect!'
activerecord (7.1.2) lib/active_record/connection_adapters/abstract_adapter.rb:1001:in `block in with_raw_connection'
activesupport (7.1.2) lib/active_support/concurrency/null_lock.rb:9:in `synchronize'
activerecord (7.1.2) lib/active_record/connection_adapters/abstract_adapter.rb:1000:in `with_raw_connection'
activerecord (7.1.2) lib/active_record/connection_adapters/abstract_adapter.rb:1113:in `valid_raw_connection'
activerecord (7.1.2) lib/active_record/connection_adapters/postgresql_adapter.rb:616:in `get_database_version'
activerecord (7.1.2) lib/active_record/connection_adapters/schema_cache.rb:374:in `database_version'
activerecord (7.1.2) lib/active_record/connection_adapters/schema_cache.rb:70:in `database_version'
activerecord (7.1.2) lib/active_record/connection_adapters/schema_cache.rb:200:in `database_version'
activerecord (7.1.2) lib/active_record/connection_adapters/abstract_adapter.rb:871:in `database_version'
activerecord (7.1.2) lib/active_record/connection_adapters/postgresql_adapter.rb:644:in `check_version'
activerecord (7.1.2) lib/active_record/connection_adapters/abstract/connection_pool.rb:675:in `new_connection'
activerecord (7.1.2) lib/active_record/connection_adapters/abstract/connection_pool.rb:720:in `checkout_new_connection'
activerecord (7.1.2) lib/active_record/connection_adapters/abstract/connection_pool.rb:699:in `try_to_checkout_new_connection'
activerecord (7.1.2) lib/active_record/connection_adapters/abstract/connection_pool.rb:657:in `acquire_connection'
activerecord (7.1.2) lib/active_record/connection_adapters/abstract/connection_pool.rb:355:in `checkout'
activerecord (7.1.2) lib/active_record/connection_adapters/abstract/connection_pool.rb:184:in `connection'
activerecord (7.1.2) lib/active_record/migration/pending_migration_connection.rb:8:in `establish_temporary_connection'
activerecord (7.1.2) lib/active_record/migration.rb:773:in `block in pending_migrations'
activerecord (7.1.2) lib/active_record/migration.rb:772:in `each'
activerecord (7.1.2) lib/active_record/migration.rb:772:in `pending_migrations'
activerecord (7.1.2) lib/active_record/migration.rb:751:in `check_pending_migrations'
activerecord (7.1.2) lib/active_record/migration.rb:643:in `block (2 levels) in call'
activesupport (7.1.2) lib/active_support/file_update_checker.rb:85:in `execute'
activerecord (7.1.2) lib/active_record/migration.rb:648:in `block in call'
activerecord (7.1.2) lib/active_record/migration.rb:640:in `synchronize'
activerecord (7.1.2) lib/active_record/migration.rb:640:in `call'
actionpack (7.1.2) lib/action_dispatch/middleware/callbacks.rb:29:in `block in call'
activesupport (7.1.2) lib/active_support/callbacks.rb:101:in `run_callbacks'
actionpack (7.1.2) lib/action_dispatch/middleware/callbacks.rb:28:in `call'
actionpack (7.1.2) lib/action_dispatch/middleware/executor.rb:14:in `call'
actionpack (7.1.2) lib/action_dispatch/middleware/actionable_exceptions.rb:16:in `call'
actionpack (7.1.2) lib/action_dispatch/middleware/debug_exceptions.rb:29:in `call'
actionpack (7.1.2) lib/action_dispatch/middleware/show_exceptions.rb:31:in `call'
railties (7.1.2) lib/rails/rack/logger.rb:37:in `call_app'
railties (7.1.2) lib/rails/rack/logger.rb:24:in `block in call'
activesupport (7.1.2) lib/active_support/tagged_logging.rb:135:in `block in tagged'
activesupport (7.1.2) lib/active_support/tagged_logging.rb:39:in `tagged'
activesupport (7.1.2) lib/active_support/tagged_logging.rb:135:in `tagged'
activesupport (7.1.2) lib/active_support/broadcast_logger.rb:240:in `method_missing'
railties (7.1.2) lib/rails/rack/logger.rb:24:in `call'
actionpack (7.1.2) lib/action_dispatch/middleware/remote_ip.rb:92:in `call'
actionpack (7.1.2) lib/action_dispatch/middleware/request_id.rb:28:in `call'
rack (3.0.8) lib/rack/runtime.rb:24:in `call'
activesupport (7.1.2) lib/active_support/cache/strategy/local_cache_middleware.rb:29:in `call'
actionpack (7.1.2) lib/action_dispatch/middleware/server_timing.rb:59:in `block in call'
actionpack (7.1.2) lib/action_dispatch/middleware/server_timing.rb:24:in `collect_events'
actionpack (7.1.2) lib/action_dispatch/middleware/server_timing.rb:58:in `call'
actionpack (7.1.2) lib/action_dispatch/middleware/executor.rb:14:in `call'
actionpack (7.1.2) lib/action_dispatch/middleware/static.rb:25:in `call'
rack (3.0.8) lib/rack/sendfile.rb:114:in `call'
actionpack (7.1.2) lib/action_dispatch/middleware/host_authorization.rb:141:in `call'
railties (7.1.2) lib/rails/engine.rb:529:in `call'
puma (6.4.0) lib/puma/configuration.rb:272:in `call'
puma (6.4.0) lib/puma/request.rb:100:in `block in handle_request'
puma (6.4.0) lib/puma/thread_pool.rb:378:in `with_force_shutdown'
puma (6.4.0) lib/puma/request.rb:99:in `handle_request'
puma (6.4.0) lib/puma/server.rb:443:in `process_client'
puma (6.4.0) lib/puma/server.rb:241:in `block in run'
puma (6.4.0) lib/puma/thread_pool.rb:155:in `block in spawn_thread'
Started GET "/" for 127.0.0.1 at 2023-11-14 10:15:57 +0000
  [1m[36mActiveRecord::SchemaMigration Load (0.5ms)[0m  [1m[34mSELECT "schema_migrations"."version" FROM "schema_migrations" ORDER BY "schema_migrations"."version" ASC[0m
Processing by Rails::WelcomeController#index as HTML
  Rendering /home/miguel/.rvm/gems/ruby-3.0.0/gems/railties-7.1.2/lib/rails/templates/rails/welcome/index.html.erb
  Rendered /home/miguel/.rvm/gems/ruby-3.0.0/gems/railties-7.1.2/lib/rails/templates/rails/welcome/index.html.erb (Duration: 1.0ms | Allocations: 525)
Completed 200 OK in 11ms (Views: 5.5ms | ActiveRecord: 0.0ms | Allocations: 6356)


Started GET "/" for 127.0.0.1 at 2023-11-14 10:22:18 +0000
  [1m[36mActiveRecord::SchemaMigration Load (0.5ms)[0m  [1m[34mSELECT "schema_migrations"."version" FROM "schema_migrations" ORDER BY "schema_migrations"."version" ASC[0m
Processing by Rails::WelcomeController#index as HTML
  Rendering /home/miguel/.rvm/gems/ruby-3.0.0/gems/railties-7.1.2/lib/rails/templates/rails/welcome/index.html.erb
  Rendered /home/miguel/.rvm/gems/ruby-3.0.0/gems/railties-7.1.2/lib/rails/templates/rails/welcome/index.html.erb (Duration: 0.7ms | Allocations: 525)
Completed 200 OK in 8ms (Views: 4.0ms | ActiveRecord: 0.0ms | Allocations: 6356)


  [1m[35m (0.4ms)[0m  [1m[35mCREATE DATABASE "usabi_db" ENCODING = 'unicode'[0m
  [1m[36mActiveRecord::SchemaMigration Load (0.5ms)[0m  [1m[34mSELECT "schema_migrations"."version" FROM "schema_migrations" ORDER BY "schema_migrations"."version" ASC[0m
  [1m[36mActiveRecord::SchemaMigration Load (0.1ms)[0m  [1m[34mSELECT "schema_migrations"."version" FROM "schema_migrations" ORDER BY "schema_migrations"."version" ASC[0m
  [1m[35m (0.2ms)[0m  [1m[34mSELECT pg_try_advisory_lock(8808123745010061570)[0m
  [1m[36mActiveRecord::SchemaMigration Load (0.5ms)[0m  [1m[34mSELECT "schema_migrations"."version" FROM "schema_migrations" ORDER BY "schema_migrations"."version" ASC[0m
  [1m[36mActiveRecord::InternalMetadata Load (0.6ms)[0m  [1m[34mSELECT * FROM "ar_internal_metadata" WHERE "ar_internal_metadata"."key" = $1 ORDER BY "ar_internal_metadata"."key" ASC LIMIT 1[0m  [[nil, "environment"]]
  [1m[36mActiveRecord::InternalMetadata Create (5.7ms)[0m  [1m[32mINSERT INTO "ar_internal_metadata" ("key", "value", "created_at", "updated_at") VALUES ('environment', 'development', '2023-11-14 10:23:41.461277', '2023-11-14 10:23:41.461280') RETURNING "key"[0m
  [1m[35m (0.2ms)[0m  [1m[34mSELECT pg_advisory_unlock(8808123745010061570)[0m
  [1m[36mActiveRecord::SchemaMigration Load (0.2ms)[0m  [1m[34mSELECT "schema_migrations"."version" FROM "schema_migrations" ORDER BY "schema_migrations"."version" ASC[0m
  [1m[35m (0.4ms)[0m  [1m[35mCREATE DATABASE "usabi_db" ENCODING = 'unicode'[0m
  [1m[36mActiveRecord::SchemaMigration Load (0.5ms)[0m  [1m[34mSELECT "schema_migrations"."version" FROM "schema_migrations" ORDER BY "schema_migrations"."version" ASC[0m
  [1m[36mActiveRecord::SchemaMigration Load (0.2ms)[0m  [1m[34mSELECT "schema_migrations"."version" FROM "schema_migrations" ORDER BY "schema_migrations"."version" ASC[0m
  [1m[35mSQL (1.0ms)[0m  [1m[35mCREATE EXTENSION IF NOT EXISTS "plpgsql"[0m
  [1m[36mActiveRecord::SchemaMigration Load (0.2ms)[0m  [1m[34mSELECT "schema_migrations"."version" FROM "schema_migrations" ORDER BY "schema_migrations"."version" ASC[0m
  [1m[35m (1.1ms)[0m  [1m[32mINSERT INTO "schema_migrations" (version) VALUES (0)[0m
  [1m[36mActiveRecord::InternalMetadata Load (0.6ms)[0m  [1m[34mSELECT * FROM "ar_internal_metadata" WHERE "ar_internal_metadata"."key" = $1 ORDER BY "ar_internal_metadata"."key" ASC LIMIT 1[0m  [[nil, "environment"]]
  [1m[36mActiveRecord::InternalMetadata Load (0.2ms)[0m  [1m[34mSELECT * FROM "ar_internal_metadata" WHERE "ar_internal_metadata"."key" = $1 ORDER BY "ar_internal_metadata"."key" ASC LIMIT 1[0m  [[nil, "environment"]]
  [1m[36mActiveRecord::InternalMetadata Load (0.2ms)[0m  [1m[34mSELECT * FROM "ar_internal_metadata" WHERE "ar_internal_metadata"."key" = $1 ORDER BY "ar_internal_metadata"."key" ASC LIMIT 1[0m  [[nil, "schema_sha1"]]
  [1m[36mActiveRecord::InternalMetadata Create (1.5ms)[0m  [1m[32mINSERT INTO "ar_internal_metadata" ("key", "value", "created_at", "updated_at") VALUES ('schema_sha1', '34f0d9df3e6593e2828215d39b5de559fd82053b', '2023-11-14 10:23:45.832192', '2023-11-14 10:23:45.832194') RETURNING "key"[0m
  [1m[36mActiveRecord::SchemaMigration Load (0.2ms)[0m  [1m[34mSELECT "schema_migrations"."version" FROM "schema_migrations" ORDER BY "schema_migrations"."version" ASC[0m
Started GET "/" for 127.0.0.1 at 2023-11-14 10:24:18 +0000
  [1m[36mActiveRecord::SchemaMigration Load (0.5ms)[0m  [1m[34mSELECT "schema_migrations"."version" FROM "schema_migrations" ORDER BY "schema_migrations"."version" ASC[0m
Processing by Rails::WelcomeController#index as HTML
  Rendering /home/miguel/.rvm/gems/ruby-3.0.0/gems/railties-7.1.2/lib/rails/templates/rails/welcome/index.html.erb
  Rendered /home/miguel/.rvm/gems/ruby-3.0.0/gems/railties-7.1.2/lib/rails/templates/rails/welcome/index.html.erb (Duration: 0.7ms | Allocations: 525)
Completed 200 OK in 9ms (Views: 3.2ms | ActiveRecord: 0.0ms | Allocations: 6357)


Started GET "/" for 127.0.0.1 at 2023-11-14 10:24:22 +0000
Processing by Rails::WelcomeController#index as HTML
  Rendering /home/miguel/.rvm/gems/ruby-3.0.0/gems/railties-7.1.2/lib/rails/templates/rails/welcome/index.html.erb
  Rendered /home/miguel/.rvm/gems/ruby-3.0.0/gems/railties-7.1.2/lib/rails/templates/rails/welcome/index.html.erb (Duration: 0.1ms | Allocations: 15)
Completed 200 OK in 1ms (Views: 0.6ms | ActiveRecord: 0.0ms | Allocations: 254)


Started GET "/" for 127.0.0.1 at 2023-11-14 10:24:23 +0000
Processing by Rails::WelcomeController#index as HTML
  Rendering /home/miguel/.rvm/gems/ruby-3.0.0/gems/railties-7.1.2/lib/rails/templates/rails/welcome/index.html.erb
  Rendered /home/miguel/.rvm/gems/ruby-3.0.0/gems/railties-7.1.2/lib/rails/templates/rails/welcome/index.html.erb (Duration: 0.0ms | Allocations: 15)
Completed 200 OK in 1ms (Views: 0.4ms | ActiveRecord: 0.0ms | Allocations: 253)


Started GET "/" for 127.0.0.1 at 2023-11-14 10:24:24 +0000
Processing by Rails::WelcomeController#index as HTML
  Rendering /home/miguel/.rvm/gems/ruby-3.0.0/gems/railties-7.1.2/lib/rails/templates/rails/welcome/index.html.erb
  Rendered /home/miguel/.rvm/gems/ruby-3.0.0/gems/railties-7.1.2/lib/rails/templates/rails/welcome/index.html.erb (Duration: 0.1ms | Allocations: 15)
Completed 200 OK in 1ms (Views: 0.6ms | ActiveRecord: 0.0ms | Allocations: 253)


Started GET "/" for 127.0.0.1 at 2023-11-14 10:26:25 +0000
Processing by Rails::WelcomeController#index as HTML
  Rendering /home/miguel/.rvm/gems/ruby-3.0.0/gems/railties-7.1.2/lib/rails/templates/rails/welcome/index.html.erb
  Rendered /home/miguel/.rvm/gems/ruby-3.0.0/gems/railties-7.1.2/lib/rails/templates/rails/welcome/index.html.erb (Duration: 0.7ms | Allocations: 443)
Completed 200 OK in 2ms (Views: 1.8ms | ActiveRecord: 0.0ms | Allocations: 1319)


Started GET "/" for 127.0.0.1 at 2023-11-14 10:26:25 +0000
Processing by Rails::WelcomeController#index as HTML
  Rendering /home/miguel/.rvm/gems/ruby-3.0.0/gems/railties-7.1.2/lib/rails/templates/rails/welcome/index.html.erb
  Rendered /home/miguel/.rvm/gems/ruby-3.0.0/gems/railties-7.1.2/lib/rails/templates/rails/welcome/index.html.erb (Duration: 0.1ms | Allocations: 15)
Completed 200 OK in 1ms (Views: 0.8ms | ActiveRecord: 0.0ms | Allocations: 248)


Started GET "/" for 127.0.0.1 at 2023-11-14 10:26:25 +0000
Processing by Rails::WelcomeController#index as HTML
  Rendering /home/miguel/.rvm/gems/ruby-3.0.0/gems/railties-7.1.2/lib/rails/templates/rails/welcome/index.html.erb
  Rendered /home/miguel/.rvm/gems/ruby-3.0.0/gems/railties-7.1.2/lib/rails/templates/rails/welcome/index.html.erb (Duration: 0.1ms | Allocations: 15)
Completed 200 OK in 1ms (Views: 0.5ms | ActiveRecord: 0.0ms | Allocations: 247)


Started GET "/" for 127.0.0.1 at 2023-11-14 10:27:41 +0000
Processing by Rails::WelcomeController#index as HTML
  Rendering /home/miguel/.rvm/gems/ruby-3.0.0/gems/railties-7.1.2/lib/rails/templates/rails/welcome/index.html.erb
  Rendered /home/miguel/.rvm/gems/ruby-3.0.0/gems/railties-7.1.2/lib/rails/templates/rails/welcome/index.html.erb (Duration: 0.6ms | Allocations: 443)
Completed 200 OK in 2ms (Views: 1.6ms | ActiveRecord: 0.0ms | Allocations: 1314)


Started GET "/" for 127.0.0.1 at 2023-11-14 15:12:58 +0000
  [1m[36mActiveRecord::SchemaMigration Load (2.7ms)[0m  [1m[34mSELECT "schema_migrations"."version" FROM "schema_migrations" ORDER BY "schema_migrations"."version" ASC[0m
Processing by Rails::WelcomeController#index as HTML
  Rendering /home/miguel/.rvm/gems/ruby-3.0.0/gems/railties-7.1.2/lib/rails/templates/rails/welcome/index.html.erb
  Rendered /home/miguel/.rvm/gems/ruby-3.0.0/gems/railties-7.1.2/lib/rails/templates/rails/welcome/index.html.erb (Duration: 1.7ms | Allocations: 525)
Completed 200 OK in 44ms (Views: 15.4ms | ActiveRecord: 0.0ms | Allocations: 6349)


Started GET "/" for 127.0.0.1 at 2023-11-14 15:13:16 +0000
Processing by Rails::WelcomeController#index as HTML
  Rendering /home/miguel/.rvm/gems/ruby-3.0.0/gems/railties-7.1.2/lib/rails/templates/rails/welcome/index.html.erb
  Rendered /home/miguel/.rvm/gems/ruby-3.0.0/gems/railties-7.1.2/lib/rails/templates/rails/welcome/index.html.erb (Duration: 0.1ms | Allocations: 15)
Completed 200 OK in 1ms (Views: 0.6ms | ActiveRecord: 0.0ms | Allocations: 254)


Started GET "/" for 127.0.0.1 at 2023-11-14 15:16:59 +0000
  [1m[36mActiveRecord::SchemaMigration Load (0.9ms)[0m  [1m[34mSELECT "schema_migrations"."version" FROM "schema_migrations" ORDER BY "schema_migrations"."version" ASC[0m
Processing by Rails::WelcomeController#index as HTML
  Rendering /home/miguel/.rvm/gems/ruby-3.0.0/gems/railties-7.1.2/lib/rails/templates/rails/welcome/index.html.erb
  Rendered /home/miguel/.rvm/gems/ruby-3.0.0/gems/railties-7.1.2/lib/rails/templates/rails/welcome/index.html.erb (Duration: 1.4ms | Allocations: 525)
Completed 200 OK in 22ms (Views: 7.2ms | ActiveRecord: 0.0ms | Allocations: 6351)


Started GET "/" for 127.0.0.1 at 2023-11-14 15:22:30 +0000
  [1m[36mActiveRecord::SchemaMigration Load (0.5ms)[0m  [1m[34mSELECT "schema_migrations"."version" FROM "schema_migrations" ORDER BY "schema_migrations"."version" ASC[0m
Processing by Rails::WelcomeController#index as HTML
  Rendering /home/miguel/.rvm/gems/ruby-3.0.0/gems/railties-7.1.2/lib/rails/templates/rails/welcome/index.html.erb
  Rendered /home/miguel/.rvm/gems/ruby-3.0.0/gems/railties-7.1.2/lib/rails/templates/rails/welcome/index.html.erb (Duration: 0.5ms | Allocations: 525)
Completed 200 OK in 7ms (Views: 2.6ms | ActiveRecord: 0.0ms | Allocations: 6350)


Started GET "/" for 127.0.0.1 at 2023-11-14 15:22:33 +0000
Processing by Rails::WelcomeController#index as HTML
  Rendering /home/miguel/.rvm/gems/ruby-3.0.0/gems/railties-7.1.2/lib/rails/templates/rails/welcome/index.html.erb
  Rendered /home/miguel/.rvm/gems/ruby-3.0.0/gems/railties-7.1.2/lib/rails/templates/rails/welcome/index.html.erb (Duration: 0.0ms | Allocations: 15)
Completed 200 OK in 1ms (Views: 0.4ms | ActiveRecord: 0.0ms | Allocations: 254)


Started GET "/" for 127.0.0.1 at 2023-11-14 15:22:34 +0000
Processing by Rails::WelcomeController#index as HTML
  Rendering /home/miguel/.rvm/gems/ruby-3.0.0/gems/railties-7.1.2/lib/rails/templates/rails/welcome/index.html.erb
  Rendered /home/miguel/.rvm/gems/ruby-3.0.0/gems/railties-7.1.2/lib/rails/templates/rails/welcome/index.html.erb (Duration: 0.1ms | Allocations: 15)
Completed 200 OK in 1ms (Views: 0.5ms | ActiveRecord: 0.0ms | Allocations: 253)


Started GET "/" for 127.0.0.1 at 2023-11-14 15:22:34 +0000
Processing by Rails::WelcomeController#index as HTML
  Rendering /home/miguel/.rvm/gems/ruby-3.0.0/gems/railties-7.1.2/lib/rails/templates/rails/welcome/index.html.erb
  Rendered /home/miguel/.rvm/gems/ruby-3.0.0/gems/railties-7.1.2/lib/rails/templates/rails/welcome/index.html.erb (Duration: 0.1ms | Allocations: 15)
Completed 200 OK in 1ms (Views: 0.5ms | ActiveRecord: 0.0ms | Allocations: 253)


Started GET "/" for 127.0.0.1 at 2023-11-14 15:22:34 +0000
Processing by Rails::WelcomeController#index as HTML
  Rendering /home/miguel/.rvm/gems/ruby-3.0.0/gems/railties-7.1.2/lib/rails/templates/rails/welcome/index.html.erb
  Rendered /home/miguel/.rvm/gems/ruby-3.0.0/gems/railties-7.1.2/lib/rails/templates/rails/welcome/index.html.erb (Duration: 0.1ms | Allocations: 15)
Completed 200 OK in 1ms (Views: 0.5ms | ActiveRecord: 0.0ms | Allocations: 247)


Started GET "/" for 127.0.0.1 at 2023-11-14 15:22:34 +0000
Processing by Rails::WelcomeController#index as HTML
  Rendering /home/miguel/.rvm/gems/ruby-3.0.0/gems/railties-7.1.2/lib/rails/templates/rails/welcome/index.html.erb
  Rendered /home/miguel/.rvm/gems/ruby-3.0.0/gems/railties-7.1.2/lib/rails/templates/rails/welcome/index.html.erb (Duration: 0.1ms | Allocations: 15)
Completed 200 OK in 1ms (Views: 0.4ms | ActiveRecord: 0.0ms | Allocations: 247)


Started GET "/" for 127.0.0.1 at 2023-11-14 15:26:06 +0000
Processing by Rails::WelcomeController#index as HTML
  Rendering /home/miguel/.rvm/gems/ruby-3.0.0/gems/railties-7.1.2/lib/rails/templates/rails/welcome/index.html.erb
  Rendered /home/miguel/.rvm/gems/ruby-3.0.0/gems/railties-7.1.2/lib/rails/templates/rails/welcome/index.html.erb (Duration: 0.4ms | Allocations: 129)
Completed 200 OK in 2ms (Views: 1.5ms | ActiveRecord: 0.0ms | Allocations: 1003)


Started GET "/favicon.ico" for 127.0.0.1 at 2023-11-14 15:26:06 +0000
  
ActionController::RoutingError (No route matches [GET] "/favicon.ico"):
  
Started GET "/" for 127.0.0.1 at 2023-11-14 15:26:40 +0000
Processing by Rails::WelcomeController#index as HTML
  Rendering /home/miguel/.rvm/gems/ruby-3.0.0/gems/railties-7.1.2/lib/rails/templates/rails/welcome/index.html.erb
  Rendered /home/miguel/.rvm/gems/ruby-3.0.0/gems/railties-7.1.2/lib/rails/templates/rails/welcome/index.html.erb (Duration: 0.4ms | Allocations: 132)
Completed 200 OK in 2ms (Views: 1.4ms | ActiveRecord: 0.0ms | Allocations: 1014)


Started GET "/" for 127.0.0.1 at 2023-11-14 15:26:56 +0000
Processing by Rails::WelcomeController#index as HTML
  Rendering /home/miguel/.rvm/gems/ruby-3.0.0/gems/railties-7.1.2/lib/rails/templates/rails/welcome/index.html.erb
  Rendered /home/miguel/.rvm/gems/ruby-3.0.0/gems/railties-7.1.2/lib/rails/templates/rails/welcome/index.html.erb (Duration: 0.4ms | Allocations: 132)
Completed 200 OK in 2ms (Views: 1.8ms | ActiveRecord: 0.0ms | Allocations: 1007)


Started GET "/" for 127.0.0.1 at 2023-11-14 15:29:20 +0000
Processing by Rails::WelcomeController#index as HTML
  Rendering /home/miguel/.rvm/gems/ruby-3.0.0/gems/railties-7.1.2/lib/rails/templates/rails/welcome/index.html.erb
  Rendered /home/miguel/.rvm/gems/ruby-3.0.0/gems/railties-7.1.2/lib/rails/templates/rails/welcome/index.html.erb (Duration: 0.4ms | Allocations: 197)
Completed 200 OK in 2ms (Views: 1.6ms | ActiveRecord: 0.0ms | Allocations: 1073)


Started GET "/" for 127.0.0.1 at 2023-11-14 15:30:53 +0000
Processing by Rails::WelcomeController#index as HTML
  Rendering /home/miguel/.rvm/gems/ruby-3.0.0/gems/railties-7.1.2/lib/rails/templates/rails/welcome/index.html.erb
  Rendered /home/miguel/.rvm/gems/ruby-3.0.0/gems/railties-7.1.2/lib/rails/templates/rails/welcome/index.html.erb (Duration: 0.5ms | Allocations: 211)
Completed 200 OK in 2ms (Views: 1.9ms | ActiveRecord: 0.0ms | Allocations: 1086)


Started GET "/" for 127.0.0.1 at 2023-11-14 15:32:29 +0000
Processing by Rails::WelcomeController#index as HTML
  Rendering /home/miguel/.rvm/gems/ruby-3.0.0/gems/railties-7.1.2/lib/rails/templates/rails/welcome/index.html.erb
  Rendered /home/miguel/.rvm/gems/ruby-3.0.0/gems/railties-7.1.2/lib/rails/templates/rails/welcome/index.html.erb (Duration: 0.4ms | Allocations: 310)
Completed 200 OK in 3ms (Views: 1.8ms | ActiveRecord: 0.0ms | Allocations: 1185)


