{"type":"operationStart","subtype":"profile","data":{"_id":"D8X7ZiCNRqnCE22t","timestamp":"2024-01-11T18:21:09.332Z","state":"queued","mode":"standard","creationDate":"2024-01-11T18:21:09.333Z","modificationDate":"2024-01-11T18:21:09.333Z","shortid":"oJ0nTAm","$entitySet":"profiles"},"doDiffs":false,"timestamp":1704997269332,"id":"88x1eobqyjabg2p","previousOperationId":null,"operationId":"vyfl2redprffe0t"}
{"type":"log","level":"info","message":"Render request 7 queued for execution and waiting for available worker","previousOperationId":"vyfl2redprffe0t","timestamp":1704997269332,"id":"d1y1xqtlr14ksoa"}
{"type":"operationStart","subtype":"render","name":"User_project","previousOperationId":"vyfl2redprffe0t","timestamp":1704997269338,"id":"5fottk94qlbgg80","previousEventId":"88x1eobqyjabg2p","operationId":"c8iw3pr5p6oq65a"}
{"type":"log","timestamp":1704997269338,"level":"info","message":"Starting rendering request 7","meta":{"rootId":"05d7dpwr9gu752j","id":"05d7dpwr9gu752j"},"id":"4ctf6ooah8ri6ci","previousOperationId":"c8iw3pr5p6oq65a"}
{"type":"log","timestamp":1704997269338,"level":"info","message":"Rendering template { name: User_project, recipe: chrome-pdf, engine: handlebars, preview: true }","meta":{"rootId":"05d7dpwr9gu752j","id":"05d7dpwr9gu752j"},"id":"puows2c7eiul18y","previousOperationId":"c8iw3pr5p6oq65a"}
{"type":"log","timestamp":1704997269338,"level":"debug","message":"Data item not defined for this template.","meta":{"rootId":"05d7dpwr9gu752j","id":"05d7dpwr9gu752j"},"id":"vge29z1a9iwxclj","previousOperationId":"c8iw3pr5p6oq65a"}
{"type":"log","timestamp":1704997269340,"level":"debug","message":"Executing script usabi-data (beforeRender)","meta":{"rootId":"05d7dpwr9gu752j","id":"05d7dpwr9gu752j"},"id":"ma5jq7zrr6xmrdm","previousOperationId":"c8iw3pr5p6oq65a"}
{"type":"operationStart","subtype":"scriptsBeforeRender","name":"scripts beforeRender","timestamp":1704997269345,"id":"80kc7600ffypzp2","previousEventId":"5fottk94qlbgg80","operationId":"d72xn00mf8m9ee6","previousOperationId":"c8iw3pr5p6oq65a"}
{"type":"operationStart","subtype":"script","name":"scripts usabi-data","previousOperationId":"d72xn00mf8m9ee6","timestamp":1704997269345,"id":"44acpiwuvgvydm7","previousEventId":"80kc7600ffypzp2","operationId":"vpxvvcw5jdp3axy"}
{"type":"operationEnd","operationId":"vpxvvcw5jdp3axy","timestamp":1704997269368,"id":"pxyjwes9xcnxvt9","previousEventId":"5fottk94qlbgg80","previousOperationId":"c8iw3pr5p6oq65a"}
{"type":"log","timestamp":1704997269368,"level":"debug","message":"Executing script orders-script (beforeRender)","meta":{"rootId":"05d7dpwr9gu752j","id":"05d7dpwr9gu752j"},"id":"zz9s5i27im7j6of","previousOperationId":"c8iw3pr5p6oq65a"}
{"type":"operationStart","subtype":"script","name":"scripts orders-script","previousOperationId":"d72xn00mf8m9ee6","timestamp":1704997269373,"id":"l151jyroturc67j","previousEventId":"pxyjwes9xcnxvt9","operationId":"dhys7ntjehpcmua"}
{"type":"operationEnd","operationId":"dhys7ntjehpcmua","timestamp":1704997270772,"id":"bxqj37ezglltahj","previousEventId":"pxyjwes9xcnxvt9","previousOperationId":"c8iw3pr5p6oq65a"}
{"type":"operationEnd","operationId":"d72xn00mf8m9ee6","timestamp":1704997270773,"id":"bbat2dlbs9qkwwb","previousEventId":"bxqj37ezglltahj","previousOperationId":"c8iw3pr5p6oq65a"}
{"type":"log","timestamp":1704997270773,"level":"debug","message":"Base url not specified, skipping its injection.","meta":{"rootId":"05d7dpwr9gu752j","id":"05d7dpwr9gu752j"},"id":"of5selke8ymi65i","previousOperationId":"d72xn00mf8m9ee6"}
{"type":"operationStart","subtype":"engine","name":"handlebars","timestamp":1704997270774,"id":"c6c0df1ckzlmlu2","previousEventId":"bbat2dlbs9qkwwb","operationId":"wifv7gy00fbjj6m","previousOperationId":"d72xn00mf8m9ee6"}
{"type":"log","timestamp":1704997270774,"level":"debug","message":"Rendering engine handlebars","meta":{"rootId":"05d7dpwr9gu752j","id":"05d7dpwr9gu752j"},"id":"g6olnhefojwzr6w","previousOperationId":"wifv7gy00fbjj6m"}
{"type":"operationEnd","operationId":"wifv7gy00fbjj6m","timestamp":1704997270797,"id":"idf52o1p9tjsf6z","previousEventId":"c6c0df1ckzlmlu2","previousOperationId":"wifv7gy00fbjj6m"}
{"type":"operationStart","subtype":"recipe","name":"chrome-pdf","timestamp":1704997270798,"id":"ocll5wz5c2po2zk","previousEventId":"idf52o1p9tjsf6z","operationId":"6tlost9uykis7u9","previousOperationId":"wifv7gy00fbjj6m"}
{"type":"log","timestamp":1704997270798,"level":"debug","message":"Executing recipe chrome-pdf","meta":{"rootId":"05d7dpwr9gu752j","id":"05d7dpwr9gu752j"},"id":"bu7jtid8xw0v8lr","previousOperationId":"6tlost9uykis7u9"}
{"type":"log","timestamp":1704997270809,"level":"debug","message":"Converting with chrome HeadlessChrome/117.0.5938.149 using chrome-pool strategy","meta":{"rootId":"05d7dpwr9gu752j","id":"05d7dpwr9gu752j"},"id":"yfsuqy2ji0wbq48","previousOperationId":"6tlost9uykis7u9"}
{"type":"log","timestamp":1704997270840,"level":"debug","message":"Page request: GET (document) file:///tmp/jsreport/autocleanup/45e752ff-31a4-4ba9-9c2c-9593bc8f3c56-chrome-pdf.html","meta":{"rootId":"05d7dpwr9gu752j","id":"05d7dpwr9gu752j"},"id":"66qnm8cnijp8nyi","previousOperationId":"6tlost9uykis7u9"}
{"type":"log","timestamp":1704997270847,"level":"debug","message":"Page request: GET (script) https://cdn.jsdelivr.net/npm/chart.js","meta":{"rootId":"05d7dpwr9gu752j","id":"05d7dpwr9gu752j"},"id":"pjm4neuonom279m","previousOperationId":"6tlost9uykis7u9"}
{"type":"log","timestamp":1704997270848,"level":"debug","message":"Page request finished: GET (document) 200 file:///tmp/jsreport/autocleanup/45e752ff-31a4-4ba9-9c2c-9593bc8f3c56-chrome-pdf.html","meta":{"rootId":"05d7dpwr9gu752j","id":"05d7dpwr9gu752j"},"id":"3ukg6t9e9cv0z1x","previousOperationId":"6tlost9uykis7u9"}
{"type":"log","timestamp":1704997270851,"level":"debug","message":"Page request finished: GET (script) 200 https://cdn.jsdelivr.net/npm/chart.js","meta":{"rootId":"05d7dpwr9gu752j","id":"05d7dpwr9gu752j"},"id":"hfpm15koqkxbvdk","previousOperationId":"6tlost9uykis7u9"}
{"type":"log","timestamp":1704997270905,"level":"debug","message":"Running chrome with params {\"printBackground\":true,\"timeout\":58526,\"margin\":{}}","meta":{"rootId":"05d7dpwr9gu752j","id":"05d7dpwr9gu752j"},"id":"nhjo2yekm3vhtyr","previousOperationId":"6tlost9uykis7u9"}
{"type":"operationEnd","operationId":"6tlost9uykis7u9","timestamp":1704997270922,"id":"ytyd7argkgcf2ys","previousEventId":"ocll5wz5c2po2zk","previousOperationId":"6tlost9uykis7u9"}
{"type":"log","timestamp":1704997270922,"level":"debug","message":"Skipping storing report.","meta":{"rootId":"05d7dpwr9gu752j","id":"05d7dpwr9gu752j"},"id":"7yses8wcwrmg337","previousOperationId":"6tlost9uykis7u9"}
{"type":"log","timestamp":1704997270922,"level":"info","message":"Rendering request 7 finished in 1590 ms","meta":{"rootId":"05d7dpwr9gu752j","id":"05d7dpwr9gu752j"},"id":"bbfp2ekuc9lcerq","previousOperationId":"6tlost9uykis7u9"}
{"type":"operationEnd","subtype":"render","operationId":"c8iw3pr5p6oq65a","timestamp":1704997270922,"id":"9jjxhb9knheiq82","previousEventId":"ytyd7argkgcf2ys","previousOperationId":"6tlost9uykis7u9"}
{"type":"operationEnd","doDiffs":false,"previousEventId":"88x1eobqyjabg2p","previousOperationId":"vyfl2redprffe0t","operationId":"vyfl2redprffe0t","timestamp":1704997270925,"id":"ufcphq65b2ej0dr"}
