{"type":"operationStart","subtype":"profile","data":{"_id":"VH6QAX7fiF6SMHrR","timestamp":"2024-01-11T17:51:07.778Z","state":"queued","mode":"standard","creationDate":"2024-01-11T17:51:07.778Z","modificationDate":"2024-01-11T17:51:07.778Z","shortid":"xCb3zEN","$entitySet":"profiles"},"doDiffs":false,"timestamp":1704995467778,"id":"m7r5vv9hrwhlzsk","previousOperationId":null,"operationId":"7h4s76emos0fqc5"}
{"type":"log","level":"info","message":"Render request 16 queued for execution and waiting for available worker","previousOperationId":"7h4s76emos0fqc5","timestamp":1704995467778,"id":"mx2yqvz2yl1d5pl"}
{"type":"operationStart","subtype":"render","name":"User_project","previousOperationId":"7h4s76emos0fqc5","timestamp":1704995467783,"id":"cqbiip54m5lpx1b","previousEventId":"m7r5vv9hrwhlzsk","operationId":"mtr1xz6b6m4camv"}
{"type":"log","timestamp":1704995467783,"level":"info","message":"Starting rendering request 16","meta":{"rootId":"0bubyic2fe9ph4v","id":"0bubyic2fe9ph4v"},"id":"x9bjccmxx2635um","previousOperationId":"mtr1xz6b6m4camv"}
{"type":"log","timestamp":1704995467783,"level":"info","message":"Rendering template { name: User_project, recipe: chrome-pdf, engine: handlebars, preview: true }","meta":{"rootId":"0bubyic2fe9ph4v","id":"0bubyic2fe9ph4v"},"id":"ihm3tjcmpuo8vk3","previousOperationId":"mtr1xz6b6m4camv"}
{"type":"log","timestamp":1704995467784,"level":"debug","message":"Data item not defined for this template.","meta":{"rootId":"0bubyic2fe9ph4v","id":"0bubyic2fe9ph4v"},"id":"6fs21m4rbaqoapn","previousOperationId":"mtr1xz6b6m4camv"}
{"type":"log","timestamp":1704995467786,"level":"debug","message":"Executing script usabi-data (beforeRender)","meta":{"rootId":"0bubyic2fe9ph4v","id":"0bubyic2fe9ph4v"},"id":"ndrsxwj2y4f1gsz","previousOperationId":"mtr1xz6b6m4camv"}
{"type":"operationStart","subtype":"scriptsBeforeRender","name":"scripts beforeRender","timestamp":1704995467790,"id":"09zwu16btk4e8s4","previousEventId":"cqbiip54m5lpx1b","operationId":"z08hia5or54w5q7","previousOperationId":"mtr1xz6b6m4camv"}
{"type":"operationStart","subtype":"script","name":"scripts usabi-data","previousOperationId":"z08hia5or54w5q7","timestamp":1704995467790,"id":"1cz0nf2h9oi3g9i","previousEventId":"09zwu16btk4e8s4","operationId":"tz4r6ndnhai96ru"}
{"type":"operationEnd","operationId":"tz4r6ndnhai96ru","timestamp":1704995467809,"id":"x4f2jqdn2mfsvdh","previousEventId":"cqbiip54m5lpx1b","previousOperationId":"mtr1xz6b6m4camv"}
{"type":"log","timestamp":1704995467809,"level":"debug","message":"Executing script orders-script (beforeRender)","meta":{"rootId":"0bubyic2fe9ph4v","id":"0bubyic2fe9ph4v"},"id":"mni6qbvfwv8va0t","previousOperationId":"mtr1xz6b6m4camv"}
{"type":"operationStart","subtype":"script","name":"scripts orders-script","previousOperationId":"z08hia5or54w5q7","timestamp":1704995467813,"id":"g2arcxrqmmi5dz8","previousEventId":"x4f2jqdn2mfsvdh","operationId":"mdh01m8tvlkrvod"}
{"type":"operationEnd","operationId":"mdh01m8tvlkrvod","timestamp":1704995469190,"id":"k46oqrau6fh3sg0","previousEventId":"x4f2jqdn2mfsvdh","previousOperationId":"mtr1xz6b6m4camv"}
{"type":"operationEnd","operationId":"z08hia5or54w5q7","timestamp":1704995469190,"id":"upg46tkp3eydcrf","previousEventId":"k46oqrau6fh3sg0","previousOperationId":"mtr1xz6b6m4camv"}
{"type":"log","timestamp":1704995469190,"level":"debug","message":"Base url not specified, skipping its injection.","meta":{"rootId":"0bubyic2fe9ph4v","id":"0bubyic2fe9ph4v"},"id":"2g19mdwelvsxjwq","previousOperationId":"z08hia5or54w5q7"}
{"type":"operationStart","subtype":"engine","name":"handlebars","timestamp":1704995469190,"id":"wzigak8ml3ubh3n","previousEventId":"upg46tkp3eydcrf","operationId":"7qrjqsatd3z3fzg","previousOperationId":"z08hia5or54w5q7"}
{"type":"log","timestamp":1704995469190,"level":"debug","message":"Rendering engine handlebars","meta":{"rootId":"0bubyic2fe9ph4v","id":"0bubyic2fe9ph4v"},"id":"9u6vsnmhe81ful0","previousOperationId":"7qrjqsatd3z3fzg"}
{"type":"operationEnd","operationId":"7qrjqsatd3z3fzg","timestamp":1704995469212,"id":"7m5rmt400k2kgwd","previousEventId":"wzigak8ml3ubh3n","previousOperationId":"7qrjqsatd3z3fzg"}
{"type":"operationStart","subtype":"recipe","name":"chrome-pdf","timestamp":1704995469212,"id":"7buprizc1rt9j6n","previousEventId":"7m5rmt400k2kgwd","operationId":"1rh258ufilaiu42","previousOperationId":"7qrjqsatd3z3fzg"}
{"type":"log","timestamp":1704995469212,"level":"debug","message":"Executing recipe chrome-pdf","meta":{"rootId":"0bubyic2fe9ph4v","id":"0bubyic2fe9ph4v"},"id":"rza1ex1yfvj9xnw","previousOperationId":"1rh258ufilaiu42"}
{"type":"log","timestamp":1704995469215,"level":"debug","message":"Converting with chrome HeadlessChrome/117.0.5938.149 using chrome-pool strategy","meta":{"rootId":"0bubyic2fe9ph4v","id":"0bubyic2fe9ph4v"},"id":"bjka10gzg730l2x","previousOperationId":"1rh258ufilaiu42"}
{"type":"log","timestamp":1704995469253,"level":"debug","message":"Page request: GET (document) file:///tmp/jsreport/autocleanup/ecb5d3c5-b659-4e36-9cd6-e6f7d2799d04-chrome-pdf.html","meta":{"rootId":"0bubyic2fe9ph4v","id":"0bubyic2fe9ph4v"},"id":"otdtqibfbv9zn7m","previousOperationId":"1rh258ufilaiu42"}
{"type":"log","timestamp":1704995469259,"level":"debug","message":"Page request: GET (script) https://cdn.jsdelivr.net/npm/chart.js","meta":{"rootId":"0bubyic2fe9ph4v","id":"0bubyic2fe9ph4v"},"id":"tc1k9rr26mjcsvf","previousOperationId":"1rh258ufilaiu42"}
{"type":"log","timestamp":1704995469259,"level":"debug","message":"Page request finished: GET (document) 200 file:///tmp/jsreport/autocleanup/ecb5d3c5-b659-4e36-9cd6-e6f7d2799d04-chrome-pdf.html","meta":{"rootId":"0bubyic2fe9ph4v","id":"0bubyic2fe9ph4v"},"id":"7pc9ckg6hm0web7","previousOperationId":"1rh258ufilaiu42"}
{"type":"log","timestamp":1704995469262,"level":"debug","message":"Page request finished: GET (script) 200 https://cdn.jsdelivr.net/npm/chart.js","meta":{"rootId":"0bubyic2fe9ph4v","id":"0bubyic2fe9ph4v"},"id":"j4mq1cc243u0swo","previousOperationId":"1rh258ufilaiu42"}
{"type":"log","timestamp":1704995469265,"level":"warn","message":"Page error: Unexpected identifier 'Object' , stack: SyntaxError: Unexpected identifier 'Object'","meta":{"rootId":"0bubyic2fe9ph4v","id":"0bubyic2fe9ph4v"},"id":"l2kprl0r85xw7pn","previousOperationId":"1rh258ufilaiu42"}
{"type":"log","timestamp":1704995469268,"level":"debug","message":"Running chrome with params {\"printBackground\":true,\"timeout\":58563,\"margin\":{}}","meta":{"rootId":"0bubyic2fe9ph4v","id":"0bubyic2fe9ph4v"},"id":"ksjzz315pywhz9e","previousOperationId":"1rh258ufilaiu42"}
{"type":"operationEnd","operationId":"1rh258ufilaiu42","timestamp":1704995469274,"id":"ddzt27s7lz483r4","previousEventId":"7buprizc1rt9j6n","previousOperationId":"1rh258ufilaiu42"}
{"type":"log","timestamp":1704995469274,"level":"debug","message":"Skipping storing report.","meta":{"rootId":"0bubyic2fe9ph4v","id":"0bubyic2fe9ph4v"},"id":"heoe1nknijr8f9q","previousOperationId":"1rh258ufilaiu42"}
{"type":"log","timestamp":1704995469274,"level":"info","message":"Rendering request 16 finished in 1497 ms","meta":{"rootId":"0bubyic2fe9ph4v","id":"0bubyic2fe9ph4v"},"id":"g3629iaahs2d73m","previousOperationId":"1rh258ufilaiu42"}
{"type":"operationEnd","subtype":"render","operationId":"mtr1xz6b6m4camv","timestamp":1704995469274,"id":"hgdv63f5shlhurg","previousEventId":"ddzt27s7lz483r4","previousOperationId":"1rh258ufilaiu42"}
{"type":"operationEnd","doDiffs":false,"previousEventId":"m7r5vv9hrwhlzsk","previousOperationId":"7h4s76emos0fqc5","operationId":"7h4s76emos0fqc5","timestamp":1704995469280,"id":"f9dkbywwciong13"}
