{"type":"operationStart","subtype":"profile","data":{"_id":"poA5C7ZI1kP4u8hJ","timestamp":"2024-01-12T15:59:34.036Z","state":"queued","mode":"standard","creationDate":"2024-01-12T15:59:34.037Z","modificationDate":"2024-01-12T15:59:34.037Z","shortid":"y-gZfrV","$entitySet":"profiles"},"doDiffs":false,"timestamp":1705075174036,"id":"764n9ll42kow27q","previousOperationId":null,"operationId":"06wth3nv6pvv9cv"}
{"type":"log","level":"info","message":"Render request 2 queued for execution and waiting for available worker","previousOperationId":"06wth3nv6pvv9cv","timestamp":1705075174037,"id":"rdoai07rb17onqh"}
{"type":"operationStart","subtype":"render","name":"User_project","previousOperationId":"06wth3nv6pvv9cv","timestamp":1705075174044,"id":"frqtjjecb488c2c","previousEventId":"764n9ll42kow27q","operationId":"kib7xurf2d7d2pj"}
{"type":"log","timestamp":1705075174045,"level":"info","message":"Starting rendering request 2","meta":{"rootId":"0e1hk6doed5xoci","id":"0e1hk6doed5xoci"},"id":"vpmqu0rzkvl2wnu","previousOperationId":"kib7xurf2d7d2pj"}
{"type":"log","timestamp":1705075174046,"level":"info","message":"Rendering template { name: User_project, recipe: chrome-pdf, engine: handlebars, preview: true }","meta":{"rootId":"0e1hk6doed5xoci","id":"0e1hk6doed5xoci"},"id":"ac47dn1vti8oloz","previousOperationId":"kib7xurf2d7d2pj"}
{"type":"log","timestamp":1705075174047,"level":"debug","message":"Data item not defined for this template.","meta":{"rootId":"0e1hk6doed5xoci","id":"0e1hk6doed5xoci"},"id":"nnppjx0qv8p98vm","previousOperationId":"kib7xurf2d7d2pj"}
{"type":"log","timestamp":1705075174049,"level":"debug","message":"Executing script usabi-data (beforeRender)","meta":{"rootId":"0e1hk6doed5xoci","id":"0e1hk6doed5xoci"},"id":"bkyjp9qmiwjrgx4","previousOperationId":"kib7xurf2d7d2pj"}
{"type":"operationStart","subtype":"scriptsBeforeRender","name":"scripts beforeRender","timestamp":1705075174198,"id":"q1imdi8tlyepdbn","previousEventId":"frqtjjecb488c2c","operationId":"q7bvg1x6a61l61e","previousOperationId":"kib7xurf2d7d2pj"}
{"type":"operationStart","subtype":"script","name":"scripts usabi-data","previousOperationId":"q7bvg1x6a61l61e","timestamp":1705075174198,"id":"xs1oc8crmbhc7ui","previousEventId":"q1imdi8tlyepdbn","operationId":"5b4viuvbdpqm2dg"}
{"type":"log","timestamp":1705075174210,"level":"debug","message":"(console:error) Error en la solicitud: Error: connect ECONNREFUSED 127.0.0.1:4000\n    at TCPConnectWrap.afterConnect [as oncomplete] (node:net:1595:16) {\n  errno: -111,\n  code: 'ECONNREFUSED',\n  syscall: 'connect',\n  address: '127.0.0.1',\n  port: 4000\n}","meta":{"userLevel":true,"rootId":"0e1hk6doed5xoci","id":"0e1hk6doed5xoci"},"id":"e4iztlhikprvni4","previousOperationId":"5b4viuvbdpqm2dg"}
{"type":"operationEnd","operationId":"5b4viuvbdpqm2dg","timestamp":1705075174211,"id":"zjk5hmx1frv5dru","previousEventId":"frqtjjecb488c2c","previousOperationId":"kib7xurf2d7d2pj"}
{"type":"log","timestamp":1705075174211,"level":"debug","message":"Executing script orders-script (beforeRender)","meta":{"rootId":"0e1hk6doed5xoci","id":"0e1hk6doed5xoci"},"id":"kvlkxrcdowue66g","previousOperationId":"kib7xurf2d7d2pj"}
{"type":"operationStart","subtype":"script","name":"scripts orders-script","previousOperationId":"q7bvg1x6a61l61e","timestamp":1705075174227,"id":"6mm4wy2m94xmub0","previousEventId":"zjk5hmx1frv5dru","operationId":"p6cv3rs6dv5h32w"}
{"type":"operationEnd","operationId":"p6cv3rs6dv5h32w","timestamp":1705075175610,"id":"kmbo2d9utycpl3m","previousEventId":"zjk5hmx1frv5dru","previousOperationId":"kib7xurf2d7d2pj"}
{"type":"operationEnd","operationId":"q7bvg1x6a61l61e","timestamp":1705075175610,"id":"si18rnb52xr86rq","previousEventId":"kmbo2d9utycpl3m","previousOperationId":"kib7xurf2d7d2pj"}
{"type":"log","timestamp":1705075175610,"level":"debug","message":"Base url not specified, skipping its injection.","meta":{"rootId":"0e1hk6doed5xoci","id":"0e1hk6doed5xoci"},"id":"m4d6fr5vv3xzwqe","previousOperationId":"q7bvg1x6a61l61e"}
{"type":"operationStart","subtype":"engine","name":"handlebars","timestamp":1705075175610,"id":"aqwf1yc3gmh9k97","previousEventId":"si18rnb52xr86rq","operationId":"51bppo7dpmeup5b","previousOperationId":"q7bvg1x6a61l61e"}
{"type":"log","timestamp":1705075175610,"level":"debug","message":"Rendering engine handlebars","meta":{"rootId":"0e1hk6doed5xoci","id":"0e1hk6doed5xoci"},"id":"re5njqbdl0z677x","previousOperationId":"51bppo7dpmeup5b"}
{"type":"operationEnd","operationId":"51bppo7dpmeup5b","timestamp":1705075175819,"id":"fzn2a462yw3aifr","previousEventId":"aqwf1yc3gmh9k97","previousOperationId":"51bppo7dpmeup5b"}
{"type":"operationStart","subtype":"recipe","name":"chrome-pdf","timestamp":1705075175820,"id":"vy33lpzj8v99796","previousEventId":"fzn2a462yw3aifr","operationId":"eu9gdfp1mkunadk","previousOperationId":"51bppo7dpmeup5b"}
{"type":"log","timestamp":1705075175820,"level":"debug","message":"Executing recipe chrome-pdf","meta":{"rootId":"0e1hk6doed5xoci","id":"0e1hk6doed5xoci"},"id":"11bmvlzb58doqeq","previousOperationId":"eu9gdfp1mkunadk"}
{"type":"log","timestamp":1705075176088,"level":"debug","message":"Converting with chrome HeadlessChrome/117.0.5938.149 using chrome-pool strategy","meta":{"rootId":"0e1hk6doed5xoci","id":"0e1hk6doed5xoci"},"id":"jpw72lz8rb66xck","previousOperationId":"eu9gdfp1mkunadk"}
{"type":"log","timestamp":1705075176138,"level":"debug","message":"Page request: GET (document) file:///tmp/jsreport/autocleanup/df5f79f2-609e-425d-9e9e-1eb194a8f9bc-chrome-pdf.html","meta":{"rootId":"0e1hk6doed5xoci","id":"0e1hk6doed5xoci"},"id":"29qcbgh0b1uvm5b","previousOperationId":"eu9gdfp1mkunadk"}
{"type":"log","timestamp":1705075176147,"level":"debug","message":"Page request: GET (script) https://cdn.jsdelivr.net/npm/chart.js","meta":{"rootId":"0e1hk6doed5xoci","id":"0e1hk6doed5xoci"},"id":"uz8bdbjreim6f0s","previousOperationId":"eu9gdfp1mkunadk"}
{"type":"log","timestamp":1705075176148,"level":"debug","message":"Page request finished: GET (document) 200 file:///tmp/jsreport/autocleanup/df5f79f2-609e-425d-9e9e-1eb194a8f9bc-chrome-pdf.html","meta":{"rootId":"0e1hk6doed5xoci","id":"0e1hk6doed5xoci"},"id":"ueo1b4qfiweuhqk","previousOperationId":"eu9gdfp1mkunadk"}
{"type":"log","timestamp":1705075176357,"level":"debug","message":"Page request finished: GET (script) 200 https://cdn.jsdelivr.net/npm/chart.js","meta":{"rootId":"0e1hk6doed5xoci","id":"0e1hk6doed5xoci"},"id":"v1mq15x57nmmwdb","previousOperationId":"eu9gdfp1mkunadk"}
{"type":"log","timestamp":1705075176406,"level":"debug","message":"Running chrome with params {\"printBackground\":true,\"timeout\":58082,\"margin\":{}}","meta":{"rootId":"0e1hk6doed5xoci","id":"0e1hk6doed5xoci"},"id":"618l1ebkak6o1e7","previousOperationId":"eu9gdfp1mkunadk"}
{"type":"operationEnd","operationId":"eu9gdfp1mkunadk","timestamp":1705075176471,"id":"u1871tx2hxbwq1s","previousEventId":"vy33lpzj8v99796","previousOperationId":"eu9gdfp1mkunadk"}
{"type":"log","timestamp":1705075176471,"level":"debug","message":"Skipping storing report.","meta":{"rootId":"0e1hk6doed5xoci","id":"0e1hk6doed5xoci"},"id":"f18558jtxip6nq0","previousOperationId":"eu9gdfp1mkunadk"}
{"type":"log","timestamp":1705075176471,"level":"info","message":"Rendering request 2 finished in 2435 ms","meta":{"rootId":"0e1hk6doed5xoci","id":"0e1hk6doed5xoci"},"id":"1wtj1lrdgvo6zch","previousOperationId":"eu9gdfp1mkunadk"}
{"type":"operationEnd","subtype":"render","operationId":"kib7xurf2d7d2pj","timestamp":1705075176472,"id":"o3vplxcxyrec8qe","previousEventId":"u1871tx2hxbwq1s","previousOperationId":"eu9gdfp1mkunadk"}
{"type":"operationEnd","doDiffs":false,"previousEventId":"764n9ll42kow27q","previousOperationId":"06wth3nv6pvv9cv","operationId":"06wth3nv6pvv9cv","timestamp":1705075176475,"id":"vl1v16f0okvl53t"}
