{"type":"operationStart","subtype":"profile","data":{"_id":"Vji5p5pe2iWVQ7aI","timestamp":"2024-01-15T20:31:03.280Z","state":"queued","mode":"standard","creationDate":"2024-01-15T20:31:03.281Z","modificationDate":"2024-01-15T20:31:03.281Z","shortid":"BPg1Rqy","$entitySet":"profiles"},"doDiffs":false,"timestamp":1705350663281,"id":"8bq68mip55xuy9s","previousOperationId":null,"operationId":"bb483rno2hm8jgn"}
{"type":"log","level":"info","message":"Render request 14 queued for execution and waiting for available worker","previousOperationId":"bb483rno2hm8jgn","timestamp":1705350663281,"id":"zsnnv7ky50s6fht"}
{"type":"operationStart","subtype":"render","name":"User_project","previousOperationId":"bb483rno2hm8jgn","timestamp":1705350663283,"id":"hmpofs5nn4y9uzl","previousEventId":"8bq68mip55xuy9s","operationId":"6v68cbt3ohyc6wg"}
{"type":"log","timestamp":1705350663283,"level":"info","message":"Starting rendering request 14","meta":{"rootId":"0f5i58iiq5mf5y7","id":"0f5i58iiq5mf5y7"},"id":"gtw3dyo9zy1rauk","previousOperationId":"6v68cbt3ohyc6wg"}
{"type":"log","timestamp":1705350663283,"level":"info","message":"Rendering template { name: User_project, recipe: chrome-pdf, engine: handlebars, preview: false }","meta":{"rootId":"0f5i58iiq5mf5y7","id":"0f5i58iiq5mf5y7"},"id":"g0c7udhwy8s2scq","previousOperationId":"6v68cbt3ohyc6wg"}
{"type":"log","timestamp":1705350663285,"level":"debug","message":"Data item not defined for this template.","meta":{"rootId":"0f5i58iiq5mf5y7","id":"0f5i58iiq5mf5y7"},"id":"564b737846vp7py","previousOperationId":"6v68cbt3ohyc6wg"}
{"type":"log","timestamp":1705350663287,"level":"debug","message":"Executing script usabi-data (beforeRender)","meta":{"rootId":"0f5i58iiq5mf5y7","id":"0f5i58iiq5mf5y7"},"id":"1is9vx1woknn71r","previousOperationId":"6v68cbt3ohyc6wg"}
{"type":"operationStart","subtype":"scriptsBeforeRender","name":"scripts beforeRender","timestamp":1705350663291,"id":"17zs33wr20jdox1","previousEventId":"hmpofs5nn4y9uzl","operationId":"pszuz3fdg93pnk6","previousOperationId":"6v68cbt3ohyc6wg"}
{"type":"operationStart","subtype":"script","name":"scripts usabi-data","previousOperationId":"pszuz3fdg93pnk6","timestamp":1705350663291,"id":"4axlg2cr9a3h4ec","previousEventId":"17zs33wr20jdox1","operationId":"plgvn6gj1lcj5rx"}
{"type":"operationEnd","operationId":"plgvn6gj1lcj5rx","timestamp":1705350663306,"id":"a7eaauwf2ll5194","previousEventId":"hmpofs5nn4y9uzl","previousOperationId":"6v68cbt3ohyc6wg"}
{"type":"log","timestamp":1705350663306,"level":"debug","message":"Executing script orders-script (beforeRender)","meta":{"rootId":"0f5i58iiq5mf5y7","id":"0f5i58iiq5mf5y7"},"id":"n8zij327aqz4c5t","previousOperationId":"6v68cbt3ohyc6wg"}
{"type":"operationStart","subtype":"script","name":"scripts orders-script","previousOperationId":"pszuz3fdg93pnk6","timestamp":1705350663312,"id":"m0wl5h9xds0e6w1","previousEventId":"a7eaauwf2ll5194","operationId":"77jvum155rf10md"}
{"type":"operationEnd","operationId":"77jvum155rf10md","timestamp":1705350664653,"id":"rdnah4mpk9zpji8","previousEventId":"a7eaauwf2ll5194","previousOperationId":"6v68cbt3ohyc6wg"}
{"type":"operationEnd","operationId":"pszuz3fdg93pnk6","timestamp":1705350664653,"id":"gek8fn3atzh63wh","previousEventId":"rdnah4mpk9zpji8","previousOperationId":"6v68cbt3ohyc6wg"}
{"type":"log","timestamp":1705350664653,"level":"debug","message":"Base url not specified, skipping its injection.","meta":{"rootId":"0f5i58iiq5mf5y7","id":"0f5i58iiq5mf5y7"},"id":"iiik9rbqlinsa32","previousOperationId":"pszuz3fdg93pnk6"}
{"type":"operationStart","subtype":"engine","name":"handlebars","timestamp":1705350664653,"id":"y77gr4s2z5go1nc","previousEventId":"gek8fn3atzh63wh","operationId":"608y270tedcuiyi","previousOperationId":"pszuz3fdg93pnk6"}
{"type":"log","timestamp":1705350664653,"level":"debug","message":"Rendering engine handlebars","meta":{"rootId":"0f5i58iiq5mf5y7","id":"0f5i58iiq5mf5y7"},"id":"xrzr3mbu4dyn6ip","previousOperationId":"608y270tedcuiyi"}
{"type":"operationEnd","operationId":"608y270tedcuiyi","timestamp":1705350664670,"id":"hd5wh89y007zs6a","previousEventId":"y77gr4s2z5go1nc","previousOperationId":"608y270tedcuiyi"}
{"type":"operationStart","subtype":"recipe","name":"chrome-pdf","timestamp":1705350664671,"id":"3fewkok544vx018","previousEventId":"hd5wh89y007zs6a","operationId":"0kkwi4y5x7nu9ti","previousOperationId":"608y270tedcuiyi"}
{"type":"log","timestamp":1705350664671,"level":"debug","message":"Executing recipe chrome-pdf","meta":{"rootId":"0f5i58iiq5mf5y7","id":"0f5i58iiq5mf5y7"},"id":"g600md25ycmxv41","previousOperationId":"0kkwi4y5x7nu9ti"}
{"type":"log","timestamp":1705350664674,"level":"debug","message":"Converting with chrome HeadlessChrome/117.0.5938.149 using chrome-pool strategy","meta":{"rootId":"0f5i58iiq5mf5y7","id":"0f5i58iiq5mf5y7"},"id":"ig5ysfkzrxfinar","previousOperationId":"0kkwi4y5x7nu9ti"}
{"type":"log","timestamp":1705350664706,"level":"debug","message":"Page request: GET (document) file:///tmp/jsreport/autocleanup/abdd2ef0-8930-4230-9a66-9c44f2a310d2-chrome-pdf.html","meta":{"rootId":"0f5i58iiq5mf5y7","id":"0f5i58iiq5mf5y7"},"id":"olhwc9u2h3s9vyn","previousOperationId":"0kkwi4y5x7nu9ti"}
{"type":"log","timestamp":1705350664713,"level":"debug","message":"Page request: GET (script) https://cdn.jsdelivr.net/npm/chart.js","meta":{"rootId":"0f5i58iiq5mf5y7","id":"0f5i58iiq5mf5y7"},"id":"h7k4kz8ifdqreoi","previousOperationId":"0kkwi4y5x7nu9ti"}
{"type":"log","timestamp":1705350664714,"level":"debug","message":"Page request finished: GET (document) 200 file:///tmp/jsreport/autocleanup/abdd2ef0-8930-4230-9a66-9c44f2a310d2-chrome-pdf.html","meta":{"rootId":"0f5i58iiq5mf5y7","id":"0f5i58iiq5mf5y7"},"id":"pofvyms1bazg4sw","previousOperationId":"0kkwi4y5x7nu9ti"}
{"type":"log","timestamp":1705350664717,"level":"debug","message":"Page request finished: GET (script) 200 https://cdn.jsdelivr.net/npm/chart.js","meta":{"rootId":"0f5i58iiq5mf5y7","id":"0f5i58iiq5mf5y7"},"id":"jvzrrh8ozc1qv70","previousOperationId":"0kkwi4y5x7nu9ti"}
{"type":"log","timestamp":1705350664755,"level":"debug","message":"Running chrome with params {\"printBackground\":true,\"timeout\":58607,\"margin\":{}}","meta":{"rootId":"0f5i58iiq5mf5y7","id":"0f5i58iiq5mf5y7"},"id":"qzljf92vesp1dzz","previousOperationId":"0kkwi4y5x7nu9ti"}
{"type":"operationEnd","operationId":"0kkwi4y5x7nu9ti","timestamp":1705350664804,"id":"83t26ux66smjuho","previousEventId":"3fewkok544vx018","previousOperationId":"0kkwi4y5x7nu9ti"}
{"type":"log","timestamp":1705350664804,"level":"debug","message":"Skipping storing report.","meta":{"rootId":"0f5i58iiq5mf5y7","id":"0f5i58iiq5mf5y7"},"id":"wpytmwvgiy9tco8","previousOperationId":"0kkwi4y5x7nu9ti"}
{"type":"log","timestamp":1705350664804,"level":"info","message":"Rendering request 14 finished in 1524 ms","meta":{"rootId":"0f5i58iiq5mf5y7","id":"0f5i58iiq5mf5y7"},"id":"gfzsk6snuw64hot","previousOperationId":"0kkwi4y5x7nu9ti"}
{"type":"operationEnd","subtype":"render","operationId":"6v68cbt3ohyc6wg","timestamp":1705350664804,"id":"x5ucnyml535ox4d","previousEventId":"83t26ux66smjuho","previousOperationId":"0kkwi4y5x7nu9ti"}
{"type":"operationEnd","doDiffs":false,"previousEventId":"8bq68mip55xuy9s","previousOperationId":"bb483rno2hm8jgn","operationId":"bb483rno2hm8jgn","timestamp":1705350664807,"id":"e8ypfm330i8db0r"}
