{"type":"operationStart","subtype":"profile","data":{"_id":"bxb8PGChCkaZn5gI","timestamp":"2024-01-11T18:52:01.017Z","state":"queued","mode":"standard","creationDate":"2024-01-11T18:52:01.017Z","modificationDate":"2024-01-11T18:52:01.017Z","shortid":"WSP9IMc","$entitySet":"profiles"},"doDiffs":false,"timestamp":1704999121017,"id":"gsdwmcxtwpcamvf","previousOperationId":null,"operationId":"3gusq0mw9v81iwe"}
{"type":"log","level":"info","message":"Render request 47 queued for execution and waiting for available worker","previousOperationId":"3gusq0mw9v81iwe","timestamp":1704999121017,"id":"b18gu0p7w82kikm"}
{"type":"operationStart","subtype":"render","name":"User_project","previousOperationId":"3gusq0mw9v81iwe","timestamp":1704999121021,"id":"wt71ygw0l50kl7z","previousEventId":"gsdwmcxtwpcamvf","operationId":"o4jbiep1m7rvpfh"}
{"type":"log","timestamp":1704999121021,"level":"info","message":"Starting rendering request 47","meta":{"rootId":"0myr1iytrifa8ii","id":"0myr1iytrifa8ii"},"id":"tc9kx1o7uhc5wlb","previousOperationId":"o4jbiep1m7rvpfh"}
{"type":"log","timestamp":1704999121021,"level":"info","message":"Rendering template { name: User_project, recipe: chrome-pdf, engine: handlebars, preview: true }","meta":{"rootId":"0myr1iytrifa8ii","id":"0myr1iytrifa8ii"},"id":"15nvlguttrvvj9m","previousOperationId":"o4jbiep1m7rvpfh"}
{"type":"log","timestamp":1704999121021,"level":"debug","message":"Data item not defined for this template.","meta":{"rootId":"0myr1iytrifa8ii","id":"0myr1iytrifa8ii"},"id":"83voyk9km8sidxc","previousOperationId":"o4jbiep1m7rvpfh"}
{"type":"log","timestamp":1704999121023,"level":"debug","message":"Executing script usabi-data (beforeRender)","meta":{"rootId":"0myr1iytrifa8ii","id":"0myr1iytrifa8ii"},"id":"6zetqphmon2qlm3","previousOperationId":"o4jbiep1m7rvpfh"}
{"type":"operationStart","subtype":"scriptsBeforeRender","name":"scripts beforeRender","timestamp":1704999121026,"id":"hlqyx4teledti7l","previousEventId":"wt71ygw0l50kl7z","operationId":"ic433w2qcg24ald","previousOperationId":"o4jbiep1m7rvpfh"}
{"type":"operationStart","subtype":"script","name":"scripts usabi-data","previousOperationId":"ic433w2qcg24ald","timestamp":1704999121026,"id":"jxqhxysc06erhde","previousEventId":"hlqyx4teledti7l","operationId":"epmoshpwyww3ajl"}
{"type":"operationEnd","operationId":"epmoshpwyww3ajl","timestamp":1704999121045,"id":"s6matcmhakm5nqb","previousEventId":"wt71ygw0l50kl7z","previousOperationId":"o4jbiep1m7rvpfh"}
{"type":"log","timestamp":1704999121045,"level":"debug","message":"Executing script orders-script (beforeRender)","meta":{"rootId":"0myr1iytrifa8ii","id":"0myr1iytrifa8ii"},"id":"x5ugmn59ynbhyip","previousOperationId":"o4jbiep1m7rvpfh"}
{"type":"operationStart","subtype":"script","name":"scripts orders-script","previousOperationId":"ic433w2qcg24ald","timestamp":1704999121049,"id":"59cr7sxf48i2p45","previousEventId":"s6matcmhakm5nqb","operationId":"6dw8iuc44n4l83t"}
{"type":"operationEnd","operationId":"6dw8iuc44n4l83t","timestamp":1704999122318,"id":"2qe6oejabjf1s6f","previousEventId":"s6matcmhakm5nqb","previousOperationId":"o4jbiep1m7rvpfh"}
{"type":"operationEnd","operationId":"ic433w2qcg24ald","timestamp":1704999122318,"id":"f51c8jku0zav9cz","previousEventId":"2qe6oejabjf1s6f","previousOperationId":"o4jbiep1m7rvpfh"}
{"type":"log","timestamp":1704999122318,"level":"debug","message":"Base url not specified, skipping its injection.","meta":{"rootId":"0myr1iytrifa8ii","id":"0myr1iytrifa8ii"},"id":"8p6lil9p5wig0cj","previousOperationId":"ic433w2qcg24ald"}
{"type":"operationStart","subtype":"engine","name":"handlebars","timestamp":1704999122318,"id":"wrgvb0oi6x0zqvb","previousEventId":"f51c8jku0zav9cz","operationId":"nzdpudyp88h7d49","previousOperationId":"ic433w2qcg24ald"}
{"type":"log","timestamp":1704999122318,"level":"debug","message":"Rendering engine handlebars","meta":{"rootId":"0myr1iytrifa8ii","id":"0myr1iytrifa8ii"},"id":"6mnk3zod3fhbszl","previousOperationId":"nzdpudyp88h7d49"}
{"type":"operationEnd","operationId":"nzdpudyp88h7d49","timestamp":1704999122326,"id":"2kw9833ucabqped","previousEventId":"wrgvb0oi6x0zqvb","previousOperationId":"nzdpudyp88h7d49"}
{"type":"operationStart","subtype":"recipe","name":"chrome-pdf","timestamp":1704999122326,"id":"0m05lqbw56ykcum","previousEventId":"2kw9833ucabqped","operationId":"cfp97npdt2ry2dm","previousOperationId":"nzdpudyp88h7d49"}
{"type":"log","timestamp":1704999122326,"level":"debug","message":"Executing recipe chrome-pdf","meta":{"rootId":"0myr1iytrifa8ii","id":"0myr1iytrifa8ii"},"id":"wl507ncygbsiwjl","previousOperationId":"cfp97npdt2ry2dm"}
{"type":"log","timestamp":1704999122332,"level":"debug","message":"Converting with chrome HeadlessChrome/117.0.5938.149 using chrome-pool strategy","meta":{"rootId":"0myr1iytrifa8ii","id":"0myr1iytrifa8ii"},"id":"exjigfzqc5ocyg8","previousOperationId":"cfp97npdt2ry2dm"}
{"type":"log","timestamp":1704999122369,"level":"debug","message":"Page request: GET (document) file:///tmp/jsreport/autocleanup/41a7f437-ac4d-4361-8a36-f29e7ec81bc3-chrome-pdf.html","meta":{"rootId":"0myr1iytrifa8ii","id":"0myr1iytrifa8ii"},"id":"saoxrtkm3m6idxp","previousOperationId":"cfp97npdt2ry2dm"}
{"type":"log","timestamp":1704999122375,"level":"debug","message":"Page request: GET (script) https://cdn.jsdelivr.net/npm/chart.js","meta":{"rootId":"0myr1iytrifa8ii","id":"0myr1iytrifa8ii"},"id":"dgnd9call6qwuqk","previousOperationId":"cfp97npdt2ry2dm"}
{"type":"log","timestamp":1704999122376,"level":"debug","message":"Page request finished: GET (document) 200 file:///tmp/jsreport/autocleanup/41a7f437-ac4d-4361-8a36-f29e7ec81bc3-chrome-pdf.html","meta":{"rootId":"0myr1iytrifa8ii","id":"0myr1iytrifa8ii"},"id":"04kux7il84escbk","previousOperationId":"cfp97npdt2ry2dm"}
{"type":"log","timestamp":1704999122378,"level":"debug","message":"Page request finished: GET (script) 200 https://cdn.jsdelivr.net/npm/chart.js","meta":{"rootId":"0myr1iytrifa8ii","id":"0myr1iytrifa8ii"},"id":"gawqb7n6mf64mhb","previousOperationId":"cfp97npdt2ry2dm"}
{"type":"log","timestamp":1704999122420,"level":"debug","message":"Running chrome with params {\"printBackground\":true,\"timeout\":58686,\"margin\":{}}","meta":{"rootId":"0myr1iytrifa8ii","id":"0myr1iytrifa8ii"},"id":"v63xx70weiw4t59","previousOperationId":"cfp97npdt2ry2dm"}
{"type":"operationEnd","operationId":"cfp97npdt2ry2dm","timestamp":1704999122442,"id":"3vgjhtut98mcask","previousEventId":"0m05lqbw56ykcum","previousOperationId":"cfp97npdt2ry2dm"}
{"type":"log","timestamp":1704999122442,"level":"debug","message":"Skipping storing report.","meta":{"rootId":"0myr1iytrifa8ii","id":"0myr1iytrifa8ii"},"id":"jgupxx06teil8z0","previousOperationId":"cfp97npdt2ry2dm"}
{"type":"log","timestamp":1704999122442,"level":"info","message":"Rendering request 47 finished in 1425 ms","meta":{"rootId":"0myr1iytrifa8ii","id":"0myr1iytrifa8ii"},"id":"q08kt65wbnmebvi","previousOperationId":"cfp97npdt2ry2dm"}
{"type":"operationEnd","subtype":"render","operationId":"o4jbiep1m7rvpfh","timestamp":1704999122442,"id":"12jymfh4bti1pyo","previousEventId":"3vgjhtut98mcask","previousOperationId":"cfp97npdt2ry2dm"}
{"type":"operationEnd","doDiffs":false,"previousEventId":"gsdwmcxtwpcamvf","previousOperationId":"3gusq0mw9v81iwe","operationId":"3gusq0mw9v81iwe","timestamp":1704999122444,"id":"ru2u34yazklk36v"}
