{"type":"operationStart","subtype":"profile","data":{"_id":"RgXtl9h7lRF0DYB6","timestamp":"2024-01-11T18:33:17.077Z","state":"queued","mode":"standard","creationDate":"2024-01-11T18:33:17.077Z","modificationDate":"2024-01-11T18:33:17.077Z","shortid":"qGL102b","$entitySet":"profiles"},"doDiffs":false,"timestamp":1704997997077,"id":"snwlj3uhvpe0jm6","previousOperationId":null,"operationId":"mal2kbwyzpqfp99"}
{"type":"log","level":"info","message":"Render request 21 queued for execution and waiting for available worker","previousOperationId":"mal2kbwyzpqfp99","timestamp":1704997997077,"id":"6uaycv90g76lf2j"}
{"type":"operationStart","subtype":"render","name":"User_project","previousOperationId":"mal2kbwyzpqfp99","timestamp":1704997997081,"id":"p19j3etibcyci15","previousEventId":"snwlj3uhvpe0jm6","operationId":"1jdnffdq8e6gr7s"}
{"type":"log","timestamp":1704997997081,"level":"info","message":"Starting rendering request 21","meta":{"rootId":"0njjuwgte38w4ck","id":"0njjuwgte38w4ck"},"id":"16q4gts2of0w2gv","previousOperationId":"1jdnffdq8e6gr7s"}
{"type":"log","timestamp":1704997997081,"level":"info","message":"Rendering template { name: User_project, recipe: chrome-pdf, engine: handlebars, preview: true }","meta":{"rootId":"0njjuwgte38w4ck","id":"0njjuwgte38w4ck"},"id":"n7emj3ks7n9dsy9","previousOperationId":"1jdnffdq8e6gr7s"}
{"type":"log","timestamp":1704997997082,"level":"debug","message":"Data item not defined for this template.","meta":{"rootId":"0njjuwgte38w4ck","id":"0njjuwgte38w4ck"},"id":"tqd43tkukqf59v9","previousOperationId":"1jdnffdq8e6gr7s"}
{"type":"log","timestamp":1704997997083,"level":"debug","message":"Executing script usabi-data (beforeRender)","meta":{"rootId":"0njjuwgte38w4ck","id":"0njjuwgte38w4ck"},"id":"lf9d3580x6pfc3g","previousOperationId":"1jdnffdq8e6gr7s"}
{"type":"operationStart","subtype":"scriptsBeforeRender","name":"scripts beforeRender","timestamp":1704997997086,"id":"ltht80k5cw0qezc","previousEventId":"p19j3etibcyci15","operationId":"5ca06gm43j1um0h","previousOperationId":"1jdnffdq8e6gr7s"}
{"type":"operationStart","subtype":"script","name":"scripts usabi-data","previousOperationId":"5ca06gm43j1um0h","timestamp":1704997997086,"id":"hyivhvlgv8nz1be","previousEventId":"ltht80k5cw0qezc","operationId":"bogplwevw6yu9hw"}
{"type":"operationEnd","operationId":"bogplwevw6yu9hw","timestamp":1704997997103,"id":"eopx9gee8v0y9dk","previousEventId":"p19j3etibcyci15","previousOperationId":"1jdnffdq8e6gr7s"}
{"type":"log","timestamp":1704997997104,"level":"debug","message":"Executing script orders-script (beforeRender)","meta":{"rootId":"0njjuwgte38w4ck","id":"0njjuwgte38w4ck"},"id":"bhorzu97t0rqm35","previousOperationId":"1jdnffdq8e6gr7s"}
{"type":"operationStart","subtype":"script","name":"scripts orders-script","previousOperationId":"5ca06gm43j1um0h","timestamp":1704997997106,"id":"6lc7vd68b7k9j4g","previousEventId":"eopx9gee8v0y9dk","operationId":"rxmxk0v2xuog10n"}
{"type":"operationEnd","operationId":"rxmxk0v2xuog10n","timestamp":1704997999726,"id":"nu8pxjek0dvpgzp","previousEventId":"eopx9gee8v0y9dk","previousOperationId":"1jdnffdq8e6gr7s"}
{"type":"operationEnd","operationId":"5ca06gm43j1um0h","timestamp":1704997999726,"id":"dclng0pn9b68hsx","previousEventId":"nu8pxjek0dvpgzp","previousOperationId":"1jdnffdq8e6gr7s"}
{"type":"log","timestamp":1704997999726,"level":"debug","message":"Base url not specified, skipping its injection.","meta":{"rootId":"0njjuwgte38w4ck","id":"0njjuwgte38w4ck"},"id":"6aoupk21ixj6za3","previousOperationId":"5ca06gm43j1um0h"}
{"type":"operationStart","subtype":"engine","name":"handlebars","timestamp":1704997999727,"id":"16550i1l7ghthoj","previousEventId":"dclng0pn9b68hsx","operationId":"2rxnmhvndrs2zpi","previousOperationId":"5ca06gm43j1um0h"}
{"type":"log","timestamp":1704997999727,"level":"debug","message":"Rendering engine handlebars","meta":{"rootId":"0njjuwgte38w4ck","id":"0njjuwgte38w4ck"},"id":"67rc0xrmw2zaftc","previousOperationId":"2rxnmhvndrs2zpi"}
{"type":"operationEnd","operationId":"2rxnmhvndrs2zpi","timestamp":1704997999749,"id":"nkfslf80ekn65vy","previousEventId":"16550i1l7ghthoj","previousOperationId":"2rxnmhvndrs2zpi"}
{"type":"operationStart","subtype":"recipe","name":"chrome-pdf","timestamp":1704997999749,"id":"8fylrcjdp8xv3lf","previousEventId":"nkfslf80ekn65vy","operationId":"2cu4x5bdd3v2u18","previousOperationId":"2rxnmhvndrs2zpi"}
{"type":"log","timestamp":1704997999749,"level":"debug","message":"Executing recipe chrome-pdf","meta":{"rootId":"0njjuwgte38w4ck","id":"0njjuwgte38w4ck"},"id":"m4xqi01ui1tdcd4","previousOperationId":"2cu4x5bdd3v2u18"}
{"type":"log","timestamp":1704997999751,"level":"debug","message":"Converting with chrome HeadlessChrome/117.0.5938.149 using chrome-pool strategy","meta":{"rootId":"0njjuwgte38w4ck","id":"0njjuwgte38w4ck"},"id":"zyxhxgv1oep6rrr","previousOperationId":"2cu4x5bdd3v2u18"}
{"type":"log","timestamp":1704997999781,"level":"debug","message":"Page request: GET (document) file:///tmp/jsreport/autocleanup/2c3c5ab2-ecd2-412e-ad2a-c1c3f08f8881-chrome-pdf.html","meta":{"rootId":"0njjuwgte38w4ck","id":"0njjuwgte38w4ck"},"id":"58d9daelaa9j0ut","previousOperationId":"2cu4x5bdd3v2u18"}
{"type":"log","timestamp":1704997999788,"level":"debug","message":"Page request: GET (stylesheet) file:///tmp/jsreport/autocleanup/styles.css","meta":{"rootId":"0njjuwgte38w4ck","id":"0njjuwgte38w4ck"},"id":"gjbbacymkbo952n","previousOperationId":"2cu4x5bdd3v2u18"}
{"type":"log","timestamp":1704997999789,"level":"debug","message":"Page request: GET (script) https://cdn.jsdelivr.net/npm/chart.js","meta":{"rootId":"0njjuwgte38w4ck","id":"0njjuwgte38w4ck"},"id":"niz54mr4hrdoeni","previousOperationId":"2cu4x5bdd3v2u18"}
{"type":"log","timestamp":1704997999789,"level":"debug","message":"Page request finished: GET (document) 200 file:///tmp/jsreport/autocleanup/2c3c5ab2-ecd2-412e-ad2a-c1c3f08f8881-chrome-pdf.html","meta":{"rootId":"0njjuwgte38w4ck","id":"0njjuwgte38w4ck"},"id":"j1yt62ayhe57c3i","previousOperationId":"2cu4x5bdd3v2u18"}
{"type":"log","timestamp":1704997999790,"level":"warn","message":"Page request failed: GET (stylesheet) file:///tmp/jsreport/autocleanup/styles.css, failure: net::ERR_FILE_NOT_FOUND","meta":{"rootId":"0njjuwgte38w4ck","id":"0njjuwgte38w4ck"},"id":"i0arz3lz6e2feuo","previousOperationId":"2cu4x5bdd3v2u18"}
{"type":"log","timestamp":1704997999791,"level":"debug","message":"(console:error) Failed to load resource: net::ERR_FILE_NOT_FOUND","meta":{"userLevel":true,"rootId":"0njjuwgte38w4ck","id":"0njjuwgte38w4ck"},"id":"4rbm6k2n0wso91l","previousOperationId":"2cu4x5bdd3v2u18"}
{"type":"log","timestamp":1704997999792,"level":"debug","message":"Page request finished: GET (script) 200 https://cdn.jsdelivr.net/npm/chart.js","meta":{"rootId":"0njjuwgte38w4ck","id":"0njjuwgte38w4ck"},"id":"9mi2hl3ctwfbw7b","previousOperationId":"2cu4x5bdd3v2u18"}
{"type":"log","timestamp":1704997999838,"level":"debug","message":"Running chrome with params {\"printBackground\":true,\"timeout\":57327,\"margin\":{}}","meta":{"rootId":"0njjuwgte38w4ck","id":"0njjuwgte38w4ck"},"id":"z6s5xzbzi6vmp6i","previousOperationId":"2cu4x5bdd3v2u18"}
{"type":"operationEnd","operationId":"2cu4x5bdd3v2u18","timestamp":1704997999888,"id":"5pb52sg7tsa92fc","previousEventId":"8fylrcjdp8xv3lf","previousOperationId":"2cu4x5bdd3v2u18"}
{"type":"log","timestamp":1704997999888,"level":"debug","message":"Skipping storing report.","meta":{"rootId":"0njjuwgte38w4ck","id":"0njjuwgte38w4ck"},"id":"s9gjuexvsvjqa2p","previousOperationId":"2cu4x5bdd3v2u18"}
{"type":"log","timestamp":1704997999888,"level":"info","message":"Rendering request 21 finished in 2811 ms","meta":{"rootId":"0njjuwgte38w4ck","id":"0njjuwgte38w4ck"},"id":"r6zs24h2ckekwex","previousOperationId":"2cu4x5bdd3v2u18"}
{"type":"operationEnd","subtype":"render","operationId":"1jdnffdq8e6gr7s","timestamp":1704997999888,"id":"5rdzkhdedex4xks","previousEventId":"5pb52sg7tsa92fc","previousOperationId":"2cu4x5bdd3v2u18"}
{"type":"operationEnd","doDiffs":false,"previousEventId":"snwlj3uhvpe0jm6","previousOperationId":"mal2kbwyzpqfp99","operationId":"mal2kbwyzpqfp99","timestamp":1704997999891,"id":"47uzc03vshctn0t"}
