{"type":"operationStart","subtype":"profile","data":{"_id":"8kGD4rZ3wnPbIkYO","timestamp":"2024-01-10T20:34:28.003Z","state":"queued","mode":"standard","creationDate":"2024-01-10T20:34:28.006Z","modificationDate":"2024-01-10T20:34:28.006Z","shortid":"ChYboaT","$entitySet":"profiles"},"doDiffs":false,"timestamp":1704918868004,"id":"u4pf4cqbj2jvzk3","previousOperationId":null,"operationId":"7nrjl54dxldhbx0"}
{"type":"log","level":"info","message":"Render request 21 queued for execution and waiting for available worker","previousOperationId":"7nrjl54dxldhbx0","timestamp":1704918868005,"id":"a3lgjg9wxx9ba9f"}
{"type":"operationStart","subtype":"render","name":"User_project","previousOperationId":"7nrjl54dxldhbx0","timestamp":1704918868023,"id":"d9h7j31weaurvxs","previousEventId":"u4pf4cqbj2jvzk3","operationId":"h5xxyjkv6xzbaqs"}
{"type":"log","timestamp":1704918868023,"level":"info","message":"Starting rendering request 21","meta":{"rootId":"0pu0rx9unbv8co1","id":"0pu0rx9unbv8co1"},"id":"roh83gcz3pb9tol","previousOperationId":"h5xxyjkv6xzbaqs"}
{"type":"log","timestamp":1704918868023,"level":"info","message":"Rendering template { name: User_project, recipe: chrome-pdf, engine: handlebars, preview: true }","meta":{"rootId":"0pu0rx9unbv8co1","id":"0pu0rx9unbv8co1"},"id":"25413ejczapahth","previousOperationId":"h5xxyjkv6xzbaqs"}
{"type":"log","timestamp":1704918868024,"level":"debug","message":"Data item not defined for this template.","meta":{"rootId":"0pu0rx9unbv8co1","id":"0pu0rx9unbv8co1"},"id":"dt0c92upme5edwf","previousOperationId":"h5xxyjkv6xzbaqs"}
{"type":"log","timestamp":1704918868027,"level":"debug","message":"Executing script usabi-data (beforeRender)","meta":{"rootId":"0pu0rx9unbv8co1","id":"0pu0rx9unbv8co1"},"id":"m5wwapvbzlu37kn","previousOperationId":"h5xxyjkv6xzbaqs"}
{"type":"operationStart","subtype":"scriptsBeforeRender","name":"scripts beforeRender","timestamp":1704918868032,"id":"255ea97242jssld","previousEventId":"d9h7j31weaurvxs","operationId":"ean7vv8s3uulacq","previousOperationId":"h5xxyjkv6xzbaqs"}
{"type":"operationStart","subtype":"script","name":"scripts usabi-data","previousOperationId":"ean7vv8s3uulacq","timestamp":1704918868032,"id":"zut28z3n2p8wbx3","previousEventId":"255ea97242jssld","operationId":"t9ai2r1jbsqom0p"}
{"type":"operationEnd","operationId":"t9ai2r1jbsqom0p","timestamp":1704918868043,"id":"jglen7qdbmgc0yr","previousEventId":"d9h7j31weaurvxs","previousOperationId":"h5xxyjkv6xzbaqs"}
{"type":"operationEnd","operationId":"ean7vv8s3uulacq","timestamp":1704918868043,"id":"m6vhrx3l150lwph","previousEventId":"jglen7qdbmgc0yr","previousOperationId":"h5xxyjkv6xzbaqs"}
{"type":"log","timestamp":1704918868043,"level":"debug","message":"Base url not specified, skipping its injection.","meta":{"rootId":"0pu0rx9unbv8co1","id":"0pu0rx9unbv8co1"},"id":"vycotq9gas6jdhq","previousOperationId":"ean7vv8s3uulacq"}
{"type":"operationStart","subtype":"engine","name":"handlebars","timestamp":1704918868043,"id":"ro8qtwic5a9pumc","previousEventId":"m6vhrx3l150lwph","operationId":"hbis3m9uzv5jdur","previousOperationId":"ean7vv8s3uulacq"}
{"type":"log","timestamp":1704918868043,"level":"debug","message":"Rendering engine handlebars","meta":{"rootId":"0pu0rx9unbv8co1","id":"0pu0rx9unbv8co1"},"id":"1tuui6kr9a7wvje","previousOperationId":"hbis3m9uzv5jdur"}
{"type":"operationEnd","operationId":"hbis3m9uzv5jdur","timestamp":1704918868050,"id":"8c41cwvl523uwfc","previousEventId":"ro8qtwic5a9pumc","previousOperationId":"hbis3m9uzv5jdur"}
{"type":"operationStart","subtype":"recipe","name":"chrome-pdf","timestamp":1704918868050,"id":"8s8agfrksviehqy","previousEventId":"8c41cwvl523uwfc","operationId":"1ki57if4oy4hdj1","previousOperationId":"hbis3m9uzv5jdur"}
{"type":"log","timestamp":1704918868050,"level":"debug","message":"Executing recipe chrome-pdf","meta":{"rootId":"0pu0rx9unbv8co1","id":"0pu0rx9unbv8co1"},"id":"vc96lyqtpbdhjbu","previousOperationId":"1ki57if4oy4hdj1"}
{"type":"log","timestamp":1704918868052,"level":"debug","message":"Converting with chrome HeadlessChrome/117.0.5938.149 using chrome-pool strategy","meta":{"rootId":"0pu0rx9unbv8co1","id":"0pu0rx9unbv8co1"},"id":"x5v6nydwjll18b8","previousOperationId":"1ki57if4oy4hdj1"}
{"type":"log","timestamp":1704918868079,"level":"debug","message":"Page request: GET (document) file:///tmp/jsreport/autocleanup/ddfedd38-eb37-4b44-95c5-cc7029e3768a-chrome-pdf.html","meta":{"rootId":"0pu0rx9unbv8co1","id":"0pu0rx9unbv8co1"},"id":"wxwpxboeu1up55u","previousOperationId":"1ki57if4oy4hdj1"}
{"type":"log","timestamp":1704918868084,"level":"debug","message":"Page request finished: GET (document) 200 file:///tmp/jsreport/autocleanup/ddfedd38-eb37-4b44-95c5-cc7029e3768a-chrome-pdf.html","meta":{"rootId":"0pu0rx9unbv8co1","id":"0pu0rx9unbv8co1"},"id":"rv249vxlwmppcof","previousOperationId":"1ki57if4oy4hdj1"}
{"type":"log","timestamp":1704918868088,"level":"debug","message":"Running chrome with params {\"printBackground\":true,\"timeout\":59951,\"margin\":{}}","meta":{"rootId":"0pu0rx9unbv8co1","id":"0pu0rx9unbv8co1"},"id":"d92ofcdfjtazah6","previousOperationId":"1ki57if4oy4hdj1"}
{"type":"operationEnd","operationId":"1ki57if4oy4hdj1","timestamp":1704918868095,"id":"wsreclk5syld3b1","previousEventId":"8s8agfrksviehqy","previousOperationId":"1ki57if4oy4hdj1"}
{"type":"log","timestamp":1704918868095,"level":"debug","message":"Skipping storing report.","meta":{"rootId":"0pu0rx9unbv8co1","id":"0pu0rx9unbv8co1"},"id":"oems0bjrwibsxz8","previousOperationId":"1ki57if4oy4hdj1"}
{"type":"log","timestamp":1704918868095,"level":"info","message":"Rendering request 21 finished in 93 ms","meta":{"rootId":"0pu0rx9unbv8co1","id":"0pu0rx9unbv8co1"},"id":"4sih11rdxy62m3b","previousOperationId":"1ki57if4oy4hdj1"}
{"type":"operationEnd","subtype":"render","operationId":"h5xxyjkv6xzbaqs","timestamp":1704918868095,"id":"7ns1bpndjvckex4","previousEventId":"wsreclk5syld3b1","previousOperationId":"1ki57if4oy4hdj1"}
{"type":"operationEnd","doDiffs":false,"previousEventId":"u4pf4cqbj2jvzk3","previousOperationId":"7nrjl54dxldhbx0","operationId":"7nrjl54dxldhbx0","timestamp":1704918868099,"id":"07l3bru8uoh3a3r"}
