{"type":"operationStart","subtype":"profile","data":{"_id":"gfwejigr2Jxwozfa","timestamp":"2024-01-11T20:08:50.847Z","state":"queued","mode":"standard","creationDate":"2024-01-11T20:08:50.848Z","modificationDate":"2024-01-11T20:08:50.848Z","shortid":"fXsk-Wy","$entitySet":"profiles"},"doDiffs":false,"timestamp":1705003730847,"id":"nv16dteka3s2qgm","previousOperationId":null,"operationId":"6ml8i5uvb2bwl6m"}
{"type":"log","level":"info","message":"Render request 4 queued for execution and waiting for available worker","previousOperationId":"6ml8i5uvb2bwl6m","timestamp":1705003730847,"id":"gy4if3pln9ruruh"}
{"type":"operationStart","subtype":"render","name":"User_project","previousOperationId":"6ml8i5uvb2bwl6m","timestamp":1705003730851,"id":"fvh7rbc9cmvse5h","previousEventId":"nv16dteka3s2qgm","operationId":"ifz6jirrdxzeh73"}
{"type":"log","timestamp":1705003730851,"level":"info","message":"Starting rendering request 4","meta":{"rootId":"0wpsfvkz9ytv7z9","id":"0wpsfvkz9ytv7z9"},"id":"pe2xjnbbvurmr1l","previousOperationId":"ifz6jirrdxzeh73"}
{"type":"log","timestamp":1705003730851,"level":"info","message":"Rendering template { name: User_project, recipe: chrome-pdf, engine: handlebars, preview: false }","meta":{"rootId":"0wpsfvkz9ytv7z9","id":"0wpsfvkz9ytv7z9"},"id":"axnn47lkzpqu0l6","previousOperationId":"ifz6jirrdxzeh73"}
{"type":"log","timestamp":1705003730852,"level":"debug","message":"Data item not defined for this template.","meta":{"rootId":"0wpsfvkz9ytv7z9","id":"0wpsfvkz9ytv7z9"},"id":"6zw3m2bl5o0bqhy","previousOperationId":"ifz6jirrdxzeh73"}
{"type":"log","timestamp":1705003730855,"level":"debug","message":"Executing script usabi-data (beforeRender)","meta":{"rootId":"0wpsfvkz9ytv7z9","id":"0wpsfvkz9ytv7z9"},"id":"e4ljsw028l6scnc","previousOperationId":"ifz6jirrdxzeh73"}
{"type":"operationStart","subtype":"scriptsBeforeRender","name":"scripts beforeRender","timestamp":1705003730862,"id":"hq0y103u1ibxwdw","previousEventId":"fvh7rbc9cmvse5h","operationId":"92zd0dnybunmv3x","previousOperationId":"ifz6jirrdxzeh73"}
{"type":"operationStart","subtype":"script","name":"scripts usabi-data","previousOperationId":"92zd0dnybunmv3x","timestamp":1705003730862,"id":"ur15m1d04dmagfe","previousEventId":"hq0y103u1ibxwdw","operationId":"71qd97i06oirdoe"}
{"type":"operationEnd","operationId":"71qd97i06oirdoe","timestamp":1705003730879,"id":"kxq2v1klsz8t23r","previousEventId":"fvh7rbc9cmvse5h","previousOperationId":"ifz6jirrdxzeh73"}
{"type":"log","timestamp":1705003730879,"level":"debug","message":"Executing script orders-script (beforeRender)","meta":{"rootId":"0wpsfvkz9ytv7z9","id":"0wpsfvkz9ytv7z9"},"id":"vswbm1xjyfl9mzv","previousOperationId":"ifz6jirrdxzeh73"}
{"type":"operationStart","subtype":"script","name":"scripts orders-script","previousOperationId":"92zd0dnybunmv3x","timestamp":1705003730883,"id":"bo68ld2zfuagkge","previousEventId":"kxq2v1klsz8t23r","operationId":"22ydvbahvfaxwwh"}
{"type":"operationEnd","operationId":"22ydvbahvfaxwwh","timestamp":1705003732617,"id":"c1sel6sghqxq9qp","previousEventId":"kxq2v1klsz8t23r","previousOperationId":"ifz6jirrdxzeh73"}
{"type":"operationEnd","operationId":"92zd0dnybunmv3x","timestamp":1705003732617,"id":"k1yyz406jqdpqv1","previousEventId":"c1sel6sghqxq9qp","previousOperationId":"ifz6jirrdxzeh73"}
{"type":"log","timestamp":1705003732617,"level":"debug","message":"Base url not specified, skipping its injection.","meta":{"rootId":"0wpsfvkz9ytv7z9","id":"0wpsfvkz9ytv7z9"},"id":"k5a7e5i6l4o7ism","previousOperationId":"92zd0dnybunmv3x"}
{"type":"operationStart","subtype":"engine","name":"handlebars","timestamp":1705003732617,"id":"msqq4khz81nic4d","previousEventId":"k1yyz406jqdpqv1","operationId":"iyr6049g246ed6r","previousOperationId":"92zd0dnybunmv3x"}
{"type":"log","timestamp":1705003732618,"level":"debug","message":"Rendering engine handlebars","meta":{"rootId":"0wpsfvkz9ytv7z9","id":"0wpsfvkz9ytv7z9"},"id":"5l924zy0morsozf","previousOperationId":"iyr6049g246ed6r"}
{"type":"operationEnd","operationId":"iyr6049g246ed6r","timestamp":1705003732642,"id":"13sitymtuxyk5pn","previousEventId":"msqq4khz81nic4d","previousOperationId":"iyr6049g246ed6r"}
{"type":"operationStart","subtype":"recipe","name":"chrome-pdf","timestamp":1705003732642,"id":"bbqdx57v6lo64f4","previousEventId":"13sitymtuxyk5pn","operationId":"mpzmasmc9y1fnrl","previousOperationId":"iyr6049g246ed6r"}
{"type":"log","timestamp":1705003732642,"level":"debug","message":"Executing recipe chrome-pdf","meta":{"rootId":"0wpsfvkz9ytv7z9","id":"0wpsfvkz9ytv7z9"},"id":"8clfmzvkz8q1rl1","previousOperationId":"mpzmasmc9y1fnrl"}
{"type":"log","timestamp":1705003732655,"level":"debug","message":"Converting with chrome HeadlessChrome/117.0.5938.149 using chrome-pool strategy","meta":{"rootId":"0wpsfvkz9ytv7z9","id":"0wpsfvkz9ytv7z9"},"id":"rfyp7m8o0uzzcrz","previousOperationId":"mpzmasmc9y1fnrl"}
{"type":"log","timestamp":1705003732687,"level":"debug","message":"Page request: GET (document) file:///tmp/jsreport/autocleanup/a7e129e9-6e82-495f-9e53-9d8ceb0eab8a-chrome-pdf.html","meta":{"rootId":"0wpsfvkz9ytv7z9","id":"0wpsfvkz9ytv7z9"},"id":"geau1s8f4we0zgv","previousOperationId":"mpzmasmc9y1fnrl"}
{"type":"log","timestamp":1705003732694,"level":"debug","message":"Page request: GET (script) https://cdn.jsdelivr.net/npm/chart.js","meta":{"rootId":"0wpsfvkz9ytv7z9","id":"0wpsfvkz9ytv7z9"},"id":"uoyyomn9ipjc5sd","previousOperationId":"mpzmasmc9y1fnrl"}
{"type":"log","timestamp":1705003732694,"level":"debug","message":"Page request finished: GET (document) 200 file:///tmp/jsreport/autocleanup/a7e129e9-6e82-495f-9e53-9d8ceb0eab8a-chrome-pdf.html","meta":{"rootId":"0wpsfvkz9ytv7z9","id":"0wpsfvkz9ytv7z9"},"id":"tgkgbu21mxwjgm7","previousOperationId":"mpzmasmc9y1fnrl"}
{"type":"log","timestamp":1705003732704,"level":"debug","message":"Page request finished: GET (script) 200 https://cdn.jsdelivr.net/npm/chart.js","meta":{"rootId":"0wpsfvkz9ytv7z9","id":"0wpsfvkz9ytv7z9"},"id":"rmq2zsuajiokqd2","previousOperationId":"mpzmasmc9y1fnrl"}
{"type":"log","timestamp":1705003732748,"level":"debug","message":"Running chrome with params {\"printBackground\":true,\"timeout\":58203,\"margin\":{}}","meta":{"rootId":"0wpsfvkz9ytv7z9","id":"0wpsfvkz9ytv7z9"},"id":"zna7vb447vmks9v","previousOperationId":"mpzmasmc9y1fnrl"}
{"type":"operationEnd","operationId":"mpzmasmc9y1fnrl","timestamp":1705003732799,"id":"a7m42fk7trgw0m0","previousEventId":"bbqdx57v6lo64f4","previousOperationId":"mpzmasmc9y1fnrl"}
{"type":"log","timestamp":1705003732799,"level":"debug","message":"Skipping storing report.","meta":{"rootId":"0wpsfvkz9ytv7z9","id":"0wpsfvkz9ytv7z9"},"id":"1uh1cb5vyphgj3z","previousOperationId":"mpzmasmc9y1fnrl"}
{"type":"log","timestamp":1705003732799,"level":"info","message":"Rendering request 4 finished in 1953 ms","meta":{"rootId":"0wpsfvkz9ytv7z9","id":"0wpsfvkz9ytv7z9"},"id":"hwj9bgr1etepblw","previousOperationId":"mpzmasmc9y1fnrl"}
{"type":"operationEnd","subtype":"render","operationId":"ifz6jirrdxzeh73","timestamp":1705003732799,"id":"5eingx6bpxx31as","previousEventId":"a7m42fk7trgw0m0","previousOperationId":"mpzmasmc9y1fnrl"}
{"type":"operationEnd","doDiffs":false,"previousEventId":"nv16dteka3s2qgm","previousOperationId":"6ml8i5uvb2bwl6m","operationId":"6ml8i5uvb2bwl6m","timestamp":1705003732801,"id":"vfqqkhljxc4v89u"}
