{"type":"operationStart","subtype":"profile","data":{"_id":"KEgbDvlHERkvolIl","timestamp":"2024-01-10T20:24:31.739Z","state":"queued","mode":"standard","creationDate":"2024-01-10T20:24:31.740Z","modificationDate":"2024-01-10T20:24:31.740Z","shortid":"B2Ilvlz","$entitySet":"profiles"},"doDiffs":false,"timestamp":1704918271740,"id":"7p06mqtivqcmzpe","previousOperationId":null,"operationId":"v9rnn91kgjjy5c8"}
{"type":"log","level":"info","message":"Render request 14 queued for execution and waiting for available worker","previousOperationId":"v9rnn91kgjjy5c8","timestamp":1704918271740,"id":"wh7cf2779ea45qo"}
{"type":"operationStart","subtype":"render","name":"User_project","previousOperationId":"v9rnn91kgjjy5c8","timestamp":1704918271745,"id":"c6i5ouiqtgx2h26","previousEventId":"7p06mqtivqcmzpe","operationId":"v25jr6lju22as7q"}
{"type":"log","timestamp":1704918271745,"level":"info","message":"Starting rendering request 14","meta":{"rootId":"0xdciormljhiz4w","id":"0xdciormljhiz4w"},"id":"a3acszr79fsd1mq","previousOperationId":"v25jr6lju22as7q"}
{"type":"log","timestamp":1704918271746,"level":"info","message":"Rendering template { name: User_project, recipe: chrome-pdf, engine: handlebars, preview: true }","meta":{"rootId":"0xdciormljhiz4w","id":"0xdciormljhiz4w"},"id":"z05cmftqmhlz4eh","previousOperationId":"v25jr6lju22as7q"}
{"type":"log","timestamp":1704918271746,"level":"debug","message":"Data item not defined for this template.","meta":{"rootId":"0xdciormljhiz4w","id":"0xdciormljhiz4w"},"id":"s6fidvhtbg7imu9","previousOperationId":"v25jr6lju22as7q"}
{"type":"log","timestamp":1704918271747,"level":"debug","message":"Executing script usabi-data (beforeRender)","meta":{"rootId":"0xdciormljhiz4w","id":"0xdciormljhiz4w"},"id":"u0rrrrctb5q5308","previousOperationId":"v25jr6lju22as7q"}
{"type":"operationStart","subtype":"scriptsBeforeRender","name":"scripts beforeRender","timestamp":1704918271751,"id":"c6ml3spwn59o2n8","previousEventId":"c6i5ouiqtgx2h26","operationId":"0u7g4wac7g68ehl","previousOperationId":"v25jr6lju22as7q"}
{"type":"operationStart","subtype":"script","name":"scripts usabi-data","previousOperationId":"0u7g4wac7g68ehl","timestamp":1704918271751,"id":"tp0r9skpqzlq6f4","previousEventId":"c6ml3spwn59o2n8","operationId":"7sfcqeo7dxe8om6"}
{"type":"log","timestamp":1704918271979,"level":"debug","message":"(console:error) Error en la solicitud. Código de estado: 500","meta":{"userLevel":true,"rootId":"0xdciormljhiz4w","id":"0xdciormljhiz4w"},"id":"rrmsvip9zn8mtkm","previousOperationId":"7sfcqeo7dxe8om6"}
{"type":"operationEnd","operationId":"7sfcqeo7dxe8om6","timestamp":1704918271980,"id":"dt6tviwwyr7wgk5","previousEventId":"c6i5ouiqtgx2h26","previousOperationId":"v25jr6lju22as7q"}
{"type":"operationEnd","operationId":"0u7g4wac7g68ehl","timestamp":1704918271980,"id":"ro73g3wmlznzl8d","previousEventId":"dt6tviwwyr7wgk5","previousOperationId":"v25jr6lju22as7q"}
{"type":"log","timestamp":1704918271980,"level":"debug","message":"Base url not specified, skipping its injection.","meta":{"rootId":"0xdciormljhiz4w","id":"0xdciormljhiz4w"},"id":"kzds0rhksxgsbe1","previousOperationId":"0u7g4wac7g68ehl"}
{"type":"operationStart","subtype":"engine","name":"handlebars","timestamp":1704918271980,"id":"dqstobupb3tsy6s","previousEventId":"ro73g3wmlznzl8d","operationId":"10hrallo5g9kbvz","previousOperationId":"0u7g4wac7g68ehl"}
{"type":"log","timestamp":1704918271980,"level":"debug","message":"Rendering engine handlebars","meta":{"rootId":"0xdciormljhiz4w","id":"0xdciormljhiz4w"},"id":"wa0h8nhwrn7owtn","previousOperationId":"10hrallo5g9kbvz"}
{"type":"operationEnd","operationId":"10hrallo5g9kbvz","timestamp":1704918271986,"id":"sau5sy2kot65nb6","previousEventId":"dqstobupb3tsy6s","previousOperationId":"10hrallo5g9kbvz"}
{"type":"operationStart","subtype":"recipe","name":"chrome-pdf","timestamp":1704918271986,"id":"v5y8huq3dutqiq3","previousEventId":"sau5sy2kot65nb6","operationId":"0cm7jebkwvmcrkf","previousOperationId":"10hrallo5g9kbvz"}
{"type":"log","timestamp":1704918271986,"level":"debug","message":"Executing recipe chrome-pdf","meta":{"rootId":"0xdciormljhiz4w","id":"0xdciormljhiz4w"},"id":"r11rdmdxgo9mt53","previousOperationId":"0cm7jebkwvmcrkf"}
{"type":"log","timestamp":1704918271987,"level":"debug","message":"Converting with chrome HeadlessChrome/117.0.5938.149 using chrome-pool strategy","meta":{"rootId":"0xdciormljhiz4w","id":"0xdciormljhiz4w"},"id":"256kdl81bye0299","previousOperationId":"0cm7jebkwvmcrkf"}
{"type":"log","timestamp":1704918272017,"level":"debug","message":"Page request: GET (document) file:///tmp/jsreport/autocleanup/88ce4ec6-7dbd-4ec6-b8d3-bd541124c91d-chrome-pdf.html","meta":{"rootId":"0xdciormljhiz4w","id":"0xdciormljhiz4w"},"id":"7kyord4q7woe1mh","previousOperationId":"0cm7jebkwvmcrkf"}
{"type":"log","timestamp":1704918272024,"level":"debug","message":"Page request finished: GET (document) 200 file:///tmp/jsreport/autocleanup/88ce4ec6-7dbd-4ec6-b8d3-bd541124c91d-chrome-pdf.html","meta":{"rootId":"0xdciormljhiz4w","id":"0xdciormljhiz4w"},"id":"d2wpawi8jdh6ca1","previousOperationId":"0cm7jebkwvmcrkf"}
{"type":"log","timestamp":1704918272027,"level":"debug","message":"Running chrome with params {\"printBackground\":true,\"timeout\":59752,\"margin\":{}}","meta":{"rootId":"0xdciormljhiz4w","id":"0xdciormljhiz4w"},"id":"uifskf40aqt2np9","previousOperationId":"0cm7jebkwvmcrkf"}
{"type":"operationEnd","operationId":"0cm7jebkwvmcrkf","timestamp":1704918272034,"id":"nvjqhotm5kxbxf4","previousEventId":"v5y8huq3dutqiq3","previousOperationId":"0cm7jebkwvmcrkf"}
{"type":"log","timestamp":1704918272034,"level":"debug","message":"Skipping storing report.","meta":{"rootId":"0xdciormljhiz4w","id":"0xdciormljhiz4w"},"id":"cv5dtx5lkb6nvcx","previousOperationId":"0cm7jebkwvmcrkf"}
{"type":"log","timestamp":1704918272034,"level":"info","message":"Rendering request 14 finished in 295 ms","meta":{"rootId":"0xdciormljhiz4w","id":"0xdciormljhiz4w"},"id":"4ma7rdvbttrohod","previousOperationId":"0cm7jebkwvmcrkf"}
{"type":"operationEnd","subtype":"render","operationId":"v25jr6lju22as7q","timestamp":1704918272034,"id":"0d205gdoqaqvkcf","previousEventId":"nvjqhotm5kxbxf4","previousOperationId":"0cm7jebkwvmcrkf"}
{"type":"operationEnd","doDiffs":false,"previousEventId":"7p06mqtivqcmzpe","previousOperationId":"v9rnn91kgjjy5c8","operationId":"v9rnn91kgjjy5c8","timestamp":1704918272038,"id":"ykjvnzrzonxfda6"}
