{"type":"operationStart","subtype":"profile","data":{"_id":"qjfVJiJvCdJOZBVc","timestamp":"2024-01-11T16:15:38.307Z","state":"queued","mode":"standard","creationDate":"2024-01-11T16:15:38.308Z","modificationDate":"2024-01-11T16:15:38.308Z","shortid":"ESIB68f","$entitySet":"profiles"},"doDiffs":false,"timestamp":1704989738307,"id":"g5zy8uf1yakj32w","previousOperationId":null,"operationId":"8pa7pdp4bzc0j7g"}
{"type":"log","level":"info","message":"Render request 16 queued for execution and waiting for available worker","previousOperationId":"8pa7pdp4bzc0j7g","timestamp":1704989738307,"id":"w7yjugwejnp199k"}
{"type":"operationStart","subtype":"render","name":"User_project","previousOperationId":"8pa7pdp4bzc0j7g","timestamp":1704989738331,"id":"hnljgkq1oa5n9gf","previousEventId":"g5zy8uf1yakj32w","operationId":"d783uy8gqoz20uy"}
{"type":"log","timestamp":1704989738331,"level":"info","message":"Starting rendering request 16","meta":{"rootId":"0z6x3j18mrlwv82","id":"0z6x3j18mrlwv82"},"id":"uu6ch4stdzl4t0k","previousOperationId":"d783uy8gqoz20uy"}
{"type":"log","timestamp":1704989738331,"level":"info","message":"Rendering template { name: User_project, recipe: chrome-pdf, engine: handlebars, preview: true }","meta":{"rootId":"0z6x3j18mrlwv82","id":"0z6x3j18mrlwv82"},"id":"7p8xvton45yejex","previousOperationId":"d783uy8gqoz20uy"}
{"type":"log","timestamp":1704989738339,"level":"debug","message":"Data item not defined for this template.","meta":{"rootId":"0z6x3j18mrlwv82","id":"0z6x3j18mrlwv82"},"id":"khizwje5bct17d9","previousOperationId":"d783uy8gqoz20uy"}
{"type":"log","timestamp":1704989738340,"level":"debug","message":"Executing script usabi-data (beforeRender)","meta":{"rootId":"0z6x3j18mrlwv82","id":"0z6x3j18mrlwv82"},"id":"0bk05p99t0gn9x3","previousOperationId":"d783uy8gqoz20uy"}
{"type":"operationStart","subtype":"scriptsBeforeRender","name":"scripts beforeRender","timestamp":1704989738345,"id":"n6ttle48ey138c4","previousEventId":"hnljgkq1oa5n9gf","operationId":"4hbtowarlwxnwxe","previousOperationId":"d783uy8gqoz20uy"}
{"type":"operationStart","subtype":"script","name":"scripts usabi-data","previousOperationId":"4hbtowarlwxnwxe","timestamp":1704989738345,"id":"10zswziudnpbddg","previousEventId":"n6ttle48ey138c4","operationId":"7ute0niply7icm4"}
{"type":"operationEnd","operationId":"7ute0niply7icm4","timestamp":1704989738361,"id":"7sw5lb1siy5wwsk","previousEventId":"hnljgkq1oa5n9gf","previousOperationId":"d783uy8gqoz20uy"}
{"type":"operationEnd","operationId":"4hbtowarlwxnwxe","timestamp":1704989738361,"id":"ujn1unsm0p75la4","previousEventId":"7sw5lb1siy5wwsk","previousOperationId":"d783uy8gqoz20uy"}
{"type":"log","timestamp":1704989738361,"level":"debug","message":"Base url not specified, skipping its injection.","meta":{"rootId":"0z6x3j18mrlwv82","id":"0z6x3j18mrlwv82"},"id":"i4uoy5ptffr8qtw","previousOperationId":"4hbtowarlwxnwxe"}
{"type":"operationStart","subtype":"engine","name":"handlebars","timestamp":1704989738362,"id":"fbswdsbzd58osli","previousEventId":"ujn1unsm0p75la4","operationId":"o6op030qf9kodzu","previousOperationId":"4hbtowarlwxnwxe"}
{"type":"log","timestamp":1704989738362,"level":"debug","message":"Rendering engine handlebars","meta":{"rootId":"0z6x3j18mrlwv82","id":"0z6x3j18mrlwv82"},"id":"qq1dqwgp8mzxk1w","previousOperationId":"o6op030qf9kodzu"}
{"type":"operationEnd","operationId":"o6op030qf9kodzu","timestamp":1704989738372,"id":"m4mi6v3o01pa0vx","previousEventId":"fbswdsbzd58osli","previousOperationId":"o6op030qf9kodzu"}
{"type":"operationStart","subtype":"recipe","name":"chrome-pdf","timestamp":1704989738372,"id":"t6y0i88mrdq28ps","previousEventId":"m4mi6v3o01pa0vx","operationId":"kblfrfo2x9ekqgc","previousOperationId":"o6op030qf9kodzu"}
{"type":"log","timestamp":1704989738372,"level":"debug","message":"Executing recipe chrome-pdf","meta":{"rootId":"0z6x3j18mrlwv82","id":"0z6x3j18mrlwv82"},"id":"h7p1o1jwl52srcj","previousOperationId":"kblfrfo2x9ekqgc"}
{"type":"log","timestamp":1704989738374,"level":"debug","message":"Converting with chrome HeadlessChrome/117.0.5938.149 using chrome-pool strategy","meta":{"rootId":"0z6x3j18mrlwv82","id":"0z6x3j18mrlwv82"},"id":"yrg0r4yxlxsub5c","previousOperationId":"kblfrfo2x9ekqgc"}
{"type":"log","timestamp":1704989738405,"level":"debug","message":"Page request: GET (document) file:///tmp/jsreport/autocleanup/86a3f538-edd4-43a9-b4e0-da723b80ddcf-chrome-pdf.html","meta":{"rootId":"0z6x3j18mrlwv82","id":"0z6x3j18mrlwv82"},"id":"3qgv1f9y321giwy","previousOperationId":"kblfrfo2x9ekqgc"}
{"type":"log","timestamp":1704989738411,"level":"debug","message":"Page request: GET (script) https://cdn.jsdelivr.net/npm/chart.js","meta":{"rootId":"0z6x3j18mrlwv82","id":"0z6x3j18mrlwv82"},"id":"s8riq5xqstavjxb","previousOperationId":"kblfrfo2x9ekqgc"}
{"type":"log","timestamp":1704989738412,"level":"debug","message":"Page request finished: GET (document) 200 file:///tmp/jsreport/autocleanup/86a3f538-edd4-43a9-b4e0-da723b80ddcf-chrome-pdf.html","meta":{"rootId":"0z6x3j18mrlwv82","id":"0z6x3j18mrlwv82"},"id":"eud332k9emkndou","previousOperationId":"kblfrfo2x9ekqgc"}
{"type":"log","timestamp":1704989738415,"level":"debug","message":"Page request finished: GET (script) 200 https://cdn.jsdelivr.net/npm/chart.js","meta":{"rootId":"0z6x3j18mrlwv82","id":"0z6x3j18mrlwv82"},"id":"87o95y78u4xx947","previousOperationId":"kblfrfo2x9ekqgc"}
{"type":"log","timestamp":1704989738460,"level":"debug","message":"Running chrome with params {\"printBackground\":true,\"timeout\":59933,\"margin\":{}}","meta":{"rootId":"0z6x3j18mrlwv82","id":"0z6x3j18mrlwv82"},"id":"1fs8ewiar3p87ef","previousOperationId":"kblfrfo2x9ekqgc"}
{"type":"operationEnd","operationId":"kblfrfo2x9ekqgc","timestamp":1704989738483,"id":"cxq0jjxiflv5oav","previousEventId":"t6y0i88mrdq28ps","previousOperationId":"kblfrfo2x9ekqgc"}
{"type":"log","timestamp":1704989738483,"level":"debug","message":"Skipping storing report.","meta":{"rootId":"0z6x3j18mrlwv82","id":"0z6x3j18mrlwv82"},"id":"mjhftcvlaunfpu1","previousOperationId":"kblfrfo2x9ekqgc"}
{"type":"log","timestamp":1704989738483,"level":"info","message":"Rendering request 16 finished in 177 ms","meta":{"rootId":"0z6x3j18mrlwv82","id":"0z6x3j18mrlwv82"},"id":"vmla1zah7e9zr2g","previousOperationId":"kblfrfo2x9ekqgc"}
{"type":"operationEnd","subtype":"render","operationId":"d783uy8gqoz20uy","timestamp":1704989738483,"id":"q4q247ht05njbou","previousEventId":"cxq0jjxiflv5oav","previousOperationId":"kblfrfo2x9ekqgc"}
{"type":"operationEnd","doDiffs":false,"previousEventId":"g5zy8uf1yakj32w","previousOperationId":"8pa7pdp4bzc0j7g","operationId":"8pa7pdp4bzc0j7g","timestamp":1704989738485,"id":"7kbrnxa8c7y0e9r"}
