{"type":"operationStart","subtype":"profile","data":{"_id":"d6nCbOp1nZH5N9wP","timestamp":"2024-01-11T18:45:03.367Z","state":"queued","mode":"standard","creationDate":"2024-01-11T18:45:03.368Z","modificationDate":"2024-01-11T18:45:03.368Z","shortid":"xNN6b5i","$entitySet":"profiles"},"doDiffs":false,"timestamp":1704998703367,"id":"w43g1l8ehkr0qxr","previousOperationId":null,"operationId":"92y7wnspo4rrqzz"}
{"type":"log","level":"info","message":"Render request 35 queued for execution and waiting for available worker","previousOperationId":"92y7wnspo4rrqzz","timestamp":1704998703367,"id":"z15ij1c7h8tilg9"}
{"type":"operationStart","subtype":"render","name":"User_project","previousOperationId":"92y7wnspo4rrqzz","timestamp":1704998703372,"id":"0yagt62m8nmsco6","previousEventId":"w43g1l8ehkr0qxr","operationId":"ricr59os2jhrsgr"}
{"type":"log","timestamp":1704998703372,"level":"info","message":"Starting rendering request 35","meta":{"rootId":"19pn9utylmxbovq","id":"19pn9utylmxbovq"},"id":"qffketsbmd8jvez","previousOperationId":"ricr59os2jhrsgr"}
{"type":"log","timestamp":1704998703372,"level":"info","message":"Rendering template { name: User_project, recipe: chrome-pdf, engine: handlebars, preview: true }","meta":{"rootId":"19pn9utylmxbovq","id":"19pn9utylmxbovq"},"id":"iz3xtzvibjr75x3","previousOperationId":"ricr59os2jhrsgr"}
{"type":"log","timestamp":1704998703372,"level":"debug","message":"Data item not defined for this template.","meta":{"rootId":"19pn9utylmxbovq","id":"19pn9utylmxbovq"},"id":"mgb8mbpymz3uf2d","previousOperationId":"ricr59os2jhrsgr"}
{"type":"log","timestamp":1704998703374,"level":"debug","message":"Executing script usabi-data (beforeRender)","meta":{"rootId":"19pn9utylmxbovq","id":"19pn9utylmxbovq"},"id":"uifw3c93ihwyxzh","previousOperationId":"ricr59os2jhrsgr"}
{"type":"operationStart","subtype":"scriptsBeforeRender","name":"scripts beforeRender","timestamp":1704998703378,"id":"k2v5ad4mx1vipw1","previousEventId":"0yagt62m8nmsco6","operationId":"24hn1fty9jkzkpj","previousOperationId":"ricr59os2jhrsgr"}
{"type":"operationStart","subtype":"script","name":"scripts usabi-data","previousOperationId":"24hn1fty9jkzkpj","timestamp":1704998703378,"id":"yrdtz48wp9vmp5n","previousEventId":"k2v5ad4mx1vipw1","operationId":"89mbz40tdkegy3n"}
{"type":"operationEnd","operationId":"89mbz40tdkegy3n","timestamp":1704998703394,"id":"k3xu5jqehuowav9","previousEventId":"0yagt62m8nmsco6","previousOperationId":"ricr59os2jhrsgr"}
{"type":"log","timestamp":1704998703394,"level":"debug","message":"Executing script orders-script (beforeRender)","meta":{"rootId":"19pn9utylmxbovq","id":"19pn9utylmxbovq"},"id":"87rpn4tmdrvd8lv","previousOperationId":"ricr59os2jhrsgr"}
{"type":"operationStart","subtype":"script","name":"scripts orders-script","previousOperationId":"24hn1fty9jkzkpj","timestamp":1704998703398,"id":"9rbkayabyc0exfm","previousEventId":"k3xu5jqehuowav9","operationId":"e82dlr3ym83cffg"}
{"type":"operationEnd","operationId":"e82dlr3ym83cffg","timestamp":1704998704669,"id":"9wcfxxl0cqgqqr7","previousEventId":"k3xu5jqehuowav9","previousOperationId":"ricr59os2jhrsgr"}
{"type":"operationEnd","operationId":"24hn1fty9jkzkpj","timestamp":1704998704669,"id":"vs9kbmdpl77xm48","previousEventId":"9wcfxxl0cqgqqr7","previousOperationId":"ricr59os2jhrsgr"}
{"type":"log","timestamp":1704998704669,"level":"debug","message":"Base url not specified, skipping its injection.","meta":{"rootId":"19pn9utylmxbovq","id":"19pn9utylmxbovq"},"id":"1hthveded67tv2s","previousOperationId":"24hn1fty9jkzkpj"}
{"type":"operationStart","subtype":"engine","name":"handlebars","timestamp":1704998704669,"id":"rcxotuii4y0si46","previousEventId":"vs9kbmdpl77xm48","operationId":"sgig5fm0amc5xtg","previousOperationId":"24hn1fty9jkzkpj"}
{"type":"log","timestamp":1704998704669,"level":"debug","message":"Rendering engine handlebars","meta":{"rootId":"19pn9utylmxbovq","id":"19pn9utylmxbovq"},"id":"ag20acr0kl4eu71","previousOperationId":"sgig5fm0amc5xtg"}
{"type":"operationEnd","operationId":"sgig5fm0amc5xtg","timestamp":1704998704683,"id":"b7a0yr6j4nwn0wj","previousEventId":"rcxotuii4y0si46","previousOperationId":"sgig5fm0amc5xtg"}
{"type":"operationStart","subtype":"recipe","name":"chrome-pdf","timestamp":1704998704684,"id":"snpbqh6q3f7qgmr","previousEventId":"b7a0yr6j4nwn0wj","operationId":"gg87jt2b03y0bu4","previousOperationId":"sgig5fm0amc5xtg"}
{"type":"log","timestamp":1704998704684,"level":"debug","message":"Executing recipe chrome-pdf","meta":{"rootId":"19pn9utylmxbovq","id":"19pn9utylmxbovq"},"id":"j35id32nkbm5f0u","previousOperationId":"gg87jt2b03y0bu4"}
{"type":"log","timestamp":1704998704687,"level":"debug","message":"Converting with chrome HeadlessChrome/117.0.5938.149 using chrome-pool strategy","meta":{"rootId":"19pn9utylmxbovq","id":"19pn9utylmxbovq"},"id":"200i1o1blcylbii","previousOperationId":"gg87jt2b03y0bu4"}
{"type":"log","timestamp":1704998704721,"level":"debug","message":"Page request: GET (document) file:///tmp/jsreport/autocleanup/d573fc0b-9958-43bf-a751-32969287d911-chrome-pdf.html","meta":{"rootId":"19pn9utylmxbovq","id":"19pn9utylmxbovq"},"id":"v347mqfzns2sn6i","previousOperationId":"gg87jt2b03y0bu4"}
{"type":"log","timestamp":1704998704729,"level":"debug","message":"Page request: GET (script) https://cdn.jsdelivr.net/npm/chart.js","meta":{"rootId":"19pn9utylmxbovq","id":"19pn9utylmxbovq"},"id":"gii9m2w9mqmq5ff","previousOperationId":"gg87jt2b03y0bu4"}
{"type":"log","timestamp":1704998704729,"level":"debug","message":"Page request finished: GET (document) 200 file:///tmp/jsreport/autocleanup/d573fc0b-9958-43bf-a751-32969287d911-chrome-pdf.html","meta":{"rootId":"19pn9utylmxbovq","id":"19pn9utylmxbovq"},"id":"9nnl58ym40xr5lv","previousOperationId":"gg87jt2b03y0bu4"}
{"type":"log","timestamp":1704998704733,"level":"debug","message":"Page request finished: GET (script) 200 https://cdn.jsdelivr.net/npm/chart.js","meta":{"rootId":"19pn9utylmxbovq","id":"19pn9utylmxbovq"},"id":"ljz6qqsvwqia4nb","previousOperationId":"gg87jt2b03y0bu4"}
{"type":"log","timestamp":1704998704773,"level":"debug","message":"Running chrome with params {\"printBackground\":true,\"timeout\":58681,\"margin\":{}}","meta":{"rootId":"19pn9utylmxbovq","id":"19pn9utylmxbovq"},"id":"o16oo2iydek129o","previousOperationId":"gg87jt2b03y0bu4"}
{"type":"operationEnd","operationId":"gg87jt2b03y0bu4","timestamp":1704998704792,"id":"w25mzs061shha33","previousEventId":"snpbqh6q3f7qgmr","previousOperationId":"gg87jt2b03y0bu4"}
{"type":"log","timestamp":1704998704792,"level":"debug","message":"Skipping storing report.","meta":{"rootId":"19pn9utylmxbovq","id":"19pn9utylmxbovq"},"id":"yi3gjf4hhe39h6o","previousOperationId":"gg87jt2b03y0bu4"}
{"type":"log","timestamp":1704998704792,"level":"info","message":"Rendering request 35 finished in 1425 ms","meta":{"rootId":"19pn9utylmxbovq","id":"19pn9utylmxbovq"},"id":"7lbhtt72kbwluep","previousOperationId":"gg87jt2b03y0bu4"}
{"type":"operationEnd","subtype":"render","operationId":"ricr59os2jhrsgr","timestamp":1704998704792,"id":"3yeu70hvhbh6ljc","previousEventId":"w25mzs061shha33","previousOperationId":"gg87jt2b03y0bu4"}
{"type":"operationEnd","doDiffs":false,"previousEventId":"w43g1l8ehkr0qxr","previousOperationId":"92y7wnspo4rrqzz","operationId":"92y7wnspo4rrqzz","timestamp":1704998704796,"id":"7zpafry9dorlm0r"}
