{"type":"operationStart","subtype":"profile","data":{"_id":"CJN5vNOLfJGLOKiT","timestamp":"2024-01-11T18:39:37.187Z","state":"queued","mode":"standard","creationDate":"2024-01-11T18:39:37.188Z","modificationDate":"2024-01-11T18:39:37.188Z","shortid":"eTDpke6","$entitySet":"profiles"},"doDiffs":false,"timestamp":1704998377187,"id":"7jknvcb3lexrfxh","previousOperationId":null,"operationId":"1tyhg5n5xhc8wz1"}
{"type":"log","level":"info","message":"Render request 29 queued for execution and waiting for available worker","previousOperationId":"1tyhg5n5xhc8wz1","timestamp":1704998377187,"id":"eoyoengvdkhq88c"}
{"type":"operationStart","subtype":"render","name":"User_project","previousOperationId":"1tyhg5n5xhc8wz1","timestamp":1704998377192,"id":"pbe0wjvmmdiixx1","previousEventId":"7jknvcb3lexrfxh","operationId":"mzkn9v5k97112vw"}
{"type":"log","timestamp":1704998377193,"level":"info","message":"Starting rendering request 29","meta":{"rootId":"1aojraoqt6n0m4b","id":"1aojraoqt6n0m4b"},"id":"3qije8q43tbyy8w","previousOperationId":"mzkn9v5k97112vw"}
{"type":"log","timestamp":1704998377193,"level":"info","message":"Rendering template { name: User_project, recipe: chrome-pdf, engine: handlebars, preview: true }","meta":{"rootId":"1aojraoqt6n0m4b","id":"1aojraoqt6n0m4b"},"id":"j5p80jifhgvobm1","previousOperationId":"mzkn9v5k97112vw"}
{"type":"log","timestamp":1704998377194,"level":"debug","message":"Data item not defined for this template.","meta":{"rootId":"1aojraoqt6n0m4b","id":"1aojraoqt6n0m4b"},"id":"guwrv66r0pzhv3k","previousOperationId":"mzkn9v5k97112vw"}
{"type":"log","timestamp":1704998377196,"level":"debug","message":"Executing script usabi-data (beforeRender)","meta":{"rootId":"1aojraoqt6n0m4b","id":"1aojraoqt6n0m4b"},"id":"dq8r488bevihfk8","previousOperationId":"mzkn9v5k97112vw"}
{"type":"operationStart","subtype":"scriptsBeforeRender","name":"scripts beforeRender","timestamp":1704998377202,"id":"d6y6elw28zgfoaa","previousEventId":"pbe0wjvmmdiixx1","operationId":"ifly0bnqbghsvdd","previousOperationId":"mzkn9v5k97112vw"}
{"type":"operationStart","subtype":"script","name":"scripts usabi-data","previousOperationId":"ifly0bnqbghsvdd","timestamp":1704998377202,"id":"xmr3kue0t8vxp47","previousEventId":"d6y6elw28zgfoaa","operationId":"pogyqua2lrdjxp6"}
{"type":"operationEnd","operationId":"pogyqua2lrdjxp6","timestamp":1704998377236,"id":"nm5jd85ums4ernx","previousEventId":"pbe0wjvmmdiixx1","previousOperationId":"mzkn9v5k97112vw"}
{"type":"log","timestamp":1704998377236,"level":"debug","message":"Executing script orders-script (beforeRender)","meta":{"rootId":"1aojraoqt6n0m4b","id":"1aojraoqt6n0m4b"},"id":"aaq4fsw5wwrmiui","previousOperationId":"mzkn9v5k97112vw"}
{"type":"operationStart","subtype":"script","name":"scripts orders-script","previousOperationId":"ifly0bnqbghsvdd","timestamp":1704998377239,"id":"4vgi2mypjd9kbal","previousEventId":"nm5jd85ums4ernx","operationId":"a19luygv2bm7lar"}
{"type":"operationEnd","operationId":"a19luygv2bm7lar","timestamp":1704998378557,"id":"1t54cgrkjg4364c","previousEventId":"nm5jd85ums4ernx","previousOperationId":"mzkn9v5k97112vw"}
{"type":"operationEnd","operationId":"ifly0bnqbghsvdd","timestamp":1704998378557,"id":"4sdg6bjc9j14ah1","previousEventId":"1t54cgrkjg4364c","previousOperationId":"mzkn9v5k97112vw"}
{"type":"log","timestamp":1704998378557,"level":"debug","message":"Base url not specified, skipping its injection.","meta":{"rootId":"1aojraoqt6n0m4b","id":"1aojraoqt6n0m4b"},"id":"37ql8kx03jf11z6","previousOperationId":"ifly0bnqbghsvdd"}
{"type":"operationStart","subtype":"engine","name":"handlebars","timestamp":1704998378557,"id":"oca67q00j4w3brn","previousEventId":"4sdg6bjc9j14ah1","operationId":"9wqju1wi5lluogy","previousOperationId":"ifly0bnqbghsvdd"}
{"type":"log","timestamp":1704998378557,"level":"debug","message":"Rendering engine handlebars","meta":{"rootId":"1aojraoqt6n0m4b","id":"1aojraoqt6n0m4b"},"id":"eaeivxx7vrngi87","previousOperationId":"9wqju1wi5lluogy"}
{"type":"operationEnd","operationId":"9wqju1wi5lluogy","timestamp":1704998378583,"id":"yvx87fipsx3q6so","previousEventId":"oca67q00j4w3brn","previousOperationId":"9wqju1wi5lluogy"}
{"type":"operationStart","subtype":"recipe","name":"chrome-pdf","timestamp":1704998378583,"id":"481jg4stduavlbu","previousEventId":"yvx87fipsx3q6so","operationId":"2dztvdcuyztu0yq","previousOperationId":"9wqju1wi5lluogy"}
{"type":"log","timestamp":1704998378583,"level":"debug","message":"Executing recipe chrome-pdf","meta":{"rootId":"1aojraoqt6n0m4b","id":"1aojraoqt6n0m4b"},"id":"p0zj4d2fdpdnq6a","previousOperationId":"2dztvdcuyztu0yq"}
{"type":"log","timestamp":1704998378585,"level":"debug","message":"Converting with chrome HeadlessChrome/117.0.5938.149 using chrome-pool strategy","meta":{"rootId":"1aojraoqt6n0m4b","id":"1aojraoqt6n0m4b"},"id":"lu4t8mah0076n19","previousOperationId":"2dztvdcuyztu0yq"}
{"type":"log","timestamp":1704998378618,"level":"debug","message":"Page request: GET (document) file:///tmp/jsreport/autocleanup/70abc004-0c67-43ff-977b-663e635f0356-chrome-pdf.html","meta":{"rootId":"1aojraoqt6n0m4b","id":"1aojraoqt6n0m4b"},"id":"xmjbtp92sh17dot","previousOperationId":"2dztvdcuyztu0yq"}
{"type":"log","timestamp":1704998378625,"level":"debug","message":"Page request: GET (script) https://cdn.jsdelivr.net/npm/chart.js","meta":{"rootId":"1aojraoqt6n0m4b","id":"1aojraoqt6n0m4b"},"id":"zdu98b8ycagsg1d","previousOperationId":"2dztvdcuyztu0yq"}
{"type":"log","timestamp":1704998378625,"level":"debug","message":"Page request finished: GET (document) 200 file:///tmp/jsreport/autocleanup/70abc004-0c67-43ff-977b-663e635f0356-chrome-pdf.html","meta":{"rootId":"1aojraoqt6n0m4b","id":"1aojraoqt6n0m4b"},"id":"37qq9wrizht3efn","previousOperationId":"2dztvdcuyztu0yq"}
{"type":"log","timestamp":1704998378629,"level":"debug","message":"Page request finished: GET (script) 200 https://cdn.jsdelivr.net/npm/chart.js","meta":{"rootId":"1aojraoqt6n0m4b","id":"1aojraoqt6n0m4b"},"id":"j9aas2s4xapdhuj","previousOperationId":"2dztvdcuyztu0yq"}
{"type":"log","timestamp":1704998378672,"level":"debug","message":"Running chrome with params {\"printBackground\":true,\"timeout\":58603,\"margin\":{}}","meta":{"rootId":"1aojraoqt6n0m4b","id":"1aojraoqt6n0m4b"},"id":"t2q75xiwxyyluqm","previousOperationId":"2dztvdcuyztu0yq"}
{"type":"operationEnd","operationId":"2dztvdcuyztu0yq","timestamp":1704998378727,"id":"hh4aoo0ss95w6gf","previousEventId":"481jg4stduavlbu","previousOperationId":"2dztvdcuyztu0yq"}
{"type":"log","timestamp":1704998378727,"level":"debug","message":"Skipping storing report.","meta":{"rootId":"1aojraoqt6n0m4b","id":"1aojraoqt6n0m4b"},"id":"15sfdg8uaouoj3p","previousOperationId":"2dztvdcuyztu0yq"}
{"type":"log","timestamp":1704998378727,"level":"info","message":"Rendering request 29 finished in 1540 ms","meta":{"rootId":"1aojraoqt6n0m4b","id":"1aojraoqt6n0m4b"},"id":"arh3dongm8q79k3","previousOperationId":"2dztvdcuyztu0yq"}
{"type":"operationEnd","subtype":"render","operationId":"mzkn9v5k97112vw","timestamp":1704998378727,"id":"frrsrdjm2f6d04x","previousEventId":"hh4aoo0ss95w6gf","previousOperationId":"2dztvdcuyztu0yq"}
{"type":"operationEnd","doDiffs":false,"previousEventId":"7jknvcb3lexrfxh","previousOperationId":"1tyhg5n5xhc8wz1","operationId":"1tyhg5n5xhc8wz1","timestamp":1704998378731,"id":"gdq7crylhsirza9"}
