{"type":"operationStart","subtype":"profile","data":{"_id":"xbjkjrkBDUHvW2jp","timestamp":"2024-01-11T16:25:35.116Z","state":"queued","mode":"standard","creationDate":"2024-01-11T16:25:35.117Z","modificationDate":"2024-01-11T16:25:35.117Z","shortid":"UujiopR","$entitySet":"profiles"},"doDiffs":false,"timestamp":1704990335117,"id":"szthaaxn1h68gft","previousOperationId":null,"operationId":"01e3ofsti7e9obf"}
{"type":"log","level":"info","message":"Render request 31 queued for execution and waiting for available worker","previousOperationId":"01e3ofsti7e9obf","timestamp":1704990335117,"id":"k71xdvdf3c0r8mq"}
{"type":"operationStart","subtype":"render","name":"User_project","previousOperationId":"01e3ofsti7e9obf","timestamp":1704990335120,"id":"n7m3xlaqfy01qkf","previousEventId":"szthaaxn1h68gft","operationId":"rywuzes8iskcdto"}
{"type":"log","timestamp":1704990335120,"level":"info","message":"Starting rendering request 31","meta":{"rootId":"1bkvwoy4guw1t2e","id":"1bkvwoy4guw1t2e"},"id":"voiayydxq21xwfp","previousOperationId":"rywuzes8iskcdto"}
{"type":"log","timestamp":1704990335121,"level":"info","message":"Rendering template { name: User_project, recipe: chrome-pdf, engine: handlebars, preview: true }","meta":{"rootId":"1bkvwoy4guw1t2e","id":"1bkvwoy4guw1t2e"},"id":"06go7hl4hpksc0k","previousOperationId":"rywuzes8iskcdto"}
{"type":"log","timestamp":1704990335121,"level":"debug","message":"Data item not defined for this template.","meta":{"rootId":"1bkvwoy4guw1t2e","id":"1bkvwoy4guw1t2e"},"id":"g1ezp7jzx6k6xg0","previousOperationId":"rywuzes8iskcdto"}
{"type":"log","timestamp":1704990335122,"level":"debug","message":"Executing script usabi-data (beforeRender)","meta":{"rootId":"1bkvwoy4guw1t2e","id":"1bkvwoy4guw1t2e"},"id":"ew26kbmd0fiwk14","previousOperationId":"rywuzes8iskcdto"}
{"type":"operationStart","subtype":"scriptsBeforeRender","name":"scripts beforeRender","timestamp":1704990335126,"id":"0u8ahr7twxabz3g","previousEventId":"n7m3xlaqfy01qkf","operationId":"alvjuuz13rcmgmn","previousOperationId":"rywuzes8iskcdto"}
{"type":"operationStart","subtype":"script","name":"scripts usabi-data","previousOperationId":"alvjuuz13rcmgmn","timestamp":1704990335126,"id":"zb5zxa9z5a9pq2c","previousEventId":"0u8ahr7twxabz3g","operationId":"60lb81fbfd0yzgb"}
{"type":"operationEnd","operationId":"60lb81fbfd0yzgb","timestamp":1704990335140,"id":"ic7waygqpxs3k3y","previousEventId":"n7m3xlaqfy01qkf","previousOperationId":"rywuzes8iskcdto"}
{"type":"operationEnd","operationId":"alvjuuz13rcmgmn","timestamp":1704990335140,"id":"b4d9kyyddenh4om","previousEventId":"ic7waygqpxs3k3y","previousOperationId":"rywuzes8iskcdto"}
{"type":"log","timestamp":1704990335140,"level":"debug","message":"Base url not specified, skipping its injection.","meta":{"rootId":"1bkvwoy4guw1t2e","id":"1bkvwoy4guw1t2e"},"id":"9w9zoew404x4d7e","previousOperationId":"alvjuuz13rcmgmn"}
{"type":"operationStart","subtype":"engine","name":"handlebars","timestamp":1704990335140,"id":"qmdfyvl4xacvewu","previousEventId":"b4d9kyyddenh4om","operationId":"s0rdrbv9ip2nc2z","previousOperationId":"alvjuuz13rcmgmn"}
{"type":"log","timestamp":1704990335140,"level":"debug","message":"Rendering engine handlebars","meta":{"rootId":"1bkvwoy4guw1t2e","id":"1bkvwoy4guw1t2e"},"id":"hph4hoiluqzd4s6","previousOperationId":"s0rdrbv9ip2nc2z"}
{"type":"operationEnd","operationId":"s0rdrbv9ip2nc2z","timestamp":1704990335150,"id":"855170ujywado2g","previousEventId":"qmdfyvl4xacvewu","previousOperationId":"s0rdrbv9ip2nc2z"}
{"type":"operationStart","subtype":"recipe","name":"chrome-pdf","timestamp":1704990335150,"id":"j91604c66wlao3l","previousEventId":"855170ujywado2g","operationId":"3ygrncf2s8trnmy","previousOperationId":"s0rdrbv9ip2nc2z"}
{"type":"log","timestamp":1704990335150,"level":"debug","message":"Executing recipe chrome-pdf","meta":{"rootId":"1bkvwoy4guw1t2e","id":"1bkvwoy4guw1t2e"},"id":"xpy4ghl2ht650p6","previousOperationId":"3ygrncf2s8trnmy"}
{"type":"log","timestamp":1704990335152,"level":"debug","message":"Converting with chrome HeadlessChrome/117.0.5938.149 using chrome-pool strategy","meta":{"rootId":"1bkvwoy4guw1t2e","id":"1bkvwoy4guw1t2e"},"id":"gic2udkfuwalz09","previousOperationId":"3ygrncf2s8trnmy"}
{"type":"log","timestamp":1704990335198,"level":"debug","message":"Page request: GET (document) file:///tmp/jsreport/autocleanup/5e53aa26-a434-4e91-8e16-00b772b21fe2-chrome-pdf.html","meta":{"rootId":"1bkvwoy4guw1t2e","id":"1bkvwoy4guw1t2e"},"id":"9htopwy9onvgrhr","previousOperationId":"3ygrncf2s8trnmy"}
{"type":"log","timestamp":1704990335205,"level":"debug","message":"Page request: GET (script) https://cdn.jsdelivr.net/npm/chart.js","meta":{"rootId":"1bkvwoy4guw1t2e","id":"1bkvwoy4guw1t2e"},"id":"0akaq75yuvzf770","previousOperationId":"3ygrncf2s8trnmy"}
{"type":"log","timestamp":1704990335205,"level":"debug","message":"Page request finished: GET (document) 200 file:///tmp/jsreport/autocleanup/5e53aa26-a434-4e91-8e16-00b772b21fe2-chrome-pdf.html","meta":{"rootId":"1bkvwoy4guw1t2e","id":"1bkvwoy4guw1t2e"},"id":"3igscup0s6lzr82","previousOperationId":"3ygrncf2s8trnmy"}
{"type":"log","timestamp":1704990335209,"level":"debug","message":"Page request finished: GET (script) 200 https://cdn.jsdelivr.net/npm/chart.js","meta":{"rootId":"1bkvwoy4guw1t2e","id":"1bkvwoy4guw1t2e"},"id":"37w3fodfjydc0wd","previousOperationId":"3ygrncf2s8trnmy"}
{"type":"log","timestamp":1704990335255,"level":"debug","message":"Running chrome with params {\"printBackground\":true,\"timeout\":59965,\"margin\":{}}","meta":{"rootId":"1bkvwoy4guw1t2e","id":"1bkvwoy4guw1t2e"},"id":"1bz6w3ovx93t45o","previousOperationId":"3ygrncf2s8trnmy"}
{"type":"operationEnd","operationId":"3ygrncf2s8trnmy","timestamp":1704990335276,"id":"t0ha84pzqhqr6ds","previousEventId":"j91604c66wlao3l","previousOperationId":"3ygrncf2s8trnmy"}
{"type":"log","timestamp":1704990335276,"level":"debug","message":"Skipping storing report.","meta":{"rootId":"1bkvwoy4guw1t2e","id":"1bkvwoy4guw1t2e"},"id":"2ppoen787zwx7l6","previousOperationId":"3ygrncf2s8trnmy"}
{"type":"log","timestamp":1704990335276,"level":"info","message":"Rendering request 31 finished in 160 ms","meta":{"rootId":"1bkvwoy4guw1t2e","id":"1bkvwoy4guw1t2e"},"id":"h4epngmshhin1wo","previousOperationId":"3ygrncf2s8trnmy"}
{"type":"operationEnd","subtype":"render","operationId":"rywuzes8iskcdto","timestamp":1704990335276,"id":"1e2gdbztapn296n","previousEventId":"t0ha84pzqhqr6ds","previousOperationId":"3ygrncf2s8trnmy"}
{"type":"operationEnd","doDiffs":false,"previousEventId":"szthaaxn1h68gft","previousOperationId":"01e3ofsti7e9obf","operationId":"01e3ofsti7e9obf","timestamp":1704990335279,"id":"clwjbhv67toz6me"}
