{"type":"operationStart","subtype":"profile","data":{"_id":"5EpOkPhLR30vB5Ta","timestamp":"2024-01-11T16:31:40.726Z","state":"queued","mode":"standard","creationDate":"2024-01-11T16:31:40.727Z","modificationDate":"2024-01-11T16:31:40.727Z","shortid":"soqh0S4","$entitySet":"profiles"},"doDiffs":false,"timestamp":1704990700727,"id":"x9rg3e5dlptrekl","previousOperationId":null,"operationId":"eo2h7ur73uv0pn3"}
{"type":"log","level":"info","message":"Render request 49 queued for execution and waiting for available worker","previousOperationId":"eo2h7ur73uv0pn3","timestamp":1704990700727,"id":"vla99x38jdot36z"}
{"type":"operationStart","subtype":"render","name":"User_project","previousOperationId":"eo2h7ur73uv0pn3","timestamp":1704990700731,"id":"n3wmx0rgdv21nm5","previousEventId":"x9rg3e5dlptrekl","operationId":"b31gsd5ngh0biqa"}
{"type":"log","timestamp":1704990700731,"level":"info","message":"Starting rendering request 49","meta":{"rootId":"1d1f1ffu9h94an8","id":"1d1f1ffu9h94an8"},"id":"lunmjmuza8clbq1","previousOperationId":"b31gsd5ngh0biqa"}
{"type":"log","timestamp":1704990700731,"level":"info","message":"Rendering template { name: User_project, recipe: chrome-pdf, engine: handlebars, preview: true }","meta":{"rootId":"1d1f1ffu9h94an8","id":"1d1f1ffu9h94an8"},"id":"3ypkzvhuue78q85","previousOperationId":"b31gsd5ngh0biqa"}
{"type":"log","timestamp":1704990700731,"level":"debug","message":"Data item not defined for this template.","meta":{"rootId":"1d1f1ffu9h94an8","id":"1d1f1ffu9h94an8"},"id":"kwv1gbrrh4ll8uf","previousOperationId":"b31gsd5ngh0biqa"}
{"type":"log","timestamp":1704990700732,"level":"debug","message":"Executing script usabi-data (beforeRender)","meta":{"rootId":"1d1f1ffu9h94an8","id":"1d1f1ffu9h94an8"},"id":"9ecf5w9qh3xb277","previousOperationId":"b31gsd5ngh0biqa"}
{"type":"operationStart","subtype":"scriptsBeforeRender","name":"scripts beforeRender","timestamp":1704990700735,"id":"key9nxney6y6szz","previousEventId":"n3wmx0rgdv21nm5","operationId":"a13u6mv3gelr2ej","previousOperationId":"b31gsd5ngh0biqa"}
{"type":"operationStart","subtype":"script","name":"scripts usabi-data","previousOperationId":"a13u6mv3gelr2ej","timestamp":1704990700735,"id":"90olde3dg8qb03t","previousEventId":"key9nxney6y6szz","operationId":"fdktgpd26u7xiwr"}
{"type":"operationEnd","operationId":"fdktgpd26u7xiwr","timestamp":1704990700746,"id":"qx677f7wtp6ldse","previousEventId":"n3wmx0rgdv21nm5","previousOperationId":"b31gsd5ngh0biqa"}
{"type":"operationEnd","operationId":"a13u6mv3gelr2ej","timestamp":1704990700746,"id":"xbeg3x4tnynocof","previousEventId":"qx677f7wtp6ldse","previousOperationId":"b31gsd5ngh0biqa"}
{"type":"log","timestamp":1704990700746,"level":"debug","message":"Base url not specified, skipping its injection.","meta":{"rootId":"1d1f1ffu9h94an8","id":"1d1f1ffu9h94an8"},"id":"nraoe41wz768c7r","previousOperationId":"a13u6mv3gelr2ej"}
{"type":"operationStart","subtype":"engine","name":"handlebars","timestamp":1704990700746,"id":"h5rt10jnqvx51w3","previousEventId":"xbeg3x4tnynocof","operationId":"862j157os5cd9xv","previousOperationId":"a13u6mv3gelr2ej"}
{"type":"log","timestamp":1704990700746,"level":"debug","message":"Rendering engine handlebars","meta":{"rootId":"1d1f1ffu9h94an8","id":"1d1f1ffu9h94an8"},"id":"zt8i5bo9ghtfn33","previousOperationId":"862j157os5cd9xv"}
{"type":"operationEnd","operationId":"862j157os5cd9xv","timestamp":1704990700754,"id":"55tdlsp9w1s8r9k","previousEventId":"h5rt10jnqvx51w3","previousOperationId":"862j157os5cd9xv"}
{"type":"operationStart","subtype":"recipe","name":"chrome-pdf","timestamp":1704990700754,"id":"jcgwlaudmazvgfg","previousEventId":"55tdlsp9w1s8r9k","operationId":"f3ufdz19lekgo6c","previousOperationId":"862j157os5cd9xv"}
{"type":"log","timestamp":1704990700754,"level":"debug","message":"Executing recipe chrome-pdf","meta":{"rootId":"1d1f1ffu9h94an8","id":"1d1f1ffu9h94an8"},"id":"jd1eseauenl5p5a","previousOperationId":"f3ufdz19lekgo6c"}
{"type":"log","timestamp":1704990700755,"level":"debug","message":"Converting with chrome HeadlessChrome/117.0.5938.149 using chrome-pool strategy","meta":{"rootId":"1d1f1ffu9h94an8","id":"1d1f1ffu9h94an8"},"id":"tr5vy0nmtsyy46m","previousOperationId":"f3ufdz19lekgo6c"}
{"type":"log","timestamp":1704990700786,"level":"debug","message":"Page request: GET (document) file:///tmp/jsreport/autocleanup/f47d2c51-e530-4b9f-88a0-29d45e2dce67-chrome-pdf.html","meta":{"rootId":"1d1f1ffu9h94an8","id":"1d1f1ffu9h94an8"},"id":"ufqyj3nt4m9l9fa","previousOperationId":"f3ufdz19lekgo6c"}
{"type":"log","timestamp":1704990700794,"level":"debug","message":"Page request: GET (script) https://cdn.jsdelivr.net/npm/chart.js","meta":{"rootId":"1d1f1ffu9h94an8","id":"1d1f1ffu9h94an8"},"id":"d223p3qdzncl5dv","previousOperationId":"f3ufdz19lekgo6c"}
{"type":"log","timestamp":1704990700795,"level":"debug","message":"Page request finished: GET (document) 200 file:///tmp/jsreport/autocleanup/f47d2c51-e530-4b9f-88a0-29d45e2dce67-chrome-pdf.html","meta":{"rootId":"1d1f1ffu9h94an8","id":"1d1f1ffu9h94an8"},"id":"3bi0htelqrcwful","previousOperationId":"f3ufdz19lekgo6c"}
{"type":"log","timestamp":1704990700799,"level":"debug","message":"Page request finished: GET (script) 200 https://cdn.jsdelivr.net/npm/chart.js","meta":{"rootId":"1d1f1ffu9h94an8","id":"1d1f1ffu9h94an8"},"id":"2vlx66sbkl3nzpq","previousOperationId":"f3ufdz19lekgo6c"}
{"type":"log","timestamp":1704990700846,"level":"debug","message":"Running chrome with params {\"printBackground\":true,\"timeout\":59971,\"margin\":{}}","meta":{"rootId":"1d1f1ffu9h94an8","id":"1d1f1ffu9h94an8"},"id":"6odjje3nztlyq6d","previousOperationId":"f3ufdz19lekgo6c"}
{"type":"operationEnd","operationId":"f3ufdz19lekgo6c","timestamp":1704990700874,"id":"1zyf5jp9tjecfa9","previousEventId":"jcgwlaudmazvgfg","previousOperationId":"f3ufdz19lekgo6c"}
{"type":"log","timestamp":1704990700874,"level":"debug","message":"Skipping storing report.","meta":{"rootId":"1d1f1ffu9h94an8","id":"1d1f1ffu9h94an8"},"id":"28r52a2xvy3nyq6","previousOperationId":"f3ufdz19lekgo6c"}
{"type":"log","timestamp":1704990700874,"level":"info","message":"Rendering request 49 finished in 148 ms","meta":{"rootId":"1d1f1ffu9h94an8","id":"1d1f1ffu9h94an8"},"id":"iym8q4amdrstdv0","previousOperationId":"f3ufdz19lekgo6c"}
{"type":"operationEnd","subtype":"render","operationId":"b31gsd5ngh0biqa","timestamp":1704990700874,"id":"0895cz6slik3k9b","previousEventId":"1zyf5jp9tjecfa9","previousOperationId":"f3ufdz19lekgo6c"}
{"type":"operationEnd","doDiffs":false,"previousEventId":"x9rg3e5dlptrekl","previousOperationId":"eo2h7ur73uv0pn3","operationId":"eo2h7ur73uv0pn3","timestamp":1704990700878,"id":"2hs5jnash7s76lb"}
