{"type":"operationStart","subtype":"profile","data":{"_id":"YrigE0hZvqNd6hvA","timestamp":"2024-01-11T17:06:15.306Z","state":"queued","mode":"standard","creationDate":"2024-01-11T17:06:15.307Z","modificationDate":"2024-01-11T17:06:15.307Z","shortid":"L54ybvt","$entitySet":"profiles"},"doDiffs":false,"timestamp":1704992775307,"id":"cob0hhvjqy4mmru","previousOperationId":null,"operationId":"t5kmsz1b0ipe6y5"}
{"type":"log","level":"info","message":"Render request 110 queued for execution and waiting for available worker","previousOperationId":"t5kmsz1b0ipe6y5","timestamp":1704992775307,"id":"w2bywnzfp9tme9c"}
{"type":"operationStart","subtype":"render","name":"User_project","previousOperationId":"t5kmsz1b0ipe6y5","timestamp":1704992775311,"id":"062jgcnd0ezxd13","previousEventId":"cob0hhvjqy4mmru","operationId":"keqyci0o79lnvd1"}
{"type":"log","timestamp":1704992775311,"level":"info","message":"Starting rendering request 110","meta":{"rootId":"1hcvd85e5xixv6j","id":"1hcvd85e5xixv6j"},"id":"9qg0g8f1o8yyafb","previousOperationId":"keqyci0o79lnvd1"}
{"type":"log","timestamp":1704992775311,"level":"info","message":"Rendering template { name: User_project, recipe: chrome-pdf, engine: handlebars, preview: true }","meta":{"rootId":"1hcvd85e5xixv6j","id":"1hcvd85e5xixv6j"},"id":"8p2jbt4nvg8yhuc","previousOperationId":"keqyci0o79lnvd1"}
{"type":"log","timestamp":1704992775312,"level":"debug","message":"Data item not defined for this template.","meta":{"rootId":"1hcvd85e5xixv6j","id":"1hcvd85e5xixv6j"},"id":"rvetkgt7ktx6dfn","previousOperationId":"keqyci0o79lnvd1"}
{"type":"log","timestamp":1704992775313,"level":"debug","message":"Executing script usabi-data (beforeRender)","meta":{"rootId":"1hcvd85e5xixv6j","id":"1hcvd85e5xixv6j"},"id":"txmk6z9f48f736y","previousOperationId":"keqyci0o79lnvd1"}
{"type":"operationStart","subtype":"scriptsBeforeRender","name":"scripts beforeRender","timestamp":1704992775318,"id":"v14439xajpv5rzy","previousEventId":"062jgcnd0ezxd13","operationId":"toyc81ra6rvt35h","previousOperationId":"keqyci0o79lnvd1"}
{"type":"operationStart","subtype":"script","name":"scripts usabi-data","previousOperationId":"toyc81ra6rvt35h","timestamp":1704992775318,"id":"0e471dvb76g15d8","previousEventId":"v14439xajpv5rzy","operationId":"kvpw6rijt9pwei0"}
{"type":"operationEnd","operationId":"kvpw6rijt9pwei0","timestamp":1704992775329,"id":"vxtry4pjm9qoefq","previousEventId":"062jgcnd0ezxd13","previousOperationId":"keqyci0o79lnvd1"}
{"type":"log","timestamp":1704992775329,"level":"debug","message":"Executing script orders-script (beforeRender)","meta":{"rootId":"1hcvd85e5xixv6j","id":"1hcvd85e5xixv6j"},"id":"6xcsqr1627ldkag","previousOperationId":"keqyci0o79lnvd1"}
{"type":"operationStart","subtype":"script","name":"scripts orders-script","previousOperationId":"toyc81ra6rvt35h","timestamp":1704992775333,"id":"mi7ty9q4cz5slan","previousEventId":"vxtry4pjm9qoefq","operationId":"de6q0qmk227ub89"}
{"type":"operationEnd","operationId":"de6q0qmk227ub89","timestamp":1704992776676,"id":"ymin614r1ryhbtv","previousEventId":"vxtry4pjm9qoefq","previousOperationId":"keqyci0o79lnvd1"}
{"type":"operationEnd","operationId":"toyc81ra6rvt35h","timestamp":1704992776676,"id":"qsqfudd89wwhch6","previousEventId":"ymin614r1ryhbtv","previousOperationId":"keqyci0o79lnvd1"}
{"type":"log","timestamp":1704992776676,"level":"debug","message":"Base url not specified, skipping its injection.","meta":{"rootId":"1hcvd85e5xixv6j","id":"1hcvd85e5xixv6j"},"id":"txuoo8fdfisheim","previousOperationId":"toyc81ra6rvt35h"}
{"type":"operationStart","subtype":"engine","name":"handlebars","timestamp":1704992776676,"id":"qx86vxraaomfuo8","previousEventId":"qsqfudd89wwhch6","operationId":"lbsp5sputdf3n8s","previousOperationId":"toyc81ra6rvt35h"}
{"type":"log","timestamp":1704992776676,"level":"debug","message":"Rendering engine handlebars","meta":{"rootId":"1hcvd85e5xixv6j","id":"1hcvd85e5xixv6j"},"id":"t2hq114wiexseba","previousOperationId":"lbsp5sputdf3n8s"}
{"type":"operationEnd","operationId":"lbsp5sputdf3n8s","timestamp":1704992776682,"id":"4c3w45xmfjyqphx","previousEventId":"qx86vxraaomfuo8","previousOperationId":"lbsp5sputdf3n8s"}
{"type":"operationStart","subtype":"recipe","name":"chrome-pdf","timestamp":1704992776682,"id":"bddlnu3kulth9b1","previousEventId":"4c3w45xmfjyqphx","operationId":"evjdnlkjpytd0fc","previousOperationId":"lbsp5sputdf3n8s"}
{"type":"log","timestamp":1704992776682,"level":"debug","message":"Executing recipe chrome-pdf","meta":{"rootId":"1hcvd85e5xixv6j","id":"1hcvd85e5xixv6j"},"id":"o9w92wflyu33puo","previousOperationId":"evjdnlkjpytd0fc"}
{"type":"log","timestamp":1704992776684,"level":"debug","message":"Converting with chrome HeadlessChrome/117.0.5938.149 using chrome-pool strategy","meta":{"rootId":"1hcvd85e5xixv6j","id":"1hcvd85e5xixv6j"},"id":"1ixy9e25bkl8sdb","previousOperationId":"evjdnlkjpytd0fc"}
{"type":"log","timestamp":1704992776719,"level":"debug","message":"Page request: GET (document) file:///tmp/jsreport/autocleanup/c13f86ae-c1d9-4e63-85fb-b0c3643b4343-chrome-pdf.html","meta":{"rootId":"1hcvd85e5xixv6j","id":"1hcvd85e5xixv6j"},"id":"9jxe74ftxskovf2","previousOperationId":"evjdnlkjpytd0fc"}
{"type":"log","timestamp":1704992776724,"level":"debug","message":"Page request: GET (script) https://cdn.jsdelivr.net/npm/chart.js","meta":{"rootId":"1hcvd85e5xixv6j","id":"1hcvd85e5xixv6j"},"id":"ng9h6teaxv3l2rv","previousOperationId":"evjdnlkjpytd0fc"}
{"type":"log","timestamp":1704992776725,"level":"debug","message":"Page request finished: GET (document) 200 file:///tmp/jsreport/autocleanup/c13f86ae-c1d9-4e63-85fb-b0c3643b4343-chrome-pdf.html","meta":{"rootId":"1hcvd85e5xixv6j","id":"1hcvd85e5xixv6j"},"id":"7lot9pq58bbhyws","previousOperationId":"evjdnlkjpytd0fc"}
{"type":"log","timestamp":1704992776729,"level":"debug","message":"Page request finished: GET (script) 200 https://cdn.jsdelivr.net/npm/chart.js","meta":{"rootId":"1hcvd85e5xixv6j","id":"1hcvd85e5xixv6j"},"id":"grv8ic4u78ypggq","previousOperationId":"evjdnlkjpytd0fc"}
{"type":"log","timestamp":1704992776732,"level":"warn","message":"Page error: Unexpected identifier 'Object' , stack: SyntaxError: Unexpected identifier 'Object'","meta":{"rootId":"1hcvd85e5xixv6j","id":"1hcvd85e5xixv6j"},"id":"up2nt2egc3din06","previousOperationId":"evjdnlkjpytd0fc"}
{"type":"log","timestamp":1704992776737,"level":"debug","message":"Running chrome with params {\"printBackground\":true,\"timeout\":58623,\"margin\":{}}","meta":{"rootId":"1hcvd85e5xixv6j","id":"1hcvd85e5xixv6j"},"id":"hz2fuj4rfxumm9f","previousOperationId":"evjdnlkjpytd0fc"}
{"type":"operationEnd","operationId":"evjdnlkjpytd0fc","timestamp":1704992776744,"id":"orata27j5usrxvb","previousEventId":"bddlnu3kulth9b1","previousOperationId":"evjdnlkjpytd0fc"}
{"type":"log","timestamp":1704992776744,"level":"debug","message":"Skipping storing report.","meta":{"rootId":"1hcvd85e5xixv6j","id":"1hcvd85e5xixv6j"},"id":"z8y3oez96ql62uo","previousOperationId":"evjdnlkjpytd0fc"}
{"type":"log","timestamp":1704992776744,"level":"info","message":"Rendering request 110 finished in 1438 ms","meta":{"rootId":"1hcvd85e5xixv6j","id":"1hcvd85e5xixv6j"},"id":"1xf7gbv23sfzvrk","previousOperationId":"evjdnlkjpytd0fc"}
{"type":"operationEnd","subtype":"render","operationId":"keqyci0o79lnvd1","timestamp":1704992776744,"id":"81r869e6f2mhqit","previousEventId":"orata27j5usrxvb","previousOperationId":"evjdnlkjpytd0fc"}
{"type":"operationEnd","doDiffs":false,"previousEventId":"cob0hhvjqy4mmru","previousOperationId":"t5kmsz1b0ipe6y5","operationId":"t5kmsz1b0ipe6y5","timestamp":1704992776749,"id":"hjh7tdy2l9tyvr1"}
