{"type":"operationStart","subtype":"profile","data":{"_id":"MPQf0qVjSC5eJCwv","timestamp":"2024-01-11T17:47:33.127Z","state":"queued","mode":"standard","creationDate":"2024-01-11T17:47:33.128Z","modificationDate":"2024-01-11T17:47:33.128Z","shortid":"dXmiIeF","$entitySet":"profiles"},"doDiffs":false,"timestamp":1704995253127,"id":"djaxeng6ok5fqch","previousOperationId":null,"operationId":"nq007gbenqgvor2"}
{"type":"log","level":"info","message":"Render request 12 queued for execution and waiting for available worker","previousOperationId":"nq007gbenqgvor2","timestamp":1704995253127,"id":"7u86zeega6d908e"}
{"type":"operationStart","subtype":"render","name":"User_project","previousOperationId":"nq007gbenqgvor2","timestamp":1704995253133,"id":"dhqcme7mxz13j4y","previousEventId":"djaxeng6ok5fqch","operationId":"py541v44eqeba72"}
{"type":"log","timestamp":1704995253133,"level":"info","message":"Starting rendering request 12","meta":{"rootId":"1jndngxhe40nuru","id":"1jndngxhe40nuru"},"id":"9mawmcvcbf9nsd4","previousOperationId":"py541v44eqeba72"}
{"type":"log","timestamp":1704995253133,"level":"info","message":"Rendering template { name: User_project, recipe: chrome-pdf, engine: handlebars, preview: true }","meta":{"rootId":"1jndngxhe40nuru","id":"1jndngxhe40nuru"},"id":"frogzvdniqj4ma6","previousOperationId":"py541v44eqeba72"}
{"type":"log","timestamp":1704995253133,"level":"debug","message":"Data item not defined for this template.","meta":{"rootId":"1jndngxhe40nuru","id":"1jndngxhe40nuru"},"id":"nl0agbj3js5c6zm","previousOperationId":"py541v44eqeba72"}
{"type":"log","timestamp":1704995253135,"level":"debug","message":"Executing script usabi-data (beforeRender)","meta":{"rootId":"1jndngxhe40nuru","id":"1jndngxhe40nuru"},"id":"98s5kijb9alaaha","previousOperationId":"py541v44eqeba72"}
{"type":"operationStart","subtype":"scriptsBeforeRender","name":"scripts beforeRender","timestamp":1704995253141,"id":"bdos3ckgy0gd26x","previousEventId":"dhqcme7mxz13j4y","operationId":"e8gjquc7q2kozxx","previousOperationId":"py541v44eqeba72"}
{"type":"operationStart","subtype":"script","name":"scripts usabi-data","previousOperationId":"e8gjquc7q2kozxx","timestamp":1704995253141,"id":"lpue0fva4d7xgil","previousEventId":"bdos3ckgy0gd26x","operationId":"m04i4o25fcq6t8f"}
{"type":"operationEnd","operationId":"m04i4o25fcq6t8f","timestamp":1704995253160,"id":"p0xapf2bratl0sc","previousEventId":"dhqcme7mxz13j4y","previousOperationId":"py541v44eqeba72"}
{"type":"log","timestamp":1704995253160,"level":"debug","message":"Executing script orders-script (beforeRender)","meta":{"rootId":"1jndngxhe40nuru","id":"1jndngxhe40nuru"},"id":"zjzf96xybdz5xi5","previousOperationId":"py541v44eqeba72"}
{"type":"operationStart","subtype":"script","name":"scripts orders-script","previousOperationId":"e8gjquc7q2kozxx","timestamp":1704995253164,"id":"mbcj89w8gpxpgl0","previousEventId":"p0xapf2bratl0sc","operationId":"some0ovjqk2bvea"}
{"type":"operationEnd","operationId":"some0ovjqk2bvea","timestamp":1704995254543,"id":"d0ojeapkdnox1rm","previousEventId":"p0xapf2bratl0sc","previousOperationId":"py541v44eqeba72"}
{"type":"operationEnd","operationId":"e8gjquc7q2kozxx","timestamp":1704995254543,"id":"gwxn8zmjudxlhe4","previousEventId":"d0ojeapkdnox1rm","previousOperationId":"py541v44eqeba72"}
{"type":"log","timestamp":1704995254543,"level":"debug","message":"Base url not specified, skipping its injection.","meta":{"rootId":"1jndngxhe40nuru","id":"1jndngxhe40nuru"},"id":"leqxk2ec79ozamx","previousOperationId":"e8gjquc7q2kozxx"}
{"type":"operationStart","subtype":"engine","name":"handlebars","timestamp":1704995254543,"id":"o9jutzabrd5so0o","previousEventId":"gwxn8zmjudxlhe4","operationId":"mi4p3hp7bbdb2z7","previousOperationId":"e8gjquc7q2kozxx"}
{"type":"log","timestamp":1704995254543,"level":"debug","message":"Rendering engine handlebars","meta":{"rootId":"1jndngxhe40nuru","id":"1jndngxhe40nuru"},"id":"12amew8e61ye0ib","previousOperationId":"mi4p3hp7bbdb2z7"}
{"type":"operationEnd","operationId":"mi4p3hp7bbdb2z7","timestamp":1704995254562,"id":"5ajejh1iwp5yd57","previousEventId":"o9jutzabrd5so0o","previousOperationId":"mi4p3hp7bbdb2z7"}
{"type":"operationStart","subtype":"recipe","name":"chrome-pdf","timestamp":1704995254563,"id":"c0yx7djgz892w4h","previousEventId":"5ajejh1iwp5yd57","operationId":"x38xop6hj3i1to8","previousOperationId":"mi4p3hp7bbdb2z7"}
{"type":"log","timestamp":1704995254563,"level":"debug","message":"Executing recipe chrome-pdf","meta":{"rootId":"1jndngxhe40nuru","id":"1jndngxhe40nuru"},"id":"ua2wu5dvk336umr","previousOperationId":"x38xop6hj3i1to8"}
{"type":"log","timestamp":1704995254566,"level":"debug","message":"Converting with chrome HeadlessChrome/117.0.5938.149 using chrome-pool strategy","meta":{"rootId":"1jndngxhe40nuru","id":"1jndngxhe40nuru"},"id":"w7cfgtpau922qw2","previousOperationId":"x38xop6hj3i1to8"}
{"type":"log","timestamp":1704995254597,"level":"debug","message":"Page request: GET (document) file:///tmp/jsreport/autocleanup/4d358405-c1bf-4a98-8f61-35f06a193e2b-chrome-pdf.html","meta":{"rootId":"1jndngxhe40nuru","id":"1jndngxhe40nuru"},"id":"3rd2luuzatm2ouh","previousOperationId":"x38xop6hj3i1to8"}
{"type":"log","timestamp":1704995254604,"level":"debug","message":"Page request: GET (script) https://cdn.jsdelivr.net/npm/chart.js","meta":{"rootId":"1jndngxhe40nuru","id":"1jndngxhe40nuru"},"id":"x03p6tr4se373rp","previousOperationId":"x38xop6hj3i1to8"}
{"type":"log","timestamp":1704995254604,"level":"debug","message":"Page request finished: GET (document) 200 file:///tmp/jsreport/autocleanup/4d358405-c1bf-4a98-8f61-35f06a193e2b-chrome-pdf.html","meta":{"rootId":"1jndngxhe40nuru","id":"1jndngxhe40nuru"},"id":"djjs6yrzzp4y3yc","previousOperationId":"x38xop6hj3i1to8"}
{"type":"log","timestamp":1704995254607,"level":"debug","message":"Page request finished: GET (script) 200 https://cdn.jsdelivr.net/npm/chart.js","meta":{"rootId":"1jndngxhe40nuru","id":"1jndngxhe40nuru"},"id":"ndc5sfxizb6cphz","previousOperationId":"x38xop6hj3i1to8"}
{"type":"log","timestamp":1704995254614,"level":"debug","message":"Running chrome with params {\"printBackground\":true,\"timeout\":58562,\"margin\":{}}","meta":{"rootId":"1jndngxhe40nuru","id":"1jndngxhe40nuru"},"id":"x0oko6oak3xw0le","previousOperationId":"x38xop6hj3i1to8"}
{"type":"operationEnd","operationId":"x38xop6hj3i1to8","timestamp":1704995254625,"id":"cawzhiy7ssp0lm2","previousEventId":"c0yx7djgz892w4h","previousOperationId":"x38xop6hj3i1to8"}
{"type":"log","timestamp":1704995254625,"level":"debug","message":"Skipping storing report.","meta":{"rootId":"1jndngxhe40nuru","id":"1jndngxhe40nuru"},"id":"3l9i8ml6mdit8mb","previousOperationId":"x38xop6hj3i1to8"}
{"type":"log","timestamp":1704995254625,"level":"info","message":"Rendering request 12 finished in 1498 ms","meta":{"rootId":"1jndngxhe40nuru","id":"1jndngxhe40nuru"},"id":"ghy14ygujfgop8i","previousOperationId":"x38xop6hj3i1to8"}
{"type":"operationEnd","subtype":"render","operationId":"py541v44eqeba72","timestamp":1704995254625,"id":"srvdg16h39gicic","previousEventId":"cawzhiy7ssp0lm2","previousOperationId":"x38xop6hj3i1to8"}
{"type":"operationEnd","doDiffs":false,"previousEventId":"djaxeng6ok5fqch","previousOperationId":"nq007gbenqgvor2","operationId":"nq007gbenqgvor2","timestamp":1704995254627,"id":"9wj9oinc0b1jivt"}
