{"type":"operationStart","subtype":"profile","data":{"_id":"Cl0qatnjovxFm3ze","timestamp":"2024-01-10T20:21:59.697Z","state":"queued","mode":"standard","creationDate":"2024-01-10T20:21:59.701Z","modificationDate":"2024-01-10T20:21:59.701Z","shortid":"6cal_j3","$entitySet":"profiles"},"doDiffs":false,"timestamp":1704918119700,"id":"9h3a5ne0ukusxs6","previousOperationId":null,"operationId":"9wp0vg9gs0wukbn"}
{"type":"log","level":"info","message":"Render request 9 queued for execution and waiting for available worker","previousOperationId":"9wp0vg9gs0wukbn","timestamp":1704918119700,"id":"enb8w129f3zmfa0"}
{"type":"operationStart","subtype":"render","name":"User_project","previousOperationId":"9wp0vg9gs0wukbn","timestamp":1704918119707,"id":"111t0fafjdwhx6y","previousEventId":"9h3a5ne0ukusxs6","operationId":"nbj1tu0nvsqtan5"}
{"type":"log","timestamp":1704918119707,"level":"info","message":"Starting rendering request 9","meta":{"rootId":"1khd3vei7itqate","id":"1khd3vei7itqate"},"id":"2zey6cya78v11l9","previousOperationId":"nbj1tu0nvsqtan5"}
{"type":"log","timestamp":1704918119707,"level":"info","message":"Rendering template { name: User_project, recipe: chrome-pdf, engine: handlebars, preview: true }","meta":{"rootId":"1khd3vei7itqate","id":"1khd3vei7itqate"},"id":"rprfp1jslzcnkwk","previousOperationId":"nbj1tu0nvsqtan5"}
{"type":"log","timestamp":1704918119708,"level":"debug","message":"Data item not defined for this template.","meta":{"rootId":"1khd3vei7itqate","id":"1khd3vei7itqate"},"id":"vacs68xyccw4tes","previousOperationId":"nbj1tu0nvsqtan5"}
{"type":"log","timestamp":1704918119709,"level":"debug","message":"Executing script usabi-data (beforeRender)","meta":{"rootId":"1khd3vei7itqate","id":"1khd3vei7itqate"},"id":"w48vgxjgj7d0305","previousOperationId":"nbj1tu0nvsqtan5"}
{"type":"operationStart","subtype":"scriptsBeforeRender","name":"scripts beforeRender","timestamp":1704918119713,"id":"ttunfv4b91j05by","previousEventId":"111t0fafjdwhx6y","operationId":"40zgx6lek5uos45","previousOperationId":"nbj1tu0nvsqtan5"}
{"type":"operationStart","subtype":"script","name":"scripts usabi-data","previousOperationId":"40zgx6lek5uos45","timestamp":1704918119713,"id":"ikrf2xgb99ww7br","previousEventId":"ttunfv4b91j05by","operationId":"peia8jzj79rlkmh"}
{"type":"operationEnd","operationId":"peia8jzj79rlkmh","timestamp":1704918119726,"id":"tzqjwjszv6pbcxs","previousEventId":"111t0fafjdwhx6y","previousOperationId":"nbj1tu0nvsqtan5"}
{"type":"operationEnd","operationId":"40zgx6lek5uos45","timestamp":1704918119726,"id":"p17zd9q41x1uwjn","previousEventId":"tzqjwjszv6pbcxs","previousOperationId":"nbj1tu0nvsqtan5"}
{"type":"log","timestamp":1704918119726,"level":"debug","message":"Base url not specified, skipping its injection.","meta":{"rootId":"1khd3vei7itqate","id":"1khd3vei7itqate"},"id":"siy8vuhk3eco8nu","previousOperationId":"40zgx6lek5uos45"}
{"type":"operationStart","subtype":"engine","name":"handlebars","timestamp":1704918119726,"id":"13a1kg79ambxd59","previousEventId":"p17zd9q41x1uwjn","operationId":"rt2zyl3nihtvtta","previousOperationId":"40zgx6lek5uos45"}
{"type":"log","timestamp":1704918119726,"level":"debug","message":"Rendering engine handlebars","meta":{"rootId":"1khd3vei7itqate","id":"1khd3vei7itqate"},"id":"x2h2ur4hcfjdmad","previousOperationId":"rt2zyl3nihtvtta"}
{"type":"operationEnd","operationId":"rt2zyl3nihtvtta","timestamp":1704918119734,"id":"rslq0y33pluowgp","previousEventId":"13a1kg79ambxd59","previousOperationId":"rt2zyl3nihtvtta"}
{"type":"operationStart","subtype":"recipe","name":"chrome-pdf","timestamp":1704918119734,"id":"k6nv5k3bdc1j3lj","previousEventId":"rslq0y33pluowgp","operationId":"inwivaygnflj0ij","previousOperationId":"rt2zyl3nihtvtta"}
{"type":"log","timestamp":1704918119734,"level":"debug","message":"Executing recipe chrome-pdf","meta":{"rootId":"1khd3vei7itqate","id":"1khd3vei7itqate"},"id":"29hssw14ykbgqkc","previousOperationId":"inwivaygnflj0ij"}
{"type":"log","timestamp":1704918119736,"level":"debug","message":"Converting with chrome HeadlessChrome/117.0.5938.149 using chrome-pool strategy","meta":{"rootId":"1khd3vei7itqate","id":"1khd3vei7itqate"},"id":"9yzejcquel0b8c5","previousOperationId":"inwivaygnflj0ij"}
{"type":"log","timestamp":1704918119772,"level":"debug","message":"Page request: GET (document) file:///tmp/jsreport/autocleanup/0672672c-89ac-407b-afa5-da19fb711d68-chrome-pdf.html","meta":{"rootId":"1khd3vei7itqate","id":"1khd3vei7itqate"},"id":"5ueo2apyx7wn5zl","previousOperationId":"inwivaygnflj0ij"}
{"type":"log","timestamp":1704918119779,"level":"debug","message":"Page request finished: GET (document) 200 file:///tmp/jsreport/autocleanup/0672672c-89ac-407b-afa5-da19fb711d68-chrome-pdf.html","meta":{"rootId":"1khd3vei7itqate","id":"1khd3vei7itqate"},"id":"y9n7elo0cc1g2xs","previousOperationId":"inwivaygnflj0ij"}
{"type":"log","timestamp":1704918119783,"level":"debug","message":"Running chrome with params {\"printBackground\":true,\"timeout\":59962,\"margin\":{}}","meta":{"rootId":"1khd3vei7itqate","id":"1khd3vei7itqate"},"id":"eja2lgadg28h2od","previousOperationId":"inwivaygnflj0ij"}
{"type":"operationEnd","operationId":"inwivaygnflj0ij","timestamp":1704918119790,"id":"mrsdc9dznai9hfc","previousEventId":"k6nv5k3bdc1j3lj","previousOperationId":"inwivaygnflj0ij"}
{"type":"log","timestamp":1704918119790,"level":"debug","message":"Skipping storing report.","meta":{"rootId":"1khd3vei7itqate","id":"1khd3vei7itqate"},"id":"nfxkthfdabvopid","previousOperationId":"inwivaygnflj0ij"}
{"type":"log","timestamp":1704918119791,"level":"info","message":"Rendering request 9 finished in 94 ms","meta":{"rootId":"1khd3vei7itqate","id":"1khd3vei7itqate"},"id":"bq3t2s0q7tch2hp","previousOperationId":"inwivaygnflj0ij"}
{"type":"operationEnd","subtype":"render","operationId":"nbj1tu0nvsqtan5","timestamp":1704918119791,"id":"zjnxax2qaj6bo1c","previousEventId":"mrsdc9dznai9hfc","previousOperationId":"inwivaygnflj0ij"}
{"type":"operationEnd","doDiffs":false,"previousEventId":"9h3a5ne0ukusxs6","previousOperationId":"9wp0vg9gs0wukbn","operationId":"9wp0vg9gs0wukbn","timestamp":1704918119794,"id":"zz7ppm8459o57g5"}
