{"type":"operationStart","subtype":"profile","data":{"_id":"39kXLwzpk07X6xU0","timestamp":"2024-01-10T20:21:07.163Z","state":"queued","mode":"standard","creationDate":"2024-01-10T20:21:07.164Z","modificationDate":"2024-01-10T20:21:07.164Z","shortid":"2OI31tB","$entitySet":"profiles"},"doDiffs":false,"timestamp":1704918067163,"id":"o13rc40lmfh8u9r","previousOperationId":null,"operationId":"xwgqtat1683v8le"}
{"type":"log","level":"info","message":"Render request 8 queued for execution and waiting for available worker","previousOperationId":"xwgqtat1683v8le","timestamp":1704918067163,"id":"hxeia0frzjv4wnd"}
{"type":"operationStart","subtype":"render","name":"User_project","previousOperationId":"xwgqtat1683v8le","timestamp":1704918067168,"id":"zhhquyzw5g591ub","previousEventId":"o13rc40lmfh8u9r","operationId":"zarqy4rv4n6d57c"}
{"type":"log","timestamp":1704918067168,"level":"info","message":"Starting rendering request 8","meta":{"rootId":"1tmrvuyagh6r3po","id":"1tmrvuyagh6r3po"},"id":"o68je9drtu7n1jn","previousOperationId":"zarqy4rv4n6d57c"}
{"type":"log","timestamp":1704918067168,"level":"info","message":"Rendering template { name: User_project, recipe: chrome-pdf, engine: handlebars, preview: true }","meta":{"rootId":"1tmrvuyagh6r3po","id":"1tmrvuyagh6r3po"},"id":"cj3zdh9t1gwneqp","previousOperationId":"zarqy4rv4n6d57c"}
{"type":"log","timestamp":1704918067168,"level":"debug","message":"Data item not defined for this template.","meta":{"rootId":"1tmrvuyagh6r3po","id":"1tmrvuyagh6r3po"},"id":"u4am9c3t5eku6bg","previousOperationId":"zarqy4rv4n6d57c"}
{"type":"log","timestamp":1704918067170,"level":"debug","message":"Executing script usabi-data (beforeRender)","meta":{"rootId":"1tmrvuyagh6r3po","id":"1tmrvuyagh6r3po"},"id":"neamet98rz5j80v","previousOperationId":"zarqy4rv4n6d57c"}
{"type":"operationStart","subtype":"scriptsBeforeRender","name":"scripts beforeRender","timestamp":1704918067174,"id":"t1i39qjsor19j7h","previousEventId":"zhhquyzw5g591ub","operationId":"sm9zsip28aoypst","previousOperationId":"zarqy4rv4n6d57c"}
{"type":"operationStart","subtype":"script","name":"scripts usabi-data","previousOperationId":"sm9zsip28aoypst","timestamp":1704918067174,"id":"ir97t5gpj04ge08","previousEventId":"t1i39qjsor19j7h","operationId":"pj0r5kglfxg28m0"}
{"type":"operationEnd","operationId":"pj0r5kglfxg28m0","timestamp":1704918067187,"id":"7vpwm6i44t0yj2y","previousEventId":"zhhquyzw5g591ub","previousOperationId":"zarqy4rv4n6d57c"}
{"type":"operationEnd","operationId":"sm9zsip28aoypst","timestamp":1704918067187,"id":"v8mol5pa380p7cs","previousEventId":"7vpwm6i44t0yj2y","previousOperationId":"zarqy4rv4n6d57c"}
{"type":"log","timestamp":1704918067187,"level":"debug","message":"Base url not specified, skipping its injection.","meta":{"rootId":"1tmrvuyagh6r3po","id":"1tmrvuyagh6r3po"},"id":"q884p4hym2r779z","previousOperationId":"sm9zsip28aoypst"}
{"type":"operationStart","subtype":"engine","name":"handlebars","timestamp":1704918067188,"id":"wq5jnef4k42rhf3","previousEventId":"v8mol5pa380p7cs","operationId":"i9jvunqijmcv5x7","previousOperationId":"sm9zsip28aoypst"}
{"type":"log","timestamp":1704918067188,"level":"debug","message":"Rendering engine handlebars","meta":{"rootId":"1tmrvuyagh6r3po","id":"1tmrvuyagh6r3po"},"id":"jm7pcnklixz1axp","previousOperationId":"i9jvunqijmcv5x7"}
{"type":"operationEnd","operationId":"i9jvunqijmcv5x7","timestamp":1704918067194,"id":"lja9cfhmzuwhhhg","previousEventId":"wq5jnef4k42rhf3","previousOperationId":"i9jvunqijmcv5x7"}
{"type":"operationStart","subtype":"recipe","name":"chrome-pdf","timestamp":1704918067194,"id":"sn93ay0rigrgkn6","previousEventId":"lja9cfhmzuwhhhg","operationId":"axw7k7u77klwxw2","previousOperationId":"i9jvunqijmcv5x7"}
{"type":"log","timestamp":1704918067194,"level":"debug","message":"Executing recipe chrome-pdf","meta":{"rootId":"1tmrvuyagh6r3po","id":"1tmrvuyagh6r3po"},"id":"pxqvun9apr1rp3l","previousOperationId":"axw7k7u77klwxw2"}
{"type":"log","timestamp":1704918067195,"level":"debug","message":"Converting with chrome HeadlessChrome/117.0.5938.149 using chrome-pool strategy","meta":{"rootId":"1tmrvuyagh6r3po","id":"1tmrvuyagh6r3po"},"id":"01ab8u3dxqvke4j","previousOperationId":"axw7k7u77klwxw2"}
{"type":"log","timestamp":1704918067228,"level":"debug","message":"Page request: GET (document) file:///tmp/jsreport/autocleanup/285e514d-4cc3-453f-8626-19c00f23303f-chrome-pdf.html","meta":{"rootId":"1tmrvuyagh6r3po","id":"1tmrvuyagh6r3po"},"id":"8p8an8av3fcjw88","previousOperationId":"axw7k7u77klwxw2"}
{"type":"log","timestamp":1704918067235,"level":"debug","message":"Page request finished: GET (document) 200 file:///tmp/jsreport/autocleanup/285e514d-4cc3-453f-8626-19c00f23303f-chrome-pdf.html","meta":{"rootId":"1tmrvuyagh6r3po","id":"1tmrvuyagh6r3po"},"id":"tfqnpjul96e7dgo","previousOperationId":"axw7k7u77klwxw2"}
{"type":"log","timestamp":1704918067241,"level":"debug","message":"Running chrome with params {\"printBackground\":true,\"timeout\":59968,\"margin\":{}}","meta":{"rootId":"1tmrvuyagh6r3po","id":"1tmrvuyagh6r3po"},"id":"l71llqik2cqke6r","previousOperationId":"axw7k7u77klwxw2"}
{"type":"operationEnd","operationId":"axw7k7u77klwxw2","timestamp":1704918067251,"id":"p9f8ob54m2p90sy","previousEventId":"sn93ay0rigrgkn6","previousOperationId":"axw7k7u77klwxw2"}
{"type":"log","timestamp":1704918067251,"level":"debug","message":"Skipping storing report.","meta":{"rootId":"1tmrvuyagh6r3po","id":"1tmrvuyagh6r3po"},"id":"g9q4nhsll0unxgm","previousOperationId":"axw7k7u77klwxw2"}
{"type":"log","timestamp":1704918067251,"level":"info","message":"Rendering request 8 finished in 88 ms","meta":{"rootId":"1tmrvuyagh6r3po","id":"1tmrvuyagh6r3po"},"id":"sqs35jf3m2cjokw","previousOperationId":"axw7k7u77klwxw2"}
{"type":"operationEnd","subtype":"render","operationId":"zarqy4rv4n6d57c","timestamp":1704918067251,"id":"pr9ljutyo5yr6lp","previousEventId":"p9f8ob54m2p90sy","previousOperationId":"axw7k7u77klwxw2"}
{"type":"operationEnd","doDiffs":false,"previousEventId":"o13rc40lmfh8u9r","previousOperationId":"xwgqtat1683v8le","operationId":"xwgqtat1683v8le","timestamp":1704918067254,"id":"cjunqsnxohyd3v0"}
