{"type":"operationStart","subtype":"profile","data":{"_id":"7FvUra42QQnnPOkN","timestamp":"2024-01-11T17:27:05.637Z","state":"queued","mode":"standard","creationDate":"2024-01-11T17:27:05.638Z","modificationDate":"2024-01-11T17:27:05.638Z","shortid":"RQiuUdD","$entitySet":"profiles"},"doDiffs":false,"timestamp":1704994025637,"id":"rp3h5917b7d8qy2","previousOperationId":null,"operationId":"zi3dx6nok5jsz3o"}
{"type":"log","level":"info","message":"Render request 142 queued for execution and waiting for available worker","previousOperationId":"zi3dx6nok5jsz3o","timestamp":1704994025637,"id":"6wxw815yhcrs3vb"}
{"type":"operationStart","subtype":"render","name":"User_project","previousOperationId":"zi3dx6nok5jsz3o","timestamp":1704994025642,"id":"tb6fakjsyb7k9jr","previousEventId":"rp3h5917b7d8qy2","operationId":"cja5luv72lxbchk"}
{"type":"log","timestamp":1704994025642,"level":"info","message":"Starting rendering request 142","meta":{"rootId":"1xoeodww7b9sqtl","id":"1xoeodww7b9sqtl"},"id":"y4dopllyweit86g","previousOperationId":"cja5luv72lxbchk"}
{"type":"log","timestamp":1704994025642,"level":"info","message":"Rendering template { name: User_project, recipe: chrome-pdf, engine: handlebars, preview: true }","meta":{"rootId":"1xoeodww7b9sqtl","id":"1xoeodww7b9sqtl"},"id":"dtogikfi6spir79","previousOperationId":"cja5luv72lxbchk"}
{"type":"log","timestamp":1704994025642,"level":"debug","message":"Data item not defined for this template.","meta":{"rootId":"1xoeodww7b9sqtl","id":"1xoeodww7b9sqtl"},"id":"d462k6prvj4jxhf","previousOperationId":"cja5luv72lxbchk"}
{"type":"log","timestamp":1704994025644,"level":"debug","message":"Executing script usabi-data (beforeRender)","meta":{"rootId":"1xoeodww7b9sqtl","id":"1xoeodww7b9sqtl"},"id":"xuqvkswqp50eenp","previousOperationId":"cja5luv72lxbchk"}
{"type":"operationStart","subtype":"scriptsBeforeRender","name":"scripts beforeRender","timestamp":1704994025648,"id":"92ddw6mszdih90k","previousEventId":"tb6fakjsyb7k9jr","operationId":"4c04ozy3afc0etl","previousOperationId":"cja5luv72lxbchk"}
{"type":"operationStart","subtype":"script","name":"scripts usabi-data","previousOperationId":"4c04ozy3afc0etl","timestamp":1704994025648,"id":"ssoqvijfde83e82","previousEventId":"92ddw6mszdih90k","operationId":"44be4wl9txo40q2"}
{"type":"log","timestamp":1704994025670,"level":"debug","message":"(console:log) Datos obtenidos correctamente: {\n  user_project_data: [\n    { user_name: 'admin', projects: [Array] },\n    { user_name: 'aisha', projects: [Array] },\n    { user_name: 'carlos', projects: [Array] },\n    { user_name: 'adrian', projects: [Array] }\n  ]\n}","meta":{"userLevel":true,"rootId":"1xoeodww7b9sqtl","id":"1xoeodww7b9sqtl"},"id":"ssb2l0dyhm8gveo","previousOperationId":"44be4wl9txo40q2"}
{"type":"log","timestamp":1704994025670,"level":"debug","message":"(console:log) Datos transformados: {\n  usabiData: [\n    { user_name: 'admin', projects: [Array] },\n    { user_name: 'aisha', projects: [Array] },\n    { user_name: 'carlos', projects: [Array] },\n    { user_name: 'adrian', projects: [Array] }\n  ]\n}","meta":{"userLevel":true,"rootId":"1xoeodww7b9sqtl","id":"1xoeodww7b9sqtl"},"id":"w6l4qt3tiwbscue","previousOperationId":"44be4wl9txo40q2"}
{"type":"operationEnd","operationId":"44be4wl9txo40q2","timestamp":1704994025671,"id":"bnns21f708nd0w6","previousEventId":"tb6fakjsyb7k9jr","previousOperationId":"cja5luv72lxbchk"}
{"type":"log","timestamp":1704994025671,"level":"debug","message":"Executing script orders-script (beforeRender)","meta":{"rootId":"1xoeodww7b9sqtl","id":"1xoeodww7b9sqtl"},"id":"a81uuxozqa271g9","previousOperationId":"cja5luv72lxbchk"}
{"type":"operationStart","subtype":"script","name":"scripts orders-script","previousOperationId":"4c04ozy3afc0etl","timestamp":1704994025676,"id":"9j8xmar400hl0xi","previousEventId":"bnns21f708nd0w6","operationId":"doca1mezh03if75"}
{"type":"operationEnd","operationId":"doca1mezh03if75","timestamp":1704994026949,"id":"pjd2wki0pe9wc49","previousEventId":"bnns21f708nd0w6","previousOperationId":"cja5luv72lxbchk"}
{"type":"operationEnd","operationId":"4c04ozy3afc0etl","timestamp":1704994026949,"id":"zwy0pzdk332qkgw","previousEventId":"pjd2wki0pe9wc49","previousOperationId":"cja5luv72lxbchk"}
{"type":"log","timestamp":1704994026949,"level":"debug","message":"Base url not specified, skipping its injection.","meta":{"rootId":"1xoeodww7b9sqtl","id":"1xoeodww7b9sqtl"},"id":"up0hzfz0koci6jz","previousOperationId":"4c04ozy3afc0etl"}
{"type":"operationStart","subtype":"engine","name":"handlebars","timestamp":1704994026949,"id":"kdbslv6ylgfeo54","previousEventId":"zwy0pzdk332qkgw","operationId":"yz06mut4mqukydy","previousOperationId":"4c04ozy3afc0etl"}
{"type":"log","timestamp":1704994026949,"level":"debug","message":"Rendering engine handlebars","meta":{"rootId":"1xoeodww7b9sqtl","id":"1xoeodww7b9sqtl"},"id":"jjrhn5csbfs74cf","previousOperationId":"yz06mut4mqukydy"}
{"type":"operationEnd","operationId":"yz06mut4mqukydy","timestamp":1704994026975,"id":"1gdqu0hw0cdcfoh","previousEventId":"kdbslv6ylgfeo54","previousOperationId":"yz06mut4mqukydy"}
{"type":"operationStart","subtype":"recipe","name":"chrome-pdf","timestamp":1704994026975,"id":"85x5xpj0n2u3uxv","previousEventId":"1gdqu0hw0cdcfoh","operationId":"g3foibp1r8mme8j","previousOperationId":"yz06mut4mqukydy"}
{"type":"log","timestamp":1704994026975,"level":"debug","message":"Executing recipe chrome-pdf","meta":{"rootId":"1xoeodww7b9sqtl","id":"1xoeodww7b9sqtl"},"id":"soplivw8w5t9bl2","previousOperationId":"g3foibp1r8mme8j"}
{"type":"log","timestamp":1704994026977,"level":"debug","message":"Converting with chrome HeadlessChrome/117.0.5938.149 using chrome-pool strategy","meta":{"rootId":"1xoeodww7b9sqtl","id":"1xoeodww7b9sqtl"},"id":"cqfpvvrdhzqmu6j","previousOperationId":"g3foibp1r8mme8j"}
{"type":"log","timestamp":1704994027003,"level":"debug","message":"Page request: GET (document) file:///tmp/jsreport/autocleanup/9b560afb-84a0-4574-a9cf-8f05195431d3-chrome-pdf.html","meta":{"rootId":"1xoeodww7b9sqtl","id":"1xoeodww7b9sqtl"},"id":"x0foho8t6t93z6k","previousOperationId":"g3foibp1r8mme8j"}
{"type":"log","timestamp":1704994027008,"level":"debug","message":"Page request: GET (script) https://cdn.jsdelivr.net/npm/chart.js","meta":{"rootId":"1xoeodww7b9sqtl","id":"1xoeodww7b9sqtl"},"id":"06b30x34flogmnq","previousOperationId":"g3foibp1r8mme8j"}
{"type":"log","timestamp":1704994027009,"level":"debug","message":"Page request finished: GET (document) 200 file:///tmp/jsreport/autocleanup/9b560afb-84a0-4574-a9cf-8f05195431d3-chrome-pdf.html","meta":{"rootId":"1xoeodww7b9sqtl","id":"1xoeodww7b9sqtl"},"id":"tpe97sam4wjovq6","previousOperationId":"g3foibp1r8mme8j"}
{"type":"log","timestamp":1704994027012,"level":"debug","message":"Page request finished: GET (script) 200 https://cdn.jsdelivr.net/npm/chart.js","meta":{"rootId":"1xoeodww7b9sqtl","id":"1xoeodww7b9sqtl"},"id":"v19ekask5jvkpz0","previousOperationId":"g3foibp1r8mme8j"}
{"type":"log","timestamp":1704994027014,"level":"warn","message":"Page error: Unexpected token ';' , stack: SyntaxError: Unexpected token ';'","meta":{"rootId":"1xoeodww7b9sqtl","id":"1xoeodww7b9sqtl"},"id":"upp75bj3ihdgmkd","previousOperationId":"g3foibp1r8mme8j"}
{"type":"log","timestamp":1704994027018,"level":"debug","message":"Running chrome with params {\"printBackground\":true,\"timeout\":58661,\"margin\":{}}","meta":{"rootId":"1xoeodww7b9sqtl","id":"1xoeodww7b9sqtl"},"id":"worpjrn1pifqzyd","previousOperationId":"g3foibp1r8mme8j"}
{"type":"operationEnd","operationId":"g3foibp1r8mme8j","timestamp":1704994027024,"id":"z3udb25d3jf3bao","previousEventId":"85x5xpj0n2u3uxv","previousOperationId":"g3foibp1r8mme8j"}
{"type":"log","timestamp":1704994027024,"level":"debug","message":"Skipping storing report.","meta":{"rootId":"1xoeodww7b9sqtl","id":"1xoeodww7b9sqtl"},"id":"jpnlhdfccp1pr3o","previousOperationId":"g3foibp1r8mme8j"}
{"type":"log","timestamp":1704994027024,"level":"info","message":"Rendering request 142 finished in 1387 ms","meta":{"rootId":"1xoeodww7b9sqtl","id":"1xoeodww7b9sqtl"},"id":"d8azbgr9v0d9kva","previousOperationId":"g3foibp1r8mme8j"}
{"type":"operationEnd","subtype":"render","operationId":"cja5luv72lxbchk","timestamp":1704994027024,"id":"jsrelnymw71mlgd","previousEventId":"z3udb25d3jf3bao","previousOperationId":"g3foibp1r8mme8j"}
{"type":"operationEnd","doDiffs":false,"previousEventId":"rp3h5917b7d8qy2","previousOperationId":"zi3dx6nok5jsz3o","operationId":"zi3dx6nok5jsz3o","timestamp":1704994027028,"id":"5fa7joduxmouzl0"}
