{"type":"operationStart","subtype":"profile","data":{"_id":"usoeprqimUMWwSzm","timestamp":"2024-01-11T16:35:59.484Z","state":"queued","mode":"standard","creationDate":"2024-01-11T16:35:59.485Z","modificationDate":"2024-01-11T16:35:59.485Z","shortid":"0h9Ihds","$entitySet":"profiles"},"doDiffs":false,"timestamp":1704990959485,"id":"5oihsfxxv9ljwhe","previousOperationId":null,"operationId":"i90ly7a3mv4c6fq"}
{"type":"log","level":"info","message":"Render request 53 queued for execution and waiting for available worker","previousOperationId":"i90ly7a3mv4c6fq","timestamp":1704990959485,"id":"t5hw9aycx9lwn3i"}
{"type":"operationStart","subtype":"render","name":"User_project","previousOperationId":"i90ly7a3mv4c6fq","timestamp":1704990959490,"id":"fh0bb5ur4siwm14","previousEventId":"5oihsfxxv9ljwhe","operationId":"7artko15gap022t"}
{"type":"log","timestamp":1704990959490,"level":"info","message":"Starting rendering request 53","meta":{"rootId":"1xrvvw274o1vgr4","id":"1xrvvw274o1vgr4"},"id":"9yibww6cnohowrz","previousOperationId":"7artko15gap022t"}
{"type":"log","timestamp":1704990959490,"level":"info","message":"Rendering template { name: User_project, recipe: chrome-pdf, engine: handlebars, preview: true }","meta":{"rootId":"1xrvvw274o1vgr4","id":"1xrvvw274o1vgr4"},"id":"1ydcf5u10o05imy","previousOperationId":"7artko15gap022t"}
{"type":"log","timestamp":1704990959490,"level":"debug","message":"Data item not defined for this template.","meta":{"rootId":"1xrvvw274o1vgr4","id":"1xrvvw274o1vgr4"},"id":"03pbm6lw22fkiig","previousOperationId":"7artko15gap022t"}
{"type":"log","timestamp":1704990959505,"level":"debug","message":"Executing script usabi-data (beforeRender)","meta":{"rootId":"1xrvvw274o1vgr4","id":"1xrvvw274o1vgr4"},"id":"sm1xkcwn24j57ik","previousOperationId":"7artko15gap022t"}
{"type":"operationStart","subtype":"scriptsBeforeRender","name":"scripts beforeRender","timestamp":1704990959508,"id":"5o9l8t5e30wq956","previousEventId":"fh0bb5ur4siwm14","operationId":"qjvzm5xfm5w50nn","previousOperationId":"7artko15gap022t"}
{"type":"operationStart","subtype":"script","name":"scripts usabi-data","previousOperationId":"qjvzm5xfm5w50nn","timestamp":1704990959508,"id":"fpw7kq2w44kxukk","previousEventId":"5o9l8t5e30wq956","operationId":"puausgmhuzd7xlv"}
{"type":"operationEnd","operationId":"puausgmhuzd7xlv","timestamp":1704990959525,"id":"724wfj8es7fjs8e","previousEventId":"fh0bb5ur4siwm14","previousOperationId":"7artko15gap022t"}
{"type":"operationEnd","operationId":"qjvzm5xfm5w50nn","timestamp":1704990959525,"id":"hbsdwf4r1v26blf","previousEventId":"724wfj8es7fjs8e","previousOperationId":"7artko15gap022t"}
{"type":"log","timestamp":1704990959525,"level":"debug","message":"Base url not specified, skipping its injection.","meta":{"rootId":"1xrvvw274o1vgr4","id":"1xrvvw274o1vgr4"},"id":"rh42td9lwulwo90","previousOperationId":"qjvzm5xfm5w50nn"}
{"type":"operationStart","subtype":"engine","name":"handlebars","timestamp":1704990959525,"id":"oqcc5lr02old9tv","previousEventId":"hbsdwf4r1v26blf","operationId":"gsy3q8pplyidvca","previousOperationId":"qjvzm5xfm5w50nn"}
{"type":"log","timestamp":1704990959525,"level":"debug","message":"Rendering engine handlebars","meta":{"rootId":"1xrvvw274o1vgr4","id":"1xrvvw274o1vgr4"},"id":"tscn7lslt3s9s4y","previousOperationId":"gsy3q8pplyidvca"}
{"type":"operationEnd","operationId":"gsy3q8pplyidvca","timestamp":1704990959534,"id":"d5i167esvauis0g","previousEventId":"oqcc5lr02old9tv","previousOperationId":"gsy3q8pplyidvca"}
{"type":"operationStart","subtype":"recipe","name":"chrome-pdf","timestamp":1704990959534,"id":"p6juezocpvilq1a","previousEventId":"d5i167esvauis0g","operationId":"vuyh5907fi9y0m8","previousOperationId":"gsy3q8pplyidvca"}
{"type":"log","timestamp":1704990959534,"level":"debug","message":"Executing recipe chrome-pdf","meta":{"rootId":"1xrvvw274o1vgr4","id":"1xrvvw274o1vgr4"},"id":"yfoww1o5atpwht3","previousOperationId":"vuyh5907fi9y0m8"}
{"type":"log","timestamp":1704990959536,"level":"debug","message":"Converting with chrome HeadlessChrome/117.0.5938.149 using chrome-pool strategy","meta":{"rootId":"1xrvvw274o1vgr4","id":"1xrvvw274o1vgr4"},"id":"ng6bxb4cpquoggg","previousOperationId":"vuyh5907fi9y0m8"}
{"type":"log","timestamp":1704990959568,"level":"debug","message":"Page request: GET (document) file:///tmp/jsreport/autocleanup/9369772c-84f4-4f4d-8e69-abd793cb4a68-chrome-pdf.html","meta":{"rootId":"1xrvvw274o1vgr4","id":"1xrvvw274o1vgr4"},"id":"wi7kiiy3i47aual","previousOperationId":"vuyh5907fi9y0m8"}
{"type":"log","timestamp":1704990959575,"level":"debug","message":"Page request: GET (script) https://cdn.jsdelivr.net/npm/chart.js","meta":{"rootId":"1xrvvw274o1vgr4","id":"1xrvvw274o1vgr4"},"id":"vclex5lipip0ly2","previousOperationId":"vuyh5907fi9y0m8"}
{"type":"log","timestamp":1704990959575,"level":"debug","message":"Page request finished: GET (document) 200 file:///tmp/jsreport/autocleanup/9369772c-84f4-4f4d-8e69-abd793cb4a68-chrome-pdf.html","meta":{"rootId":"1xrvvw274o1vgr4","id":"1xrvvw274o1vgr4"},"id":"a6try9mtq99jyx0","previousOperationId":"vuyh5907fi9y0m8"}
{"type":"log","timestamp":1704990959577,"level":"debug","message":"Page request finished: GET (script) 200 https://cdn.jsdelivr.net/npm/chart.js","meta":{"rootId":"1xrvvw274o1vgr4","id":"1xrvvw274o1vgr4"},"id":"ftkrthdc9ia72k8","previousOperationId":"vuyh5907fi9y0m8"}
{"type":"log","timestamp":1704990959623,"level":"debug","message":"Running chrome with params {\"printBackground\":true,\"timeout\":59949,\"margin\":{}}","meta":{"rootId":"1xrvvw274o1vgr4","id":"1xrvvw274o1vgr4"},"id":"03d0qrhw9gxno9b","previousOperationId":"vuyh5907fi9y0m8"}
{"type":"operationEnd","operationId":"vuyh5907fi9y0m8","timestamp":1704990959641,"id":"ofwjc3zlbuovand","previousEventId":"p6juezocpvilq1a","previousOperationId":"vuyh5907fi9y0m8"}
{"type":"log","timestamp":1704990959641,"level":"debug","message":"Skipping storing report.","meta":{"rootId":"1xrvvw274o1vgr4","id":"1xrvvw274o1vgr4"},"id":"oju34qmpoc7buy7","previousOperationId":"vuyh5907fi9y0m8"}
{"type":"log","timestamp":1704990959641,"level":"info","message":"Rendering request 53 finished in 157 ms","meta":{"rootId":"1xrvvw274o1vgr4","id":"1xrvvw274o1vgr4"},"id":"bp1hefja26sh6n3","previousOperationId":"vuyh5907fi9y0m8"}
{"type":"operationEnd","subtype":"render","operationId":"7artko15gap022t","timestamp":1704990959641,"id":"1b336nk1g03telu","previousEventId":"ofwjc3zlbuovand","previousOperationId":"vuyh5907fi9y0m8"}
{"type":"operationEnd","doDiffs":false,"previousEventId":"5oihsfxxv9ljwhe","previousOperationId":"i90ly7a3mv4c6fq","operationId":"i90ly7a3mv4c6fq","timestamp":1704990959643,"id":"79mnws4gcryndck"}
