{"type":"operationStart","subtype":"profile","data":{"_id":"2gfrPz7kQVFoALvQ","timestamp":"2024-01-10T20:20:51.688Z","state":"queued","mode":"standard","creationDate":"2024-01-10T20:20:51.689Z","modificationDate":"2024-01-10T20:20:51.689Z","shortid":"ioqBgMF","$entitySet":"profiles"},"doDiffs":false,"timestamp":1704918051688,"id":"81z8j78j1paqr7h","previousOperationId":null,"operationId":"4qfjbbqlpnk89i8"}
{"type":"log","level":"info","message":"Render request 6 queued for execution and waiting for available worker","previousOperationId":"4qfjbbqlpnk89i8","timestamp":1704918051688,"id":"kcftjuy6h3ndkro"}
{"type":"operationStart","subtype":"render","name":"User_project","previousOperationId":"4qfjbbqlpnk89i8","timestamp":1704918051694,"id":"wrscfe0qn3oizsp","previousEventId":"81z8j78j1paqr7h","operationId":"ua8roc9kvmqcm4x"}
{"type":"log","timestamp":1704918051694,"level":"info","message":"Starting rendering request 6","meta":{"rootId":"1y54in4tgqk35q9","id":"1y54in4tgqk35q9"},"id":"35xc05eesj19oqf","previousOperationId":"ua8roc9kvmqcm4x"}
{"type":"log","timestamp":1704918051694,"level":"info","message":"Rendering template { name: User_project, recipe: chrome-pdf, engine: handlebars, preview: true }","meta":{"rootId":"1y54in4tgqk35q9","id":"1y54in4tgqk35q9"},"id":"5paqop8l2drxptn","previousOperationId":"ua8roc9kvmqcm4x"}
{"type":"log","timestamp":1704918051694,"level":"debug","message":"Data item not defined for this template.","meta":{"rootId":"1y54in4tgqk35q9","id":"1y54in4tgqk35q9"},"id":"40axrxq6dqjsc20","previousOperationId":"ua8roc9kvmqcm4x"}
{"type":"log","timestamp":1704918051696,"level":"debug","message":"Executing script usabi-data (beforeRender)","meta":{"rootId":"1y54in4tgqk35q9","id":"1y54in4tgqk35q9"},"id":"wo9h6cwspojkdv5","previousOperationId":"ua8roc9kvmqcm4x"}
{"type":"operationStart","subtype":"scriptsBeforeRender","name":"scripts beforeRender","timestamp":1704918051700,"id":"u7lu1zcdn9wb6z1","previousEventId":"wrscfe0qn3oizsp","operationId":"tlkg4xsonpnsyr4","previousOperationId":"ua8roc9kvmqcm4x"}
{"type":"operationStart","subtype":"script","name":"scripts usabi-data","previousOperationId":"tlkg4xsonpnsyr4","timestamp":1704918051700,"id":"v9yuby7qv5vnb2y","previousEventId":"u7lu1zcdn9wb6z1","operationId":"0puijgyk64rj3jd"}
{"type":"operationEnd","operationId":"0puijgyk64rj3jd","timestamp":1704918051719,"id":"o1waardyzrlcxzo","previousEventId":"wrscfe0qn3oizsp","previousOperationId":"ua8roc9kvmqcm4x"}
{"type":"operationEnd","operationId":"tlkg4xsonpnsyr4","timestamp":1704918051719,"id":"wvtrc1h99oq751t","previousEventId":"o1waardyzrlcxzo","previousOperationId":"ua8roc9kvmqcm4x"}
{"type":"log","timestamp":1704918051719,"level":"debug","message":"Base url not specified, skipping its injection.","meta":{"rootId":"1y54in4tgqk35q9","id":"1y54in4tgqk35q9"},"id":"0jk1k58oowd8pqv","previousOperationId":"tlkg4xsonpnsyr4"}
{"type":"operationStart","subtype":"engine","name":"handlebars","timestamp":1704918051719,"id":"hn0ql2f1ep7sw45","previousEventId":"wvtrc1h99oq751t","operationId":"ji8f9vkx78vztaw","previousOperationId":"tlkg4xsonpnsyr4"}
{"type":"log","timestamp":1704918051719,"level":"debug","message":"Rendering engine handlebars","meta":{"rootId":"1y54in4tgqk35q9","id":"1y54in4tgqk35q9"},"id":"12qf95vvfnc0uy0","previousOperationId":"ji8f9vkx78vztaw"}
{"type":"operationEnd","operationId":"ji8f9vkx78vztaw","timestamp":1704918051731,"id":"l8ey5vvajp8f2sy","previousEventId":"hn0ql2f1ep7sw45","previousOperationId":"ji8f9vkx78vztaw"}
{"type":"operationStart","subtype":"recipe","name":"chrome-pdf","timestamp":1704918051731,"id":"hyafvyrgx9ocs9k","previousEventId":"l8ey5vvajp8f2sy","operationId":"z71x2vixp7oqwlj","previousOperationId":"ji8f9vkx78vztaw"}
{"type":"log","timestamp":1704918051731,"level":"debug","message":"Executing recipe chrome-pdf","meta":{"rootId":"1y54in4tgqk35q9","id":"1y54in4tgqk35q9"},"id":"6pxzsj75ws4kki2","previousOperationId":"z71x2vixp7oqwlj"}
{"type":"log","timestamp":1704918051733,"level":"debug","message":"Converting with chrome HeadlessChrome/117.0.5938.149 using chrome-pool strategy","meta":{"rootId":"1y54in4tgqk35q9","id":"1y54in4tgqk35q9"},"id":"r0k0s1g1k7acj18","previousOperationId":"z71x2vixp7oqwlj"}
{"type":"log","timestamp":1704918051780,"level":"debug","message":"Page request: GET (document) file:///tmp/jsreport/autocleanup/f0540e11-830b-4b41-911b-9a82224b4f1a-chrome-pdf.html","meta":{"rootId":"1y54in4tgqk35q9","id":"1y54in4tgqk35q9"},"id":"pjg7tk97tajvuo8","previousOperationId":"z71x2vixp7oqwlj"}
{"type":"log","timestamp":1704918051786,"level":"debug","message":"Page request finished: GET (document) 200 file:///tmp/jsreport/autocleanup/f0540e11-830b-4b41-911b-9a82224b4f1a-chrome-pdf.html","meta":{"rootId":"1y54in4tgqk35q9","id":"1y54in4tgqk35q9"},"id":"mj8puheuoi7rueo","previousOperationId":"z71x2vixp7oqwlj"}
{"type":"log","timestamp":1704918051791,"level":"debug","message":"Running chrome with params {\"printBackground\":true,\"timeout\":59956,\"margin\":{}}","meta":{"rootId":"1y54in4tgqk35q9","id":"1y54in4tgqk35q9"},"id":"r8suofdzsj26i2q","previousOperationId":"z71x2vixp7oqwlj"}
{"type":"operationEnd","operationId":"z71x2vixp7oqwlj","timestamp":1704918051799,"id":"q0w1o8eple0cb2k","previousEventId":"hyafvyrgx9ocs9k","previousOperationId":"z71x2vixp7oqwlj"}
{"type":"log","timestamp":1704918051799,"level":"debug","message":"Skipping storing report.","meta":{"rootId":"1y54in4tgqk35q9","id":"1y54in4tgqk35q9"},"id":"0d12j7r3nizouf8","previousOperationId":"z71x2vixp7oqwlj"}
{"type":"log","timestamp":1704918051800,"level":"info","message":"Rendering request 6 finished in 112 ms","meta":{"rootId":"1y54in4tgqk35q9","id":"1y54in4tgqk35q9"},"id":"y8zvb3udg6lbx0w","previousOperationId":"z71x2vixp7oqwlj"}
{"type":"operationEnd","subtype":"render","operationId":"ua8roc9kvmqcm4x","timestamp":1704918051800,"id":"vsw6rja21x1lmj7","previousEventId":"q0w1o8eple0cb2k","previousOperationId":"z71x2vixp7oqwlj"}
{"type":"operationEnd","doDiffs":false,"previousEventId":"81z8j78j1paqr7h","previousOperationId":"4qfjbbqlpnk89i8","operationId":"4qfjbbqlpnk89i8","timestamp":1704918051805,"id":"pj7zv3wxy38dadf"}
