{"type":"operationStart","subtype":"profile","data":{"_id":"ja1w8AQDSa6gm9vU","timestamp":"2024-01-11T20:05:05.839Z","state":"queued","mode":"standard","creationDate":"2024-01-11T20:05:05.841Z","modificationDate":"2024-01-11T20:05:05.841Z","shortid":"qIjZcIa","$entitySet":"profiles"},"doDiffs":false,"timestamp":1705003505840,"id":"ck3dix4oumfkt79","previousOperationId":null,"operationId":"za1uh2ixtgqj5y0"}
{"type":"log","level":"info","message":"Render request 1 queued for execution and waiting for available worker","previousOperationId":"za1uh2ixtgqj5y0","timestamp":1705003505840,"id":"z5vr2a703di75q4"}
{"type":"operationStart","subtype":"render","name":"User_project","previousOperationId":"za1uh2ixtgqj5y0","timestamp":1705003505857,"id":"qmwm3d2v3ru6gha","previousEventId":"ck3dix4oumfkt79","operationId":"gongsr1ufzu6ef0"}
{"type":"log","timestamp":1705003505858,"level":"info","message":"Starting rendering request 1","meta":{"rootId":"294bw78l01hwqet","id":"294bw78l01hwqet"},"id":"qy90sl15pxppp71","previousOperationId":"gongsr1ufzu6ef0"}
{"type":"log","timestamp":1705003505858,"level":"info","message":"Rendering template { name: User_project, recipe: chrome-pdf, engine: handlebars, preview: true }","meta":{"rootId":"294bw78l01hwqet","id":"294bw78l01hwqet"},"id":"j5vgwsd8cqgfeda","previousOperationId":"gongsr1ufzu6ef0"}
{"type":"log","timestamp":1705003505860,"level":"debug","message":"Data item not defined for this template.","meta":{"rootId":"294bw78l01hwqet","id":"294bw78l01hwqet"},"id":"w9047lnkpqn827f","previousOperationId":"gongsr1ufzu6ef0"}
{"type":"log","timestamp":1705003505862,"level":"debug","message":"Executing script usabi-data (beforeRender)","meta":{"rootId":"294bw78l01hwqet","id":"294bw78l01hwqet"},"id":"fq9duplv2mw3irj","previousOperationId":"gongsr1ufzu6ef0"}
{"type":"operationStart","subtype":"scriptsBeforeRender","name":"scripts beforeRender","timestamp":1705003506004,"id":"cyrieiuqqbquyyr","previousEventId":"qmwm3d2v3ru6gha","operationId":"q0kj65gu8k4e3ut","previousOperationId":"gongsr1ufzu6ef0"}
{"type":"operationStart","subtype":"script","name":"scripts usabi-data","previousOperationId":"q0kj65gu8k4e3ut","timestamp":1705003506004,"id":"iylftk3283rjyrq","previousEventId":"cyrieiuqqbquyyr","operationId":"os73v47ovw1xrkz"}
{"type":"operationEnd","operationId":"os73v47ovw1xrkz","timestamp":1705003506047,"id":"ucbpw5o522ckh45","previousEventId":"qmwm3d2v3ru6gha","previousOperationId":"gongsr1ufzu6ef0"}
{"type":"log","timestamp":1705003506047,"level":"debug","message":"Executing script orders-script (beforeRender)","meta":{"rootId":"294bw78l01hwqet","id":"294bw78l01hwqet"},"id":"hcg3banwc2ado6v","previousOperationId":"gongsr1ufzu6ef0"}
{"type":"operationStart","subtype":"script","name":"scripts orders-script","previousOperationId":"q0kj65gu8k4e3ut","timestamp":1705003506068,"id":"fxm5shf4rtxsbwn","previousEventId":"ucbpw5o522ckh45","operationId":"1c0sqotyd1g09vs"}
{"type":"operationEnd","operationId":"1c0sqotyd1g09vs","timestamp":1705003507487,"id":"w3cmu12pyex8joq","previousEventId":"ucbpw5o522ckh45","previousOperationId":"gongsr1ufzu6ef0"}
{"type":"operationEnd","operationId":"q0kj65gu8k4e3ut","timestamp":1705003507488,"id":"kqwduhqkhqkdj8i","previousEventId":"w3cmu12pyex8joq","previousOperationId":"gongsr1ufzu6ef0"}
{"type":"log","timestamp":1705003507488,"level":"debug","message":"Base url not specified, skipping its injection.","meta":{"rootId":"294bw78l01hwqet","id":"294bw78l01hwqet"},"id":"n5nxdsmoeyw0tms","previousOperationId":"q0kj65gu8k4e3ut"}
{"type":"operationStart","subtype":"engine","name":"handlebars","timestamp":1705003507490,"id":"91galpoh5v9yblv","previousEventId":"kqwduhqkhqkdj8i","operationId":"p1uv16flponvtpa","previousOperationId":"q0kj65gu8k4e3ut"}
{"type":"log","timestamp":1705003507490,"level":"debug","message":"Rendering engine handlebars","meta":{"rootId":"294bw78l01hwqet","id":"294bw78l01hwqet"},"id":"6j6m91by3cdw43r","previousOperationId":"p1uv16flponvtpa"}
{"type":"operationEnd","operationId":"p1uv16flponvtpa","timestamp":1705003507721,"id":"uataf6h1vxzbyx5","previousEventId":"91galpoh5v9yblv","previousOperationId":"p1uv16flponvtpa"}
{"type":"operationStart","subtype":"recipe","name":"chrome-pdf","timestamp":1705003507721,"id":"sv2udpkm7o8zv1u","previousEventId":"uataf6h1vxzbyx5","operationId":"16lfsjvb1svczwx","previousOperationId":"p1uv16flponvtpa"}
{"type":"log","timestamp":1705003507721,"level":"debug","message":"Executing recipe chrome-pdf","meta":{"rootId":"294bw78l01hwqet","id":"294bw78l01hwqet"},"id":"xo76xieoo02pwiu","previousOperationId":"16lfsjvb1svczwx"}
{"type":"log","timestamp":1705003508221,"level":"debug","message":"Converting with chrome HeadlessChrome/117.0.5938.149 using chrome-pool strategy","meta":{"rootId":"294bw78l01hwqet","id":"294bw78l01hwqet"},"id":"fpz18chxydti9w8","previousOperationId":"16lfsjvb1svczwx"}
{"type":"log","timestamp":1705003508368,"level":"debug","message":"Page request: GET (document) file:///tmp/jsreport/autocleanup/578d9483-942f-4ac8-9dcd-01e472631533-chrome-pdf.html","meta":{"rootId":"294bw78l01hwqet","id":"294bw78l01hwqet"},"id":"f7u10kfdg5xd5nf","previousOperationId":"16lfsjvb1svczwx"}
{"type":"log","timestamp":1705003508384,"level":"debug","message":"Page request: GET (script) https://cdn.jsdelivr.net/npm/chart.js","meta":{"rootId":"294bw78l01hwqet","id":"294bw78l01hwqet"},"id":"puqivnaiqup3ipw","previousOperationId":"16lfsjvb1svczwx"}
{"type":"log","timestamp":1705003508384,"level":"debug","message":"Page request finished: GET (document) 200 file:///tmp/jsreport/autocleanup/578d9483-942f-4ac8-9dcd-01e472631533-chrome-pdf.html","meta":{"rootId":"294bw78l01hwqet","id":"294bw78l01hwqet"},"id":"xa6l3qwcialnuwk","previousOperationId":"16lfsjvb1svczwx"}
{"type":"log","timestamp":1705003508636,"level":"debug","message":"Page request finished: GET (script) 200 https://cdn.jsdelivr.net/npm/chart.js","meta":{"rootId":"294bw78l01hwqet","id":"294bw78l01hwqet"},"id":"ax6e7kv1y70nqiz","previousOperationId":"16lfsjvb1svczwx"}
{"type":"log","timestamp":1705003508728,"level":"debug","message":"Running chrome with params {\"printBackground\":true,\"timeout\":57980,\"margin\":{}}","meta":{"rootId":"294bw78l01hwqet","id":"294bw78l01hwqet"},"id":"1uka9xq5l8y78ub","previousOperationId":"16lfsjvb1svczwx"}
{"type":"operationEnd","operationId":"16lfsjvb1svczwx","timestamp":1705003508798,"id":"upj44nenkivexww","previousEventId":"sv2udpkm7o8zv1u","previousOperationId":"16lfsjvb1svczwx"}
{"type":"log","timestamp":1705003508799,"level":"debug","message":"Skipping storing report.","meta":{"rootId":"294bw78l01hwqet","id":"294bw78l01hwqet"},"id":"7bx6exajhzkqsow","previousOperationId":"16lfsjvb1svczwx"}
{"type":"log","timestamp":1705003508799,"level":"info","message":"Rendering request 1 finished in 2960 ms","meta":{"rootId":"294bw78l01hwqet","id":"294bw78l01hwqet"},"id":"f0fcwfgqr0d86uq","previousOperationId":"16lfsjvb1svczwx"}
{"type":"operationEnd","subtype":"render","operationId":"gongsr1ufzu6ef0","timestamp":1705003508799,"id":"o52g0yy27l7fvnu","previousEventId":"upj44nenkivexww","previousOperationId":"16lfsjvb1svczwx"}
{"type":"operationEnd","doDiffs":false,"previousEventId":"ck3dix4oumfkt79","previousOperationId":"za1uh2ixtgqj5y0","operationId":"za1uh2ixtgqj5y0","timestamp":1705003508803,"id":"3f1b0swj1z7u3nn"}
