{"type":"operationStart","subtype":"profile","data":{"_id":"N8lrVzSA9ujYA0XO","timestamp":"2024-01-11T16:48:53.381Z","state":"queued","mode":"standard","creationDate":"2024-01-11T16:48:53.381Z","modificationDate":"2024-01-11T16:48:53.381Z","shortid":"jip7sRn","$entitySet":"profiles"},"doDiffs":false,"timestamp":1704991733381,"id":"0pniptbbitdvycq","previousOperationId":null,"operationId":"4a4bhci6siteraf"}
{"type":"log","level":"info","message":"Render request 80 queued for execution and waiting for available worker","previousOperationId":"4a4bhci6siteraf","timestamp":1704991733381,"id":"7te19btakgtod0r"}
{"type":"operationStart","subtype":"render","name":"User_project","previousOperationId":"4a4bhci6siteraf","timestamp":1704991733385,"id":"gcav9p39ttuieia","previousEventId":"0pniptbbitdvycq","operationId":"0r1szjjdvhnfuys"}
{"type":"log","timestamp":1704991733385,"level":"info","message":"Starting rendering request 80","meta":{"rootId":"2a7z12bss27rmg4","id":"2a7z12bss27rmg4"},"id":"xc7lb6r4teoy8pt","previousOperationId":"0r1szjjdvhnfuys"}
{"type":"log","timestamp":1704991733385,"level":"info","message":"Rendering template { name: User_project, recipe: chrome-pdf, engine: handlebars, preview: true }","meta":{"rootId":"2a7z12bss27rmg4","id":"2a7z12bss27rmg4"},"id":"moxhbf9d1uav53g","previousOperationId":"0r1szjjdvhnfuys"}
{"type":"log","timestamp":1704991733385,"level":"debug","message":"Data item not defined for this template.","meta":{"rootId":"2a7z12bss27rmg4","id":"2a7z12bss27rmg4"},"id":"86goksnwzmdjr37","previousOperationId":"0r1szjjdvhnfuys"}
{"type":"log","timestamp":1704991733387,"level":"debug","message":"Executing script usabi-data (beforeRender)","meta":{"rootId":"2a7z12bss27rmg4","id":"2a7z12bss27rmg4"},"id":"gl5m8lbs8jyvup5","previousOperationId":"0r1szjjdvhnfuys"}
{"type":"operationStart","subtype":"scriptsBeforeRender","name":"scripts beforeRender","timestamp":1704991733390,"id":"h7odnjzgnig7yzo","previousEventId":"gcav9p39ttuieia","operationId":"i611viykv9mzc5p","previousOperationId":"0r1szjjdvhnfuys"}
{"type":"operationStart","subtype":"script","name":"scripts usabi-data","previousOperationId":"i611viykv9mzc5p","timestamp":1704991733390,"id":"1li63f1wfrfjjv2","previousEventId":"h7odnjzgnig7yzo","operationId":"abupa3q3wfa0ub0"}
{"type":"operationEnd","operationId":"abupa3q3wfa0ub0","timestamp":1704991733400,"id":"lkrfbuan4rv3ccf","previousEventId":"gcav9p39ttuieia","previousOperationId":"0r1szjjdvhnfuys"}
{"type":"operationEnd","operationId":"i611viykv9mzc5p","timestamp":1704991733400,"id":"u8aeq13yf0fnlnc","previousEventId":"lkrfbuan4rv3ccf","previousOperationId":"0r1szjjdvhnfuys"}
{"type":"log","timestamp":1704991733400,"level":"debug","message":"Base url not specified, skipping its injection.","meta":{"rootId":"2a7z12bss27rmg4","id":"2a7z12bss27rmg4"},"id":"mueu4o1zezeovz4","previousOperationId":"i611viykv9mzc5p"}
{"type":"operationStart","subtype":"engine","name":"handlebars","timestamp":1704991733400,"id":"6768l1st6gzdryk","previousEventId":"u8aeq13yf0fnlnc","operationId":"x1moprcw3efpaiq","previousOperationId":"i611viykv9mzc5p"}
{"type":"log","timestamp":1704991733400,"level":"debug","message":"Rendering engine handlebars","meta":{"rootId":"2a7z12bss27rmg4","id":"2a7z12bss27rmg4"},"id":"6cxau2s1yrfp7k2","previousOperationId":"x1moprcw3efpaiq"}
{"type":"operationEnd","operationId":"x1moprcw3efpaiq","timestamp":1704991733407,"id":"pfyvs8x31t8mzq2","previousEventId":"6768l1st6gzdryk","previousOperationId":"x1moprcw3efpaiq"}
{"type":"operationStart","subtype":"recipe","name":"chrome-pdf","timestamp":1704991733407,"id":"znctbnelef93yjl","previousEventId":"pfyvs8x31t8mzq2","operationId":"homdek5efxjryqs","previousOperationId":"x1moprcw3efpaiq"}
{"type":"log","timestamp":1704991733407,"level":"debug","message":"Executing recipe chrome-pdf","meta":{"rootId":"2a7z12bss27rmg4","id":"2a7z12bss27rmg4"},"id":"vclad8q2ppz4p05","previousOperationId":"homdek5efxjryqs"}
{"type":"log","timestamp":1704991733408,"level":"debug","message":"Converting with chrome HeadlessChrome/117.0.5938.149 using chrome-pool strategy","meta":{"rootId":"2a7z12bss27rmg4","id":"2a7z12bss27rmg4"},"id":"rfhuk1l8xj49r7k","previousOperationId":"homdek5efxjryqs"}
{"type":"log","timestamp":1704991733438,"level":"debug","message":"Page request: GET (document) file:///tmp/jsreport/autocleanup/f41a4750-024c-43c1-bf03-f12de3114278-chrome-pdf.html","meta":{"rootId":"2a7z12bss27rmg4","id":"2a7z12bss27rmg4"},"id":"7i7m1d60qcctogh","previousOperationId":"homdek5efxjryqs"}
{"type":"log","timestamp":1704991733446,"level":"debug","message":"Page request: GET (script) https://cdn.jsdelivr.net/npm/chart.js","meta":{"rootId":"2a7z12bss27rmg4","id":"2a7z12bss27rmg4"},"id":"fbfhhz4sl01ltuo","previousOperationId":"homdek5efxjryqs"}
{"type":"log","timestamp":1704991733447,"level":"debug","message":"Page request finished: GET (document) 200 file:///tmp/jsreport/autocleanup/f41a4750-024c-43c1-bf03-f12de3114278-chrome-pdf.html","meta":{"rootId":"2a7z12bss27rmg4","id":"2a7z12bss27rmg4"},"id":"4iff9nrvdzdvof3","previousOperationId":"homdek5efxjryqs"}
{"type":"log","timestamp":1704991733450,"level":"debug","message":"Page request finished: GET (script) 200 https://cdn.jsdelivr.net/npm/chart.js","meta":{"rootId":"2a7z12bss27rmg4","id":"2a7z12bss27rmg4"},"id":"4vg149vsbdvw1dm","previousOperationId":"homdek5efxjryqs"}
{"type":"log","timestamp":1704991733494,"level":"debug","message":"Running chrome with params {\"printBackground\":true,\"timeout\":59972,\"margin\":{}}","meta":{"rootId":"2a7z12bss27rmg4","id":"2a7z12bss27rmg4"},"id":"t6xw7e5f42jbg6w","previousOperationId":"homdek5efxjryqs"}
{"type":"operationEnd","operationId":"homdek5efxjryqs","timestamp":1704991733510,"id":"p44rg8e9iqgxt4o","previousEventId":"znctbnelef93yjl","previousOperationId":"homdek5efxjryqs"}
{"type":"log","timestamp":1704991733510,"level":"debug","message":"Skipping storing report.","meta":{"rootId":"2a7z12bss27rmg4","id":"2a7z12bss27rmg4"},"id":"amoqhs4f0sjwx09","previousOperationId":"homdek5efxjryqs"}
{"type":"log","timestamp":1704991733510,"level":"info","message":"Rendering request 80 finished in 130 ms","meta":{"rootId":"2a7z12bss27rmg4","id":"2a7z12bss27rmg4"},"id":"6oqmmt4xmugnqvv","previousOperationId":"homdek5efxjryqs"}
{"type":"operationEnd","subtype":"render","operationId":"0r1szjjdvhnfuys","timestamp":1704991733510,"id":"jt1uvun6rx0h4lz","previousEventId":"p44rg8e9iqgxt4o","previousOperationId":"homdek5efxjryqs"}
{"type":"operationEnd","doDiffs":false,"previousEventId":"0pniptbbitdvycq","previousOperationId":"4a4bhci6siteraf","operationId":"4a4bhci6siteraf","timestamp":1704991733513,"id":"3c8abpza73cucis"}
