{"type":"operationStart","subtype":"profile","data":{"_id":"gWRQUj5515fDdttq","timestamp":"2024-01-11T17:53:45.567Z","state":"queued","mode":"standard","creationDate":"2024-01-11T17:53:45.567Z","modificationDate":"2024-01-11T17:53:45.567Z","shortid":"Thl8Zs_","$entitySet":"profiles"},"doDiffs":false,"timestamp":1704995625567,"id":"ebc0if05y9qxwa2","previousOperationId":null,"operationId":"3nrv6209ofaoflo"}
{"type":"log","level":"info","message":"Render request 20 queued for execution and waiting for available worker","previousOperationId":"3nrv6209ofaoflo","timestamp":1704995625567,"id":"cllw3os4s9ipgn1"}
{"type":"operationStart","subtype":"render","name":"User_project","previousOperationId":"3nrv6209ofaoflo","timestamp":1704995625571,"id":"247jm6o4cl6qrx2","previousEventId":"ebc0if05y9qxwa2","operationId":"sp2nsn4sv9al9rp"}
{"type":"log","timestamp":1704995625571,"level":"info","message":"Starting rendering request 20","meta":{"rootId":"2ucozceyribatmv","id":"2ucozceyribatmv"},"id":"j1l7sggi3stda23","previousOperationId":"sp2nsn4sv9al9rp"}
{"type":"log","timestamp":1704995625571,"level":"info","message":"Rendering template { name: User_project, recipe: chrome-pdf, engine: handlebars, preview: true }","meta":{"rootId":"2ucozceyribatmv","id":"2ucozceyribatmv"},"id":"w1obgndcenthfa8","previousOperationId":"sp2nsn4sv9al9rp"}
{"type":"log","timestamp":1704995625571,"level":"debug","message":"Data item not defined for this template.","meta":{"rootId":"2ucozceyribatmv","id":"2ucozceyribatmv"},"id":"fkwkt2h4fby9exm","previousOperationId":"sp2nsn4sv9al9rp"}
{"type":"log","timestamp":1704995625573,"level":"debug","message":"Executing script usabi-data (beforeRender)","meta":{"rootId":"2ucozceyribatmv","id":"2ucozceyribatmv"},"id":"6h52zjkfq7lh6x0","previousOperationId":"sp2nsn4sv9al9rp"}
{"type":"operationStart","subtype":"scriptsBeforeRender","name":"scripts beforeRender","timestamp":1704995625576,"id":"kq7vm60jm4qisiv","previousEventId":"247jm6o4cl6qrx2","operationId":"u000rxt8rhmzjll","previousOperationId":"sp2nsn4sv9al9rp"}
{"type":"operationStart","subtype":"script","name":"scripts usabi-data","previousOperationId":"u000rxt8rhmzjll","timestamp":1704995625576,"id":"rcyjyzzxiuxo09k","previousEventId":"kq7vm60jm4qisiv","operationId":"06p9znslqnu51c8"}
{"type":"operationEnd","operationId":"06p9znslqnu51c8","timestamp":1704995625590,"id":"p7q9gd6t4098gow","previousEventId":"247jm6o4cl6qrx2","previousOperationId":"sp2nsn4sv9al9rp"}
{"type":"log","timestamp":1704995625590,"level":"debug","message":"Executing script orders-script (beforeRender)","meta":{"rootId":"2ucozceyribatmv","id":"2ucozceyribatmv"},"id":"rfini6swc9tb8em","previousOperationId":"sp2nsn4sv9al9rp"}
{"type":"operationStart","subtype":"script","name":"scripts orders-script","previousOperationId":"u000rxt8rhmzjll","timestamp":1704995625595,"id":"3j0o17ni0n4mpuq","previousEventId":"p7q9gd6t4098gow","operationId":"99nb82mvtibuq1n"}
{"type":"operationEnd","operationId":"99nb82mvtibuq1n","timestamp":1704995627440,"id":"av8p5k6m8tkqfru","previousEventId":"p7q9gd6t4098gow","previousOperationId":"sp2nsn4sv9al9rp"}
{"type":"operationEnd","operationId":"u000rxt8rhmzjll","timestamp":1704995627440,"id":"p8wykp2cuhxritp","previousEventId":"av8p5k6m8tkqfru","previousOperationId":"sp2nsn4sv9al9rp"}
{"type":"log","timestamp":1704995627440,"level":"debug","message":"Base url not specified, skipping its injection.","meta":{"rootId":"2ucozceyribatmv","id":"2ucozceyribatmv"},"id":"vb739dx4x6ht2yg","previousOperationId":"u000rxt8rhmzjll"}
{"type":"operationStart","subtype":"engine","name":"handlebars","timestamp":1704995627440,"id":"hjjzgfxdqwcwl2q","previousEventId":"p8wykp2cuhxritp","operationId":"9nr251e1p8mup6n","previousOperationId":"u000rxt8rhmzjll"}
{"type":"log","timestamp":1704995627440,"level":"debug","message":"Rendering engine handlebars","meta":{"rootId":"2ucozceyribatmv","id":"2ucozceyribatmv"},"id":"n6a6t3vmzyf7kg4","previousOperationId":"9nr251e1p8mup6n"}
{"type":"operationEnd","operationId":"9nr251e1p8mup6n","timestamp":1704995627456,"id":"2wwll6dlr9ejs95","previousEventId":"hjjzgfxdqwcwl2q","previousOperationId":"9nr251e1p8mup6n"}
{"type":"operationStart","subtype":"recipe","name":"chrome-pdf","timestamp":1704995627457,"id":"e15sjo3gg3mrqkw","previousEventId":"2wwll6dlr9ejs95","operationId":"v3fir0gho1bh43r","previousOperationId":"9nr251e1p8mup6n"}
{"type":"log","timestamp":1704995627457,"level":"debug","message":"Executing recipe chrome-pdf","meta":{"rootId":"2ucozceyribatmv","id":"2ucozceyribatmv"},"id":"kf2frbrkfb83nd3","previousOperationId":"v3fir0gho1bh43r"}
{"type":"log","timestamp":1704995627459,"level":"debug","message":"Converting with chrome HeadlessChrome/117.0.5938.149 using chrome-pool strategy","meta":{"rootId":"2ucozceyribatmv","id":"2ucozceyribatmv"},"id":"6jiahbpuk9h2duk","previousOperationId":"v3fir0gho1bh43r"}
{"type":"log","timestamp":1704995627488,"level":"debug","message":"Page request: GET (document) file:///tmp/jsreport/autocleanup/bb5c0d91-ae1f-4b48-9393-866376bb7f27-chrome-pdf.html","meta":{"rootId":"2ucozceyribatmv","id":"2ucozceyribatmv"},"id":"mf1gygpn0htcxyz","previousOperationId":"v3fir0gho1bh43r"}
{"type":"log","timestamp":1704995627495,"level":"debug","message":"Page request: GET (script) https://cdn.jsdelivr.net/npm/chart.js","meta":{"rootId":"2ucozceyribatmv","id":"2ucozceyribatmv"},"id":"yr3a7y6nzoy40c5","previousOperationId":"v3fir0gho1bh43r"}
{"type":"log","timestamp":1704995627495,"level":"debug","message":"Page request finished: GET (document) 200 file:///tmp/jsreport/autocleanup/bb5c0d91-ae1f-4b48-9393-866376bb7f27-chrome-pdf.html","meta":{"rootId":"2ucozceyribatmv","id":"2ucozceyribatmv"},"id":"ntc43ybyj746tos","previousOperationId":"v3fir0gho1bh43r"}
{"type":"log","timestamp":1704995627498,"level":"debug","message":"Page request finished: GET (script) 200 https://cdn.jsdelivr.net/npm/chart.js","meta":{"rootId":"2ucozceyribatmv","id":"2ucozceyribatmv"},"id":"9n0jy8nsjb2lpvc","previousOperationId":"v3fir0gho1bh43r"}
{"type":"log","timestamp":1704995627542,"level":"warn","message":"Page error: Canvas is already in use. Chart with ID '0' must be destroyed before the canvas with ID '' can be reused. , stack: Error: Canvas is already in use. Chart with ID '0' must be destroyed before the canvas with ID '' can be reused.\n    at An (https://cdn.jsdelivr.net/npm/chart.js:19:89653)\n    at <anonymous> (file:///tmp/jsreport/autocleanup/bb5c0d91-ae1f-4b48-9393-866376bb7f27-chrome-pdf.html:77:9)","meta":{"rootId":"2ucozceyribatmv","id":"2ucozceyribatmv"},"id":"wogqzddbfz6z1ww","previousOperationId":"v3fir0gho1bh43r"}
{"type":"log","timestamp":1704995627544,"level":"debug","message":"Running chrome with params {\"printBackground\":true,\"timeout\":58108,\"margin\":{}}","meta":{"rootId":"2ucozceyribatmv","id":"2ucozceyribatmv"},"id":"kwhn4m1p51lpi1g","previousOperationId":"v3fir0gho1bh43r"}
{"type":"operationEnd","operationId":"v3fir0gho1bh43r","timestamp":1704995627561,"id":"r5b0j5xqadcgd0f","previousEventId":"e15sjo3gg3mrqkw","previousOperationId":"v3fir0gho1bh43r"}
{"type":"log","timestamp":1704995627561,"level":"debug","message":"Skipping storing report.","meta":{"rootId":"2ucozceyribatmv","id":"2ucozceyribatmv"},"id":"67xm4tcd2ttdc89","previousOperationId":"v3fir0gho1bh43r"}
{"type":"log","timestamp":1704995627561,"level":"info","message":"Rendering request 20 finished in 1995 ms","meta":{"rootId":"2ucozceyribatmv","id":"2ucozceyribatmv"},"id":"6mzix5grvmbwn2q","previousOperationId":"v3fir0gho1bh43r"}
{"type":"operationEnd","subtype":"render","operationId":"sp2nsn4sv9al9rp","timestamp":1704995627561,"id":"6jsy0wrysovgvgl","previousEventId":"r5b0j5xqadcgd0f","previousOperationId":"v3fir0gho1bh43r"}
{"type":"operationEnd","doDiffs":false,"previousEventId":"ebc0if05y9qxwa2","previousOperationId":"3nrv6209ofaoflo","operationId":"3nrv6209ofaoflo","timestamp":1704995627564,"id":"095ybh3i9tew3l4"}
