{"type":"operationStart","subtype":"profile","data":{"_id":"MYrziZt1sX90MOtP","timestamp":"2024-01-11T17:46:32.353Z","state":"queued","mode":"standard","creationDate":"2024-01-11T17:46:32.357Z","modificationDate":"2024-01-11T17:46:32.357Z","shortid":"1iDfY5T","$entitySet":"profiles"},"doDiffs":false,"timestamp":1704995192357,"id":"p7ou6onaoicdwxb","previousOperationId":null,"operationId":"jmsgwabmyacvt83"}
{"type":"log","level":"info","message":"Render request 11 queued for execution and waiting for available worker","previousOperationId":"jmsgwabmyacvt83","timestamp":1704995192357,"id":"ghcp1vrltrrgmh6"}
{"type":"operationStart","subtype":"render","name":"User_project","previousOperationId":"jmsgwabmyacvt83","timestamp":1704995192379,"id":"m8r6x0cxs80njv9","previousEventId":"p7ou6onaoicdwxb","operationId":"9z1tcfvor9fcb9h"}
{"type":"log","timestamp":1704995192379,"level":"info","message":"Starting rendering request 11","meta":{"rootId":"2vjkmhwa0h8yg6j","id":"2vjkmhwa0h8yg6j"},"id":"q455lza6w3tn7za","previousOperationId":"9z1tcfvor9fcb9h"}
{"type":"log","timestamp":1704995192379,"level":"info","message":"Rendering template { name: User_project, recipe: chrome-pdf, engine: handlebars, preview: true }","meta":{"rootId":"2vjkmhwa0h8yg6j","id":"2vjkmhwa0h8yg6j"},"id":"sa84s4spte2ejc9","previousOperationId":"9z1tcfvor9fcb9h"}
{"type":"log","timestamp":1704995192383,"level":"debug","message":"Data item not defined for this template.","meta":{"rootId":"2vjkmhwa0h8yg6j","id":"2vjkmhwa0h8yg6j"},"id":"6l9bai45vtydf2g","previousOperationId":"9z1tcfvor9fcb9h"}
{"type":"log","timestamp":1704995192402,"level":"debug","message":"Executing script usabi-data (beforeRender)","meta":{"rootId":"2vjkmhwa0h8yg6j","id":"2vjkmhwa0h8yg6j"},"id":"dmf34uwkuihnefi","previousOperationId":"9z1tcfvor9fcb9h"}
{"type":"operationStart","subtype":"scriptsBeforeRender","name":"scripts beforeRender","timestamp":1704995192408,"id":"t3nnyf83w23qcsw","previousEventId":"m8r6x0cxs80njv9","operationId":"dsymxij6tj6vq6h","previousOperationId":"9z1tcfvor9fcb9h"}
{"type":"operationStart","subtype":"script","name":"scripts usabi-data","previousOperationId":"dsymxij6tj6vq6h","timestamp":1704995192408,"id":"xk9ye1wlzjk5pqt","previousEventId":"t3nnyf83w23qcsw","operationId":"k0uwhejjs58tw9z"}
{"type":"operationEnd","operationId":"k0uwhejjs58tw9z","timestamp":1704995192429,"id":"ksdur2b3z6f78sm","previousEventId":"m8r6x0cxs80njv9","previousOperationId":"9z1tcfvor9fcb9h"}
{"type":"log","timestamp":1704995192429,"level":"debug","message":"Executing script orders-script (beforeRender)","meta":{"rootId":"2vjkmhwa0h8yg6j","id":"2vjkmhwa0h8yg6j"},"id":"x8gos8g7otwkyh4","previousOperationId":"9z1tcfvor9fcb9h"}
{"type":"operationStart","subtype":"script","name":"scripts orders-script","previousOperationId":"dsymxij6tj6vq6h","timestamp":1704995192433,"id":"g48k18fyals8cux","previousEventId":"ksdur2b3z6f78sm","operationId":"u5zbzyuz63cfqmq"}
{"type":"operationEnd","operationId":"u5zbzyuz63cfqmq","timestamp":1704995193807,"id":"f0ue7jsxy8h8r05","previousEventId":"ksdur2b3z6f78sm","previousOperationId":"9z1tcfvor9fcb9h"}
{"type":"operationEnd","operationId":"dsymxij6tj6vq6h","timestamp":1704995193807,"id":"rllpojtw4afeq0d","previousEventId":"f0ue7jsxy8h8r05","previousOperationId":"9z1tcfvor9fcb9h"}
{"type":"log","timestamp":1704995193807,"level":"debug","message":"Base url not specified, skipping its injection.","meta":{"rootId":"2vjkmhwa0h8yg6j","id":"2vjkmhwa0h8yg6j"},"id":"b91hnqpayj7kzfl","previousOperationId":"dsymxij6tj6vq6h"}
{"type":"operationStart","subtype":"engine","name":"handlebars","timestamp":1704995193807,"id":"y9s49m5c6mm8rb5","previousEventId":"rllpojtw4afeq0d","operationId":"99ga4lr5jot88xq","previousOperationId":"dsymxij6tj6vq6h"}
{"type":"log","timestamp":1704995193807,"level":"debug","message":"Rendering engine handlebars","meta":{"rootId":"2vjkmhwa0h8yg6j","id":"2vjkmhwa0h8yg6j"},"id":"2qyxzndsv8724r6","previousOperationId":"99ga4lr5jot88xq"}
{"type":"operationEnd","operationId":"99ga4lr5jot88xq","timestamp":1704995193820,"id":"l58rz1b5zyi34ru","previousEventId":"y9s49m5c6mm8rb5","previousOperationId":"99ga4lr5jot88xq"}
{"type":"operationStart","subtype":"recipe","name":"chrome-pdf","timestamp":1704995193820,"id":"lgfnumf70vefaba","previousEventId":"l58rz1b5zyi34ru","operationId":"z4n8sed7se2iupa","previousOperationId":"99ga4lr5jot88xq"}
{"type":"log","timestamp":1704995193820,"level":"debug","message":"Executing recipe chrome-pdf","meta":{"rootId":"2vjkmhwa0h8yg6j","id":"2vjkmhwa0h8yg6j"},"id":"idtp0ll599ehqhv","previousOperationId":"z4n8sed7se2iupa"}
{"type":"log","timestamp":1704995193822,"level":"debug","message":"Converting with chrome HeadlessChrome/117.0.5938.149 using chrome-pool strategy","meta":{"rootId":"2vjkmhwa0h8yg6j","id":"2vjkmhwa0h8yg6j"},"id":"8xfnjgasey4ghhw","previousOperationId":"z4n8sed7se2iupa"}
{"type":"log","timestamp":1704995193870,"level":"debug","message":"Page request: GET (document) file:///tmp/jsreport/autocleanup/910e7665-5a6b-479f-b6fe-c16f1a79d521-chrome-pdf.html","meta":{"rootId":"2vjkmhwa0h8yg6j","id":"2vjkmhwa0h8yg6j"},"id":"gw8rp1tqm0jppmx","previousOperationId":"z4n8sed7se2iupa"}
{"type":"log","timestamp":1704995193879,"level":"debug","message":"Page request: GET (script) https://cdn.jsdelivr.net/npm/chart.js","meta":{"rootId":"2vjkmhwa0h8yg6j","id":"2vjkmhwa0h8yg6j"},"id":"mc30jh8i4xjh4my","previousOperationId":"z4n8sed7se2iupa"}
{"type":"log","timestamp":1704995193879,"level":"debug","message":"Page request finished: GET (document) 200 file:///tmp/jsreport/autocleanup/910e7665-5a6b-479f-b6fe-c16f1a79d521-chrome-pdf.html","meta":{"rootId":"2vjkmhwa0h8yg6j","id":"2vjkmhwa0h8yg6j"},"id":"oc0zr2lg55wkz35","previousOperationId":"z4n8sed7se2iupa"}
{"type":"log","timestamp":1704995193883,"level":"debug","message":"Page request finished: GET (script) 200 https://cdn.jsdelivr.net/npm/chart.js","meta":{"rootId":"2vjkmhwa0h8yg6j","id":"2vjkmhwa0h8yg6j"},"id":"1g6c3ccaq6fj3p9","previousOperationId":"z4n8sed7se2iupa"}
{"type":"log","timestamp":1704995193886,"level":"warn","message":"Page error: Unexpected identifier 'Object' , stack: SyntaxError: Unexpected identifier 'Object'","meta":{"rootId":"2vjkmhwa0h8yg6j","id":"2vjkmhwa0h8yg6j"},"id":"ipqbysv5ytfpyu9","previousOperationId":"z4n8sed7se2iupa"}
{"type":"log","timestamp":1704995193890,"level":"debug","message":"Running chrome with params {\"printBackground\":true,\"timeout\":58532,\"margin\":{}}","meta":{"rootId":"2vjkmhwa0h8yg6j","id":"2vjkmhwa0h8yg6j"},"id":"nuliwvha5hapek7","previousOperationId":"z4n8sed7se2iupa"}
{"type":"operationEnd","operationId":"z4n8sed7se2iupa","timestamp":1704995193901,"id":"gfnu4twutdebs20","previousEventId":"lgfnumf70vefaba","previousOperationId":"z4n8sed7se2iupa"}
{"type":"log","timestamp":1704995193901,"level":"debug","message":"Skipping storing report.","meta":{"rootId":"2vjkmhwa0h8yg6j","id":"2vjkmhwa0h8yg6j"},"id":"j12973pawzcrgs6","previousOperationId":"z4n8sed7se2iupa"}
{"type":"log","timestamp":1704995193901,"level":"info","message":"Rendering request 11 finished in 1548 ms","meta":{"rootId":"2vjkmhwa0h8yg6j","id":"2vjkmhwa0h8yg6j"},"id":"k72guqsj5tqy8qo","previousOperationId":"z4n8sed7se2iupa"}
{"type":"operationEnd","subtype":"render","operationId":"9z1tcfvor9fcb9h","timestamp":1704995193901,"id":"fcujy5d459915zi","previousEventId":"gfnu4twutdebs20","previousOperationId":"z4n8sed7se2iupa"}
{"type":"operationEnd","doDiffs":false,"previousEventId":"p7ou6onaoicdwxb","previousOperationId":"jmsgwabmyacvt83","operationId":"jmsgwabmyacvt83","timestamp":1704995193906,"id":"l4mebbiv6840k1o"}
