{"type":"operationStart","subtype":"profile","data":{"_id":"AIjiJs9cWg1RB68u","timestamp":"2024-01-11T18:32:53.673Z","state":"queued","mode":"standard","creationDate":"2024-01-11T18:32:53.674Z","modificationDate":"2024-01-11T18:32:53.674Z","shortid":"nSZfjd3","$entitySet":"profiles"},"doDiffs":false,"timestamp":1704997973673,"id":"e18f0l2cchirrum","previousOperationId":null,"operationId":"0n80udjcgg7r18p"}
{"type":"log","level":"info","message":"Render request 20 queued for execution and waiting for available worker","previousOperationId":"0n80udjcgg7r18p","timestamp":1704997973673,"id":"e4w1qwelrbizs4p"}
{"type":"operationStart","subtype":"render","name":"User_project","previousOperationId":"0n80udjcgg7r18p","timestamp":1704997973678,"id":"4lbvwqag04k6qct","previousEventId":"e18f0l2cchirrum","operationId":"qywyojoj1j84u82"}
{"type":"log","timestamp":1704997973678,"level":"info","message":"Starting rendering request 20","meta":{"rootId":"30szabaj7uvenvj","id":"30szabaj7uvenvj"},"id":"ib77r9069hubndy","previousOperationId":"qywyojoj1j84u82"}
{"type":"log","timestamp":1704997973678,"level":"info","message":"Rendering template { name: User_project, recipe: chrome-pdf, engine: handlebars, preview: true }","meta":{"rootId":"30szabaj7uvenvj","id":"30szabaj7uvenvj"},"id":"qdm048lxx8968zo","previousOperationId":"qywyojoj1j84u82"}
{"type":"log","timestamp":1704997973679,"level":"debug","message":"Data item not defined for this template.","meta":{"rootId":"30szabaj7uvenvj","id":"30szabaj7uvenvj"},"id":"nyda0mxc93lspq2","previousOperationId":"qywyojoj1j84u82"}
{"type":"log","timestamp":1704997973681,"level":"debug","message":"Executing script usabi-data (beforeRender)","meta":{"rootId":"30szabaj7uvenvj","id":"30szabaj7uvenvj"},"id":"ugexpor96ubz29q","previousOperationId":"qywyojoj1j84u82"}
{"type":"operationStart","subtype":"scriptsBeforeRender","name":"scripts beforeRender","timestamp":1704997973685,"id":"tbg5njtpcdas0sk","previousEventId":"4lbvwqag04k6qct","operationId":"f2h7hk30q2wtf66","previousOperationId":"qywyojoj1j84u82"}
{"type":"operationStart","subtype":"script","name":"scripts usabi-data","previousOperationId":"f2h7hk30q2wtf66","timestamp":1704997973685,"id":"4sn5tvefnhny1jo","previousEventId":"tbg5njtpcdas0sk","operationId":"fn1cgh6s8f540um"}
{"type":"operationEnd","operationId":"fn1cgh6s8f540um","timestamp":1704997973704,"id":"yh5fuga7jcgctke","previousEventId":"4lbvwqag04k6qct","previousOperationId":"qywyojoj1j84u82"}
{"type":"log","timestamp":1704997973704,"level":"debug","message":"Executing script orders-script (beforeRender)","meta":{"rootId":"30szabaj7uvenvj","id":"30szabaj7uvenvj"},"id":"gsohnm7cy1lfdjw","previousOperationId":"qywyojoj1j84u82"}
{"type":"operationStart","subtype":"script","name":"scripts orders-script","previousOperationId":"f2h7hk30q2wtf66","timestamp":1704997973708,"id":"0oo6cgutvei3rv0","previousEventId":"yh5fuga7jcgctke","operationId":"ya0evdlnxodn8tr"}
{"type":"operationEnd","operationId":"ya0evdlnxodn8tr","timestamp":1704997975071,"id":"od52ol022kxo7sh","previousEventId":"yh5fuga7jcgctke","previousOperationId":"qywyojoj1j84u82"}
{"type":"operationEnd","operationId":"f2h7hk30q2wtf66","timestamp":1704997975071,"id":"6uwrci8bn9ufqvt","previousEventId":"od52ol022kxo7sh","previousOperationId":"qywyojoj1j84u82"}
{"type":"log","timestamp":1704997975071,"level":"debug","message":"Base url not specified, skipping its injection.","meta":{"rootId":"30szabaj7uvenvj","id":"30szabaj7uvenvj"},"id":"jd9xlplgvmfenxd","previousOperationId":"f2h7hk30q2wtf66"}
{"type":"operationStart","subtype":"engine","name":"handlebars","timestamp":1704997975071,"id":"e1wx9iipvm27851","previousEventId":"6uwrci8bn9ufqvt","operationId":"kwuv0b5lrvycp7l","previousOperationId":"f2h7hk30q2wtf66"}
{"type":"log","timestamp":1704997975071,"level":"debug","message":"Rendering engine handlebars","meta":{"rootId":"30szabaj7uvenvj","id":"30szabaj7uvenvj"},"id":"i28n48qx74j8s2a","previousOperationId":"kwuv0b5lrvycp7l"}
{"type":"operationEnd","operationId":"kwuv0b5lrvycp7l","timestamp":1704997975080,"id":"7f3dxcqtl24op7f","previousEventId":"e1wx9iipvm27851","previousOperationId":"kwuv0b5lrvycp7l"}
{"type":"operationStart","subtype":"recipe","name":"chrome-pdf","timestamp":1704997975080,"id":"c160jcgay6m7mgc","previousEventId":"7f3dxcqtl24op7f","operationId":"kv1koejcfb5u8gu","previousOperationId":"kwuv0b5lrvycp7l"}
{"type":"log","timestamp":1704997975080,"level":"debug","message":"Executing recipe chrome-pdf","meta":{"rootId":"30szabaj7uvenvj","id":"30szabaj7uvenvj"},"id":"h0suzpafowg0kk4","previousOperationId":"kv1koejcfb5u8gu"}
{"type":"log","timestamp":1704997975086,"level":"debug","message":"Converting with chrome HeadlessChrome/117.0.5938.149 using chrome-pool strategy","meta":{"rootId":"30szabaj7uvenvj","id":"30szabaj7uvenvj"},"id":"bhlt48bz3c26mtz","previousOperationId":"kv1koejcfb5u8gu"}
{"type":"log","timestamp":1704997975116,"level":"debug","message":"Page request: GET (document) file:///tmp/jsreport/autocleanup/ce1c065e-963f-4e38-9d26-be3a2e04d3aa-chrome-pdf.html","meta":{"rootId":"30szabaj7uvenvj","id":"30szabaj7uvenvj"},"id":"uukc0uwzo5x9mol","previousOperationId":"kv1koejcfb5u8gu"}
{"type":"log","timestamp":1704997975122,"level":"debug","message":"Page request: GET (script) https://cdn.jsdelivr.net/npm/chart.js","meta":{"rootId":"30szabaj7uvenvj","id":"30szabaj7uvenvj"},"id":"fj2oaity50xspnp","previousOperationId":"kv1koejcfb5u8gu"}
{"type":"log","timestamp":1704997975122,"level":"debug","message":"Page request finished: GET (document) 200 file:///tmp/jsreport/autocleanup/ce1c065e-963f-4e38-9d26-be3a2e04d3aa-chrome-pdf.html","meta":{"rootId":"30szabaj7uvenvj","id":"30szabaj7uvenvj"},"id":"y4du3ywadtlj3rh","previousOperationId":"kv1koejcfb5u8gu"}
{"type":"log","timestamp":1704997975126,"level":"debug","message":"Page request finished: GET (script) 200 https://cdn.jsdelivr.net/npm/chart.js","meta":{"rootId":"30szabaj7uvenvj","id":"30szabaj7uvenvj"},"id":"3rfs2k5w3dsrqbv","previousOperationId":"kv1koejcfb5u8gu"}
{"type":"log","timestamp":1704997975170,"level":"debug","message":"Running chrome with params {\"printBackground\":true,\"timeout\":58591,\"margin\":{}}","meta":{"rootId":"30szabaj7uvenvj","id":"30szabaj7uvenvj"},"id":"tbhfmtyl7id8qdj","previousOperationId":"kv1koejcfb5u8gu"}
{"type":"operationEnd","operationId":"kv1koejcfb5u8gu","timestamp":1704997975221,"id":"q8vgdwyj41934m7","previousEventId":"c160jcgay6m7mgc","previousOperationId":"kv1koejcfb5u8gu"}
{"type":"log","timestamp":1704997975221,"level":"debug","message":"Skipping storing report.","meta":{"rootId":"30szabaj7uvenvj","id":"30szabaj7uvenvj"},"id":"o2wbmu7fafr9h3o","previousOperationId":"kv1koejcfb5u8gu"}
{"type":"log","timestamp":1704997975221,"level":"info","message":"Rendering request 20 finished in 1548 ms","meta":{"rootId":"30szabaj7uvenvj","id":"30szabaj7uvenvj"},"id":"ehlpagke7ubl34i","previousOperationId":"kv1koejcfb5u8gu"}
{"type":"operationEnd","subtype":"render","operationId":"qywyojoj1j84u82","timestamp":1704997975221,"id":"3ko417k2i1ygcc2","previousEventId":"q8vgdwyj41934m7","previousOperationId":"kv1koejcfb5u8gu"}
{"type":"operationEnd","doDiffs":false,"previousEventId":"e18f0l2cchirrum","previousOperationId":"0n80udjcgg7r18p","operationId":"0n80udjcgg7r18p","timestamp":1704997975223,"id":"c718dejm125l2fl"}
