{"type":"operationStart","subtype":"profile","data":{"_id":"GMamnLUhQPR7y4h7","timestamp":"2024-01-31T20:14:55.728Z","state":"queued","mode":"standard","creationDate":"2024-01-31T20:14:55.735Z","modificationDate":"2024-01-31T20:14:55.735Z","shortid":"2tiOREo","$entitySet":"profiles"},"doDiffs":false,"timestamp":1706732095730,"id":"7eu63fz1dsweqt0","previousOperationId":null,"operationId":"64j00pjxsb90zlk"}
{"type":"log","level":"info","message":"Render request 2 queued for execution and waiting for available worker","previousOperationId":"64j00pjxsb90zlk","timestamp":1706732095730,"id":"ru063d7dg6p4mxa"}
{"type":"operationStart","subtype":"render","name":"User_project","previousOperationId":"64j00pjxsb90zlk","timestamp":1706732095739,"id":"ouqxw6pix552lnb","previousEventId":"7eu63fz1dsweqt0","operationId":"5sbszcjnz89rdio"}
{"type":"log","timestamp":1706732095740,"level":"info","message":"Starting rendering request 2","meta":{"rootId":"36t5xuneh4k53gh","id":"36t5xuneh4k53gh"},"id":"81uvpins34wibtr","previousOperationId":"5sbszcjnz89rdio"}
{"type":"log","timestamp":1706732095742,"level":"info","message":"Rendering template { name: User_project, recipe: chrome-pdf, engine: handlebars, preview: false }","meta":{"rootId":"36t5xuneh4k53gh","id":"36t5xuneh4k53gh"},"id":"exwyaq28wh0ckx5","previousOperationId":"5sbszcjnz89rdio"}
{"type":"log","timestamp":1706732095744,"level":"debug","message":"Data item not defined for this template.","meta":{"rootId":"36t5xuneh4k53gh","id":"36t5xuneh4k53gh"},"id":"crdxurp4njwimg6","previousOperationId":"5sbszcjnz89rdio"}
{"type":"log","timestamp":1706732095747,"level":"debug","message":"Executing script usabi-data (beforeRender)","meta":{"rootId":"36t5xuneh4k53gh","id":"36t5xuneh4k53gh"},"id":"272glw5lpko2w63","previousOperationId":"5sbszcjnz89rdio"}
{"type":"operationStart","subtype":"scriptsBeforeRender","name":"scripts beforeRender","timestamp":1706732095878,"id":"gw6tudkafq5sca8","previousEventId":"ouqxw6pix552lnb","operationId":"rlt74xoc043h73h","previousOperationId":"5sbszcjnz89rdio"}
{"type":"operationStart","subtype":"script","name":"scripts usabi-data","previousOperationId":"rlt74xoc043h73h","timestamp":1706732095878,"id":"ny4xorgo6pw12t7","previousEventId":"gw6tudkafq5sca8","operationId":"psa54iz3z1zcd4j"}
{"type":"operationEnd","operationId":"psa54iz3z1zcd4j","timestamp":1706732095901,"id":"zxucvpfpg9czm1g","previousEventId":"ouqxw6pix552lnb","previousOperationId":"5sbszcjnz89rdio"}
{"type":"log","timestamp":1706732095901,"level":"debug","message":"Executing script orders-script (beforeRender)","meta":{"rootId":"36t5xuneh4k53gh","id":"36t5xuneh4k53gh"},"id":"7q1hit92e43eixe","previousOperationId":"5sbszcjnz89rdio"}
{"type":"operationStart","subtype":"script","name":"scripts orders-script","previousOperationId":"rlt74xoc043h73h","timestamp":1706732095911,"id":"fu54vaykm9q8hfr","previousEventId":"zxucvpfpg9czm1g","operationId":"8o918jo5a4rg31v"}
{"type":"operationEnd","operationId":"8o918jo5a4rg31v","timestamp":1706732097412,"id":"lce9qsmf268ibsl","previousEventId":"zxucvpfpg9czm1g","previousOperationId":"5sbszcjnz89rdio"}
{"type":"operationEnd","operationId":"rlt74xoc043h73h","timestamp":1706732097412,"id":"xklaimmdgoxfv4l","previousEventId":"lce9qsmf268ibsl","previousOperationId":"5sbszcjnz89rdio"}
{"type":"log","timestamp":1706732097413,"level":"debug","message":"Base url not specified, skipping its injection.","meta":{"rootId":"36t5xuneh4k53gh","id":"36t5xuneh4k53gh"},"id":"xbenn5p4sodjnjs","previousOperationId":"rlt74xoc043h73h"}
{"type":"operationStart","subtype":"engine","name":"handlebars","timestamp":1706732097415,"id":"9mgdgofht5lvamv","previousEventId":"xklaimmdgoxfv4l","operationId":"adpvb3bjgh70rk8","previousOperationId":"rlt74xoc043h73h"}
{"type":"log","timestamp":1706732097415,"level":"debug","message":"Rendering engine handlebars","meta":{"rootId":"36t5xuneh4k53gh","id":"36t5xuneh4k53gh"},"id":"0ozqoy0dtjd1r6p","previousOperationId":"adpvb3bjgh70rk8"}
{"type":"operationEnd","operationId":"adpvb3bjgh70rk8","timestamp":1706732097610,"id":"7itxhxb4c9szwvt","previousEventId":"9mgdgofht5lvamv","previousOperationId":"adpvb3bjgh70rk8"}
{"type":"operationStart","subtype":"recipe","name":"chrome-pdf","timestamp":1706732097611,"id":"6zx82bs2y9z4ota","previousEventId":"7itxhxb4c9szwvt","operationId":"g5sndp82ozaizm2","previousOperationId":"adpvb3bjgh70rk8"}
{"type":"log","timestamp":1706732097611,"level":"debug","message":"Executing recipe chrome-pdf","meta":{"rootId":"36t5xuneh4k53gh","id":"36t5xuneh4k53gh"},"id":"1z5ohtp08qyt67o","previousOperationId":"g5sndp82ozaizm2"}
{"type":"log","timestamp":1706732097841,"level":"debug","message":"Converting with chrome HeadlessChrome/117.0.5938.149 using chrome-pool strategy","meta":{"rootId":"36t5xuneh4k53gh","id":"36t5xuneh4k53gh"},"id":"eqgvaapyr690aln","previousOperationId":"g5sndp82ozaizm2"}
{"type":"log","timestamp":1706732097920,"level":"debug","message":"Page request: GET (document) file:///tmp/jsreport/autocleanup/f4b3c746-2e0e-4cd5-a924-7254c240943c-chrome-pdf.html","meta":{"rootId":"36t5xuneh4k53gh","id":"36t5xuneh4k53gh"},"id":"oc73go5w5jw11ym","previousOperationId":"g5sndp82ozaizm2"}
{"type":"log","timestamp":1706732097928,"level":"debug","message":"Page request: GET (script) https://cdn.jsdelivr.net/npm/chart.js","meta":{"rootId":"36t5xuneh4k53gh","id":"36t5xuneh4k53gh"},"id":"0ps41wmbv2e22oy","previousOperationId":"g5sndp82ozaizm2"}
{"type":"log","timestamp":1706732097928,"level":"debug","message":"Page request finished: GET (document) 200 file:///tmp/jsreport/autocleanup/f4b3c746-2e0e-4cd5-a924-7254c240943c-chrome-pdf.html","meta":{"rootId":"36t5xuneh4k53gh","id":"36t5xuneh4k53gh"},"id":"c7ge852i9s0g6o0","previousOperationId":"g5sndp82ozaizm2"}
{"type":"log","timestamp":1706732098217,"level":"debug","message":"Page request finished: GET (script) 200 https://cdn.jsdelivr.net/npm/chart.js","meta":{"rootId":"36t5xuneh4k53gh","id":"36t5xuneh4k53gh"},"id":"u6atie9f5pegvhj","previousOperationId":"g5sndp82ozaizm2"}
{"type":"log","timestamp":1706732098272,"level":"debug","message":"Running chrome with params {\"printBackground\":true,\"timeout\":57991,\"margin\":{}}","meta":{"rootId":"36t5xuneh4k53gh","id":"36t5xuneh4k53gh"},"id":"j22c5mg4ym6uh8u","previousOperationId":"g5sndp82ozaizm2"}
{"type":"operationEnd","operationId":"g5sndp82ozaizm2","timestamp":1706732098326,"id":"flzxmq8f09mxqhi","previousEventId":"6zx82bs2y9z4ota","previousOperationId":"g5sndp82ozaizm2"}
{"type":"log","timestamp":1706732098327,"level":"debug","message":"Skipping storing report.","meta":{"rootId":"36t5xuneh4k53gh","id":"36t5xuneh4k53gh"},"id":"9l0wnvg03bnbe20","previousOperationId":"g5sndp82ozaizm2"}
{"type":"log","timestamp":1706732098327,"level":"info","message":"Rendering request 2 finished in 2599 ms","meta":{"rootId":"36t5xuneh4k53gh","id":"36t5xuneh4k53gh"},"id":"3xgg4gjyij4e4hf","previousOperationId":"g5sndp82ozaizm2"}
{"type":"operationEnd","subtype":"render","operationId":"5sbszcjnz89rdio","timestamp":1706732098327,"id":"kot21werjqysenj","previousEventId":"flzxmq8f09mxqhi","previousOperationId":"g5sndp82ozaizm2"}
{"type":"operationEnd","doDiffs":false,"previousEventId":"7eu63fz1dsweqt0","previousOperationId":"64j00pjxsb90zlk","operationId":"64j00pjxsb90zlk","timestamp":1706732098328,"id":"u8oaacm4j3z6v9v"}
