{"type":"operationStart","subtype":"profile","data":{"_id":"DLxqbhtp5OGAXeqh","timestamp":"2024-01-31T20:11:35.072Z","state":"queued","mode":"standard","creationDate":"2024-01-31T20:11:35.076Z","modificationDate":"2024-01-31T20:11:35.076Z","shortid":"kCDUZ0B","$entitySet":"profiles"},"doDiffs":false,"timestamp":1706731895074,"id":"3t8058lilmgp4k6","previousOperationId":null,"operationId":"a3gp8usv0wokeyz"}
{"type":"log","level":"info","message":"Render request 1 queued for execution and waiting for available worker","previousOperationId":"a3gp8usv0wokeyz","timestamp":1706731895074,"id":"4ipx5l1l1mscryf"}
{"type":"operationStart","subtype":"render","name":"User_project","previousOperationId":"a3gp8usv0wokeyz","timestamp":1706731895089,"id":"9f3k5yai304frmw","previousEventId":"3t8058lilmgp4k6","operationId":"pym91l4rxau5vnz"}
{"type":"log","timestamp":1706731895089,"level":"info","message":"Starting rendering request 1","meta":{"rootId":"3d7v9jdbladgadp","id":"3d7v9jdbladgadp"},"id":"egh97jzlcy3bh6e","previousOperationId":"pym91l4rxau5vnz"}
{"type":"log","timestamp":1706731895090,"level":"info","message":"Rendering template { name: User_project, recipe: chrome-pdf, engine: handlebars, preview: false }","meta":{"rootId":"3d7v9jdbladgadp","id":"3d7v9jdbladgadp"},"id":"h70yk4194npozx7","previousOperationId":"pym91l4rxau5vnz"}
{"type":"log","timestamp":1706731895094,"level":"debug","message":"Data item not defined for this template.","meta":{"rootId":"3d7v9jdbladgadp","id":"3d7v9jdbladgadp"},"id":"1n8nrb5klzg78h2","previousOperationId":"pym91l4rxau5vnz"}
{"type":"log","timestamp":1706731895098,"level":"debug","message":"Executing script usabi-data (beforeRender)","meta":{"rootId":"3d7v9jdbladgadp","id":"3d7v9jdbladgadp"},"id":"m9c64pz5vk0wng3","previousOperationId":"pym91l4rxau5vnz"}
{"type":"operationStart","subtype":"scriptsBeforeRender","name":"scripts beforeRender","timestamp":1706731895272,"id":"6xij53oqwxpvymh","previousEventId":"9f3k5yai304frmw","operationId":"mrbjyk7itnirqbo","previousOperationId":"pym91l4rxau5vnz"}
{"type":"operationStart","subtype":"script","name":"scripts usabi-data","previousOperationId":"mrbjyk7itnirqbo","timestamp":1706731895272,"id":"ynq96p2s13cqx3m","previousEventId":"6xij53oqwxpvymh","operationId":"wtoy75a75n8p1ea"}
{"type":"operationEnd","operationId":"wtoy75a75n8p1ea","timestamp":1706731895324,"id":"0dr1o3qc8akbv3h","previousEventId":"9f3k5yai304frmw","previousOperationId":"pym91l4rxau5vnz"}
{"type":"log","timestamp":1706731895324,"level":"debug","message":"Executing script orders-script (beforeRender)","meta":{"rootId":"3d7v9jdbladgadp","id":"3d7v9jdbladgadp"},"id":"ltn9r3p3jspqoxd","previousOperationId":"pym91l4rxau5vnz"}
{"type":"operationStart","subtype":"script","name":"scripts orders-script","previousOperationId":"mrbjyk7itnirqbo","timestamp":1706731895334,"id":"v8j4ailm7imnvha","previousEventId":"0dr1o3qc8akbv3h","operationId":"w1magh0w0hk5w99"}
{"type":"operationEnd","operationId":"w1magh0w0hk5w99","timestamp":1706731896781,"id":"5ldjntlpyehxmnr","previousEventId":"0dr1o3qc8akbv3h","previousOperationId":"pym91l4rxau5vnz"}
{"type":"operationEnd","operationId":"mrbjyk7itnirqbo","timestamp":1706731896782,"id":"mztduuxsejyicri","previousEventId":"5ldjntlpyehxmnr","previousOperationId":"pym91l4rxau5vnz"}
{"type":"log","timestamp":1706731896782,"level":"debug","message":"Base url not specified, skipping its injection.","meta":{"rootId":"3d7v9jdbladgadp","id":"3d7v9jdbladgadp"},"id":"6gkueetcqziu1kl","previousOperationId":"mrbjyk7itnirqbo"}
{"type":"operationStart","subtype":"engine","name":"handlebars","timestamp":1706731896784,"id":"ho9nx5kynw1vpp4","previousEventId":"mztduuxsejyicri","operationId":"39lze2hfh2no2w5","previousOperationId":"mrbjyk7itnirqbo"}
{"type":"log","timestamp":1706731896784,"level":"debug","message":"Rendering engine handlebars","meta":{"rootId":"3d7v9jdbladgadp","id":"3d7v9jdbladgadp"},"id":"evrfo0hqtl15wet","previousOperationId":"39lze2hfh2no2w5"}
{"type":"operationEnd","operationId":"39lze2hfh2no2w5","timestamp":1706731896991,"id":"rj7vlvb37s2o9p7","previousEventId":"ho9nx5kynw1vpp4","previousOperationId":"39lze2hfh2no2w5"}
{"type":"operationStart","subtype":"recipe","name":"chrome-pdf","timestamp":1706731896991,"id":"lfo0va778f4q3kp","previousEventId":"rj7vlvb37s2o9p7","operationId":"12z58l0qi9q4ywa","previousOperationId":"39lze2hfh2no2w5"}
{"type":"log","timestamp":1706731896991,"level":"debug","message":"Executing recipe chrome-pdf","meta":{"rootId":"3d7v9jdbladgadp","id":"3d7v9jdbladgadp"},"id":"lva689go59a2u8j","previousOperationId":"12z58l0qi9q4ywa"}
{"type":"log","timestamp":1706731897500,"level":"debug","message":"Converting with chrome HeadlessChrome/117.0.5938.149 using chrome-pool strategy","meta":{"rootId":"3d7v9jdbladgadp","id":"3d7v9jdbladgadp"},"id":"m8k8sxcnfqx0azv","previousOperationId":"12z58l0qi9q4ywa"}
{"type":"log","timestamp":1706731897644,"level":"debug","message":"Page request: GET (document) file:///tmp/jsreport/autocleanup/6f12b99d-52ce-4b78-86d0-34da8cd4c19f-chrome-pdf.html","meta":{"rootId":"3d7v9jdbladgadp","id":"3d7v9jdbladgadp"},"id":"lv8b5ebq7ykxel0","previousOperationId":"12z58l0qi9q4ywa"}
{"type":"log","timestamp":1706731897661,"level":"debug","message":"Page request: GET (script) https://cdn.jsdelivr.net/npm/chart.js","meta":{"rootId":"3d7v9jdbladgadp","id":"3d7v9jdbladgadp"},"id":"yax49b19z3wtwlt","previousOperationId":"12z58l0qi9q4ywa"}
{"type":"log","timestamp":1706731897661,"level":"debug","message":"Page request finished: GET (document) 200 file:///tmp/jsreport/autocleanup/6f12b99d-52ce-4b78-86d0-34da8cd4c19f-chrome-pdf.html","meta":{"rootId":"3d7v9jdbladgadp","id":"3d7v9jdbladgadp"},"id":"k50n924yjfbdo47","previousOperationId":"12z58l0qi9q4ywa"}
{"type":"log","timestamp":1706731897953,"level":"debug","message":"Page request finished: GET (script) 200 https://cdn.jsdelivr.net/npm/chart.js","meta":{"rootId":"3d7v9jdbladgadp","id":"3d7v9jdbladgadp"},"id":"t50bqk6npm8an7k","previousOperationId":"12z58l0qi9q4ywa"}
{"type":"log","timestamp":1706731898037,"level":"debug","message":"Running chrome with params {\"printBackground\":true,\"timeout\":57949,\"margin\":{}}","meta":{"rootId":"3d7v9jdbladgadp","id":"3d7v9jdbladgadp"},"id":"8hg5bbvy5dkunrl","previousOperationId":"12z58l0qi9q4ywa"}
{"type":"operationEnd","operationId":"12z58l0qi9q4ywa","timestamp":1706731898115,"id":"al45veid3d60w4l","previousEventId":"lfo0va778f4q3kp","previousOperationId":"12z58l0qi9q4ywa"}
{"type":"log","timestamp":1706731898116,"level":"debug","message":"Skipping storing report.","meta":{"rootId":"3d7v9jdbladgadp","id":"3d7v9jdbladgadp"},"id":"5v6sonsjfy50bs7","previousOperationId":"12z58l0qi9q4ywa"}
{"type":"log","timestamp":1706731898116,"level":"info","message":"Rendering request 1 finished in 3045 ms","meta":{"rootId":"3d7v9jdbladgadp","id":"3d7v9jdbladgadp"},"id":"sn7za020yn66dsh","previousOperationId":"12z58l0qi9q4ywa"}
{"type":"operationEnd","subtype":"render","operationId":"pym91l4rxau5vnz","timestamp":1706731898116,"id":"9yndefy0e55jhnf","previousEventId":"al45veid3d60w4l","previousOperationId":"12z58l0qi9q4ywa"}
{"type":"operationEnd","doDiffs":false,"previousEventId":"3t8058lilmgp4k6","previousOperationId":"a3gp8usv0wokeyz","operationId":"a3gp8usv0wokeyz","timestamp":1706731898118,"id":"m6ap0mcd3hpe0lj"}
