{"type":"operationStart","subtype":"profile","data":{"_id":"vx45KiJnz20C6DwH","timestamp":"2024-01-11T17:28:44.308Z","state":"queued","mode":"standard","creationDate":"2024-01-11T17:28:44.311Z","modificationDate":"2024-01-11T17:28:44.311Z","shortid":"sIJISJ-","$entitySet":"profiles"},"doDiffs":false,"timestamp":1704994124309,"id":"mty23huefgyfarw","previousOperationId":null,"operationId":"p9e6w5528r045cx"}
{"type":"log","level":"info","message":"Render request 145 queued for execution and waiting for available worker","previousOperationId":"p9e6w5528r045cx","timestamp":1704994124310,"id":"22oylgx39xhzxt5"}
{"type":"operationStart","subtype":"render","name":"User_project","previousOperationId":"p9e6w5528r045cx","timestamp":1704994124330,"id":"rne3ypn0qv805q1","previousEventId":"mty23huefgyfarw","operationId":"lthk0kcwb75n974"}
{"type":"log","timestamp":1704994124330,"level":"info","message":"Starting rendering request 145","meta":{"rootId":"3hv33rqqj9t0mnn","id":"3hv33rqqj9t0mnn"},"id":"sgqbg7933dsxbnj","previousOperationId":"lthk0kcwb75n974"}
{"type":"log","timestamp":1704994124330,"level":"info","message":"Rendering template { name: User_project, recipe: chrome-pdf, engine: handlebars, preview: true }","meta":{"rootId":"3hv33rqqj9t0mnn","id":"3hv33rqqj9t0mnn"},"id":"j5j8dhjhykpi283","previousOperationId":"lthk0kcwb75n974"}
{"type":"log","timestamp":1704994124332,"level":"debug","message":"Data item not defined for this template.","meta":{"rootId":"3hv33rqqj9t0mnn","id":"3hv33rqqj9t0mnn"},"id":"i444wkilxb2b68o","previousOperationId":"lthk0kcwb75n974"}
{"type":"log","timestamp":1704994124336,"level":"debug","message":"Executing script usabi-data (beforeRender)","meta":{"rootId":"3hv33rqqj9t0mnn","id":"3hv33rqqj9t0mnn"},"id":"zf49xeg9jdxtubt","previousOperationId":"lthk0kcwb75n974"}
{"type":"operationStart","subtype":"scriptsBeforeRender","name":"scripts beforeRender","timestamp":1704994124344,"id":"qpbg8839hplczwo","previousEventId":"rne3ypn0qv805q1","operationId":"p7a1gkjjb64d8cm","previousOperationId":"lthk0kcwb75n974"}
{"type":"operationStart","subtype":"script","name":"scripts usabi-data","previousOperationId":"p7a1gkjjb64d8cm","timestamp":1704994124344,"id":"s82gw3d78zbspfm","previousEventId":"qpbg8839hplczwo","operationId":"axadqzy700t5tzz"}
{"type":"log","timestamp":1704994124365,"level":"debug","message":"(console:log) Datos obtenidos correctamente: {\n  user_project_data: [\n    { user_name: 'admin', projects: [Array] },\n    { user_name: 'aisha', projects: [Array] },\n    { user_name: 'carlos', projects: [Array] },\n    { user_name: 'adrian', projects: [Array] }\n  ]\n}","meta":{"userLevel":true,"rootId":"3hv33rqqj9t0mnn","id":"3hv33rqqj9t0mnn"},"id":"7dxpym7f95tr43m","previousOperationId":"axadqzy700t5tzz"}
{"type":"log","timestamp":1704994124365,"level":"debug","message":"(console:log) Datos transformados: {\n  usabiData: [\n    { user_name: 'admin', projects: [Array] },\n    { user_name: 'aisha', projects: [Array] },\n    { user_name: 'carlos', projects: [Array] },\n    { user_name: 'adrian', projects: [Array] }\n  ]\n}","meta":{"userLevel":true,"rootId":"3hv33rqqj9t0mnn","id":"3hv33rqqj9t0mnn"},"id":"j9169fnvmxvw8oj","previousOperationId":"axadqzy700t5tzz"}
{"type":"operationEnd","operationId":"axadqzy700t5tzz","timestamp":1704994124365,"id":"12m1gomyob03prm","previousEventId":"rne3ypn0qv805q1","previousOperationId":"lthk0kcwb75n974"}
{"type":"log","timestamp":1704994124365,"level":"debug","message":"Executing script orders-script (beforeRender)","meta":{"rootId":"3hv33rqqj9t0mnn","id":"3hv33rqqj9t0mnn"},"id":"jvklk5c79p5k1mx","previousOperationId":"lthk0kcwb75n974"}
{"type":"operationStart","subtype":"script","name":"scripts orders-script","previousOperationId":"p7a1gkjjb64d8cm","timestamp":1704994124368,"id":"3unjkkbsmzttq3v","previousEventId":"12m1gomyob03prm","operationId":"7i17pzvkdtdbnwz"}
{"type":"operationEnd","operationId":"7i17pzvkdtdbnwz","timestamp":1704994125819,"id":"05wppg0qbfocdb7","previousEventId":"12m1gomyob03prm","previousOperationId":"lthk0kcwb75n974"}
{"type":"operationEnd","operationId":"p7a1gkjjb64d8cm","timestamp":1704994125819,"id":"ulx2o7zprwe67b2","previousEventId":"05wppg0qbfocdb7","previousOperationId":"lthk0kcwb75n974"}
{"type":"log","timestamp":1704994125819,"level":"debug","message":"Base url not specified, skipping its injection.","meta":{"rootId":"3hv33rqqj9t0mnn","id":"3hv33rqqj9t0mnn"},"id":"eet2hht8j73syqs","previousOperationId":"p7a1gkjjb64d8cm"}
{"type":"operationStart","subtype":"engine","name":"handlebars","timestamp":1704994125820,"id":"f66ssjsytns1ym6","previousEventId":"ulx2o7zprwe67b2","operationId":"9cwlui80py6dkh0","previousOperationId":"p7a1gkjjb64d8cm"}
{"type":"log","timestamp":1704994125820,"level":"debug","message":"Rendering engine handlebars","meta":{"rootId":"3hv33rqqj9t0mnn","id":"3hv33rqqj9t0mnn"},"id":"2o2lkjnu05dpcby","previousOperationId":"9cwlui80py6dkh0"}
{"type":"operationEnd","operationId":"9cwlui80py6dkh0","timestamp":1704994125826,"id":"d7bk96zgxo4esgs","previousEventId":"f66ssjsytns1ym6","previousOperationId":"9cwlui80py6dkh0"}
{"type":"operationStart","subtype":"recipe","name":"chrome-pdf","timestamp":1704994125826,"id":"h7s6k0uvwqcrr04","previousEventId":"d7bk96zgxo4esgs","operationId":"28fiwnmrj52h040","previousOperationId":"9cwlui80py6dkh0"}
{"type":"log","timestamp":1704994125826,"level":"debug","message":"Executing recipe chrome-pdf","meta":{"rootId":"3hv33rqqj9t0mnn","id":"3hv33rqqj9t0mnn"},"id":"z4a61916od6ph87","previousOperationId":"28fiwnmrj52h040"}
{"type":"log","timestamp":1704994125827,"level":"debug","message":"Converting with chrome HeadlessChrome/117.0.5938.149 using chrome-pool strategy","meta":{"rootId":"3hv33rqqj9t0mnn","id":"3hv33rqqj9t0mnn"},"id":"1u3t6fo0kcivdma","previousOperationId":"28fiwnmrj52h040"}
{"type":"log","timestamp":1704994125876,"level":"debug","message":"Page request: GET (document) file:///tmp/jsreport/autocleanup/aab4f08f-bf5e-4b08-9498-3cd5e373b9d0-chrome-pdf.html","meta":{"rootId":"3hv33rqqj9t0mnn","id":"3hv33rqqj9t0mnn"},"id":"45gf6g4srxckjon","previousOperationId":"28fiwnmrj52h040"}
{"type":"log","timestamp":1704994125882,"level":"debug","message":"Page request: GET (script) https://cdn.jsdelivr.net/npm/chart.js","meta":{"rootId":"3hv33rqqj9t0mnn","id":"3hv33rqqj9t0mnn"},"id":"cw9fl48cy2biv6j","previousOperationId":"28fiwnmrj52h040"}
{"type":"log","timestamp":1704994125882,"level":"debug","message":"Page request finished: GET (document) 200 file:///tmp/jsreport/autocleanup/aab4f08f-bf5e-4b08-9498-3cd5e373b9d0-chrome-pdf.html","meta":{"rootId":"3hv33rqqj9t0mnn","id":"3hv33rqqj9t0mnn"},"id":"jtymr3kxc3cvodb","previousOperationId":"28fiwnmrj52h040"}
{"type":"log","timestamp":1704994125887,"level":"debug","message":"Page request finished: GET (script) 200 https://cdn.jsdelivr.net/npm/chart.js","meta":{"rootId":"3hv33rqqj9t0mnn","id":"3hv33rqqj9t0mnn"},"id":"wkducvj5j6w9wdz","previousOperationId":"28fiwnmrj52h040"}
{"type":"log","timestamp":1704994125891,"level":"debug","message":"Running chrome with params {\"printBackground\":true,\"timeout\":58481,\"margin\":{}}","meta":{"rootId":"3hv33rqqj9t0mnn","id":"3hv33rqqj9t0mnn"},"id":"pwqt3l5yehzqo26","previousOperationId":"28fiwnmrj52h040"}
{"type":"operationEnd","operationId":"28fiwnmrj52h040","timestamp":1704994125899,"id":"6isg7mrge5j105n","previousEventId":"h7s6k0uvwqcrr04","previousOperationId":"28fiwnmrj52h040"}
{"type":"log","timestamp":1704994125899,"level":"debug","message":"Skipping storing report.","meta":{"rootId":"3hv33rqqj9t0mnn","id":"3hv33rqqj9t0mnn"},"id":"t99zd55ph17y809","previousOperationId":"28fiwnmrj52h040"}
{"type":"log","timestamp":1704994125899,"level":"info","message":"Rendering request 145 finished in 1591 ms","meta":{"rootId":"3hv33rqqj9t0mnn","id":"3hv33rqqj9t0mnn"},"id":"bodqng7grj8fffc","previousOperationId":"28fiwnmrj52h040"}
{"type":"operationEnd","subtype":"render","operationId":"lthk0kcwb75n974","timestamp":1704994125899,"id":"ayvyg8lnt9u2ess","previousEventId":"6isg7mrge5j105n","previousOperationId":"28fiwnmrj52h040"}
{"type":"operationEnd","doDiffs":false,"previousEventId":"mty23huefgyfarw","previousOperationId":"p9e6w5528r045cx","operationId":"p9e6w5528r045cx","timestamp":1704994125901,"id":"civpww2rys9ac2x"}
