{"type":"operationStart","subtype":"profile","data":{"_id":"Y1GTqiaV55QYDVeQ","timestamp":"2024-01-11T17:20:27.617Z","state":"queued","mode":"standard","creationDate":"2024-01-11T17:20:27.618Z","modificationDate":"2024-01-11T17:20:27.618Z","shortid":"ejQG5M-","$entitySet":"profiles"},"doDiffs":false,"timestamp":1704993627617,"id":"ep8qa47a5sung0m","previousOperationId":null,"operationId":"mwkidu2181t2szh"}
{"type":"log","level":"info","message":"Render request 132 queued for execution and waiting for available worker","previousOperationId":"mwkidu2181t2szh","timestamp":1704993627617,"id":"4jer2ixdqbh0146"}
{"type":"operationStart","subtype":"render","name":"User_project","previousOperationId":"mwkidu2181t2szh","timestamp":1704993627621,"id":"si8drkccyvjwab9","previousEventId":"ep8qa47a5sung0m","operationId":"c001xsio1hs0osu"}
{"type":"log","timestamp":1704993627621,"level":"info","message":"Starting rendering request 132","meta":{"rootId":"3ksuii7h79fsyuq","id":"3ksuii7h79fsyuq"},"id":"0nq5123rsnzw4kk","previousOperationId":"c001xsio1hs0osu"}
{"type":"log","timestamp":1704993627621,"level":"info","message":"Rendering template { name: User_project, recipe: chrome-pdf, engine: handlebars, preview: true }","meta":{"rootId":"3ksuii7h79fsyuq","id":"3ksuii7h79fsyuq"},"id":"u2hdotqg2u8n5ia","previousOperationId":"c001xsio1hs0osu"}
{"type":"log","timestamp":1704993627622,"level":"debug","message":"Data item not defined for this template.","meta":{"rootId":"3ksuii7h79fsyuq","id":"3ksuii7h79fsyuq"},"id":"d0c8cno8xum40fb","previousOperationId":"c001xsio1hs0osu"}
{"type":"log","timestamp":1704993627623,"level":"debug","message":"Executing script usabi-data (beforeRender)","meta":{"rootId":"3ksuii7h79fsyuq","id":"3ksuii7h79fsyuq"},"id":"6a2990tosfrsm1e","previousOperationId":"c001xsio1hs0osu"}
{"type":"operationStart","subtype":"scriptsBeforeRender","name":"scripts beforeRender","timestamp":1704993627626,"id":"71i6u5gkt0c6vrd","previousEventId":"si8drkccyvjwab9","operationId":"7wqvgjlhzu3o6fh","previousOperationId":"c001xsio1hs0osu"}
{"type":"operationStart","subtype":"script","name":"scripts usabi-data","previousOperationId":"7wqvgjlhzu3o6fh","timestamp":1704993627626,"id":"039g931y8t6eh4n","previousEventId":"71i6u5gkt0c6vrd","operationId":"an7xsv0uftgezco"}
{"type":"operationEnd","operationId":"an7xsv0uftgezco","timestamp":1704993627654,"id":"nxawgujimzbdyvf","previousEventId":"si8drkccyvjwab9","previousOperationId":"c001xsio1hs0osu"}
{"type":"log","timestamp":1704993627654,"level":"debug","message":"Executing script orders-script (beforeRender)","meta":{"rootId":"3ksuii7h79fsyuq","id":"3ksuii7h79fsyuq"},"id":"oku7dum63b4wkn8","previousOperationId":"c001xsio1hs0osu"}
{"type":"operationStart","subtype":"script","name":"scripts orders-script","previousOperationId":"7wqvgjlhzu3o6fh","timestamp":1704993627658,"id":"9x81swscvu38ess","previousEventId":"nxawgujimzbdyvf","operationId":"6deadudapi18c8y"}
{"type":"operationEnd","operationId":"6deadudapi18c8y","timestamp":1704993628918,"id":"cyxay3698llqbyu","previousEventId":"nxawgujimzbdyvf","previousOperationId":"c001xsio1hs0osu"}
{"type":"operationEnd","operationId":"7wqvgjlhzu3o6fh","timestamp":1704993628918,"id":"oh1bwfb4a6emjh8","previousEventId":"cyxay3698llqbyu","previousOperationId":"c001xsio1hs0osu"}
{"type":"log","timestamp":1704993628918,"level":"debug","message":"Base url not specified, skipping its injection.","meta":{"rootId":"3ksuii7h79fsyuq","id":"3ksuii7h79fsyuq"},"id":"pdp47xz4upuhj5e","previousOperationId":"7wqvgjlhzu3o6fh"}
{"type":"operationStart","subtype":"engine","name":"handlebars","timestamp":1704993628918,"id":"f0pp7todb1u2m5h","previousEventId":"oh1bwfb4a6emjh8","operationId":"qssccx68jvifjhn","previousOperationId":"7wqvgjlhzu3o6fh"}
{"type":"log","timestamp":1704993628918,"level":"debug","message":"Rendering engine handlebars","meta":{"rootId":"3ksuii7h79fsyuq","id":"3ksuii7h79fsyuq"},"id":"rsp6wstw1qkbyu1","previousOperationId":"qssccx68jvifjhn"}
{"type":"operationEnd","operationId":"qssccx68jvifjhn","timestamp":1704993628927,"id":"p1ohlk09ra652oc","previousEventId":"f0pp7todb1u2m5h","previousOperationId":"qssccx68jvifjhn"}
{"type":"operationStart","subtype":"recipe","name":"chrome-pdf","timestamp":1704993628928,"id":"vgwjuobcbht212d","previousEventId":"p1ohlk09ra652oc","operationId":"kq1crcfmy3uzydx","previousOperationId":"qssccx68jvifjhn"}
{"type":"log","timestamp":1704993628928,"level":"debug","message":"Executing recipe chrome-pdf","meta":{"rootId":"3ksuii7h79fsyuq","id":"3ksuii7h79fsyuq"},"id":"12csj1yarkwaeon","previousOperationId":"kq1crcfmy3uzydx"}
{"type":"log","timestamp":1704993628930,"level":"debug","message":"Converting with chrome HeadlessChrome/117.0.5938.149 using chrome-pool strategy","meta":{"rootId":"3ksuii7h79fsyuq","id":"3ksuii7h79fsyuq"},"id":"uggpyblcjno6riu","previousOperationId":"kq1crcfmy3uzydx"}
{"type":"log","timestamp":1704993628965,"level":"debug","message":"Page request: GET (document) file:///tmp/jsreport/autocleanup/d62c3fba-7665-42e8-84c3-4f72115ea46c-chrome-pdf.html","meta":{"rootId":"3ksuii7h79fsyuq","id":"3ksuii7h79fsyuq"},"id":"hnbmcja8uzq6c4a","previousOperationId":"kq1crcfmy3uzydx"}
{"type":"log","timestamp":1704993628972,"level":"debug","message":"Page request: GET (script) https://cdn.jsdelivr.net/npm/chart.js","meta":{"rootId":"3ksuii7h79fsyuq","id":"3ksuii7h79fsyuq"},"id":"7spe8vlywz15i94","previousOperationId":"kq1crcfmy3uzydx"}
{"type":"log","timestamp":1704993628972,"level":"debug","message":"Page request finished: GET (document) 200 file:///tmp/jsreport/autocleanup/d62c3fba-7665-42e8-84c3-4f72115ea46c-chrome-pdf.html","meta":{"rootId":"3ksuii7h79fsyuq","id":"3ksuii7h79fsyuq"},"id":"t9sfivh99d8sfn0","previousOperationId":"kq1crcfmy3uzydx"}
{"type":"log","timestamp":1704993628975,"level":"debug","message":"Page request finished: GET (script) 200 https://cdn.jsdelivr.net/npm/chart.js","meta":{"rootId":"3ksuii7h79fsyuq","id":"3ksuii7h79fsyuq"},"id":"ul1mbj0raa7eue9","previousOperationId":"kq1crcfmy3uzydx"}
{"type":"log","timestamp":1704993628978,"level":"warn","message":"Page error: Unexpected token ';' , stack: SyntaxError: Unexpected token ';'","meta":{"rootId":"3ksuii7h79fsyuq","id":"3ksuii7h79fsyuq"},"id":"83c3p9pgbk4s1jh","previousOperationId":"kq1crcfmy3uzydx"}
{"type":"log","timestamp":1704993628982,"level":"debug","message":"Running chrome with params {\"printBackground\":true,\"timeout\":58688,\"margin\":{}}","meta":{"rootId":"3ksuii7h79fsyuq","id":"3ksuii7h79fsyuq"},"id":"2l44vcywggtu308","previousOperationId":"kq1crcfmy3uzydx"}
{"type":"operationEnd","operationId":"kq1crcfmy3uzydx","timestamp":1704993628988,"id":"k9brej6nnh746aj","previousEventId":"vgwjuobcbht212d","previousOperationId":"kq1crcfmy3uzydx"}
{"type":"log","timestamp":1704993628988,"level":"debug","message":"Skipping storing report.","meta":{"rootId":"3ksuii7h79fsyuq","id":"3ksuii7h79fsyuq"},"id":"cywmwyxvaun4sy5","previousOperationId":"kq1crcfmy3uzydx"}
{"type":"log","timestamp":1704993628988,"level":"info","message":"Rendering request 132 finished in 1371 ms","meta":{"rootId":"3ksuii7h79fsyuq","id":"3ksuii7h79fsyuq"},"id":"xxqm8n12zwpf21l","previousOperationId":"kq1crcfmy3uzydx"}
{"type":"operationEnd","subtype":"render","operationId":"c001xsio1hs0osu","timestamp":1704993628988,"id":"uytic8bizcc567e","previousEventId":"k9brej6nnh746aj","previousOperationId":"kq1crcfmy3uzydx"}
{"type":"operationEnd","doDiffs":false,"previousEventId":"ep8qa47a5sung0m","previousOperationId":"mwkidu2181t2szh","operationId":"mwkidu2181t2szh","timestamp":1704993628992,"id":"2wku69l6ntnijvf"}
