{"type":"operationStart","subtype":"profile","data":{"_id":"gqvKsvEzLUnTQPrd","timestamp":"2024-01-11T16:28:22.407Z","state":"queued","mode":"standard","creationDate":"2024-01-11T16:28:22.408Z","modificationDate":"2024-01-11T16:28:22.408Z","shortid":"mqPTMkr","$entitySet":"profiles"},"doDiffs":false,"timestamp":1704990502408,"id":"2sqfqxds4l56b5m","previousOperationId":null,"operationId":"9h3sw8os5mx9d6b"}
{"type":"log","level":"info","message":"Render request 41 queued for execution and waiting for available worker","previousOperationId":"9h3sw8os5mx9d6b","timestamp":1704990502408,"id":"kkq9hztae15xzb0"}
{"type":"operationStart","subtype":"render","name":"User_project","previousOperationId":"9h3sw8os5mx9d6b","timestamp":1704990502411,"id":"oai8u6cjx0u8yyu","previousEventId":"2sqfqxds4l56b5m","operationId":"atb9j9f2xia4uj6"}
{"type":"log","timestamp":1704990502411,"level":"info","message":"Starting rendering request 41","meta":{"rootId":"3tz65uousft7rhe","id":"3tz65uousft7rhe"},"id":"b3frwe9jtbwydsn","previousOperationId":"atb9j9f2xia4uj6"}
{"type":"log","timestamp":1704990502412,"level":"info","message":"Rendering template { name: User_project, recipe: chrome-pdf, engine: handlebars, preview: true }","meta":{"rootId":"3tz65uousft7rhe","id":"3tz65uousft7rhe"},"id":"v18otrnpjthw9rq","previousOperationId":"atb9j9f2xia4uj6"}
{"type":"log","timestamp":1704990502412,"level":"debug","message":"Data item not defined for this template.","meta":{"rootId":"3tz65uousft7rhe","id":"3tz65uousft7rhe"},"id":"hmvaussmp6ikc2z","previousOperationId":"atb9j9f2xia4uj6"}
{"type":"log","timestamp":1704990502413,"level":"debug","message":"Executing script usabi-data (beforeRender)","meta":{"rootId":"3tz65uousft7rhe","id":"3tz65uousft7rhe"},"id":"d2rdc4cy29na9k9","previousOperationId":"atb9j9f2xia4uj6"}
{"type":"operationStart","subtype":"scriptsBeforeRender","name":"scripts beforeRender","timestamp":1704990502416,"id":"vgrte6qwal3tu76","previousEventId":"oai8u6cjx0u8yyu","operationId":"szvtbnfgfovmahy","previousOperationId":"atb9j9f2xia4uj6"}
{"type":"operationStart","subtype":"script","name":"scripts usabi-data","previousOperationId":"szvtbnfgfovmahy","timestamp":1704990502416,"id":"41ibs8til99spll","previousEventId":"vgrte6qwal3tu76","operationId":"rxk4ykav1fhcuvz"}
{"type":"operationEnd","operationId":"rxk4ykav1fhcuvz","timestamp":1704990502426,"id":"k1v0g4iwi13pt3l","previousEventId":"oai8u6cjx0u8yyu","previousOperationId":"atb9j9f2xia4uj6"}
{"type":"operationEnd","operationId":"szvtbnfgfovmahy","timestamp":1704990502426,"id":"is2gwjvzistzknf","previousEventId":"k1v0g4iwi13pt3l","previousOperationId":"atb9j9f2xia4uj6"}
{"type":"log","timestamp":1704990502426,"level":"debug","message":"Base url not specified, skipping its injection.","meta":{"rootId":"3tz65uousft7rhe","id":"3tz65uousft7rhe"},"id":"q3chw9fipjrfbgo","previousOperationId":"szvtbnfgfovmahy"}
{"type":"operationStart","subtype":"engine","name":"handlebars","timestamp":1704990502426,"id":"j837k74elj7vh35","previousEventId":"is2gwjvzistzknf","operationId":"62bt6lvzforv58d","previousOperationId":"szvtbnfgfovmahy"}
{"type":"log","timestamp":1704990502426,"level":"debug","message":"Rendering engine handlebars","meta":{"rootId":"3tz65uousft7rhe","id":"3tz65uousft7rhe"},"id":"4dhgriqvgf82pd7","previousOperationId":"62bt6lvzforv58d"}
{"type":"operationEnd","operationId":"62bt6lvzforv58d","timestamp":1704990502432,"id":"4ewlh9lpoicfv2p","previousEventId":"j837k74elj7vh35","previousOperationId":"62bt6lvzforv58d"}
{"type":"operationStart","subtype":"recipe","name":"chrome-pdf","timestamp":1704990502432,"id":"zh92ecut0earhhk","previousEventId":"4ewlh9lpoicfv2p","operationId":"x2urxp2erjq174f","previousOperationId":"62bt6lvzforv58d"}
{"type":"log","timestamp":1704990502432,"level":"debug","message":"Executing recipe chrome-pdf","meta":{"rootId":"3tz65uousft7rhe","id":"3tz65uousft7rhe"},"id":"2r5fkjioy8spazz","previousOperationId":"x2urxp2erjq174f"}
{"type":"log","timestamp":1704990502433,"level":"debug","message":"Converting with chrome HeadlessChrome/117.0.5938.149 using chrome-pool strategy","meta":{"rootId":"3tz65uousft7rhe","id":"3tz65uousft7rhe"},"id":"dzb3aym6cmt54yx","previousOperationId":"x2urxp2erjq174f"}
{"type":"log","timestamp":1704990502468,"level":"debug","message":"Page request: GET (document) file:///tmp/jsreport/autocleanup/7b48d508-bb50-482a-ab8a-a26113542835-chrome-pdf.html","meta":{"rootId":"3tz65uousft7rhe","id":"3tz65uousft7rhe"},"id":"xccaivyhme5b17g","previousOperationId":"x2urxp2erjq174f"}
{"type":"log","timestamp":1704990502476,"level":"debug","message":"Page request: GET (script) https://cdn.jsdelivr.net/npm/chart.js","meta":{"rootId":"3tz65uousft7rhe","id":"3tz65uousft7rhe"},"id":"tthpd4vgug784vc","previousOperationId":"x2urxp2erjq174f"}
{"type":"log","timestamp":1704990502476,"level":"debug","message":"Page request finished: GET (document) 200 file:///tmp/jsreport/autocleanup/7b48d508-bb50-482a-ab8a-a26113542835-chrome-pdf.html","meta":{"rootId":"3tz65uousft7rhe","id":"3tz65uousft7rhe"},"id":"kemjmxw77fwsbys","previousOperationId":"x2urxp2erjq174f"}
{"type":"log","timestamp":1704990502480,"level":"debug","message":"Page request finished: GET (script) 200 https://cdn.jsdelivr.net/npm/chart.js","meta":{"rootId":"3tz65uousft7rhe","id":"3tz65uousft7rhe"},"id":"zzhx7kry4umf0y9","previousOperationId":"x2urxp2erjq174f"}
{"type":"log","timestamp":1704990502528,"level":"debug","message":"Running chrome with params {\"printBackground\":true,\"timeout\":59974,\"margin\":{}}","meta":{"rootId":"3tz65uousft7rhe","id":"3tz65uousft7rhe"},"id":"ezp5azietxgxhlw","previousOperationId":"x2urxp2erjq174f"}
{"type":"operationEnd","operationId":"x2urxp2erjq174f","timestamp":1704990502549,"id":"lfzaly749nyxl4x","previousEventId":"zh92ecut0earhhk","previousOperationId":"x2urxp2erjq174f"}
{"type":"log","timestamp":1704990502549,"level":"debug","message":"Skipping storing report.","meta":{"rootId":"3tz65uousft7rhe","id":"3tz65uousft7rhe"},"id":"tv0cnnfd6dcma3t","previousOperationId":"x2urxp2erjq174f"}
{"type":"log","timestamp":1704990502549,"level":"info","message":"Rendering request 41 finished in 142 ms","meta":{"rootId":"3tz65uousft7rhe","id":"3tz65uousft7rhe"},"id":"2yspfjy8cnkab4p","previousOperationId":"x2urxp2erjq174f"}
{"type":"operationEnd","subtype":"render","operationId":"atb9j9f2xia4uj6","timestamp":1704990502549,"id":"0bilaeg6n2ks8a7","previousEventId":"lfzaly749nyxl4x","previousOperationId":"x2urxp2erjq174f"}
{"type":"operationEnd","doDiffs":false,"previousEventId":"2sqfqxds4l56b5m","previousOperationId":"9h3sw8os5mx9d6b","operationId":"9h3sw8os5mx9d6b","timestamp":1704990502551,"id":"mv6a8e1f9p611mg"}
