{"type":"operationStart","subtype":"profile","data":{"_id":"MtSAOXKsx3wyqzrT","timestamp":"2024-01-15T20:28:51.501Z","state":"queued","mode":"standard","creationDate":"2024-01-15T20:28:51.502Z","modificationDate":"2024-01-15T20:28:51.502Z","shortid":"FDv0CaR","$entitySet":"profiles"},"doDiffs":false,"timestamp":1705350531501,"id":"0a54wcz8ytd7zgu","previousOperationId":null,"operationId":"dudwpel90ucadug"}
{"type":"log","level":"info","message":"Render request 4 queued for execution and waiting for available worker","previousOperationId":"dudwpel90ucadug","timestamp":1705350531502,"id":"gpt04450qlm7zk4"}
{"type":"operationStart","subtype":"render","name":"User_project","previousOperationId":"dudwpel90ucadug","timestamp":1705350531508,"id":"fqlwqjlx2nwv5a6","previousEventId":"0a54wcz8ytd7zgu","operationId":"hi269wgqqp2zchr"}
{"type":"log","timestamp":1705350531509,"level":"info","message":"Starting rendering request 4","meta":{"rootId":"3uii8960x5wsurv","id":"3uii8960x5wsurv"},"id":"nd5i358yt8e41m0","previousOperationId":"hi269wgqqp2zchr"}
{"type":"log","timestamp":1705350531509,"level":"info","message":"Rendering template { name: User_project, recipe: chrome-pdf, engine: handlebars, preview: true }","meta":{"rootId":"3uii8960x5wsurv","id":"3uii8960x5wsurv"},"id":"rqm7m9drofpuppi","previousOperationId":"hi269wgqqp2zchr"}
{"type":"log","timestamp":1705350531509,"level":"debug","message":"Data item not defined for this template.","meta":{"rootId":"3uii8960x5wsurv","id":"3uii8960x5wsurv"},"id":"0e1fzlcsvibkt6z","previousOperationId":"hi269wgqqp2zchr"}
{"type":"log","timestamp":1705350531511,"level":"debug","message":"Executing script usabi-data (beforeRender)","meta":{"rootId":"3uii8960x5wsurv","id":"3uii8960x5wsurv"},"id":"rcb48ep6x3emro0","previousOperationId":"hi269wgqqp2zchr"}
{"type":"operationStart","subtype":"scriptsBeforeRender","name":"scripts beforeRender","timestamp":1705350531517,"id":"yfmi9l8fjhk9y7d","previousEventId":"fqlwqjlx2nwv5a6","operationId":"812v87v3qzrvxv1","previousOperationId":"hi269wgqqp2zchr"}
{"type":"operationStart","subtype":"script","name":"scripts usabi-data","previousOperationId":"812v87v3qzrvxv1","timestamp":1705350531517,"id":"wz9p97oheyljype","previousEventId":"yfmi9l8fjhk9y7d","operationId":"il6ybxb3k5nk0yw"}
{"type":"operationEnd","operationId":"il6ybxb3k5nk0yw","timestamp":1705350531531,"id":"ossg7ml47gej3rz","previousEventId":"fqlwqjlx2nwv5a6","previousOperationId":"hi269wgqqp2zchr"}
{"type":"log","timestamp":1705350531531,"level":"debug","message":"Executing script orders-script (beforeRender)","meta":{"rootId":"3uii8960x5wsurv","id":"3uii8960x5wsurv"},"id":"nkfp8xaqht40fpt","previousOperationId":"hi269wgqqp2zchr"}
{"type":"operationStart","subtype":"script","name":"scripts orders-script","previousOperationId":"812v87v3qzrvxv1","timestamp":1705350531536,"id":"1bjmlufbkm2mdnk","previousEventId":"ossg7ml47gej3rz","operationId":"n03pjsa6u2wxtvg"}
{"type":"operationEnd","operationId":"n03pjsa6u2wxtvg","timestamp":1705350532851,"id":"wgv2ikcf5uahrtr","previousEventId":"ossg7ml47gej3rz","previousOperationId":"hi269wgqqp2zchr"}
{"type":"operationEnd","operationId":"812v87v3qzrvxv1","timestamp":1705350532851,"id":"mnukbqianiamb2e","previousEventId":"wgv2ikcf5uahrtr","previousOperationId":"hi269wgqqp2zchr"}
{"type":"log","timestamp":1705350532851,"level":"debug","message":"Base url not specified, skipping its injection.","meta":{"rootId":"3uii8960x5wsurv","id":"3uii8960x5wsurv"},"id":"gi1bfp3yikfbhv2","previousOperationId":"812v87v3qzrvxv1"}
{"type":"operationStart","subtype":"engine","name":"handlebars","timestamp":1705350532852,"id":"s3cqdm292hoakcv","previousEventId":"mnukbqianiamb2e","operationId":"ipm8zg9nsztmtbn","previousOperationId":"812v87v3qzrvxv1"}
{"type":"log","timestamp":1705350532852,"level":"debug","message":"Rendering engine handlebars","meta":{"rootId":"3uii8960x5wsurv","id":"3uii8960x5wsurv"},"id":"0nn4k9zku3r4d0v","previousOperationId":"ipm8zg9nsztmtbn"}
{"type":"operationEnd","operationId":"ipm8zg9nsztmtbn","timestamp":1705350532881,"id":"ulr8uc2313tjyjl","previousEventId":"s3cqdm292hoakcv","previousOperationId":"ipm8zg9nsztmtbn"}
{"type":"operationStart","subtype":"recipe","name":"chrome-pdf","timestamp":1705350532881,"id":"rkdhg4biyaiki10","previousEventId":"ulr8uc2313tjyjl","operationId":"mcvo70t1lsrgxb1","previousOperationId":"ipm8zg9nsztmtbn"}
{"type":"log","timestamp":1705350532881,"level":"debug","message":"Executing recipe chrome-pdf","meta":{"rootId":"3uii8960x5wsurv","id":"3uii8960x5wsurv"},"id":"yfq5krwtcuwsw89","previousOperationId":"mcvo70t1lsrgxb1"}
{"type":"log","timestamp":1705350532883,"level":"debug","message":"Converting with chrome HeadlessChrome/117.0.5938.149 using chrome-pool strategy","meta":{"rootId":"3uii8960x5wsurv","id":"3uii8960x5wsurv"},"id":"ftvmtecylohxi28","previousOperationId":"mcvo70t1lsrgxb1"}
{"type":"log","timestamp":1705350532914,"level":"debug","message":"Page request: GET (document) file:///tmp/jsreport/autocleanup/bfed3ae1-6417-4290-86c4-f8ea1764ff9a-chrome-pdf.html","meta":{"rootId":"3uii8960x5wsurv","id":"3uii8960x5wsurv"},"id":"0i716q076au4o86","previousOperationId":"mcvo70t1lsrgxb1"}
{"type":"log","timestamp":1705350532921,"level":"debug","message":"Page request: GET (script) https://cdn.jsdelivr.net/npm/chart.js","meta":{"rootId":"3uii8960x5wsurv","id":"3uii8960x5wsurv"},"id":"47mxueyu6osearm","previousOperationId":"mcvo70t1lsrgxb1"}
{"type":"log","timestamp":1705350532921,"level":"debug","message":"Page request finished: GET (document) 200 file:///tmp/jsreport/autocleanup/bfed3ae1-6417-4290-86c4-f8ea1764ff9a-chrome-pdf.html","meta":{"rootId":"3uii8960x5wsurv","id":"3uii8960x5wsurv"},"id":"mzih1q7sydzqq80","previousOperationId":"mcvo70t1lsrgxb1"}
{"type":"log","timestamp":1705350532929,"level":"debug","message":"Page request finished: GET (script) 200 https://cdn.jsdelivr.net/npm/chart.js","meta":{"rootId":"3uii8960x5wsurv","id":"3uii8960x5wsurv"},"id":"vrdcidyf7ja5flw","previousOperationId":"mcvo70t1lsrgxb1"}
{"type":"log","timestamp":1705350532970,"level":"debug","message":"Running chrome with params {\"printBackground\":true,\"timeout\":58619,\"margin\":{}}","meta":{"rootId":"3uii8960x5wsurv","id":"3uii8960x5wsurv"},"id":"lmibv4ku3p7bfrr","previousOperationId":"mcvo70t1lsrgxb1"}
{"type":"operationEnd","operationId":"mcvo70t1lsrgxb1","timestamp":1705350533023,"id":"yrvi104d187cnpd","previousEventId":"rkdhg4biyaiki10","previousOperationId":"mcvo70t1lsrgxb1"}
{"type":"log","timestamp":1705350533023,"level":"debug","message":"Skipping storing report.","meta":{"rootId":"3uii8960x5wsurv","id":"3uii8960x5wsurv"},"id":"1duq5pbu4dj6mst","previousOperationId":"mcvo70t1lsrgxb1"}
{"type":"log","timestamp":1705350533023,"level":"info","message":"Rendering request 4 finished in 1522 ms","meta":{"rootId":"3uii8960x5wsurv","id":"3uii8960x5wsurv"},"id":"cvxv9z0atrrcxht","previousOperationId":"mcvo70t1lsrgxb1"}
{"type":"operationEnd","subtype":"render","operationId":"hi269wgqqp2zchr","timestamp":1705350533023,"id":"y9gbvqfeg5jz0mv","previousEventId":"yrvi104d187cnpd","previousOperationId":"mcvo70t1lsrgxb1"}
{"type":"operationEnd","doDiffs":false,"previousEventId":"0a54wcz8ytd7zgu","previousOperationId":"dudwpel90ucadug","operationId":"dudwpel90ucadug","timestamp":1705350533027,"id":"f8ilbw98frmtr9h"}
