{"type":"operationStart","subtype":"profile","data":{"_id":"qxG08gsrT0XS2wrU","timestamp":"2024-01-11T18:48:28.037Z","state":"queued","mode":"standard","creationDate":"2024-01-11T18:48:28.037Z","modificationDate":"2024-01-11T18:48:28.037Z","shortid":"1iRCkwm","$entitySet":"profiles"},"doDiffs":false,"timestamp":1704998908037,"id":"ccefrib9ijbt1tu","previousOperationId":null,"operationId":"qh10pql8qdv7wm0"}
{"type":"log","level":"info","message":"Render request 40 queued for execution and waiting for available worker","previousOperationId":"qh10pql8qdv7wm0","timestamp":1704998908037,"id":"y4r725ew9ud5hy6"}
{"type":"operationStart","subtype":"render","name":"User_project","previousOperationId":"qh10pql8qdv7wm0","timestamp":1704998908041,"id":"5oqnpd9wdff6quc","previousEventId":"ccefrib9ijbt1tu","operationId":"yub88380982bttt"}
{"type":"log","timestamp":1704998908041,"level":"info","message":"Starting rendering request 40","meta":{"rootId":"3ylj6wy6ym0of2c","id":"3ylj6wy6ym0of2c"},"id":"hekqu85o11isxie","previousOperationId":"yub88380982bttt"}
{"type":"log","timestamp":1704998908041,"level":"info","message":"Rendering template { name: User_project, recipe: chrome-pdf, engine: handlebars, preview: true }","meta":{"rootId":"3ylj6wy6ym0of2c","id":"3ylj6wy6ym0of2c"},"id":"yb6xmj1ms6y035a","previousOperationId":"yub88380982bttt"}
{"type":"log","timestamp":1704998908041,"level":"debug","message":"Data item not defined for this template.","meta":{"rootId":"3ylj6wy6ym0of2c","id":"3ylj6wy6ym0of2c"},"id":"i6gu0d1d0pr8340","previousOperationId":"yub88380982bttt"}
{"type":"log","timestamp":1704998908043,"level":"debug","message":"Executing script usabi-data (beforeRender)","meta":{"rootId":"3ylj6wy6ym0of2c","id":"3ylj6wy6ym0of2c"},"id":"76ny7955ofgoc0y","previousOperationId":"yub88380982bttt"}
{"type":"operationStart","subtype":"scriptsBeforeRender","name":"scripts beforeRender","timestamp":1704998908047,"id":"wjw6eqk5wr03ohx","previousEventId":"5oqnpd9wdff6quc","operationId":"rgk3cribkcd0oky","previousOperationId":"yub88380982bttt"}
{"type":"operationStart","subtype":"script","name":"scripts usabi-data","previousOperationId":"rgk3cribkcd0oky","timestamp":1704998908047,"id":"evv3rxigljg4flk","previousEventId":"wjw6eqk5wr03ohx","operationId":"fmgozk3u23cm9gu"}
{"type":"operationEnd","operationId":"fmgozk3u23cm9gu","timestamp":1704998908061,"id":"i9xk9ox6xuu4u39","previousEventId":"5oqnpd9wdff6quc","previousOperationId":"yub88380982bttt"}
{"type":"log","timestamp":1704998908061,"level":"debug","message":"Executing script orders-script (beforeRender)","meta":{"rootId":"3ylj6wy6ym0of2c","id":"3ylj6wy6ym0of2c"},"id":"00td39j4eqjoqq0","previousOperationId":"yub88380982bttt"}
{"type":"operationStart","subtype":"script","name":"scripts orders-script","previousOperationId":"rgk3cribkcd0oky","timestamp":1704998908064,"id":"l63aaz4u68pouuo","previousEventId":"i9xk9ox6xuu4u39","operationId":"va4jpltajrfmdaq"}
{"type":"operationEnd","operationId":"va4jpltajrfmdaq","timestamp":1704998909381,"id":"qt6qaz3dyi64lu1","previousEventId":"i9xk9ox6xuu4u39","previousOperationId":"yub88380982bttt"}
{"type":"operationEnd","operationId":"rgk3cribkcd0oky","timestamp":1704998909381,"id":"6yl1fo64jnuvvq9","previousEventId":"qt6qaz3dyi64lu1","previousOperationId":"yub88380982bttt"}
{"type":"log","timestamp":1704998909381,"level":"debug","message":"Base url not specified, skipping its injection.","meta":{"rootId":"3ylj6wy6ym0of2c","id":"3ylj6wy6ym0of2c"},"id":"yw0eehd4b4lmr5x","previousOperationId":"rgk3cribkcd0oky"}
{"type":"operationStart","subtype":"engine","name":"handlebars","timestamp":1704998909381,"id":"aoblygc9gv5luxi","previousEventId":"6yl1fo64jnuvvq9","operationId":"f8ucgdxk142b9eb","previousOperationId":"rgk3cribkcd0oky"}
{"type":"log","timestamp":1704998909381,"level":"debug","message":"Rendering engine handlebars","meta":{"rootId":"3ylj6wy6ym0of2c","id":"3ylj6wy6ym0of2c"},"id":"q83kdu4cwkjouqj","previousOperationId":"f8ucgdxk142b9eb"}
{"type":"operationEnd","operationId":"f8ucgdxk142b9eb","timestamp":1704998909398,"id":"i8y4ho1q9ntccty","previousEventId":"aoblygc9gv5luxi","previousOperationId":"f8ucgdxk142b9eb"}
{"type":"operationStart","subtype":"recipe","name":"chrome-pdf","timestamp":1704998909398,"id":"ovgojob6w8lk06l","previousEventId":"i8y4ho1q9ntccty","operationId":"u27maakbz8z8sqx","previousOperationId":"f8ucgdxk142b9eb"}
{"type":"log","timestamp":1704998909398,"level":"debug","message":"Executing recipe chrome-pdf","meta":{"rootId":"3ylj6wy6ym0of2c","id":"3ylj6wy6ym0of2c"},"id":"ovzqcs2s41ptrbd","previousOperationId":"u27maakbz8z8sqx"}
{"type":"log","timestamp":1704998909399,"level":"debug","message":"Converting with chrome HeadlessChrome/117.0.5938.149 using chrome-pool strategy","meta":{"rootId":"3ylj6wy6ym0of2c","id":"3ylj6wy6ym0of2c"},"id":"4daa0rdcggp5hus","previousOperationId":"u27maakbz8z8sqx"}
{"type":"log","timestamp":1704998909429,"level":"debug","message":"Page request: GET (document) file:///tmp/jsreport/autocleanup/630c2b2f-57c1-433a-91dc-6af374180d79-chrome-pdf.html","meta":{"rootId":"3ylj6wy6ym0of2c","id":"3ylj6wy6ym0of2c"},"id":"uiw66jhdx45hn9y","previousOperationId":"u27maakbz8z8sqx"}
{"type":"log","timestamp":1704998909435,"level":"debug","message":"Page request: GET (script) https://cdn.jsdelivr.net/npm/chart.js","meta":{"rootId":"3ylj6wy6ym0of2c","id":"3ylj6wy6ym0of2c"},"id":"4xpdsjj833s4yt1","previousOperationId":"u27maakbz8z8sqx"}
{"type":"log","timestamp":1704998909436,"level":"debug","message":"Page request finished: GET (document) 200 file:///tmp/jsreport/autocleanup/630c2b2f-57c1-433a-91dc-6af374180d79-chrome-pdf.html","meta":{"rootId":"3ylj6wy6ym0of2c","id":"3ylj6wy6ym0of2c"},"id":"862bjos03s8iwhy","previousOperationId":"u27maakbz8z8sqx"}
{"type":"log","timestamp":1704998909439,"level":"debug","message":"Page request finished: GET (script) 200 https://cdn.jsdelivr.net/npm/chart.js","meta":{"rootId":"3ylj6wy6ym0of2c","id":"3ylj6wy6ym0of2c"},"id":"s0mhnsnkljlu69j","previousOperationId":"u27maakbz8z8sqx"}
{"type":"log","timestamp":1704998909481,"level":"debug","message":"Running chrome with params {\"printBackground\":true,\"timeout\":58637,\"margin\":{}}","meta":{"rootId":"3ylj6wy6ym0of2c","id":"3ylj6wy6ym0of2c"},"id":"ovf4ti9umlz6mzd","previousOperationId":"u27maakbz8z8sqx"}
{"type":"operationEnd","operationId":"u27maakbz8z8sqx","timestamp":1704998909529,"id":"6g92gt738s4r44w","previousEventId":"ovgojob6w8lk06l","previousOperationId":"u27maakbz8z8sqx"}
{"type":"log","timestamp":1704998909529,"level":"debug","message":"Skipping storing report.","meta":{"rootId":"3ylj6wy6ym0of2c","id":"3ylj6wy6ym0of2c"},"id":"xcavtd2i1jujhtu","previousOperationId":"u27maakbz8z8sqx"}
{"type":"log","timestamp":1704998909529,"level":"info","message":"Rendering request 40 finished in 1493 ms","meta":{"rootId":"3ylj6wy6ym0of2c","id":"3ylj6wy6ym0of2c"},"id":"0kuszsy125a2a4j","previousOperationId":"u27maakbz8z8sqx"}
{"type":"operationEnd","subtype":"render","operationId":"yub88380982bttt","timestamp":1704998909529,"id":"qy1dkci1r0m6io0","previousEventId":"6g92gt738s4r44w","previousOperationId":"u27maakbz8z8sqx"}
{"type":"operationEnd","doDiffs":false,"previousEventId":"ccefrib9ijbt1tu","previousOperationId":"qh10pql8qdv7wm0","operationId":"qh10pql8qdv7wm0","timestamp":1704998909531,"id":"u1mrecwdtozit30"}
