{"type":"operationStart","subtype":"profile","data":{"_id":"iD3rfMycgVsg0Ipz","timestamp":"2024-01-11T17:32:53.450Z","state":"queued","mode":"standard","creationDate":"2024-01-11T17:32:53.451Z","modificationDate":"2024-01-11T17:32:53.451Z","shortid":"0AU43c2","$entitySet":"profiles"},"doDiffs":false,"timestamp":1704994373450,"id":"hc9y60ujsq5e92d","previousOperationId":null,"operationId":"rywuxm11lshg8sv"}
{"type":"log","level":"info","message":"Render request 153 queued for execution and waiting for available worker","previousOperationId":"rywuxm11lshg8sv","timestamp":1704994373450,"id":"edp9kyghswx4t4u"}
{"type":"operationStart","subtype":"render","name":"User_project","previousOperationId":"rywuxm11lshg8sv","timestamp":1704994373454,"id":"193zi5ff72au0b9","previousEventId":"hc9y60ujsq5e92d","operationId":"352or1i1otnvog3"}
{"type":"log","timestamp":1704994373454,"level":"info","message":"Starting rendering request 153","meta":{"rootId":"40fl51ujskq63br","id":"40fl51ujskq63br"},"id":"d5rjn3j5ycc4rn0","previousOperationId":"352or1i1otnvog3"}
{"type":"log","timestamp":1704994373454,"level":"info","message":"Rendering template { name: User_project, recipe: chrome-pdf, engine: handlebars, preview: true }","meta":{"rootId":"40fl51ujskq63br","id":"40fl51ujskq63br"},"id":"1nd2zhzwguvvib6","previousOperationId":"352or1i1otnvog3"}
{"type":"log","timestamp":1704994373455,"level":"debug","message":"Data item not defined for this template.","meta":{"rootId":"40fl51ujskq63br","id":"40fl51ujskq63br"},"id":"c524o7e7u0cqgja","previousOperationId":"352or1i1otnvog3"}
{"type":"log","timestamp":1704994373456,"level":"debug","message":"Executing script usabi-data (beforeRender)","meta":{"rootId":"40fl51ujskq63br","id":"40fl51ujskq63br"},"id":"74hn0jwi0314hpw","previousOperationId":"352or1i1otnvog3"}
{"type":"operationStart","subtype":"scriptsBeforeRender","name":"scripts beforeRender","timestamp":1704994373461,"id":"h6t7wm1yfugvycy","previousEventId":"193zi5ff72au0b9","operationId":"axmbrax6fl96vzo","previousOperationId":"352or1i1otnvog3"}
{"type":"operationStart","subtype":"script","name":"scripts usabi-data","previousOperationId":"axmbrax6fl96vzo","timestamp":1704994373461,"id":"bmpakolzctb6xjl","previousEventId":"h6t7wm1yfugvycy","operationId":"7zb9j58pefrar7u"}
{"type":"operationEnd","operationId":"7zb9j58pefrar7u","timestamp":1704994373473,"id":"h0ncer3xjph0q1p","previousEventId":"193zi5ff72au0b9","previousOperationId":"352or1i1otnvog3"}
{"type":"log","timestamp":1704994373473,"level":"debug","message":"Executing script orders-script (beforeRender)","meta":{"rootId":"40fl51ujskq63br","id":"40fl51ujskq63br"},"id":"jqm7ri4gakuq5s0","previousOperationId":"352or1i1otnvog3"}
{"type":"operationStart","subtype":"script","name":"scripts orders-script","previousOperationId":"axmbrax6fl96vzo","timestamp":1704994373476,"id":"l4d2s2ow4ohmf2o","previousEventId":"h0ncer3xjph0q1p","operationId":"13z306i6cv5dwy8"}
{"type":"operationEnd","operationId":"13z306i6cv5dwy8","timestamp":1704994374918,"id":"l6hpo7i7z7i9a0o","previousEventId":"h0ncer3xjph0q1p","previousOperationId":"352or1i1otnvog3"}
{"type":"operationEnd","operationId":"axmbrax6fl96vzo","timestamp":1704994374918,"id":"97o5wz7m9sjrz8l","previousEventId":"l6hpo7i7z7i9a0o","previousOperationId":"352or1i1otnvog3"}
{"type":"log","timestamp":1704994374918,"level":"debug","message":"Base url not specified, skipping its injection.","meta":{"rootId":"40fl51ujskq63br","id":"40fl51ujskq63br"},"id":"of37ppa7cr037hh","previousOperationId":"axmbrax6fl96vzo"}
{"type":"operationStart","subtype":"engine","name":"handlebars","timestamp":1704994374918,"id":"dze9fxthx9osw0a","previousEventId":"97o5wz7m9sjrz8l","operationId":"bc580bbzdqzoxq2","previousOperationId":"axmbrax6fl96vzo"}
{"type":"log","timestamp":1704994374918,"level":"debug","message":"Rendering engine handlebars","meta":{"rootId":"40fl51ujskq63br","id":"40fl51ujskq63br"},"id":"b80hrq1xzebf9ni","previousOperationId":"bc580bbzdqzoxq2"}
{"type":"operationEnd","operationId":"bc580bbzdqzoxq2","timestamp":1704994374937,"id":"utv7eet1zsida6a","previousEventId":"dze9fxthx9osw0a","previousOperationId":"bc580bbzdqzoxq2"}
{"type":"operationStart","subtype":"recipe","name":"chrome-pdf","timestamp":1704994374937,"id":"uhckmuvjg6e6wea","previousEventId":"utv7eet1zsida6a","operationId":"1dib792bbpy87c3","previousOperationId":"bc580bbzdqzoxq2"}
{"type":"log","timestamp":1704994374937,"level":"debug","message":"Executing recipe chrome-pdf","meta":{"rootId":"40fl51ujskq63br","id":"40fl51ujskq63br"},"id":"fuw1u6ewe52txn3","previousOperationId":"1dib792bbpy87c3"}
{"type":"log","timestamp":1704994374939,"level":"debug","message":"Converting with chrome HeadlessChrome/117.0.5938.149 using chrome-pool strategy","meta":{"rootId":"40fl51ujskq63br","id":"40fl51ujskq63br"},"id":"jm9x2ovjgfksyyb","previousOperationId":"1dib792bbpy87c3"}
{"type":"log","timestamp":1704994374978,"level":"debug","message":"Page request: GET (document) file:///tmp/jsreport/autocleanup/f3a30f5b-5218-4e3f-bf39-27bd522cbccf-chrome-pdf.html","meta":{"rootId":"40fl51ujskq63br","id":"40fl51ujskq63br"},"id":"gporfwk78vqw9k1","previousOperationId":"1dib792bbpy87c3"}
{"type":"log","timestamp":1704994374985,"level":"debug","message":"Page request: GET (script) https://cdn.jsdelivr.net/npm/chart.js","meta":{"rootId":"40fl51ujskq63br","id":"40fl51ujskq63br"},"id":"50dzxoi68118d78","previousOperationId":"1dib792bbpy87c3"}
{"type":"log","timestamp":1704994374986,"level":"debug","message":"Page request finished: GET (document) 200 file:///tmp/jsreport/autocleanup/f3a30f5b-5218-4e3f-bf39-27bd522cbccf-chrome-pdf.html","meta":{"rootId":"40fl51ujskq63br","id":"40fl51ujskq63br"},"id":"0p657u0jtu5ulnt","previousOperationId":"1dib792bbpy87c3"}
{"type":"log","timestamp":1704994374989,"level":"debug","message":"Page request finished: GET (script) 200 https://cdn.jsdelivr.net/npm/chart.js","meta":{"rootId":"40fl51ujskq63br","id":"40fl51ujskq63br"},"id":"bet1qhqxrtlyrj6","previousOperationId":"1dib792bbpy87c3"}
{"type":"log","timestamp":1704994374993,"level":"warn","message":"Page error: Unexpected identifier 'Object' , stack: SyntaxError: Unexpected identifier 'Object'","meta":{"rootId":"40fl51ujskq63br","id":"40fl51ujskq63br"},"id":"3ff7xs02yzg8jqf","previousOperationId":"1dib792bbpy87c3"}
{"type":"log","timestamp":1704994374998,"level":"debug","message":"Running chrome with params {\"printBackground\":true,\"timeout\":58512,\"margin\":{}}","meta":{"rootId":"40fl51ujskq63br","id":"40fl51ujskq63br"},"id":"svc0f42r0qvmcmz","previousOperationId":"1dib792bbpy87c3"}
{"type":"operationEnd","operationId":"1dib792bbpy87c3","timestamp":1704994375010,"id":"gh0b1u1b5bm0cq8","previousEventId":"uhckmuvjg6e6wea","previousOperationId":"1dib792bbpy87c3"}
{"type":"log","timestamp":1704994375010,"level":"debug","message":"Skipping storing report.","meta":{"rootId":"40fl51ujskq63br","id":"40fl51ujskq63br"},"id":"kk1vqlvjjivddns","previousOperationId":"1dib792bbpy87c3"}
{"type":"log","timestamp":1704994375010,"level":"info","message":"Rendering request 153 finished in 1560 ms","meta":{"rootId":"40fl51ujskq63br","id":"40fl51ujskq63br"},"id":"59xlc6eaawwa2f8","previousOperationId":"1dib792bbpy87c3"}
{"type":"operationEnd","subtype":"render","operationId":"352or1i1otnvog3","timestamp":1704994375010,"id":"ggomltgus7vb11y","previousEventId":"gh0b1u1b5bm0cq8","previousOperationId":"1dib792bbpy87c3"}
{"type":"operationEnd","doDiffs":false,"previousEventId":"hc9y60ujsq5e92d","previousOperationId":"rywuxm11lshg8sv","operationId":"rywuxm11lshg8sv","timestamp":1704994375013,"id":"8ay6qyyc0cxqpa5"}
