{"type":"operationStart","subtype":"profile","data":{"_id":"JTkkBD9tqfFfCtwD","timestamp":"2024-01-11T17:26:42.297Z","state":"queued","mode":"standard","creationDate":"2024-01-11T17:26:42.297Z","modificationDate":"2024-01-11T17:26:42.297Z","shortid":"FYH1iSn","$entitySet":"profiles"},"doDiffs":false,"timestamp":1704994002297,"id":"3csxmr6a3j2xvd6","previousOperationId":null,"operationId":"d6figy8156mmsxt"}
{"type":"log","level":"info","message":"Render request 141 queued for execution and waiting for available worker","previousOperationId":"d6figy8156mmsxt","timestamp":1704994002297,"id":"a2dnto29vo1jndw"}
{"type":"operationStart","subtype":"render","name":"User_project","previousOperationId":"d6figy8156mmsxt","timestamp":1704994002301,"id":"5wdq9p7t9u5dexi","previousEventId":"3csxmr6a3j2xvd6","operationId":"7ae7gfbyqn74ftl"}
{"type":"log","timestamp":1704994002301,"level":"info","message":"Starting rendering request 141","meta":{"rootId":"43vgzn1hm4xgyd4","id":"43vgzn1hm4xgyd4"},"id":"ozqjnammo9pwle7","previousOperationId":"7ae7gfbyqn74ftl"}
{"type":"log","timestamp":1704994002301,"level":"info","message":"Rendering template { name: User_project, recipe: chrome-pdf, engine: handlebars, preview: true }","meta":{"rootId":"43vgzn1hm4xgyd4","id":"43vgzn1hm4xgyd4"},"id":"y3ix6s5extdu6s0","previousOperationId":"7ae7gfbyqn74ftl"}
{"type":"log","timestamp":1704994002301,"level":"debug","message":"Data item not defined for this template.","meta":{"rootId":"43vgzn1hm4xgyd4","id":"43vgzn1hm4xgyd4"},"id":"4w6p6d9ms150h8t","previousOperationId":"7ae7gfbyqn74ftl"}
{"type":"log","timestamp":1704994002303,"level":"debug","message":"Executing script usabi-data (beforeRender)","meta":{"rootId":"43vgzn1hm4xgyd4","id":"43vgzn1hm4xgyd4"},"id":"27wj4qavl7tyglr","previousOperationId":"7ae7gfbyqn74ftl"}
{"type":"operationStart","subtype":"scriptsBeforeRender","name":"scripts beforeRender","timestamp":1704994002306,"id":"qbh1jycj4hr7btm","previousEventId":"5wdq9p7t9u5dexi","operationId":"7i2ci9o9o0yv13o","previousOperationId":"7ae7gfbyqn74ftl"}
{"type":"operationStart","subtype":"script","name":"scripts usabi-data","previousOperationId":"7i2ci9o9o0yv13o","timestamp":1704994002306,"id":"96mnjyxa4wk4neg","previousEventId":"qbh1jycj4hr7btm","operationId":"vytrjd4dsjqz309"}
{"type":"log","timestamp":1704994002321,"level":"debug","message":"(console:log) Datos obtenidos correctamente: {\n  user_project_data: [\n    { user_name: 'admin', projects: [Array] },\n    { user_name: 'aisha', projects: [Array] },\n    { user_name: 'carlos', projects: [Array] },\n    { user_name: 'adrian', projects: [Array] }\n  ]\n}","meta":{"userLevel":true,"rootId":"43vgzn1hm4xgyd4","id":"43vgzn1hm4xgyd4"},"id":"hfbm1ibrvhza2pu","previousOperationId":"vytrjd4dsjqz309"}
{"type":"log","timestamp":1704994002321,"level":"debug","message":"(console:log) Datos transformados: {\n  usabiData: [\n    { user_name: 'admin', projects: [Array] },\n    { user_name: 'aisha', projects: [Array] },\n    { user_name: 'carlos', projects: [Array] },\n    { user_name: 'adrian', projects: [Array] }\n  ]\n}","meta":{"userLevel":true,"rootId":"43vgzn1hm4xgyd4","id":"43vgzn1hm4xgyd4"},"id":"uc4gvyl8aty08re","previousOperationId":"vytrjd4dsjqz309"}
{"type":"operationEnd","operationId":"vytrjd4dsjqz309","timestamp":1704994002321,"id":"cf3ehxw6k1i50ne","previousEventId":"5wdq9p7t9u5dexi","previousOperationId":"7ae7gfbyqn74ftl"}
{"type":"log","timestamp":1704994002321,"level":"debug","message":"Executing script orders-script (beforeRender)","meta":{"rootId":"43vgzn1hm4xgyd4","id":"43vgzn1hm4xgyd4"},"id":"vzs3yrad43gkqrg","previousOperationId":"7ae7gfbyqn74ftl"}
{"type":"operationStart","subtype":"script","name":"scripts orders-script","previousOperationId":"7i2ci9o9o0yv13o","timestamp":1704994002325,"id":"x3o1ejtmks8qmvo","previousEventId":"cf3ehxw6k1i50ne","operationId":"owk29o76wnhorgw"}
{"type":"operationEnd","operationId":"owk29o76wnhorgw","timestamp":1704994003662,"id":"e1haokdnmmivxtv","previousEventId":"cf3ehxw6k1i50ne","previousOperationId":"7ae7gfbyqn74ftl"}
{"type":"operationEnd","operationId":"7i2ci9o9o0yv13o","timestamp":1704994003662,"id":"we1sispelkm3gkd","previousEventId":"e1haokdnmmivxtv","previousOperationId":"7ae7gfbyqn74ftl"}
{"type":"log","timestamp":1704994003663,"level":"debug","message":"Base url not specified, skipping its injection.","meta":{"rootId":"43vgzn1hm4xgyd4","id":"43vgzn1hm4xgyd4"},"id":"lgmfke5euno0zbh","previousOperationId":"7i2ci9o9o0yv13o"}
{"type":"operationStart","subtype":"engine","name":"handlebars","timestamp":1704994003663,"id":"u9gxob74f9llj8h","previousEventId":"we1sispelkm3gkd","operationId":"3z503gvy031kqzp","previousOperationId":"7i2ci9o9o0yv13o"}
{"type":"log","timestamp":1704994003663,"level":"debug","message":"Rendering engine handlebars","meta":{"rootId":"43vgzn1hm4xgyd4","id":"43vgzn1hm4xgyd4"},"id":"hgqpmx9h16ajarn","previousOperationId":"3z503gvy031kqzp"}
{"type":"operationEnd","operationId":"3z503gvy031kqzp","timestamp":1704994003670,"id":"ngmrt2m6c29y5wf","previousEventId":"u9gxob74f9llj8h","previousOperationId":"3z503gvy031kqzp"}
{"type":"operationStart","subtype":"recipe","name":"chrome-pdf","timestamp":1704994003670,"id":"2f9m4ljxjmmymm4","previousEventId":"ngmrt2m6c29y5wf","operationId":"ga0tzggoppr3wwm","previousOperationId":"3z503gvy031kqzp"}
{"type":"log","timestamp":1704994003670,"level":"debug","message":"Executing recipe chrome-pdf","meta":{"rootId":"43vgzn1hm4xgyd4","id":"43vgzn1hm4xgyd4"},"id":"y7kkieibwc1hdxn","previousOperationId":"ga0tzggoppr3wwm"}
{"type":"log","timestamp":1704994003671,"level":"debug","message":"Converting with chrome HeadlessChrome/117.0.5938.149 using chrome-pool strategy","meta":{"rootId":"43vgzn1hm4xgyd4","id":"43vgzn1hm4xgyd4"},"id":"ngboi9c1kxxc9ly","previousOperationId":"ga0tzggoppr3wwm"}
{"type":"log","timestamp":1704994003702,"level":"debug","message":"Page request: GET (document) file:///tmp/jsreport/autocleanup/cb4fa00e-1117-43de-95d3-0a785cf10d01-chrome-pdf.html","meta":{"rootId":"43vgzn1hm4xgyd4","id":"43vgzn1hm4xgyd4"},"id":"4fbbq47both9y5y","previousOperationId":"ga0tzggoppr3wwm"}
{"type":"log","timestamp":1704994003709,"level":"debug","message":"Page request: GET (script) https://cdn.jsdelivr.net/npm/chart.js","meta":{"rootId":"43vgzn1hm4xgyd4","id":"43vgzn1hm4xgyd4"},"id":"pmyypnt0icczhvh","previousOperationId":"ga0tzggoppr3wwm"}
{"type":"log","timestamp":1704994003709,"level":"debug","message":"Page request finished: GET (document) 200 file:///tmp/jsreport/autocleanup/cb4fa00e-1117-43de-95d3-0a785cf10d01-chrome-pdf.html","meta":{"rootId":"43vgzn1hm4xgyd4","id":"43vgzn1hm4xgyd4"},"id":"fce5okilzloeoav","previousOperationId":"ga0tzggoppr3wwm"}
{"type":"log","timestamp":1704994003713,"level":"debug","message":"Page request finished: GET (script) 200 https://cdn.jsdelivr.net/npm/chart.js","meta":{"rootId":"43vgzn1hm4xgyd4","id":"43vgzn1hm4xgyd4"},"id":"url5cku28wgsbgx","previousOperationId":"ga0tzggoppr3wwm"}
{"type":"log","timestamp":1704994003715,"level":"warn","message":"Page error: Unexpected token ';' , stack: SyntaxError: Unexpected token ';'","meta":{"rootId":"43vgzn1hm4xgyd4","id":"43vgzn1hm4xgyd4"},"id":"ov8tbx3c4kkxa28","previousOperationId":"ga0tzggoppr3wwm"}
{"type":"log","timestamp":1704994003719,"level":"debug","message":"Running chrome with params {\"printBackground\":true,\"timeout\":58627,\"margin\":{}}","meta":{"rootId":"43vgzn1hm4xgyd4","id":"43vgzn1hm4xgyd4"},"id":"bsx7mzyvmgo662n","previousOperationId":"ga0tzggoppr3wwm"}
{"type":"operationEnd","operationId":"ga0tzggoppr3wwm","timestamp":1704994003725,"id":"j4hm1rx2u7yo0rd","previousEventId":"2f9m4ljxjmmymm4","previousOperationId":"ga0tzggoppr3wwm"}
{"type":"log","timestamp":1704994003725,"level":"debug","message":"Skipping storing report.","meta":{"rootId":"43vgzn1hm4xgyd4","id":"43vgzn1hm4xgyd4"},"id":"fu9wb26ybelte0d","previousOperationId":"ga0tzggoppr3wwm"}
{"type":"log","timestamp":1704994003725,"level":"info","message":"Rendering request 141 finished in 1428 ms","meta":{"rootId":"43vgzn1hm4xgyd4","id":"43vgzn1hm4xgyd4"},"id":"g0toer4btxgqfw0","previousOperationId":"ga0tzggoppr3wwm"}
{"type":"operationEnd","subtype":"render","operationId":"7ae7gfbyqn74ftl","timestamp":1704994003725,"id":"v5xtmvt1cske385","previousEventId":"j4hm1rx2u7yo0rd","previousOperationId":"ga0tzggoppr3wwm"}
{"type":"operationEnd","doDiffs":false,"previousEventId":"3csxmr6a3j2xvd6","previousOperationId":"d6figy8156mmsxt","operationId":"d6figy8156mmsxt","timestamp":1704994003730,"id":"4tj7ajdcewntz9j"}
