{"type":"operationStart","subtype":"profile","data":{"_id":"8Ks98HoMKMzwPUkd","timestamp":"2024-01-10T20:19:52.838Z","state":"queued","mode":"standard","creationDate":"2024-01-10T20:19:52.839Z","modificationDate":"2024-01-10T20:19:52.839Z","shortid":"KTFc5CP","$entitySet":"profiles"},"doDiffs":false,"timestamp":1704917992838,"id":"jobzaga9btt0diu","previousOperationId":null,"operationId":"d5ow2m23cg2edqd"}
{"type":"log","level":"info","message":"Render request 2 queued for execution and waiting for available worker","previousOperationId":"d5ow2m23cg2edqd","timestamp":1704917992838,"id":"kqqv4uahw0odpso"}
{"type":"operationStart","subtype":"render","name":"User_project","previousOperationId":"d5ow2m23cg2edqd","timestamp":1704917992844,"id":"4t5b4ahlvi1pkx4","previousEventId":"jobzaga9btt0diu","operationId":"20pbfauzey3ciac"}
{"type":"log","timestamp":1704917992845,"level":"info","message":"Starting rendering request 2","meta":{"rootId":"47dfujoo1dqw1p8","id":"47dfujoo1dqw1p8"},"id":"jwwka7w96txie2f","previousOperationId":"20pbfauzey3ciac"}
{"type":"log","timestamp":1704917992846,"level":"info","message":"Rendering template { name: User_project, recipe: chrome-pdf, engine: handlebars, preview: true }","meta":{"rootId":"47dfujoo1dqw1p8","id":"47dfujoo1dqw1p8"},"id":"69th0mssysm53h7","previousOperationId":"20pbfauzey3ciac"}
{"type":"log","timestamp":1704917992847,"level":"debug","message":"Data item not defined for this template.","meta":{"rootId":"47dfujoo1dqw1p8","id":"47dfujoo1dqw1p8"},"id":"uxu1zi62ldkd7yd","previousOperationId":"20pbfauzey3ciac"}
{"type":"log","timestamp":1704917992849,"level":"debug","message":"Executing script usabi-data (beforeRender)","meta":{"rootId":"47dfujoo1dqw1p8","id":"47dfujoo1dqw1p8"},"id":"9nam31k15b3qszb","previousOperationId":"20pbfauzey3ciac"}
{"type":"operationStart","subtype":"scriptsBeforeRender","name":"scripts beforeRender","timestamp":1704917992980,"id":"4g4wvw8jbywgayt","previousEventId":"4t5b4ahlvi1pkx4","operationId":"cdfxolxs7d7z5f5","previousOperationId":"20pbfauzey3ciac"}
{"type":"operationStart","subtype":"script","name":"scripts usabi-data","previousOperationId":"cdfxolxs7d7z5f5","timestamp":1704917992980,"id":"nsp3exe2i3z083b","previousEventId":"4g4wvw8jbywgayt","operationId":"n5l1683iuzxdq07"}
{"type":"operationEnd","operationId":"n5l1683iuzxdq07","timestamp":1704917993002,"id":"9rmhf9zmr4ca4rw","previousEventId":"4t5b4ahlvi1pkx4","previousOperationId":"20pbfauzey3ciac"}
{"type":"operationEnd","operationId":"cdfxolxs7d7z5f5","timestamp":1704917993002,"id":"3ek1c4ey6ndb58n","previousEventId":"9rmhf9zmr4ca4rw","previousOperationId":"20pbfauzey3ciac"}
{"type":"log","timestamp":1704917993002,"level":"debug","message":"Base url not specified, skipping its injection.","meta":{"rootId":"47dfujoo1dqw1p8","id":"47dfujoo1dqw1p8"},"id":"pyn1ngn87mkyf8j","previousOperationId":"cdfxolxs7d7z5f5"}
{"type":"operationStart","subtype":"engine","name":"handlebars","timestamp":1704917993003,"id":"qx5kz9k5zsjy2x5","previousEventId":"3ek1c4ey6ndb58n","operationId":"2a2w78t2cugsosf","previousOperationId":"cdfxolxs7d7z5f5"}
{"type":"log","timestamp":1704917993003,"level":"debug","message":"Rendering engine handlebars","meta":{"rootId":"47dfujoo1dqw1p8","id":"47dfujoo1dqw1p8"},"id":"j4x8byvic6fkhpg","previousOperationId":"2a2w78t2cugsosf"}
{"type":"operationEnd","operationId":"2a2w78t2cugsosf","timestamp":1704917993176,"id":"4jp2i9ysxsq8kof","previousEventId":"qx5kz9k5zsjy2x5","previousOperationId":"2a2w78t2cugsosf"}
{"type":"operationStart","subtype":"recipe","name":"chrome-pdf","timestamp":1704917993176,"id":"73zx26pgzyhx0ll","previousEventId":"4jp2i9ysxsq8kof","operationId":"wwz4zg9cljpv0v5","previousOperationId":"2a2w78t2cugsosf"}
{"type":"log","timestamp":1704917993176,"level":"debug","message":"Executing recipe chrome-pdf","meta":{"rootId":"47dfujoo1dqw1p8","id":"47dfujoo1dqw1p8"},"id":"4lfwkc8f90u1soc","previousOperationId":"wwz4zg9cljpv0v5"}
{"type":"log","timestamp":1704917993438,"level":"debug","message":"Converting with chrome HeadlessChrome/117.0.5938.149 using chrome-pool strategy","meta":{"rootId":"47dfujoo1dqw1p8","id":"47dfujoo1dqw1p8"},"id":"7c0dn0rjwoe6seg","previousOperationId":"wwz4zg9cljpv0v5"}
{"type":"log","timestamp":1704917993488,"level":"debug","message":"Page request: GET (document) file:///tmp/jsreport/autocleanup/36a0b5c4-46d9-475c-9a52-4d16eb863dbb-chrome-pdf.html","meta":{"rootId":"47dfujoo1dqw1p8","id":"47dfujoo1dqw1p8"},"id":"jvi6yp704zyi0gx","previousOperationId":"wwz4zg9cljpv0v5"}
{"type":"log","timestamp":1704917993496,"level":"debug","message":"Page request finished: GET (document) 200 file:///tmp/jsreport/autocleanup/36a0b5c4-46d9-475c-9a52-4d16eb863dbb-chrome-pdf.html","meta":{"rootId":"47dfujoo1dqw1p8","id":"47dfujoo1dqw1p8"},"id":"sudbn78jont7mm1","previousOperationId":"wwz4zg9cljpv0v5"}
{"type":"log","timestamp":1704917993499,"level":"debug","message":"Running chrome with params {\"printBackground\":true,\"timeout\":59528,\"margin\":{}}","meta":{"rootId":"47dfujoo1dqw1p8","id":"47dfujoo1dqw1p8"},"id":"2jp62cjgex3vbec","previousOperationId":"wwz4zg9cljpv0v5"}
{"type":"operationEnd","operationId":"wwz4zg9cljpv0v5","timestamp":1704917993510,"id":"s7t085u8fhkri58","previousEventId":"73zx26pgzyhx0ll","previousOperationId":"wwz4zg9cljpv0v5"}
{"type":"log","timestamp":1704917993511,"level":"debug","message":"Skipping storing report.","meta":{"rootId":"47dfujoo1dqw1p8","id":"47dfujoo1dqw1p8"},"id":"7jz3va3uquokvf5","previousOperationId":"wwz4zg9cljpv0v5"}
{"type":"log","timestamp":1704917993511,"level":"info","message":"Rendering request 2 finished in 673 ms","meta":{"rootId":"47dfujoo1dqw1p8","id":"47dfujoo1dqw1p8"},"id":"tr3bm8ruo30nl3b","previousOperationId":"wwz4zg9cljpv0v5"}
{"type":"operationEnd","subtype":"render","operationId":"20pbfauzey3ciac","timestamp":1704917993511,"id":"gb5jn5xn5gkri0r","previousEventId":"s7t085u8fhkri58","previousOperationId":"wwz4zg9cljpv0v5"}
{"type":"operationEnd","doDiffs":false,"previousEventId":"jobzaga9btt0diu","previousOperationId":"d5ow2m23cg2edqd","operationId":"d5ow2m23cg2edqd","timestamp":1704917993514,"id":"nvt42o1qg7dy2s5"}
