{"type":"operationStart","subtype":"profile","data":{"_id":"YB1VmJuSf0gYFaLN","timestamp":"2024-01-11T16:18:34.997Z","state":"queued","mode":"standard","creationDate":"2024-01-11T16:18:34.998Z","modificationDate":"2024-01-11T16:18:34.998Z","shortid":"--A5eP5","$entitySet":"profiles"},"doDiffs":false,"timestamp":1704989914997,"id":"xglqiaekwkb5z19","previousOperationId":null,"operationId":"3js04hrm3u5a8f7"}
{"type":"log","level":"info","message":"Render request 22 queued for execution and waiting for available worker","previousOperationId":"3js04hrm3u5a8f7","timestamp":1704989914997,"id":"ctrhdcv8ya5ixpd"}
{"type":"operationStart","subtype":"render","name":"User_project","previousOperationId":"3js04hrm3u5a8f7","timestamp":1704989915001,"id":"urc5f856dw2711e","previousEventId":"xglqiaekwkb5z19","operationId":"kiu4c38y0o06qht"}
{"type":"log","timestamp":1704989915001,"level":"info","message":"Starting rendering request 22","meta":{"rootId":"4bill4qgi41cq73","id":"4bill4qgi41cq73"},"id":"nphdgyi167h5xmv","previousOperationId":"kiu4c38y0o06qht"}
{"type":"log","timestamp":1704989915001,"level":"info","message":"Rendering template { name: User_project, recipe: chrome-pdf, engine: handlebars, preview: true }","meta":{"rootId":"4bill4qgi41cq73","id":"4bill4qgi41cq73"},"id":"7aze532qgca6whu","previousOperationId":"kiu4c38y0o06qht"}
{"type":"log","timestamp":1704989915002,"level":"debug","message":"Data item not defined for this template.","meta":{"rootId":"4bill4qgi41cq73","id":"4bill4qgi41cq73"},"id":"y6eim78cro1pb0p","previousOperationId":"kiu4c38y0o06qht"}
{"type":"log","timestamp":1704989915002,"level":"debug","message":"Executing script usabi-data (beforeRender)","meta":{"rootId":"4bill4qgi41cq73","id":"4bill4qgi41cq73"},"id":"sn6gx7ud7axw2gn","previousOperationId":"kiu4c38y0o06qht"}
{"type":"operationStart","subtype":"scriptsBeforeRender","name":"scripts beforeRender","timestamp":1704989915005,"id":"ubb8kj7ip8yzpz5","previousEventId":"urc5f856dw2711e","operationId":"ou191v4s7f9zq8q","previousOperationId":"kiu4c38y0o06qht"}
{"type":"operationStart","subtype":"script","name":"scripts usabi-data","previousOperationId":"ou191v4s7f9zq8q","timestamp":1704989915005,"id":"u3xpb8lvc3yhg4a","previousEventId":"ubb8kj7ip8yzpz5","operationId":"do5bzmizklzqu94"}
{"type":"operationEnd","operationId":"do5bzmizklzqu94","timestamp":1704989915016,"id":"x67897lea7roux7","previousEventId":"urc5f856dw2711e","previousOperationId":"kiu4c38y0o06qht"}
{"type":"operationEnd","operationId":"ou191v4s7f9zq8q","timestamp":1704989915016,"id":"jl7b21xs85gh4ua","previousEventId":"x67897lea7roux7","previousOperationId":"kiu4c38y0o06qht"}
{"type":"log","timestamp":1704989915016,"level":"debug","message":"Base url not specified, skipping its injection.","meta":{"rootId":"4bill4qgi41cq73","id":"4bill4qgi41cq73"},"id":"5qtw1k4nsjwvg9i","previousOperationId":"ou191v4s7f9zq8q"}
{"type":"operationStart","subtype":"engine","name":"handlebars","timestamp":1704989915016,"id":"o951xp3ryy83bxp","previousEventId":"jl7b21xs85gh4ua","operationId":"jymcetkil78isjm","previousOperationId":"ou191v4s7f9zq8q"}
{"type":"log","timestamp":1704989915016,"level":"debug","message":"Rendering engine handlebars","meta":{"rootId":"4bill4qgi41cq73","id":"4bill4qgi41cq73"},"id":"p77ofiqfihhwprj","previousOperationId":"jymcetkil78isjm"}
{"type":"operationEnd","operationId":"jymcetkil78isjm","timestamp":1704989915025,"id":"uzdnb7d32nw6c4d","previousEventId":"o951xp3ryy83bxp","previousOperationId":"jymcetkil78isjm"}
{"type":"operationStart","subtype":"recipe","name":"chrome-pdf","timestamp":1704989915025,"id":"xpvlmh53iapwnub","previousEventId":"uzdnb7d32nw6c4d","operationId":"oiab95tffcf192g","previousOperationId":"jymcetkil78isjm"}
{"type":"log","timestamp":1704989915025,"level":"debug","message":"Executing recipe chrome-pdf","meta":{"rootId":"4bill4qgi41cq73","id":"4bill4qgi41cq73"},"id":"wvorq6sz23f6zu9","previousOperationId":"oiab95tffcf192g"}
{"type":"log","timestamp":1704989915027,"level":"debug","message":"Converting with chrome HeadlessChrome/117.0.5938.149 using chrome-pool strategy","meta":{"rootId":"4bill4qgi41cq73","id":"4bill4qgi41cq73"},"id":"svy9w2nqcix70u9","previousOperationId":"oiab95tffcf192g"}
{"type":"log","timestamp":1704989915060,"level":"debug","message":"Page request: GET (document) file:///tmp/jsreport/autocleanup/78f275e1-95e2-406f-b5d3-5bf175b1ec6d-chrome-pdf.html","meta":{"rootId":"4bill4qgi41cq73","id":"4bill4qgi41cq73"},"id":"owzavpkggx1wwp5","previousOperationId":"oiab95tffcf192g"}
{"type":"log","timestamp":1704989915066,"level":"debug","message":"Page request: GET (script) https://cdn.jsdelivr.net/npm/chart.js","meta":{"rootId":"4bill4qgi41cq73","id":"4bill4qgi41cq73"},"id":"6bgp4qmxkerj83p","previousOperationId":"oiab95tffcf192g"}
{"type":"log","timestamp":1704989915067,"level":"debug","message":"Page request finished: GET (document) 200 file:///tmp/jsreport/autocleanup/78f275e1-95e2-406f-b5d3-5bf175b1ec6d-chrome-pdf.html","meta":{"rootId":"4bill4qgi41cq73","id":"4bill4qgi41cq73"},"id":"fdgjvexdg9yswmu","previousOperationId":"oiab95tffcf192g"}
{"type":"log","timestamp":1704989915070,"level":"debug","message":"Page request finished: GET (script) 200 https://cdn.jsdelivr.net/npm/chart.js","meta":{"rootId":"4bill4qgi41cq73","id":"4bill4qgi41cq73"},"id":"ws7mcoihgl8j1nf","previousOperationId":"oiab95tffcf192g"}
{"type":"log","timestamp":1704989915122,"level":"debug","message":"Running chrome with params {\"printBackground\":true,\"timeout\":59971,\"margin\":{}}","meta":{"rootId":"4bill4qgi41cq73","id":"4bill4qgi41cq73"},"id":"s0qbccbsu1uezpq","previousOperationId":"oiab95tffcf192g"}
{"type":"operationEnd","operationId":"oiab95tffcf192g","timestamp":1704989915143,"id":"ieae16g32j1nie5","previousEventId":"xpvlmh53iapwnub","previousOperationId":"oiab95tffcf192g"}
{"type":"log","timestamp":1704989915143,"level":"debug","message":"Skipping storing report.","meta":{"rootId":"4bill4qgi41cq73","id":"4bill4qgi41cq73"},"id":"0dktfw37m61vnsm","previousOperationId":"oiab95tffcf192g"}
{"type":"log","timestamp":1704989915143,"level":"info","message":"Rendering request 22 finished in 146 ms","meta":{"rootId":"4bill4qgi41cq73","id":"4bill4qgi41cq73"},"id":"kpvunyzbzmf4xi3","previousOperationId":"oiab95tffcf192g"}
{"type":"operationEnd","subtype":"render","operationId":"kiu4c38y0o06qht","timestamp":1704989915143,"id":"ix1lbi9dgbqgwl2","previousEventId":"ieae16g32j1nie5","previousOperationId":"oiab95tffcf192g"}
{"type":"operationEnd","doDiffs":false,"previousEventId":"xglqiaekwkb5z19","previousOperationId":"3js04hrm3u5a8f7","operationId":"3js04hrm3u5a8f7","timestamp":1704989915147,"id":"swpsaizhsj8v61l"}
