{"type":"operationStart","subtype":"profile","data":{"_id":"DDpNiEMUB8HlgeBR","timestamp":"2024-01-31T20:15:29.340Z","state":"queued","mode":"standard","creationDate":"2024-01-31T20:15:29.342Z","modificationDate":"2024-01-31T20:15:29.342Z","shortid":"vfwpo63","$entitySet":"profiles"},"doDiffs":false,"timestamp":1706732129341,"id":"wggviuivd0d6r3d","previousOperationId":null,"operationId":"2kmw47z5xilk7gp"}
{"type":"log","level":"info","message":"Render request 3 queued for execution and waiting for available worker","previousOperationId":"2kmw47z5xilk7gp","timestamp":1706732129341,"id":"orernjwl9cff3cy"}
{"type":"operationStart","subtype":"render","name":"User_project","previousOperationId":"2kmw47z5xilk7gp","timestamp":1706732129346,"id":"yamumcffhpjuj2y","previousEventId":"wggviuivd0d6r3d","operationId":"100bkj6ydn5fbvq"}
{"type":"log","timestamp":1706732129346,"level":"info","message":"Starting rendering request 3","meta":{"rootId":"4cw5x30p7iha157","id":"4cw5x30p7iha157"},"id":"rnkgbmrysufuu5j","previousOperationId":"100bkj6ydn5fbvq"}
{"type":"log","timestamp":1706732129346,"level":"info","message":"Rendering template { name: User_project, recipe: chrome-pdf, engine: handlebars, preview: false }","meta":{"rootId":"4cw5x30p7iha157","id":"4cw5x30p7iha157"},"id":"f4txalhryyzg0ak","previousOperationId":"100bkj6ydn5fbvq"}
{"type":"log","timestamp":1706732129347,"level":"debug","message":"Data item not defined for this template.","meta":{"rootId":"4cw5x30p7iha157","id":"4cw5x30p7iha157"},"id":"11csztlopx7acgr","previousOperationId":"100bkj6ydn5fbvq"}
{"type":"log","timestamp":1706732129350,"level":"debug","message":"Executing script usabi-data (beforeRender)","meta":{"rootId":"4cw5x30p7iha157","id":"4cw5x30p7iha157"},"id":"zhhpeedoz19w7t7","previousOperationId":"100bkj6ydn5fbvq"}
{"type":"operationStart","subtype":"scriptsBeforeRender","name":"scripts beforeRender","timestamp":1706732129356,"id":"fn2h2w33nix09ws","previousEventId":"yamumcffhpjuj2y","operationId":"e54qsle6ub5ra6m","previousOperationId":"100bkj6ydn5fbvq"}
{"type":"operationStart","subtype":"script","name":"scripts usabi-data","previousOperationId":"e54qsle6ub5ra6m","timestamp":1706732129356,"id":"zunznfaz3gdjr7d","previousEventId":"fn2h2w33nix09ws","operationId":"cadmrymmuxabz1f"}
{"type":"operationEnd","operationId":"cadmrymmuxabz1f","timestamp":1706732129371,"id":"op5hmm2gu91sl1g","previousEventId":"yamumcffhpjuj2y","previousOperationId":"100bkj6ydn5fbvq"}
{"type":"log","timestamp":1706732129371,"level":"debug","message":"Executing script orders-script (beforeRender)","meta":{"rootId":"4cw5x30p7iha157","id":"4cw5x30p7iha157"},"id":"tz5m5t165aoxizp","previousOperationId":"100bkj6ydn5fbvq"}
{"type":"operationStart","subtype":"script","name":"scripts orders-script","previousOperationId":"e54qsle6ub5ra6m","timestamp":1706732129375,"id":"9owssjrgdfhxsv5","previousEventId":"op5hmm2gu91sl1g","operationId":"es7mwhwzxx5jqy0"}
{"type":"operationEnd","operationId":"es7mwhwzxx5jqy0","timestamp":1706732130742,"id":"1qyqv8wll9lc59w","previousEventId":"op5hmm2gu91sl1g","previousOperationId":"100bkj6ydn5fbvq"}
{"type":"operationEnd","operationId":"e54qsle6ub5ra6m","timestamp":1706732130742,"id":"gsru8yd84ixfrc5","previousEventId":"1qyqv8wll9lc59w","previousOperationId":"100bkj6ydn5fbvq"}
{"type":"log","timestamp":1706732130742,"level":"debug","message":"Base url not specified, skipping its injection.","meta":{"rootId":"4cw5x30p7iha157","id":"4cw5x30p7iha157"},"id":"faicpopgfjpqrbr","previousOperationId":"e54qsle6ub5ra6m"}
{"type":"operationStart","subtype":"engine","name":"handlebars","timestamp":1706732130743,"id":"uj8g9xa3lctfd5q","previousEventId":"gsru8yd84ixfrc5","operationId":"ps8ensc2vffuy5x","previousOperationId":"e54qsle6ub5ra6m"}
{"type":"log","timestamp":1706732130743,"level":"debug","message":"Rendering engine handlebars","meta":{"rootId":"4cw5x30p7iha157","id":"4cw5x30p7iha157"},"id":"w1lymn0rz0lf38w","previousOperationId":"ps8ensc2vffuy5x"}
{"type":"operationEnd","operationId":"ps8ensc2vffuy5x","timestamp":1706732130765,"id":"x6rdig1yve2ot1k","previousEventId":"uj8g9xa3lctfd5q","previousOperationId":"ps8ensc2vffuy5x"}
{"type":"operationStart","subtype":"recipe","name":"chrome-pdf","timestamp":1706732130765,"id":"sc3aacprfn2ozi1","previousEventId":"x6rdig1yve2ot1k","operationId":"0uj351rodyvn26s","previousOperationId":"ps8ensc2vffuy5x"}
{"type":"log","timestamp":1706732130765,"level":"debug","message":"Executing recipe chrome-pdf","meta":{"rootId":"4cw5x30p7iha157","id":"4cw5x30p7iha157"},"id":"f1ax8bp69849az5","previousOperationId":"0uj351rodyvn26s"}
{"type":"log","timestamp":1706732130767,"level":"debug","message":"Converting with chrome HeadlessChrome/117.0.5938.149 using chrome-pool strategy","meta":{"rootId":"4cw5x30p7iha157","id":"4cw5x30p7iha157"},"id":"te6ar6it7uw7ijp","previousOperationId":"0uj351rodyvn26s"}
{"type":"log","timestamp":1706732130799,"level":"debug","message":"Page request: GET (document) file:///tmp/jsreport/autocleanup/b26be7b3-b1cc-4fb0-a1a0-567c8cf4d3a7-chrome-pdf.html","meta":{"rootId":"4cw5x30p7iha157","id":"4cw5x30p7iha157"},"id":"wyk6r045k1vvqmf","previousOperationId":"0uj351rodyvn26s"}
{"type":"log","timestamp":1706732130807,"level":"debug","message":"Page request: GET (script) https://cdn.jsdelivr.net/npm/chart.js","meta":{"rootId":"4cw5x30p7iha157","id":"4cw5x30p7iha157"},"id":"ludztrv5b7mz3y7","previousOperationId":"0uj351rodyvn26s"}
{"type":"log","timestamp":1706732130807,"level":"debug","message":"Page request finished: GET (document) 200 file:///tmp/jsreport/autocleanup/b26be7b3-b1cc-4fb0-a1a0-567c8cf4d3a7-chrome-pdf.html","meta":{"rootId":"4cw5x30p7iha157","id":"4cw5x30p7iha157"},"id":"p1kank11hzg52ux","previousOperationId":"0uj351rodyvn26s"}
{"type":"log","timestamp":1706732130816,"level":"debug","message":"Page request finished: GET (script) 200 https://cdn.jsdelivr.net/npm/chart.js","meta":{"rootId":"4cw5x30p7iha157","id":"4cw5x30p7iha157"},"id":"rqxrq53p2p66qdp","previousOperationId":"0uj351rodyvn26s"}
{"type":"log","timestamp":1706732130856,"level":"debug","message":"Running chrome with params {\"printBackground\":true,\"timeout\":58572,\"margin\":{}}","meta":{"rootId":"4cw5x30p7iha157","id":"4cw5x30p7iha157"},"id":"8bm4gtz1l6559fr","previousOperationId":"0uj351rodyvn26s"}
{"type":"operationEnd","operationId":"0uj351rodyvn26s","timestamp":1706732130907,"id":"sv8r5u0zhsr4i5b","previousEventId":"sc3aacprfn2ozi1","previousOperationId":"0uj351rodyvn26s"}
{"type":"log","timestamp":1706732130907,"level":"debug","message":"Skipping storing report.","meta":{"rootId":"4cw5x30p7iha157","id":"4cw5x30p7iha157"},"id":"epmjbedrmufzy1d","previousOperationId":"0uj351rodyvn26s"}
{"type":"log","timestamp":1706732130907,"level":"info","message":"Rendering request 3 finished in 1569 ms","meta":{"rootId":"4cw5x30p7iha157","id":"4cw5x30p7iha157"},"id":"a81fhkfa0m3q7x9","previousOperationId":"0uj351rodyvn26s"}
{"type":"operationEnd","subtype":"render","operationId":"100bkj6ydn5fbvq","timestamp":1706732130907,"id":"dby5bakqaki5738","previousEventId":"sv8r5u0zhsr4i5b","previousOperationId":"0uj351rodyvn26s"}
{"type":"operationEnd","doDiffs":false,"previousEventId":"wggviuivd0d6r3d","previousOperationId":"2kmw47z5xilk7gp","operationId":"2kmw47z5xilk7gp","timestamp":1706732130909,"id":"2yrjw1l4aeuhrkb"}
