{"type":"operationStart","subtype":"profile","data":{"_id":"6RdXdPBVsJI7hfeI","timestamp":"2024-01-11T18:10:31.649Z","state":"queued","mode":"standard","creationDate":"2024-01-11T18:10:31.649Z","modificationDate":"2024-01-11T18:10:31.649Z","shortid":"6k_JcYG","$entitySet":"profiles"},"doDiffs":false,"timestamp":1704996631649,"id":"vmlounzfggcg0y0","previousOperationId":null,"operationId":"2mhx8a7rjbeklap"}
{"type":"log","level":"info","message":"Render request 50 queued for execution and waiting for available worker","previousOperationId":"2mhx8a7rjbeklap","timestamp":1704996631649,"id":"7gvrl9fq6wdgk6m"}
{"type":"operationStart","subtype":"render","name":"User_project","previousOperationId":"2mhx8a7rjbeklap","timestamp":1704996631654,"id":"k6bvoz7or7l2gqf","previousEventId":"vmlounzfggcg0y0","operationId":"w0mh0hx8pg8o4k9"}
{"type":"log","timestamp":1704996631654,"level":"info","message":"Starting rendering request 50","meta":{"rootId":"4hjgxxggpnul2j4","id":"4hjgxxggpnul2j4"},"id":"uo786wpf2fspzml","previousOperationId":"w0mh0hx8pg8o4k9"}
{"type":"log","timestamp":1704996631654,"level":"info","message":"Rendering template { name: User_project, recipe: chrome-pdf, engine: handlebars, preview: true }","meta":{"rootId":"4hjgxxggpnul2j4","id":"4hjgxxggpnul2j4"},"id":"9xfddfjugoryptt","previousOperationId":"w0mh0hx8pg8o4k9"}
{"type":"log","timestamp":1704996631655,"level":"debug","message":"Data item not defined for this template.","meta":{"rootId":"4hjgxxggpnul2j4","id":"4hjgxxggpnul2j4"},"id":"66pufaghgpcyhfq","previousOperationId":"w0mh0hx8pg8o4k9"}
{"type":"log","timestamp":1704996631657,"level":"debug","message":"Executing script usabi-data (beforeRender)","meta":{"rootId":"4hjgxxggpnul2j4","id":"4hjgxxggpnul2j4"},"id":"npdjt1rs2dadcul","previousOperationId":"w0mh0hx8pg8o4k9"}
{"type":"operationStart","subtype":"scriptsBeforeRender","name":"scripts beforeRender","timestamp":1704996631660,"id":"ag0g7pmftxcerj0","previousEventId":"k6bvoz7or7l2gqf","operationId":"o7a4x3679m27lf1","previousOperationId":"w0mh0hx8pg8o4k9"}
{"type":"operationStart","subtype":"script","name":"scripts usabi-data","previousOperationId":"o7a4x3679m27lf1","timestamp":1704996631660,"id":"ixtydkuttgwlyx3","previousEventId":"ag0g7pmftxcerj0","operationId":"hlqhcy4f2t39dkb"}
{"type":"operationEnd","operationId":"hlqhcy4f2t39dkb","timestamp":1704996631675,"id":"63l5o1rlqkwhp3t","previousEventId":"k6bvoz7or7l2gqf","previousOperationId":"w0mh0hx8pg8o4k9"}
{"type":"log","timestamp":1704996631675,"level":"debug","message":"Executing script orders-script (beforeRender)","meta":{"rootId":"4hjgxxggpnul2j4","id":"4hjgxxggpnul2j4"},"id":"s7aord7t10acfuq","previousOperationId":"w0mh0hx8pg8o4k9"}
{"type":"operationStart","subtype":"script","name":"scripts orders-script","previousOperationId":"o7a4x3679m27lf1","timestamp":1704996631679,"id":"m4t6ujnmwh1735u","previousEventId":"63l5o1rlqkwhp3t","operationId":"mr5aidsg8oxzedm"}
{"type":"operationEnd","operationId":"mr5aidsg8oxzedm","timestamp":1704996633041,"id":"hzaage5wfbqyztg","previousEventId":"63l5o1rlqkwhp3t","previousOperationId":"w0mh0hx8pg8o4k9"}
{"type":"operationEnd","operationId":"o7a4x3679m27lf1","timestamp":1704996633041,"id":"g121365auogsihl","previousEventId":"hzaage5wfbqyztg","previousOperationId":"w0mh0hx8pg8o4k9"}
{"type":"log","timestamp":1704996633041,"level":"debug","message":"Base url not specified, skipping its injection.","meta":{"rootId":"4hjgxxggpnul2j4","id":"4hjgxxggpnul2j4"},"id":"qoaioju89ca3yku","previousOperationId":"o7a4x3679m27lf1"}
{"type":"operationStart","subtype":"engine","name":"handlebars","timestamp":1704996633041,"id":"53itq6ambwmqy3p","previousEventId":"g121365auogsihl","operationId":"c3tvu92sj5qtvnx","previousOperationId":"o7a4x3679m27lf1"}
{"type":"log","timestamp":1704996633041,"level":"debug","message":"Rendering engine handlebars","meta":{"rootId":"4hjgxxggpnul2j4","id":"4hjgxxggpnul2j4"},"id":"s124iy3oz208jk1","previousOperationId":"c3tvu92sj5qtvnx"}
{"type":"operationEnd","operationId":"c3tvu92sj5qtvnx","timestamp":1704996633046,"id":"8d8nubkj5dovx7f","previousEventId":"53itq6ambwmqy3p","previousOperationId":"c3tvu92sj5qtvnx"}
{"type":"operationStart","subtype":"recipe","name":"chrome-pdf","timestamp":1704996633046,"id":"h6cnhq0zkd3sl8k","previousEventId":"8d8nubkj5dovx7f","operationId":"gyuma9bve4wjdob","previousOperationId":"c3tvu92sj5qtvnx"}
{"type":"log","timestamp":1704996633046,"level":"debug","message":"Executing recipe chrome-pdf","meta":{"rootId":"4hjgxxggpnul2j4","id":"4hjgxxggpnul2j4"},"id":"o322zxpsnksj3oc","previousOperationId":"gyuma9bve4wjdob"}
{"type":"log","timestamp":1704996633048,"level":"debug","message":"Converting with chrome HeadlessChrome/117.0.5938.149 using chrome-pool strategy","meta":{"rootId":"4hjgxxggpnul2j4","id":"4hjgxxggpnul2j4"},"id":"mo0nm2xzgvty195","previousOperationId":"gyuma9bve4wjdob"}
{"type":"log","timestamp":1704996633092,"level":"debug","message":"Page request: GET (document) file:///tmp/jsreport/autocleanup/121a303b-582a-4ce9-a6f6-c3cac43d7f2a-chrome-pdf.html","meta":{"rootId":"4hjgxxggpnul2j4","id":"4hjgxxggpnul2j4"},"id":"166zrfuwu31ovy5","previousOperationId":"gyuma9bve4wjdob"}
{"type":"log","timestamp":1704996633099,"level":"debug","message":"Page request: GET (script) https://cdn.jsdelivr.net/npm/chart.js","meta":{"rootId":"4hjgxxggpnul2j4","id":"4hjgxxggpnul2j4"},"id":"jhch7476rdrkstj","previousOperationId":"gyuma9bve4wjdob"}
{"type":"log","timestamp":1704996633099,"level":"debug","message":"Page request finished: GET (document) 200 file:///tmp/jsreport/autocleanup/121a303b-582a-4ce9-a6f6-c3cac43d7f2a-chrome-pdf.html","meta":{"rootId":"4hjgxxggpnul2j4","id":"4hjgxxggpnul2j4"},"id":"90y4dy3kapbob9n","previousOperationId":"gyuma9bve4wjdob"}
{"type":"log","timestamp":1704996633103,"level":"debug","message":"Page request finished: GET (script) 200 https://cdn.jsdelivr.net/npm/chart.js","meta":{"rootId":"4hjgxxggpnul2j4","id":"4hjgxxggpnul2j4"},"id":"0tic90tysin3ljr","previousOperationId":"gyuma9bve4wjdob"}
{"type":"log","timestamp":1704996633105,"level":"warn","message":"Page error: Unexpected identifier 'Object' , stack: SyntaxError: Unexpected identifier 'Object'","meta":{"rootId":"4hjgxxggpnul2j4","id":"4hjgxxggpnul2j4"},"id":"19wsm4m6o52cdex","previousOperationId":"gyuma9bve4wjdob"}
{"type":"log","timestamp":1704996633110,"level":"debug","message":"Running chrome with params {\"printBackground\":true,\"timeout\":58602,\"margin\":{}}","meta":{"rootId":"4hjgxxggpnul2j4","id":"4hjgxxggpnul2j4"},"id":"88lffame059l499","previousOperationId":"gyuma9bve4wjdob"}
{"type":"operationEnd","operationId":"gyuma9bve4wjdob","timestamp":1704996633120,"id":"aunpe16w2sj0e2t","previousEventId":"h6cnhq0zkd3sl8k","previousOperationId":"gyuma9bve4wjdob"}
{"type":"log","timestamp":1704996633120,"level":"debug","message":"Skipping storing report.","meta":{"rootId":"4hjgxxggpnul2j4","id":"4hjgxxggpnul2j4"},"id":"ebmwwbzlsnin7fk","previousOperationId":"gyuma9bve4wjdob"}
{"type":"log","timestamp":1704996633120,"level":"info","message":"Rendering request 50 finished in 1471 ms","meta":{"rootId":"4hjgxxggpnul2j4","id":"4hjgxxggpnul2j4"},"id":"u5ybaa9jq61p2hp","previousOperationId":"gyuma9bve4wjdob"}
{"type":"operationEnd","subtype":"render","operationId":"w0mh0hx8pg8o4k9","timestamp":1704996633120,"id":"pnzt8sm281iiei7","previousEventId":"aunpe16w2sj0e2t","previousOperationId":"gyuma9bve4wjdob"}
{"type":"operationEnd","doDiffs":false,"previousEventId":"vmlounzfggcg0y0","previousOperationId":"2mhx8a7rjbeklap","operationId":"2mhx8a7rjbeklap","timestamp":1704996633125,"id":"cxc1mm7v6wdr7x0"}
