{"type":"operationStart","subtype":"profile","data":{"_id":"KU1hWX9i3D6RJ9Fq","timestamp":"2024-01-11T17:09:18.396Z","state":"queued","mode":"standard","creationDate":"2024-01-11T17:09:18.397Z","modificationDate":"2024-01-11T17:09:18.397Z","shortid":"pQ2glDO","$entitySet":"profiles"},"doDiffs":false,"timestamp":1704992958397,"id":"odyh7e4brq1j9yh","previousOperationId":null,"operationId":"dd3jpxcrokfyg7s"}
{"type":"log","level":"info","message":"Render request 113 queued for execution and waiting for available worker","previousOperationId":"dd3jpxcrokfyg7s","timestamp":1704992958397,"id":"s3x7ygeh9bw8iya"}
{"type":"operationStart","subtype":"render","name":"User_project","previousOperationId":"dd3jpxcrokfyg7s","timestamp":1704992958400,"id":"kh7o7cuam2d89xp","previousEventId":"odyh7e4brq1j9yh","operationId":"3cv6e4zh1j04sl9"}
{"type":"log","timestamp":1704992958400,"level":"info","message":"Starting rendering request 113","meta":{"rootId":"4j0mtg0e28i71ra","id":"4j0mtg0e28i71ra"},"id":"ijgp1rnyaxtw54k","previousOperationId":"3cv6e4zh1j04sl9"}
{"type":"log","timestamp":1704992958400,"level":"info","message":"Rendering template { name: User_project, recipe: chrome-pdf, engine: handlebars, preview: true }","meta":{"rootId":"4j0mtg0e28i71ra","id":"4j0mtg0e28i71ra"},"id":"2wga0jqioumcnd8","previousOperationId":"3cv6e4zh1j04sl9"}
{"type":"log","timestamp":1704992958401,"level":"debug","message":"Data item not defined for this template.","meta":{"rootId":"4j0mtg0e28i71ra","id":"4j0mtg0e28i71ra"},"id":"mqs6kb4tgffeky1","previousOperationId":"3cv6e4zh1j04sl9"}
{"type":"log","timestamp":1704992958402,"level":"debug","message":"Executing script usabi-data (beforeRender)","meta":{"rootId":"4j0mtg0e28i71ra","id":"4j0mtg0e28i71ra"},"id":"qch3n3mvbyavr4w","previousOperationId":"3cv6e4zh1j04sl9"}
{"type":"operationStart","subtype":"scriptsBeforeRender","name":"scripts beforeRender","timestamp":1704992958405,"id":"ric1w6j6h4ihmno","previousEventId":"kh7o7cuam2d89xp","operationId":"c1i0ib9ac5qkz86","previousOperationId":"3cv6e4zh1j04sl9"}
{"type":"operationStart","subtype":"script","name":"scripts usabi-data","previousOperationId":"c1i0ib9ac5qkz86","timestamp":1704992958405,"id":"oxnvmooo1oulalb","previousEventId":"ric1w6j6h4ihmno","operationId":"0fa5oswuwvpasbn"}
{"type":"operationEnd","operationId":"0fa5oswuwvpasbn","timestamp":1704992958416,"id":"n49t6gqm9d3hhvu","previousEventId":"kh7o7cuam2d89xp","previousOperationId":"3cv6e4zh1j04sl9"}
{"type":"log","timestamp":1704992958416,"level":"debug","message":"Executing script orders-script (beforeRender)","meta":{"rootId":"4j0mtg0e28i71ra","id":"4j0mtg0e28i71ra"},"id":"um8f0felbf8t3vk","previousOperationId":"3cv6e4zh1j04sl9"}
{"type":"operationStart","subtype":"script","name":"scripts orders-script","previousOperationId":"c1i0ib9ac5qkz86","timestamp":1704992958420,"id":"8ye63kbp1vg3yj8","previousEventId":"n49t6gqm9d3hhvu","operationId":"m9eh2kmxlw7ac2y"}
{"type":"operationEnd","operationId":"m9eh2kmxlw7ac2y","timestamp":1704992959715,"id":"e3hu90uq6k47s7x","previousEventId":"n49t6gqm9d3hhvu","previousOperationId":"3cv6e4zh1j04sl9"}
{"type":"operationEnd","operationId":"c1i0ib9ac5qkz86","timestamp":1704992959716,"id":"z34flg1kd9jjraj","previousEventId":"e3hu90uq6k47s7x","previousOperationId":"3cv6e4zh1j04sl9"}
{"type":"log","timestamp":1704992959716,"level":"debug","message":"Base url not specified, skipping its injection.","meta":{"rootId":"4j0mtg0e28i71ra","id":"4j0mtg0e28i71ra"},"id":"fnqw0jwey1js7v1","previousOperationId":"c1i0ib9ac5qkz86"}
{"type":"operationStart","subtype":"engine","name":"handlebars","timestamp":1704992959716,"id":"njrqtnkv057mv47","previousEventId":"z34flg1kd9jjraj","operationId":"7wtb7z5s9u0aj18","previousOperationId":"c1i0ib9ac5qkz86"}
{"type":"log","timestamp":1704992959716,"level":"debug","message":"Rendering engine handlebars","meta":{"rootId":"4j0mtg0e28i71ra","id":"4j0mtg0e28i71ra"},"id":"1uehgn4chbitwhz","previousOperationId":"7wtb7z5s9u0aj18"}
{"type":"operationEnd","operationId":"7wtb7z5s9u0aj18","timestamp":1704992959733,"id":"2zj2ol5fh3obtp2","previousEventId":"njrqtnkv057mv47","previousOperationId":"7wtb7z5s9u0aj18"}
{"type":"operationStart","subtype":"recipe","name":"chrome-pdf","timestamp":1704992959733,"id":"4q6m7n5bm1imh0f","previousEventId":"2zj2ol5fh3obtp2","operationId":"sgqaqe95ynlhrq1","previousOperationId":"7wtb7z5s9u0aj18"}
{"type":"log","timestamp":1704992959733,"level":"debug","message":"Executing recipe chrome-pdf","meta":{"rootId":"4j0mtg0e28i71ra","id":"4j0mtg0e28i71ra"},"id":"b8nbcjv0jf46oyc","previousOperationId":"sgqaqe95ynlhrq1"}
{"type":"log","timestamp":1704992959734,"level":"debug","message":"Converting with chrome HeadlessChrome/117.0.5938.149 using chrome-pool strategy","meta":{"rootId":"4j0mtg0e28i71ra","id":"4j0mtg0e28i71ra"},"id":"n8dq14l0tnggqad","previousOperationId":"sgqaqe95ynlhrq1"}
{"type":"log","timestamp":1704992959762,"level":"debug","message":"Page request: GET (document) file:///tmp/jsreport/autocleanup/e02f856c-50e0-4a71-96bf-38a811e61936-chrome-pdf.html","meta":{"rootId":"4j0mtg0e28i71ra","id":"4j0mtg0e28i71ra"},"id":"rkt7uzfu9ymniv2","previousOperationId":"sgqaqe95ynlhrq1"}
{"type":"log","timestamp":1704992959769,"level":"debug","message":"Page request: GET (script) https://cdn.jsdelivr.net/npm/chart.js","meta":{"rootId":"4j0mtg0e28i71ra","id":"4j0mtg0e28i71ra"},"id":"p71cf1i8bkvnyry","previousOperationId":"sgqaqe95ynlhrq1"}
{"type":"log","timestamp":1704992959769,"level":"debug","message":"Page request finished: GET (document) 200 file:///tmp/jsreport/autocleanup/e02f856c-50e0-4a71-96bf-38a811e61936-chrome-pdf.html","meta":{"rootId":"4j0mtg0e28i71ra","id":"4j0mtg0e28i71ra"},"id":"iztasq201vkk98s","previousOperationId":"sgqaqe95ynlhrq1"}
{"type":"log","timestamp":1704992959776,"level":"debug","message":"Page request finished: GET (script) 200 https://cdn.jsdelivr.net/npm/chart.js","meta":{"rootId":"4j0mtg0e28i71ra","id":"4j0mtg0e28i71ra"},"id":"cuo88c82wtafv5z","previousOperationId":"sgqaqe95ynlhrq1"}
{"type":"log","timestamp":1704992959779,"level":"warn","message":"Page error: Unexpected identifier 'Object' , stack: SyntaxError: Unexpected identifier 'Object'","meta":{"rootId":"4j0mtg0e28i71ra","id":"4j0mtg0e28i71ra"},"id":"gwdseq3q39nbz5w","previousOperationId":"sgqaqe95ynlhrq1"}
{"type":"log","timestamp":1704992959780,"level":"debug","message":"Running chrome with params {\"printBackground\":true,\"timeout\":58662,\"margin\":{}}","meta":{"rootId":"4j0mtg0e28i71ra","id":"4j0mtg0e28i71ra"},"id":"vtqy6tnm15s10u8","previousOperationId":"sgqaqe95ynlhrq1"}
{"type":"operationEnd","operationId":"sgqaqe95ynlhrq1","timestamp":1704992959789,"id":"jw890hssy9uzqbb","previousEventId":"4q6m7n5bm1imh0f","previousOperationId":"sgqaqe95ynlhrq1"}
{"type":"log","timestamp":1704992959789,"level":"debug","message":"Skipping storing report.","meta":{"rootId":"4j0mtg0e28i71ra","id":"4j0mtg0e28i71ra"},"id":"if2absksezbyal9","previousOperationId":"sgqaqe95ynlhrq1"}
{"type":"log","timestamp":1704992959789,"level":"info","message":"Rendering request 113 finished in 1393 ms","meta":{"rootId":"4j0mtg0e28i71ra","id":"4j0mtg0e28i71ra"},"id":"uz3yugjq1fuyl4p","previousOperationId":"sgqaqe95ynlhrq1"}
{"type":"operationEnd","subtype":"render","operationId":"3cv6e4zh1j04sl9","timestamp":1704992959789,"id":"evkp0xd5g5pcpki","previousEventId":"jw890hssy9uzqbb","previousOperationId":"sgqaqe95ynlhrq1"}
{"type":"operationEnd","doDiffs":false,"previousEventId":"odyh7e4brq1j9yh","previousOperationId":"dd3jpxcrokfyg7s","operationId":"dd3jpxcrokfyg7s","timestamp":1704992959793,"id":"v1ihike6ogb3i52"}
