{"type":"operationStart","subtype":"profile","data":{"_id":"cnetnBL6OSKR9qJ1","timestamp":"2024-01-11T16:16:14.297Z","state":"queued","mode":"standard","creationDate":"2024-01-11T16:16:14.298Z","modificationDate":"2024-01-11T16:16:14.298Z","shortid":"H2PMeTp","$entitySet":"profiles"},"doDiffs":false,"timestamp":1704989774298,"id":"j9ww76sjc07qbtt","previousOperationId":null,"operationId":"02boyhconw6rglu"}
{"type":"log","level":"info","message":"Render request 18 queued for execution and waiting for available worker","previousOperationId":"02boyhconw6rglu","timestamp":1704989774298,"id":"o8pf12k2mv9g265"}
{"type":"operationStart","subtype":"render","name":"User_project","previousOperationId":"02boyhconw6rglu","timestamp":1704989774302,"id":"ywlwc8w6bjnesrt","previousEventId":"j9ww76sjc07qbtt","operationId":"76ayuem65geg3iz"}
{"type":"log","timestamp":1704989774302,"level":"info","message":"Starting rendering request 18","meta":{"rootId":"4wgu0wutvcjfthw","id":"4wgu0wutvcjfthw"},"id":"f8991mgn9jps7ej","previousOperationId":"76ayuem65geg3iz"}
{"type":"log","timestamp":1704989774302,"level":"info","message":"Rendering template { name: User_project, recipe: chrome-pdf, engine: handlebars, preview: true }","meta":{"rootId":"4wgu0wutvcjfthw","id":"4wgu0wutvcjfthw"},"id":"bluozqpdcjfq74x","previousOperationId":"76ayuem65geg3iz"}
{"type":"log","timestamp":1704989774303,"level":"debug","message":"Data item not defined for this template.","meta":{"rootId":"4wgu0wutvcjfthw","id":"4wgu0wutvcjfthw"},"id":"y6zcup2gvejbman","previousOperationId":"76ayuem65geg3iz"}
{"type":"log","timestamp":1704989774304,"level":"debug","message":"Executing script usabi-data (beforeRender)","meta":{"rootId":"4wgu0wutvcjfthw","id":"4wgu0wutvcjfthw"},"id":"wlwtt2ilzamx7vo","previousOperationId":"76ayuem65geg3iz"}
{"type":"operationStart","subtype":"scriptsBeforeRender","name":"scripts beforeRender","timestamp":1704989774307,"id":"u0f4zs076q0o5n8","previousEventId":"ywlwc8w6bjnesrt","operationId":"jiuf566mw50l24c","previousOperationId":"76ayuem65geg3iz"}
{"type":"operationStart","subtype":"script","name":"scripts usabi-data","previousOperationId":"jiuf566mw50l24c","timestamp":1704989774307,"id":"y6ordzv3llacgdv","previousEventId":"u0f4zs076q0o5n8","operationId":"e1iq0x57tgztdtf"}
{"type":"operationEnd","operationId":"e1iq0x57tgztdtf","timestamp":1704989774318,"id":"p9l2v6xhl4ak7x6","previousEventId":"ywlwc8w6bjnesrt","previousOperationId":"76ayuem65geg3iz"}
{"type":"operationEnd","operationId":"jiuf566mw50l24c","timestamp":1704989774318,"id":"z2vt8bjn302ss2x","previousEventId":"p9l2v6xhl4ak7x6","previousOperationId":"76ayuem65geg3iz"}
{"type":"log","timestamp":1704989774318,"level":"debug","message":"Base url not specified, skipping its injection.","meta":{"rootId":"4wgu0wutvcjfthw","id":"4wgu0wutvcjfthw"},"id":"fqglcidy2oyaxtt","previousOperationId":"jiuf566mw50l24c"}
{"type":"operationStart","subtype":"engine","name":"handlebars","timestamp":1704989774318,"id":"yb7ms7iwdyx9tk3","previousEventId":"z2vt8bjn302ss2x","operationId":"auvfq7sc9nb1bnc","previousOperationId":"jiuf566mw50l24c"}
{"type":"log","timestamp":1704989774318,"level":"debug","message":"Rendering engine handlebars","meta":{"rootId":"4wgu0wutvcjfthw","id":"4wgu0wutvcjfthw"},"id":"nd3lshwu8dxdcb8","previousOperationId":"auvfq7sc9nb1bnc"}
{"type":"operationEnd","operationId":"auvfq7sc9nb1bnc","timestamp":1704989774329,"id":"622vxo7w2e3760z","previousEventId":"yb7ms7iwdyx9tk3","previousOperationId":"auvfq7sc9nb1bnc"}
{"type":"operationStart","subtype":"recipe","name":"chrome-pdf","timestamp":1704989774329,"id":"70cckwez9kmivgx","previousEventId":"622vxo7w2e3760z","operationId":"fayf2q7u5d8saso","previousOperationId":"auvfq7sc9nb1bnc"}
{"type":"log","timestamp":1704989774329,"level":"debug","message":"Executing recipe chrome-pdf","meta":{"rootId":"4wgu0wutvcjfthw","id":"4wgu0wutvcjfthw"},"id":"6ep57yssbiyly0r","previousOperationId":"fayf2q7u5d8saso"}
{"type":"log","timestamp":1704989774333,"level":"debug","message":"Converting with chrome HeadlessChrome/117.0.5938.149 using chrome-pool strategy","meta":{"rootId":"4wgu0wutvcjfthw","id":"4wgu0wutvcjfthw"},"id":"i8w21vwmxamy6n6","previousOperationId":"fayf2q7u5d8saso"}
{"type":"log","timestamp":1704989774367,"level":"debug","message":"Page request: GET (document) file:///tmp/jsreport/autocleanup/6bc391b2-483b-464e-b130-018c12f5755d-chrome-pdf.html","meta":{"rootId":"4wgu0wutvcjfthw","id":"4wgu0wutvcjfthw"},"id":"5olel1mypc7bxsc","previousOperationId":"fayf2q7u5d8saso"}
{"type":"log","timestamp":1704989774375,"level":"debug","message":"Page request: GET (script) https://cdn.jsdelivr.net/npm/chart.js","meta":{"rootId":"4wgu0wutvcjfthw","id":"4wgu0wutvcjfthw"},"id":"4ray6gd1neq7t8p","previousOperationId":"fayf2q7u5d8saso"}
{"type":"log","timestamp":1704989774375,"level":"debug","message":"Page request finished: GET (document) 200 file:///tmp/jsreport/autocleanup/6bc391b2-483b-464e-b130-018c12f5755d-chrome-pdf.html","meta":{"rootId":"4wgu0wutvcjfthw","id":"4wgu0wutvcjfthw"},"id":"ddtd19i8jtq79n4","previousOperationId":"fayf2q7u5d8saso"}
{"type":"log","timestamp":1704989774379,"level":"debug","message":"Page request finished: GET (script) 200 https://cdn.jsdelivr.net/npm/chart.js","meta":{"rootId":"4wgu0wutvcjfthw","id":"4wgu0wutvcjfthw"},"id":"mv1905gls1zs232","previousOperationId":"fayf2q7u5d8saso"}
{"type":"log","timestamp":1704989774425,"level":"debug","message":"Running chrome with params {\"printBackground\":true,\"timeout\":59967,\"margin\":{}}","meta":{"rootId":"4wgu0wutvcjfthw","id":"4wgu0wutvcjfthw"},"id":"gpvp12zcj5znasd","previousOperationId":"fayf2q7u5d8saso"}
{"type":"operationEnd","operationId":"fayf2q7u5d8saso","timestamp":1704989774444,"id":"bocs8ux2jkwwdlh","previousEventId":"70cckwez9kmivgx","previousOperationId":"fayf2q7u5d8saso"}
{"type":"log","timestamp":1704989774444,"level":"debug","message":"Skipping storing report.","meta":{"rootId":"4wgu0wutvcjfthw","id":"4wgu0wutvcjfthw"},"id":"9iew63bvtxsfjuk","previousOperationId":"fayf2q7u5d8saso"}
{"type":"log","timestamp":1704989774444,"level":"info","message":"Rendering request 18 finished in 147 ms","meta":{"rootId":"4wgu0wutvcjfthw","id":"4wgu0wutvcjfthw"},"id":"2ifu6vr21d6cg7n","previousOperationId":"fayf2q7u5d8saso"}
{"type":"operationEnd","subtype":"render","operationId":"76ayuem65geg3iz","timestamp":1704989774444,"id":"ss08rawc1bi4d2h","previousEventId":"bocs8ux2jkwwdlh","previousOperationId":"fayf2q7u5d8saso"}
{"type":"operationEnd","doDiffs":false,"previousEventId":"j9ww76sjc07qbtt","previousOperationId":"02boyhconw6rglu","operationId":"02boyhconw6rglu","timestamp":1704989774447,"id":"u66hdbruf938u6x"}
