{"type":"operationStart","subtype":"profile","data":{"_id":"jrZkptGAEmeZhQUr","timestamp":"2024-01-11T18:03:16.447Z","state":"queued","mode":"standard","creationDate":"2024-01-11T18:03:16.448Z","modificationDate":"2024-01-11T18:03:16.448Z","shortid":"nyAisBd","$entitySet":"profiles"},"doDiffs":false,"timestamp":1704996196448,"id":"4cub0151oq4lgzw","previousOperationId":null,"operationId":"qmvjxujmj2alqdu"}
{"type":"log","level":"info","message":"Render request 36 queued for execution and waiting for available worker","previousOperationId":"qmvjxujmj2alqdu","timestamp":1704996196448,"id":"pw71fctw6o9dil1"}
{"type":"operationStart","subtype":"render","name":"User_project","previousOperationId":"qmvjxujmj2alqdu","timestamp":1704996196453,"id":"lspfp2nh6yw4nyg","previousEventId":"4cub0151oq4lgzw","operationId":"35p38tkavs72gyd"}
{"type":"log","timestamp":1704996196453,"level":"info","message":"Starting rendering request 36","meta":{"rootId":"4x7a89ijk6tksct","id":"4x7a89ijk6tksct"},"id":"o81kpgd5jw81ret","previousOperationId":"35p38tkavs72gyd"}
{"type":"log","timestamp":1704996196453,"level":"info","message":"Rendering template { name: User_project, recipe: chrome-pdf, engine: handlebars, preview: true }","meta":{"rootId":"4x7a89ijk6tksct","id":"4x7a89ijk6tksct"},"id":"a99gx17x0g8u09k","previousOperationId":"35p38tkavs72gyd"}
{"type":"log","timestamp":1704996196453,"level":"debug","message":"Data item not defined for this template.","meta":{"rootId":"4x7a89ijk6tksct","id":"4x7a89ijk6tksct"},"id":"wjsoh22mkdydcj5","previousOperationId":"35p38tkavs72gyd"}
{"type":"log","timestamp":1704996196456,"level":"debug","message":"Executing script usabi-data (beforeRender)","meta":{"rootId":"4x7a89ijk6tksct","id":"4x7a89ijk6tksct"},"id":"leqbkcgj3tvxiw7","previousOperationId":"35p38tkavs72gyd"}
{"type":"operationStart","subtype":"scriptsBeforeRender","name":"scripts beforeRender","timestamp":1704996196459,"id":"40r0h38ktcbw95m","previousEventId":"lspfp2nh6yw4nyg","operationId":"5bwexehekf4umui","previousOperationId":"35p38tkavs72gyd"}
{"type":"operationStart","subtype":"script","name":"scripts usabi-data","previousOperationId":"5bwexehekf4umui","timestamp":1704996196459,"id":"scz5wmuv9mnl7x3","previousEventId":"40r0h38ktcbw95m","operationId":"o4khk9imyb8qtx7"}
{"type":"operationEnd","operationId":"o4khk9imyb8qtx7","timestamp":1704996196477,"id":"uop8m29fa8bpb8t","previousEventId":"lspfp2nh6yw4nyg","previousOperationId":"35p38tkavs72gyd"}
{"type":"log","timestamp":1704996196477,"level":"debug","message":"Executing script orders-script (beforeRender)","meta":{"rootId":"4x7a89ijk6tksct","id":"4x7a89ijk6tksct"},"id":"s8voqev6zifl784","previousOperationId":"35p38tkavs72gyd"}
{"type":"operationStart","subtype":"script","name":"scripts orders-script","previousOperationId":"5bwexehekf4umui","timestamp":1704996196480,"id":"1tchpny1vii186n","previousEventId":"uop8m29fa8bpb8t","operationId":"bsichul142mka6w"}
{"type":"operationEnd","operationId":"bsichul142mka6w","timestamp":1704996198779,"id":"hqc6hyhdym725t6","previousEventId":"uop8m29fa8bpb8t","previousOperationId":"35p38tkavs72gyd"}
{"type":"operationEnd","operationId":"5bwexehekf4umui","timestamp":1704996198779,"id":"onah7ch07ndtyz1","previousEventId":"hqc6hyhdym725t6","previousOperationId":"35p38tkavs72gyd"}
{"type":"log","timestamp":1704996198780,"level":"debug","message":"Base url not specified, skipping its injection.","meta":{"rootId":"4x7a89ijk6tksct","id":"4x7a89ijk6tksct"},"id":"dtagexwjska276t","previousOperationId":"5bwexehekf4umui"}
{"type":"operationStart","subtype":"engine","name":"handlebars","timestamp":1704996198780,"id":"oin5ouea1itdxp0","previousEventId":"onah7ch07ndtyz1","operationId":"codnbdljlstc5se","previousOperationId":"5bwexehekf4umui"}
{"type":"log","timestamp":1704996198780,"level":"debug","message":"Rendering engine handlebars","meta":{"rootId":"4x7a89ijk6tksct","id":"4x7a89ijk6tksct"},"id":"6sf6u2z53aleyty","previousOperationId":"codnbdljlstc5se"}
{"type":"operationEnd","operationId":"codnbdljlstc5se","timestamp":1704996198796,"id":"m1qfj4mcbaq6o6j","previousEventId":"oin5ouea1itdxp0","previousOperationId":"codnbdljlstc5se"}
{"type":"operationStart","subtype":"recipe","name":"chrome-pdf","timestamp":1704996198796,"id":"t7a371n3xppm6cz","previousEventId":"m1qfj4mcbaq6o6j","operationId":"5xh9y39rtp7lkqc","previousOperationId":"codnbdljlstc5se"}
{"type":"log","timestamp":1704996198796,"level":"debug","message":"Executing recipe chrome-pdf","meta":{"rootId":"4x7a89ijk6tksct","id":"4x7a89ijk6tksct"},"id":"fx6w9g57yqxziy4","previousOperationId":"5xh9y39rtp7lkqc"}
{"type":"log","timestamp":1704996198799,"level":"debug","message":"Converting with chrome HeadlessChrome/117.0.5938.149 using chrome-pool strategy","meta":{"rootId":"4x7a89ijk6tksct","id":"4x7a89ijk6tksct"},"id":"sy2genqebsrlkkr","previousOperationId":"5xh9y39rtp7lkqc"}
{"type":"log","timestamp":1704996198838,"level":"debug","message":"Page request: GET (document) file:///tmp/jsreport/autocleanup/f21cf717-1c90-4976-ace4-e0caa3afa5bf-chrome-pdf.html","meta":{"rootId":"4x7a89ijk6tksct","id":"4x7a89ijk6tksct"},"id":"i75e9juz4f58k6x","previousOperationId":"5xh9y39rtp7lkqc"}
{"type":"log","timestamp":1704996198845,"level":"debug","message":"Page request: GET (script) https://cdn.jsdelivr.net/npm/chart.js","meta":{"rootId":"4x7a89ijk6tksct","id":"4x7a89ijk6tksct"},"id":"rhpu10w69bgfxzy","previousOperationId":"5xh9y39rtp7lkqc"}
{"type":"log","timestamp":1704996198846,"level":"debug","message":"Page request finished: GET (document) 200 file:///tmp/jsreport/autocleanup/f21cf717-1c90-4976-ace4-e0caa3afa5bf-chrome-pdf.html","meta":{"rootId":"4x7a89ijk6tksct","id":"4x7a89ijk6tksct"},"id":"da5ug730osm6c0i","previousOperationId":"5xh9y39rtp7lkqc"}
{"type":"log","timestamp":1704996198849,"level":"debug","message":"Page request finished: GET (script) 200 https://cdn.jsdelivr.net/npm/chart.js","meta":{"rootId":"4x7a89ijk6tksct","id":"4x7a89ijk6tksct"},"id":"9xo7j0bzcxwsj3k","previousOperationId":"5xh9y39rtp7lkqc"}
{"type":"log","timestamp":1704996198853,"level":"warn","message":"Page error: Unexpected identifier 'Object' , stack: SyntaxError: Unexpected identifier 'Object'","meta":{"rootId":"4x7a89ijk6tksct","id":"4x7a89ijk6tksct"},"id":"z0a3zd8cdfqrcqh","previousOperationId":"5xh9y39rtp7lkqc"}
{"type":"log","timestamp":1704996198856,"level":"debug","message":"Running chrome with params {\"printBackground\":true,\"timeout\":57649,\"margin\":{}}","meta":{"rootId":"4x7a89ijk6tksct","id":"4x7a89ijk6tksct"},"id":"oz0j83yez1jzurd","previousOperationId":"5xh9y39rtp7lkqc"}
{"type":"operationEnd","operationId":"5xh9y39rtp7lkqc","timestamp":1704996198863,"id":"vvezsp4mdvgrnjc","previousEventId":"t7a371n3xppm6cz","previousOperationId":"5xh9y39rtp7lkqc"}
{"type":"log","timestamp":1704996198863,"level":"debug","message":"Skipping storing report.","meta":{"rootId":"4x7a89ijk6tksct","id":"4x7a89ijk6tksct"},"id":"7az56fp0jykhwse","previousOperationId":"5xh9y39rtp7lkqc"}
{"type":"log","timestamp":1704996198863,"level":"info","message":"Rendering request 36 finished in 2416 ms","meta":{"rootId":"4x7a89ijk6tksct","id":"4x7a89ijk6tksct"},"id":"gtwvcughe814k87","previousOperationId":"5xh9y39rtp7lkqc"}
{"type":"operationEnd","subtype":"render","operationId":"35p38tkavs72gyd","timestamp":1704996198863,"id":"qmrytrdykpskvt3","previousEventId":"vvezsp4mdvgrnjc","previousOperationId":"5xh9y39rtp7lkqc"}
{"type":"operationEnd","doDiffs":false,"previousEventId":"4cub0151oq4lgzw","previousOperationId":"qmvjxujmj2alqdu","operationId":"qmvjxujmj2alqdu","timestamp":1704996198867,"id":"r92vhxwm6f50j1y"}
