{"type":"operationStart","subtype":"profile","data":{"_id":"PPpZtc22z1e5d7Sz","timestamp":"2024-01-11T20:05:58.463Z","state":"queued","mode":"standard","creationDate":"2024-01-11T20:05:58.464Z","modificationDate":"2024-01-11T20:05:58.464Z","shortid":"MHTAww6","$entitySet":"profiles"},"doDiffs":false,"timestamp":1705003558464,"id":"5ntimq6qqocszk2","previousOperationId":null,"operationId":"kvddzp6ojhbh8vf"}
{"type":"log","level":"info","message":"Render request 2 queued for execution and waiting for available worker","previousOperationId":"kvddzp6ojhbh8vf","timestamp":1705003558464,"id":"mf6hl8p5vu7jm2c"}
{"type":"operationStart","subtype":"render","name":"User_project","previousOperationId":"kvddzp6ojhbh8vf","timestamp":1705003558468,"id":"x29ud809repmhiv","previousEventId":"5ntimq6qqocszk2","operationId":"1esnyiy4xut6lq5"}
{"type":"log","timestamp":1705003558469,"level":"info","message":"Starting rendering request 2","meta":{"rootId":"51vo4cakn35t6b9","id":"51vo4cakn35t6b9"},"id":"3841qgd3a5yzf99","previousOperationId":"1esnyiy4xut6lq5"}
{"type":"log","timestamp":1705003558470,"level":"info","message":"Rendering template { name: User_project, recipe: chrome-pdf, engine: handlebars, preview: false }","meta":{"rootId":"51vo4cakn35t6b9","id":"51vo4cakn35t6b9"},"id":"wrzvtvn9k47bo88","previousOperationId":"1esnyiy4xut6lq5"}
{"type":"log","timestamp":1705003558471,"level":"debug","message":"Data item not defined for this template.","meta":{"rootId":"51vo4cakn35t6b9","id":"51vo4cakn35t6b9"},"id":"71y3lokpaw2axaa","previousOperationId":"1esnyiy4xut6lq5"}
{"type":"log","timestamp":1705003558474,"level":"debug","message":"Executing script usabi-data (beforeRender)","meta":{"rootId":"51vo4cakn35t6b9","id":"51vo4cakn35t6b9"},"id":"1ydefkrknwmgqz2","previousOperationId":"1esnyiy4xut6lq5"}
{"type":"operationStart","subtype":"scriptsBeforeRender","name":"scripts beforeRender","timestamp":1705003558606,"id":"98jnuy43hseirhk","previousEventId":"x29ud809repmhiv","operationId":"8dcjrpf39rsjlhp","previousOperationId":"1esnyiy4xut6lq5"}
{"type":"operationStart","subtype":"script","name":"scripts usabi-data","previousOperationId":"8dcjrpf39rsjlhp","timestamp":1705003558606,"id":"b7n8iq9n9fj6ln7","previousEventId":"98jnuy43hseirhk","operationId":"mq4r54kzbj9zttr"}
{"type":"operationEnd","operationId":"mq4r54kzbj9zttr","timestamp":1705003558626,"id":"n2lo0972suzufwz","previousEventId":"x29ud809repmhiv","previousOperationId":"1esnyiy4xut6lq5"}
{"type":"log","timestamp":1705003558626,"level":"debug","message":"Executing script orders-script (beforeRender)","meta":{"rootId":"51vo4cakn35t6b9","id":"51vo4cakn35t6b9"},"id":"8xt71ucoiuq7v93","previousOperationId":"1esnyiy4xut6lq5"}
{"type":"operationStart","subtype":"script","name":"scripts orders-script","previousOperationId":"8dcjrpf39rsjlhp","timestamp":1705003558637,"id":"iknymb02ktdayvc","previousEventId":"n2lo0972suzufwz","operationId":"1qk3nguudp0d4bs"}
{"type":"operationEnd","operationId":"1qk3nguudp0d4bs","timestamp":1705003559992,"id":"49apav23gewhwkt","previousEventId":"n2lo0972suzufwz","previousOperationId":"1esnyiy4xut6lq5"}
{"type":"operationEnd","operationId":"8dcjrpf39rsjlhp","timestamp":1705003559992,"id":"q53nnrohvy0dhho","previousEventId":"49apav23gewhwkt","previousOperationId":"1esnyiy4xut6lq5"}
{"type":"log","timestamp":1705003559992,"level":"debug","message":"Base url not specified, skipping its injection.","meta":{"rootId":"51vo4cakn35t6b9","id":"51vo4cakn35t6b9"},"id":"4o8xm3tqhjzi5k0","previousOperationId":"8dcjrpf39rsjlhp"}
{"type":"operationStart","subtype":"engine","name":"handlebars","timestamp":1705003559995,"id":"6g8hvmi9g9d6czi","previousEventId":"q53nnrohvy0dhho","operationId":"cubxm1jph8k88ix","previousOperationId":"8dcjrpf39rsjlhp"}
{"type":"log","timestamp":1705003559995,"level":"debug","message":"Rendering engine handlebars","meta":{"rootId":"51vo4cakn35t6b9","id":"51vo4cakn35t6b9"},"id":"n2ahxnkce8m56yg","previousOperationId":"cubxm1jph8k88ix"}
{"type":"operationEnd","operationId":"cubxm1jph8k88ix","timestamp":1705003560182,"id":"smidd4g5vo9ed3y","previousEventId":"6g8hvmi9g9d6czi","previousOperationId":"cubxm1jph8k88ix"}
{"type":"operationStart","subtype":"recipe","name":"chrome-pdf","timestamp":1705003560183,"id":"70nfgxnob0pg2hl","previousEventId":"smidd4g5vo9ed3y","operationId":"mcr2llzmtwz4by1","previousOperationId":"cubxm1jph8k88ix"}
{"type":"log","timestamp":1705003560183,"level":"debug","message":"Executing recipe chrome-pdf","meta":{"rootId":"51vo4cakn35t6b9","id":"51vo4cakn35t6b9"},"id":"t9g8svfaanwp7vg","previousOperationId":"mcr2llzmtwz4by1"}
{"type":"log","timestamp":1705003560460,"level":"debug","message":"Converting with chrome HeadlessChrome/117.0.5938.149 using chrome-pool strategy","meta":{"rootId":"51vo4cakn35t6b9","id":"51vo4cakn35t6b9"},"id":"v0rj4ddnlq3fhmj","previousOperationId":"mcr2llzmtwz4by1"}
{"type":"log","timestamp":1705003560511,"level":"debug","message":"Page request: GET (document) file:///tmp/jsreport/autocleanup/ed161a7e-c318-4247-8b50-4f4ff3be8039-chrome-pdf.html","meta":{"rootId":"51vo4cakn35t6b9","id":"51vo4cakn35t6b9"},"id":"vz26w1vemqmyeml","previousOperationId":"mcr2llzmtwz4by1"}
{"type":"log","timestamp":1705003560518,"level":"debug","message":"Page request: GET (script) https://cdn.jsdelivr.net/npm/chart.js","meta":{"rootId":"51vo4cakn35t6b9","id":"51vo4cakn35t6b9"},"id":"f611k290yt5sfmy","previousOperationId":"mcr2llzmtwz4by1"}
{"type":"log","timestamp":1705003560518,"level":"debug","message":"Page request finished: GET (document) 200 file:///tmp/jsreport/autocleanup/ed161a7e-c318-4247-8b50-4f4ff3be8039-chrome-pdf.html","meta":{"rootId":"51vo4cakn35t6b9","id":"51vo4cakn35t6b9"},"id":"acuqbr1bbh99q1w","previousOperationId":"mcr2llzmtwz4by1"}
{"type":"log","timestamp":1705003560799,"level":"debug","message":"Page request finished: GET (script) 200 https://cdn.jsdelivr.net/npm/chart.js","meta":{"rootId":"51vo4cakn35t6b9","id":"51vo4cakn35t6b9"},"id":"5eofc6w4jejvtik","previousOperationId":"mcr2llzmtwz4by1"}
{"type":"log","timestamp":1705003560838,"level":"debug","message":"Running chrome with params {\"printBackground\":true,\"timeout\":58153,\"margin\":{}}","meta":{"rootId":"51vo4cakn35t6b9","id":"51vo4cakn35t6b9"},"id":"hjnr1kwol3sdxtl","previousOperationId":"mcr2llzmtwz4by1"}
{"type":"operationEnd","operationId":"mcr2llzmtwz4by1","timestamp":1705003560889,"id":"opwvdseytpibpjz","previousEventId":"70nfgxnob0pg2hl","previousOperationId":"mcr2llzmtwz4by1"}
{"type":"log","timestamp":1705003560889,"level":"debug","message":"Skipping storing report.","meta":{"rootId":"51vo4cakn35t6b9","id":"51vo4cakn35t6b9"},"id":"2ixx1kes2it165z","previousOperationId":"mcr2llzmtwz4by1"}
{"type":"log","timestamp":1705003560889,"level":"info","message":"Rendering request 2 finished in 2427 ms","meta":{"rootId":"51vo4cakn35t6b9","id":"51vo4cakn35t6b9"},"id":"tstaznbmkgqoicd","previousOperationId":"mcr2llzmtwz4by1"}
{"type":"operationEnd","subtype":"render","operationId":"1esnyiy4xut6lq5","timestamp":1705003560889,"id":"vhanub0deyqwu31","previousEventId":"opwvdseytpibpjz","previousOperationId":"mcr2llzmtwz4by1"}
{"type":"operationEnd","doDiffs":false,"previousEventId":"5ntimq6qqocszk2","previousOperationId":"kvddzp6ojhbh8vf","operationId":"kvddzp6ojhbh8vf","timestamp":1705003560891,"id":"pal1sgkyvsbz2wa"}
