{"type":"operationStart","subtype":"profile","data":{"_id":"q6dFuTPQUKRynfEc","timestamp":"2024-01-11T17:13:08.737Z","state":"queued","mode":"standard","creationDate":"2024-01-11T17:13:08.737Z","modificationDate":"2024-01-11T17:13:08.737Z","shortid":"x8I9CvZ","$entitySet":"profiles"},"doDiffs":false,"timestamp":1704993188737,"id":"9atjwciqhzpd3a1","previousOperationId":null,"operationId":"2kb3k09e55d19nm"}
{"type":"log","level":"info","message":"Render request 117 queued for execution and waiting for available worker","previousOperationId":"2kb3k09e55d19nm","timestamp":1704993188737,"id":"1ycr75osb6cp0sk"}
{"type":"operationStart","subtype":"render","name":"User_project","previousOperationId":"2kb3k09e55d19nm","timestamp":1704993188741,"id":"tvctkd1o7oxf1dt","previousEventId":"9atjwciqhzpd3a1","operationId":"u5hwf5h34fqcu9w"}
{"type":"log","timestamp":1704993188741,"level":"info","message":"Starting rendering request 117","meta":{"rootId":"54mrhn8252imbp3","id":"54mrhn8252imbp3"},"id":"50iuh5sg60z3aws","previousOperationId":"u5hwf5h34fqcu9w"}
{"type":"log","timestamp":1704993188741,"level":"info","message":"Rendering template { name: User_project, recipe: chrome-pdf, engine: handlebars, preview: true }","meta":{"rootId":"54mrhn8252imbp3","id":"54mrhn8252imbp3"},"id":"vrtuv5o583qzkh1","previousOperationId":"u5hwf5h34fqcu9w"}
{"type":"log","timestamp":1704993188741,"level":"debug","message":"Data item not defined for this template.","meta":{"rootId":"54mrhn8252imbp3","id":"54mrhn8252imbp3"},"id":"6jklarm5wv993hk","previousOperationId":"u5hwf5h34fqcu9w"}
{"type":"log","timestamp":1704993188742,"level":"debug","message":"Executing script usabi-data (beforeRender)","meta":{"rootId":"54mrhn8252imbp3","id":"54mrhn8252imbp3"},"id":"an79tina6sdy4sd","previousOperationId":"u5hwf5h34fqcu9w"}
{"type":"operationStart","subtype":"scriptsBeforeRender","name":"scripts beforeRender","timestamp":1704993188746,"id":"cgw6cdo6t8guw19","previousEventId":"tvctkd1o7oxf1dt","operationId":"mn713aul0z5c08j","previousOperationId":"u5hwf5h34fqcu9w"}
{"type":"operationStart","subtype":"script","name":"scripts usabi-data","previousOperationId":"mn713aul0z5c08j","timestamp":1704993188746,"id":"rmssxyodqy5c3gw","previousEventId":"cgw6cdo6t8guw19","operationId":"82yrjnsz5ez4002"}
{"type":"operationEnd","operationId":"82yrjnsz5ez4002","timestamp":1704993188757,"id":"iscu2jd5o5h2blj","previousEventId":"tvctkd1o7oxf1dt","previousOperationId":"u5hwf5h34fqcu9w"}
{"type":"log","timestamp":1704993188757,"level":"debug","message":"Executing script orders-script (beforeRender)","meta":{"rootId":"54mrhn8252imbp3","id":"54mrhn8252imbp3"},"id":"f18avbmcs2yxz9e","previousOperationId":"u5hwf5h34fqcu9w"}
{"type":"operationStart","subtype":"script","name":"scripts orders-script","previousOperationId":"mn713aul0z5c08j","timestamp":1704993188760,"id":"g03bytiv1v0xp09","previousEventId":"iscu2jd5o5h2blj","operationId":"cdjz28gp3lsq75n"}
{"type":"operationEnd","operationId":"cdjz28gp3lsq75n","timestamp":1704993190073,"id":"nd3mhxnpt1th5yv","previousEventId":"iscu2jd5o5h2blj","previousOperationId":"u5hwf5h34fqcu9w"}
{"type":"operationEnd","operationId":"mn713aul0z5c08j","timestamp":1704993190073,"id":"mdk1cqrj3zvqkhg","previousEventId":"nd3mhxnpt1th5yv","previousOperationId":"u5hwf5h34fqcu9w"}
{"type":"log","timestamp":1704993190073,"level":"debug","message":"Base url not specified, skipping its injection.","meta":{"rootId":"54mrhn8252imbp3","id":"54mrhn8252imbp3"},"id":"rtmm5t96916t7do","previousOperationId":"mn713aul0z5c08j"}
{"type":"operationStart","subtype":"engine","name":"handlebars","timestamp":1704993190075,"id":"9j5n4lt2lu777ba","previousEventId":"mdk1cqrj3zvqkhg","operationId":"3ga2cga7slpclh7","previousOperationId":"mn713aul0z5c08j"}
{"type":"log","timestamp":1704993190075,"level":"debug","message":"Rendering engine handlebars","meta":{"rootId":"54mrhn8252imbp3","id":"54mrhn8252imbp3"},"id":"lbutwl398ybxzj8","previousOperationId":"3ga2cga7slpclh7"}
{"type":"operationEnd","operationId":"3ga2cga7slpclh7","timestamp":1704993190088,"id":"0dgx06c2adc964j","previousEventId":"9j5n4lt2lu777ba","previousOperationId":"3ga2cga7slpclh7"}
{"type":"operationStart","subtype":"recipe","name":"chrome-pdf","timestamp":1704993190089,"id":"hi4liuvcx9305r5","previousEventId":"0dgx06c2adc964j","operationId":"4pn5kxyud5cq1bi","previousOperationId":"3ga2cga7slpclh7"}
{"type":"log","timestamp":1704993190089,"level":"debug","message":"Executing recipe chrome-pdf","meta":{"rootId":"54mrhn8252imbp3","id":"54mrhn8252imbp3"},"id":"nc3rfp8k8nmy7ss","previousOperationId":"4pn5kxyud5cq1bi"}
{"type":"log","timestamp":1704993190091,"level":"debug","message":"Converting with chrome HeadlessChrome/117.0.5938.149 using chrome-pool strategy","meta":{"rootId":"54mrhn8252imbp3","id":"54mrhn8252imbp3"},"id":"qnm9uk7ebuz8ygy","previousOperationId":"4pn5kxyud5cq1bi"}
{"type":"log","timestamp":1704993190128,"level":"debug","message":"Page request: GET (document) file:///tmp/jsreport/autocleanup/b525a1c8-a300-4ca0-b761-da0afb2a0aea-chrome-pdf.html","meta":{"rootId":"54mrhn8252imbp3","id":"54mrhn8252imbp3"},"id":"hk3gj9lsl05ani7","previousOperationId":"4pn5kxyud5cq1bi"}
{"type":"log","timestamp":1704993190135,"level":"debug","message":"Page request: GET (script) https://cdn.jsdelivr.net/npm/chart.js","meta":{"rootId":"54mrhn8252imbp3","id":"54mrhn8252imbp3"},"id":"9d2bq46rt5qpklk","previousOperationId":"4pn5kxyud5cq1bi"}
{"type":"log","timestamp":1704993190135,"level":"debug","message":"Page request finished: GET (document) 200 file:///tmp/jsreport/autocleanup/b525a1c8-a300-4ca0-b761-da0afb2a0aea-chrome-pdf.html","meta":{"rootId":"54mrhn8252imbp3","id":"54mrhn8252imbp3"},"id":"2gw2g7w6nka4w2l","previousOperationId":"4pn5kxyud5cq1bi"}
{"type":"log","timestamp":1704993190138,"level":"debug","message":"Page request finished: GET (script) 200 https://cdn.jsdelivr.net/npm/chart.js","meta":{"rootId":"54mrhn8252imbp3","id":"54mrhn8252imbp3"},"id":"6g3pea6s915kmux","previousOperationId":"4pn5kxyud5cq1bi"}
{"type":"log","timestamp":1704993190145,"level":"warn","message":"Page error: Unexpected identifier 'Object' , stack: SyntaxError: Unexpected identifier 'Object'","meta":{"rootId":"54mrhn8252imbp3","id":"54mrhn8252imbp3"},"id":"7yzgkcp0nim1059","previousOperationId":"4pn5kxyud5cq1bi"}
{"type":"log","timestamp":1704993190146,"level":"debug","message":"Running chrome with params {\"printBackground\":true,\"timeout\":58646,\"margin\":{}}","meta":{"rootId":"54mrhn8252imbp3","id":"54mrhn8252imbp3"},"id":"j3lmcfaos5huv4o","previousOperationId":"4pn5kxyud5cq1bi"}
{"type":"operationEnd","operationId":"4pn5kxyud5cq1bi","timestamp":1704993190157,"id":"enuv8sfuq74afwf","previousEventId":"hi4liuvcx9305r5","previousOperationId":"4pn5kxyud5cq1bi"}
{"type":"log","timestamp":1704993190157,"level":"debug","message":"Skipping storing report.","meta":{"rootId":"54mrhn8252imbp3","id":"54mrhn8252imbp3"},"id":"lgxjlfs6yeixz4v","previousOperationId":"4pn5kxyud5cq1bi"}
{"type":"log","timestamp":1704993190157,"level":"info","message":"Rendering request 117 finished in 1421 ms","meta":{"rootId":"54mrhn8252imbp3","id":"54mrhn8252imbp3"},"id":"tqwt3v2ep2uincl","previousOperationId":"4pn5kxyud5cq1bi"}
{"type":"operationEnd","subtype":"render","operationId":"u5hwf5h34fqcu9w","timestamp":1704993190157,"id":"d62pg3lo3tfgtaf","previousEventId":"enuv8sfuq74afwf","previousOperationId":"4pn5kxyud5cq1bi"}
{"type":"operationEnd","doDiffs":false,"previousEventId":"9atjwciqhzpd3a1","previousOperationId":"2kb3k09e55d19nm","operationId":"2kb3k09e55d19nm","timestamp":1704993190162,"id":"87ytf56bp0a6txy"}
