{"type":"operationStart","subtype":"profile","data":{"_id":"M0WaazcJnVIqL01s","timestamp":"2024-01-11T18:07:56.767Z","state":"queued","mode":"standard","creationDate":"2024-01-11T18:07:56.767Z","modificationDate":"2024-01-11T18:07:56.767Z","shortid":"5dQdEHw","$entitySet":"profiles"},"doDiffs":false,"timestamp":1704996476767,"id":"fufjbc2ijq6k53u","previousOperationId":null,"operationId":"n1o2o6r0x4tdwh2"}
{"type":"log","level":"info","message":"Render request 46 queued for execution and waiting for available worker","previousOperationId":"n1o2o6r0x4tdwh2","timestamp":1704996476767,"id":"033b6060q71lyl9"}
{"type":"operationStart","subtype":"render","name":"User_project","previousOperationId":"n1o2o6r0x4tdwh2","timestamp":1704996476771,"id":"a6bsuza7v46pjb6","previousEventId":"fufjbc2ijq6k53u","operationId":"y8bor63jyo8vf62"}
{"type":"log","timestamp":1704996476772,"level":"info","message":"Starting rendering request 46","meta":{"rootId":"5ezrkqvhsshqlfj","id":"5ezrkqvhsshqlfj"},"id":"msccmleix0v78bt","previousOperationId":"y8bor63jyo8vf62"}
{"type":"log","timestamp":1704996476772,"level":"info","message":"Rendering template { name: User_project, recipe: chrome-pdf, engine: handlebars, preview: true }","meta":{"rootId":"5ezrkqvhsshqlfj","id":"5ezrkqvhsshqlfj"},"id":"gi0ifynep3sfsyr","previousOperationId":"y8bor63jyo8vf62"}
{"type":"log","timestamp":1704996476772,"level":"debug","message":"Data item not defined for this template.","meta":{"rootId":"5ezrkqvhsshqlfj","id":"5ezrkqvhsshqlfj"},"id":"4q1mbi4rru43eb8","previousOperationId":"y8bor63jyo8vf62"}
{"type":"log","timestamp":1704996476774,"level":"debug","message":"Executing script usabi-data (beforeRender)","meta":{"rootId":"5ezrkqvhsshqlfj","id":"5ezrkqvhsshqlfj"},"id":"8xkx2ixfyatx059","previousOperationId":"y8bor63jyo8vf62"}
{"type":"operationStart","subtype":"scriptsBeforeRender","name":"scripts beforeRender","timestamp":1704996476778,"id":"3zszzzvecp5uj29","previousEventId":"a6bsuza7v46pjb6","operationId":"8vxzklpgd2zfpm6","previousOperationId":"y8bor63jyo8vf62"}
{"type":"operationStart","subtype":"script","name":"scripts usabi-data","previousOperationId":"8vxzklpgd2zfpm6","timestamp":1704996476778,"id":"ubpywqwncjqhnvp","previousEventId":"3zszzzvecp5uj29","operationId":"m3r8b8jr1d61v0a"}
{"type":"operationEnd","operationId":"m3r8b8jr1d61v0a","timestamp":1704996476798,"id":"d3pktyk7ek1ykbt","previousEventId":"a6bsuza7v46pjb6","previousOperationId":"y8bor63jyo8vf62"}
{"type":"log","timestamp":1704996476798,"level":"debug","message":"Executing script orders-script (beforeRender)","meta":{"rootId":"5ezrkqvhsshqlfj","id":"5ezrkqvhsshqlfj"},"id":"pv114ciwnhd57vd","previousOperationId":"y8bor63jyo8vf62"}
{"type":"operationStart","subtype":"script","name":"scripts orders-script","previousOperationId":"8vxzklpgd2zfpm6","timestamp":1704996476801,"id":"g30a44px5j2xc4d","previousEventId":"d3pktyk7ek1ykbt","operationId":"q1txvcgc21k8o78"}
{"type":"operationEnd","operationId":"q1txvcgc21k8o78","timestamp":1704996478206,"id":"9q88u9wrimijt4a","previousEventId":"d3pktyk7ek1ykbt","previousOperationId":"y8bor63jyo8vf62"}
{"type":"operationEnd","operationId":"8vxzklpgd2zfpm6","timestamp":1704996478206,"id":"xp6f5dnhp9b1pf1","previousEventId":"9q88u9wrimijt4a","previousOperationId":"y8bor63jyo8vf62"}
{"type":"log","timestamp":1704996478206,"level":"debug","message":"Base url not specified, skipping its injection.","meta":{"rootId":"5ezrkqvhsshqlfj","id":"5ezrkqvhsshqlfj"},"id":"5u67kyzozedj9kn","previousOperationId":"8vxzklpgd2zfpm6"}
{"type":"operationStart","subtype":"engine","name":"handlebars","timestamp":1704996478206,"id":"th9kvbnig07ahe9","previousEventId":"xp6f5dnhp9b1pf1","operationId":"5s056z83uuzqw1s","previousOperationId":"8vxzklpgd2zfpm6"}
{"type":"log","timestamp":1704996478206,"level":"debug","message":"Rendering engine handlebars","meta":{"rootId":"5ezrkqvhsshqlfj","id":"5ezrkqvhsshqlfj"},"id":"bdmw2p2fn9qmpng","previousOperationId":"5s056z83uuzqw1s"}
{"type":"operationEnd","operationId":"5s056z83uuzqw1s","timestamp":1704996478213,"id":"2noeomspi9wl8lq","previousEventId":"th9kvbnig07ahe9","previousOperationId":"5s056z83uuzqw1s"}
{"type":"operationStart","subtype":"recipe","name":"chrome-pdf","timestamp":1704996478213,"id":"dvkt4y8t086g166","previousEventId":"2noeomspi9wl8lq","operationId":"4xc1a0bzqbh1srl","previousOperationId":"5s056z83uuzqw1s"}
{"type":"log","timestamp":1704996478213,"level":"debug","message":"Executing recipe chrome-pdf","meta":{"rootId":"5ezrkqvhsshqlfj","id":"5ezrkqvhsshqlfj"},"id":"ed6gtjjgtkku2hp","previousOperationId":"4xc1a0bzqbh1srl"}
{"type":"log","timestamp":1704996478214,"level":"debug","message":"Converting with chrome HeadlessChrome/117.0.5938.149 using chrome-pool strategy","meta":{"rootId":"5ezrkqvhsshqlfj","id":"5ezrkqvhsshqlfj"},"id":"0owe8kwgupcygyj","previousOperationId":"4xc1a0bzqbh1srl"}
{"type":"log","timestamp":1704996478261,"level":"debug","message":"Page request: GET (document) file:///tmp/jsreport/autocleanup/6079550e-1ab9-460a-b616-f26ea141096c-chrome-pdf.html","meta":{"rootId":"5ezrkqvhsshqlfj","id":"5ezrkqvhsshqlfj"},"id":"3icad10s00vaebg","previousOperationId":"4xc1a0bzqbh1srl"}
{"type":"log","timestamp":1704996478268,"level":"debug","message":"Page request: GET (script) https://cdn.jsdelivr.net/npm/chart.js","meta":{"rootId":"5ezrkqvhsshqlfj","id":"5ezrkqvhsshqlfj"},"id":"6hnkh40n5hvb9eb","previousOperationId":"4xc1a0bzqbh1srl"}
{"type":"log","timestamp":1704996478268,"level":"debug","message":"Page request finished: GET (document) 200 file:///tmp/jsreport/autocleanup/6079550e-1ab9-460a-b616-f26ea141096c-chrome-pdf.html","meta":{"rootId":"5ezrkqvhsshqlfj","id":"5ezrkqvhsshqlfj"},"id":"oopo2vq5nhzwbjh","previousOperationId":"4xc1a0bzqbh1srl"}
{"type":"log","timestamp":1704996478271,"level":"debug","message":"Page request finished: GET (script) 200 https://cdn.jsdelivr.net/npm/chart.js","meta":{"rootId":"5ezrkqvhsshqlfj","id":"5ezrkqvhsshqlfj"},"id":"dmpyv5fuvmuxpyw","previousOperationId":"4xc1a0bzqbh1srl"}
{"type":"log","timestamp":1704996478274,"level":"warn","message":"Page error: Unexpected identifier 'Object' , stack: SyntaxError: Unexpected identifier 'Object'","meta":{"rootId":"5ezrkqvhsshqlfj","id":"5ezrkqvhsshqlfj"},"id":"8g9uei990jglojt","previousOperationId":"4xc1a0bzqbh1srl"}
{"type":"log","timestamp":1704996478278,"level":"debug","message":"Running chrome with params {\"printBackground\":true,\"timeout\":58554,\"margin\":{}}","meta":{"rootId":"5ezrkqvhsshqlfj","id":"5ezrkqvhsshqlfj"},"id":"nivdad2fcrolmk7","previousOperationId":"4xc1a0bzqbh1srl"}
{"type":"operationEnd","operationId":"4xc1a0bzqbh1srl","timestamp":1704996478289,"id":"091x3ps579kl1f0","previousEventId":"dvkt4y8t086g166","previousOperationId":"4xc1a0bzqbh1srl"}
{"type":"log","timestamp":1704996478289,"level":"debug","message":"Skipping storing report.","meta":{"rootId":"5ezrkqvhsshqlfj","id":"5ezrkqvhsshqlfj"},"id":"gbfpbzrkjthbm77","previousOperationId":"4xc1a0bzqbh1srl"}
{"type":"log","timestamp":1704996478289,"level":"info","message":"Rendering request 46 finished in 1522 ms","meta":{"rootId":"5ezrkqvhsshqlfj","id":"5ezrkqvhsshqlfj"},"id":"epa9m75ggvbq2nh","previousOperationId":"4xc1a0bzqbh1srl"}
{"type":"operationEnd","subtype":"render","operationId":"y8bor63jyo8vf62","timestamp":1704996478289,"id":"ka286g9cd4n0k09","previousEventId":"091x3ps579kl1f0","previousOperationId":"4xc1a0bzqbh1srl"}
{"type":"operationEnd","doDiffs":false,"previousEventId":"fufjbc2ijq6k53u","previousOperationId":"n1o2o6r0x4tdwh2","operationId":"n1o2o6r0x4tdwh2","timestamp":1704996478293,"id":"sujoiggiji5l6ku"}
