{"type":"operationStart","subtype":"profile","data":{"_id":"xUUBT7IkPZ6ANbOT","timestamp":"2024-01-11T18:47:13.705Z","state":"queued","mode":"standard","creationDate":"2024-01-11T18:47:13.707Z","modificationDate":"2024-01-11T18:47:13.707Z","shortid":"RgLy4SX","$entitySet":"profiles"},"doDiffs":false,"timestamp":1704998833706,"id":"29n3sbce5f9ybvu","previousOperationId":null,"operationId":"cmyftjd8hn7fkqz"}
{"type":"log","level":"info","message":"Render request 39 queued for execution and waiting for available worker","previousOperationId":"cmyftjd8hn7fkqz","timestamp":1704998833706,"id":"md1majx6b5bmomn"}
{"type":"operationStart","subtype":"render","name":"User_project","previousOperationId":"cmyftjd8hn7fkqz","timestamp":1704998833711,"id":"635qzmp59t1a39n","previousEventId":"29n3sbce5f9ybvu","operationId":"qx0rpwtl6djva3s"}
{"type":"log","timestamp":1704998833711,"level":"info","message":"Starting rendering request 39","meta":{"rootId":"5j1vy04d8n090vh","id":"5j1vy04d8n090vh"},"id":"cwvzphzaetiwt3b","previousOperationId":"qx0rpwtl6djva3s"}
{"type":"log","timestamp":1704998833711,"level":"info","message":"Rendering template { name: User_project, recipe: chrome-pdf, engine: handlebars, preview: true }","meta":{"rootId":"5j1vy04d8n090vh","id":"5j1vy04d8n090vh"},"id":"eizljg9fhpvoyju","previousOperationId":"qx0rpwtl6djva3s"}
{"type":"log","timestamp":1704998833711,"level":"debug","message":"Data item not defined for this template.","meta":{"rootId":"5j1vy04d8n090vh","id":"5j1vy04d8n090vh"},"id":"bim2ic2puwlgczw","previousOperationId":"qx0rpwtl6djva3s"}
{"type":"log","timestamp":1704998833714,"level":"debug","message":"Executing script usabi-data (beforeRender)","meta":{"rootId":"5j1vy04d8n090vh","id":"5j1vy04d8n090vh"},"id":"7ms2rkedgp224jw","previousOperationId":"qx0rpwtl6djva3s"}
{"type":"operationStart","subtype":"scriptsBeforeRender","name":"scripts beforeRender","timestamp":1704998833717,"id":"q045ptzyaleiw5d","previousEventId":"635qzmp59t1a39n","operationId":"vebccayrdusgy0n","previousOperationId":"qx0rpwtl6djva3s"}
{"type":"operationStart","subtype":"script","name":"scripts usabi-data","previousOperationId":"vebccayrdusgy0n","timestamp":1704998833717,"id":"luotd2n3ud4ij6c","previousEventId":"q045ptzyaleiw5d","operationId":"birvxfn0tute7k6"}
{"type":"operationEnd","operationId":"birvxfn0tute7k6","timestamp":1704998833732,"id":"upd47m20aa33j1z","previousEventId":"635qzmp59t1a39n","previousOperationId":"qx0rpwtl6djva3s"}
{"type":"log","timestamp":1704998833732,"level":"debug","message":"Executing script orders-script (beforeRender)","meta":{"rootId":"5j1vy04d8n090vh","id":"5j1vy04d8n090vh"},"id":"nqyqne3di4vugzi","previousOperationId":"qx0rpwtl6djva3s"}
{"type":"operationStart","subtype":"script","name":"scripts orders-script","previousOperationId":"vebccayrdusgy0n","timestamp":1704998833735,"id":"wpomoy0kecnvzdv","previousEventId":"upd47m20aa33j1z","operationId":"uxd2wjb0mw4hhbu"}
{"type":"operationEnd","operationId":"uxd2wjb0mw4hhbu","timestamp":1704998835129,"id":"eun6yxgmqi0cm1x","previousEventId":"upd47m20aa33j1z","previousOperationId":"qx0rpwtl6djva3s"}
{"type":"operationEnd","operationId":"vebccayrdusgy0n","timestamp":1704998835129,"id":"i0r3q86lc0u3wuq","previousEventId":"eun6yxgmqi0cm1x","previousOperationId":"qx0rpwtl6djva3s"}
{"type":"log","timestamp":1704998835129,"level":"debug","message":"Base url not specified, skipping its injection.","meta":{"rootId":"5j1vy04d8n090vh","id":"5j1vy04d8n090vh"},"id":"ymkqshlfcdj9n0z","previousOperationId":"vebccayrdusgy0n"}
{"type":"operationStart","subtype":"engine","name":"handlebars","timestamp":1704998835129,"id":"5ob8ojh6ir9waws","previousEventId":"i0r3q86lc0u3wuq","operationId":"cwpnynaqfs3kq08","previousOperationId":"vebccayrdusgy0n"}
{"type":"log","timestamp":1704998835129,"level":"debug","message":"Rendering engine handlebars","meta":{"rootId":"5j1vy04d8n090vh","id":"5j1vy04d8n090vh"},"id":"3pd457am8d52umh","previousOperationId":"cwpnynaqfs3kq08"}
{"type":"operationEnd","operationId":"cwpnynaqfs3kq08","timestamp":1704998835139,"id":"pywbfsohllho8lo","previousEventId":"5ob8ojh6ir9waws","previousOperationId":"cwpnynaqfs3kq08"}
{"type":"operationStart","subtype":"recipe","name":"chrome-pdf","timestamp":1704998835139,"id":"oyse7ppzxtximwx","previousEventId":"pywbfsohllho8lo","operationId":"karbttq9jv5c7wf","previousOperationId":"cwpnynaqfs3kq08"}
{"type":"log","timestamp":1704998835139,"level":"debug","message":"Executing recipe chrome-pdf","meta":{"rootId":"5j1vy04d8n090vh","id":"5j1vy04d8n090vh"},"id":"0s8qrnzqm40appp","previousOperationId":"karbttq9jv5c7wf"}
{"type":"log","timestamp":1704998835140,"level":"debug","message":"Converting with chrome HeadlessChrome/117.0.5938.149 using chrome-pool strategy","meta":{"rootId":"5j1vy04d8n090vh","id":"5j1vy04d8n090vh"},"id":"1wj9j5tbj2yn83x","previousOperationId":"karbttq9jv5c7wf"}
{"type":"log","timestamp":1704998835179,"level":"debug","message":"Page request: GET (document) file:///tmp/jsreport/autocleanup/b84913ea-a5b4-4b40-b711-06706951bcbc-chrome-pdf.html","meta":{"rootId":"5j1vy04d8n090vh","id":"5j1vy04d8n090vh"},"id":"7nzxmasqmv5klhf","previousOperationId":"karbttq9jv5c7wf"}
{"type":"log","timestamp":1704998835187,"level":"debug","message":"Page request: GET (script) https://cdn.jsdelivr.net/npm/chart.js","meta":{"rootId":"5j1vy04d8n090vh","id":"5j1vy04d8n090vh"},"id":"3n7w9a23qr5qjf6","previousOperationId":"karbttq9jv5c7wf"}
{"type":"log","timestamp":1704998835188,"level":"debug","message":"Page request finished: GET (document) 200 file:///tmp/jsreport/autocleanup/b84913ea-a5b4-4b40-b711-06706951bcbc-chrome-pdf.html","meta":{"rootId":"5j1vy04d8n090vh","id":"5j1vy04d8n090vh"},"id":"pt5j5khc6sx2zjl","previousOperationId":"karbttq9jv5c7wf"}
{"type":"log","timestamp":1704998835193,"level":"debug","message":"Page request finished: GET (script) 200 https://cdn.jsdelivr.net/npm/chart.js","meta":{"rootId":"5j1vy04d8n090vh","id":"5j1vy04d8n090vh"},"id":"7ywuwg26f2tvgve","previousOperationId":"karbttq9jv5c7wf"}
{"type":"log","timestamp":1704998835232,"level":"debug","message":"Running chrome with params {\"printBackground\":true,\"timeout\":58566,\"margin\":{}}","meta":{"rootId":"5j1vy04d8n090vh","id":"5j1vy04d8n090vh"},"id":"i0tnulx6q7cohz4","previousOperationId":"karbttq9jv5c7wf"}
{"type":"operationEnd","operationId":"karbttq9jv5c7wf","timestamp":1704998835286,"id":"tpsvxeu5d0anyjw","previousEventId":"oyse7ppzxtximwx","previousOperationId":"karbttq9jv5c7wf"}
{"type":"log","timestamp":1704998835286,"level":"debug","message":"Skipping storing report.","meta":{"rootId":"5j1vy04d8n090vh","id":"5j1vy04d8n090vh"},"id":"2ntdaom50vzx4ej","previousOperationId":"karbttq9jv5c7wf"}
{"type":"log","timestamp":1704998835286,"level":"info","message":"Rendering request 39 finished in 1581 ms","meta":{"rootId":"5j1vy04d8n090vh","id":"5j1vy04d8n090vh"},"id":"u3eeo7jnqhulyyb","previousOperationId":"karbttq9jv5c7wf"}
{"type":"operationEnd","subtype":"render","operationId":"qx0rpwtl6djva3s","timestamp":1704998835286,"id":"tux6aaopk477ahd","previousEventId":"tpsvxeu5d0anyjw","previousOperationId":"karbttq9jv5c7wf"}
{"type":"operationEnd","doDiffs":false,"previousEventId":"29n3sbce5f9ybvu","previousOperationId":"cmyftjd8hn7fkqz","operationId":"cmyftjd8hn7fkqz","timestamp":1704998835288,"id":"1z6wswxuzbf8tms"}
