{"type":"operationStart","subtype":"profile","data":{"_id":"QIFSmZxL6DEyJEYE","timestamp":"2024-01-11T16:20:22.886Z","state":"queued","mode":"standard","creationDate":"2024-01-11T16:20:22.887Z","modificationDate":"2024-01-11T16:20:22.887Z","shortid":"JNRySwt","$entitySet":"profiles"},"doDiffs":false,"timestamp":1704990022887,"id":"ef1q41ipoxnulhe","previousOperationId":null,"operationId":"yfshzefy4kr64n5"}
{"type":"log","level":"info","message":"Render request 24 queued for execution and waiting for available worker","previousOperationId":"yfshzefy4kr64n5","timestamp":1704990022887,"id":"nilqo15s963qa2g"}
{"type":"operationStart","subtype":"render","name":"User_project","previousOperationId":"yfshzefy4kr64n5","timestamp":1704990022891,"id":"m47onfxh3r235zg","previousEventId":"ef1q41ipoxnulhe","operationId":"kidgs2amcnayaqf"}
{"type":"log","timestamp":1704990022891,"level":"info","message":"Starting rendering request 24","meta":{"rootId":"5ole64l8s9f8ia7","id":"5ole64l8s9f8ia7"},"id":"uy3hz9a7vv2jibp","previousOperationId":"kidgs2amcnayaqf"}
{"type":"log","timestamp":1704990022892,"level":"info","message":"Rendering template { name: User_project, recipe: chrome-pdf, engine: handlebars, preview: true }","meta":{"rootId":"5ole64l8s9f8ia7","id":"5ole64l8s9f8ia7"},"id":"hbw1v33u5v5hom9","previousOperationId":"kidgs2amcnayaqf"}
{"type":"log","timestamp":1704990022892,"level":"debug","message":"Data item not defined for this template.","meta":{"rootId":"5ole64l8s9f8ia7","id":"5ole64l8s9f8ia7"},"id":"kh8rjct87683yp3","previousOperationId":"kidgs2amcnayaqf"}
{"type":"log","timestamp":1704990022893,"level":"debug","message":"Executing script usabi-data (beforeRender)","meta":{"rootId":"5ole64l8s9f8ia7","id":"5ole64l8s9f8ia7"},"id":"ehap8olyzr2q66n","previousOperationId":"kidgs2amcnayaqf"}
{"type":"operationStart","subtype":"scriptsBeforeRender","name":"scripts beforeRender","timestamp":1704990022898,"id":"oncxhs33nbx4n38","previousEventId":"m47onfxh3r235zg","operationId":"fiy6pikxudl17b2","previousOperationId":"kidgs2amcnayaqf"}
{"type":"operationStart","subtype":"script","name":"scripts usabi-data","previousOperationId":"fiy6pikxudl17b2","timestamp":1704990022898,"id":"vpxa91tdfucvsv3","previousEventId":"oncxhs33nbx4n38","operationId":"zp584y60fqd7u4a"}
{"type":"operationEnd","operationId":"zp584y60fqd7u4a","timestamp":1704990022910,"id":"dzsqvtu40fghchg","previousEventId":"m47onfxh3r235zg","previousOperationId":"kidgs2amcnayaqf"}
{"type":"operationEnd","operationId":"fiy6pikxudl17b2","timestamp":1704990022910,"id":"w3rzcfcfrnwmzup","previousEventId":"dzsqvtu40fghchg","previousOperationId":"kidgs2amcnayaqf"}
{"type":"log","timestamp":1704990022910,"level":"debug","message":"Base url not specified, skipping its injection.","meta":{"rootId":"5ole64l8s9f8ia7","id":"5ole64l8s9f8ia7"},"id":"pi08i2cj2xz6wkg","previousOperationId":"fiy6pikxudl17b2"}
{"type":"operationStart","subtype":"engine","name":"handlebars","timestamp":1704990022910,"id":"i25du3ojpeg8xi0","previousEventId":"w3rzcfcfrnwmzup","operationId":"kzcfupc8dk2pwsg","previousOperationId":"fiy6pikxudl17b2"}
{"type":"log","timestamp":1704990022910,"level":"debug","message":"Rendering engine handlebars","meta":{"rootId":"5ole64l8s9f8ia7","id":"5ole64l8s9f8ia7"},"id":"dm6cg419nfwt5u4","previousOperationId":"kzcfupc8dk2pwsg"}
{"type":"operationEnd","operationId":"kzcfupc8dk2pwsg","timestamp":1704990022920,"id":"uyekziz7gfzd2u2","previousEventId":"i25du3ojpeg8xi0","previousOperationId":"kzcfupc8dk2pwsg"}
{"type":"operationStart","subtype":"recipe","name":"chrome-pdf","timestamp":1704990022920,"id":"tz0qtztfci8ofr5","previousEventId":"uyekziz7gfzd2u2","operationId":"cdwrk5i836krpgh","previousOperationId":"kzcfupc8dk2pwsg"}
{"type":"log","timestamp":1704990022920,"level":"debug","message":"Executing recipe chrome-pdf","meta":{"rootId":"5ole64l8s9f8ia7","id":"5ole64l8s9f8ia7"},"id":"67togni5cwzkvhc","previousOperationId":"cdwrk5i836krpgh"}
{"type":"log","timestamp":1704990022923,"level":"debug","message":"Converting with chrome HeadlessChrome/117.0.5938.149 using chrome-pool strategy","meta":{"rootId":"5ole64l8s9f8ia7","id":"5ole64l8s9f8ia7"},"id":"laviskdie15b6v6","previousOperationId":"cdwrk5i836krpgh"}
{"type":"log","timestamp":1704990022957,"level":"debug","message":"Page request: GET (document) file:///tmp/jsreport/autocleanup/2f150053-f656-4adb-9206-5071ed8616f1-chrome-pdf.html","meta":{"rootId":"5ole64l8s9f8ia7","id":"5ole64l8s9f8ia7"},"id":"3njkau2fwqyis1n","previousOperationId":"cdwrk5i836krpgh"}
{"type":"log","timestamp":1704990022966,"level":"debug","message":"Page request: GET (script) https://cdn.jsdelivr.net/npm/chart.js","meta":{"rootId":"5ole64l8s9f8ia7","id":"5ole64l8s9f8ia7"},"id":"1yizuyc3922u11c","previousOperationId":"cdwrk5i836krpgh"}
{"type":"log","timestamp":1704990022967,"level":"debug","message":"Page request finished: GET (document) 200 file:///tmp/jsreport/autocleanup/2f150053-f656-4adb-9206-5071ed8616f1-chrome-pdf.html","meta":{"rootId":"5ole64l8s9f8ia7","id":"5ole64l8s9f8ia7"},"id":"msslw15ykwxfmge","previousOperationId":"cdwrk5i836krpgh"}
{"type":"log","timestamp":1704990022971,"level":"debug","message":"Page request finished: GET (script) 200 https://cdn.jsdelivr.net/npm/chart.js","meta":{"rootId":"5ole64l8s9f8ia7","id":"5ole64l8s9f8ia7"},"id":"yqca7idyaawurbe","previousOperationId":"cdwrk5i836krpgh"}
{"type":"log","timestamp":1704990023017,"level":"debug","message":"Running chrome with params {\"printBackground\":true,\"timeout\":59965,\"margin\":{}}","meta":{"rootId":"5ole64l8s9f8ia7","id":"5ole64l8s9f8ia7"},"id":"is5u82arel20m48","previousOperationId":"cdwrk5i836krpgh"}
{"type":"operationEnd","operationId":"cdwrk5i836krpgh","timestamp":1704990023037,"id":"qmokmhintcrfs31","previousEventId":"tz0qtztfci8ofr5","previousOperationId":"cdwrk5i836krpgh"}
{"type":"log","timestamp":1704990023037,"level":"debug","message":"Skipping storing report.","meta":{"rootId":"5ole64l8s9f8ia7","id":"5ole64l8s9f8ia7"},"id":"p9qz1whxptv7ywo","previousOperationId":"cdwrk5i836krpgh"}
{"type":"log","timestamp":1704990023037,"level":"info","message":"Rendering request 24 finished in 151 ms","meta":{"rootId":"5ole64l8s9f8ia7","id":"5ole64l8s9f8ia7"},"id":"ajzzf6sa4iripz4","previousOperationId":"cdwrk5i836krpgh"}
{"type":"operationEnd","subtype":"render","operationId":"kidgs2amcnayaqf","timestamp":1704990023037,"id":"e8q64qpm1z75j0z","previousEventId":"qmokmhintcrfs31","previousOperationId":"cdwrk5i836krpgh"}
{"type":"operationEnd","doDiffs":false,"previousEventId":"ef1q41ipoxnulhe","previousOperationId":"yfshzefy4kr64n5","operationId":"yfshzefy4kr64n5","timestamp":1704990023041,"id":"hm3xcj6prps08ul"}
