{"type":"operationStart","subtype":"profile","data":{"_id":"HtNxfkfuQbfpJ6WA","timestamp":"2024-01-11T17:32:05.827Z","state":"queued","mode":"standard","creationDate":"2024-01-11T17:32:05.828Z","modificationDate":"2024-01-11T17:32:05.828Z","shortid":"gP0M-83","$entitySet":"profiles"},"doDiffs":false,"timestamp":1704994325827,"id":"tm16zhhhxptb0ka","previousOperationId":null,"operationId":"bk17zj16u60opk9"}
{"type":"log","level":"info","message":"Render request 150 queued for execution and waiting for available worker","previousOperationId":"bk17zj16u60opk9","timestamp":1704994325827,"id":"htcxilpi4z2khzn"}
{"type":"operationStart","subtype":"render","name":"User_project","previousOperationId":"bk17zj16u60opk9","timestamp":1704994325831,"id":"ldt0k6j36v7xlf4","previousEventId":"tm16zhhhxptb0ka","operationId":"omr6wcv85mlz46h"}
{"type":"log","timestamp":1704994325831,"level":"info","message":"Starting rendering request 150","meta":{"rootId":"61xhpmb8ndsntv8","id":"61xhpmb8ndsntv8"},"id":"wkits590e59urc8","previousOperationId":"omr6wcv85mlz46h"}
{"type":"log","timestamp":1704994325831,"level":"info","message":"Rendering template { name: User_project, recipe: chrome-pdf, engine: handlebars, preview: true }","meta":{"rootId":"61xhpmb8ndsntv8","id":"61xhpmb8ndsntv8"},"id":"sj2d0e7u5ksh8oh","previousOperationId":"omr6wcv85mlz46h"}
{"type":"log","timestamp":1704994325831,"level":"debug","message":"Data item not defined for this template.","meta":{"rootId":"61xhpmb8ndsntv8","id":"61xhpmb8ndsntv8"},"id":"g2o2vm10j3nncgs","previousOperationId":"omr6wcv85mlz46h"}
{"type":"log","timestamp":1704994325832,"level":"debug","message":"Executing script usabi-data (beforeRender)","meta":{"rootId":"61xhpmb8ndsntv8","id":"61xhpmb8ndsntv8"},"id":"w270mrxokdfxv38","previousOperationId":"omr6wcv85mlz46h"}
{"type":"operationStart","subtype":"scriptsBeforeRender","name":"scripts beforeRender","timestamp":1704994325835,"id":"eqpeq32nzpuxqx1","previousEventId":"ldt0k6j36v7xlf4","operationId":"yn85gwlttfzacd6","previousOperationId":"omr6wcv85mlz46h"}
{"type":"operationStart","subtype":"script","name":"scripts usabi-data","previousOperationId":"yn85gwlttfzacd6","timestamp":1704994325835,"id":"gprzmwy9gjo6zej","previousEventId":"eqpeq32nzpuxqx1","operationId":"tglt0ibh6lcgr0a"}
{"type":"operationEnd","operationId":"tglt0ibh6lcgr0a","timestamp":1704994325848,"id":"4v935h2shxirl1s","previousEventId":"ldt0k6j36v7xlf4","previousOperationId":"omr6wcv85mlz46h"}
{"type":"log","timestamp":1704994325848,"level":"debug","message":"Executing script orders-script (beforeRender)","meta":{"rootId":"61xhpmb8ndsntv8","id":"61xhpmb8ndsntv8"},"id":"yd9mrfo8wk6sgjt","previousOperationId":"omr6wcv85mlz46h"}
{"type":"operationStart","subtype":"script","name":"scripts orders-script","previousOperationId":"yn85gwlttfzacd6","timestamp":1704994325852,"id":"5gleywidjaoeuff","previousEventId":"4v935h2shxirl1s","operationId":"tga6pe7sd17wo61"}
{"type":"operationEnd","operationId":"tga6pe7sd17wo61","timestamp":1704994327121,"id":"tnagln47jarrj96","previousEventId":"4v935h2shxirl1s","previousOperationId":"omr6wcv85mlz46h"}
{"type":"operationEnd","operationId":"yn85gwlttfzacd6","timestamp":1704994327121,"id":"dgda8bbdws6t3ig","previousEventId":"tnagln47jarrj96","previousOperationId":"omr6wcv85mlz46h"}
{"type":"log","timestamp":1704994327121,"level":"debug","message":"Base url not specified, skipping its injection.","meta":{"rootId":"61xhpmb8ndsntv8","id":"61xhpmb8ndsntv8"},"id":"dx47j3adsy5abba","previousOperationId":"yn85gwlttfzacd6"}
{"type":"operationStart","subtype":"engine","name":"handlebars","timestamp":1704994327121,"id":"l89e1yyatnp8tmh","previousEventId":"dgda8bbdws6t3ig","operationId":"ab9yvt6bnqu63lp","previousOperationId":"yn85gwlttfzacd6"}
{"type":"log","timestamp":1704994327121,"level":"debug","message":"Rendering engine handlebars","meta":{"rootId":"61xhpmb8ndsntv8","id":"61xhpmb8ndsntv8"},"id":"plajirxvrd8aqh6","previousOperationId":"ab9yvt6bnqu63lp"}
{"type":"operationEnd","operationId":"ab9yvt6bnqu63lp","timestamp":1704994327127,"id":"ya7atkp4sogmj0g","previousEventId":"l89e1yyatnp8tmh","previousOperationId":"ab9yvt6bnqu63lp"}
{"type":"operationStart","subtype":"recipe","name":"chrome-pdf","timestamp":1704994327127,"id":"p0vj1p50zz16774","previousEventId":"ya7atkp4sogmj0g","operationId":"4cpt62r7llw297l","previousOperationId":"ab9yvt6bnqu63lp"}
{"type":"log","timestamp":1704994327127,"level":"debug","message":"Executing recipe chrome-pdf","meta":{"rootId":"61xhpmb8ndsntv8","id":"61xhpmb8ndsntv8"},"id":"y5we8hxespfxeb7","previousOperationId":"4cpt62r7llw297l"}
{"type":"log","timestamp":1704994327128,"level":"debug","message":"Converting with chrome HeadlessChrome/117.0.5938.149 using chrome-pool strategy","meta":{"rootId":"61xhpmb8ndsntv8","id":"61xhpmb8ndsntv8"},"id":"exlb81lr435swe1","previousOperationId":"4cpt62r7llw297l"}
{"type":"log","timestamp":1704994327167,"level":"debug","message":"Page request: GET (document) file:///tmp/jsreport/autocleanup/f0f19dfe-e72e-49fa-b522-e0fd3cc378a9-chrome-pdf.html","meta":{"rootId":"61xhpmb8ndsntv8","id":"61xhpmb8ndsntv8"},"id":"n0ja9czwnq87x0k","previousOperationId":"4cpt62r7llw297l"}
{"type":"log","timestamp":1704994327174,"level":"debug","message":"Page request: GET (script) https://cdn.jsdelivr.net/npm/chart.js","meta":{"rootId":"61xhpmb8ndsntv8","id":"61xhpmb8ndsntv8"},"id":"y16fcvw61nnhsss","previousOperationId":"4cpt62r7llw297l"}
{"type":"log","timestamp":1704994327175,"level":"debug","message":"Page request finished: GET (document) 200 file:///tmp/jsreport/autocleanup/f0f19dfe-e72e-49fa-b522-e0fd3cc378a9-chrome-pdf.html","meta":{"rootId":"61xhpmb8ndsntv8","id":"61xhpmb8ndsntv8"},"id":"t3h6guf4uwi008p","previousOperationId":"4cpt62r7llw297l"}
{"type":"log","timestamp":1704994327178,"level":"debug","message":"Page request finished: GET (script) 200 https://cdn.jsdelivr.net/npm/chart.js","meta":{"rootId":"61xhpmb8ndsntv8","id":"61xhpmb8ndsntv8"},"id":"6orzk4egksdmqrp","previousOperationId":"4cpt62r7llw297l"}
{"type":"log","timestamp":1704994327181,"level":"warn","message":"Page error: Unexpected identifier 'Object' , stack: SyntaxError: Unexpected identifier 'Object'","meta":{"rootId":"61xhpmb8ndsntv8","id":"61xhpmb8ndsntv8"},"id":"xzobzyyt9mpbhfe","previousOperationId":"4cpt62r7llw297l"}
{"type":"log","timestamp":1704994327185,"level":"debug","message":"Running chrome with params {\"printBackground\":true,\"timeout\":58699,\"margin\":{}}","meta":{"rootId":"61xhpmb8ndsntv8","id":"61xhpmb8ndsntv8"},"id":"xpwsvmspedakb4u","previousOperationId":"4cpt62r7llw297l"}
{"type":"operationEnd","operationId":"4cpt62r7llw297l","timestamp":1704994327193,"id":"r4h2qy8wpxstmt1","previousEventId":"p0vj1p50zz16774","previousOperationId":"4cpt62r7llw297l"}
{"type":"log","timestamp":1704994327193,"level":"debug","message":"Skipping storing report.","meta":{"rootId":"61xhpmb8ndsntv8","id":"61xhpmb8ndsntv8"},"id":"8u84jrzrdk0sq50","previousOperationId":"4cpt62r7llw297l"}
{"type":"log","timestamp":1704994327193,"level":"info","message":"Rendering request 150 finished in 1366 ms","meta":{"rootId":"61xhpmb8ndsntv8","id":"61xhpmb8ndsntv8"},"id":"p8zsk9wb1rtj4cq","previousOperationId":"4cpt62r7llw297l"}
{"type":"operationEnd","subtype":"render","operationId":"omr6wcv85mlz46h","timestamp":1704994327193,"id":"9c6gfs9f6zhvnhq","previousEventId":"r4h2qy8wpxstmt1","previousOperationId":"4cpt62r7llw297l"}
{"type":"operationEnd","doDiffs":false,"previousEventId":"tm16zhhhxptb0ka","previousOperationId":"bk17zj16u60opk9","operationId":"bk17zj16u60opk9","timestamp":1704994327196,"id":"wgk8u4th030r6ir"}
