{"type":"operationStart","subtype":"profile","data":{"_id":"VBykZbAtbbOzePWg","timestamp":"2024-01-11T18:19:54.857Z","state":"queued","mode":"standard","creationDate":"2024-01-11T18:19:54.858Z","modificationDate":"2024-01-11T18:19:54.858Z","shortid":"v_mCy51","$entitySet":"profiles"},"doDiffs":false,"timestamp":1704997194857,"id":"sjtu242qhlmm8tl","previousOperationId":null,"operationId":"3kaytnxek874m5d"}
{"type":"log","level":"info","message":"Render request 6 queued for execution and waiting for available worker","previousOperationId":"3kaytnxek874m5d","timestamp":1704997194857,"id":"vtph6ph2vvn8x9o"}
{"type":"operationStart","subtype":"render","name":"User_project","previousOperationId":"3kaytnxek874m5d","timestamp":1704997194862,"id":"mvahnjx8gpm9mqe","previousEventId":"sjtu242qhlmm8tl","operationId":"oe63dyr0rmfltvt"}
{"type":"log","timestamp":1704997194862,"level":"info","message":"Starting rendering request 6","meta":{"rootId":"6ffna8pqxltfg4h","id":"6ffna8pqxltfg4h"},"id":"ff5ggbh671ruqn9","previousOperationId":"oe63dyr0rmfltvt"}
{"type":"log","timestamp":1704997194863,"level":"info","message":"Rendering template { name: User_project, recipe: chrome-pdf, engine: handlebars, preview: true }","meta":{"rootId":"6ffna8pqxltfg4h","id":"6ffna8pqxltfg4h"},"id":"v6aw3413kwvqzyn","previousOperationId":"oe63dyr0rmfltvt"}
{"type":"log","timestamp":1704997194863,"level":"debug","message":"Data item not defined for this template.","meta":{"rootId":"6ffna8pqxltfg4h","id":"6ffna8pqxltfg4h"},"id":"48ld2i90597ct5e","previousOperationId":"oe63dyr0rmfltvt"}
{"type":"log","timestamp":1704997194865,"level":"debug","message":"Executing script usabi-data (beforeRender)","meta":{"rootId":"6ffna8pqxltfg4h","id":"6ffna8pqxltfg4h"},"id":"iaa4wfoe8dqcmgt","previousOperationId":"oe63dyr0rmfltvt"}
{"type":"operationStart","subtype":"scriptsBeforeRender","name":"scripts beforeRender","timestamp":1704997194869,"id":"c8wa4zuclsgyf2s","previousEventId":"mvahnjx8gpm9mqe","operationId":"vilzhjdgjowzdr2","previousOperationId":"oe63dyr0rmfltvt"}
{"type":"operationStart","subtype":"script","name":"scripts usabi-data","previousOperationId":"vilzhjdgjowzdr2","timestamp":1704997194869,"id":"epgm23njsuahdn9","previousEventId":"c8wa4zuclsgyf2s","operationId":"xikczuoyy00hgec"}
{"type":"operationEnd","operationId":"xikczuoyy00hgec","timestamp":1704997194890,"id":"cpnjjue8mg71hlv","previousEventId":"mvahnjx8gpm9mqe","previousOperationId":"oe63dyr0rmfltvt"}
{"type":"log","timestamp":1704997194890,"level":"debug","message":"Executing script orders-script (beforeRender)","meta":{"rootId":"6ffna8pqxltfg4h","id":"6ffna8pqxltfg4h"},"id":"dsc53u59ar1avdk","previousOperationId":"oe63dyr0rmfltvt"}
{"type":"operationStart","subtype":"script","name":"scripts orders-script","previousOperationId":"vilzhjdgjowzdr2","timestamp":1704997194894,"id":"qq3cvl38nhy11wp","previousEventId":"cpnjjue8mg71hlv","operationId":"5ppnqgmnp9um05c"}
{"type":"operationEnd","operationId":"5ppnqgmnp9um05c","timestamp":1704997196177,"id":"6ftqvpj3v88vc5m","previousEventId":"cpnjjue8mg71hlv","previousOperationId":"oe63dyr0rmfltvt"}
{"type":"operationEnd","operationId":"vilzhjdgjowzdr2","timestamp":1704997196177,"id":"dh0jt2u3pxeffis","previousEventId":"6ftqvpj3v88vc5m","previousOperationId":"oe63dyr0rmfltvt"}
{"type":"log","timestamp":1704997196177,"level":"debug","message":"Base url not specified, skipping its injection.","meta":{"rootId":"6ffna8pqxltfg4h","id":"6ffna8pqxltfg4h"},"id":"zqendbue61dzgjs","previousOperationId":"vilzhjdgjowzdr2"}
{"type":"operationStart","subtype":"engine","name":"handlebars","timestamp":1704997196177,"id":"8vynbn90opvqxgn","previousEventId":"dh0jt2u3pxeffis","operationId":"0g3ou08h72ilghs","previousOperationId":"vilzhjdgjowzdr2"}
{"type":"log","timestamp":1704997196177,"level":"debug","message":"Rendering engine handlebars","meta":{"rootId":"6ffna8pqxltfg4h","id":"6ffna8pqxltfg4h"},"id":"ql0qu0w09l399ya","previousOperationId":"0g3ou08h72ilghs"}
{"type":"operationEnd","operationId":"0g3ou08h72ilghs","timestamp":1704997196188,"id":"iil9jhm19jwnovy","previousEventId":"8vynbn90opvqxgn","previousOperationId":"0g3ou08h72ilghs"}
{"type":"operationStart","subtype":"recipe","name":"chrome-pdf","timestamp":1704997196188,"id":"3g82xfjqtiru2pn","previousEventId":"iil9jhm19jwnovy","operationId":"ujqx12ptum5bb58","previousOperationId":"0g3ou08h72ilghs"}
{"type":"log","timestamp":1704997196188,"level":"debug","message":"Executing recipe chrome-pdf","meta":{"rootId":"6ffna8pqxltfg4h","id":"6ffna8pqxltfg4h"},"id":"ejxaafo2epf20fc","previousOperationId":"ujqx12ptum5bb58"}
{"type":"log","timestamp":1704997196191,"level":"debug","message":"Converting with chrome HeadlessChrome/117.0.5938.149 using chrome-pool strategy","meta":{"rootId":"6ffna8pqxltfg4h","id":"6ffna8pqxltfg4h"},"id":"uild9c4sttquw6p","previousOperationId":"ujqx12ptum5bb58"}
{"type":"log","timestamp":1704997196230,"level":"debug","message":"Page request: GET (document) file:///tmp/jsreport/autocleanup/5b9197c2-58e6-412d-8873-216915839f0e-chrome-pdf.html","meta":{"rootId":"6ffna8pqxltfg4h","id":"6ffna8pqxltfg4h"},"id":"sjk3zqv3wb23be5","previousOperationId":"ujqx12ptum5bb58"}
{"type":"log","timestamp":1704997196238,"level":"debug","message":"Page request: GET (script) https://cdn.jsdelivr.net/npm/chart.js","meta":{"rootId":"6ffna8pqxltfg4h","id":"6ffna8pqxltfg4h"},"id":"ztc4leyffvwr6i8","previousOperationId":"ujqx12ptum5bb58"}
{"type":"log","timestamp":1704997196238,"level":"debug","message":"Page request finished: GET (document) 200 file:///tmp/jsreport/autocleanup/5b9197c2-58e6-412d-8873-216915839f0e-chrome-pdf.html","meta":{"rootId":"6ffna8pqxltfg4h","id":"6ffna8pqxltfg4h"},"id":"rmtlbcpqsykyzmk","previousOperationId":"ujqx12ptum5bb58"}
{"type":"log","timestamp":1704997196243,"level":"debug","message":"Page request finished: GET (script) 200 https://cdn.jsdelivr.net/npm/chart.js","meta":{"rootId":"6ffna8pqxltfg4h","id":"6ffna8pqxltfg4h"},"id":"4o6bkzu3yqlp9am","previousOperationId":"ujqx12ptum5bb58"}
{"type":"log","timestamp":1704997196302,"level":"debug","message":"Running chrome with params {\"printBackground\":true,\"timeout\":58668,\"margin\":{}}","meta":{"rootId":"6ffna8pqxltfg4h","id":"6ffna8pqxltfg4h"},"id":"k9ohg6sb0ryarge","previousOperationId":"ujqx12ptum5bb58"}
{"type":"operationEnd","operationId":"ujqx12ptum5bb58","timestamp":1704997196350,"id":"eui23mmunpkm1ok","previousEventId":"3g82xfjqtiru2pn","previousOperationId":"ujqx12ptum5bb58"}
{"type":"log","timestamp":1704997196350,"level":"debug","message":"Skipping storing report.","meta":{"rootId":"6ffna8pqxltfg4h","id":"6ffna8pqxltfg4h"},"id":"m89cgi5iwde02q9","previousOperationId":"ujqx12ptum5bb58"}
{"type":"log","timestamp":1704997196350,"level":"info","message":"Rendering request 6 finished in 1493 ms","meta":{"rootId":"6ffna8pqxltfg4h","id":"6ffna8pqxltfg4h"},"id":"2j4vzweut9uae2x","previousOperationId":"ujqx12ptum5bb58"}
{"type":"operationEnd","subtype":"render","operationId":"oe63dyr0rmfltvt","timestamp":1704997196350,"id":"qpiqldwlvsyorii","previousEventId":"eui23mmunpkm1ok","previousOperationId":"ujqx12ptum5bb58"}
{"type":"operationEnd","doDiffs":false,"previousEventId":"sjtu242qhlmm8tl","previousOperationId":"3kaytnxek874m5d","operationId":"3kaytnxek874m5d","timestamp":1704997196353,"id":"tt1c45u8tn1i9ir"}
