{"type":"operationStart","subtype":"profile","data":{"_id":"wCMnvlFgjmXCtxc3","timestamp":"2024-01-11T16:41:00.350Z","state":"queued","mode":"standard","creationDate":"2024-01-11T16:41:00.350Z","modificationDate":"2024-01-11T16:41:00.350Z","shortid":"ozULn4j","$entitySet":"profiles"},"doDiffs":false,"timestamp":1704991260350,"id":"o1drrhu4rylng4x","previousOperationId":null,"operationId":"fk1efoa2sht4v7q"}
{"type":"log","level":"info","message":"Render request 65 queued for execution and waiting for available worker","previousOperationId":"fk1efoa2sht4v7q","timestamp":1704991260350,"id":"cq36o7offsfdj5r"}
{"type":"operationStart","subtype":"render","name":"User_project","previousOperationId":"fk1efoa2sht4v7q","timestamp":1704991260355,"id":"bwb716164ljsja0","previousEventId":"o1drrhu4rylng4x","operationId":"jukygznslzppbn3"}
{"type":"log","timestamp":1704991260355,"level":"info","message":"Starting rendering request 65","meta":{"rootId":"6g09gsrmucs35s5","id":"6g09gsrmucs35s5"},"id":"8aiyzajjhwyyw9a","previousOperationId":"jukygznslzppbn3"}
{"type":"log","timestamp":1704991260355,"level":"info","message":"Rendering template { name: User_project, recipe: chrome-pdf, engine: handlebars, preview: true }","meta":{"rootId":"6g09gsrmucs35s5","id":"6g09gsrmucs35s5"},"id":"aw5b8sj34i01a9y","previousOperationId":"jukygznslzppbn3"}
{"type":"log","timestamp":1704991260356,"level":"debug","message":"Data item not defined for this template.","meta":{"rootId":"6g09gsrmucs35s5","id":"6g09gsrmucs35s5"},"id":"pxv4ejh9qbelp7z","previousOperationId":"jukygznslzppbn3"}
{"type":"log","timestamp":1704991260357,"level":"debug","message":"Executing script usabi-data (beforeRender)","meta":{"rootId":"6g09gsrmucs35s5","id":"6g09gsrmucs35s5"},"id":"fu8jbv8m9js38bn","previousOperationId":"jukygznslzppbn3"}
{"type":"operationStart","subtype":"scriptsBeforeRender","name":"scripts beforeRender","timestamp":1704991260361,"id":"ztrb728y2k7yzh7","previousEventId":"bwb716164ljsja0","operationId":"pngdgz2lsirgaj9","previousOperationId":"jukygznslzppbn3"}
{"type":"operationStart","subtype":"script","name":"scripts usabi-data","previousOperationId":"pngdgz2lsirgaj9","timestamp":1704991260361,"id":"wtk6hqutbddtquf","previousEventId":"ztrb728y2k7yzh7","operationId":"mmkwiiyyv1m7azz"}
{"type":"operationEnd","operationId":"mmkwiiyyv1m7azz","timestamp":1704991260374,"id":"jg176w3cu404vgp","previousEventId":"bwb716164ljsja0","previousOperationId":"jukygznslzppbn3"}
{"type":"operationEnd","operationId":"pngdgz2lsirgaj9","timestamp":1704991260374,"id":"9i6h22k2dh9s4b7","previousEventId":"jg176w3cu404vgp","previousOperationId":"jukygznslzppbn3"}
{"type":"log","timestamp":1704991260374,"level":"debug","message":"Base url not specified, skipping its injection.","meta":{"rootId":"6g09gsrmucs35s5","id":"6g09gsrmucs35s5"},"id":"nom0wqv5flbrx4e","previousOperationId":"pngdgz2lsirgaj9"}
{"type":"operationStart","subtype":"engine","name":"handlebars","timestamp":1704991260374,"id":"4i34rhe2eh3p85u","previousEventId":"9i6h22k2dh9s4b7","operationId":"zhkytbdp5lpzrhe","previousOperationId":"pngdgz2lsirgaj9"}
{"type":"log","timestamp":1704991260374,"level":"debug","message":"Rendering engine handlebars","meta":{"rootId":"6g09gsrmucs35s5","id":"6g09gsrmucs35s5"},"id":"fivbupsvyvhudig","previousOperationId":"zhkytbdp5lpzrhe"}
{"type":"operationEnd","operationId":"zhkytbdp5lpzrhe","timestamp":1704991260383,"id":"oxyow2e1nf7b7if","previousEventId":"4i34rhe2eh3p85u","previousOperationId":"zhkytbdp5lpzrhe"}
{"type":"operationStart","subtype":"recipe","name":"chrome-pdf","timestamp":1704991260383,"id":"3vpncxxo54idgel","previousEventId":"oxyow2e1nf7b7if","operationId":"il8c39pp2fsympi","previousOperationId":"zhkytbdp5lpzrhe"}
{"type":"log","timestamp":1704991260383,"level":"debug","message":"Executing recipe chrome-pdf","meta":{"rootId":"6g09gsrmucs35s5","id":"6g09gsrmucs35s5"},"id":"kftnhf7b4x1ip88","previousOperationId":"il8c39pp2fsympi"}
{"type":"log","timestamp":1704991260384,"level":"debug","message":"Converting with chrome HeadlessChrome/117.0.5938.149 using chrome-pool strategy","meta":{"rootId":"6g09gsrmucs35s5","id":"6g09gsrmucs35s5"},"id":"0k0tpdxotl8n215","previousOperationId":"il8c39pp2fsympi"}
{"type":"log","timestamp":1704991260413,"level":"debug","message":"Page request: GET (document) file:///tmp/jsreport/autocleanup/3e0704f4-6940-4124-baf1-68fdb5057f6f-chrome-pdf.html","meta":{"rootId":"6g09gsrmucs35s5","id":"6g09gsrmucs35s5"},"id":"4xb9i4h6x71i97r","previousOperationId":"il8c39pp2fsympi"}
{"type":"log","timestamp":1704991260420,"level":"debug","message":"Page request: GET (script) https://cdn.jsdelivr.net/npm/chart.js","meta":{"rootId":"6g09gsrmucs35s5","id":"6g09gsrmucs35s5"},"id":"dxc7slxr32h15rr","previousOperationId":"il8c39pp2fsympi"}
{"type":"log","timestamp":1704991260420,"level":"debug","message":"Page request finished: GET (document) 200 file:///tmp/jsreport/autocleanup/3e0704f4-6940-4124-baf1-68fdb5057f6f-chrome-pdf.html","meta":{"rootId":"6g09gsrmucs35s5","id":"6g09gsrmucs35s5"},"id":"keimg138kpvkpta","previousOperationId":"il8c39pp2fsympi"}
{"type":"log","timestamp":1704991260423,"level":"debug","message":"Page request finished: GET (script) 200 https://cdn.jsdelivr.net/npm/chart.js","meta":{"rootId":"6g09gsrmucs35s5","id":"6g09gsrmucs35s5"},"id":"edldirtnd6fqspx","previousOperationId":"il8c39pp2fsympi"}
{"type":"log","timestamp":1704991260468,"level":"debug","message":"Running chrome with params {\"printBackground\":true,\"timeout\":59965,\"margin\":{}}","meta":{"rootId":"6g09gsrmucs35s5","id":"6g09gsrmucs35s5"},"id":"tzelwptdg19yj5d","previousOperationId":"il8c39pp2fsympi"}
{"type":"operationEnd","operationId":"il8c39pp2fsympi","timestamp":1704991260491,"id":"kyu3hhzpvkia4ob","previousEventId":"3vpncxxo54idgel","previousOperationId":"il8c39pp2fsympi"}
{"type":"log","timestamp":1704991260491,"level":"debug","message":"Skipping storing report.","meta":{"rootId":"6g09gsrmucs35s5","id":"6g09gsrmucs35s5"},"id":"8dttcujhhjohynk","previousOperationId":"il8c39pp2fsympi"}
{"type":"log","timestamp":1704991260491,"level":"info","message":"Rendering request 65 finished in 142 ms","meta":{"rootId":"6g09gsrmucs35s5","id":"6g09gsrmucs35s5"},"id":"5e1jr4dtc5qhj3p","previousOperationId":"il8c39pp2fsympi"}
{"type":"operationEnd","subtype":"render","operationId":"jukygznslzppbn3","timestamp":1704991260491,"id":"iq0te82qaqd7buy","previousEventId":"kyu3hhzpvkia4ob","previousOperationId":"il8c39pp2fsympi"}
{"type":"operationEnd","doDiffs":false,"previousEventId":"o1drrhu4rylng4x","previousOperationId":"fk1efoa2sht4v7q","operationId":"fk1efoa2sht4v7q","timestamp":1704991260493,"id":"cyg0ept2da62z0g"}
