{"type":"operationStart","subtype":"profile","data":{"_id":"43tdnoVZoliP2we8","timestamp":"2024-01-11T16:30:33.758Z","state":"queued","mode":"standard","creationDate":"2024-01-11T16:30:33.760Z","modificationDate":"2024-01-11T16:30:33.760Z","shortid":"CJNNK6b","$entitySet":"profiles"},"doDiffs":false,"timestamp":1704990633758,"id":"haqtx3066fs1hrm","previousOperationId":null,"operationId":"4b51cum7szpq46c"}
{"type":"log","level":"info","message":"Render request 48 queued for execution and waiting for available worker","previousOperationId":"4b51cum7szpq46c","timestamp":1704990633759,"id":"z6sij3e0aqg9p28"}
{"type":"operationStart","subtype":"render","name":"User_project","previousOperationId":"4b51cum7szpq46c","timestamp":1704990633766,"id":"q3qdw6ssk1pdu3r","previousEventId":"haqtx3066fs1hrm","operationId":"6fvqdsd7l37ro47"}
{"type":"log","timestamp":1704990633766,"level":"info","message":"Starting rendering request 48","meta":{"rootId":"6k7s53f38je6qdp","id":"6k7s53f38je6qdp"},"id":"f4r6tdy1eob2qxq","previousOperationId":"6fvqdsd7l37ro47"}
{"type":"log","timestamp":1704990633766,"level":"info","message":"Rendering template { name: User_project, recipe: chrome-pdf, engine: handlebars, preview: true }","meta":{"rootId":"6k7s53f38je6qdp","id":"6k7s53f38je6qdp"},"id":"53re29rfink59x6","previousOperationId":"6fvqdsd7l37ro47"}
{"type":"log","timestamp":1704990633766,"level":"debug","message":"Data item not defined for this template.","meta":{"rootId":"6k7s53f38je6qdp","id":"6k7s53f38je6qdp"},"id":"ckpi2mkxqyt45ix","previousOperationId":"6fvqdsd7l37ro47"}
{"type":"log","timestamp":1704990633768,"level":"debug","message":"Executing script usabi-data (beforeRender)","meta":{"rootId":"6k7s53f38je6qdp","id":"6k7s53f38je6qdp"},"id":"xwkbyflbp1k9dvn","previousOperationId":"6fvqdsd7l37ro47"}
{"type":"operationStart","subtype":"scriptsBeforeRender","name":"scripts beforeRender","timestamp":1704990633771,"id":"isnte94gilrpvyn","previousEventId":"q3qdw6ssk1pdu3r","operationId":"95sw3sy0izvzov2","previousOperationId":"6fvqdsd7l37ro47"}
{"type":"operationStart","subtype":"script","name":"scripts usabi-data","previousOperationId":"95sw3sy0izvzov2","timestamp":1704990633771,"id":"6ccroilsrh65tk2","previousEventId":"isnte94gilrpvyn","operationId":"z1da0ag82j61uqs"}
{"type":"operationEnd","operationId":"z1da0ag82j61uqs","timestamp":1704990633781,"id":"6nic07tw47mdwgo","previousEventId":"q3qdw6ssk1pdu3r","previousOperationId":"6fvqdsd7l37ro47"}
{"type":"operationEnd","operationId":"95sw3sy0izvzov2","timestamp":1704990633781,"id":"l4vxtmtwf3xe76e","previousEventId":"6nic07tw47mdwgo","previousOperationId":"6fvqdsd7l37ro47"}
{"type":"log","timestamp":1704990633781,"level":"debug","message":"Base url not specified, skipping its injection.","meta":{"rootId":"6k7s53f38je6qdp","id":"6k7s53f38je6qdp"},"id":"elsx3am2mbasfq1","previousOperationId":"95sw3sy0izvzov2"}
{"type":"operationStart","subtype":"engine","name":"handlebars","timestamp":1704990633781,"id":"c5u7zk1nccsr5hd","previousEventId":"l4vxtmtwf3xe76e","operationId":"nth6d2kuw8f4vw7","previousOperationId":"95sw3sy0izvzov2"}
{"type":"log","timestamp":1704990633781,"level":"debug","message":"Rendering engine handlebars","meta":{"rootId":"6k7s53f38je6qdp","id":"6k7s53f38je6qdp"},"id":"eytu8w6p2cdah0d","previousOperationId":"nth6d2kuw8f4vw7"}
{"type":"operationEnd","operationId":"nth6d2kuw8f4vw7","timestamp":1704990633790,"id":"ugjgjsjlurn6kf4","previousEventId":"c5u7zk1nccsr5hd","previousOperationId":"nth6d2kuw8f4vw7"}
{"type":"operationStart","subtype":"recipe","name":"chrome-pdf","timestamp":1704990633790,"id":"f6rp6mc4b15tfez","previousEventId":"ugjgjsjlurn6kf4","operationId":"zjup5kgfk1lar4y","previousOperationId":"nth6d2kuw8f4vw7"}
{"type":"log","timestamp":1704990633790,"level":"debug","message":"Executing recipe chrome-pdf","meta":{"rootId":"6k7s53f38je6qdp","id":"6k7s53f38je6qdp"},"id":"oca4xec3kcdxmfa","previousOperationId":"zjup5kgfk1lar4y"}
{"type":"log","timestamp":1704990633792,"level":"debug","message":"Converting with chrome HeadlessChrome/117.0.5938.149 using chrome-pool strategy","meta":{"rootId":"6k7s53f38je6qdp","id":"6k7s53f38je6qdp"},"id":"7u4xll0zz3du4bx","previousOperationId":"zjup5kgfk1lar4y"}
{"type":"log","timestamp":1704990633823,"level":"debug","message":"Page request: GET (document) file:///tmp/jsreport/autocleanup/9f1a8ce4-b812-4e5a-9787-a4d171e97d3a-chrome-pdf.html","meta":{"rootId":"6k7s53f38je6qdp","id":"6k7s53f38je6qdp"},"id":"bozgvozgoi3vyy2","previousOperationId":"zjup5kgfk1lar4y"}
{"type":"log","timestamp":1704990633831,"level":"debug","message":"Page request: GET (script) https://cdn.jsdelivr.net/npm/chart.js","meta":{"rootId":"6k7s53f38je6qdp","id":"6k7s53f38je6qdp"},"id":"3qxguqeraz1tx6m","previousOperationId":"zjup5kgfk1lar4y"}
{"type":"log","timestamp":1704990633831,"level":"debug","message":"Page request finished: GET (document) 200 file:///tmp/jsreport/autocleanup/9f1a8ce4-b812-4e5a-9787-a4d171e97d3a-chrome-pdf.html","meta":{"rootId":"6k7s53f38je6qdp","id":"6k7s53f38je6qdp"},"id":"xua18bu5ia80p54","previousOperationId":"zjup5kgfk1lar4y"}
{"type":"log","timestamp":1704990633835,"level":"debug","message":"Page request finished: GET (script) 200 https://cdn.jsdelivr.net/npm/chart.js","meta":{"rootId":"6k7s53f38je6qdp","id":"6k7s53f38je6qdp"},"id":"hrsxctsk2141b2h","previousOperationId":"zjup5kgfk1lar4y"}
{"type":"log","timestamp":1704990633882,"level":"debug","message":"Running chrome with params {\"printBackground\":true,\"timeout\":59967,\"margin\":{}}","meta":{"rootId":"6k7s53f38je6qdp","id":"6k7s53f38je6qdp"},"id":"pptavmypajqctnp","previousOperationId":"zjup5kgfk1lar4y"}
{"type":"operationEnd","operationId":"zjup5kgfk1lar4y","timestamp":1704990633900,"id":"63clza92ubwb8r7","previousEventId":"f6rp6mc4b15tfez","previousOperationId":"zjup5kgfk1lar4y"}
{"type":"log","timestamp":1704990633900,"level":"debug","message":"Skipping storing report.","meta":{"rootId":"6k7s53f38je6qdp","id":"6k7s53f38je6qdp"},"id":"0e3br1lkuwgzt1i","previousOperationId":"zjup5kgfk1lar4y"}
{"type":"log","timestamp":1704990633900,"level":"info","message":"Rendering request 48 finished in 142 ms","meta":{"rootId":"6k7s53f38je6qdp","id":"6k7s53f38je6qdp"},"id":"so7j25y4gecqwsl","previousOperationId":"zjup5kgfk1lar4y"}
{"type":"operationEnd","subtype":"render","operationId":"6fvqdsd7l37ro47","timestamp":1704990633900,"id":"g6t1s00cf604mar","previousEventId":"63clza92ubwb8r7","previousOperationId":"zjup5kgfk1lar4y"}
{"type":"operationEnd","doDiffs":false,"previousEventId":"haqtx3066fs1hrm","previousOperationId":"4b51cum7szpq46c","operationId":"4b51cum7szpq46c","timestamp":1704990633904,"id":"tuyuaz9n837sfs6"}
