{"type":"operationStart","subtype":"profile","data":{"_id":"2m8dNewu4qKOhImR","timestamp":"2024-01-11T16:46:33.771Z","state":"queued","mode":"standard","creationDate":"2024-01-11T16:46:33.772Z","modificationDate":"2024-01-11T16:46:33.772Z","shortid":"Khq11fQ","$entitySet":"profiles"},"doDiffs":false,"timestamp":1704991593771,"id":"z8y4xt82pgij4co","previousOperationId":null,"operationId":"ld1skh72tregjfn"}
{"type":"log","level":"info","message":"Render request 76 queued for execution and waiting for available worker","previousOperationId":"ld1skh72tregjfn","timestamp":1704991593771,"id":"taxj7da24ccw8kw"}
{"type":"operationStart","subtype":"render","name":"User_project","previousOperationId":"ld1skh72tregjfn","timestamp":1704991593777,"id":"q3nx2rmx201p01f","previousEventId":"z8y4xt82pgij4co","operationId":"aq91moet9g0fjut"}
{"type":"log","timestamp":1704991593777,"level":"info","message":"Starting rendering request 76","meta":{"rootId":"6mzs17lpsuphqkl","id":"6mzs17lpsuphqkl"},"id":"3bsziuupqre12ks","previousOperationId":"aq91moet9g0fjut"}
{"type":"log","timestamp":1704991593777,"level":"info","message":"Rendering template { name: User_project, recipe: chrome-pdf, engine: handlebars, preview: true }","meta":{"rootId":"6mzs17lpsuphqkl","id":"6mzs17lpsuphqkl"},"id":"wtjqxn5h0ksfz5x","previousOperationId":"aq91moet9g0fjut"}
{"type":"log","timestamp":1704991593777,"level":"debug","message":"Data item not defined for this template.","meta":{"rootId":"6mzs17lpsuphqkl","id":"6mzs17lpsuphqkl"},"id":"jde4l108ypsrcpu","previousOperationId":"aq91moet9g0fjut"}
{"type":"log","timestamp":1704991593778,"level":"debug","message":"Executing script usabi-data (beforeRender)","meta":{"rootId":"6mzs17lpsuphqkl","id":"6mzs17lpsuphqkl"},"id":"uax3ucsj2lggf8e","previousOperationId":"aq91moet9g0fjut"}
{"type":"operationStart","subtype":"scriptsBeforeRender","name":"scripts beforeRender","timestamp":1704991593782,"id":"p6it57md7ytb3ad","previousEventId":"q3nx2rmx201p01f","operationId":"sph8gn5qx7c6fxh","previousOperationId":"aq91moet9g0fjut"}
{"type":"operationStart","subtype":"script","name":"scripts usabi-data","previousOperationId":"sph8gn5qx7c6fxh","timestamp":1704991593782,"id":"4f3sy18jw9tts9o","previousEventId":"p6it57md7ytb3ad","operationId":"0sw88ffp2mtd056"}
{"type":"operationEnd","operationId":"0sw88ffp2mtd056","timestamp":1704991593791,"id":"ha6sq83wewywwx6","previousEventId":"q3nx2rmx201p01f","previousOperationId":"aq91moet9g0fjut"}
{"type":"operationEnd","operationId":"sph8gn5qx7c6fxh","timestamp":1704991593791,"id":"q14hs1y2a8mlyf6","previousEventId":"ha6sq83wewywwx6","previousOperationId":"aq91moet9g0fjut"}
{"type":"log","timestamp":1704991593791,"level":"debug","message":"Base url not specified, skipping its injection.","meta":{"rootId":"6mzs17lpsuphqkl","id":"6mzs17lpsuphqkl"},"id":"wkzndiomxhean83","previousOperationId":"sph8gn5qx7c6fxh"}
{"type":"operationStart","subtype":"engine","name":"handlebars","timestamp":1704991593792,"id":"3rdvf7sfqcbohwl","previousEventId":"q14hs1y2a8mlyf6","operationId":"0bu0srx4vvlqeoq","previousOperationId":"sph8gn5qx7c6fxh"}
{"type":"log","timestamp":1704991593792,"level":"debug","message":"Rendering engine handlebars","meta":{"rootId":"6mzs17lpsuphqkl","id":"6mzs17lpsuphqkl"},"id":"lx8uw8pb4rkgdod","previousOperationId":"0bu0srx4vvlqeoq"}
{"type":"operationEnd","operationId":"0bu0srx4vvlqeoq","timestamp":1704991593802,"id":"ayeo9plg471w9ud","previousEventId":"3rdvf7sfqcbohwl","previousOperationId":"0bu0srx4vvlqeoq"}
{"type":"operationStart","subtype":"recipe","name":"chrome-pdf","timestamp":1704991593802,"id":"173uj2j445mxafn","previousEventId":"ayeo9plg471w9ud","operationId":"w9ao7za0uw2og09","previousOperationId":"0bu0srx4vvlqeoq"}
{"type":"log","timestamp":1704991593802,"level":"debug","message":"Executing recipe chrome-pdf","meta":{"rootId":"6mzs17lpsuphqkl","id":"6mzs17lpsuphqkl"},"id":"xf0a663ig5k5mef","previousOperationId":"w9ao7za0uw2og09"}
{"type":"log","timestamp":1704991593805,"level":"debug","message":"Converting with chrome HeadlessChrome/117.0.5938.149 using chrome-pool strategy","meta":{"rootId":"6mzs17lpsuphqkl","id":"6mzs17lpsuphqkl"},"id":"l73wa1kxqybbx7i","previousOperationId":"w9ao7za0uw2og09"}
{"type":"log","timestamp":1704991593836,"level":"debug","message":"Page request: GET (document) file:///tmp/jsreport/autocleanup/ffc1b176-9e05-4642-87c5-effea6eb150f-chrome-pdf.html","meta":{"rootId":"6mzs17lpsuphqkl","id":"6mzs17lpsuphqkl"},"id":"mb31jjw61w2yz5d","previousOperationId":"w9ao7za0uw2og09"}
{"type":"log","timestamp":1704991593842,"level":"debug","message":"Page request: GET (script) https://cdn.jsdelivr.net/npm/chart.js","meta":{"rootId":"6mzs17lpsuphqkl","id":"6mzs17lpsuphqkl"},"id":"sla2hns6j6s7ydx","previousOperationId":"w9ao7za0uw2og09"}
{"type":"log","timestamp":1704991593842,"level":"debug","message":"Page request finished: GET (document) 200 file:///tmp/jsreport/autocleanup/ffc1b176-9e05-4642-87c5-effea6eb150f-chrome-pdf.html","meta":{"rootId":"6mzs17lpsuphqkl","id":"6mzs17lpsuphqkl"},"id":"aqegnbn52c2ddn8","previousOperationId":"w9ao7za0uw2og09"}
{"type":"log","timestamp":1704991593845,"level":"debug","message":"Page request finished: GET (script) 200 https://cdn.jsdelivr.net/npm/chart.js","meta":{"rootId":"6mzs17lpsuphqkl","id":"6mzs17lpsuphqkl"},"id":"fqcnoc2h785ubv3","previousOperationId":"w9ao7za0uw2og09"}
{"type":"log","timestamp":1704991593913,"level":"debug","message":"Running chrome with params {\"printBackground\":true,\"timeout\":59967,\"margin\":{}}","meta":{"rootId":"6mzs17lpsuphqkl","id":"6mzs17lpsuphqkl"},"id":"8s1w0hvulou3xhp","previousOperationId":"w9ao7za0uw2og09"}
{"type":"operationEnd","operationId":"w9ao7za0uw2og09","timestamp":1704991593960,"id":"a4ienyp1evoflds","previousEventId":"173uj2j445mxafn","previousOperationId":"w9ao7za0uw2og09"}
{"type":"log","timestamp":1704991593960,"level":"debug","message":"Skipping storing report.","meta":{"rootId":"6mzs17lpsuphqkl","id":"6mzs17lpsuphqkl"},"id":"amxstqla0zsu8ag","previousOperationId":"w9ao7za0uw2og09"}
{"type":"log","timestamp":1704991593960,"level":"info","message":"Rendering request 76 finished in 189 ms","meta":{"rootId":"6mzs17lpsuphqkl","id":"6mzs17lpsuphqkl"},"id":"uelzucn9rg3me8z","previousOperationId":"w9ao7za0uw2og09"}
{"type":"operationEnd","subtype":"render","operationId":"aq91moet9g0fjut","timestamp":1704991593960,"id":"eve1uwev6j030tc","previousEventId":"a4ienyp1evoflds","previousOperationId":"w9ao7za0uw2og09"}
{"type":"operationEnd","doDiffs":false,"previousEventId":"z8y4xt82pgij4co","previousOperationId":"ld1skh72tregjfn","operationId":"ld1skh72tregjfn","timestamp":1704991593962,"id":"3abwlolpvt6t0gl"}
