{"type":"operationStart","subtype":"profile","data":{"_id":"PKTUmGK4GY6k3wkW","timestamp":"2024-01-15T20:30:42.204Z","state":"queued","mode":"standard","creationDate":"2024-01-15T20:30:42.204Z","modificationDate":"2024-01-15T20:30:42.204Z","shortid":"jauSEQS","$entitySet":"profiles"},"doDiffs":false,"timestamp":1705350642204,"id":"pd4dmjjd49qzhch","previousOperationId":null,"operationId":"foo5onusml9bnx6"}
{"type":"log","level":"info","message":"Render request 12 queued for execution and waiting for available worker","previousOperationId":"foo5onusml9bnx6","timestamp":1705350642204,"id":"7dbkeqcp83jwshj"}
{"type":"operationStart","subtype":"render","name":"User_project","previousOperationId":"foo5onusml9bnx6","timestamp":1705350642207,"id":"kuc78kd0esg7wfn","previousEventId":"pd4dmjjd49qzhch","operationId":"ih346l3fhac3s1w"}
{"type":"log","timestamp":1705350642207,"level":"info","message":"Starting rendering request 12","meta":{"rootId":"6vzdt8zk4mj3mp7","id":"6vzdt8zk4mj3mp7"},"id":"xmlu2vmygjwmrs0","previousOperationId":"ih346l3fhac3s1w"}
{"type":"log","timestamp":1705350642207,"level":"info","message":"Rendering template { name: User_project, recipe: chrome-pdf, engine: handlebars, preview: false }","meta":{"rootId":"6vzdt8zk4mj3mp7","id":"6vzdt8zk4mj3mp7"},"id":"rijisbfwhu7ax24","previousOperationId":"ih346l3fhac3s1w"}
{"type":"log","timestamp":1705350642208,"level":"debug","message":"Data item not defined for this template.","meta":{"rootId":"6vzdt8zk4mj3mp7","id":"6vzdt8zk4mj3mp7"},"id":"mfvd11sdba42pu3","previousOperationId":"ih346l3fhac3s1w"}
{"type":"log","timestamp":1705350642210,"level":"debug","message":"Executing script usabi-data (beforeRender)","meta":{"rootId":"6vzdt8zk4mj3mp7","id":"6vzdt8zk4mj3mp7"},"id":"qmrn13cyoge84rh","previousOperationId":"ih346l3fhac3s1w"}
{"type":"operationStart","subtype":"scriptsBeforeRender","name":"scripts beforeRender","timestamp":1705350642215,"id":"kdajcmz9y1r9gnb","previousEventId":"kuc78kd0esg7wfn","operationId":"2zh2sc77q6967sc","previousOperationId":"ih346l3fhac3s1w"}
{"type":"operationStart","subtype":"script","name":"scripts usabi-data","previousOperationId":"2zh2sc77q6967sc","timestamp":1705350642215,"id":"g7tv6v861jv3azw","previousEventId":"kdajcmz9y1r9gnb","operationId":"ygqauyvycg29ida"}
{"type":"operationEnd","operationId":"ygqauyvycg29ida","timestamp":1705350642232,"id":"rbuxu62db4p2db7","previousEventId":"kuc78kd0esg7wfn","previousOperationId":"ih346l3fhac3s1w"}
{"type":"log","timestamp":1705350642232,"level":"debug","message":"Executing script orders-script (beforeRender)","meta":{"rootId":"6vzdt8zk4mj3mp7","id":"6vzdt8zk4mj3mp7"},"id":"c521ad00bymlue6","previousOperationId":"ih346l3fhac3s1w"}
{"type":"operationStart","subtype":"script","name":"scripts orders-script","previousOperationId":"2zh2sc77q6967sc","timestamp":1705350642235,"id":"luf7g5xeydt0l4y","previousEventId":"rbuxu62db4p2db7","operationId":"kc9mwhsucht40mt"}
{"type":"operationEnd","operationId":"kc9mwhsucht40mt","timestamp":1705350644233,"id":"0fr28a2gm9afcpi","previousEventId":"rbuxu62db4p2db7","previousOperationId":"ih346l3fhac3s1w"}
{"type":"operationEnd","operationId":"2zh2sc77q6967sc","timestamp":1705350644233,"id":"u2ghkuwa1dccps9","previousEventId":"0fr28a2gm9afcpi","previousOperationId":"ih346l3fhac3s1w"}
{"type":"log","timestamp":1705350644233,"level":"debug","message":"Base url not specified, skipping its injection.","meta":{"rootId":"6vzdt8zk4mj3mp7","id":"6vzdt8zk4mj3mp7"},"id":"605hyttzdgi3qs7","previousOperationId":"2zh2sc77q6967sc"}
{"type":"operationStart","subtype":"engine","name":"handlebars","timestamp":1705350644234,"id":"r2g0m10cxr38ubp","previousEventId":"u2ghkuwa1dccps9","operationId":"hxz9wf7b11594bm","previousOperationId":"2zh2sc77q6967sc"}
{"type":"log","timestamp":1705350644234,"level":"debug","message":"Rendering engine handlebars","meta":{"rootId":"6vzdt8zk4mj3mp7","id":"6vzdt8zk4mj3mp7"},"id":"s7nn82vhh2jrdf6","previousOperationId":"hxz9wf7b11594bm"}
{"type":"operationEnd","operationId":"hxz9wf7b11594bm","timestamp":1705350644261,"id":"hn2drisyrmdm2h4","previousEventId":"r2g0m10cxr38ubp","previousOperationId":"hxz9wf7b11594bm"}
{"type":"operationStart","subtype":"recipe","name":"chrome-pdf","timestamp":1705350644261,"id":"7l42mzvdpksxquf","previousEventId":"hn2drisyrmdm2h4","operationId":"4kj808fa6xu4gy6","previousOperationId":"hxz9wf7b11594bm"}
{"type":"log","timestamp":1705350644261,"level":"debug","message":"Executing recipe chrome-pdf","meta":{"rootId":"6vzdt8zk4mj3mp7","id":"6vzdt8zk4mj3mp7"},"id":"tj88hh7gcgdwez4","previousOperationId":"4kj808fa6xu4gy6"}
{"type":"log","timestamp":1705350644263,"level":"debug","message":"Converting with chrome HeadlessChrome/117.0.5938.149 using chrome-pool strategy","meta":{"rootId":"6vzdt8zk4mj3mp7","id":"6vzdt8zk4mj3mp7"},"id":"lq7iqpo6nro0rg8","previousOperationId":"4kj808fa6xu4gy6"}
{"type":"log","timestamp":1705350644292,"level":"debug","message":"Page request: GET (document) file:///tmp/jsreport/autocleanup/f1b8423f-a6ca-4dce-9cc6-47279c45c7d9-chrome-pdf.html","meta":{"rootId":"6vzdt8zk4mj3mp7","id":"6vzdt8zk4mj3mp7"},"id":"qz0hzlkofhzmtpd","previousOperationId":"4kj808fa6xu4gy6"}
{"type":"log","timestamp":1705350644298,"level":"debug","message":"Page request: GET (script) https://cdn.jsdelivr.net/npm/chart.js","meta":{"rootId":"6vzdt8zk4mj3mp7","id":"6vzdt8zk4mj3mp7"},"id":"3u3lkz949uxfatz","previousOperationId":"4kj808fa6xu4gy6"}
{"type":"log","timestamp":1705350644298,"level":"debug","message":"Page request finished: GET (document) 200 file:///tmp/jsreport/autocleanup/f1b8423f-a6ca-4dce-9cc6-47279c45c7d9-chrome-pdf.html","meta":{"rootId":"6vzdt8zk4mj3mp7","id":"6vzdt8zk4mj3mp7"},"id":"8i4aj3dzjzghtvh","previousOperationId":"4kj808fa6xu4gy6"}
{"type":"log","timestamp":1705350644306,"level":"debug","message":"Page request finished: GET (script) 200 https://cdn.jsdelivr.net/npm/chart.js","meta":{"rootId":"6vzdt8zk4mj3mp7","id":"6vzdt8zk4mj3mp7"},"id":"qgay2jelo14f4py","previousOperationId":"4kj808fa6xu4gy6"}
{"type":"log","timestamp":1705350644349,"level":"debug","message":"Running chrome with params {\"printBackground\":true,\"timeout\":57941,\"margin\":{}}","meta":{"rootId":"6vzdt8zk4mj3mp7","id":"6vzdt8zk4mj3mp7"},"id":"ya3skxxstdylwuw","previousOperationId":"4kj808fa6xu4gy6"}
{"type":"operationEnd","operationId":"4kj808fa6xu4gy6","timestamp":1705350644399,"id":"w9b5u082i5t2p5v","previousEventId":"7l42mzvdpksxquf","previousOperationId":"4kj808fa6xu4gy6"}
{"type":"log","timestamp":1705350644399,"level":"debug","message":"Skipping storing report.","meta":{"rootId":"6vzdt8zk4mj3mp7","id":"6vzdt8zk4mj3mp7"},"id":"7d05z4sa2oimqhd","previousOperationId":"4kj808fa6xu4gy6"}
{"type":"log","timestamp":1705350644400,"level":"info","message":"Rendering request 12 finished in 2197 ms","meta":{"rootId":"6vzdt8zk4mj3mp7","id":"6vzdt8zk4mj3mp7"},"id":"afhang4jwex9kt4","previousOperationId":"4kj808fa6xu4gy6"}
{"type":"operationEnd","subtype":"render","operationId":"ih346l3fhac3s1w","timestamp":1705350644400,"id":"gukqsxs254bbhie","previousEventId":"w9b5u082i5t2p5v","previousOperationId":"4kj808fa6xu4gy6"}
{"type":"operationEnd","doDiffs":false,"previousEventId":"pd4dmjjd49qzhch","previousOperationId":"foo5onusml9bnx6","operationId":"foo5onusml9bnx6","timestamp":1705350644401,"id":"evwxeflkpx2qvk7"}
