{"type":"operationStart","subtype":"profile","data":{"_id":"7kRTybgyLkvqpPiO","timestamp":"2024-01-11T16:39:54.143Z","state":"queued","mode":"standard","creationDate":"2024-01-11T16:39:54.144Z","modificationDate":"2024-01-11T16:39:54.144Z","shortid":"fAK6L_r","$entitySet":"profiles"},"doDiffs":false,"timestamp":1704991194144,"id":"kcue960k9xry01x","previousOperationId":null,"operationId":"nam3zk071z1clhc"}
{"type":"log","level":"info","message":"Render request 61 queued for execution and waiting for available worker","previousOperationId":"nam3zk071z1clhc","timestamp":1704991194144,"id":"3f1i60qavyzsctj"}
{"type":"operationStart","subtype":"render","name":"User_project","previousOperationId":"nam3zk071z1clhc","timestamp":1704991194148,"id":"lg1j1r1gnu986sd","previousEventId":"kcue960k9xry01x","operationId":"g54gensnce6yplq"}
{"type":"log","timestamp":1704991194149,"level":"info","message":"Starting rendering request 61","meta":{"rootId":"6xn94h07hd3trax","id":"6xn94h07hd3trax"},"id":"wtfolq392e9d0vr","previousOperationId":"g54gensnce6yplq"}
{"type":"log","timestamp":1704991194149,"level":"info","message":"Rendering template { name: User_project, recipe: chrome-pdf, engine: handlebars, preview: true }","meta":{"rootId":"6xn94h07hd3trax","id":"6xn94h07hd3trax"},"id":"8ryz40kyz4wftki","previousOperationId":"g54gensnce6yplq"}
{"type":"log","timestamp":1704991194149,"level":"debug","message":"Data item not defined for this template.","meta":{"rootId":"6xn94h07hd3trax","id":"6xn94h07hd3trax"},"id":"yoyuye70ghdlsb9","previousOperationId":"g54gensnce6yplq"}
{"type":"log","timestamp":1704991194150,"level":"debug","message":"Executing script usabi-data (beforeRender)","meta":{"rootId":"6xn94h07hd3trax","id":"6xn94h07hd3trax"},"id":"n8pld2f316of6k3","previousOperationId":"g54gensnce6yplq"}
{"type":"operationStart","subtype":"scriptsBeforeRender","name":"scripts beforeRender","timestamp":1704991194154,"id":"n3b2bt4efi8iqqp","previousEventId":"lg1j1r1gnu986sd","operationId":"63sofcemezmbxjz","previousOperationId":"g54gensnce6yplq"}
{"type":"operationStart","subtype":"script","name":"scripts usabi-data","previousOperationId":"63sofcemezmbxjz","timestamp":1704991194154,"id":"89qz80lbq8bih2c","previousEventId":"n3b2bt4efi8iqqp","operationId":"02y1vvc1q1na4kj"}
{"type":"operationEnd","operationId":"02y1vvc1q1na4kj","timestamp":1704991194166,"id":"w6b6pmnqymjxl4c","previousEventId":"lg1j1r1gnu986sd","previousOperationId":"g54gensnce6yplq"}
{"type":"operationEnd","operationId":"63sofcemezmbxjz","timestamp":1704991194166,"id":"oeorgopk9v8gha3","previousEventId":"w6b6pmnqymjxl4c","previousOperationId":"g54gensnce6yplq"}
{"type":"log","timestamp":1704991194166,"level":"debug","message":"Base url not specified, skipping its injection.","meta":{"rootId":"6xn94h07hd3trax","id":"6xn94h07hd3trax"},"id":"0dkx8sm3e9cwmzh","previousOperationId":"63sofcemezmbxjz"}
{"type":"operationStart","subtype":"engine","name":"handlebars","timestamp":1704991194166,"id":"vghvzs04e086p0j","previousEventId":"oeorgopk9v8gha3","operationId":"wn9ltjmqmehcz7h","previousOperationId":"63sofcemezmbxjz"}
{"type":"log","timestamp":1704991194166,"level":"debug","message":"Rendering engine handlebars","meta":{"rootId":"6xn94h07hd3trax","id":"6xn94h07hd3trax"},"id":"9zdhco900xmk2ql","previousOperationId":"wn9ltjmqmehcz7h"}
{"type":"operationEnd","operationId":"wn9ltjmqmehcz7h","timestamp":1704991194174,"id":"q2s8b7xij22afa7","previousEventId":"vghvzs04e086p0j","previousOperationId":"wn9ltjmqmehcz7h"}
{"type":"operationStart","subtype":"recipe","name":"chrome-pdf","timestamp":1704991194174,"id":"zgumtj3g1cf2d2q","previousEventId":"q2s8b7xij22afa7","operationId":"ocj2r381w3i5jtu","previousOperationId":"wn9ltjmqmehcz7h"}
{"type":"log","timestamp":1704991194174,"level":"debug","message":"Executing recipe chrome-pdf","meta":{"rootId":"6xn94h07hd3trax","id":"6xn94h07hd3trax"},"id":"tcusjwjrw23vbg3","previousOperationId":"ocj2r381w3i5jtu"}
{"type":"log","timestamp":1704991194175,"level":"debug","message":"Converting with chrome HeadlessChrome/117.0.5938.149 using chrome-pool strategy","meta":{"rootId":"6xn94h07hd3trax","id":"6xn94h07hd3trax"},"id":"8e0l92w298ce8kd","previousOperationId":"ocj2r381w3i5jtu"}
{"type":"log","timestamp":1704991194205,"level":"debug","message":"Page request: GET (document) file:///tmp/jsreport/autocleanup/3a835e6b-1e39-4a88-90d1-dd7629b34e00-chrome-pdf.html","meta":{"rootId":"6xn94h07hd3trax","id":"6xn94h07hd3trax"},"id":"gllfysp485fsykd","previousOperationId":"ocj2r381w3i5jtu"}
{"type":"log","timestamp":1704991194212,"level":"debug","message":"Page request: GET (script) https://cdn.jsdelivr.net/npm/chart.js","meta":{"rootId":"6xn94h07hd3trax","id":"6xn94h07hd3trax"},"id":"6rrflohakq1suks","previousOperationId":"ocj2r381w3i5jtu"}
{"type":"log","timestamp":1704991194212,"level":"debug","message":"Page request finished: GET (document) 200 file:///tmp/jsreport/autocleanup/3a835e6b-1e39-4a88-90d1-dd7629b34e00-chrome-pdf.html","meta":{"rootId":"6xn94h07hd3trax","id":"6xn94h07hd3trax"},"id":"opzmk3jufk7r4mz","previousOperationId":"ocj2r381w3i5jtu"}
{"type":"log","timestamp":1704991194215,"level":"debug","message":"Page request finished: GET (script) 200 https://cdn.jsdelivr.net/npm/chart.js","meta":{"rootId":"6xn94h07hd3trax","id":"6xn94h07hd3trax"},"id":"7xwctpgskzx5dow","previousOperationId":"ocj2r381w3i5jtu"}
{"type":"log","timestamp":1704991194262,"level":"debug","message":"Running chrome with params {\"printBackground\":true,\"timeout\":59968,\"margin\":{}}","meta":{"rootId":"6xn94h07hd3trax","id":"6xn94h07hd3trax"},"id":"ifss7iq9w4n3l0w","previousOperationId":"ocj2r381w3i5jtu"}
{"type":"operationEnd","operationId":"ocj2r381w3i5jtu","timestamp":1704991194282,"id":"5xfeqkf4sh45r44","previousEventId":"zgumtj3g1cf2d2q","previousOperationId":"ocj2r381w3i5jtu"}
{"type":"log","timestamp":1704991194282,"level":"debug","message":"Skipping storing report.","meta":{"rootId":"6xn94h07hd3trax","id":"6xn94h07hd3trax"},"id":"2qx8qktvsx26j5n","previousOperationId":"ocj2r381w3i5jtu"}
{"type":"log","timestamp":1704991194282,"level":"info","message":"Rendering request 61 finished in 139 ms","meta":{"rootId":"6xn94h07hd3trax","id":"6xn94h07hd3trax"},"id":"2tceboaxxswk97v","previousOperationId":"ocj2r381w3i5jtu"}
{"type":"operationEnd","subtype":"render","operationId":"g54gensnce6yplq","timestamp":1704991194282,"id":"xme6ugfft55nwt9","previousEventId":"5xfeqkf4sh45r44","previousOperationId":"ocj2r381w3i5jtu"}
{"type":"operationEnd","doDiffs":false,"previousEventId":"kcue960k9xry01x","previousOperationId":"nam3zk071z1clhc","operationId":"nam3zk071z1clhc","timestamp":1704991194284,"id":"kd7n5fyhkwd42iz"}
