{"type":"operationStart","subtype":"profile","data":{"_id":"FJohkreIhB74tL6k","timestamp":"2024-01-11T16:25:50.976Z","state":"queued","mode":"standard","creationDate":"2024-01-11T16:25:50.977Z","modificationDate":"2024-01-11T16:25:50.977Z","shortid":"Zhf1G-0","$entitySet":"profiles"},"doDiffs":false,"timestamp":1704990350977,"id":"q4yfr3ovbcoajpz","previousOperationId":null,"operationId":"7b2tlrlyohsdct8"}
{"type":"log","level":"info","message":"Render request 32 queued for execution and waiting for available worker","previousOperationId":"7b2tlrlyohsdct8","timestamp":1704990350977,"id":"z2upe6tmhz86edh"}
{"type":"operationStart","subtype":"render","name":"User_project","previousOperationId":"7b2tlrlyohsdct8","timestamp":1704990350981,"id":"29dvs03ryd2rucy","previousEventId":"q4yfr3ovbcoajpz","operationId":"rdawjtfev9yv5m5"}
{"type":"log","timestamp":1704990350981,"level":"info","message":"Starting rendering request 32","meta":{"rootId":"78b988vfr6jrmo4","id":"78b988vfr6jrmo4"},"id":"fcuu4ljnzzl3h3k","previousOperationId":"rdawjtfev9yv5m5"}
{"type":"log","timestamp":1704990350981,"level":"info","message":"Rendering template { name: User_project, recipe: chrome-pdf, engine: handlebars, preview: true }","meta":{"rootId":"78b988vfr6jrmo4","id":"78b988vfr6jrmo4"},"id":"4nyr3g4b1ym33ho","previousOperationId":"rdawjtfev9yv5m5"}
{"type":"log","timestamp":1704990350981,"level":"debug","message":"Data item not defined for this template.","meta":{"rootId":"78b988vfr6jrmo4","id":"78b988vfr6jrmo4"},"id":"fzs5ev3t31v5zuf","previousOperationId":"rdawjtfev9yv5m5"}
{"type":"log","timestamp":1704990350982,"level":"debug","message":"Executing script usabi-data (beforeRender)","meta":{"rootId":"78b988vfr6jrmo4","id":"78b988vfr6jrmo4"},"id":"9uauq9p38ya3067","previousOperationId":"rdawjtfev9yv5m5"}
{"type":"operationStart","subtype":"scriptsBeforeRender","name":"scripts beforeRender","timestamp":1704990350985,"id":"9f00ub8vs3vo68a","previousEventId":"29dvs03ryd2rucy","operationId":"8xkkbzm2jyfu934","previousOperationId":"rdawjtfev9yv5m5"}
{"type":"operationStart","subtype":"script","name":"scripts usabi-data","previousOperationId":"8xkkbzm2jyfu934","timestamp":1704990350985,"id":"iuf5t3cdgx7fqy2","previousEventId":"9f00ub8vs3vo68a","operationId":"zvg432fk1q45rgd"}
{"type":"operationEnd","operationId":"zvg432fk1q45rgd","timestamp":1704990350997,"id":"bjw342mvqju6j0p","previousEventId":"29dvs03ryd2rucy","previousOperationId":"rdawjtfev9yv5m5"}
{"type":"operationEnd","operationId":"8xkkbzm2jyfu934","timestamp":1704990350997,"id":"ih6xm9hwu128s7g","previousEventId":"bjw342mvqju6j0p","previousOperationId":"rdawjtfev9yv5m5"}
{"type":"log","timestamp":1704990350997,"level":"debug","message":"Base url not specified, skipping its injection.","meta":{"rootId":"78b988vfr6jrmo4","id":"78b988vfr6jrmo4"},"id":"86cazg3i8grsw6c","previousOperationId":"8xkkbzm2jyfu934"}
{"type":"operationStart","subtype":"engine","name":"handlebars","timestamp":1704990350997,"id":"x4kyxqp5e7dbsdg","previousEventId":"ih6xm9hwu128s7g","operationId":"9aflqojf0mrghj2","previousOperationId":"8xkkbzm2jyfu934"}
{"type":"log","timestamp":1704990350997,"level":"debug","message":"Rendering engine handlebars","meta":{"rootId":"78b988vfr6jrmo4","id":"78b988vfr6jrmo4"},"id":"456gp4ufganpjm3","previousOperationId":"9aflqojf0mrghj2"}
{"type":"operationEnd","operationId":"9aflqojf0mrghj2","timestamp":1704990351004,"id":"15i46zyisjgulmq","previousEventId":"x4kyxqp5e7dbsdg","previousOperationId":"9aflqojf0mrghj2"}
{"type":"operationStart","subtype":"recipe","name":"chrome-pdf","timestamp":1704990351004,"id":"eqq9xceiz1zq4jm","previousEventId":"15i46zyisjgulmq","operationId":"n1unhtcpws62zla","previousOperationId":"9aflqojf0mrghj2"}
{"type":"log","timestamp":1704990351004,"level":"debug","message":"Executing recipe chrome-pdf","meta":{"rootId":"78b988vfr6jrmo4","id":"78b988vfr6jrmo4"},"id":"cdxsjlcolvqdtmg","previousOperationId":"n1unhtcpws62zla"}
{"type":"log","timestamp":1704990351010,"level":"debug","message":"Converting with chrome HeadlessChrome/117.0.5938.149 using chrome-pool strategy","meta":{"rootId":"78b988vfr6jrmo4","id":"78b988vfr6jrmo4"},"id":"wo682okgdewpm92","previousOperationId":"n1unhtcpws62zla"}
{"type":"log","timestamp":1704990351041,"level":"debug","message":"Page request: GET (document) file:///tmp/jsreport/autocleanup/e5efd30c-b979-4c6a-9bba-b762cc80a141-chrome-pdf.html","meta":{"rootId":"78b988vfr6jrmo4","id":"78b988vfr6jrmo4"},"id":"0v2pnltimmm03g4","previousOperationId":"n1unhtcpws62zla"}
{"type":"log","timestamp":1704990351048,"level":"debug","message":"Page request: GET (script) https://cdn.jsdelivr.net/npm/chart.js","meta":{"rootId":"78b988vfr6jrmo4","id":"78b988vfr6jrmo4"},"id":"numbz5c22fvt0qz","previousOperationId":"n1unhtcpws62zla"}
{"type":"log","timestamp":1704990351049,"level":"debug","message":"Page request finished: GET (document) 200 file:///tmp/jsreport/autocleanup/e5efd30c-b979-4c6a-9bba-b762cc80a141-chrome-pdf.html","meta":{"rootId":"78b988vfr6jrmo4","id":"78b988vfr6jrmo4"},"id":"uuihvi67jns1q9x","previousOperationId":"n1unhtcpws62zla"}
{"type":"log","timestamp":1704990351052,"level":"debug","message":"Page request finished: GET (script) 200 https://cdn.jsdelivr.net/npm/chart.js","meta":{"rootId":"78b988vfr6jrmo4","id":"78b988vfr6jrmo4"},"id":"6tttsc6ubp3c7gd","previousOperationId":"n1unhtcpws62zla"}
{"type":"log","timestamp":1704990351102,"level":"debug","message":"Running chrome with params {\"printBackground\":true,\"timeout\":59966,\"margin\":{}}","meta":{"rootId":"78b988vfr6jrmo4","id":"78b988vfr6jrmo4"},"id":"ub7nq91urzbv4ia","previousOperationId":"n1unhtcpws62zla"}
{"type":"operationEnd","operationId":"n1unhtcpws62zla","timestamp":1704990351122,"id":"gjg9ue5rsdm5bvt","previousEventId":"eqq9xceiz1zq4jm","previousOperationId":"n1unhtcpws62zla"}
{"type":"log","timestamp":1704990351122,"level":"debug","message":"Skipping storing report.","meta":{"rootId":"78b988vfr6jrmo4","id":"78b988vfr6jrmo4"},"id":"xv2ko9763hfkxky","previousOperationId":"n1unhtcpws62zla"}
{"type":"log","timestamp":1704990351122,"level":"info","message":"Rendering request 32 finished in 146 ms","meta":{"rootId":"78b988vfr6jrmo4","id":"78b988vfr6jrmo4"},"id":"19kg4t1xas2qlh4","previousOperationId":"n1unhtcpws62zla"}
{"type":"operationEnd","subtype":"render","operationId":"rdawjtfev9yv5m5","timestamp":1704990351122,"id":"t80ye0601z2z5xr","previousEventId":"gjg9ue5rsdm5bvt","previousOperationId":"n1unhtcpws62zla"}
{"type":"operationEnd","doDiffs":false,"previousEventId":"q4yfr3ovbcoajpz","previousOperationId":"7b2tlrlyohsdct8","operationId":"7b2tlrlyohsdct8","timestamp":1704990351124,"id":"s26tsudt6rjjiqm"}
