{"type":"operationStart","subtype":"profile","data":{"_id":"dmNbYCceROmz5t32","timestamp":"2024-01-11T17:08:26.696Z","state":"queued","mode":"standard","creationDate":"2024-01-11T17:08:26.697Z","modificationDate":"2024-01-11T17:08:26.697Z","shortid":"i-gzADD","$entitySet":"profiles"},"doDiffs":false,"timestamp":1704992906697,"id":"gk6rodiwfr64qmn","previousOperationId":null,"operationId":"p4z3qj2ospwdxbo"}
{"type":"log","level":"info","message":"Render request 112 queued for execution and waiting for available worker","previousOperationId":"p4z3qj2ospwdxbo","timestamp":1704992906697,"id":"unyymbxy7guhrou"}
{"type":"operationStart","subtype":"render","name":"User_project","previousOperationId":"p4z3qj2ospwdxbo","timestamp":1704992906701,"id":"nz1w73k5sd3xy10","previousEventId":"gk6rodiwfr64qmn","operationId":"txbomwvbpf5hoxg"}
{"type":"log","timestamp":1704992906701,"level":"info","message":"Starting rendering request 112","meta":{"rootId":"79spyzrtnlhbkpy","id":"79spyzrtnlhbkpy"},"id":"htksflaxu1ruap0","previousOperationId":"txbomwvbpf5hoxg"}
{"type":"log","timestamp":1704992906701,"level":"info","message":"Rendering template { name: User_project, recipe: chrome-pdf, engine: handlebars, preview: true }","meta":{"rootId":"79spyzrtnlhbkpy","id":"79spyzrtnlhbkpy"},"id":"b0p4gk6tx583rww","previousOperationId":"txbomwvbpf5hoxg"}
{"type":"log","timestamp":1704992906701,"level":"debug","message":"Data item not defined for this template.","meta":{"rootId":"79spyzrtnlhbkpy","id":"79spyzrtnlhbkpy"},"id":"ueuc4pzjkx15q26","previousOperationId":"txbomwvbpf5hoxg"}
{"type":"log","timestamp":1704992906702,"level":"debug","message":"Executing script usabi-data (beforeRender)","meta":{"rootId":"79spyzrtnlhbkpy","id":"79spyzrtnlhbkpy"},"id":"tnts2dj7glik3oi","previousOperationId":"txbomwvbpf5hoxg"}
{"type":"operationStart","subtype":"scriptsBeforeRender","name":"scripts beforeRender","timestamp":1704992906705,"id":"8690dzv20aajj2p","previousEventId":"nz1w73k5sd3xy10","operationId":"ndv0a71kveg8r2f","previousOperationId":"txbomwvbpf5hoxg"}
{"type":"operationStart","subtype":"script","name":"scripts usabi-data","previousOperationId":"ndv0a71kveg8r2f","timestamp":1704992906705,"id":"96aqefs9mg1ubgk","previousEventId":"8690dzv20aajj2p","operationId":"rvf7hcz9plrwihv"}
{"type":"operationEnd","operationId":"rvf7hcz9plrwihv","timestamp":1704992906715,"id":"9x8z9wmojhqhjs5","previousEventId":"nz1w73k5sd3xy10","previousOperationId":"txbomwvbpf5hoxg"}
{"type":"log","timestamp":1704992906715,"level":"debug","message":"Executing script orders-script (beforeRender)","meta":{"rootId":"79spyzrtnlhbkpy","id":"79spyzrtnlhbkpy"},"id":"z8o09gthax2cr4m","previousOperationId":"txbomwvbpf5hoxg"}
{"type":"operationStart","subtype":"script","name":"scripts orders-script","previousOperationId":"ndv0a71kveg8r2f","timestamp":1704992906719,"id":"r200dwrw3h0uec5","previousEventId":"9x8z9wmojhqhjs5","operationId":"tqd7lv3g7jbb0x5"}
{"type":"operationEnd","operationId":"tqd7lv3g7jbb0x5","timestamp":1704992908099,"id":"rh8qmd0sq7gk9v7","previousEventId":"9x8z9wmojhqhjs5","previousOperationId":"txbomwvbpf5hoxg"}
{"type":"operationEnd","operationId":"ndv0a71kveg8r2f","timestamp":1704992908099,"id":"7fwdhtz2o8g2i5e","previousEventId":"rh8qmd0sq7gk9v7","previousOperationId":"txbomwvbpf5hoxg"}
{"type":"log","timestamp":1704992908100,"level":"debug","message":"Base url not specified, skipping its injection.","meta":{"rootId":"79spyzrtnlhbkpy","id":"79spyzrtnlhbkpy"},"id":"al0ctkdq83xbuyr","previousOperationId":"ndv0a71kveg8r2f"}
{"type":"operationStart","subtype":"engine","name":"handlebars","timestamp":1704992908100,"id":"zjer2bhca7ijpex","previousEventId":"7fwdhtz2o8g2i5e","operationId":"sqviteto8321gy3","previousOperationId":"ndv0a71kveg8r2f"}
{"type":"log","timestamp":1704992908100,"level":"debug","message":"Rendering engine handlebars","meta":{"rootId":"79spyzrtnlhbkpy","id":"79spyzrtnlhbkpy"},"id":"wxfx1a79udvaolf","previousOperationId":"sqviteto8321gy3"}
{"type":"operationEnd","operationId":"sqviteto8321gy3","timestamp":1704992908120,"id":"c6btagqqsks2qyw","previousEventId":"zjer2bhca7ijpex","previousOperationId":"sqviteto8321gy3"}
{"type":"operationStart","subtype":"recipe","name":"chrome-pdf","timestamp":1704992908120,"id":"kgh7kp6bb2mbfax","previousEventId":"c6btagqqsks2qyw","operationId":"pnk4dsqjdipg0ss","previousOperationId":"sqviteto8321gy3"}
{"type":"log","timestamp":1704992908120,"level":"debug","message":"Executing recipe chrome-pdf","meta":{"rootId":"79spyzrtnlhbkpy","id":"79spyzrtnlhbkpy"},"id":"gun41dczfumw6re","previousOperationId":"pnk4dsqjdipg0ss"}
{"type":"log","timestamp":1704992908122,"level":"debug","message":"Converting with chrome HeadlessChrome/117.0.5938.149 using chrome-pool strategy","meta":{"rootId":"79spyzrtnlhbkpy","id":"79spyzrtnlhbkpy"},"id":"7hvillhfcv6yj8y","previousOperationId":"pnk4dsqjdipg0ss"}
{"type":"log","timestamp":1704992908152,"level":"debug","message":"Page request: GET (document) file:///tmp/jsreport/autocleanup/762e0153-8bbd-4578-ac22-d0d8fc69b749-chrome-pdf.html","meta":{"rootId":"79spyzrtnlhbkpy","id":"79spyzrtnlhbkpy"},"id":"qyxg8iyeg316pnw","previousOperationId":"pnk4dsqjdipg0ss"}
{"type":"log","timestamp":1704992908158,"level":"debug","message":"Page request finished: GET (document) 200 file:///tmp/jsreport/autocleanup/762e0153-8bbd-4578-ac22-d0d8fc69b749-chrome-pdf.html","meta":{"rootId":"79spyzrtnlhbkpy","id":"79spyzrtnlhbkpy"},"id":"jx3muomd37chjj3","previousOperationId":"pnk4dsqjdipg0ss"}
{"type":"log","timestamp":1704992908159,"level":"warn","message":"Page error: Unexpected identifier 'Object' , stack: SyntaxError: Unexpected identifier 'Object'","meta":{"rootId":"79spyzrtnlhbkpy","id":"79spyzrtnlhbkpy"},"id":"dhrbtj2py4nfw3y","previousOperationId":"pnk4dsqjdipg0ss"}
{"type":"log","timestamp":1704992908163,"level":"debug","message":"Running chrome with params {\"printBackground\":true,\"timeout\":58575,\"margin\":{}}","meta":{"rootId":"79spyzrtnlhbkpy","id":"79spyzrtnlhbkpy"},"id":"4p9mx3ak740aflg","previousOperationId":"pnk4dsqjdipg0ss"}
{"type":"operationEnd","operationId":"pnk4dsqjdipg0ss","timestamp":1704992908174,"id":"zbrhze2tplvm7ty","previousEventId":"kgh7kp6bb2mbfax","previousOperationId":"pnk4dsqjdipg0ss"}
{"type":"log","timestamp":1704992908174,"level":"debug","message":"Skipping storing report.","meta":{"rootId":"79spyzrtnlhbkpy","id":"79spyzrtnlhbkpy"},"id":"mlk1bzln16jlmzn","previousOperationId":"pnk4dsqjdipg0ss"}
{"type":"log","timestamp":1704992908174,"level":"info","message":"Rendering request 112 finished in 1478 ms","meta":{"rootId":"79spyzrtnlhbkpy","id":"79spyzrtnlhbkpy"},"id":"h0qsdyo53ygfm78","previousOperationId":"pnk4dsqjdipg0ss"}
{"type":"operationEnd","subtype":"render","operationId":"txbomwvbpf5hoxg","timestamp":1704992908174,"id":"sx6zfs2ms2m255i","previousEventId":"zbrhze2tplvm7ty","previousOperationId":"pnk4dsqjdipg0ss"}
{"type":"operationEnd","doDiffs":false,"previousEventId":"gk6rodiwfr64qmn","previousOperationId":"p4z3qj2ospwdxbo","operationId":"p4z3qj2ospwdxbo","timestamp":1704992908176,"id":"8intt70smf3tx2j"}
