{"type":"operationStart","subtype":"profile","data":{"_id":"WtdR2y0KPXKwXTw1","timestamp":"2024-01-11T17:55:14.649Z","state":"queued","mode":"standard","creationDate":"2024-01-11T17:55:14.650Z","modificationDate":"2024-01-11T17:55:14.650Z","shortid":"ja0wgmD","$entitySet":"profiles"},"doDiffs":false,"timestamp":1704995714649,"id":"gmotgaafmw8r480","previousOperationId":null,"operationId":"f25t0i82db9ukfm"}
{"type":"log","level":"info","message":"Render request 22 queued for execution and waiting for available worker","previousOperationId":"f25t0i82db9ukfm","timestamp":1704995714649,"id":"xesf7zcj8fmhv86"}
{"type":"operationStart","subtype":"render","name":"User_project","previousOperationId":"f25t0i82db9ukfm","timestamp":1704995714654,"id":"j7nnmdz831thumu","previousEventId":"gmotgaafmw8r480","operationId":"murnbj0uqm9wba0"}
{"type":"log","timestamp":1704995714654,"level":"info","message":"Starting rendering request 22","meta":{"rootId":"7aamx04ahe4p0h0","id":"7aamx04ahe4p0h0"},"id":"ryvuniiw56dtgje","previousOperationId":"murnbj0uqm9wba0"}
{"type":"log","timestamp":1704995714654,"level":"info","message":"Rendering template { name: User_project, recipe: chrome-pdf, engine: handlebars, preview: true }","meta":{"rootId":"7aamx04ahe4p0h0","id":"7aamx04ahe4p0h0"},"id":"j2zkxfbs9n6omgb","previousOperationId":"murnbj0uqm9wba0"}
{"type":"log","timestamp":1704995714655,"level":"debug","message":"Data item not defined for this template.","meta":{"rootId":"7aamx04ahe4p0h0","id":"7aamx04ahe4p0h0"},"id":"95qy6ydvw9bi3ky","previousOperationId":"murnbj0uqm9wba0"}
{"type":"log","timestamp":1704995714656,"level":"debug","message":"Executing script usabi-data (beforeRender)","meta":{"rootId":"7aamx04ahe4p0h0","id":"7aamx04ahe4p0h0"},"id":"4kczkmldeky5afj","previousOperationId":"murnbj0uqm9wba0"}
{"type":"operationStart","subtype":"scriptsBeforeRender","name":"scripts beforeRender","timestamp":1704995714661,"id":"t0ro1smwkkcgci8","previousEventId":"j7nnmdz831thumu","operationId":"fd3gs4qu58y7qnn","previousOperationId":"murnbj0uqm9wba0"}
{"type":"operationStart","subtype":"script","name":"scripts usabi-data","previousOperationId":"fd3gs4qu58y7qnn","timestamp":1704995714661,"id":"9sh7le0ddevdbgz","previousEventId":"t0ro1smwkkcgci8","operationId":"jafyqa40es30mym"}
{"type":"operationEnd","operationId":"jafyqa40es30mym","timestamp":1704995714677,"id":"a6kttmtscm1h5k1","previousEventId":"j7nnmdz831thumu","previousOperationId":"murnbj0uqm9wba0"}
{"type":"log","timestamp":1704995714677,"level":"debug","message":"Executing script orders-script (beforeRender)","meta":{"rootId":"7aamx04ahe4p0h0","id":"7aamx04ahe4p0h0"},"id":"am7c5xclce0utu0","previousOperationId":"murnbj0uqm9wba0"}
{"type":"operationStart","subtype":"script","name":"scripts orders-script","previousOperationId":"fd3gs4qu58y7qnn","timestamp":1704995714681,"id":"1r23zk9m3wk6fnu","previousEventId":"a6kttmtscm1h5k1","operationId":"8f6zxcqy1otnqzl"}
{"type":"operationEnd","operationId":"8f6zxcqy1otnqzl","timestamp":1704995715976,"id":"jspvar5m7y0p4tg","previousEventId":"a6kttmtscm1h5k1","previousOperationId":"murnbj0uqm9wba0"}
{"type":"operationEnd","operationId":"fd3gs4qu58y7qnn","timestamp":1704995715976,"id":"58ql0duuooixrr3","previousEventId":"jspvar5m7y0p4tg","previousOperationId":"murnbj0uqm9wba0"}
{"type":"log","timestamp":1704995715976,"level":"debug","message":"Base url not specified, skipping its injection.","meta":{"rootId":"7aamx04ahe4p0h0","id":"7aamx04ahe4p0h0"},"id":"4ph91bzfuhstt2f","previousOperationId":"fd3gs4qu58y7qnn"}
{"type":"operationStart","subtype":"engine","name":"handlebars","timestamp":1704995715976,"id":"5k3oa10v3y8hl8u","previousEventId":"58ql0duuooixrr3","operationId":"ny3szdwm6do0bb6","previousOperationId":"fd3gs4qu58y7qnn"}
{"type":"log","timestamp":1704995715976,"level":"debug","message":"Rendering engine handlebars","meta":{"rootId":"7aamx04ahe4p0h0","id":"7aamx04ahe4p0h0"},"id":"t8qsdi56oe1kmth","previousOperationId":"ny3szdwm6do0bb6"}
{"type":"operationEnd","operationId":"ny3szdwm6do0bb6","timestamp":1704995715982,"id":"ke9lubncx3x9v20","previousEventId":"5k3oa10v3y8hl8u","previousOperationId":"ny3szdwm6do0bb6"}
{"type":"operationStart","subtype":"recipe","name":"chrome-pdf","timestamp":1704995715982,"id":"04rrhvfr46g5w6g","previousEventId":"ke9lubncx3x9v20","operationId":"ndyinjpt5mpj6px","previousOperationId":"ny3szdwm6do0bb6"}
{"type":"log","timestamp":1704995715982,"level":"debug","message":"Executing recipe chrome-pdf","meta":{"rootId":"7aamx04ahe4p0h0","id":"7aamx04ahe4p0h0"},"id":"8spe7yr5cghq5yy","previousOperationId":"ndyinjpt5mpj6px"}
{"type":"log","timestamp":1704995715984,"level":"debug","message":"Converting with chrome HeadlessChrome/117.0.5938.149 using chrome-pool strategy","meta":{"rootId":"7aamx04ahe4p0h0","id":"7aamx04ahe4p0h0"},"id":"wq9yu6wbte04uow","previousOperationId":"ndyinjpt5mpj6px"}
{"type":"log","timestamp":1704995716021,"level":"debug","message":"Page request: GET (document) file:///tmp/jsreport/autocleanup/261946cf-c0db-4d95-8cf9-417e92580c83-chrome-pdf.html","meta":{"rootId":"7aamx04ahe4p0h0","id":"7aamx04ahe4p0h0"},"id":"di6wz3srh7h8xt3","previousOperationId":"ndyinjpt5mpj6px"}
{"type":"log","timestamp":1704995716028,"level":"debug","message":"Page request: GET (script) https://cdn.jsdelivr.net/npm/chart.js","meta":{"rootId":"7aamx04ahe4p0h0","id":"7aamx04ahe4p0h0"},"id":"drr7wv9ghuxfvv0","previousOperationId":"ndyinjpt5mpj6px"}
{"type":"log","timestamp":1704995716028,"level":"debug","message":"Page request finished: GET (document) 200 file:///tmp/jsreport/autocleanup/261946cf-c0db-4d95-8cf9-417e92580c83-chrome-pdf.html","meta":{"rootId":"7aamx04ahe4p0h0","id":"7aamx04ahe4p0h0"},"id":"mjzvy37d2ozcao5","previousOperationId":"ndyinjpt5mpj6px"}
{"type":"log","timestamp":1704995716032,"level":"debug","message":"Page request finished: GET (script) 200 https://cdn.jsdelivr.net/npm/chart.js","meta":{"rootId":"7aamx04ahe4p0h0","id":"7aamx04ahe4p0h0"},"id":"xe0uhfjgltgg792","previousOperationId":"ndyinjpt5mpj6px"}
{"type":"log","timestamp":1704995716074,"level":"warn","message":"Page error: Canvas is already in use. Chart with ID '0' must be destroyed before the canvas with ID '' can be reused. , stack: Error: Canvas is already in use. Chart with ID '0' must be destroyed before the canvas with ID '' can be reused.\n    at An (https://cdn.jsdelivr.net/npm/chart.js:19:89653)\n    at <anonymous> (file:///tmp/jsreport/autocleanup/261946cf-c0db-4d95-8cf9-417e92580c83-chrome-pdf.html:77:9)","meta":{"rootId":"7aamx04ahe4p0h0","id":"7aamx04ahe4p0h0"},"id":"bz5xmr55nmn4wk3","previousOperationId":"ndyinjpt5mpj6px"}
{"type":"log","timestamp":1704995716078,"level":"debug","message":"Running chrome with params {\"printBackground\":true,\"timeout\":58666,\"margin\":{}}","meta":{"rootId":"7aamx04ahe4p0h0","id":"7aamx04ahe4p0h0"},"id":"pnod5l6q4jycumk","previousOperationId":"ndyinjpt5mpj6px"}
{"type":"operationEnd","operationId":"ndyinjpt5mpj6px","timestamp":1704995716100,"id":"xi1s87qg6ifvbli","previousEventId":"04rrhvfr46g5w6g","previousOperationId":"ndyinjpt5mpj6px"}
{"type":"log","timestamp":1704995716100,"level":"debug","message":"Skipping storing report.","meta":{"rootId":"7aamx04ahe4p0h0","id":"7aamx04ahe4p0h0"},"id":"qkpc50lnwk9hgbz","previousOperationId":"ndyinjpt5mpj6px"}
{"type":"log","timestamp":1704995716101,"level":"info","message":"Rendering request 22 finished in 1452 ms","meta":{"rootId":"7aamx04ahe4p0h0","id":"7aamx04ahe4p0h0"},"id":"rnotrgcvnxxhsy5","previousOperationId":"ndyinjpt5mpj6px"}
{"type":"operationEnd","subtype":"render","operationId":"murnbj0uqm9wba0","timestamp":1704995716101,"id":"pi61sc9lsuah9jx","previousEventId":"xi1s87qg6ifvbli","previousOperationId":"ndyinjpt5mpj6px"}
{"type":"operationEnd","doDiffs":false,"previousEventId":"gmotgaafmw8r480","previousOperationId":"f25t0i82db9ukfm","operationId":"f25t0i82db9ukfm","timestamp":1704995716103,"id":"ehc5dh2zq9ehiok"}
