{"type":"operationStart","subtype":"profile","data":{"_id":"iI6xWgDhgIJ2biWb","timestamp":"2024-01-11T18:05:11.538Z","state":"queued","mode":"standard","creationDate":"2024-01-11T18:05:11.539Z","modificationDate":"2024-01-11T18:05:11.539Z","shortid":"ldtOy1U","$entitySet":"profiles"},"doDiffs":false,"timestamp":1704996311538,"id":"s3fuxghct5d0a68","previousOperationId":null,"operationId":"o2oc2t0dg109m1x"}
{"type":"log","level":"info","message":"Render request 40 queued for execution and waiting for available worker","previousOperationId":"o2oc2t0dg109m1x","timestamp":1704996311538,"id":"y6y60tn3v1hjuc6"}
{"type":"operationStart","subtype":"render","name":"User_project","previousOperationId":"o2oc2t0dg109m1x","timestamp":1704996311545,"id":"w31g22fu8dq7tsr","previousEventId":"s3fuxghct5d0a68","operationId":"unl84dockg2yexk"}
{"type":"log","timestamp":1704996311545,"level":"info","message":"Starting rendering request 40","meta":{"rootId":"7aqxwqe3ms0c4n1","id":"7aqxwqe3ms0c4n1"},"id":"c8akhezt9k88bvs","previousOperationId":"unl84dockg2yexk"}
{"type":"log","timestamp":1704996311545,"level":"info","message":"Rendering template { name: User_project, recipe: chrome-pdf, engine: handlebars, preview: true }","meta":{"rootId":"7aqxwqe3ms0c4n1","id":"7aqxwqe3ms0c4n1"},"id":"gexteswy87iu378","previousOperationId":"unl84dockg2yexk"}
{"type":"log","timestamp":1704996311546,"level":"debug","message":"Data item not defined for this template.","meta":{"rootId":"7aqxwqe3ms0c4n1","id":"7aqxwqe3ms0c4n1"},"id":"rlchs6ivlyu3kby","previousOperationId":"unl84dockg2yexk"}
{"type":"log","timestamp":1704996311549,"level":"debug","message":"Executing script usabi-data (beforeRender)","meta":{"rootId":"7aqxwqe3ms0c4n1","id":"7aqxwqe3ms0c4n1"},"id":"7yqi5wtr3o1jh6d","previousOperationId":"unl84dockg2yexk"}
{"type":"operationStart","subtype":"scriptsBeforeRender","name":"scripts beforeRender","timestamp":1704996311553,"id":"sy7uw3y4bfdzd74","previousEventId":"w31g22fu8dq7tsr","operationId":"ts2cf6chtdsydtr","previousOperationId":"unl84dockg2yexk"}
{"type":"operationStart","subtype":"script","name":"scripts usabi-data","previousOperationId":"ts2cf6chtdsydtr","timestamp":1704996311553,"id":"2ewibpuseyim5v7","previousEventId":"sy7uw3y4bfdzd74","operationId":"kkejtafjk2814uh"}
{"type":"operationEnd","operationId":"kkejtafjk2814uh","timestamp":1704996311568,"id":"as893i5ptg4xoqo","previousEventId":"w31g22fu8dq7tsr","previousOperationId":"unl84dockg2yexk"}
{"type":"log","timestamp":1704996311568,"level":"debug","message":"Executing script orders-script (beforeRender)","meta":{"rootId":"7aqxwqe3ms0c4n1","id":"7aqxwqe3ms0c4n1"},"id":"069airhi3ymxq8q","previousOperationId":"unl84dockg2yexk"}
{"type":"operationStart","subtype":"script","name":"scripts orders-script","previousOperationId":"ts2cf6chtdsydtr","timestamp":1704996311571,"id":"tsz17mzn3c7aq02","previousEventId":"as893i5ptg4xoqo","operationId":"fb8crob4auzdv8l"}
{"type":"operationEnd","operationId":"fb8crob4auzdv8l","timestamp":1704996312852,"id":"th80921dydgcxmd","previousEventId":"as893i5ptg4xoqo","previousOperationId":"unl84dockg2yexk"}
{"type":"operationEnd","operationId":"ts2cf6chtdsydtr","timestamp":1704996312852,"id":"t4rtceip9t1im2v","previousEventId":"th80921dydgcxmd","previousOperationId":"unl84dockg2yexk"}
{"type":"log","timestamp":1704996312852,"level":"debug","message":"Base url not specified, skipping its injection.","meta":{"rootId":"7aqxwqe3ms0c4n1","id":"7aqxwqe3ms0c4n1"},"id":"vn42cmlzpws9y8r","previousOperationId":"ts2cf6chtdsydtr"}
{"type":"operationStart","subtype":"engine","name":"handlebars","timestamp":1704996312852,"id":"tr9p0ne0e09rimh","previousEventId":"t4rtceip9t1im2v","operationId":"kj6e6gw6ypyq2nt","previousOperationId":"ts2cf6chtdsydtr"}
{"type":"log","timestamp":1704996312852,"level":"debug","message":"Rendering engine handlebars","meta":{"rootId":"7aqxwqe3ms0c4n1","id":"7aqxwqe3ms0c4n1"},"id":"rw945v6in2ro69a","previousOperationId":"kj6e6gw6ypyq2nt"}
{"type":"operationEnd","operationId":"kj6e6gw6ypyq2nt","timestamp":1704996312876,"id":"pf7x95kb0bw21tr","previousEventId":"tr9p0ne0e09rimh","previousOperationId":"kj6e6gw6ypyq2nt"}
{"type":"operationStart","subtype":"recipe","name":"chrome-pdf","timestamp":1704996312877,"id":"mqehrk1jkw5fpc3","previousEventId":"pf7x95kb0bw21tr","operationId":"rob28sc3h01gkjh","previousOperationId":"kj6e6gw6ypyq2nt"}
{"type":"log","timestamp":1704996312877,"level":"debug","message":"Executing recipe chrome-pdf","meta":{"rootId":"7aqxwqe3ms0c4n1","id":"7aqxwqe3ms0c4n1"},"id":"z5vjctndsjhek2d","previousOperationId":"rob28sc3h01gkjh"}
{"type":"log","timestamp":1704996312879,"level":"debug","message":"Converting with chrome HeadlessChrome/117.0.5938.149 using chrome-pool strategy","meta":{"rootId":"7aqxwqe3ms0c4n1","id":"7aqxwqe3ms0c4n1"},"id":"uyp3cdo45i6f1i0","previousOperationId":"rob28sc3h01gkjh"}
{"type":"log","timestamp":1704996312914,"level":"debug","message":"Page request: GET (document) file:///tmp/jsreport/autocleanup/e4fc0508-5238-44cd-aa1e-12291210801b-chrome-pdf.html","meta":{"rootId":"7aqxwqe3ms0c4n1","id":"7aqxwqe3ms0c4n1"},"id":"kifxu8rt2oy4pvn","previousOperationId":"rob28sc3h01gkjh"}
{"type":"log","timestamp":1704996312920,"level":"debug","message":"Page request: GET (script) https://cdn.jsdelivr.net/npm/chart.js","meta":{"rootId":"7aqxwqe3ms0c4n1","id":"7aqxwqe3ms0c4n1"},"id":"30ywlzw9adabunb","previousOperationId":"rob28sc3h01gkjh"}
{"type":"log","timestamp":1704996312921,"level":"debug","message":"Page request finished: GET (document) 200 file:///tmp/jsreport/autocleanup/e4fc0508-5238-44cd-aa1e-12291210801b-chrome-pdf.html","meta":{"rootId":"7aqxwqe3ms0c4n1","id":"7aqxwqe3ms0c4n1"},"id":"4zov4lwsj0syo42","previousOperationId":"rob28sc3h01gkjh"}
{"type":"log","timestamp":1704996312923,"level":"debug","message":"Page request finished: GET (script) 200 https://cdn.jsdelivr.net/npm/chart.js","meta":{"rootId":"7aqxwqe3ms0c4n1","id":"7aqxwqe3ms0c4n1"},"id":"qrnvp6o5tx3md9g","previousOperationId":"rob28sc3h01gkjh"}
{"type":"log","timestamp":1704996312926,"level":"warn","message":"Page error: Unexpected identifier 'Object' , stack: SyntaxError: Unexpected identifier 'Object'","meta":{"rootId":"7aqxwqe3ms0c4n1","id":"7aqxwqe3ms0c4n1"},"id":"via0odg56nc0gus","previousOperationId":"rob28sc3h01gkjh"}
{"type":"log","timestamp":1704996312931,"level":"debug","message":"Running chrome with params {\"printBackground\":true,\"timeout\":58660,\"margin\":{}}","meta":{"rootId":"7aqxwqe3ms0c4n1","id":"7aqxwqe3ms0c4n1"},"id":"49x9e67i9wyie3j","previousOperationId":"rob28sc3h01gkjh"}
{"type":"operationEnd","operationId":"rob28sc3h01gkjh","timestamp":1704996312942,"id":"65j51zku992cwsy","previousEventId":"mqehrk1jkw5fpc3","previousOperationId":"rob28sc3h01gkjh"}
{"type":"log","timestamp":1704996312942,"level":"debug","message":"Skipping storing report.","meta":{"rootId":"7aqxwqe3ms0c4n1","id":"7aqxwqe3ms0c4n1"},"id":"1eyuae7sdsk64jw","previousOperationId":"rob28sc3h01gkjh"}
{"type":"log","timestamp":1704996312942,"level":"info","message":"Rendering request 40 finished in 1404 ms","meta":{"rootId":"7aqxwqe3ms0c4n1","id":"7aqxwqe3ms0c4n1"},"id":"b5d7r4go0rjvxwh","previousOperationId":"rob28sc3h01gkjh"}
{"type":"operationEnd","subtype":"render","operationId":"unl84dockg2yexk","timestamp":1704996312942,"id":"1038tlob9e4h40n","previousEventId":"65j51zku992cwsy","previousOperationId":"rob28sc3h01gkjh"}
{"type":"operationEnd","doDiffs":false,"previousEventId":"s3fuxghct5d0a68","previousOperationId":"o2oc2t0dg109m1x","operationId":"o2oc2t0dg109m1x","timestamp":1704996312944,"id":"xjnjoaj03k4y8y3"}
