{"type":"operationStart","subtype":"profile","data":{"_id":"cSoNYUsTR2cM93H6","timestamp":"2024-01-11T18:37:31.817Z","state":"queued","mode":"standard","creationDate":"2024-01-11T18:37:31.818Z","modificationDate":"2024-01-11T18:37:31.818Z","shortid":"rGjCCe-","$entitySet":"profiles"},"doDiffs":false,"timestamp":1704998251817,"id":"2ttya4q3lax7iim","previousOperationId":null,"operationId":"djm8r6q0u4x3jzw"}
{"type":"log","level":"info","message":"Render request 25 queued for execution and waiting for available worker","previousOperationId":"djm8r6q0u4x3jzw","timestamp":1704998251818,"id":"p89autl3nvtp4of"}
{"type":"operationStart","subtype":"render","name":"User_project","previousOperationId":"djm8r6q0u4x3jzw","timestamp":1704998251827,"id":"asp358demsblgfw","previousEventId":"2ttya4q3lax7iim","operationId":"gi8mu4dofjtz9by"}
{"type":"log","timestamp":1704998251827,"level":"info","message":"Starting rendering request 25","meta":{"rootId":"7c5bv74n2sh29gx","id":"7c5bv74n2sh29gx"},"id":"a6fd8xl7mknue0h","previousOperationId":"gi8mu4dofjtz9by"}
{"type":"log","timestamp":1704998251827,"level":"info","message":"Rendering template { name: User_project, recipe: chrome-pdf, engine: handlebars, preview: true }","meta":{"rootId":"7c5bv74n2sh29gx","id":"7c5bv74n2sh29gx"},"id":"6lyzlvv00sa04px","previousOperationId":"gi8mu4dofjtz9by"}
{"type":"log","timestamp":1704998251828,"level":"debug","message":"Data item not defined for this template.","meta":{"rootId":"7c5bv74n2sh29gx","id":"7c5bv74n2sh29gx"},"id":"5pqjgbrktk3o8v1","previousOperationId":"gi8mu4dofjtz9by"}
{"type":"log","timestamp":1704998251830,"level":"debug","message":"Executing script usabi-data (beforeRender)","meta":{"rootId":"7c5bv74n2sh29gx","id":"7c5bv74n2sh29gx"},"id":"86tlwsh2tcfsmxz","previousOperationId":"gi8mu4dofjtz9by"}
{"type":"operationStart","subtype":"scriptsBeforeRender","name":"scripts beforeRender","timestamp":1704998251834,"id":"mmjs2eiubgr4jpk","previousEventId":"asp358demsblgfw","operationId":"9pkh2sb6st26r7b","previousOperationId":"gi8mu4dofjtz9by"}
{"type":"operationStart","subtype":"script","name":"scripts usabi-data","previousOperationId":"9pkh2sb6st26r7b","timestamp":1704998251834,"id":"unt56pw1en68y1r","previousEventId":"mmjs2eiubgr4jpk","operationId":"9qq2mo6det3bzv1"}
{"type":"operationEnd","operationId":"9qq2mo6det3bzv1","timestamp":1704998251860,"id":"aorfg44wr9mk4q5","previousEventId":"asp358demsblgfw","previousOperationId":"gi8mu4dofjtz9by"}
{"type":"log","timestamp":1704998251860,"level":"debug","message":"Executing script orders-script (beforeRender)","meta":{"rootId":"7c5bv74n2sh29gx","id":"7c5bv74n2sh29gx"},"id":"a8tqs64gg6fi84k","previousOperationId":"gi8mu4dofjtz9by"}
{"type":"operationStart","subtype":"script","name":"scripts orders-script","previousOperationId":"9pkh2sb6st26r7b","timestamp":1704998251863,"id":"575efq0nr5b3yr0","previousEventId":"aorfg44wr9mk4q5","operationId":"dmmon0f0nm6uciu"}
{"type":"operationEnd","operationId":"dmmon0f0nm6uciu","timestamp":1704998253262,"id":"b9v27lvbqstptlp","previousEventId":"aorfg44wr9mk4q5","previousOperationId":"gi8mu4dofjtz9by"}
{"type":"operationEnd","operationId":"9pkh2sb6st26r7b","timestamp":1704998253262,"id":"zu8qwbkvtvvqfi3","previousEventId":"b9v27lvbqstptlp","previousOperationId":"gi8mu4dofjtz9by"}
{"type":"log","timestamp":1704998253262,"level":"debug","message":"Base url not specified, skipping its injection.","meta":{"rootId":"7c5bv74n2sh29gx","id":"7c5bv74n2sh29gx"},"id":"7omqu1vmj2c2e3c","previousOperationId":"9pkh2sb6st26r7b"}
{"type":"operationStart","subtype":"engine","name":"handlebars","timestamp":1704998253262,"id":"pztviuwcxqmv2pz","previousEventId":"zu8qwbkvtvvqfi3","operationId":"ffxsga6miohakcm","previousOperationId":"9pkh2sb6st26r7b"}
{"type":"log","timestamp":1704998253262,"level":"debug","message":"Rendering engine handlebars","meta":{"rootId":"7c5bv74n2sh29gx","id":"7c5bv74n2sh29gx"},"id":"7rmu8x0b779occ6","previousOperationId":"ffxsga6miohakcm"}
{"type":"operationEnd","operationId":"ffxsga6miohakcm","timestamp":1704998253272,"id":"vw0qzltz7f2qow1","previousEventId":"pztviuwcxqmv2pz","previousOperationId":"ffxsga6miohakcm"}
{"type":"operationStart","subtype":"recipe","name":"chrome-pdf","timestamp":1704998253272,"id":"lnnuxw3qtsr1c28","previousEventId":"vw0qzltz7f2qow1","operationId":"jtdm4pgwhjz6j1x","previousOperationId":"ffxsga6miohakcm"}
{"type":"log","timestamp":1704998253272,"level":"debug","message":"Executing recipe chrome-pdf","meta":{"rootId":"7c5bv74n2sh29gx","id":"7c5bv74n2sh29gx"},"id":"na7rx0kjy1sp4te","previousOperationId":"jtdm4pgwhjz6j1x"}
{"type":"log","timestamp":1704998253275,"level":"debug","message":"Converting with chrome HeadlessChrome/117.0.5938.149 using chrome-pool strategy","meta":{"rootId":"7c5bv74n2sh29gx","id":"7c5bv74n2sh29gx"},"id":"ick7a57iopvvc39","previousOperationId":"jtdm4pgwhjz6j1x"}
{"type":"log","timestamp":1704998253307,"level":"debug","message":"Page request: GET (document) file:///tmp/jsreport/autocleanup/91a51ebb-7153-4712-b842-6ccc8f028b85-chrome-pdf.html","meta":{"rootId":"7c5bv74n2sh29gx","id":"7c5bv74n2sh29gx"},"id":"j2432iduah2d2rc","previousOperationId":"jtdm4pgwhjz6j1x"}
{"type":"log","timestamp":1704998253316,"level":"debug","message":"Page request: GET (script) https://cdn.jsdelivr.net/npm/chart.js","meta":{"rootId":"7c5bv74n2sh29gx","id":"7c5bv74n2sh29gx"},"id":"9c3moataoniiph2","previousOperationId":"jtdm4pgwhjz6j1x"}
{"type":"log","timestamp":1704998253316,"level":"debug","message":"Page request finished: GET (document) 200 file:///tmp/jsreport/autocleanup/91a51ebb-7153-4712-b842-6ccc8f028b85-chrome-pdf.html","meta":{"rootId":"7c5bv74n2sh29gx","id":"7c5bv74n2sh29gx"},"id":"36womu37fpi67bv","previousOperationId":"jtdm4pgwhjz6j1x"}
{"type":"log","timestamp":1704998253320,"level":"debug","message":"Page request finished: GET (script) 200 https://cdn.jsdelivr.net/npm/chart.js","meta":{"rootId":"7c5bv74n2sh29gx","id":"7c5bv74n2sh29gx"},"id":"9qmqzdovqd66scm","previousOperationId":"jtdm4pgwhjz6j1x"}
{"type":"log","timestamp":1704998253367,"level":"debug","message":"Running chrome with params {\"printBackground\":true,\"timeout\":58543,\"margin\":{}}","meta":{"rootId":"7c5bv74n2sh29gx","id":"7c5bv74n2sh29gx"},"id":"9z8gy66pf49pm77","previousOperationId":"jtdm4pgwhjz6j1x"}
{"type":"operationEnd","operationId":"jtdm4pgwhjz6j1x","timestamp":1704998253388,"id":"suo6svkcdhyutp8","previousEventId":"lnnuxw3qtsr1c28","previousOperationId":"jtdm4pgwhjz6j1x"}
{"type":"log","timestamp":1704998253388,"level":"debug","message":"Skipping storing report.","meta":{"rootId":"7c5bv74n2sh29gx","id":"7c5bv74n2sh29gx"},"id":"bjsm5rbctzywj64","previousOperationId":"jtdm4pgwhjz6j1x"}
{"type":"log","timestamp":1704998253388,"level":"info","message":"Rendering request 25 finished in 1571 ms","meta":{"rootId":"7c5bv74n2sh29gx","id":"7c5bv74n2sh29gx"},"id":"nlh6tzbtq1i0hok","previousOperationId":"jtdm4pgwhjz6j1x"}
{"type":"operationEnd","subtype":"render","operationId":"gi8mu4dofjtz9by","timestamp":1704998253388,"id":"v8hci217zl20ejw","previousEventId":"suo6svkcdhyutp8","previousOperationId":"jtdm4pgwhjz6j1x"}
{"type":"operationEnd","doDiffs":false,"previousEventId":"2ttya4q3lax7iim","previousOperationId":"djm8r6q0u4x3jzw","operationId":"djm8r6q0u4x3jzw","timestamp":1704998253392,"id":"xo7wo6pjy2idzf9"}
