{"type":"operationStart","subtype":"profile","data":{"_id":"yBgKOHohTqEWBC9w","timestamp":"2024-01-15T20:29:07.628Z","state":"queued","mode":"standard","creationDate":"2024-01-15T20:29:07.629Z","modificationDate":"2024-01-15T20:29:07.629Z","shortid":"b1kk9Ta","$entitySet":"profiles"},"doDiffs":false,"timestamp":1705350547628,"id":"cayy4sxapmfobad","previousOperationId":null,"operationId":"p0n65012j94pdg9"}
{"type":"log","level":"info","message":"Render request 6 queued for execution and waiting for available worker","previousOperationId":"p0n65012j94pdg9","timestamp":1705350547628,"id":"pcp2aswu4eivn32"}
{"type":"operationStart","subtype":"render","name":"User_project","previousOperationId":"p0n65012j94pdg9","timestamp":1705350547633,"id":"n5wknjy935njade","previousEventId":"cayy4sxapmfobad","operationId":"cjl1yd8uz3ijof9"}
{"type":"log","timestamp":1705350547634,"level":"info","message":"Starting rendering request 6","meta":{"rootId":"7deqqv62ba7jsf6","id":"7deqqv62ba7jsf6"},"id":"o45s0hg9pjovmzh","previousOperationId":"cjl1yd8uz3ijof9"}
{"type":"log","timestamp":1705350547634,"level":"info","message":"Rendering template { name: User_project, recipe: chrome-pdf, engine: handlebars, preview: false }","meta":{"rootId":"7deqqv62ba7jsf6","id":"7deqqv62ba7jsf6"},"id":"vspkwzhyvq4csf1","previousOperationId":"cjl1yd8uz3ijof9"}
{"type":"log","timestamp":1705350547635,"level":"debug","message":"Data item not defined for this template.","meta":{"rootId":"7deqqv62ba7jsf6","id":"7deqqv62ba7jsf6"},"id":"bzfpy2pc9yy3lvl","previousOperationId":"cjl1yd8uz3ijof9"}
{"type":"log","timestamp":1705350547637,"level":"debug","message":"Executing script usabi-data (beforeRender)","meta":{"rootId":"7deqqv62ba7jsf6","id":"7deqqv62ba7jsf6"},"id":"cd8b27q54oytfrz","previousOperationId":"cjl1yd8uz3ijof9"}
{"type":"operationStart","subtype":"scriptsBeforeRender","name":"scripts beforeRender","timestamp":1705350547641,"id":"yloz1qv7ztnyeyj","previousEventId":"n5wknjy935njade","operationId":"k1gpkh0mov8ksi3","previousOperationId":"cjl1yd8uz3ijof9"}
{"type":"operationStart","subtype":"script","name":"scripts usabi-data","previousOperationId":"k1gpkh0mov8ksi3","timestamp":1705350547641,"id":"f2t4bddf6vmsxnh","previousEventId":"yloz1qv7ztnyeyj","operationId":"wx5zclgv2gxl62k"}
{"type":"operationEnd","operationId":"wx5zclgv2gxl62k","timestamp":1705350547655,"id":"m3wql0vs5cj021a","previousEventId":"n5wknjy935njade","previousOperationId":"cjl1yd8uz3ijof9"}
{"type":"log","timestamp":1705350547655,"level":"debug","message":"Executing script orders-script (beforeRender)","meta":{"rootId":"7deqqv62ba7jsf6","id":"7deqqv62ba7jsf6"},"id":"vjmoxcojzxpmyf7","previousOperationId":"cjl1yd8uz3ijof9"}
{"type":"operationStart","subtype":"script","name":"scripts orders-script","previousOperationId":"k1gpkh0mov8ksi3","timestamp":1705350547660,"id":"8kiwpurnl53kdhp","previousEventId":"m3wql0vs5cj021a","operationId":"ktxyjmed2mhuoau"}
{"type":"operationEnd","operationId":"ktxyjmed2mhuoau","timestamp":1705350549074,"id":"m0azia0t3neyyow","previousEventId":"m3wql0vs5cj021a","previousOperationId":"cjl1yd8uz3ijof9"}
{"type":"operationEnd","operationId":"k1gpkh0mov8ksi3","timestamp":1705350549075,"id":"n2tw1foptwutibl","previousEventId":"m0azia0t3neyyow","previousOperationId":"cjl1yd8uz3ijof9"}
{"type":"log","timestamp":1705350549075,"level":"debug","message":"Base url not specified, skipping its injection.","meta":{"rootId":"7deqqv62ba7jsf6","id":"7deqqv62ba7jsf6"},"id":"6cdgpzkc9yejq0j","previousOperationId":"k1gpkh0mov8ksi3"}
{"type":"operationStart","subtype":"engine","name":"handlebars","timestamp":1705350549075,"id":"i2ljsh1vdev7ycj","previousEventId":"n2tw1foptwutibl","operationId":"75davbsbvfrsld3","previousOperationId":"k1gpkh0mov8ksi3"}
{"type":"log","timestamp":1705350549075,"level":"debug","message":"Rendering engine handlebars","meta":{"rootId":"7deqqv62ba7jsf6","id":"7deqqv62ba7jsf6"},"id":"8s5z6vs6f4vvmv8","previousOperationId":"75davbsbvfrsld3"}
{"type":"operationEnd","operationId":"75davbsbvfrsld3","timestamp":1705350549094,"id":"i4vysx1lcpzq10f","previousEventId":"i2ljsh1vdev7ycj","previousOperationId":"75davbsbvfrsld3"}
{"type":"operationStart","subtype":"recipe","name":"chrome-pdf","timestamp":1705350549095,"id":"0v8juqpveiriobb","previousEventId":"i4vysx1lcpzq10f","operationId":"14eq5os79jp6enq","previousOperationId":"75davbsbvfrsld3"}
{"type":"log","timestamp":1705350549095,"level":"debug","message":"Executing recipe chrome-pdf","meta":{"rootId":"7deqqv62ba7jsf6","id":"7deqqv62ba7jsf6"},"id":"8sekvkwhcbt14m1","previousOperationId":"14eq5os79jp6enq"}
{"type":"log","timestamp":1705350549100,"level":"debug","message":"Converting with chrome HeadlessChrome/117.0.5938.149 using chrome-pool strategy","meta":{"rootId":"7deqqv62ba7jsf6","id":"7deqqv62ba7jsf6"},"id":"8neizaaq1gajr96","previousOperationId":"14eq5os79jp6enq"}
{"type":"log","timestamp":1705350549140,"level":"debug","message":"Page request: GET (document) file:///tmp/jsreport/autocleanup/394d5d59-135a-423f-bba0-8d41ca2604ff-chrome-pdf.html","meta":{"rootId":"7deqqv62ba7jsf6","id":"7deqqv62ba7jsf6"},"id":"a5nwdctekxfvzjw","previousOperationId":"14eq5os79jp6enq"}
{"type":"log","timestamp":1705350549147,"level":"debug","message":"Page request: GET (script) https://cdn.jsdelivr.net/npm/chart.js","meta":{"rootId":"7deqqv62ba7jsf6","id":"7deqqv62ba7jsf6"},"id":"d2glrw04vfh6ka8","previousOperationId":"14eq5os79jp6enq"}
{"type":"log","timestamp":1705350549147,"level":"debug","message":"Page request finished: GET (document) 200 file:///tmp/jsreport/autocleanup/394d5d59-135a-423f-bba0-8d41ca2604ff-chrome-pdf.html","meta":{"rootId":"7deqqv62ba7jsf6","id":"7deqqv62ba7jsf6"},"id":"fyy1gc7k1gv644v","previousOperationId":"14eq5os79jp6enq"}
{"type":"log","timestamp":1705350549150,"level":"debug","message":"Page request finished: GET (script) 200 https://cdn.jsdelivr.net/npm/chart.js","meta":{"rootId":"7deqqv62ba7jsf6","id":"7deqqv62ba7jsf6"},"id":"og35i93eysw7qi5","previousOperationId":"14eq5os79jp6enq"}
{"type":"log","timestamp":1705350549187,"level":"debug","message":"Running chrome with params {\"printBackground\":true,\"timeout\":58530,\"margin\":{}}","meta":{"rootId":"7deqqv62ba7jsf6","id":"7deqqv62ba7jsf6"},"id":"luxjsjhool316c4","previousOperationId":"14eq5os79jp6enq"}
{"type":"operationEnd","operationId":"14eq5os79jp6enq","timestamp":1705350549235,"id":"3pzoo6trix2jc7f","previousEventId":"0v8juqpveiriobb","previousOperationId":"14eq5os79jp6enq"}
{"type":"log","timestamp":1705350549235,"level":"debug","message":"Skipping storing report.","meta":{"rootId":"7deqqv62ba7jsf6","id":"7deqqv62ba7jsf6"},"id":"4b7tds7d9icu1ju","previousOperationId":"14eq5os79jp6enq"}
{"type":"log","timestamp":1705350549235,"level":"info","message":"Rendering request 6 finished in 1607 ms","meta":{"rootId":"7deqqv62ba7jsf6","id":"7deqqv62ba7jsf6"},"id":"z54l6uhhtyjtmhc","previousOperationId":"14eq5os79jp6enq"}
{"type":"operationEnd","subtype":"render","operationId":"cjl1yd8uz3ijof9","timestamp":1705350549235,"id":"165intijksi9kg1","previousEventId":"3pzoo6trix2jc7f","previousOperationId":"14eq5os79jp6enq"}
{"type":"operationEnd","doDiffs":false,"previousEventId":"cayy4sxapmfobad","previousOperationId":"p0n65012j94pdg9","operationId":"p0n65012j94pdg9","timestamp":1705350549236,"id":"c6ofj767k0jvnfg"}
