{"type":"operationStart","subtype":"profile","data":{"_id":"OJuu9OxgX81zQJSI","timestamp":"2024-01-11T17:39:54.311Z","state":"queued","mode":"standard","creationDate":"2024-01-11T17:39:54.312Z","modificationDate":"2024-01-11T17:39:54.312Z","shortid":"2xZUoG_","$entitySet":"profiles"},"doDiffs":false,"timestamp":1704994794312,"id":"2qnnp56ldfz1uep","previousOperationId":null,"operationId":"77ka4fx7c8wx8wx"}
{"type":"log","level":"info","message":"Render request 5 queued for execution and waiting for available worker","previousOperationId":"77ka4fx7c8wx8wx","timestamp":1704994794312,"id":"mkg9h890n8hn6zu"}
{"type":"operationStart","subtype":"render","name":"User_project","previousOperationId":"77ka4fx7c8wx8wx","timestamp":1704994794317,"id":"fyceexfhb5h5ikf","previousEventId":"2qnnp56ldfz1uep","operationId":"vtfd9r30yvce1lj"}
{"type":"log","timestamp":1704994794317,"level":"info","message":"Starting rendering request 5","meta":{"rootId":"7dk8puw8i8l8hfc","id":"7dk8puw8i8l8hfc"},"id":"nw3grm12ybe0fse","previousOperationId":"vtfd9r30yvce1lj"}
{"type":"log","timestamp":1704994794317,"level":"info","message":"Rendering template { name: User_project, recipe: chrome-pdf, engine: handlebars, preview: true }","meta":{"rootId":"7dk8puw8i8l8hfc","id":"7dk8puw8i8l8hfc"},"id":"s2fy2kegjjnsoxq","previousOperationId":"vtfd9r30yvce1lj"}
{"type":"log","timestamp":1704994794317,"level":"debug","message":"Data item not defined for this template.","meta":{"rootId":"7dk8puw8i8l8hfc","id":"7dk8puw8i8l8hfc"},"id":"et9v7iei4ctlmfn","previousOperationId":"vtfd9r30yvce1lj"}
{"type":"log","timestamp":1704994794319,"level":"debug","message":"Executing script usabi-data (beforeRender)","meta":{"rootId":"7dk8puw8i8l8hfc","id":"7dk8puw8i8l8hfc"},"id":"ilei6qy07zo5qqq","previousOperationId":"vtfd9r30yvce1lj"}
{"type":"operationStart","subtype":"scriptsBeforeRender","name":"scripts beforeRender","timestamp":1704994794323,"id":"9zf6v8enie1wbtk","previousEventId":"fyceexfhb5h5ikf","operationId":"ile91jsy8lbxjxr","previousOperationId":"vtfd9r30yvce1lj"}
{"type":"operationStart","subtype":"script","name":"scripts usabi-data","previousOperationId":"ile91jsy8lbxjxr","timestamp":1704994794323,"id":"4usb9o2pp6w9p38","previousEventId":"9zf6v8enie1wbtk","operationId":"u7cle0uiriz21xu"}
{"type":"operationEnd","operationId":"u7cle0uiriz21xu","timestamp":1704994794341,"id":"x9wg8yljd61xyng","previousEventId":"fyceexfhb5h5ikf","previousOperationId":"vtfd9r30yvce1lj"}
{"type":"log","timestamp":1704994794341,"level":"debug","message":"Executing script orders-script (beforeRender)","meta":{"rootId":"7dk8puw8i8l8hfc","id":"7dk8puw8i8l8hfc"},"id":"8xx82qxyjxxk4xm","previousOperationId":"vtfd9r30yvce1lj"}
{"type":"operationStart","subtype":"script","name":"scripts orders-script","previousOperationId":"ile91jsy8lbxjxr","timestamp":1704994794345,"id":"d3kjzwl54mub519","previousEventId":"x9wg8yljd61xyng","operationId":"snmi5mnmjkkvpqf"}
{"type":"operationEnd","operationId":"snmi5mnmjkkvpqf","timestamp":1704994795674,"id":"7sxzrn09eluev74","previousEventId":"x9wg8yljd61xyng","previousOperationId":"vtfd9r30yvce1lj"}
{"type":"operationEnd","operationId":"ile91jsy8lbxjxr","timestamp":1704994795674,"id":"rsbq6inp0aldk9w","previousEventId":"7sxzrn09eluev74","previousOperationId":"vtfd9r30yvce1lj"}
{"type":"log","timestamp":1704994795674,"level":"debug","message":"Base url not specified, skipping its injection.","meta":{"rootId":"7dk8puw8i8l8hfc","id":"7dk8puw8i8l8hfc"},"id":"ylla0ux6r32qgae","previousOperationId":"ile91jsy8lbxjxr"}
{"type":"operationStart","subtype":"engine","name":"handlebars","timestamp":1704994795674,"id":"5v6sshh8ucamb6g","previousEventId":"rsbq6inp0aldk9w","operationId":"rbo5rxfa523a77a","previousOperationId":"ile91jsy8lbxjxr"}
{"type":"log","timestamp":1704994795674,"level":"debug","message":"Rendering engine handlebars","meta":{"rootId":"7dk8puw8i8l8hfc","id":"7dk8puw8i8l8hfc"},"id":"7lpb0k1evfwtfs1","previousOperationId":"rbo5rxfa523a77a"}
{"type":"operationEnd","operationId":"rbo5rxfa523a77a","timestamp":1704994795680,"id":"qp2uak6nfgtik6u","previousEventId":"5v6sshh8ucamb6g","previousOperationId":"rbo5rxfa523a77a"}
{"type":"operationStart","subtype":"recipe","name":"chrome-pdf","timestamp":1704994795680,"id":"f9hi5gjpn3q4gux","previousEventId":"qp2uak6nfgtik6u","operationId":"1los0c205jx2p0r","previousOperationId":"rbo5rxfa523a77a"}
{"type":"log","timestamp":1704994795680,"level":"debug","message":"Executing recipe chrome-pdf","meta":{"rootId":"7dk8puw8i8l8hfc","id":"7dk8puw8i8l8hfc"},"id":"tgvwjrzhsom4nh0","previousOperationId":"1los0c205jx2p0r"}
{"type":"log","timestamp":1704994795682,"level":"debug","message":"Converting with chrome HeadlessChrome/117.0.5938.149 using chrome-pool strategy","meta":{"rootId":"7dk8puw8i8l8hfc","id":"7dk8puw8i8l8hfc"},"id":"yr9sk7zczgiinj3","previousOperationId":"1los0c205jx2p0r"}
{"type":"log","timestamp":1704994795734,"level":"debug","message":"Page request: GET (document) file:///tmp/jsreport/autocleanup/ae60f009-5d35-43ac-82fd-ede870476635-chrome-pdf.html","meta":{"rootId":"7dk8puw8i8l8hfc","id":"7dk8puw8i8l8hfc"},"id":"wztnbcwblfz5x2c","previousOperationId":"1los0c205jx2p0r"}
{"type":"log","timestamp":1704994795742,"level":"debug","message":"Page request: GET (script) https://cdn.jsdelivr.net/npm/chart.js","meta":{"rootId":"7dk8puw8i8l8hfc","id":"7dk8puw8i8l8hfc"},"id":"eurrjftdz7v2vur","previousOperationId":"1los0c205jx2p0r"}
{"type":"log","timestamp":1704994795742,"level":"debug","message":"Page request finished: GET (document) 200 file:///tmp/jsreport/autocleanup/ae60f009-5d35-43ac-82fd-ede870476635-chrome-pdf.html","meta":{"rootId":"7dk8puw8i8l8hfc","id":"7dk8puw8i8l8hfc"},"id":"4e2vul6shaat6ss","previousOperationId":"1los0c205jx2p0r"}
{"type":"log","timestamp":1704994795746,"level":"debug","message":"Page request finished: GET (script) 200 https://cdn.jsdelivr.net/npm/chart.js","meta":{"rootId":"7dk8puw8i8l8hfc","id":"7dk8puw8i8l8hfc"},"id":"tljqvqv2koklh4j","previousOperationId":"1los0c205jx2p0r"}
{"type":"log","timestamp":1704994795749,"level":"warn","message":"Page error: Unexpected identifier 'Object' , stack: SyntaxError: Unexpected identifier 'Object'","meta":{"rootId":"7dk8puw8i8l8hfc","id":"7dk8puw8i8l8hfc"},"id":"9fjffoxht9l272y","previousOperationId":"1los0c205jx2p0r"}
{"type":"log","timestamp":1704994795752,"level":"debug","message":"Running chrome with params {\"printBackground\":true,\"timeout\":58629,\"margin\":{}}","meta":{"rootId":"7dk8puw8i8l8hfc","id":"7dk8puw8i8l8hfc"},"id":"56rs89idaguxarb","previousOperationId":"1los0c205jx2p0r"}
{"type":"operationEnd","operationId":"1los0c205jx2p0r","timestamp":1704994795759,"id":"dstfas4vw7wpn20","previousEventId":"f9hi5gjpn3q4gux","previousOperationId":"1los0c205jx2p0r"}
{"type":"log","timestamp":1704994795760,"level":"debug","message":"Skipping storing report.","meta":{"rootId":"7dk8puw8i8l8hfc","id":"7dk8puw8i8l8hfc"},"id":"lph952nbs8morvq","previousOperationId":"1los0c205jx2p0r"}
{"type":"log","timestamp":1704994795760,"level":"info","message":"Rendering request 5 finished in 1449 ms","meta":{"rootId":"7dk8puw8i8l8hfc","id":"7dk8puw8i8l8hfc"},"id":"pvt3l1iinic0niv","previousOperationId":"1los0c205jx2p0r"}
{"type":"operationEnd","subtype":"render","operationId":"vtfd9r30yvce1lj","timestamp":1704994795760,"id":"1qp1ujjicjdarex","previousEventId":"dstfas4vw7wpn20","previousOperationId":"1los0c205jx2p0r"}
{"type":"operationEnd","doDiffs":false,"previousEventId":"2qnnp56ldfz1uep","previousOperationId":"77ka4fx7c8wx8wx","operationId":"77ka4fx7c8wx8wx","timestamp":1704994795765,"id":"1at9chudz7nw09o"}
