{"type":"operationStart","subtype":"profile","data":{"_id":"jZXsoIPYzeZB3I5s","timestamp":"2024-01-11T16:26:11.576Z","state":"queued","mode":"standard","creationDate":"2024-01-11T16:26:11.577Z","modificationDate":"2024-01-11T16:26:11.577Z","shortid":"VVTvGjQ","$entitySet":"profiles"},"doDiffs":false,"timestamp":1704990371577,"id":"ikv5x5d93lsfs2u","previousOperationId":null,"operationId":"d7mqweoo7d2bxho"}
{"type":"log","level":"info","message":"Render request 33 queued for execution and waiting for available worker","previousOperationId":"d7mqweoo7d2bxho","timestamp":1704990371577,"id":"6mfz79fqic9619m"}
{"type":"operationStart","subtype":"render","name":"User_project","previousOperationId":"d7mqweoo7d2bxho","timestamp":1704990371580,"id":"l7mrotsbyboxgih","previousEventId":"ikv5x5d93lsfs2u","operationId":"zcmm99qc39h8czg"}
{"type":"log","timestamp":1704990371580,"level":"info","message":"Starting rendering request 33","meta":{"rootId":"7edzotdlce0ib8r","id":"7edzotdlce0ib8r"},"id":"f8cu7k0zprqvqja","previousOperationId":"zcmm99qc39h8czg"}
{"type":"log","timestamp":1704990371580,"level":"info","message":"Rendering template { name: User_project, recipe: chrome-pdf, engine: handlebars, preview: true }","meta":{"rootId":"7edzotdlce0ib8r","id":"7edzotdlce0ib8r"},"id":"lhamw7wv11yytkb","previousOperationId":"zcmm99qc39h8czg"}
{"type":"log","timestamp":1704990371580,"level":"debug","message":"Data item not defined for this template.","meta":{"rootId":"7edzotdlce0ib8r","id":"7edzotdlce0ib8r"},"id":"n7e1ed98x5ip7td","previousOperationId":"zcmm99qc39h8czg"}
{"type":"log","timestamp":1704990371581,"level":"debug","message":"Executing script usabi-data (beforeRender)","meta":{"rootId":"7edzotdlce0ib8r","id":"7edzotdlce0ib8r"},"id":"2dasup1fq1fgk14","previousOperationId":"zcmm99qc39h8czg"}
{"type":"operationStart","subtype":"scriptsBeforeRender","name":"scripts beforeRender","timestamp":1704990371584,"id":"36mm19ubnq4wfjj","previousEventId":"l7mrotsbyboxgih","operationId":"4euk24yoj08gdj0","previousOperationId":"zcmm99qc39h8czg"}
{"type":"operationStart","subtype":"script","name":"scripts usabi-data","previousOperationId":"4euk24yoj08gdj0","timestamp":1704990371584,"id":"cqaf868e534rryx","previousEventId":"36mm19ubnq4wfjj","operationId":"vgadek6ork6vygz"}
{"type":"operationEnd","operationId":"vgadek6ork6vygz","timestamp":1704990371595,"id":"egfcncqwc8nwqm7","previousEventId":"l7mrotsbyboxgih","previousOperationId":"zcmm99qc39h8czg"}
{"type":"operationEnd","operationId":"4euk24yoj08gdj0","timestamp":1704990371595,"id":"d89ps03na810nut","previousEventId":"egfcncqwc8nwqm7","previousOperationId":"zcmm99qc39h8czg"}
{"type":"log","timestamp":1704990371595,"level":"debug","message":"Base url not specified, skipping its injection.","meta":{"rootId":"7edzotdlce0ib8r","id":"7edzotdlce0ib8r"},"id":"33xly4tp0yuptqc","previousOperationId":"4euk24yoj08gdj0"}
{"type":"operationStart","subtype":"engine","name":"handlebars","timestamp":1704990371595,"id":"bg75mcrpcs21n1e","previousEventId":"d89ps03na810nut","operationId":"vnz95nbsupgktya","previousOperationId":"4euk24yoj08gdj0"}
{"type":"log","timestamp":1704990371595,"level":"debug","message":"Rendering engine handlebars","meta":{"rootId":"7edzotdlce0ib8r","id":"7edzotdlce0ib8r"},"id":"0so5mjlg85vanbd","previousOperationId":"vnz95nbsupgktya"}
{"type":"operationEnd","operationId":"vnz95nbsupgktya","timestamp":1704990371602,"id":"895fetrm8m7t37s","previousEventId":"bg75mcrpcs21n1e","previousOperationId":"vnz95nbsupgktya"}
{"type":"operationStart","subtype":"recipe","name":"chrome-pdf","timestamp":1704990371602,"id":"deawx84wmwnc3fx","previousEventId":"895fetrm8m7t37s","operationId":"a1lrz4pjowoa5ps","previousOperationId":"vnz95nbsupgktya"}
{"type":"log","timestamp":1704990371602,"level":"debug","message":"Executing recipe chrome-pdf","meta":{"rootId":"7edzotdlce0ib8r","id":"7edzotdlce0ib8r"},"id":"s6scnhqzaefd2g5","previousOperationId":"a1lrz4pjowoa5ps"}
{"type":"log","timestamp":1704990371604,"level":"debug","message":"Converting with chrome HeadlessChrome/117.0.5938.149 using chrome-pool strategy","meta":{"rootId":"7edzotdlce0ib8r","id":"7edzotdlce0ib8r"},"id":"f9wlynm7gdvggeb","previousOperationId":"a1lrz4pjowoa5ps"}
{"type":"log","timestamp":1704990371636,"level":"debug","message":"Page request: GET (document) file:///tmp/jsreport/autocleanup/7b513ebf-3819-463f-a1ca-aad0c44d41dd-chrome-pdf.html","meta":{"rootId":"7edzotdlce0ib8r","id":"7edzotdlce0ib8r"},"id":"jgq7khil9fbgc2n","previousOperationId":"a1lrz4pjowoa5ps"}
{"type":"log","timestamp":1704990371646,"level":"debug","message":"Page request: GET (script) https://cdn.jsdelivr.net/npm/chart.js","meta":{"rootId":"7edzotdlce0ib8r","id":"7edzotdlce0ib8r"},"id":"tiyzrypulysukyp","previousOperationId":"a1lrz4pjowoa5ps"}
{"type":"log","timestamp":1704990371646,"level":"debug","message":"Page request finished: GET (document) 200 file:///tmp/jsreport/autocleanup/7b513ebf-3819-463f-a1ca-aad0c44d41dd-chrome-pdf.html","meta":{"rootId":"7edzotdlce0ib8r","id":"7edzotdlce0ib8r"},"id":"wgbff6s9weheduw","previousOperationId":"a1lrz4pjowoa5ps"}
{"type":"log","timestamp":1704990371650,"level":"debug","message":"Page request finished: GET (script) 200 https://cdn.jsdelivr.net/npm/chart.js","meta":{"rootId":"7edzotdlce0ib8r","id":"7edzotdlce0ib8r"},"id":"fvcngbobmx8uek5","previousOperationId":"a1lrz4pjowoa5ps"}
{"type":"log","timestamp":1704990371709,"level":"debug","message":"Running chrome with params {\"printBackground\":true,\"timeout\":59973,\"margin\":{}}","meta":{"rootId":"7edzotdlce0ib8r","id":"7edzotdlce0ib8r"},"id":"yc3xlfb06ij9w89","previousOperationId":"a1lrz4pjowoa5ps"}
{"type":"operationEnd","operationId":"a1lrz4pjowoa5ps","timestamp":1704990371728,"id":"x2ohkbdhkntqubj","previousEventId":"deawx84wmwnc3fx","previousOperationId":"a1lrz4pjowoa5ps"}
{"type":"log","timestamp":1704990371728,"level":"debug","message":"Skipping storing report.","meta":{"rootId":"7edzotdlce0ib8r","id":"7edzotdlce0ib8r"},"id":"ivzvdq5axbzka3h","previousOperationId":"a1lrz4pjowoa5ps"}
{"type":"log","timestamp":1704990371728,"level":"info","message":"Rendering request 33 finished in 152 ms","meta":{"rootId":"7edzotdlce0ib8r","id":"7edzotdlce0ib8r"},"id":"se2foa3mdqaaq9m","previousOperationId":"a1lrz4pjowoa5ps"}
{"type":"operationEnd","subtype":"render","operationId":"zcmm99qc39h8czg","timestamp":1704990371728,"id":"otfxco6mzlih331","previousEventId":"x2ohkbdhkntqubj","previousOperationId":"a1lrz4pjowoa5ps"}
{"type":"operationEnd","doDiffs":false,"previousEventId":"ikv5x5d93lsfs2u","previousOperationId":"d7mqweoo7d2bxho","operationId":"d7mqweoo7d2bxho","timestamp":1704990371730,"id":"nixpsxrdm9ffzkq"}
