{"type":"operationStart","subtype":"profile","data":{"_id":"sHPImLUFTD71HxvG","timestamp":"2024-01-11T16:17:05.757Z","state":"queued","mode":"standard","creationDate":"2024-01-11T16:17:05.760Z","modificationDate":"2024-01-11T16:17:05.760Z","shortid":"qKfniwE","$entitySet":"profiles"},"doDiffs":false,"timestamp":1704989825758,"id":"no7sy4kf3v7lljm","previousOperationId":null,"operationId":"0nmpbx3zvzmrmlk"}
{"type":"log","level":"info","message":"Render request 20 queued for execution and waiting for available worker","previousOperationId":"0nmpbx3zvzmrmlk","timestamp":1704989825759,"id":"hmp1samio27oj0z"}
{"type":"operationStart","subtype":"render","name":"User_project","previousOperationId":"0nmpbx3zvzmrmlk","timestamp":1704989825791,"id":"cvvpmk3jsolnht4","previousEventId":"no7sy4kf3v7lljm","operationId":"x6k8d4lgzjyxqtr"}
{"type":"log","timestamp":1704989825791,"level":"info","message":"Starting rendering request 20","meta":{"rootId":"7fgesyna5kwlhb1","id":"7fgesyna5kwlhb1"},"id":"a63ffo9ribfn2wk","previousOperationId":"x6k8d4lgzjyxqtr"}
{"type":"log","timestamp":1704989825792,"level":"info","message":"Rendering template { name: User_project, recipe: chrome-pdf, engine: handlebars, preview: true }","meta":{"rootId":"7fgesyna5kwlhb1","id":"7fgesyna5kwlhb1"},"id":"bsmu7a4lthm147k","previousOperationId":"x6k8d4lgzjyxqtr"}
{"type":"log","timestamp":1704989825793,"level":"debug","message":"Data item not defined for this template.","meta":{"rootId":"7fgesyna5kwlhb1","id":"7fgesyna5kwlhb1"},"id":"h0tefbmjhjwqufx","previousOperationId":"x6k8d4lgzjyxqtr"}
{"type":"log","timestamp":1704989825796,"level":"debug","message":"Executing script usabi-data (beforeRender)","meta":{"rootId":"7fgesyna5kwlhb1","id":"7fgesyna5kwlhb1"},"id":"kjqfju5wzi19udp","previousOperationId":"x6k8d4lgzjyxqtr"}
{"type":"operationStart","subtype":"scriptsBeforeRender","name":"scripts beforeRender","timestamp":1704989825801,"id":"iabsnd70u4975n7","previousEventId":"cvvpmk3jsolnht4","operationId":"xdo6o1m23bqh4n5","previousOperationId":"x6k8d4lgzjyxqtr"}
{"type":"operationStart","subtype":"script","name":"scripts usabi-data","previousOperationId":"xdo6o1m23bqh4n5","timestamp":1704989825801,"id":"ufmy8k0ogxhchu4","previousEventId":"iabsnd70u4975n7","operationId":"28s26e2bzfsix80"}
{"type":"operationEnd","operationId":"28s26e2bzfsix80","timestamp":1704989825839,"id":"gow5915yurhrvy0","previousEventId":"cvvpmk3jsolnht4","previousOperationId":"x6k8d4lgzjyxqtr"}
{"type":"operationEnd","operationId":"xdo6o1m23bqh4n5","timestamp":1704989825839,"id":"22513o8g6p5jhp7","previousEventId":"gow5915yurhrvy0","previousOperationId":"x6k8d4lgzjyxqtr"}
{"type":"log","timestamp":1704989825839,"level":"debug","message":"Base url not specified, skipping its injection.","meta":{"rootId":"7fgesyna5kwlhb1","id":"7fgesyna5kwlhb1"},"id":"xvay6ragcjaunhk","previousOperationId":"xdo6o1m23bqh4n5"}
{"type":"operationStart","subtype":"engine","name":"handlebars","timestamp":1704989825839,"id":"8qp7hklyfqhor4u","previousEventId":"22513o8g6p5jhp7","operationId":"kibew4n52opfguh","previousOperationId":"xdo6o1m23bqh4n5"}
{"type":"log","timestamp":1704989825839,"level":"debug","message":"Rendering engine handlebars","meta":{"rootId":"7fgesyna5kwlhb1","id":"7fgesyna5kwlhb1"},"id":"cc1qecovxzrnttr","previousOperationId":"kibew4n52opfguh"}
{"type":"operationEnd","operationId":"kibew4n52opfguh","timestamp":1704989825855,"id":"wsjmtwwur3r3hmz","previousEventId":"8qp7hklyfqhor4u","previousOperationId":"kibew4n52opfguh"}
{"type":"operationStart","subtype":"recipe","name":"chrome-pdf","timestamp":1704989825855,"id":"1d6519ehxamjmus","previousEventId":"wsjmtwwur3r3hmz","operationId":"61g72uywuvb394i","previousOperationId":"kibew4n52opfguh"}
{"type":"log","timestamp":1704989825855,"level":"debug","message":"Executing recipe chrome-pdf","meta":{"rootId":"7fgesyna5kwlhb1","id":"7fgesyna5kwlhb1"},"id":"h8c5b8qiyj9ng0g","previousOperationId":"61g72uywuvb394i"}
{"type":"log","timestamp":1704989825856,"level":"debug","message":"Converting with chrome HeadlessChrome/117.0.5938.149 using chrome-pool strategy","meta":{"rootId":"7fgesyna5kwlhb1","id":"7fgesyna5kwlhb1"},"id":"ep7wsyhxcxd2cuy","previousOperationId":"61g72uywuvb394i"}
{"type":"log","timestamp":1704989825895,"level":"debug","message":"Page request: GET (document) file:///tmp/jsreport/autocleanup/8e58ac09-4926-41c3-8abc-7a6c3a71d969-chrome-pdf.html","meta":{"rootId":"7fgesyna5kwlhb1","id":"7fgesyna5kwlhb1"},"id":"1e6fv3ohpq2s1u7","previousOperationId":"61g72uywuvb394i"}
{"type":"log","timestamp":1704989825902,"level":"debug","message":"Page request: GET (script) https://cdn.jsdelivr.net/npm/chart.js","meta":{"rootId":"7fgesyna5kwlhb1","id":"7fgesyna5kwlhb1"},"id":"n4hgsixtz3ue95d","previousOperationId":"61g72uywuvb394i"}
{"type":"log","timestamp":1704989825902,"level":"debug","message":"Page request finished: GET (document) 200 file:///tmp/jsreport/autocleanup/8e58ac09-4926-41c3-8abc-7a6c3a71d969-chrome-pdf.html","meta":{"rootId":"7fgesyna5kwlhb1","id":"7fgesyna5kwlhb1"},"id":"ir953x4zfxtq0rk","previousOperationId":"61g72uywuvb394i"}
{"type":"log","timestamp":1704989825905,"level":"debug","message":"Page request finished: GET (script) 200 https://cdn.jsdelivr.net/npm/chart.js","meta":{"rootId":"7fgesyna5kwlhb1","id":"7fgesyna5kwlhb1"},"id":"7hv5hs37957h8cr","previousOperationId":"61g72uywuvb394i"}
{"type":"log","timestamp":1704989825958,"level":"debug","message":"Running chrome with params {\"printBackground\":true,\"timeout\":59901,\"margin\":{}}","meta":{"rootId":"7fgesyna5kwlhb1","id":"7fgesyna5kwlhb1"},"id":"dff5m74rocrgqbh","previousOperationId":"61g72uywuvb394i"}
{"type":"operationEnd","operationId":"61g72uywuvb394i","timestamp":1704989825983,"id":"476o9ykeo3vpbbb","previousEventId":"1d6519ehxamjmus","previousOperationId":"61g72uywuvb394i"}
{"type":"log","timestamp":1704989825983,"level":"debug","message":"Skipping storing report.","meta":{"rootId":"7fgesyna5kwlhb1","id":"7fgesyna5kwlhb1"},"id":"ox092uwmli1so71","previousOperationId":"61g72uywuvb394i"}
{"type":"log","timestamp":1704989825983,"level":"info","message":"Rendering request 20 finished in 226 ms","meta":{"rootId":"7fgesyna5kwlhb1","id":"7fgesyna5kwlhb1"},"id":"1yebjg32yqp9kqt","previousOperationId":"61g72uywuvb394i"}
{"type":"operationEnd","subtype":"render","operationId":"x6k8d4lgzjyxqtr","timestamp":1704989825983,"id":"0ksu96xc3xleivl","previousEventId":"476o9ykeo3vpbbb","previousOperationId":"61g72uywuvb394i"}
{"type":"operationEnd","doDiffs":false,"previousEventId":"no7sy4kf3v7lljm","previousOperationId":"0nmpbx3zvzmrmlk","operationId":"0nmpbx3zvzmrmlk","timestamp":1704989825985,"id":"ccc0cgjxeu0swhr"}
