{"type":"operationStart","subtype":"profile","data":{"_id":"BJ9BNsf6SqM8LbWZ","timestamp":"2024-01-11T17:25:01.256Z","state":"queued","mode":"standard","creationDate":"2024-01-11T17:25:01.257Z","modificationDate":"2024-01-11T17:25:01.257Z","shortid":"KqxSs0j","$entitySet":"profiles"},"doDiffs":false,"timestamp":1704993901257,"id":"708tbvjrnlp33uu","previousOperationId":null,"operationId":"uawpi0vkfnile35"}
{"type":"log","level":"info","message":"Render request 139 queued for execution and waiting for available worker","previousOperationId":"uawpi0vkfnile35","timestamp":1704993901257,"id":"m56z70f135j9rmv"}
{"type":"operationStart","subtype":"render","name":"User_project","previousOperationId":"uawpi0vkfnile35","timestamp":1704993901260,"id":"kofe8v6bsqykmri","previousEventId":"708tbvjrnlp33uu","operationId":"ho5ei3vk37suxwp"}
{"type":"log","timestamp":1704993901260,"level":"info","message":"Starting rendering request 139","meta":{"rootId":"7hanvd1hb8ltr1e","id":"7hanvd1hb8ltr1e"},"id":"xbki75am940c5lx","previousOperationId":"ho5ei3vk37suxwp"}
{"type":"log","timestamp":1704993901261,"level":"info","message":"Rendering template { name: User_project, recipe: chrome-pdf, engine: handlebars, preview: true }","meta":{"rootId":"7hanvd1hb8ltr1e","id":"7hanvd1hb8ltr1e"},"id":"5fmu3xrsqlalfl3","previousOperationId":"ho5ei3vk37suxwp"}
{"type":"log","timestamp":1704993901261,"level":"debug","message":"Data item not defined for this template.","meta":{"rootId":"7hanvd1hb8ltr1e","id":"7hanvd1hb8ltr1e"},"id":"ut3h0pikiae13de","previousOperationId":"ho5ei3vk37suxwp"}
{"type":"log","timestamp":1704993901262,"level":"debug","message":"Executing script usabi-data (beforeRender)","meta":{"rootId":"7hanvd1hb8ltr1e","id":"7hanvd1hb8ltr1e"},"id":"uxdhmfgbdljpmvd","previousOperationId":"ho5ei3vk37suxwp"}
{"type":"operationStart","subtype":"scriptsBeforeRender","name":"scripts beforeRender","timestamp":1704993901268,"id":"nm5vjl01xh8bfdl","previousEventId":"kofe8v6bsqykmri","operationId":"kvfr0ko6mom3hbt","previousOperationId":"ho5ei3vk37suxwp"}
{"type":"operationStart","subtype":"script","name":"scripts usabi-data","previousOperationId":"kvfr0ko6mom3hbt","timestamp":1704993901268,"id":"cpb77bgs1jbeej8","previousEventId":"nm5vjl01xh8bfdl","operationId":"c8o7d64j41ryhxz"}
{"type":"log","timestamp":1704993901292,"level":"debug","message":"(console:log) Datos obtenidos correctamente: {\n  user_project_data: [\n    { user_name: 'admin', projects: [Array] },\n    { user_name: 'aisha', projects: [Array] },\n    { user_name: 'carlos', projects: [Array] },\n    { user_name: 'adrian', projects: [Array] }\n  ]\n}","meta":{"userLevel":true,"rootId":"7hanvd1hb8ltr1e","id":"7hanvd1hb8ltr1e"},"id":"opb2fo2iuqghaat","previousOperationId":"c8o7d64j41ryhxz"}
{"type":"log","timestamp":1704993901292,"level":"debug","message":"(console:log) Datos transformados: {\n  usabiData: [\n    { user_name: 'admin', projects: [Array] },\n    { user_name: 'aisha', projects: [Array] },\n    { user_name: 'carlos', projects: [Array] },\n    { user_name: 'adrian', projects: [Array] }\n  ]\n}","meta":{"userLevel":true,"rootId":"7hanvd1hb8ltr1e","id":"7hanvd1hb8ltr1e"},"id":"u1nbgw8f5ybv78x","previousOperationId":"c8o7d64j41ryhxz"}
{"type":"operationEnd","operationId":"c8o7d64j41ryhxz","timestamp":1704993901292,"id":"9qz178ry4xutue6","previousEventId":"kofe8v6bsqykmri","previousOperationId":"ho5ei3vk37suxwp"}
{"type":"log","timestamp":1704993901292,"level":"debug","message":"Executing script orders-script (beforeRender)","meta":{"rootId":"7hanvd1hb8ltr1e","id":"7hanvd1hb8ltr1e"},"id":"m7lgzzgnmyormhw","previousOperationId":"ho5ei3vk37suxwp"}
{"type":"operationStart","subtype":"script","name":"scripts orders-script","previousOperationId":"kvfr0ko6mom3hbt","timestamp":1704993901296,"id":"j3ekqyh931ph4hj","previousEventId":"9qz178ry4xutue6","operationId":"efq2tsp4lzvm2tf"}
{"type":"operationEnd","operationId":"efq2tsp4lzvm2tf","timestamp":1704993902673,"id":"t0n1lrjnt13fzo7","previousEventId":"9qz178ry4xutue6","previousOperationId":"ho5ei3vk37suxwp"}
{"type":"operationEnd","operationId":"kvfr0ko6mom3hbt","timestamp":1704993902673,"id":"91ub01sz5r7zacv","previousEventId":"t0n1lrjnt13fzo7","previousOperationId":"ho5ei3vk37suxwp"}
{"type":"log","timestamp":1704993902673,"level":"debug","message":"Base url not specified, skipping its injection.","meta":{"rootId":"7hanvd1hb8ltr1e","id":"7hanvd1hb8ltr1e"},"id":"7b0g9n3t4usjn1x","previousOperationId":"kvfr0ko6mom3hbt"}
{"type":"operationStart","subtype":"engine","name":"handlebars","timestamp":1704993902673,"id":"fpibglp1pctxshc","previousEventId":"91ub01sz5r7zacv","operationId":"77u3acaaj78v00z","previousOperationId":"kvfr0ko6mom3hbt"}
{"type":"log","timestamp":1704993902673,"level":"debug","message":"Rendering engine handlebars","meta":{"rootId":"7hanvd1hb8ltr1e","id":"7hanvd1hb8ltr1e"},"id":"agfjief96udp5i0","previousOperationId":"77u3acaaj78v00z"}
{"type":"operationEnd","operationId":"77u3acaaj78v00z","timestamp":1704993902678,"id":"foyndp1wxq2xtx0","previousEventId":"fpibglp1pctxshc","previousOperationId":"77u3acaaj78v00z"}
{"type":"operationStart","subtype":"recipe","name":"chrome-pdf","timestamp":1704993902679,"id":"uncn2k4piy9uc9p","previousEventId":"foyndp1wxq2xtx0","operationId":"uk1twaj9yz1vclq","previousOperationId":"77u3acaaj78v00z"}
{"type":"log","timestamp":1704993902679,"level":"debug","message":"Executing recipe chrome-pdf","meta":{"rootId":"7hanvd1hb8ltr1e","id":"7hanvd1hb8ltr1e"},"id":"g8sbm9wabsjygbm","previousOperationId":"uk1twaj9yz1vclq"}
{"type":"log","timestamp":1704993902682,"level":"debug","message":"Converting with chrome HeadlessChrome/117.0.5938.149 using chrome-pool strategy","meta":{"rootId":"7hanvd1hb8ltr1e","id":"7hanvd1hb8ltr1e"},"id":"gwxuibnnp59qiqh","previousOperationId":"uk1twaj9yz1vclq"}
{"type":"log","timestamp":1704993902722,"level":"debug","message":"Page request: GET (document) file:///tmp/jsreport/autocleanup/6fcf1e8b-8e19-44bd-ab8b-e1a25f7e802d-chrome-pdf.html","meta":{"rootId":"7hanvd1hb8ltr1e","id":"7hanvd1hb8ltr1e"},"id":"6ahfzt149qeai7u","previousOperationId":"uk1twaj9yz1vclq"}
{"type":"log","timestamp":1704993902730,"level":"debug","message":"Page request: GET (script) https://cdn.jsdelivr.net/npm/chart.js","meta":{"rootId":"7hanvd1hb8ltr1e","id":"7hanvd1hb8ltr1e"},"id":"y155p07g8bb7dar","previousOperationId":"uk1twaj9yz1vclq"}
{"type":"log","timestamp":1704993902730,"level":"debug","message":"Page request finished: GET (document) 200 file:///tmp/jsreport/autocleanup/6fcf1e8b-8e19-44bd-ab8b-e1a25f7e802d-chrome-pdf.html","meta":{"rootId":"7hanvd1hb8ltr1e","id":"7hanvd1hb8ltr1e"},"id":"jfknwgu5qr0pkp0","previousOperationId":"uk1twaj9yz1vclq"}
{"type":"log","timestamp":1704993902734,"level":"debug","message":"Page request finished: GET (script) 200 https://cdn.jsdelivr.net/npm/chart.js","meta":{"rootId":"7hanvd1hb8ltr1e","id":"7hanvd1hb8ltr1e"},"id":"pwsxtft56cdwt4k","previousOperationId":"uk1twaj9yz1vclq"}
{"type":"log","timestamp":1704993902737,"level":"warn","message":"Page error: Unexpected token ';' , stack: SyntaxError: Unexpected token ';'","meta":{"rootId":"7hanvd1hb8ltr1e","id":"7hanvd1hb8ltr1e"},"id":"lh1ppcoqm9scaa4","previousOperationId":"uk1twaj9yz1vclq"}
{"type":"log","timestamp":1704993902740,"level":"debug","message":"Running chrome with params {\"printBackground\":true,\"timeout\":58575,\"margin\":{}}","meta":{"rootId":"7hanvd1hb8ltr1e","id":"7hanvd1hb8ltr1e"},"id":"ek8b8z9a1qepzmo","previousOperationId":"uk1twaj9yz1vclq"}
{"type":"operationEnd","operationId":"uk1twaj9yz1vclq","timestamp":1704993902759,"id":"854gt5eqr19gsow","previousEventId":"uncn2k4piy9uc9p","previousOperationId":"uk1twaj9yz1vclq"}
{"type":"log","timestamp":1704993902762,"level":"debug","message":"Skipping storing report.","meta":{"rootId":"7hanvd1hb8ltr1e","id":"7hanvd1hb8ltr1e"},"id":"h285xp7fgwn3fsh","previousOperationId":"uk1twaj9yz1vclq"}
{"type":"log","timestamp":1704993902762,"level":"info","message":"Rendering request 139 finished in 1506 ms","meta":{"rootId":"7hanvd1hb8ltr1e","id":"7hanvd1hb8ltr1e"},"id":"1r61i8gpi3aoxgi","previousOperationId":"uk1twaj9yz1vclq"}
{"type":"operationEnd","subtype":"render","operationId":"ho5ei3vk37suxwp","timestamp":1704993902762,"id":"y06yv3pdfyow5u6","previousEventId":"854gt5eqr19gsow","previousOperationId":"uk1twaj9yz1vclq"}
{"type":"operationEnd","doDiffs":false,"previousEventId":"708tbvjrnlp33uu","previousOperationId":"uawpi0vkfnile35","operationId":"uawpi0vkfnile35","timestamp":1704993902766,"id":"3nr9yu8bnxxmn71"}
