{"type":"operationStart","subtype":"profile","data":{"_id":"xlgFMBCmk280YzYz","timestamp":"2024-01-11T17:27:45.046Z","state":"queued","mode":"standard","creationDate":"2024-01-11T17:27:45.047Z","modificationDate":"2024-01-11T17:27:45.047Z","shortid":"vTywyGT","$entitySet":"profiles"},"doDiffs":false,"timestamp":1704994065047,"id":"a9ah8emevqkvwqx","previousOperationId":null,"operationId":"ly86kldp9hdngkl"}
{"type":"log","level":"info","message":"Render request 143 queued for execution and waiting for available worker","previousOperationId":"ly86kldp9hdngkl","timestamp":1704994065047,"id":"d9hhbvl1mrobeie"}
{"type":"operationStart","subtype":"render","name":"User_project","previousOperationId":"ly86kldp9hdngkl","timestamp":1704994065050,"id":"dne5u6v9y21d1u1","previousEventId":"a9ah8emevqkvwqx","operationId":"vg2ydditcw97lh0"}
{"type":"log","timestamp":1704994065050,"level":"info","message":"Starting rendering request 143","meta":{"rootId":"7hiwxzcs9hpp9sp","id":"7hiwxzcs9hpp9sp"},"id":"hqnwce2kt9ty35y","previousOperationId":"vg2ydditcw97lh0"}
{"type":"log","timestamp":1704994065050,"level":"info","message":"Rendering template { name: User_project, recipe: chrome-pdf, engine: handlebars, preview: true }","meta":{"rootId":"7hiwxzcs9hpp9sp","id":"7hiwxzcs9hpp9sp"},"id":"vg5zjt1yd8xckz7","previousOperationId":"vg2ydditcw97lh0"}
{"type":"log","timestamp":1704994065051,"level":"debug","message":"Data item not defined for this template.","meta":{"rootId":"7hiwxzcs9hpp9sp","id":"7hiwxzcs9hpp9sp"},"id":"ugpvgfkgxgfefw5","previousOperationId":"vg2ydditcw97lh0"}
{"type":"log","timestamp":1704994065052,"level":"debug","message":"Executing script usabi-data (beforeRender)","meta":{"rootId":"7hiwxzcs9hpp9sp","id":"7hiwxzcs9hpp9sp"},"id":"lvrbhss0jcr260q","previousOperationId":"vg2ydditcw97lh0"}
{"type":"operationStart","subtype":"scriptsBeforeRender","name":"scripts beforeRender","timestamp":1704994065055,"id":"h77lpm87skzogcv","previousEventId":"dne5u6v9y21d1u1","operationId":"cq2iaao0gxpytbi","previousOperationId":"vg2ydditcw97lh0"}
{"type":"operationStart","subtype":"script","name":"scripts usabi-data","previousOperationId":"cq2iaao0gxpytbi","timestamp":1704994065055,"id":"wkx66f2ao09w10l","previousEventId":"h77lpm87skzogcv","operationId":"gxoj5nezr2qj0u0"}
{"type":"log","timestamp":1704994065073,"level":"debug","message":"(console:log) Datos obtenidos correctamente: {\n  user_project_data: [\n    { user_name: 'admin', projects: [Array] },\n    { user_name: 'aisha', projects: [Array] },\n    { user_name: 'carlos', projects: [Array] },\n    { user_name: 'adrian', projects: [Array] }\n  ]\n}","meta":{"userLevel":true,"rootId":"7hiwxzcs9hpp9sp","id":"7hiwxzcs9hpp9sp"},"id":"upn0ymmymcpwid1","previousOperationId":"gxoj5nezr2qj0u0"}
{"type":"log","timestamp":1704994065073,"level":"debug","message":"(console:log) Datos transformados: {\n  usabiData: [\n    { user_name: 'admin', projects: [Array] },\n    { user_name: 'aisha', projects: [Array] },\n    { user_name: 'carlos', projects: [Array] },\n    { user_name: 'adrian', projects: [Array] }\n  ]\n}","meta":{"userLevel":true,"rootId":"7hiwxzcs9hpp9sp","id":"7hiwxzcs9hpp9sp"},"id":"ie2p4k6zpbqphfl","previousOperationId":"gxoj5nezr2qj0u0"}
{"type":"operationEnd","operationId":"gxoj5nezr2qj0u0","timestamp":1704994065074,"id":"l4mdy0ylqasny50","previousEventId":"dne5u6v9y21d1u1","previousOperationId":"vg2ydditcw97lh0"}
{"type":"log","timestamp":1704994065074,"level":"debug","message":"Executing script orders-script (beforeRender)","meta":{"rootId":"7hiwxzcs9hpp9sp","id":"7hiwxzcs9hpp9sp"},"id":"rhjodncdcngq2tx","previousOperationId":"vg2ydditcw97lh0"}
{"type":"operationStart","subtype":"script","name":"scripts orders-script","previousOperationId":"cq2iaao0gxpytbi","timestamp":1704994065078,"id":"8my0e9qagv93y1k","previousEventId":"l4mdy0ylqasny50","operationId":"e1hoxnz77vi65c6"}
{"type":"operationEnd","operationId":"e1hoxnz77vi65c6","timestamp":1704994066425,"id":"v5dur0d5ny8pyux","previousEventId":"l4mdy0ylqasny50","previousOperationId":"vg2ydditcw97lh0"}
{"type":"operationEnd","operationId":"cq2iaao0gxpytbi","timestamp":1704994066425,"id":"bjbv6hdlnq409re","previousEventId":"v5dur0d5ny8pyux","previousOperationId":"vg2ydditcw97lh0"}
{"type":"log","timestamp":1704994066425,"level":"debug","message":"Base url not specified, skipping its injection.","meta":{"rootId":"7hiwxzcs9hpp9sp","id":"7hiwxzcs9hpp9sp"},"id":"rzw5i5uj6e7cdsm","previousOperationId":"cq2iaao0gxpytbi"}
{"type":"operationStart","subtype":"engine","name":"handlebars","timestamp":1704994066425,"id":"sa6wj4mdh48zy72","previousEventId":"bjbv6hdlnq409re","operationId":"yz6x8je2gjclu7w","previousOperationId":"cq2iaao0gxpytbi"}
{"type":"log","timestamp":1704994066425,"level":"debug","message":"Rendering engine handlebars","meta":{"rootId":"7hiwxzcs9hpp9sp","id":"7hiwxzcs9hpp9sp"},"id":"6er5rimrz6srj45","previousOperationId":"yz6x8je2gjclu7w"}
{"type":"operationEnd","operationId":"yz6x8je2gjclu7w","timestamp":1704994066432,"id":"equ9g0b2cem4geu","previousEventId":"sa6wj4mdh48zy72","previousOperationId":"yz6x8je2gjclu7w"}
{"type":"operationStart","subtype":"recipe","name":"chrome-pdf","timestamp":1704994066432,"id":"euloc4d6o5qzgig","previousEventId":"equ9g0b2cem4geu","operationId":"gas8txty4ncfiiy","previousOperationId":"yz6x8je2gjclu7w"}
{"type":"log","timestamp":1704994066432,"level":"debug","message":"Executing recipe chrome-pdf","meta":{"rootId":"7hiwxzcs9hpp9sp","id":"7hiwxzcs9hpp9sp"},"id":"anzwaujfel79yol","previousOperationId":"gas8txty4ncfiiy"}
{"type":"log","timestamp":1704994066435,"level":"debug","message":"Converting with chrome HeadlessChrome/117.0.5938.149 using chrome-pool strategy","meta":{"rootId":"7hiwxzcs9hpp9sp","id":"7hiwxzcs9hpp9sp"},"id":"80kz1pm2kzhtdih","previousOperationId":"gas8txty4ncfiiy"}
{"type":"log","timestamp":1704994066470,"level":"debug","message":"Page request: GET (document) file:///tmp/jsreport/autocleanup/1b5a7c9d-6ab3-4e48-8fb2-6864493cbf67-chrome-pdf.html","meta":{"rootId":"7hiwxzcs9hpp9sp","id":"7hiwxzcs9hpp9sp"},"id":"z80fc2v9b0iky2m","previousOperationId":"gas8txty4ncfiiy"}
{"type":"log","timestamp":1704994066477,"level":"debug","message":"Page request: GET (script) https://cdn.jsdelivr.net/npm/chart.js","meta":{"rootId":"7hiwxzcs9hpp9sp","id":"7hiwxzcs9hpp9sp"},"id":"bwlzneid4xkwxov","previousOperationId":"gas8txty4ncfiiy"}
{"type":"log","timestamp":1704994066477,"level":"debug","message":"Page request finished: GET (document) 200 file:///tmp/jsreport/autocleanup/1b5a7c9d-6ab3-4e48-8fb2-6864493cbf67-chrome-pdf.html","meta":{"rootId":"7hiwxzcs9hpp9sp","id":"7hiwxzcs9hpp9sp"},"id":"9kxswtwszzm9vib","previousOperationId":"gas8txty4ncfiiy"}
{"type":"log","timestamp":1704994066480,"level":"debug","message":"Page request finished: GET (script) 200 https://cdn.jsdelivr.net/npm/chart.js","meta":{"rootId":"7hiwxzcs9hpp9sp","id":"7hiwxzcs9hpp9sp"},"id":"sy360jakoudq2vt","previousOperationId":"gas8txty4ncfiiy"}
{"type":"log","timestamp":1704994066483,"level":"warn","message":"Page error: Unexpected token ';' , stack: SyntaxError: Unexpected token ';'","meta":{"rootId":"7hiwxzcs9hpp9sp","id":"7hiwxzcs9hpp9sp"},"id":"tc4hgbria2fjw34","previousOperationId":"gas8txty4ncfiiy"}
{"type":"log","timestamp":1704994066487,"level":"debug","message":"Running chrome with params {\"printBackground\":true,\"timeout\":58613,\"margin\":{}}","meta":{"rootId":"7hiwxzcs9hpp9sp","id":"7hiwxzcs9hpp9sp"},"id":"ewvrm2ivpjd5126","previousOperationId":"gas8txty4ncfiiy"}
{"type":"operationEnd","operationId":"gas8txty4ncfiiy","timestamp":1704994066494,"id":"3dlsqlfnpj89s1m","previousEventId":"euloc4d6o5qzgig","previousOperationId":"gas8txty4ncfiiy"}
{"type":"log","timestamp":1704994066494,"level":"debug","message":"Skipping storing report.","meta":{"rootId":"7hiwxzcs9hpp9sp","id":"7hiwxzcs9hpp9sp"},"id":"p6r8bz8num4o84m","previousOperationId":"gas8txty4ncfiiy"}
{"type":"log","timestamp":1704994066494,"level":"info","message":"Rendering request 143 finished in 1448 ms","meta":{"rootId":"7hiwxzcs9hpp9sp","id":"7hiwxzcs9hpp9sp"},"id":"p0f1vbizmizjnfb","previousOperationId":"gas8txty4ncfiiy"}
{"type":"operationEnd","subtype":"render","operationId":"vg2ydditcw97lh0","timestamp":1704994066494,"id":"99gswl193a5cpcr","previousEventId":"3dlsqlfnpj89s1m","previousOperationId":"gas8txty4ncfiiy"}
{"type":"operationEnd","doDiffs":false,"previousEventId":"a9ah8emevqkvwqx","previousOperationId":"ly86kldp9hdngkl","operationId":"ly86kldp9hdngkl","timestamp":1704994066499,"id":"6chubhfaa1adb87"}
