{"type":"operationStart","subtype":"profile","data":{"_id":"BOI8OHMq6coZ21bJ","timestamp":"2024-01-12T16:00:28.529Z","state":"queued","mode":"standard","creationDate":"2024-01-12T16:00:28.530Z","modificationDate":"2024-01-12T16:00:28.530Z","shortid":"i5SzYMp","$entitySet":"profiles"},"doDiffs":false,"timestamp":1705075228529,"id":"pr5w7b5uavurqm1","previousOperationId":null,"operationId":"cuswihh0vsyun4o"}
{"type":"log","level":"info","message":"Render request 6 queued for execution and waiting for available worker","previousOperationId":"cuswihh0vsyun4o","timestamp":1705075228529,"id":"ivv6ocwoln2v4v8"}
{"type":"operationStart","subtype":"render","name":"User_project","previousOperationId":"cuswihh0vsyun4o","timestamp":1705075228536,"id":"wmgjbfcns0xi9xz","previousEventId":"pr5w7b5uavurqm1","operationId":"gycyxrkiu8757px"}
{"type":"log","timestamp":1705075228536,"level":"info","message":"Starting rendering request 6","meta":{"rootId":"7pc6l0c6aqzqayy","id":"7pc6l0c6aqzqayy"},"id":"almrs1dc71fclkf","previousOperationId":"gycyxrkiu8757px"}
{"type":"log","timestamp":1705075228537,"level":"info","message":"Rendering template { name: User_project, recipe: chrome-pdf, engine: handlebars, preview: true }","meta":{"rootId":"7pc6l0c6aqzqayy","id":"7pc6l0c6aqzqayy"},"id":"tq8ccsz4nf9v3fx","previousOperationId":"gycyxrkiu8757px"}
{"type":"log","timestamp":1705075228538,"level":"debug","message":"Data item not defined for this template.","meta":{"rootId":"7pc6l0c6aqzqayy","id":"7pc6l0c6aqzqayy"},"id":"5eoxfidjnriyltr","previousOperationId":"gycyxrkiu8757px"}
{"type":"log","timestamp":1705075228541,"level":"debug","message":"Executing script usabi-data (beforeRender)","meta":{"rootId":"7pc6l0c6aqzqayy","id":"7pc6l0c6aqzqayy"},"id":"az58xw874749jcl","previousOperationId":"gycyxrkiu8757px"}
{"type":"operationStart","subtype":"scriptsBeforeRender","name":"scripts beforeRender","timestamp":1705075228657,"id":"yx9c453s35j6lcr","previousEventId":"wmgjbfcns0xi9xz","operationId":"wrqt6hdeijp2h93","previousOperationId":"gycyxrkiu8757px"}
{"type":"operationStart","subtype":"script","name":"scripts usabi-data","previousOperationId":"wrqt6hdeijp2h93","timestamp":1705075228657,"id":"rgg5fto8lf7si89","previousEventId":"yx9c453s35j6lcr","operationId":"pbhwcg2m2yfy89m"}
{"type":"log","timestamp":1705075228663,"level":"debug","message":"(console:error) Error en la solicitud: Error: connect ECONNREFUSED 127.0.0.1:4000\n    at TCPConnectWrap.afterConnect [as oncomplete] (node:net:1595:16) {\n  errno: -111,\n  code: 'ECONNREFUSED',\n  syscall: 'connect',\n  address: '127.0.0.1',\n  port: 4000\n}","meta":{"userLevel":true,"rootId":"7pc6l0c6aqzqayy","id":"7pc6l0c6aqzqayy"},"id":"wxhak3020eunjh4","previousOperationId":"pbhwcg2m2yfy89m"}
{"type":"operationEnd","operationId":"pbhwcg2m2yfy89m","timestamp":1705075228664,"id":"yu3nb2i3xthyqsc","previousEventId":"wmgjbfcns0xi9xz","previousOperationId":"gycyxrkiu8757px"}
{"type":"log","timestamp":1705075228664,"level":"debug","message":"Executing script orders-script (beforeRender)","meta":{"rootId":"7pc6l0c6aqzqayy","id":"7pc6l0c6aqzqayy"},"id":"flqv91lf15e78db","previousOperationId":"gycyxrkiu8757px"}
{"type":"operationStart","subtype":"script","name":"scripts orders-script","previousOperationId":"wrqt6hdeijp2h93","timestamp":1705075228677,"id":"gzo5dc9h2xzqilv","previousEventId":"yu3nb2i3xthyqsc","operationId":"c57ucc82c42h42f"}
{"type":"operationEnd","operationId":"c57ucc82c42h42f","timestamp":1705075229961,"id":"oeygpsvn7ejwzhg","previousEventId":"yu3nb2i3xthyqsc","previousOperationId":"gycyxrkiu8757px"}
{"type":"operationEnd","operationId":"wrqt6hdeijp2h93","timestamp":1705075229961,"id":"1fk7rq0bk3a5rwd","previousEventId":"oeygpsvn7ejwzhg","previousOperationId":"gycyxrkiu8757px"}
{"type":"log","timestamp":1705075229961,"level":"debug","message":"Base url not specified, skipping its injection.","meta":{"rootId":"7pc6l0c6aqzqayy","id":"7pc6l0c6aqzqayy"},"id":"maac9r6c0uc1vqi","previousOperationId":"wrqt6hdeijp2h93"}
{"type":"operationStart","subtype":"engine","name":"handlebars","timestamp":1705075229962,"id":"x1l80tz903kbcn0","previousEventId":"1fk7rq0bk3a5rwd","operationId":"7v0ux9q38iu6gad","previousOperationId":"wrqt6hdeijp2h93"}
{"type":"log","timestamp":1705075229962,"level":"debug","message":"Rendering engine handlebars","meta":{"rootId":"7pc6l0c6aqzqayy","id":"7pc6l0c6aqzqayy"},"id":"bcoo8grxv2n9r9y","previousOperationId":"7v0ux9q38iu6gad"}
{"type":"operationEnd","operationId":"7v0ux9q38iu6gad","timestamp":1705075230132,"id":"oebzhoy5p2x96xe","previousEventId":"x1l80tz903kbcn0","previousOperationId":"7v0ux9q38iu6gad"}
{"type":"operationStart","subtype":"recipe","name":"chrome-pdf","timestamp":1705075230133,"id":"kv7q75yqsw74l23","previousEventId":"oebzhoy5p2x96xe","operationId":"2tzfp7nmu7bzcyw","previousOperationId":"7v0ux9q38iu6gad"}
{"type":"log","timestamp":1705075230133,"level":"debug","message":"Executing recipe chrome-pdf","meta":{"rootId":"7pc6l0c6aqzqayy","id":"7pc6l0c6aqzqayy"},"id":"cbg01m0it6iqf9r","previousOperationId":"2tzfp7nmu7bzcyw"}
{"type":"log","timestamp":1705075230387,"level":"debug","message":"Converting with chrome HeadlessChrome/117.0.5938.149 using chrome-pool strategy","meta":{"rootId":"7pc6l0c6aqzqayy","id":"7pc6l0c6aqzqayy"},"id":"aid1lqfjfy7p8bi","previousOperationId":"2tzfp7nmu7bzcyw"}
{"type":"log","timestamp":1705075230439,"level":"debug","message":"Page request: GET (document) file:///tmp/jsreport/autocleanup/313694a3-51b3-4733-8b04-f4a7fb68fe7b-chrome-pdf.html","meta":{"rootId":"7pc6l0c6aqzqayy","id":"7pc6l0c6aqzqayy"},"id":"rfl1q5yqckeuipr","previousOperationId":"2tzfp7nmu7bzcyw"}
{"type":"log","timestamp":1705075230448,"level":"debug","message":"Page request: GET (script) https://cdn.jsdelivr.net/npm/chart.js","meta":{"rootId":"7pc6l0c6aqzqayy","id":"7pc6l0c6aqzqayy"},"id":"yenxjzwyk57ji7x","previousOperationId":"2tzfp7nmu7bzcyw"}
{"type":"log","timestamp":1705075230448,"level":"debug","message":"Page request finished: GET (document) 200 file:///tmp/jsreport/autocleanup/313694a3-51b3-4733-8b04-f4a7fb68fe7b-chrome-pdf.html","meta":{"rootId":"7pc6l0c6aqzqayy","id":"7pc6l0c6aqzqayy"},"id":"odx04kf288m4sb8","previousOperationId":"2tzfp7nmu7bzcyw"}
{"type":"log","timestamp":1705075230703,"level":"debug","message":"Page request finished: GET (script) 200 https://cdn.jsdelivr.net/npm/chart.js","meta":{"rootId":"7pc6l0c6aqzqayy","id":"7pc6l0c6aqzqayy"},"id":"5r9kmpyo5cli65c","previousOperationId":"2tzfp7nmu7bzcyw"}
{"type":"log","timestamp":1705075230749,"level":"debug","message":"Running chrome with params {\"printBackground\":true,\"timeout\":58261,\"margin\":{}}","meta":{"rootId":"7pc6l0c6aqzqayy","id":"7pc6l0c6aqzqayy"},"id":"ffh1lspweu1r1l4","previousOperationId":"2tzfp7nmu7bzcyw"}
{"type":"operationEnd","operationId":"2tzfp7nmu7bzcyw","timestamp":1705075230809,"id":"cmnzc3rc9idpnlv","previousEventId":"kv7q75yqsw74l23","previousOperationId":"2tzfp7nmu7bzcyw"}
{"type":"log","timestamp":1705075230810,"level":"debug","message":"Skipping storing report.","meta":{"rootId":"7pc6l0c6aqzqayy","id":"7pc6l0c6aqzqayy"},"id":"8ba7t0twaou9rf3","previousOperationId":"2tzfp7nmu7bzcyw"}
{"type":"log","timestamp":1705075230810,"level":"info","message":"Rendering request 6 finished in 2281 ms","meta":{"rootId":"7pc6l0c6aqzqayy","id":"7pc6l0c6aqzqayy"},"id":"ria1nnw382g856b","previousOperationId":"2tzfp7nmu7bzcyw"}
{"type":"operationEnd","subtype":"render","operationId":"gycyxrkiu8757px","timestamp":1705075230810,"id":"v6d2pa7a9rqzhed","previousEventId":"cmnzc3rc9idpnlv","previousOperationId":"2tzfp7nmu7bzcyw"}
{"type":"operationEnd","doDiffs":false,"previousEventId":"pr5w7b5uavurqm1","previousOperationId":"cuswihh0vsyun4o","operationId":"cuswihh0vsyun4o","timestamp":1705075230813,"id":"7uvof1v25r0n924"}
