{"type":"operationStart","subtype":"profile","data":{"_id":"cy1E4hisHNQ3hTtU","timestamp":"2024-01-11T17:20:12.327Z","state":"queued","mode":"standard","creationDate":"2024-01-11T17:20:12.327Z","modificationDate":"2024-01-11T17:20:12.327Z","shortid":"ic0gbkk","$entitySet":"profiles"},"doDiffs":false,"timestamp":1704993612327,"id":"x22zzco5a7lavmi","previousOperationId":null,"operationId":"d11k2oxjxhubo1a"}
{"type":"log","level":"info","message":"Render request 130 queued for execution and waiting for available worker","previousOperationId":"d11k2oxjxhubo1a","timestamp":1704993612327,"id":"hk9hga5ntfvigo9"}
{"type":"operationStart","subtype":"render","name":"User_project","previousOperationId":"d11k2oxjxhubo1a","timestamp":1704993612332,"id":"vr324k4ppijhc2l","previousEventId":"x22zzco5a7lavmi","operationId":"fzx4ogys2vthbbo"}
{"type":"log","timestamp":1704993612332,"level":"info","message":"Starting rendering request 130","meta":{"rootId":"89bpnygtybvj4og","id":"89bpnygtybvj4og"},"id":"qitjx9qstg41zke","previousOperationId":"fzx4ogys2vthbbo"}
{"type":"log","timestamp":1704993612332,"level":"info","message":"Rendering template { name: User_project, recipe: chrome-pdf, engine: handlebars, preview: true }","meta":{"rootId":"89bpnygtybvj4og","id":"89bpnygtybvj4og"},"id":"tr0rks9k3uclqjl","previousOperationId":"fzx4ogys2vthbbo"}
{"type":"log","timestamp":1704993612332,"level":"debug","message":"Data item not defined for this template.","meta":{"rootId":"89bpnygtybvj4og","id":"89bpnygtybvj4og"},"id":"esucmpjaclgayxo","previousOperationId":"fzx4ogys2vthbbo"}
{"type":"log","timestamp":1704993612334,"level":"debug","message":"Executing script usabi-data (beforeRender)","meta":{"rootId":"89bpnygtybvj4og","id":"89bpnygtybvj4og"},"id":"krwtpmjyn4flg94","previousOperationId":"fzx4ogys2vthbbo"}
{"type":"operationStart","subtype":"scriptsBeforeRender","name":"scripts beforeRender","timestamp":1704993612341,"id":"fk6xp5zrcdhd8p6","previousEventId":"vr324k4ppijhc2l","operationId":"neg3skyurh6bkc2","previousOperationId":"fzx4ogys2vthbbo"}
{"type":"operationStart","subtype":"script","name":"scripts usabi-data","previousOperationId":"neg3skyurh6bkc2","timestamp":1704993612341,"id":"oglj86687bbk18k","previousEventId":"fk6xp5zrcdhd8p6","operationId":"2utagtpbtftj6jg"}
{"type":"operationEnd","operationId":"2utagtpbtftj6jg","timestamp":1704993612364,"id":"5hdh4h6i879vw6o","previousEventId":"vr324k4ppijhc2l","previousOperationId":"fzx4ogys2vthbbo"}
{"type":"log","timestamp":1704993612365,"level":"debug","message":"Executing script orders-script (beforeRender)","meta":{"rootId":"89bpnygtybvj4og","id":"89bpnygtybvj4og"},"id":"so9137g39wnkabe","previousOperationId":"fzx4ogys2vthbbo"}
{"type":"operationStart","subtype":"script","name":"scripts orders-script","previousOperationId":"neg3skyurh6bkc2","timestamp":1704993612368,"id":"iealnbp4b8r8z3s","previousEventId":"5hdh4h6i879vw6o","operationId":"e7k0q8ec9d2bnhu"}
{"type":"operationEnd","operationId":"e7k0q8ec9d2bnhu","timestamp":1704993613795,"id":"5081843fi72bdks","previousEventId":"5hdh4h6i879vw6o","previousOperationId":"fzx4ogys2vthbbo"}
{"type":"operationEnd","operationId":"neg3skyurh6bkc2","timestamp":1704993613795,"id":"0pgrfa5jvou9p9z","previousEventId":"5081843fi72bdks","previousOperationId":"fzx4ogys2vthbbo"}
{"type":"log","timestamp":1704993613795,"level":"debug","message":"Base url not specified, skipping its injection.","meta":{"rootId":"89bpnygtybvj4og","id":"89bpnygtybvj4og"},"id":"nhjs3istwa7l5i2","previousOperationId":"neg3skyurh6bkc2"}
{"type":"operationStart","subtype":"engine","name":"handlebars","timestamp":1704993613795,"id":"jquxk8hbit3lr0b","previousEventId":"0pgrfa5jvou9p9z","operationId":"vyatcubythm96p3","previousOperationId":"neg3skyurh6bkc2"}
{"type":"log","timestamp":1704993613795,"level":"debug","message":"Rendering engine handlebars","meta":{"rootId":"89bpnygtybvj4og","id":"89bpnygtybvj4og"},"id":"zyrxxf7r8v0ia66","previousOperationId":"vyatcubythm96p3"}
{"type":"operationEnd","operationId":"vyatcubythm96p3","timestamp":1704993613810,"id":"wlywsjj45l4glmo","previousEventId":"jquxk8hbit3lr0b","previousOperationId":"vyatcubythm96p3"}
{"type":"operationStart","subtype":"recipe","name":"chrome-pdf","timestamp":1704993613810,"id":"ozwb7drcf4ealsb","previousEventId":"wlywsjj45l4glmo","operationId":"g567p4ukhaux9m4","previousOperationId":"vyatcubythm96p3"}
{"type":"log","timestamp":1704993613810,"level":"debug","message":"Executing recipe chrome-pdf","meta":{"rootId":"89bpnygtybvj4og","id":"89bpnygtybvj4og"},"id":"z5vwwrydv8cns25","previousOperationId":"g567p4ukhaux9m4"}
{"type":"log","timestamp":1704993613812,"level":"debug","message":"Converting with chrome HeadlessChrome/117.0.5938.149 using chrome-pool strategy","meta":{"rootId":"89bpnygtybvj4og","id":"89bpnygtybvj4og"},"id":"7rbpiowztnvp632","previousOperationId":"g567p4ukhaux9m4"}
{"type":"log","timestamp":1704993613841,"level":"debug","message":"Page request: GET (document) file:///tmp/jsreport/autocleanup/dac55853-8840-4e4d-8a8f-d11937283515-chrome-pdf.html","meta":{"rootId":"89bpnygtybvj4og","id":"89bpnygtybvj4og"},"id":"mwmtnisxmfbd5tf","previousOperationId":"g567p4ukhaux9m4"}
{"type":"log","timestamp":1704993613848,"level":"debug","message":"Page request: GET (script) https://cdn.jsdelivr.net/npm/chart.js","meta":{"rootId":"89bpnygtybvj4og","id":"89bpnygtybvj4og"},"id":"bnrnuihk92s20w1","previousOperationId":"g567p4ukhaux9m4"}
{"type":"log","timestamp":1704993613848,"level":"debug","message":"Page request finished: GET (document) 200 file:///tmp/jsreport/autocleanup/dac55853-8840-4e4d-8a8f-d11937283515-chrome-pdf.html","meta":{"rootId":"89bpnygtybvj4og","id":"89bpnygtybvj4og"},"id":"34h1pqxu53lf6zz","previousOperationId":"g567p4ukhaux9m4"}
{"type":"log","timestamp":1704993613851,"level":"debug","message":"Page request finished: GET (script) 200 https://cdn.jsdelivr.net/npm/chart.js","meta":{"rootId":"89bpnygtybvj4og","id":"89bpnygtybvj4og"},"id":"eidwotwwh3tbr5a","previousOperationId":"g567p4ukhaux9m4"}
{"type":"log","timestamp":1704993613854,"level":"warn","message":"Page error: Unexpected token ';' , stack: SyntaxError: Unexpected token ';'","meta":{"rootId":"89bpnygtybvj4og","id":"89bpnygtybvj4og"},"id":"qlua0kzsi802jmn","previousOperationId":"g567p4ukhaux9m4"}
{"type":"log","timestamp":1704993613856,"level":"debug","message":"Running chrome with params {\"printBackground\":true,\"timeout\":58516,\"margin\":{}}","meta":{"rootId":"89bpnygtybvj4og","id":"89bpnygtybvj4og"},"id":"yutzc2ll2amd13d","previousOperationId":"g567p4ukhaux9m4"}
{"type":"operationEnd","operationId":"g567p4ukhaux9m4","timestamp":1704993613863,"id":"3gb68l7skdp0oqi","previousEventId":"ozwb7drcf4ealsb","previousOperationId":"g567p4ukhaux9m4"}
{"type":"log","timestamp":1704993613863,"level":"debug","message":"Skipping storing report.","meta":{"rootId":"89bpnygtybvj4og","id":"89bpnygtybvj4og"},"id":"dbdoa7w4bw9w6j3","previousOperationId":"g567p4ukhaux9m4"}
{"type":"log","timestamp":1704993613863,"level":"info","message":"Rendering request 130 finished in 1536 ms","meta":{"rootId":"89bpnygtybvj4og","id":"89bpnygtybvj4og"},"id":"sslk0qgtjayzpu1","previousOperationId":"g567p4ukhaux9m4"}
{"type":"operationEnd","subtype":"render","operationId":"fzx4ogys2vthbbo","timestamp":1704993613863,"id":"sxqcyfse6ecqayy","previousEventId":"3gb68l7skdp0oqi","previousOperationId":"g567p4ukhaux9m4"}
{"type":"operationEnd","doDiffs":false,"previousEventId":"x22zzco5a7lavmi","previousOperationId":"d11k2oxjxhubo1a","operationId":"d11k2oxjxhubo1a","timestamp":1704993613866,"id":"242tnpbsfdrt79g"}
