{"type":"operationStart","subtype":"profile","data":{"_id":"nP4ubwiX8ZNgwj60","timestamp":"2024-01-11T18:56:23.784Z","state":"queued","mode":"standard","creationDate":"2024-01-11T18:56:23.785Z","modificationDate":"2024-01-11T18:56:23.785Z","shortid":"9hGi8D2","$entitySet":"profiles"},"doDiffs":false,"timestamp":1704999383785,"id":"6q2ddsohhbicsl8","previousOperationId":null,"operationId":"7k2udnejhqtbvdg"}
{"type":"log","level":"info","message":"Render request 52 queued for execution and waiting for available worker","previousOperationId":"7k2udnejhqtbvdg","timestamp":1704999383785,"id":"6rf5xoh8fq8wr2d"}
{"type":"operationStart","subtype":"render","name":"User_project","previousOperationId":"7k2udnejhqtbvdg","timestamp":1704999383789,"id":"hgvw132fcazjlx0","previousEventId":"6q2ddsohhbicsl8","operationId":"cymyhqdnwsqjn8r"}
{"type":"log","timestamp":1704999383789,"level":"info","message":"Starting rendering request 52","meta":{"rootId":"8hnvsdna36xa7k6","id":"8hnvsdna36xa7k6"},"id":"m97emo2q58dsv61","previousOperationId":"cymyhqdnwsqjn8r"}
{"type":"log","timestamp":1704999383789,"level":"info","message":"Rendering template { name: User_project, recipe: chrome-pdf, engine: handlebars, preview: true }","meta":{"rootId":"8hnvsdna36xa7k6","id":"8hnvsdna36xa7k6"},"id":"4bhr926q8ov5z7u","previousOperationId":"cymyhqdnwsqjn8r"}
{"type":"log","timestamp":1704999383789,"level":"debug","message":"Data item not defined for this template.","meta":{"rootId":"8hnvsdna36xa7k6","id":"8hnvsdna36xa7k6"},"id":"rjbpi55k3x3o537","previousOperationId":"cymyhqdnwsqjn8r"}
{"type":"log","timestamp":1704999383791,"level":"debug","message":"Executing script usabi-data (beforeRender)","meta":{"rootId":"8hnvsdna36xa7k6","id":"8hnvsdna36xa7k6"},"id":"hk9ii82cnfshxoe","previousOperationId":"cymyhqdnwsqjn8r"}
{"type":"operationStart","subtype":"scriptsBeforeRender","name":"scripts beforeRender","timestamp":1704999383794,"id":"l5jiy53if400fzx","previousEventId":"hgvw132fcazjlx0","operationId":"6roo58juby0qhux","previousOperationId":"cymyhqdnwsqjn8r"}
{"type":"operationStart","subtype":"script","name":"scripts usabi-data","previousOperationId":"6roo58juby0qhux","timestamp":1704999383794,"id":"h67vbyw061niioj","previousEventId":"l5jiy53if400fzx","operationId":"37zk7l6kjupryjl"}
{"type":"operationEnd","operationId":"37zk7l6kjupryjl","timestamp":1704999383809,"id":"cnr82jxgocdcwzp","previousEventId":"hgvw132fcazjlx0","previousOperationId":"cymyhqdnwsqjn8r"}
{"type":"log","timestamp":1704999383809,"level":"debug","message":"Executing script orders-script (beforeRender)","meta":{"rootId":"8hnvsdna36xa7k6","id":"8hnvsdna36xa7k6"},"id":"3gtcv3hnlwhbunb","previousOperationId":"cymyhqdnwsqjn8r"}
{"type":"operationStart","subtype":"script","name":"scripts orders-script","previousOperationId":"6roo58juby0qhux","timestamp":1704999383813,"id":"2erval9qtu6hlrd","previousEventId":"cnr82jxgocdcwzp","operationId":"1r97rcilyucn4hk"}
{"type":"operationEnd","operationId":"1r97rcilyucn4hk","timestamp":1704999385113,"id":"oxmxibz7vrphtvn","previousEventId":"cnr82jxgocdcwzp","previousOperationId":"cymyhqdnwsqjn8r"}
{"type":"operationEnd","operationId":"6roo58juby0qhux","timestamp":1704999385113,"id":"fh08zgop7eak97d","previousEventId":"oxmxibz7vrphtvn","previousOperationId":"cymyhqdnwsqjn8r"}
{"type":"log","timestamp":1704999385113,"level":"debug","message":"Base url not specified, skipping its injection.","meta":{"rootId":"8hnvsdna36xa7k6","id":"8hnvsdna36xa7k6"},"id":"8otm3tc9mwxa9od","previousOperationId":"6roo58juby0qhux"}
{"type":"operationStart","subtype":"engine","name":"handlebars","timestamp":1704999385113,"id":"ulzkhllxle03fwk","previousEventId":"fh08zgop7eak97d","operationId":"wcifry3tm11xway","previousOperationId":"6roo58juby0qhux"}
{"type":"log","timestamp":1704999385113,"level":"debug","message":"Rendering engine handlebars","meta":{"rootId":"8hnvsdna36xa7k6","id":"8hnvsdna36xa7k6"},"id":"1s28stysxux0lae","previousOperationId":"wcifry3tm11xway"}
{"type":"operationEnd","operationId":"wcifry3tm11xway","timestamp":1704999385119,"id":"czgvf4gofby35f0","previousEventId":"ulzkhllxle03fwk","previousOperationId":"wcifry3tm11xway"}
{"type":"operationStart","subtype":"recipe","name":"chrome-pdf","timestamp":1704999385120,"id":"t4k8snfiwzvkqfd","previousEventId":"czgvf4gofby35f0","operationId":"9w9cu4ynfvhgyqn","previousOperationId":"wcifry3tm11xway"}
{"type":"log","timestamp":1704999385120,"level":"debug","message":"Executing recipe chrome-pdf","meta":{"rootId":"8hnvsdna36xa7k6","id":"8hnvsdna36xa7k6"},"id":"dr0v6thf1yk0sg5","previousOperationId":"9w9cu4ynfvhgyqn"}
{"type":"log","timestamp":1704999385122,"level":"debug","message":"Converting with chrome HeadlessChrome/117.0.5938.149 using chrome-pool strategy","meta":{"rootId":"8hnvsdna36xa7k6","id":"8hnvsdna36xa7k6"},"id":"fsx62m49xv69ckh","previousOperationId":"9w9cu4ynfvhgyqn"}
{"type":"log","timestamp":1704999385158,"level":"debug","message":"Page request: GET (document) file:///tmp/jsreport/autocleanup/71ad8097-b69a-42af-9fb3-6c31fc1230d0-chrome-pdf.html","meta":{"rootId":"8hnvsdna36xa7k6","id":"8hnvsdna36xa7k6"},"id":"ws32jk8xcfrud0u","previousOperationId":"9w9cu4ynfvhgyqn"}
{"type":"log","timestamp":1704999385167,"level":"debug","message":"Page request: GET (script) https://cdn.jsdelivr.net/npm/chart.js","meta":{"rootId":"8hnvsdna36xa7k6","id":"8hnvsdna36xa7k6"},"id":"65kuw312qg88esj","previousOperationId":"9w9cu4ynfvhgyqn"}
{"type":"log","timestamp":1704999385167,"level":"debug","message":"Page request finished: GET (document) 200 file:///tmp/jsreport/autocleanup/71ad8097-b69a-42af-9fb3-6c31fc1230d0-chrome-pdf.html","meta":{"rootId":"8hnvsdna36xa7k6","id":"8hnvsdna36xa7k6"},"id":"ac7hdvojf8qx29k","previousOperationId":"9w9cu4ynfvhgyqn"}
{"type":"log","timestamp":1704999385173,"level":"debug","message":"Page request finished: GET (script) 200 https://cdn.jsdelivr.net/npm/chart.js","meta":{"rootId":"8hnvsdna36xa7k6","id":"8hnvsdna36xa7k6"},"id":"f37jbzp4qx932ay","previousOperationId":"9w9cu4ynfvhgyqn"}
{"type":"log","timestamp":1704999385221,"level":"debug","message":"Running chrome with params {\"printBackground\":true,\"timeout\":58662,\"margin\":{}}","meta":{"rootId":"8hnvsdna36xa7k6","id":"8hnvsdna36xa7k6"},"id":"igxim4q4gstpecp","previousOperationId":"9w9cu4ynfvhgyqn"}
{"type":"operationEnd","operationId":"9w9cu4ynfvhgyqn","timestamp":1704999385276,"id":"h92xfi8rkjyqzos","previousEventId":"t4k8snfiwzvkqfd","previousOperationId":"9w9cu4ynfvhgyqn"}
{"type":"log","timestamp":1704999385276,"level":"debug","message":"Skipping storing report.","meta":{"rootId":"8hnvsdna36xa7k6","id":"8hnvsdna36xa7k6"},"id":"nh9j15eri8xu5pg","previousOperationId":"9w9cu4ynfvhgyqn"}
{"type":"log","timestamp":1704999385276,"level":"info","message":"Rendering request 52 finished in 1492 ms","meta":{"rootId":"8hnvsdna36xa7k6","id":"8hnvsdna36xa7k6"},"id":"acx6wo4eundg3s5","previousOperationId":"9w9cu4ynfvhgyqn"}
{"type":"operationEnd","subtype":"render","operationId":"cymyhqdnwsqjn8r","timestamp":1704999385276,"id":"o0h8new7sdnoszr","previousEventId":"h92xfi8rkjyqzos","previousOperationId":"9w9cu4ynfvhgyqn"}
{"type":"operationEnd","doDiffs":false,"previousEventId":"6q2ddsohhbicsl8","previousOperationId":"7k2udnejhqtbvdg","operationId":"7k2udnejhqtbvdg","timestamp":1704999385278,"id":"i6oes8fub5frhia"}
