{"type":"operationStart","subtype":"profile","data":{"_id":"3kOPwxak3MymYMir","timestamp":"2024-01-11T16:27:42.157Z","state":"queued","mode":"standard","creationDate":"2024-01-11T16:27:42.158Z","modificationDate":"2024-01-11T16:27:42.158Z","shortid":"u8t4ADa","$entitySet":"profiles"},"doDiffs":false,"timestamp":1704990462157,"id":"14ybvkrymcl6q9q","previousOperationId":null,"operationId":"8bkszppc5v82fyw"}
{"type":"log","level":"info","message":"Render request 38 queued for execution and waiting for available worker","previousOperationId":"8bkszppc5v82fyw","timestamp":1704990462157,"id":"l0db3sexrtmizwq"}
{"type":"operationStart","subtype":"render","name":"User_project","previousOperationId":"8bkszppc5v82fyw","timestamp":1704990462162,"id":"q2gtbctb5hzv5i7","previousEventId":"14ybvkrymcl6q9q","operationId":"5n81jcntyghfvuw"}
{"type":"log","timestamp":1704990462162,"level":"info","message":"Starting rendering request 38","meta":{"rootId":"8iwd6ys3eeexgpe","id":"8iwd6ys3eeexgpe"},"id":"8tbp1cidbbf8rq2","previousOperationId":"5n81jcntyghfvuw"}
{"type":"log","timestamp":1704990462162,"level":"info","message":"Rendering template { name: User_project, recipe: chrome-pdf, engine: handlebars, preview: true }","meta":{"rootId":"8iwd6ys3eeexgpe","id":"8iwd6ys3eeexgpe"},"id":"hc2rkjw3kgxkmcu","previousOperationId":"5n81jcntyghfvuw"}
{"type":"log","timestamp":1704990462162,"level":"debug","message":"Data item not defined for this template.","meta":{"rootId":"8iwd6ys3eeexgpe","id":"8iwd6ys3eeexgpe"},"id":"4r0d5khkvm3iy4x","previousOperationId":"5n81jcntyghfvuw"}
{"type":"log","timestamp":1704990462163,"level":"debug","message":"Executing script usabi-data (beforeRender)","meta":{"rootId":"8iwd6ys3eeexgpe","id":"8iwd6ys3eeexgpe"},"id":"wp94swmugbbrsoa","previousOperationId":"5n81jcntyghfvuw"}
{"type":"operationStart","subtype":"scriptsBeforeRender","name":"scripts beforeRender","timestamp":1704990462166,"id":"y7g5vwydpgvmlay","previousEventId":"q2gtbctb5hzv5i7","operationId":"itafqpgem007yyf","previousOperationId":"5n81jcntyghfvuw"}
{"type":"operationStart","subtype":"script","name":"scripts usabi-data","previousOperationId":"itafqpgem007yyf","timestamp":1704990462166,"id":"scbjoja5yzsiqk3","previousEventId":"y7g5vwydpgvmlay","operationId":"yxhtknaxygvz14k"}
{"type":"operationEnd","operationId":"yxhtknaxygvz14k","timestamp":1704990462177,"id":"tiaea6su9hz0izg","previousEventId":"q2gtbctb5hzv5i7","previousOperationId":"5n81jcntyghfvuw"}
{"type":"operationEnd","operationId":"itafqpgem007yyf","timestamp":1704990462177,"id":"zu8i4f369vef5ei","previousEventId":"tiaea6su9hz0izg","previousOperationId":"5n81jcntyghfvuw"}
{"type":"log","timestamp":1704990462177,"level":"debug","message":"Base url not specified, skipping its injection.","meta":{"rootId":"8iwd6ys3eeexgpe","id":"8iwd6ys3eeexgpe"},"id":"cxmvguimbd7zq3y","previousOperationId":"itafqpgem007yyf"}
{"type":"operationStart","subtype":"engine","name":"handlebars","timestamp":1704990462177,"id":"e1gpn2x5zgvfx24","previousEventId":"zu8i4f369vef5ei","operationId":"smbni7h5g802sm5","previousOperationId":"itafqpgem007yyf"}
{"type":"log","timestamp":1704990462177,"level":"debug","message":"Rendering engine handlebars","meta":{"rootId":"8iwd6ys3eeexgpe","id":"8iwd6ys3eeexgpe"},"id":"06x4prjqthohttj","previousOperationId":"smbni7h5g802sm5"}
{"type":"operationEnd","operationId":"smbni7h5g802sm5","timestamp":1704990462184,"id":"1g47f2dcj0z7wvd","previousEventId":"e1gpn2x5zgvfx24","previousOperationId":"smbni7h5g802sm5"}
{"type":"operationStart","subtype":"recipe","name":"chrome-pdf","timestamp":1704990462184,"id":"d7nfcmpyp0h427i","previousEventId":"1g47f2dcj0z7wvd","operationId":"6vbyk3h3949yrad","previousOperationId":"smbni7h5g802sm5"}
{"type":"log","timestamp":1704990462184,"level":"debug","message":"Executing recipe chrome-pdf","meta":{"rootId":"8iwd6ys3eeexgpe","id":"8iwd6ys3eeexgpe"},"id":"xechhyxjjt3f3d3","previousOperationId":"6vbyk3h3949yrad"}
{"type":"log","timestamp":1704990462186,"level":"debug","message":"Converting with chrome HeadlessChrome/117.0.5938.149 using chrome-pool strategy","meta":{"rootId":"8iwd6ys3eeexgpe","id":"8iwd6ys3eeexgpe"},"id":"rfdogm9be1p5nq6","previousOperationId":"6vbyk3h3949yrad"}
{"type":"log","timestamp":1704990462217,"level":"debug","message":"Page request: GET (document) file:///tmp/jsreport/autocleanup/4b7549fc-5b37-4411-a765-f5e95cfcd82a-chrome-pdf.html","meta":{"rootId":"8iwd6ys3eeexgpe","id":"8iwd6ys3eeexgpe"},"id":"wdjxuwstd45cvf5","previousOperationId":"6vbyk3h3949yrad"}
{"type":"log","timestamp":1704990462226,"level":"debug","message":"Page request: GET (script) https://cdn.jsdelivr.net/npm/chart.js","meta":{"rootId":"8iwd6ys3eeexgpe","id":"8iwd6ys3eeexgpe"},"id":"3w552ufcaigkm67","previousOperationId":"6vbyk3h3949yrad"}
{"type":"log","timestamp":1704990462226,"level":"debug","message":"Page request finished: GET (document) 200 file:///tmp/jsreport/autocleanup/4b7549fc-5b37-4411-a765-f5e95cfcd82a-chrome-pdf.html","meta":{"rootId":"8iwd6ys3eeexgpe","id":"8iwd6ys3eeexgpe"},"id":"fy4q9j9v28ui5r6","previousOperationId":"6vbyk3h3949yrad"}
{"type":"log","timestamp":1704990462230,"level":"debug","message":"Page request finished: GET (script) 200 https://cdn.jsdelivr.net/npm/chart.js","meta":{"rootId":"8iwd6ys3eeexgpe","id":"8iwd6ys3eeexgpe"},"id":"n63gh8exndusa65","previousOperationId":"6vbyk3h3949yrad"}
{"type":"log","timestamp":1704990462273,"level":"debug","message":"Running chrome with params {\"printBackground\":true,\"timeout\":59972,\"margin\":{}}","meta":{"rootId":"8iwd6ys3eeexgpe","id":"8iwd6ys3eeexgpe"},"id":"gn20pfhwzsvo6pd","previousOperationId":"6vbyk3h3949yrad"}
{"type":"operationEnd","operationId":"6vbyk3h3949yrad","timestamp":1704990462292,"id":"gnm9s94yxqmv0z0","previousEventId":"d7nfcmpyp0h427i","previousOperationId":"6vbyk3h3949yrad"}
{"type":"log","timestamp":1704990462292,"level":"debug","message":"Skipping storing report.","meta":{"rootId":"8iwd6ys3eeexgpe","id":"8iwd6ys3eeexgpe"},"id":"iix3ohd9vzcjsc9","previousOperationId":"6vbyk3h3949yrad"}
{"type":"log","timestamp":1704990462292,"level":"info","message":"Rendering request 38 finished in 135 ms","meta":{"rootId":"8iwd6ys3eeexgpe","id":"8iwd6ys3eeexgpe"},"id":"qxsyvki9e1819jn","previousOperationId":"6vbyk3h3949yrad"}
{"type":"operationEnd","subtype":"render","operationId":"5n81jcntyghfvuw","timestamp":1704990462292,"id":"4iqcdhxuhxpv5mf","previousEventId":"gnm9s94yxqmv0z0","previousOperationId":"6vbyk3h3949yrad"}
{"type":"operationEnd","doDiffs":false,"previousEventId":"14ybvkrymcl6q9q","previousOperationId":"8bkszppc5v82fyw","operationId":"8bkszppc5v82fyw","timestamp":1704990462296,"id":"slfsgpbha0lzoq1"}
