{"type":"operationStart","subtype":"profile","data":{"_id":"oHkxygMDjw4DpeyE","timestamp":"2024-01-11T18:24:36.713Z","state":"queued","mode":"standard","creationDate":"2024-01-11T18:24:36.714Z","modificationDate":"2024-01-11T18:24:36.714Z","shortid":"E5-MKIH","$entitySet":"profiles"},"doDiffs":false,"timestamp":1704997476714,"id":"irp2bl4m4peoenp","previousOperationId":null,"operationId":"zkdgexaz4gnat9a"}
{"type":"log","level":"info","message":"Render request 13 queued for execution and waiting for available worker","previousOperationId":"zkdgexaz4gnat9a","timestamp":1704997476714,"id":"6p3hutqmxa4pkyf"}
{"type":"operationStart","subtype":"render","name":"User_project","previousOperationId":"zkdgexaz4gnat9a","timestamp":1704997476719,"id":"0tnywkq8dzesabr","previousEventId":"irp2bl4m4peoenp","operationId":"fw29b7ocq6yedg1"}
{"type":"log","timestamp":1704997476720,"level":"info","message":"Starting rendering request 13","meta":{"rootId":"8jb297272wxf7ij","id":"8jb297272wxf7ij"},"id":"b783nke3hwaahwa","previousOperationId":"fw29b7ocq6yedg1"}
{"type":"log","timestamp":1704997476720,"level":"info","message":"Rendering template { name: User_project, recipe: chrome-pdf, engine: handlebars, preview: true }","meta":{"rootId":"8jb297272wxf7ij","id":"8jb297272wxf7ij"},"id":"89qydq6uvmobp2x","previousOperationId":"fw29b7ocq6yedg1"}
{"type":"log","timestamp":1704997476720,"level":"debug","message":"Data item not defined for this template.","meta":{"rootId":"8jb297272wxf7ij","id":"8jb297272wxf7ij"},"id":"4idi7fdgng3ikxk","previousOperationId":"fw29b7ocq6yedg1"}
{"type":"log","timestamp":1704997476722,"level":"debug","message":"Executing script usabi-data (beforeRender)","meta":{"rootId":"8jb297272wxf7ij","id":"8jb297272wxf7ij"},"id":"uqurd4q65uewspr","previousOperationId":"fw29b7ocq6yedg1"}
{"type":"operationStart","subtype":"scriptsBeforeRender","name":"scripts beforeRender","timestamp":1704997476726,"id":"rhsg3ofbhfk9l6h","previousEventId":"0tnywkq8dzesabr","operationId":"2zy2wmbuu4outle","previousOperationId":"fw29b7ocq6yedg1"}
{"type":"operationStart","subtype":"script","name":"scripts usabi-data","previousOperationId":"2zy2wmbuu4outle","timestamp":1704997476726,"id":"1kkue40xbo24vnn","previousEventId":"rhsg3ofbhfk9l6h","operationId":"7nw1maet3e1pab3"}
{"type":"operationEnd","operationId":"7nw1maet3e1pab3","timestamp":1704997476748,"id":"bo6ejocpr0c8uaj","previousEventId":"0tnywkq8dzesabr","previousOperationId":"fw29b7ocq6yedg1"}
{"type":"log","timestamp":1704997476748,"level":"debug","message":"Executing script orders-script (beforeRender)","meta":{"rootId":"8jb297272wxf7ij","id":"8jb297272wxf7ij"},"id":"u8kcrgemezyci2c","previousOperationId":"fw29b7ocq6yedg1"}
{"type":"operationStart","subtype":"script","name":"scripts orders-script","previousOperationId":"2zy2wmbuu4outle","timestamp":1704997476752,"id":"zw4vb8steq3m9ej","previousEventId":"bo6ejocpr0c8uaj","operationId":"1s77tpzuhk1bb66"}
{"type":"operationEnd","operationId":"1s77tpzuhk1bb66","timestamp":1704997478125,"id":"7jp8skggy4a04xk","previousEventId":"bo6ejocpr0c8uaj","previousOperationId":"fw29b7ocq6yedg1"}
{"type":"operationEnd","operationId":"2zy2wmbuu4outle","timestamp":1704997478125,"id":"vd0g4baj3yqipgs","previousEventId":"7jp8skggy4a04xk","previousOperationId":"fw29b7ocq6yedg1"}
{"type":"log","timestamp":1704997478125,"level":"debug","message":"Base url not specified, skipping its injection.","meta":{"rootId":"8jb297272wxf7ij","id":"8jb297272wxf7ij"},"id":"hgvln57kr3xte41","previousOperationId":"2zy2wmbuu4outle"}
{"type":"operationStart","subtype":"engine","name":"handlebars","timestamp":1704997478125,"id":"w99hwyx20881yt7","previousEventId":"vd0g4baj3yqipgs","operationId":"k0qw9swmddilsop","previousOperationId":"2zy2wmbuu4outle"}
{"type":"log","timestamp":1704997478125,"level":"debug","message":"Rendering engine handlebars","meta":{"rootId":"8jb297272wxf7ij","id":"8jb297272wxf7ij"},"id":"l284gwv42t8w4af","previousOperationId":"k0qw9swmddilsop"}
{"type":"operationEnd","operationId":"k0qw9swmddilsop","timestamp":1704997478136,"id":"wad0gtnayxecwo2","previousEventId":"w99hwyx20881yt7","previousOperationId":"k0qw9swmddilsop"}
{"type":"operationStart","subtype":"recipe","name":"chrome-pdf","timestamp":1704997478136,"id":"v8pcuxna6078bky","previousEventId":"wad0gtnayxecwo2","operationId":"omlce2jsy09hnho","previousOperationId":"k0qw9swmddilsop"}
{"type":"log","timestamp":1704997478136,"level":"debug","message":"Executing recipe chrome-pdf","meta":{"rootId":"8jb297272wxf7ij","id":"8jb297272wxf7ij"},"id":"11a4vtcfrcsl2gm","previousOperationId":"omlce2jsy09hnho"}
{"type":"log","timestamp":1704997478137,"level":"debug","message":"Converting with chrome HeadlessChrome/117.0.5938.149 using chrome-pool strategy","meta":{"rootId":"8jb297272wxf7ij","id":"8jb297272wxf7ij"},"id":"cv9yu4hvd014o4y","previousOperationId":"omlce2jsy09hnho"}
{"type":"log","timestamp":1704997478185,"level":"debug","message":"Page request: GET (document) file:///tmp/jsreport/autocleanup/be6cdadf-5cc8-4329-8875-2283e8b2b97a-chrome-pdf.html","meta":{"rootId":"8jb297272wxf7ij","id":"8jb297272wxf7ij"},"id":"d1hw59nrh2omkr3","previousOperationId":"omlce2jsy09hnho"}
{"type":"log","timestamp":1704997478196,"level":"debug","message":"Page request: GET (script) https://cdn.jsdelivr.net/npm/chart.js","meta":{"rootId":"8jb297272wxf7ij","id":"8jb297272wxf7ij"},"id":"8xfqkswerr8c7li","previousOperationId":"omlce2jsy09hnho"}
{"type":"log","timestamp":1704997478196,"level":"debug","message":"Page request finished: GET (document) 200 file:///tmp/jsreport/autocleanup/be6cdadf-5cc8-4329-8875-2283e8b2b97a-chrome-pdf.html","meta":{"rootId":"8jb297272wxf7ij","id":"8jb297272wxf7ij"},"id":"v6dd5nqtatl85yh","previousOperationId":"omlce2jsy09hnho"}
{"type":"log","timestamp":1704997478200,"level":"debug","message":"Page request finished: GET (script) 200 https://cdn.jsdelivr.net/npm/chart.js","meta":{"rootId":"8jb297272wxf7ij","id":"8jb297272wxf7ij"},"id":"k4p36lk433cxxbo","previousOperationId":"omlce2jsy09hnho"}
{"type":"log","timestamp":1704997478203,"level":"warn","message":"Page error: Unexpected token ';' , stack: SyntaxError: Unexpected token ';'","meta":{"rootId":"8jb297272wxf7ij","id":"8jb297272wxf7ij"},"id":"dfeulfnutop8m2x","previousOperationId":"omlce2jsy09hnho"}
{"type":"log","timestamp":1704997478208,"level":"debug","message":"Running chrome with params {\"printBackground\":true,\"timeout\":58576,\"margin\":{}}","meta":{"rootId":"8jb297272wxf7ij","id":"8jb297272wxf7ij"},"id":"czt6gxflbibdbax","previousOperationId":"omlce2jsy09hnho"}
{"type":"operationEnd","operationId":"omlce2jsy09hnho","timestamp":1704997478218,"id":"gixn4nxhhwthv9a","previousEventId":"v8pcuxna6078bky","previousOperationId":"omlce2jsy09hnho"}
{"type":"log","timestamp":1704997478218,"level":"debug","message":"Skipping storing report.","meta":{"rootId":"8jb297272wxf7ij","id":"8jb297272wxf7ij"},"id":"l5dg2wfvt9r0i9e","previousOperationId":"omlce2jsy09hnho"}
{"type":"log","timestamp":1704997478218,"level":"info","message":"Rendering request 13 finished in 1505 ms","meta":{"rootId":"8jb297272wxf7ij","id":"8jb297272wxf7ij"},"id":"jwckcb9y6z4of5h","previousOperationId":"omlce2jsy09hnho"}
{"type":"operationEnd","subtype":"render","operationId":"fw29b7ocq6yedg1","timestamp":1704997478218,"id":"pum4clbj9e74c05","previousEventId":"gixn4nxhhwthv9a","previousOperationId":"omlce2jsy09hnho"}
{"type":"operationEnd","doDiffs":false,"previousEventId":"irp2bl4m4peoenp","previousOperationId":"zkdgexaz4gnat9a","operationId":"zkdgexaz4gnat9a","timestamp":1704997478223,"id":"37t9ketepecrwkf"}
