{"type":"operationStart","subtype":"profile","data":{"_id":"2lpiAUtbCSFintyi","timestamp":"2024-01-11T18:27:05.452Z","state":"queued","mode":"standard","creationDate":"2024-01-11T18:27:05.453Z","modificationDate":"2024-01-11T18:27:05.453Z","shortid":"vRFwHU1","$entitySet":"profiles"},"doDiffs":false,"timestamp":1704997625452,"id":"g6al0mi6cv1v2n2","previousOperationId":null,"operationId":"r4o86diham524s5"}
{"type":"log","level":"info","message":"Render request 16 queued for execution and waiting for available worker","previousOperationId":"r4o86diham524s5","timestamp":1704997625452,"id":"gjq4x47aajbnxv0"}
{"type":"operationStart","subtype":"render","name":"User_project","previousOperationId":"r4o86diham524s5","timestamp":1704997625457,"id":"4qfgk6efu9ron5v","previousEventId":"g6al0mi6cv1v2n2","operationId":"ycqh7wkblmi46ab"}
{"type":"log","timestamp":1704997625457,"level":"info","message":"Starting rendering request 16","meta":{"rootId":"8mcpjumv7x6iizd","id":"8mcpjumv7x6iizd"},"id":"0r2qclu9ijg1k26","previousOperationId":"ycqh7wkblmi46ab"}
{"type":"log","timestamp":1704997625457,"level":"info","message":"Rendering template { name: User_project, recipe: chrome-pdf, engine: handlebars, preview: true }","meta":{"rootId":"8mcpjumv7x6iizd","id":"8mcpjumv7x6iizd"},"id":"2us2s8kp42gkh0y","previousOperationId":"ycqh7wkblmi46ab"}
{"type":"log","timestamp":1704997625457,"level":"debug","message":"Data item not defined for this template.","meta":{"rootId":"8mcpjumv7x6iizd","id":"8mcpjumv7x6iizd"},"id":"lf3xmqbp7awd8wv","previousOperationId":"ycqh7wkblmi46ab"}
{"type":"log","timestamp":1704997625461,"level":"debug","message":"Executing script usabi-data (beforeRender)","meta":{"rootId":"8mcpjumv7x6iizd","id":"8mcpjumv7x6iizd"},"id":"upa6kp9otibawwt","previousOperationId":"ycqh7wkblmi46ab"}
{"type":"operationStart","subtype":"scriptsBeforeRender","name":"scripts beforeRender","timestamp":1704997625465,"id":"axvpc5u8xenuozr","previousEventId":"4qfgk6efu9ron5v","operationId":"f4qs8pk8gjan45n","previousOperationId":"ycqh7wkblmi46ab"}
{"type":"operationStart","subtype":"script","name":"scripts usabi-data","previousOperationId":"f4qs8pk8gjan45n","timestamp":1704997625465,"id":"rwwhvjzws6lxy63","previousEventId":"axvpc5u8xenuozr","operationId":"rtsqdqo263tqd54"}
{"type":"operationEnd","operationId":"rtsqdqo263tqd54","timestamp":1704997625486,"id":"cq2uihgetr4sfqq","previousEventId":"4qfgk6efu9ron5v","previousOperationId":"ycqh7wkblmi46ab"}
{"type":"log","timestamp":1704997625486,"level":"debug","message":"Executing script orders-script (beforeRender)","meta":{"rootId":"8mcpjumv7x6iizd","id":"8mcpjumv7x6iizd"},"id":"cuei41svkh4te2t","previousOperationId":"ycqh7wkblmi46ab"}
{"type":"operationStart","subtype":"script","name":"scripts orders-script","previousOperationId":"f4qs8pk8gjan45n","timestamp":1704997625490,"id":"1dtrkjm4pefmwz7","previousEventId":"cq2uihgetr4sfqq","operationId":"dpiappm4b4n3bgk"}
{"type":"operationEnd","operationId":"dpiappm4b4n3bgk","timestamp":1704997626880,"id":"ls519bj8mnu7qvw","previousEventId":"cq2uihgetr4sfqq","previousOperationId":"ycqh7wkblmi46ab"}
{"type":"operationEnd","operationId":"f4qs8pk8gjan45n","timestamp":1704997626880,"id":"ss88ded7m8jkdzx","previousEventId":"ls519bj8mnu7qvw","previousOperationId":"ycqh7wkblmi46ab"}
{"type":"log","timestamp":1704997626880,"level":"debug","message":"Base url not specified, skipping its injection.","meta":{"rootId":"8mcpjumv7x6iizd","id":"8mcpjumv7x6iizd"},"id":"v2svwnxeuxxhoak","previousOperationId":"f4qs8pk8gjan45n"}
{"type":"operationStart","subtype":"engine","name":"handlebars","timestamp":1704997626880,"id":"ave8d5n6udcam6c","previousEventId":"ss88ded7m8jkdzx","operationId":"ykk2oby97pxmq5m","previousOperationId":"f4qs8pk8gjan45n"}
{"type":"log","timestamp":1704997626880,"level":"debug","message":"Rendering engine handlebars","meta":{"rootId":"8mcpjumv7x6iizd","id":"8mcpjumv7x6iizd"},"id":"fcga8tt9efpenys","previousOperationId":"ykk2oby97pxmq5m"}
{"type":"operationEnd","operationId":"ykk2oby97pxmq5m","timestamp":1704997626888,"id":"pyys3a9crmvbo11","previousEventId":"ave8d5n6udcam6c","previousOperationId":"ykk2oby97pxmq5m"}
{"type":"operationStart","subtype":"recipe","name":"chrome-pdf","timestamp":1704997626888,"id":"isr5lzyswp1gzhq","previousEventId":"pyys3a9crmvbo11","operationId":"qdd3l6bxkpdfnbp","previousOperationId":"ykk2oby97pxmq5m"}
{"type":"log","timestamp":1704997626888,"level":"debug","message":"Executing recipe chrome-pdf","meta":{"rootId":"8mcpjumv7x6iizd","id":"8mcpjumv7x6iizd"},"id":"6i8l90oqq0sjler","previousOperationId":"qdd3l6bxkpdfnbp"}
{"type":"log","timestamp":1704997626891,"level":"debug","message":"Converting with chrome HeadlessChrome/117.0.5938.149 using chrome-pool strategy","meta":{"rootId":"8mcpjumv7x6iizd","id":"8mcpjumv7x6iizd"},"id":"rhvdgd2m4lzayfx","previousOperationId":"qdd3l6bxkpdfnbp"}
{"type":"log","timestamp":1704997626947,"level":"debug","message":"Page request: GET (document) file:///tmp/jsreport/autocleanup/e08b63bd-9d42-4bab-b2e8-f42959503053-chrome-pdf.html","meta":{"rootId":"8mcpjumv7x6iizd","id":"8mcpjumv7x6iizd"},"id":"8qrr8op6f4l6xdo","previousOperationId":"qdd3l6bxkpdfnbp"}
{"type":"log","timestamp":1704997626955,"level":"debug","message":"Page request finished: GET (document) 200 file:///tmp/jsreport/autocleanup/e08b63bd-9d42-4bab-b2e8-f42959503053-chrome-pdf.html","meta":{"rootId":"8mcpjumv7x6iizd","id":"8mcpjumv7x6iizd"},"id":"pqjnd11prawjez1","previousOperationId":"qdd3l6bxkpdfnbp"}
{"type":"log","timestamp":1704997626956,"level":"debug","message":"Page request: GET (script) https://cdn.jsdelivr.net/npm/chart.js","meta":{"rootId":"8mcpjumv7x6iizd","id":"8mcpjumv7x6iizd"},"id":"e0e5zfzj13d5jjf","previousOperationId":"qdd3l6bxkpdfnbp"}
{"type":"log","timestamp":1704997626960,"level":"debug","message":"Page request finished: GET (script) 200 https://cdn.jsdelivr.net/npm/chart.js","meta":{"rootId":"8mcpjumv7x6iizd","id":"8mcpjumv7x6iizd"},"id":"8yn5b6u3kxouaw5","previousOperationId":"qdd3l6bxkpdfnbp"}
{"type":"log","timestamp":1704997627011,"level":"debug","message":"Running chrome with params {\"printBackground\":true,\"timeout\":58562,\"margin\":{}}","meta":{"rootId":"8mcpjumv7x6iizd","id":"8mcpjumv7x6iizd"},"id":"aexto1urx6359pj","previousOperationId":"qdd3l6bxkpdfnbp"}
{"type":"operationEnd","operationId":"qdd3l6bxkpdfnbp","timestamp":1704997627036,"id":"rbuvfvjeiydtn0q","previousEventId":"isr5lzyswp1gzhq","previousOperationId":"qdd3l6bxkpdfnbp"}
{"type":"log","timestamp":1704997627036,"level":"debug","message":"Skipping storing report.","meta":{"rootId":"8mcpjumv7x6iizd","id":"8mcpjumv7x6iizd"},"id":"6g0y4xykuts5gy2","previousOperationId":"qdd3l6bxkpdfnbp"}
{"type":"log","timestamp":1704997627036,"level":"info","message":"Rendering request 16 finished in 1584 ms","meta":{"rootId":"8mcpjumv7x6iizd","id":"8mcpjumv7x6iizd"},"id":"in06beujp34e87k","previousOperationId":"qdd3l6bxkpdfnbp"}
{"type":"operationEnd","subtype":"render","operationId":"ycqh7wkblmi46ab","timestamp":1704997627036,"id":"h1neqk96wplbjj2","previousEventId":"rbuvfvjeiydtn0q","previousOperationId":"qdd3l6bxkpdfnbp"}
{"type":"operationEnd","doDiffs":false,"previousEventId":"g6al0mi6cv1v2n2","previousOperationId":"r4o86diham524s5","operationId":"r4o86diham524s5","timestamp":1704997627038,"id":"y3ev18992anu53w"}
