{"type":"operationStart","subtype":"profile","data":{"_id":"SGGrV1NO6FB0XDLO","timestamp":"2024-01-10T20:20:29.133Z","state":"queued","mode":"standard","creationDate":"2024-01-10T20:20:29.134Z","modificationDate":"2024-01-10T20:20:29.134Z","shortid":"7305lrS","$entitySet":"profiles"},"doDiffs":false,"timestamp":1704918029133,"id":"odikwx4gqbq0n1t","previousOperationId":null,"operationId":"turejb9m9lam2or"}
{"type":"log","level":"info","message":"Render request 4 queued for execution and waiting for available worker","previousOperationId":"turejb9m9lam2or","timestamp":1704918029134,"id":"vpqjbdemnbaodqi"}
{"type":"operationStart","subtype":"render","name":"User_project","previousOperationId":"turejb9m9lam2or","timestamp":1704918029139,"id":"2mjjxj4kna3gztz","previousEventId":"odikwx4gqbq0n1t","operationId":"o7x1zuekzrgcjud"}
{"type":"log","timestamp":1704918029139,"level":"info","message":"Starting rendering request 4","meta":{"rootId":"8mmjnwgjpj6bb5f","id":"8mmjnwgjpj6bb5f"},"id":"mrh0g8ugvys4h4u","previousOperationId":"o7x1zuekzrgcjud"}
{"type":"log","timestamp":1704918029139,"level":"info","message":"Rendering template { name: User_project, recipe: chrome-pdf, engine: handlebars, preview: true }","meta":{"rootId":"8mmjnwgjpj6bb5f","id":"8mmjnwgjpj6bb5f"},"id":"r9lpqybecpjhh3x","previousOperationId":"o7x1zuekzrgcjud"}
{"type":"log","timestamp":1704918029140,"level":"debug","message":"Data item not defined for this template.","meta":{"rootId":"8mmjnwgjpj6bb5f","id":"8mmjnwgjpj6bb5f"},"id":"fi2fnpsx2p39g4v","previousOperationId":"o7x1zuekzrgcjud"}
{"type":"log","timestamp":1704918029142,"level":"debug","message":"Executing script usabi-data (beforeRender)","meta":{"rootId":"8mmjnwgjpj6bb5f","id":"8mmjnwgjpj6bb5f"},"id":"qyh096ajntpu664","previousOperationId":"o7x1zuekzrgcjud"}
{"type":"operationStart","subtype":"scriptsBeforeRender","name":"scripts beforeRender","timestamp":1704918029147,"id":"cvmj3sh29m2dkb4","previousEventId":"2mjjxj4kna3gztz","operationId":"tctxvb6ipbvvqpc","previousOperationId":"o7x1zuekzrgcjud"}
{"type":"operationStart","subtype":"script","name":"scripts usabi-data","previousOperationId":"tctxvb6ipbvvqpc","timestamp":1704918029147,"id":"7m2sjlgfgy1h8fe","previousEventId":"cvmj3sh29m2dkb4","operationId":"k6yql7a9vxzb9ho"}
{"type":"operationEnd","operationId":"k6yql7a9vxzb9ho","timestamp":1704918029160,"id":"9s63itk079jxyhu","previousEventId":"2mjjxj4kna3gztz","previousOperationId":"o7x1zuekzrgcjud"}
{"type":"operationEnd","operationId":"tctxvb6ipbvvqpc","timestamp":1704918029160,"id":"rpb59g4p5knc8ee","previousEventId":"9s63itk079jxyhu","previousOperationId":"o7x1zuekzrgcjud"}
{"type":"log","timestamp":1704918029160,"level":"debug","message":"Base url not specified, skipping its injection.","meta":{"rootId":"8mmjnwgjpj6bb5f","id":"8mmjnwgjpj6bb5f"},"id":"tc1kxvybcbeyu7g","previousOperationId":"tctxvb6ipbvvqpc"}
{"type":"operationStart","subtype":"engine","name":"handlebars","timestamp":1704918029160,"id":"iwj23zhlboandbg","previousEventId":"rpb59g4p5knc8ee","operationId":"fsruz5nzldd1w5p","previousOperationId":"tctxvb6ipbvvqpc"}
{"type":"log","timestamp":1704918029160,"level":"debug","message":"Rendering engine handlebars","meta":{"rootId":"8mmjnwgjpj6bb5f","id":"8mmjnwgjpj6bb5f"},"id":"wictchx4xiq89br","previousOperationId":"fsruz5nzldd1w5p"}
{"type":"operationEnd","operationId":"fsruz5nzldd1w5p","timestamp":1704918029171,"id":"kut18j2xqyqfuh4","previousEventId":"iwj23zhlboandbg","previousOperationId":"fsruz5nzldd1w5p"}
{"type":"operationStart","subtype":"recipe","name":"chrome-pdf","timestamp":1704918029171,"id":"qmqp69jg28s8erj","previousEventId":"kut18j2xqyqfuh4","operationId":"ih21bzkpabrhyu1","previousOperationId":"fsruz5nzldd1w5p"}
{"type":"log","timestamp":1704918029171,"level":"debug","message":"Executing recipe chrome-pdf","meta":{"rootId":"8mmjnwgjpj6bb5f","id":"8mmjnwgjpj6bb5f"},"id":"6z5a9dwi176vbt0","previousOperationId":"ih21bzkpabrhyu1"}
{"type":"log","timestamp":1704918029175,"level":"debug","message":"Converting with chrome HeadlessChrome/117.0.5938.149 using chrome-pool strategy","meta":{"rootId":"8mmjnwgjpj6bb5f","id":"8mmjnwgjpj6bb5f"},"id":"11rjjdkjim8ph9r","previousOperationId":"ih21bzkpabrhyu1"}
{"type":"log","timestamp":1704918029210,"level":"debug","message":"Page request: GET (document) file:///tmp/jsreport/autocleanup/f3812f18-bd0f-4b6d-989f-9373ad4b5226-chrome-pdf.html","meta":{"rootId":"8mmjnwgjpj6bb5f","id":"8mmjnwgjpj6bb5f"},"id":"oor0dsbtseaqog0","previousOperationId":"ih21bzkpabrhyu1"}
{"type":"log","timestamp":1704918029218,"level":"debug","message":"Page request finished: GET (document) 200 file:///tmp/jsreport/autocleanup/f3812f18-bd0f-4b6d-989f-9373ad4b5226-chrome-pdf.html","meta":{"rootId":"8mmjnwgjpj6bb5f","id":"8mmjnwgjpj6bb5f"},"id":"a4v8xswelc22hh4","previousOperationId":"ih21bzkpabrhyu1"}
{"type":"log","timestamp":1704918029222,"level":"debug","message":"Running chrome with params {\"printBackground\":true,\"timeout\":59959,\"margin\":{}}","meta":{"rootId":"8mmjnwgjpj6bb5f","id":"8mmjnwgjpj6bb5f"},"id":"n04f85njnehttgy","previousOperationId":"ih21bzkpabrhyu1"}
{"type":"operationEnd","operationId":"ih21bzkpabrhyu1","timestamp":1704918029230,"id":"c2k1sn1dvkoajpw","previousEventId":"qmqp69jg28s8erj","previousOperationId":"ih21bzkpabrhyu1"}
{"type":"log","timestamp":1704918029230,"level":"debug","message":"Skipping storing report.","meta":{"rootId":"8mmjnwgjpj6bb5f","id":"8mmjnwgjpj6bb5f"},"id":"gswuqmz3dxgxmef","previousOperationId":"ih21bzkpabrhyu1"}
{"type":"log","timestamp":1704918029230,"level":"info","message":"Rendering request 4 finished in 97 ms","meta":{"rootId":"8mmjnwgjpj6bb5f","id":"8mmjnwgjpj6bb5f"},"id":"6eq3uv3c5n6kdft","previousOperationId":"ih21bzkpabrhyu1"}
{"type":"operationEnd","subtype":"render","operationId":"o7x1zuekzrgcjud","timestamp":1704918029230,"id":"z2oaympw2wou6l9","previousEventId":"c2k1sn1dvkoajpw","previousOperationId":"ih21bzkpabrhyu1"}
{"type":"operationEnd","doDiffs":false,"previousEventId":"odikwx4gqbq0n1t","previousOperationId":"turejb9m9lam2or","operationId":"turejb9m9lam2or","timestamp":1704918029233,"id":"3su7ejofrsrvwws"}
