{"type":"operationStart","subtype":"profile","data":{"_id":"ZUIzK04fAlx9pbXH","timestamp":"2024-01-11T16:48:39.145Z","state":"queued","mode":"standard","creationDate":"2024-01-11T16:48:39.146Z","modificationDate":"2024-01-11T16:48:39.146Z","shortid":"oJZr2Rs","$entitySet":"profiles"},"doDiffs":false,"timestamp":1704991719145,"id":"uzqlfgj5m45s5tq","previousOperationId":null,"operationId":"n2pgwi7wgmijbqq"}
{"type":"log","level":"info","message":"Render request 79 queued for execution and waiting for available worker","previousOperationId":"n2pgwi7wgmijbqq","timestamp":1704991719145,"id":"5pcz8e0k2h9sbss"}
{"type":"operationStart","subtype":"render","name":"User_project","previousOperationId":"n2pgwi7wgmijbqq","timestamp":1704991719150,"id":"1sox03meuhuywpi","previousEventId":"uzqlfgj5m45s5tq","operationId":"2rwak5agnujpadt"}
{"type":"log","timestamp":1704991719150,"level":"info","message":"Starting rendering request 79","meta":{"rootId":"8rr2z3tjcuv6ns7","id":"8rr2z3tjcuv6ns7"},"id":"4h6wahwv45ohtas","previousOperationId":"2rwak5agnujpadt"}
{"type":"log","timestamp":1704991719150,"level":"info","message":"Rendering template { name: User_project, recipe: chrome-pdf, engine: handlebars, preview: true }","meta":{"rootId":"8rr2z3tjcuv6ns7","id":"8rr2z3tjcuv6ns7"},"id":"bknbf8p0hr32ew0","previousOperationId":"2rwak5agnujpadt"}
{"type":"log","timestamp":1704991719150,"level":"debug","message":"Data item not defined for this template.","meta":{"rootId":"8rr2z3tjcuv6ns7","id":"8rr2z3tjcuv6ns7"},"id":"8cewybie8pgdjwj","previousOperationId":"2rwak5agnujpadt"}
{"type":"log","timestamp":1704991719151,"level":"debug","message":"Executing script usabi-data (beforeRender)","meta":{"rootId":"8rr2z3tjcuv6ns7","id":"8rr2z3tjcuv6ns7"},"id":"dcnhkrgks0k6lf6","previousOperationId":"2rwak5agnujpadt"}
{"type":"operationStart","subtype":"scriptsBeforeRender","name":"scripts beforeRender","timestamp":1704991719155,"id":"jqbpauf2dsrjrhs","previousEventId":"1sox03meuhuywpi","operationId":"1qutdqart0btmkf","previousOperationId":"2rwak5agnujpadt"}
{"type":"operationStart","subtype":"script","name":"scripts usabi-data","previousOperationId":"1qutdqart0btmkf","timestamp":1704991719155,"id":"rg1gh20ivbw0gey","previousEventId":"jqbpauf2dsrjrhs","operationId":"d1fvlrk1v1uhwh8"}
{"type":"operationEnd","operationId":"d1fvlrk1v1uhwh8","timestamp":1704991719165,"id":"b81zehkvwf9xjgo","previousEventId":"1sox03meuhuywpi","previousOperationId":"2rwak5agnujpadt"}
{"type":"operationEnd","operationId":"1qutdqart0btmkf","timestamp":1704991719165,"id":"t6i2cw1jd6na6ao","previousEventId":"b81zehkvwf9xjgo","previousOperationId":"2rwak5agnujpadt"}
{"type":"log","timestamp":1704991719165,"level":"debug","message":"Base url not specified, skipping its injection.","meta":{"rootId":"8rr2z3tjcuv6ns7","id":"8rr2z3tjcuv6ns7"},"id":"5bckmrv7zc53aim","previousOperationId":"1qutdqart0btmkf"}
{"type":"operationStart","subtype":"engine","name":"handlebars","timestamp":1704991719165,"id":"080z3felr56q05z","previousEventId":"t6i2cw1jd6na6ao","operationId":"elr0i8swfaxt2ld","previousOperationId":"1qutdqart0btmkf"}
{"type":"log","timestamp":1704991719165,"level":"debug","message":"Rendering engine handlebars","meta":{"rootId":"8rr2z3tjcuv6ns7","id":"8rr2z3tjcuv6ns7"},"id":"q8trkapjm3o0hcg","previousOperationId":"elr0i8swfaxt2ld"}
{"type":"operationEnd","operationId":"elr0i8swfaxt2ld","timestamp":1704991719173,"id":"sokxgm9vvx2s2oo","previousEventId":"080z3felr56q05z","previousOperationId":"elr0i8swfaxt2ld"}
{"type":"operationStart","subtype":"recipe","name":"chrome-pdf","timestamp":1704991719173,"id":"bhwro1jm2s8e432","previousEventId":"sokxgm9vvx2s2oo","operationId":"hqwya58l46htzdy","previousOperationId":"elr0i8swfaxt2ld"}
{"type":"log","timestamp":1704991719173,"level":"debug","message":"Executing recipe chrome-pdf","meta":{"rootId":"8rr2z3tjcuv6ns7","id":"8rr2z3tjcuv6ns7"},"id":"91h6ysj88d1n7gk","previousOperationId":"hqwya58l46htzdy"}
{"type":"log","timestamp":1704991719175,"level":"debug","message":"Converting with chrome HeadlessChrome/117.0.5938.149 using chrome-pool strategy","meta":{"rootId":"8rr2z3tjcuv6ns7","id":"8rr2z3tjcuv6ns7"},"id":"m8pc51zzkcsudko","previousOperationId":"hqwya58l46htzdy"}
{"type":"log","timestamp":1704991719202,"level":"debug","message":"Page request: GET (document) file:///tmp/jsreport/autocleanup/e8fd4df5-ceac-4ee5-94ee-a7b6ef039c95-chrome-pdf.html","meta":{"rootId":"8rr2z3tjcuv6ns7","id":"8rr2z3tjcuv6ns7"},"id":"74fjer1e7cav38x","previousOperationId":"hqwya58l46htzdy"}
{"type":"log","timestamp":1704991719211,"level":"debug","message":"Page request: GET (script) https://cdn.jsdelivr.net/npm/chart.js","meta":{"rootId":"8rr2z3tjcuv6ns7","id":"8rr2z3tjcuv6ns7"},"id":"kopiqh7eilpd73a","previousOperationId":"hqwya58l46htzdy"}
{"type":"log","timestamp":1704991719211,"level":"debug","message":"Page request finished: GET (document) 200 file:///tmp/jsreport/autocleanup/e8fd4df5-ceac-4ee5-94ee-a7b6ef039c95-chrome-pdf.html","meta":{"rootId":"8rr2z3tjcuv6ns7","id":"8rr2z3tjcuv6ns7"},"id":"bsvef2zqj92si9a","previousOperationId":"hqwya58l46htzdy"}
{"type":"log","timestamp":1704991719215,"level":"debug","message":"Page request finished: GET (script) 200 https://cdn.jsdelivr.net/npm/chart.js","meta":{"rootId":"8rr2z3tjcuv6ns7","id":"8rr2z3tjcuv6ns7"},"id":"0wwetby0n991h8k","previousOperationId":"hqwya58l46htzdy"}
{"type":"log","timestamp":1704991719257,"level":"debug","message":"Running chrome with params {\"printBackground\":true,\"timeout\":59971,\"margin\":{}}","meta":{"rootId":"8rr2z3tjcuv6ns7","id":"8rr2z3tjcuv6ns7"},"id":"wpev10xt96s0jp3","previousOperationId":"hqwya58l46htzdy"}
{"type":"operationEnd","operationId":"hqwya58l46htzdy","timestamp":1704991719274,"id":"fseaketzptif35d","previousEventId":"bhwro1jm2s8e432","previousOperationId":"hqwya58l46htzdy"}
{"type":"log","timestamp":1704991719274,"level":"debug","message":"Skipping storing report.","meta":{"rootId":"8rr2z3tjcuv6ns7","id":"8rr2z3tjcuv6ns7"},"id":"gmqkz3uxgj6wrg6","previousOperationId":"hqwya58l46htzdy"}
{"type":"log","timestamp":1704991719274,"level":"info","message":"Rendering request 79 finished in 129 ms","meta":{"rootId":"8rr2z3tjcuv6ns7","id":"8rr2z3tjcuv6ns7"},"id":"jx7ia7hrxajjqfu","previousOperationId":"hqwya58l46htzdy"}
{"type":"operationEnd","subtype":"render","operationId":"2rwak5agnujpadt","timestamp":1704991719274,"id":"cftsfjxl12qakqt","previousEventId":"fseaketzptif35d","previousOperationId":"hqwya58l46htzdy"}
{"type":"operationEnd","doDiffs":false,"previousEventId":"uzqlfgj5m45s5tq","previousOperationId":"n2pgwi7wgmijbqq","operationId":"n2pgwi7wgmijbqq","timestamp":1704991719277,"id":"bqdzv666kwhsjfi"}
