{"type":"operationStart","subtype":"profile","data":{"_id":"26FTGMhPnEyImqxH","timestamp":"2024-01-11T16:39:36.726Z","state":"queued","mode":"standard","creationDate":"2024-01-11T16:39:36.727Z","modificationDate":"2024-01-11T16:39:36.727Z","shortid":"l0Aq-KH","$entitySet":"profiles"},"doDiffs":false,"timestamp":1704991176727,"id":"z76qh5zk6q4rz6p","previousOperationId":null,"operationId":"i32c1uin1vs9e6o"}
{"type":"log","level":"info","message":"Render request 60 queued for execution and waiting for available worker","previousOperationId":"i32c1uin1vs9e6o","timestamp":1704991176727,"id":"dr2qq1q5ew5zswb"}
{"type":"operationStart","subtype":"render","name":"User_project","previousOperationId":"i32c1uin1vs9e6o","timestamp":1704991176731,"id":"qa8upko60omone3","previousEventId":"z76qh5zk6q4rz6p","operationId":"utw3jvr3ylt8l97"}
{"type":"log","timestamp":1704991176731,"level":"info","message":"Starting rendering request 60","meta":{"rootId":"8w1gf94hhcnapvy","id":"8w1gf94hhcnapvy"},"id":"w807gp22hzk63vq","previousOperationId":"utw3jvr3ylt8l97"}
{"type":"log","timestamp":1704991176731,"level":"info","message":"Rendering template { name: User_project, recipe: chrome-pdf, engine: handlebars, preview: true }","meta":{"rootId":"8w1gf94hhcnapvy","id":"8w1gf94hhcnapvy"},"id":"laqlgvjqvxfvyb9","previousOperationId":"utw3jvr3ylt8l97"}
{"type":"log","timestamp":1704991176731,"level":"debug","message":"Data item not defined for this template.","meta":{"rootId":"8w1gf94hhcnapvy","id":"8w1gf94hhcnapvy"},"id":"1bpqphjo1zpzvpi","previousOperationId":"utw3jvr3ylt8l97"}
{"type":"log","timestamp":1704991176732,"level":"debug","message":"Executing script usabi-data (beforeRender)","meta":{"rootId":"8w1gf94hhcnapvy","id":"8w1gf94hhcnapvy"},"id":"m5dgtehzt23ofva","previousOperationId":"utw3jvr3ylt8l97"}
{"type":"operationStart","subtype":"scriptsBeforeRender","name":"scripts beforeRender","timestamp":1704991176735,"id":"p5gi5t8rwdprnvl","previousEventId":"qa8upko60omone3","operationId":"bzjyz4tw2uixdnl","previousOperationId":"utw3jvr3ylt8l97"}
{"type":"operationStart","subtype":"script","name":"scripts usabi-data","previousOperationId":"bzjyz4tw2uixdnl","timestamp":1704991176735,"id":"3k4h5biv7bdok0q","previousEventId":"p5gi5t8rwdprnvl","operationId":"8okkh2fxiriix6u"}
{"type":"operationEnd","operationId":"8okkh2fxiriix6u","timestamp":1704991176745,"id":"38oc2njyjw9qyzl","previousEventId":"qa8upko60omone3","previousOperationId":"utw3jvr3ylt8l97"}
{"type":"operationEnd","operationId":"bzjyz4tw2uixdnl","timestamp":1704991176745,"id":"e18lef5kmdeyqup","previousEventId":"38oc2njyjw9qyzl","previousOperationId":"utw3jvr3ylt8l97"}
{"type":"log","timestamp":1704991176745,"level":"debug","message":"Base url not specified, skipping its injection.","meta":{"rootId":"8w1gf94hhcnapvy","id":"8w1gf94hhcnapvy"},"id":"1hcyirofpug2r3i","previousOperationId":"bzjyz4tw2uixdnl"}
{"type":"operationStart","subtype":"engine","name":"handlebars","timestamp":1704991176745,"id":"5kho5x5feg21u5e","previousEventId":"e18lef5kmdeyqup","operationId":"nyq6jyq6phq5bi9","previousOperationId":"bzjyz4tw2uixdnl"}
{"type":"log","timestamp":1704991176745,"level":"debug","message":"Rendering engine handlebars","meta":{"rootId":"8w1gf94hhcnapvy","id":"8w1gf94hhcnapvy"},"id":"ztbw7i8sis28uaj","previousOperationId":"nyq6jyq6phq5bi9"}
{"type":"operationEnd","operationId":"nyq6jyq6phq5bi9","timestamp":1704991176753,"id":"bveqx0y6b6gmepn","previousEventId":"5kho5x5feg21u5e","previousOperationId":"nyq6jyq6phq5bi9"}
{"type":"operationStart","subtype":"recipe","name":"chrome-pdf","timestamp":1704991176753,"id":"bhi1rma0lp56mkw","previousEventId":"bveqx0y6b6gmepn","operationId":"uc6smsx7jd6ozy8","previousOperationId":"nyq6jyq6phq5bi9"}
{"type":"log","timestamp":1704991176753,"level":"debug","message":"Executing recipe chrome-pdf","meta":{"rootId":"8w1gf94hhcnapvy","id":"8w1gf94hhcnapvy"},"id":"entww3biq62ylcb","previousOperationId":"uc6smsx7jd6ozy8"}
{"type":"log","timestamp":1704991176754,"level":"debug","message":"Converting with chrome HeadlessChrome/117.0.5938.149 using chrome-pool strategy","meta":{"rootId":"8w1gf94hhcnapvy","id":"8w1gf94hhcnapvy"},"id":"nox4o1vfihduy5j","previousOperationId":"uc6smsx7jd6ozy8"}
{"type":"log","timestamp":1704991176782,"level":"debug","message":"Page request: GET (document) file:///tmp/jsreport/autocleanup/32dc9045-5fff-4812-a80f-6a73d51dd4bf-chrome-pdf.html","meta":{"rootId":"8w1gf94hhcnapvy","id":"8w1gf94hhcnapvy"},"id":"lwybqtavnmnljir","previousOperationId":"uc6smsx7jd6ozy8"}
{"type":"log","timestamp":1704991176790,"level":"debug","message":"Page request: GET (script) https://cdn.jsdelivr.net/npm/chart.js","meta":{"rootId":"8w1gf94hhcnapvy","id":"8w1gf94hhcnapvy"},"id":"m47j837mni5352v","previousOperationId":"uc6smsx7jd6ozy8"}
{"type":"log","timestamp":1704991176790,"level":"debug","message":"Page request finished: GET (document) 200 file:///tmp/jsreport/autocleanup/32dc9045-5fff-4812-a80f-6a73d51dd4bf-chrome-pdf.html","meta":{"rootId":"8w1gf94hhcnapvy","id":"8w1gf94hhcnapvy"},"id":"tvd2r0ec6kak3ys","previousOperationId":"uc6smsx7jd6ozy8"}
{"type":"log","timestamp":1704991176794,"level":"debug","message":"Page request finished: GET (script) 200 https://cdn.jsdelivr.net/npm/chart.js","meta":{"rootId":"8w1gf94hhcnapvy","id":"8w1gf94hhcnapvy"},"id":"4ugbefuxeimfyex","previousOperationId":"uc6smsx7jd6ozy8"}
{"type":"log","timestamp":1704991176844,"level":"debug","message":"Running chrome with params {\"printBackground\":true,\"timeout\":59973,\"margin\":{}}","meta":{"rootId":"8w1gf94hhcnapvy","id":"8w1gf94hhcnapvy"},"id":"le7qn2i1t9sa83b","previousOperationId":"uc6smsx7jd6ozy8"}
{"type":"operationEnd","operationId":"uc6smsx7jd6ozy8","timestamp":1704991176863,"id":"eajdhkwj1h771bg","previousEventId":"bhi1rma0lp56mkw","previousOperationId":"uc6smsx7jd6ozy8"}
{"type":"log","timestamp":1704991176864,"level":"debug","message":"Skipping storing report.","meta":{"rootId":"8w1gf94hhcnapvy","id":"8w1gf94hhcnapvy"},"id":"w3q3pyvislujqhr","previousOperationId":"uc6smsx7jd6ozy8"}
{"type":"log","timestamp":1704991176864,"level":"info","message":"Rendering request 60 finished in 138 ms","meta":{"rootId":"8w1gf94hhcnapvy","id":"8w1gf94hhcnapvy"},"id":"4vnh3wcziit17ct","previousOperationId":"uc6smsx7jd6ozy8"}
{"type":"operationEnd","subtype":"render","operationId":"utw3jvr3ylt8l97","timestamp":1704991176864,"id":"ulh1ybom96mia3r","previousEventId":"eajdhkwj1h771bg","previousOperationId":"uc6smsx7jd6ozy8"}
{"type":"operationEnd","doDiffs":false,"previousEventId":"z76qh5zk6q4rz6p","previousOperationId":"i32c1uin1vs9e6o","operationId":"i32c1uin1vs9e6o","timestamp":1704991176866,"id":"d4pm8n5jo8744yx"}
