{"type":"operationStart","subtype":"profile","data":{"_id":"qV22Je8mdAwa5SaS","timestamp":"2024-01-11T16:24:56.686Z","state":"queued","mode":"standard","creationDate":"2024-01-11T16:24:56.687Z","modificationDate":"2024-01-11T16:24:56.687Z","shortid":"K407Wx5","$entitySet":"profiles"},"doDiffs":false,"timestamp":1704990296687,"id":"gstijn71mamgj68","previousOperationId":null,"operationId":"695t6i684zvkc2t"}
{"type":"log","level":"info","message":"Render request 29 queued for execution and waiting for available worker","previousOperationId":"695t6i684zvkc2t","timestamp":1704990296687,"id":"03ek9khlpb0z2e8"}
{"type":"operationStart","subtype":"render","name":"User_project","previousOperationId":"695t6i684zvkc2t","timestamp":1704990296691,"id":"fj3q69zvwf418uj","previousEventId":"gstijn71mamgj68","operationId":"i0nq48up6gywyzk"}
{"type":"log","timestamp":1704990296691,"level":"info","message":"Starting rendering request 29","meta":{"rootId":"91l7nwln72ib3na","id":"91l7nwln72ib3na"},"id":"r276z921hg3xilx","previousOperationId":"i0nq48up6gywyzk"}
{"type":"log","timestamp":1704990296691,"level":"info","message":"Rendering template { name: User_project, recipe: chrome-pdf, engine: handlebars, preview: true }","meta":{"rootId":"91l7nwln72ib3na","id":"91l7nwln72ib3na"},"id":"1tca9jm46mlfg25","previousOperationId":"i0nq48up6gywyzk"}
{"type":"log","timestamp":1704990296692,"level":"debug","message":"Data item not defined for this template.","meta":{"rootId":"91l7nwln72ib3na","id":"91l7nwln72ib3na"},"id":"jqxl81hmxzedco5","previousOperationId":"i0nq48up6gywyzk"}
{"type":"log","timestamp":1704990296693,"level":"debug","message":"Executing script usabi-data (beforeRender)","meta":{"rootId":"91l7nwln72ib3na","id":"91l7nwln72ib3na"},"id":"ensu2trfsftccw4","previousOperationId":"i0nq48up6gywyzk"}
{"type":"operationStart","subtype":"scriptsBeforeRender","name":"scripts beforeRender","timestamp":1704990296697,"id":"ngear59tnuizmgr","previousEventId":"fj3q69zvwf418uj","operationId":"htzrgjuss0i9m4t","previousOperationId":"i0nq48up6gywyzk"}
{"type":"operationStart","subtype":"script","name":"scripts usabi-data","previousOperationId":"htzrgjuss0i9m4t","timestamp":1704990296697,"id":"qwgbat7g1s198ak","previousEventId":"ngear59tnuizmgr","operationId":"gjtjerdck6eis57"}
{"type":"operationEnd","operationId":"gjtjerdck6eis57","timestamp":1704990296710,"id":"pbir4fkpokqd9lz","previousEventId":"fj3q69zvwf418uj","previousOperationId":"i0nq48up6gywyzk"}
{"type":"operationEnd","operationId":"htzrgjuss0i9m4t","timestamp":1704990296710,"id":"agykuz0f63mp4v9","previousEventId":"pbir4fkpokqd9lz","previousOperationId":"i0nq48up6gywyzk"}
{"type":"log","timestamp":1704990296710,"level":"debug","message":"Base url not specified, skipping its injection.","meta":{"rootId":"91l7nwln72ib3na","id":"91l7nwln72ib3na"},"id":"yn8wzzdcf1mn44y","previousOperationId":"htzrgjuss0i9m4t"}
{"type":"operationStart","subtype":"engine","name":"handlebars","timestamp":1704990296710,"id":"hskdxtdhntt8knu","previousEventId":"agykuz0f63mp4v9","operationId":"fppsof6k4unpw3e","previousOperationId":"htzrgjuss0i9m4t"}
{"type":"log","timestamp":1704990296710,"level":"debug","message":"Rendering engine handlebars","meta":{"rootId":"91l7nwln72ib3na","id":"91l7nwln72ib3na"},"id":"xsxqh0g31q3oh5y","previousOperationId":"fppsof6k4unpw3e"}
{"type":"operationEnd","operationId":"fppsof6k4unpw3e","timestamp":1704990296718,"id":"57ak2o64bbey03t","previousEventId":"hskdxtdhntt8knu","previousOperationId":"fppsof6k4unpw3e"}
{"type":"operationStart","subtype":"recipe","name":"chrome-pdf","timestamp":1704990296718,"id":"uwndbqja6xgk1m7","previousEventId":"57ak2o64bbey03t","operationId":"vpeidlvkzq7flgj","previousOperationId":"fppsof6k4unpw3e"}
{"type":"log","timestamp":1704990296718,"level":"debug","message":"Executing recipe chrome-pdf","meta":{"rootId":"91l7nwln72ib3na","id":"91l7nwln72ib3na"},"id":"ppb1r7xcp83ekl9","previousOperationId":"vpeidlvkzq7flgj"}
{"type":"log","timestamp":1704990296720,"level":"debug","message":"Converting with chrome HeadlessChrome/117.0.5938.149 using chrome-pool strategy","meta":{"rootId":"91l7nwln72ib3na","id":"91l7nwln72ib3na"},"id":"xehdx8qla48zfo8","previousOperationId":"vpeidlvkzq7flgj"}
{"type":"log","timestamp":1704990296753,"level":"debug","message":"Page request: GET (document) file:///tmp/jsreport/autocleanup/241b993a-83bf-4586-91e9-c99d073a1381-chrome-pdf.html","meta":{"rootId":"91l7nwln72ib3na","id":"91l7nwln72ib3na"},"id":"5sayaas9dx7k1nh","previousOperationId":"vpeidlvkzq7flgj"}
{"type":"log","timestamp":1704990296759,"level":"debug","message":"Page request: GET (script) https://cdn.jsdelivr.net/npm/chart.js","meta":{"rootId":"91l7nwln72ib3na","id":"91l7nwln72ib3na"},"id":"t8uro4m2xtatj1p","previousOperationId":"vpeidlvkzq7flgj"}
{"type":"log","timestamp":1704990296760,"level":"debug","message":"Page request finished: GET (document) 200 file:///tmp/jsreport/autocleanup/241b993a-83bf-4586-91e9-c99d073a1381-chrome-pdf.html","meta":{"rootId":"91l7nwln72ib3na","id":"91l7nwln72ib3na"},"id":"70unilhycsk4iin","previousOperationId":"vpeidlvkzq7flgj"}
{"type":"log","timestamp":1704990296763,"level":"debug","message":"Page request finished: GET (script) 200 https://cdn.jsdelivr.net/npm/chart.js","meta":{"rootId":"91l7nwln72ib3na","id":"91l7nwln72ib3na"},"id":"3y5cq9xlqa122k4","previousOperationId":"vpeidlvkzq7flgj"}
{"type":"log","timestamp":1704990296812,"level":"debug","message":"Running chrome with params {\"printBackground\":true,\"timeout\":59967,\"margin\":{}}","meta":{"rootId":"91l7nwln72ib3na","id":"91l7nwln72ib3na"},"id":"x9rmak9wxk6qkqb","previousOperationId":"vpeidlvkzq7flgj"}
{"type":"operationEnd","operationId":"vpeidlvkzq7flgj","timestamp":1704990296841,"id":"nlquhs1e06s9qyn","previousEventId":"uwndbqja6xgk1m7","previousOperationId":"vpeidlvkzq7flgj"}
{"type":"log","timestamp":1704990296841,"level":"debug","message":"Skipping storing report.","meta":{"rootId":"91l7nwln72ib3na","id":"91l7nwln72ib3na"},"id":"lqed0rx3p0u0z56","previousOperationId":"vpeidlvkzq7flgj"}
{"type":"log","timestamp":1704990296841,"level":"info","message":"Rendering request 29 finished in 155 ms","meta":{"rootId":"91l7nwln72ib3na","id":"91l7nwln72ib3na"},"id":"4qgq745oxn6uxpi","previousOperationId":"vpeidlvkzq7flgj"}
{"type":"operationEnd","subtype":"render","operationId":"i0nq48up6gywyzk","timestamp":1704990296841,"id":"p6ejcvvkndhq1c4","previousEventId":"nlquhs1e06s9qyn","previousOperationId":"vpeidlvkzq7flgj"}
{"type":"operationEnd","doDiffs":false,"previousEventId":"gstijn71mamgj68","previousOperationId":"695t6i684zvkc2t","operationId":"695t6i684zvkc2t","timestamp":1704990296843,"id":"upcq5cuibg6qw2e"}
