{"type":"operationStart","subtype":"profile","data":{"_id":"mFLOaFCcUnrUdzHj","timestamp":"2024-01-11T16:45:58.627Z","state":"queued","mode":"standard","creationDate":"2024-01-11T16:45:58.628Z","modificationDate":"2024-01-11T16:45:58.628Z","shortid":"BAhV_h_","$entitySet":"profiles"},"doDiffs":false,"timestamp":1704991558627,"id":"cd5psua80cn71s4","previousOperationId":null,"operationId":"vynhewgngjsg9ko"}
{"type":"log","level":"info","message":"Render request 74 queued for execution and waiting for available worker","previousOperationId":"vynhewgngjsg9ko","timestamp":1704991558627,"id":"gupvpxqb02sihuv"}
{"type":"operationStart","subtype":"render","name":"User_project","previousOperationId":"vynhewgngjsg9ko","timestamp":1704991558631,"id":"lkmnxfrqm1hrqpr","previousEventId":"cd5psua80cn71s4","operationId":"b0pvm36b5zqo2nq"}
{"type":"log","timestamp":1704991558631,"level":"info","message":"Starting rendering request 74","meta":{"rootId":"9d2ga4job7bzlmt","id":"9d2ga4job7bzlmt"},"id":"gwkgnjhjip5vzfm","previousOperationId":"b0pvm36b5zqo2nq"}
{"type":"log","timestamp":1704991558631,"level":"info","message":"Rendering template { name: User_project, recipe: chrome-pdf, engine: handlebars, preview: true }","meta":{"rootId":"9d2ga4job7bzlmt","id":"9d2ga4job7bzlmt"},"id":"rffjmzopsr1i1uv","previousOperationId":"b0pvm36b5zqo2nq"}
{"type":"log","timestamp":1704991558632,"level":"debug","message":"Data item not defined for this template.","meta":{"rootId":"9d2ga4job7bzlmt","id":"9d2ga4job7bzlmt"},"id":"npume71poudn04c","previousOperationId":"b0pvm36b5zqo2nq"}
{"type":"log","timestamp":1704991558633,"level":"debug","message":"Executing script usabi-data (beforeRender)","meta":{"rootId":"9d2ga4job7bzlmt","id":"9d2ga4job7bzlmt"},"id":"hu0334bs2xt9uas","previousOperationId":"b0pvm36b5zqo2nq"}
{"type":"operationStart","subtype":"scriptsBeforeRender","name":"scripts beforeRender","timestamp":1704991558636,"id":"b76h4twoyfbhge2","previousEventId":"lkmnxfrqm1hrqpr","operationId":"7epyjg5983bnhhi","previousOperationId":"b0pvm36b5zqo2nq"}
{"type":"operationStart","subtype":"script","name":"scripts usabi-data","previousOperationId":"7epyjg5983bnhhi","timestamp":1704991558636,"id":"ukbgua00m5fhms6","previousEventId":"b76h4twoyfbhge2","operationId":"bbm1i23t44w3wro"}
{"type":"operationEnd","operationId":"bbm1i23t44w3wro","timestamp":1704991558646,"id":"75brg3iz8dvlp04","previousEventId":"lkmnxfrqm1hrqpr","previousOperationId":"b0pvm36b5zqo2nq"}
{"type":"operationEnd","operationId":"7epyjg5983bnhhi","timestamp":1704991558646,"id":"frf1l44yla97jf8","previousEventId":"75brg3iz8dvlp04","previousOperationId":"b0pvm36b5zqo2nq"}
{"type":"log","timestamp":1704991558646,"level":"debug","message":"Base url not specified, skipping its injection.","meta":{"rootId":"9d2ga4job7bzlmt","id":"9d2ga4job7bzlmt"},"id":"68m4i595e4bh3ik","previousOperationId":"7epyjg5983bnhhi"}
{"type":"operationStart","subtype":"engine","name":"handlebars","timestamp":1704991558647,"id":"suq6m2dihpxrte3","previousEventId":"frf1l44yla97jf8","operationId":"qhnsm6oze12yltl","previousOperationId":"7epyjg5983bnhhi"}
{"type":"log","timestamp":1704991558647,"level":"debug","message":"Rendering engine handlebars","meta":{"rootId":"9d2ga4job7bzlmt","id":"9d2ga4job7bzlmt"},"id":"i8zobxs85xyhx2u","previousOperationId":"qhnsm6oze12yltl"}
{"type":"operationEnd","operationId":"qhnsm6oze12yltl","timestamp":1704991558656,"id":"gahe3vy4s39417a","previousEventId":"suq6m2dihpxrte3","previousOperationId":"qhnsm6oze12yltl"}
{"type":"operationStart","subtype":"recipe","name":"chrome-pdf","timestamp":1704991558656,"id":"8po64udnfdzfhfb","previousEventId":"gahe3vy4s39417a","operationId":"b6cyqu3xz51onfr","previousOperationId":"qhnsm6oze12yltl"}
{"type":"log","timestamp":1704991558656,"level":"debug","message":"Executing recipe chrome-pdf","meta":{"rootId":"9d2ga4job7bzlmt","id":"9d2ga4job7bzlmt"},"id":"0n81kvzoxbc2zqb","previousOperationId":"b6cyqu3xz51onfr"}
{"type":"log","timestamp":1704991558658,"level":"debug","message":"Converting with chrome HeadlessChrome/117.0.5938.149 using chrome-pool strategy","meta":{"rootId":"9d2ga4job7bzlmt","id":"9d2ga4job7bzlmt"},"id":"stn86efeh2bc41u","previousOperationId":"b6cyqu3xz51onfr"}
{"type":"log","timestamp":1704991558686,"level":"debug","message":"Page request: GET (document) file:///tmp/jsreport/autocleanup/b5fd4651-ecc1-4736-9929-57a0d9dad6ee-chrome-pdf.html","meta":{"rootId":"9d2ga4job7bzlmt","id":"9d2ga4job7bzlmt"},"id":"qpqubee3xamk9ja","previousOperationId":"b6cyqu3xz51onfr"}
{"type":"log","timestamp":1704991558693,"level":"debug","message":"Page request: GET (stylesheet) https://cdnjs.cloudflare.com/ajax/libs/metro/4.1.5/css/metro.min.css","meta":{"rootId":"9d2ga4job7bzlmt","id":"9d2ga4job7bzlmt"},"id":"e29zk7r3dsa0dk5","previousOperationId":"b6cyqu3xz51onfr"}
{"type":"log","timestamp":1704991558693,"level":"debug","message":"Page request: GET (script) https://cdnjs.cloudflare.com/ajax/libs/Chart.js/2.7.2/Chart.min.js","meta":{"rootId":"9d2ga4job7bzlmt","id":"9d2ga4job7bzlmt"},"id":"nh6fqgit951vauh","previousOperationId":"b6cyqu3xz51onfr"}
{"type":"log","timestamp":1704991558693,"level":"debug","message":"Page request finished: GET (document) 200 file:///tmp/jsreport/autocleanup/b5fd4651-ecc1-4736-9929-57a0d9dad6ee-chrome-pdf.html","meta":{"rootId":"9d2ga4job7bzlmt","id":"9d2ga4job7bzlmt"},"id":"0bo5qcd18ocy26h","previousOperationId":"b6cyqu3xz51onfr"}
{"type":"log","timestamp":1704991558706,"level":"debug","message":"Page request finished: GET (stylesheet) 200 https://cdnjs.cloudflare.com/ajax/libs/metro/4.1.5/css/metro.min.css","meta":{"rootId":"9d2ga4job7bzlmt","id":"9d2ga4job7bzlmt"},"id":"d9j6j3hnivsgjva","previousOperationId":"b6cyqu3xz51onfr"}
{"type":"log","timestamp":1704991558706,"level":"debug","message":"Page request finished: GET (script) 200 https://cdnjs.cloudflare.com/ajax/libs/Chart.js/2.7.2/Chart.min.js","meta":{"rootId":"9d2ga4job7bzlmt","id":"9d2ga4job7bzlmt"},"id":"x3p8uhtzw3oqzqv","previousOperationId":"b6cyqu3xz51onfr"}
{"type":"log","timestamp":1704991558719,"level":"debug","message":"Running chrome with params {\"printBackground\":true,\"timeout\":59969,\"margin\":{}}","meta":{"rootId":"9d2ga4job7bzlmt","id":"9d2ga4job7bzlmt"},"id":"j8jtuhqi7h1ids8","previousOperationId":"b6cyqu3xz51onfr"}
{"type":"operationEnd","operationId":"b6cyqu3xz51onfr","timestamp":1704991558733,"id":"lm13kz9djs7c3ma","previousEventId":"8po64udnfdzfhfb","previousOperationId":"b6cyqu3xz51onfr"}
{"type":"log","timestamp":1704991558733,"level":"debug","message":"Skipping storing report.","meta":{"rootId":"9d2ga4job7bzlmt","id":"9d2ga4job7bzlmt"},"id":"gtkotx81jwi55t2","previousOperationId":"b6cyqu3xz51onfr"}
{"type":"log","timestamp":1704991558733,"level":"info","message":"Rendering request 74 finished in 107 ms","meta":{"rootId":"9d2ga4job7bzlmt","id":"9d2ga4job7bzlmt"},"id":"hz3ed2oxpllbsbt","previousOperationId":"b6cyqu3xz51onfr"}
{"type":"operationEnd","subtype":"render","operationId":"b0pvm36b5zqo2nq","timestamp":1704991558733,"id":"5yepkrx4b7rqdrs","previousEventId":"lm13kz9djs7c3ma","previousOperationId":"b6cyqu3xz51onfr"}
{"type":"operationEnd","doDiffs":false,"previousEventId":"cd5psua80cn71s4","previousOperationId":"vynhewgngjsg9ko","operationId":"vynhewgngjsg9ko","timestamp":1704991558735,"id":"kmqp8fqmiktitzb"}
