{"type":"operationStart","subtype":"profile","data":{"_id":"lNWPp2vdMwFWQI8j","timestamp":"2024-01-11T15:24:19.663Z","state":"queued","mode":"standard","creationDate":"2024-01-11T15:24:19.666Z","modificationDate":"2024-01-11T15:24:19.666Z","shortid":"kopo7bo","$entitySet":"profiles"},"doDiffs":false,"timestamp":1704986659664,"id":"waigzqnagyw6y3s","previousOperationId":null,"operationId":"efpu43mydc7qxke"}
{"type":"log","level":"info","message":"Render request 1 queued for execution and waiting for available worker","previousOperationId":"efpu43mydc7qxke","timestamp":1704986659665,"id":"s6q2uabqdfqv91q"}
{"type":"operationStart","subtype":"render","name":"User_project","previousOperationId":"efpu43mydc7qxke","timestamp":1704986659691,"id":"m7hoym7gsw4soxv","previousEventId":"waigzqnagyw6y3s","operationId":"o5odypc57ok607e"}
{"type":"log","timestamp":1704986659691,"level":"info","message":"Starting rendering request 1","meta":{"rootId":"9sptrs4qpb1cf4m","id":"9sptrs4qpb1cf4m"},"id":"eemaphmipuwj8u3","previousOperationId":"o5odypc57ok607e"}
{"type":"log","timestamp":1704986659692,"level":"info","message":"Rendering template { name: User_project, recipe: chrome-pdf, engine: handlebars, preview: true }","meta":{"rootId":"9sptrs4qpb1cf4m","id":"9sptrs4qpb1cf4m"},"id":"pzpadoual8i780c","previousOperationId":"o5odypc57ok607e"}
{"type":"log","timestamp":1704986659694,"level":"debug","message":"Data item not defined for this template.","meta":{"rootId":"9sptrs4qpb1cf4m","id":"9sptrs4qpb1cf4m"},"id":"eduhi8efogi972b","previousOperationId":"o5odypc57ok607e"}
{"type":"log","timestamp":1704986659696,"level":"debug","message":"Executing script usabi-data (beforeRender)","meta":{"rootId":"9sptrs4qpb1cf4m","id":"9sptrs4qpb1cf4m"},"id":"ddevwxcxra5tbe9","previousOperationId":"o5odypc57ok607e"}
{"type":"operationStart","subtype":"scriptsBeforeRender","name":"scripts beforeRender","timestamp":1704986659878,"id":"0dxpcjyu7svrx3n","previousEventId":"m7hoym7gsw4soxv","operationId":"z1zd8v98byjir0n","previousOperationId":"o5odypc57ok607e"}
{"type":"operationStart","subtype":"script","name":"scripts usabi-data","previousOperationId":"z1zd8v98byjir0n","timestamp":1704986659878,"id":"b1l1rqshcig6gm3","previousEventId":"0dxpcjyu7svrx3n","operationId":"ovl91na0bb0xdeq"}
{"type":"operationEnd","operationId":"ovl91na0bb0xdeq","timestamp":1704986660317,"id":"pyndimad3hvd6rb","previousEventId":"m7hoym7gsw4soxv","previousOperationId":"o5odypc57ok607e"}
{"type":"operationEnd","operationId":"z1zd8v98byjir0n","timestamp":1704986660317,"id":"dpkzuer1vp3qqou","previousEventId":"pyndimad3hvd6rb","previousOperationId":"o5odypc57ok607e"}
{"type":"log","timestamp":1704986660317,"level":"debug","message":"Base url not specified, skipping its injection.","meta":{"rootId":"9sptrs4qpb1cf4m","id":"9sptrs4qpb1cf4m"},"id":"e2yjz0707h0hm96","previousOperationId":"z1zd8v98byjir0n"}
{"type":"operationStart","subtype":"engine","name":"handlebars","timestamp":1704986660317,"id":"agpytj2u5c3zxdk","previousEventId":"dpkzuer1vp3qqou","operationId":"ei0k3khwe5mmu6r","previousOperationId":"z1zd8v98byjir0n"}
{"type":"log","timestamp":1704986660317,"level":"debug","message":"Rendering engine handlebars","meta":{"rootId":"9sptrs4qpb1cf4m","id":"9sptrs4qpb1cf4m"},"id":"ur1wk2zgv424j95","previousOperationId":"ei0k3khwe5mmu6r"}
{"type":"operationEnd","operationId":"ei0k3khwe5mmu6r","timestamp":1704986660531,"id":"b1ycp88qxjhq8z9","previousEventId":"agpytj2u5c3zxdk","previousOperationId":"ei0k3khwe5mmu6r"}
{"type":"operationStart","subtype":"recipe","name":"chrome-pdf","timestamp":1704986660531,"id":"412fwskf4zflr58","previousEventId":"b1ycp88qxjhq8z9","operationId":"sclqeezpfu9js2g","previousOperationId":"ei0k3khwe5mmu6r"}
{"type":"log","timestamp":1704986660531,"level":"debug","message":"Executing recipe chrome-pdf","meta":{"rootId":"9sptrs4qpb1cf4m","id":"9sptrs4qpb1cf4m"},"id":"evupth635x1x05w","previousOperationId":"sclqeezpfu9js2g"}
{"type":"log","timestamp":1704986661065,"level":"debug","message":"Converting with chrome HeadlessChrome/117.0.5938.149 using chrome-pool strategy","meta":{"rootId":"9sptrs4qpb1cf4m","id":"9sptrs4qpb1cf4m"},"id":"fjeb4crhyz52w7d","previousOperationId":"sclqeezpfu9js2g"}
{"type":"log","timestamp":1704986661183,"level":"debug","message":"Page request: GET (document) file:///tmp/jsreport/autocleanup/e4f9fe05-890b-44ac-a1e6-70b26fb0108e-chrome-pdf.html","meta":{"rootId":"9sptrs4qpb1cf4m","id":"9sptrs4qpb1cf4m"},"id":"6w4h2e4yluar9j0","previousOperationId":"sclqeezpfu9js2g"}
{"type":"log","timestamp":1704986661198,"level":"debug","message":"Page request finished: GET (document) 200 file:///tmp/jsreport/autocleanup/e4f9fe05-890b-44ac-a1e6-70b26fb0108e-chrome-pdf.html","meta":{"rootId":"9sptrs4qpb1cf4m","id":"9sptrs4qpb1cf4m"},"id":"k69orve5xwws1wb","previousOperationId":"sclqeezpfu9js2g"}
{"type":"log","timestamp":1704986661212,"level":"debug","message":"Running chrome with params {\"printBackground\":true,\"timeout\":58987,\"margin\":{}}","meta":{"rootId":"9sptrs4qpb1cf4m","id":"9sptrs4qpb1cf4m"},"id":"sgw3su8mgoat8ov","previousOperationId":"sclqeezpfu9js2g"}
{"type":"operationEnd","operationId":"sclqeezpfu9js2g","timestamp":1704986661244,"id":"ap9m06tyf1adgyw","previousEventId":"412fwskf4zflr58","previousOperationId":"sclqeezpfu9js2g"}
{"type":"log","timestamp":1704986661245,"level":"debug","message":"Skipping storing report.","meta":{"rootId":"9sptrs4qpb1cf4m","id":"9sptrs4qpb1cf4m"},"id":"5pppm6v7burye4d","previousOperationId":"sclqeezpfu9js2g"}
{"type":"log","timestamp":1704986661245,"level":"info","message":"Rendering request 1 finished in 1583 ms","meta":{"rootId":"9sptrs4qpb1cf4m","id":"9sptrs4qpb1cf4m"},"id":"ufznvynsjp4oedv","previousOperationId":"sclqeezpfu9js2g"}
{"type":"operationEnd","subtype":"render","operationId":"o5odypc57ok607e","timestamp":1704986661245,"id":"slombxcbdoe4g4o","previousEventId":"ap9m06tyf1adgyw","previousOperationId":"sclqeezpfu9js2g"}
{"type":"operationEnd","doDiffs":false,"previousEventId":"waigzqnagyw6y3s","previousOperationId":"efpu43mydc7qxke","operationId":"efpu43mydc7qxke","timestamp":1704986661250,"id":"qvdvshngga6rmx9"}
