{"type":"operationStart","subtype":"profile","data":{"_id":"LTA4ZAF34Rv89786","timestamp":"2024-01-11T16:36:32.621Z","state":"queued","mode":"standard","creationDate":"2024-01-11T16:36:32.622Z","modificationDate":"2024-01-11T16:36:32.622Z","shortid":"sGhdJtf","$entitySet":"profiles"},"doDiffs":false,"timestamp":1704990992622,"id":"hvaz33dldr9pukj","previousOperationId":null,"operationId":"tcs5ovhzi1kvrgq"}
{"type":"log","level":"info","message":"Render request 55 queued for execution and waiting for available worker","previousOperationId":"tcs5ovhzi1kvrgq","timestamp":1704990992622,"id":"mn780r97t7hp1oj"}
{"type":"operationStart","subtype":"render","name":"User_project","previousOperationId":"tcs5ovhzi1kvrgq","timestamp":1704990992626,"id":"3nehjtzqael36fg","previousEventId":"hvaz33dldr9pukj","operationId":"m4sv1k9czc3u3nc"}
{"type":"log","timestamp":1704990992626,"level":"info","message":"Starting rendering request 55","meta":{"rootId":"9up2jyfkb1ggsxj","id":"9up2jyfkb1ggsxj"},"id":"fxla5v1xmjrp85f","previousOperationId":"m4sv1k9czc3u3nc"}
{"type":"log","timestamp":1704990992626,"level":"info","message":"Rendering template { name: User_project, recipe: chrome-pdf, engine: handlebars, preview: true }","meta":{"rootId":"9up2jyfkb1ggsxj","id":"9up2jyfkb1ggsxj"},"id":"1uiu22qzr2kl7np","previousOperationId":"m4sv1k9czc3u3nc"}
{"type":"log","timestamp":1704990992627,"level":"debug","message":"Data item not defined for this template.","meta":{"rootId":"9up2jyfkb1ggsxj","id":"9up2jyfkb1ggsxj"},"id":"ipfod21skp5eqxb","previousOperationId":"m4sv1k9czc3u3nc"}
{"type":"log","timestamp":1704990992629,"level":"debug","message":"Executing script usabi-data (beforeRender)","meta":{"rootId":"9up2jyfkb1ggsxj","id":"9up2jyfkb1ggsxj"},"id":"2b902jvp8dy0l0j","previousOperationId":"m4sv1k9czc3u3nc"}
{"type":"operationStart","subtype":"scriptsBeforeRender","name":"scripts beforeRender","timestamp":1704990992632,"id":"joiuobzgnerqrvm","previousEventId":"3nehjtzqael36fg","operationId":"pknozipwosaq4o5","previousOperationId":"m4sv1k9czc3u3nc"}
{"type":"operationStart","subtype":"script","name":"scripts usabi-data","previousOperationId":"pknozipwosaq4o5","timestamp":1704990992632,"id":"7th8k0twcni5mq4","previousEventId":"joiuobzgnerqrvm","operationId":"5h868nrb7gb5ske"}
{"type":"operationEnd","operationId":"5h868nrb7gb5ske","timestamp":1704990992643,"id":"wr9gldspf83p4f4","previousEventId":"3nehjtzqael36fg","previousOperationId":"m4sv1k9czc3u3nc"}
{"type":"operationEnd","operationId":"pknozipwosaq4o5","timestamp":1704990992643,"id":"h8qf6y2h29m0uax","previousEventId":"wr9gldspf83p4f4","previousOperationId":"m4sv1k9czc3u3nc"}
{"type":"log","timestamp":1704990992643,"level":"debug","message":"Base url not specified, skipping its injection.","meta":{"rootId":"9up2jyfkb1ggsxj","id":"9up2jyfkb1ggsxj"},"id":"14woo4q87l959cd","previousOperationId":"pknozipwosaq4o5"}
{"type":"operationStart","subtype":"engine","name":"handlebars","timestamp":1704990992643,"id":"to4qaapt2bvwllk","previousEventId":"h8qf6y2h29m0uax","operationId":"0ljfr9wjzh2r7uc","previousOperationId":"pknozipwosaq4o5"}
{"type":"log","timestamp":1704990992643,"level":"debug","message":"Rendering engine handlebars","meta":{"rootId":"9up2jyfkb1ggsxj","id":"9up2jyfkb1ggsxj"},"id":"hgdqjwobq7euq44","previousOperationId":"0ljfr9wjzh2r7uc"}
{"type":"operationEnd","operationId":"0ljfr9wjzh2r7uc","timestamp":1704990992652,"id":"dav6r4uz9x8w21w","previousEventId":"to4qaapt2bvwllk","previousOperationId":"0ljfr9wjzh2r7uc"}
{"type":"operationStart","subtype":"recipe","name":"chrome-pdf","timestamp":1704990992652,"id":"5mg5jbjyapl777a","previousEventId":"dav6r4uz9x8w21w","operationId":"45k92ajr4xl818t","previousOperationId":"0ljfr9wjzh2r7uc"}
{"type":"log","timestamp":1704990992652,"level":"debug","message":"Executing recipe chrome-pdf","meta":{"rootId":"9up2jyfkb1ggsxj","id":"9up2jyfkb1ggsxj"},"id":"zk0sifdpxjwopv4","previousOperationId":"45k92ajr4xl818t"}
{"type":"log","timestamp":1704990992654,"level":"debug","message":"Converting with chrome HeadlessChrome/117.0.5938.149 using chrome-pool strategy","meta":{"rootId":"9up2jyfkb1ggsxj","id":"9up2jyfkb1ggsxj"},"id":"b0scudjvpa932rx","previousOperationId":"45k92ajr4xl818t"}
{"type":"log","timestamp":1704990992686,"level":"debug","message":"Page request: GET (document) file:///tmp/jsreport/autocleanup/a4c0922b-e3b9-457e-acbd-7530a7191983-chrome-pdf.html","meta":{"rootId":"9up2jyfkb1ggsxj","id":"9up2jyfkb1ggsxj"},"id":"ul9r37gwd848v6h","previousOperationId":"45k92ajr4xl818t"}
{"type":"log","timestamp":1704990992693,"level":"debug","message":"Page request: GET (script) https://cdn.jsdelivr.net/npm/chart.js","meta":{"rootId":"9up2jyfkb1ggsxj","id":"9up2jyfkb1ggsxj"},"id":"wy6lli3d32l1wxg","previousOperationId":"45k92ajr4xl818t"}
{"type":"log","timestamp":1704990992693,"level":"debug","message":"Page request finished: GET (document) 200 file:///tmp/jsreport/autocleanup/a4c0922b-e3b9-457e-acbd-7530a7191983-chrome-pdf.html","meta":{"rootId":"9up2jyfkb1ggsxj","id":"9up2jyfkb1ggsxj"},"id":"k8bka8x7f6ten29","previousOperationId":"45k92ajr4xl818t"}
{"type":"log","timestamp":1704990992697,"level":"debug","message":"Page request finished: GET (script) 200 https://cdn.jsdelivr.net/npm/chart.js","meta":{"rootId":"9up2jyfkb1ggsxj","id":"9up2jyfkb1ggsxj"},"id":"dsr7qs9o2l2me31","previousOperationId":"45k92ajr4xl818t"}
{"type":"log","timestamp":1704990992745,"level":"debug","message":"Running chrome with params {\"printBackground\":true,\"timeout\":59968,\"margin\":{}}","meta":{"rootId":"9up2jyfkb1ggsxj","id":"9up2jyfkb1ggsxj"},"id":"ao74ijatmixfkb9","previousOperationId":"45k92ajr4xl818t"}
{"type":"operationEnd","operationId":"45k92ajr4xl818t","timestamp":1704990992765,"id":"c93ixt7rihg8b61","previousEventId":"5mg5jbjyapl777a","previousOperationId":"45k92ajr4xl818t"}
{"type":"log","timestamp":1704990992765,"level":"debug","message":"Skipping storing report.","meta":{"rootId":"9up2jyfkb1ggsxj","id":"9up2jyfkb1ggsxj"},"id":"tm98ftw6p3xwgkc","previousOperationId":"45k92ajr4xl818t"}
{"type":"log","timestamp":1704990992765,"level":"info","message":"Rendering request 55 finished in 144 ms","meta":{"rootId":"9up2jyfkb1ggsxj","id":"9up2jyfkb1ggsxj"},"id":"496vv3ks5lxar9l","previousOperationId":"45k92ajr4xl818t"}
{"type":"operationEnd","subtype":"render","operationId":"m4sv1k9czc3u3nc","timestamp":1704990992765,"id":"punyeurds93djaq","previousEventId":"c93ixt7rihg8b61","previousOperationId":"45k92ajr4xl818t"}
{"type":"operationEnd","doDiffs":false,"previousEventId":"hvaz33dldr9pukj","previousOperationId":"tcs5ovhzi1kvrgq","operationId":"tcs5ovhzi1kvrgq","timestamp":1704990992768,"id":"vnspszwwar3yw9y"}
