{"type":"operationStart","subtype":"profile","data":{"_id":"bFn8ZXO7alKjspIn","timestamp":"2024-01-11T17:13:49.476Z","state":"queued","mode":"standard","creationDate":"2024-01-11T17:13:49.477Z","modificationDate":"2024-01-11T17:13:49.477Z","shortid":"kV3-zfR","$entitySet":"profiles"},"doDiffs":false,"timestamp":1704993229477,"id":"1evjgxj0cmq58hi","previousOperationId":null,"operationId":"lmapr8zxhmuep4k"}
{"type":"log","level":"info","message":"Render request 118 queued for execution and waiting for available worker","previousOperationId":"lmapr8zxhmuep4k","timestamp":1704993229477,"id":"a4hpwy8y6ybub0e"}
{"type":"operationStart","subtype":"render","name":"User_project","previousOperationId":"lmapr8zxhmuep4k","timestamp":1704993229481,"id":"9hkl01zuafveuhj","previousEventId":"1evjgxj0cmq58hi","operationId":"zh6wuj46fat30wx"}
{"type":"log","timestamp":1704993229481,"level":"info","message":"Starting rendering request 118","meta":{"rootId":"9wg5jkv3b9jo89g","id":"9wg5jkv3b9jo89g"},"id":"s1109q0li969has","previousOperationId":"zh6wuj46fat30wx"}
{"type":"log","timestamp":1704993229481,"level":"info","message":"Rendering template { name: User_project, recipe: chrome-pdf, engine: handlebars, preview: true }","meta":{"rootId":"9wg5jkv3b9jo89g","id":"9wg5jkv3b9jo89g"},"id":"egnm6x7paj0px25","previousOperationId":"zh6wuj46fat30wx"}
{"type":"log","timestamp":1704993229481,"level":"debug","message":"Data item not defined for this template.","meta":{"rootId":"9wg5jkv3b9jo89g","id":"9wg5jkv3b9jo89g"},"id":"plk3h5quq45y92y","previousOperationId":"zh6wuj46fat30wx"}
{"type":"log","timestamp":1704993229484,"level":"debug","message":"Executing script usabi-data (beforeRender)","meta":{"rootId":"9wg5jkv3b9jo89g","id":"9wg5jkv3b9jo89g"},"id":"zz8h53w9b7t201z","previousOperationId":"zh6wuj46fat30wx"}
{"type":"operationStart","subtype":"scriptsBeforeRender","name":"scripts beforeRender","timestamp":1704993229487,"id":"jebrv70ymufxzd0","previousEventId":"9hkl01zuafveuhj","operationId":"n0k4hu4qpm0cmqq","previousOperationId":"zh6wuj46fat30wx"}
{"type":"operationStart","subtype":"script","name":"scripts usabi-data","previousOperationId":"n0k4hu4qpm0cmqq","timestamp":1704993229487,"id":"1d68tab33eu0s9r","previousEventId":"jebrv70ymufxzd0","operationId":"l731tfo9nr7oe2j"}
{"type":"operationEnd","operationId":"l731tfo9nr7oe2j","timestamp":1704993229497,"id":"bxjy7clxg2o87m1","previousEventId":"9hkl01zuafveuhj","previousOperationId":"zh6wuj46fat30wx"}
{"type":"log","timestamp":1704993229497,"level":"debug","message":"Executing script orders-script (beforeRender)","meta":{"rootId":"9wg5jkv3b9jo89g","id":"9wg5jkv3b9jo89g"},"id":"jyxx6myh6x1wxrb","previousOperationId":"zh6wuj46fat30wx"}
{"type":"operationStart","subtype":"script","name":"scripts orders-script","previousOperationId":"n0k4hu4qpm0cmqq","timestamp":1704993229501,"id":"s37zkvdau0o5fav","previousEventId":"bxjy7clxg2o87m1","operationId":"p8k7bb1dptm67g1"}
{"type":"operationEnd","operationId":"p8k7bb1dptm67g1","timestamp":1704993230839,"id":"jbj9i0ys1xdc807","previousEventId":"bxjy7clxg2o87m1","previousOperationId":"zh6wuj46fat30wx"}
{"type":"operationEnd","operationId":"n0k4hu4qpm0cmqq","timestamp":1704993230839,"id":"zyy8jcnm4e9lyf5","previousEventId":"jbj9i0ys1xdc807","previousOperationId":"zh6wuj46fat30wx"}
{"type":"log","timestamp":1704993230839,"level":"debug","message":"Base url not specified, skipping its injection.","meta":{"rootId":"9wg5jkv3b9jo89g","id":"9wg5jkv3b9jo89g"},"id":"qn66giptxae77zo","previousOperationId":"n0k4hu4qpm0cmqq"}
{"type":"operationStart","subtype":"engine","name":"handlebars","timestamp":1704993230839,"id":"i5dkumfol3cipi4","previousEventId":"zyy8jcnm4e9lyf5","operationId":"y0ga16fupdj0wi9","previousOperationId":"n0k4hu4qpm0cmqq"}
{"type":"log","timestamp":1704993230839,"level":"debug","message":"Rendering engine handlebars","meta":{"rootId":"9wg5jkv3b9jo89g","id":"9wg5jkv3b9jo89g"},"id":"ylydtm8c9ryf1p0","previousOperationId":"y0ga16fupdj0wi9"}
{"type":"operationEnd","operationId":"y0ga16fupdj0wi9","timestamp":1704993230845,"id":"quywj00n2259inc","previousEventId":"i5dkumfol3cipi4","previousOperationId":"y0ga16fupdj0wi9"}
{"type":"operationStart","subtype":"recipe","name":"chrome-pdf","timestamp":1704993230845,"id":"5o4kyybfjc02he6","previousEventId":"quywj00n2259inc","operationId":"vn1vdbgt9mgblwk","previousOperationId":"y0ga16fupdj0wi9"}
{"type":"log","timestamp":1704993230845,"level":"debug","message":"Executing recipe chrome-pdf","meta":{"rootId":"9wg5jkv3b9jo89g","id":"9wg5jkv3b9jo89g"},"id":"8tq9hnwsxiouaqz","previousOperationId":"vn1vdbgt9mgblwk"}
{"type":"log","timestamp":1704993230852,"level":"debug","message":"Converting with chrome HeadlessChrome/117.0.5938.149 using chrome-pool strategy","meta":{"rootId":"9wg5jkv3b9jo89g","id":"9wg5jkv3b9jo89g"},"id":"xvwxhfg52jej1qb","previousOperationId":"vn1vdbgt9mgblwk"}
{"type":"log","timestamp":1704993230898,"level":"debug","message":"Page request: GET (document) file:///tmp/jsreport/autocleanup/6e4db88a-8d72-4f11-ac8c-ca89402fde7d-chrome-pdf.html","meta":{"rootId":"9wg5jkv3b9jo89g","id":"9wg5jkv3b9jo89g"},"id":"41nh2gs7p5qi2cc","previousOperationId":"vn1vdbgt9mgblwk"}
{"type":"log","timestamp":1704993230906,"level":"debug","message":"Page request finished: GET (document) 200 file:///tmp/jsreport/autocleanup/6e4db88a-8d72-4f11-ac8c-ca89402fde7d-chrome-pdf.html","meta":{"rootId":"9wg5jkv3b9jo89g","id":"9wg5jkv3b9jo89g"},"id":"hacbt6guzh8xsaz","previousOperationId":"vn1vdbgt9mgblwk"}
{"type":"log","timestamp":1704993230906,"level":"warn","message":"Page error: Unexpected token '<' , stack: SyntaxError: Unexpected token '<'","meta":{"rootId":"9wg5jkv3b9jo89g","id":"9wg5jkv3b9jo89g"},"id":"439hpnp682qejd7","previousOperationId":"vn1vdbgt9mgblwk"}
{"type":"log","timestamp":1704993230910,"level":"debug","message":"Running chrome with params {\"printBackground\":true,\"timeout\":58630,\"margin\":{}}","meta":{"rootId":"9wg5jkv3b9jo89g","id":"9wg5jkv3b9jo89g"},"id":"hvqfxpiwvwwaku7","previousOperationId":"vn1vdbgt9mgblwk"}
{"type":"operationEnd","operationId":"vn1vdbgt9mgblwk","timestamp":1704993230922,"id":"dmkcpk372mf3c77","previousEventId":"5o4kyybfjc02he6","previousOperationId":"vn1vdbgt9mgblwk"}
{"type":"log","timestamp":1704993230922,"level":"debug","message":"Skipping storing report.","meta":{"rootId":"9wg5jkv3b9jo89g","id":"9wg5jkv3b9jo89g"},"id":"aca21xmdzcug8sy","previousOperationId":"vn1vdbgt9mgblwk"}
{"type":"log","timestamp":1704993230922,"level":"info","message":"Rendering request 118 finished in 1446 ms","meta":{"rootId":"9wg5jkv3b9jo89g","id":"9wg5jkv3b9jo89g"},"id":"1urjf4uclce5xft","previousOperationId":"vn1vdbgt9mgblwk"}
{"type":"operationEnd","subtype":"render","operationId":"zh6wuj46fat30wx","timestamp":1704993230922,"id":"zmd6f6mczaa1qv4","previousEventId":"dmkcpk372mf3c77","previousOperationId":"vn1vdbgt9mgblwk"}
{"type":"operationEnd","doDiffs":false,"previousEventId":"1evjgxj0cmq58hi","previousOperationId":"lmapr8zxhmuep4k","operationId":"lmapr8zxhmuep4k","timestamp":1704993230925,"id":"j5o9e82a055s80o"}
