{"type":"operationStart","subtype":"profile","data":{"_id":"ZWPzxPMMlGV6tzlO","timestamp":"2024-01-11T17:31:55.716Z","state":"queued","mode":"standard","creationDate":"2024-01-11T17:31:55.717Z","modificationDate":"2024-01-11T17:31:55.717Z","shortid":"zpZNs6B","$entitySet":"profiles"},"doDiffs":false,"timestamp":1704994315717,"id":"4kvxhprfu8ijdbv","previousOperationId":null,"operationId":"3symk8zf49afd07"}
{"type":"log","level":"info","message":"Render request 149 queued for execution and waiting for available worker","previousOperationId":"3symk8zf49afd07","timestamp":1704994315717,"id":"nvy3zv5z4gjqs71"}
{"type":"operationStart","subtype":"render","name":"User_project","previousOperationId":"3symk8zf49afd07","timestamp":1704994315721,"id":"ybk7lyuakuic9tu","previousEventId":"4kvxhprfu8ijdbv","operationId":"zt5wfax1ub8drfq"}
{"type":"log","timestamp":1704994315721,"level":"info","message":"Starting rendering request 149","meta":{"rootId":"9xbk37fusux3t3j","id":"9xbk37fusux3t3j"},"id":"puq8gbs2i03i296","previousOperationId":"zt5wfax1ub8drfq"}
{"type":"log","timestamp":1704994315721,"level":"info","message":"Rendering template { name: User_project, recipe: chrome-pdf, engine: handlebars, preview: true }","meta":{"rootId":"9xbk37fusux3t3j","id":"9xbk37fusux3t3j"},"id":"82wwpocxroies3n","previousOperationId":"zt5wfax1ub8drfq"}
{"type":"log","timestamp":1704994315721,"level":"debug","message":"Data item not defined for this template.","meta":{"rootId":"9xbk37fusux3t3j","id":"9xbk37fusux3t3j"},"id":"1igfk6teuog6t23","previousOperationId":"zt5wfax1ub8drfq"}
{"type":"log","timestamp":1704994315722,"level":"debug","message":"Executing script usabi-data (beforeRender)","meta":{"rootId":"9xbk37fusux3t3j","id":"9xbk37fusux3t3j"},"id":"c3vjmn939kktar5","previousOperationId":"zt5wfax1ub8drfq"}
{"type":"operationStart","subtype":"scriptsBeforeRender","name":"scripts beforeRender","timestamp":1704994315725,"id":"8hzjjsd6r3ac29y","previousEventId":"ybk7lyuakuic9tu","operationId":"a8g8nmkl1fnwc02","previousOperationId":"zt5wfax1ub8drfq"}
{"type":"operationStart","subtype":"script","name":"scripts usabi-data","previousOperationId":"a8g8nmkl1fnwc02","timestamp":1704994315725,"id":"3rc5b55t7354rbq","previousEventId":"8hzjjsd6r3ac29y","operationId":"78ujg8b5gxhdg87"}
{"type":"operationEnd","operationId":"78ujg8b5gxhdg87","timestamp":1704994315739,"id":"bnm8kdp5twhj0ew","previousEventId":"ybk7lyuakuic9tu","previousOperationId":"zt5wfax1ub8drfq"}
{"type":"log","timestamp":1704994315739,"level":"debug","message":"Executing script orders-script (beforeRender)","meta":{"rootId":"9xbk37fusux3t3j","id":"9xbk37fusux3t3j"},"id":"6ylxbmm59dherzp","previousOperationId":"zt5wfax1ub8drfq"}
{"type":"operationStart","subtype":"script","name":"scripts orders-script","previousOperationId":"a8g8nmkl1fnwc02","timestamp":1704994315743,"id":"0wpfchvtvp4m2yl","previousEventId":"bnm8kdp5twhj0ew","operationId":"odsojeutgcxajnm"}
{"type":"operationEnd","operationId":"odsojeutgcxajnm","timestamp":1704994317155,"id":"be1szil955j989j","previousEventId":"bnm8kdp5twhj0ew","previousOperationId":"zt5wfax1ub8drfq"}
{"type":"operationEnd","operationId":"a8g8nmkl1fnwc02","timestamp":1704994317156,"id":"7dxzmzenstgbljy","previousEventId":"be1szil955j989j","previousOperationId":"zt5wfax1ub8drfq"}
{"type":"log","timestamp":1704994317156,"level":"debug","message":"Base url not specified, skipping its injection.","meta":{"rootId":"9xbk37fusux3t3j","id":"9xbk37fusux3t3j"},"id":"gaxhy1vcoe2pwpy","previousOperationId":"a8g8nmkl1fnwc02"}
{"type":"operationStart","subtype":"engine","name":"handlebars","timestamp":1704994317156,"id":"c21d530wqknumz6","previousEventId":"7dxzmzenstgbljy","operationId":"5bq0y1m0s5cdr8m","previousOperationId":"a8g8nmkl1fnwc02"}
{"type":"log","timestamp":1704994317156,"level":"debug","message":"Rendering engine handlebars","meta":{"rootId":"9xbk37fusux3t3j","id":"9xbk37fusux3t3j"},"id":"xcz034bi56fgywt","previousOperationId":"5bq0y1m0s5cdr8m"}
{"type":"operationEnd","operationId":"5bq0y1m0s5cdr8m","timestamp":1704994317172,"id":"0u0ta68y0c8jmow","previousEventId":"c21d530wqknumz6","previousOperationId":"5bq0y1m0s5cdr8m"}
{"type":"operationStart","subtype":"recipe","name":"chrome-pdf","timestamp":1704994317172,"id":"y2bhccdzrvnn08s","previousEventId":"0u0ta68y0c8jmow","operationId":"338ip2bomgyawyl","previousOperationId":"5bq0y1m0s5cdr8m"}
{"type":"log","timestamp":1704994317172,"level":"debug","message":"Executing recipe chrome-pdf","meta":{"rootId":"9xbk37fusux3t3j","id":"9xbk37fusux3t3j"},"id":"nzy13cxj2ujhxe1","previousOperationId":"338ip2bomgyawyl"}
{"type":"log","timestamp":1704994317174,"level":"debug","message":"Converting with chrome HeadlessChrome/117.0.5938.149 using chrome-pool strategy","meta":{"rootId":"9xbk37fusux3t3j","id":"9xbk37fusux3t3j"},"id":"ds0ccg6ktqzrqh7","previousOperationId":"338ip2bomgyawyl"}
{"type":"log","timestamp":1704994317203,"level":"debug","message":"Page request: GET (document) file:///tmp/jsreport/autocleanup/d7f1a3a6-3283-445a-a925-96fae19c5c1e-chrome-pdf.html","meta":{"rootId":"9xbk37fusux3t3j","id":"9xbk37fusux3t3j"},"id":"h0z6g2d29ur44wq","previousOperationId":"338ip2bomgyawyl"}
{"type":"log","timestamp":1704994317210,"level":"debug","message":"Page request: GET (script) https://cdn.jsdelivr.net/npm/chart.js","meta":{"rootId":"9xbk37fusux3t3j","id":"9xbk37fusux3t3j"},"id":"2bvsvcowi86v65f","previousOperationId":"338ip2bomgyawyl"}
{"type":"log","timestamp":1704994317210,"level":"debug","message":"Page request finished: GET (document) 200 file:///tmp/jsreport/autocleanup/d7f1a3a6-3283-445a-a925-96fae19c5c1e-chrome-pdf.html","meta":{"rootId":"9xbk37fusux3t3j","id":"9xbk37fusux3t3j"},"id":"95ty3hyby926f2y","previousOperationId":"338ip2bomgyawyl"}
{"type":"log","timestamp":1704994317213,"level":"debug","message":"Page request finished: GET (script) 200 https://cdn.jsdelivr.net/npm/chart.js","meta":{"rootId":"9xbk37fusux3t3j","id":"9xbk37fusux3t3j"},"id":"76djs5zxi6tzcl9","previousOperationId":"338ip2bomgyawyl"}
{"type":"log","timestamp":1704994317216,"level":"warn","message":"Page error: Unexpected identifier 'Object' , stack: SyntaxError: Unexpected identifier 'Object'","meta":{"rootId":"9xbk37fusux3t3j","id":"9xbk37fusux3t3j"},"id":"kljvgoq1y8ocs25","previousOperationId":"338ip2bomgyawyl"}
{"type":"log","timestamp":1704994317219,"level":"debug","message":"Running chrome with params {\"printBackground\":true,\"timeout\":58543,\"margin\":{}}","meta":{"rootId":"9xbk37fusux3t3j","id":"9xbk37fusux3t3j"},"id":"w66a5tqylymwn86","previousOperationId":"338ip2bomgyawyl"}
{"type":"operationEnd","operationId":"338ip2bomgyawyl","timestamp":1704994317228,"id":"vgfc1hpm7t4hj98","previousEventId":"y2bhccdzrvnn08s","previousOperationId":"338ip2bomgyawyl"}
{"type":"log","timestamp":1704994317228,"level":"debug","message":"Skipping storing report.","meta":{"rootId":"9xbk37fusux3t3j","id":"9xbk37fusux3t3j"},"id":"xf2kivcp0rfgjcz","previousOperationId":"338ip2bomgyawyl"}
{"type":"log","timestamp":1704994317228,"level":"info","message":"Rendering request 149 finished in 1512 ms","meta":{"rootId":"9xbk37fusux3t3j","id":"9xbk37fusux3t3j"},"id":"mpe03da2ig9pvje","previousOperationId":"338ip2bomgyawyl"}
{"type":"operationEnd","subtype":"render","operationId":"zt5wfax1ub8drfq","timestamp":1704994317228,"id":"meny1egdniiq8nu","previousEventId":"vgfc1hpm7t4hj98","previousOperationId":"338ip2bomgyawyl"}
{"type":"operationEnd","doDiffs":false,"previousEventId":"4kvxhprfu8ijdbv","previousOperationId":"3symk8zf49afd07","operationId":"3symk8zf49afd07","timestamp":1704994317230,"id":"rt4go3ll3rwz5nf"}
