{"type":"operationStart","subtype":"profile","data":{"_id":"v9t4kGxj3s9b4Qes","timestamp":"2024-01-11T16:50:19.096Z","state":"queued","mode":"standard","creationDate":"2024-01-11T16:50:19.096Z","modificationDate":"2024-01-11T16:50:19.096Z","shortid":"eGrV2hL","$entitySet":"profiles"},"doDiffs":false,"timestamp":1704991819096,"id":"rmpt6kohvm8k5zj","previousOperationId":null,"operationId":"7bc7jq7ie41zt2q"}
{"type":"log","level":"info","message":"Render request 91 queued for execution and waiting for available worker","previousOperationId":"7bc7jq7ie41zt2q","timestamp":1704991819096,"id":"hwxnzi8b34lklig"}
{"type":"operationStart","subtype":"render","name":"User_project","previousOperationId":"7bc7jq7ie41zt2q","timestamp":1704991819100,"id":"cjgmtr4fs36nftf","previousEventId":"rmpt6kohvm8k5zj","operationId":"emajeee2l1zs2ta"}
{"type":"log","timestamp":1704991819100,"level":"info","message":"Starting rendering request 91","meta":{"rootId":"9zbsl2h8vz9esjr","id":"9zbsl2h8vz9esjr"},"id":"82rstwyfnb9d1c4","previousOperationId":"emajeee2l1zs2ta"}
{"type":"log","timestamp":1704991819100,"level":"info","message":"Rendering template { name: User_project, recipe: chrome-pdf, engine: handlebars, preview: true }","meta":{"rootId":"9zbsl2h8vz9esjr","id":"9zbsl2h8vz9esjr"},"id":"dkom6htxsfql6mz","previousOperationId":"emajeee2l1zs2ta"}
{"type":"log","timestamp":1704991819100,"level":"debug","message":"Data item not defined for this template.","meta":{"rootId":"9zbsl2h8vz9esjr","id":"9zbsl2h8vz9esjr"},"id":"snd4g3nuwgfn7g8","previousOperationId":"emajeee2l1zs2ta"}
{"type":"log","timestamp":1704991819101,"level":"debug","message":"Executing script usabi-data (beforeRender)","meta":{"rootId":"9zbsl2h8vz9esjr","id":"9zbsl2h8vz9esjr"},"id":"r1bmc5w8mk2dnab","previousOperationId":"emajeee2l1zs2ta"}
{"type":"operationStart","subtype":"scriptsBeforeRender","name":"scripts beforeRender","timestamp":1704991819105,"id":"91pvwsh143xaz8i","previousEventId":"cjgmtr4fs36nftf","operationId":"6d5toh4kfs36wbl","previousOperationId":"emajeee2l1zs2ta"}
{"type":"operationStart","subtype":"script","name":"scripts usabi-data","previousOperationId":"6d5toh4kfs36wbl","timestamp":1704991819105,"id":"ub0bouxvwl7wfil","previousEventId":"91pvwsh143xaz8i","operationId":"ezzi70ts19bhzrr"}
{"type":"operationEnd","operationId":"ezzi70ts19bhzrr","timestamp":1704991819114,"id":"y9juoz9uuq7bnd7","previousEventId":"cjgmtr4fs36nftf","previousOperationId":"emajeee2l1zs2ta"}
{"type":"operationEnd","operationId":"6d5toh4kfs36wbl","timestamp":1704991819114,"id":"i11zxdu6nulom36","previousEventId":"y9juoz9uuq7bnd7","previousOperationId":"emajeee2l1zs2ta"}
{"type":"log","timestamp":1704991819114,"level":"debug","message":"Base url not specified, skipping its injection.","meta":{"rootId":"9zbsl2h8vz9esjr","id":"9zbsl2h8vz9esjr"},"id":"jxpm28ist9475xr","previousOperationId":"6d5toh4kfs36wbl"}
{"type":"operationStart","subtype":"engine","name":"handlebars","timestamp":1704991819114,"id":"kbc6g7qe1k64v0c","previousEventId":"i11zxdu6nulom36","operationId":"vq0zhmdpj8ofggx","previousOperationId":"6d5toh4kfs36wbl"}
{"type":"log","timestamp":1704991819114,"level":"debug","message":"Rendering engine handlebars","meta":{"rootId":"9zbsl2h8vz9esjr","id":"9zbsl2h8vz9esjr"},"id":"708gqk4jkgoe0p2","previousOperationId":"vq0zhmdpj8ofggx"}
{"type":"operationEnd","operationId":"vq0zhmdpj8ofggx","timestamp":1704991819122,"id":"bind6dl61xgspb7","previousEventId":"kbc6g7qe1k64v0c","previousOperationId":"vq0zhmdpj8ofggx"}
{"type":"operationStart","subtype":"recipe","name":"chrome-pdf","timestamp":1704991819122,"id":"0grvyixuklq287p","previousEventId":"bind6dl61xgspb7","operationId":"c6rn5udfi11pny2","previousOperationId":"vq0zhmdpj8ofggx"}
{"type":"log","timestamp":1704991819122,"level":"debug","message":"Executing recipe chrome-pdf","meta":{"rootId":"9zbsl2h8vz9esjr","id":"9zbsl2h8vz9esjr"},"id":"yhjcp9yf58bbgj1","previousOperationId":"c6rn5udfi11pny2"}
{"type":"log","timestamp":1704991819124,"level":"debug","message":"Converting with chrome HeadlessChrome/117.0.5938.149 using chrome-pool strategy","meta":{"rootId":"9zbsl2h8vz9esjr","id":"9zbsl2h8vz9esjr"},"id":"gq755d8y6pag2s9","previousOperationId":"c6rn5udfi11pny2"}
{"type":"log","timestamp":1704991819155,"level":"debug","message":"Page request: GET (document) file:///tmp/jsreport/autocleanup/5887d96d-22b2-4072-9b55-ffdd7788f3bf-chrome-pdf.html","meta":{"rootId":"9zbsl2h8vz9esjr","id":"9zbsl2h8vz9esjr"},"id":"qxu7ftknegqgcmp","previousOperationId":"c6rn5udfi11pny2"}
{"type":"log","timestamp":1704991819164,"level":"debug","message":"Page request: GET (script) https://cdn.jsdelivr.net/npm/chart.js","meta":{"rootId":"9zbsl2h8vz9esjr","id":"9zbsl2h8vz9esjr"},"id":"t5ctnfd5t4s02gz","previousOperationId":"c6rn5udfi11pny2"}
{"type":"log","timestamp":1704991819164,"level":"debug","message":"Page request finished: GET (document) 200 file:///tmp/jsreport/autocleanup/5887d96d-22b2-4072-9b55-ffdd7788f3bf-chrome-pdf.html","meta":{"rootId":"9zbsl2h8vz9esjr","id":"9zbsl2h8vz9esjr"},"id":"ho448ryxx4p3azl","previousOperationId":"c6rn5udfi11pny2"}
{"type":"log","timestamp":1704991819169,"level":"debug","message":"Page request finished: GET (script) 200 https://cdn.jsdelivr.net/npm/chart.js","meta":{"rootId":"9zbsl2h8vz9esjr","id":"9zbsl2h8vz9esjr"},"id":"jvc0nyb7mrjh5g0","previousOperationId":"c6rn5udfi11pny2"}
{"type":"log","timestamp":1704991819211,"level":"debug","message":"Running chrome with params {\"printBackground\":true,\"timeout\":59973,\"margin\":{}}","meta":{"rootId":"9zbsl2h8vz9esjr","id":"9zbsl2h8vz9esjr"},"id":"ob1zd2eye2zlm8a","previousOperationId":"c6rn5udfi11pny2"}
{"type":"operationEnd","operationId":"c6rn5udfi11pny2","timestamp":1704991819228,"id":"02f4h9rta3vlvfb","previousEventId":"0grvyixuklq287p","previousOperationId":"c6rn5udfi11pny2"}
{"type":"log","timestamp":1704991819228,"level":"debug","message":"Skipping storing report.","meta":{"rootId":"9zbsl2h8vz9esjr","id":"9zbsl2h8vz9esjr"},"id":"mz73aptdtf9vun3","previousOperationId":"c6rn5udfi11pny2"}
{"type":"log","timestamp":1704991819229,"level":"info","message":"Rendering request 91 finished in 133 ms","meta":{"rootId":"9zbsl2h8vz9esjr","id":"9zbsl2h8vz9esjr"},"id":"04ksu1j075db0bd","previousOperationId":"c6rn5udfi11pny2"}
{"type":"operationEnd","subtype":"render","operationId":"emajeee2l1zs2ta","timestamp":1704991819229,"id":"ecz2whwlnhvj46l","previousEventId":"02f4h9rta3vlvfb","previousOperationId":"c6rn5udfi11pny2"}
{"type":"operationEnd","doDiffs":false,"previousEventId":"rmpt6kohvm8k5zj","previousOperationId":"7bc7jq7ie41zt2q","operationId":"7bc7jq7ie41zt2q","timestamp":1704991819230,"id":"07sl3dbnc4sl4qb"}
