{"type":"operationStart","subtype":"profile","data":{"_id":"aU4KEVKkZ4WKtRoo","timestamp":"2024-01-11T18:11:17.574Z","state":"queued","mode":"standard","creationDate":"2024-01-11T18:11:17.575Z","modificationDate":"2024-01-11T18:11:17.575Z","shortid":"wCK0CMZ","$entitySet":"profiles"},"doDiffs":false,"timestamp":1704996677575,"id":"5nbb6ya87kf3hea","previousOperationId":null,"operationId":"qz5egrrzgud6yd6"}
{"type":"log","level":"info","message":"Render request 51 queued for execution and waiting for available worker","previousOperationId":"qz5egrrzgud6yd6","timestamp":1704996677575,"id":"t063eoh7pb58ivf"}
{"type":"operationStart","subtype":"render","name":"User_project","previousOperationId":"qz5egrrzgud6yd6","timestamp":1704996677579,"id":"8pv6xcyxttxwzjp","previousEventId":"5nbb6ya87kf3hea","operationId":"6vvokirivw2zfe9"}
{"type":"log","timestamp":1704996677579,"level":"info","message":"Starting rendering request 51","meta":{"rootId":"9zomt49cs3xd2v1","id":"9zomt49cs3xd2v1"},"id":"587qinl04c5beq9","previousOperationId":"6vvokirivw2zfe9"}
{"type":"log","timestamp":1704996677580,"level":"info","message":"Rendering template { name: User_project, recipe: chrome-pdf, engine: handlebars, preview: true }","meta":{"rootId":"9zomt49cs3xd2v1","id":"9zomt49cs3xd2v1"},"id":"fucef817ji904p5","previousOperationId":"6vvokirivw2zfe9"}
{"type":"log","timestamp":1704996677581,"level":"debug","message":"Data item not defined for this template.","meta":{"rootId":"9zomt49cs3xd2v1","id":"9zomt49cs3xd2v1"},"id":"l3pw8bgst46uje8","previousOperationId":"6vvokirivw2zfe9"}
{"type":"log","timestamp":1704996677582,"level":"debug","message":"Executing script usabi-data (beforeRender)","meta":{"rootId":"9zomt49cs3xd2v1","id":"9zomt49cs3xd2v1"},"id":"2r9tix948sz2lve","previousOperationId":"6vvokirivw2zfe9"}
{"type":"operationStart","subtype":"scriptsBeforeRender","name":"scripts beforeRender","timestamp":1704996677586,"id":"prl2sbn5eza8r9i","previousEventId":"8pv6xcyxttxwzjp","operationId":"f7yq67dj2yp2knz","previousOperationId":"6vvokirivw2zfe9"}
{"type":"operationStart","subtype":"script","name":"scripts usabi-data","previousOperationId":"f7yq67dj2yp2knz","timestamp":1704996677586,"id":"1kskb6sz36yqgft","previousEventId":"prl2sbn5eza8r9i","operationId":"dxxrqyyj7avtxw8"}
{"type":"operationEnd","operationId":"dxxrqyyj7avtxw8","timestamp":1704996677598,"id":"p8289bgpndsocwq","previousEventId":"8pv6xcyxttxwzjp","previousOperationId":"6vvokirivw2zfe9"}
{"type":"log","timestamp":1704996677598,"level":"debug","message":"Executing script orders-script (beforeRender)","meta":{"rootId":"9zomt49cs3xd2v1","id":"9zomt49cs3xd2v1"},"id":"n0ap4o57x1g3iod","previousOperationId":"6vvokirivw2zfe9"}
{"type":"operationStart","subtype":"script","name":"scripts orders-script","previousOperationId":"f7yq67dj2yp2knz","timestamp":1704996677602,"id":"yn1gp0sk22sbcte","previousEventId":"p8289bgpndsocwq","operationId":"kbztqby8vjibd49"}
{"type":"operationEnd","operationId":"kbztqby8vjibd49","timestamp":1704996678988,"id":"oapj83geaz2n4rl","previousEventId":"p8289bgpndsocwq","previousOperationId":"6vvokirivw2zfe9"}
{"type":"operationEnd","operationId":"f7yq67dj2yp2knz","timestamp":1704996678988,"id":"oychy010id2zo3v","previousEventId":"oapj83geaz2n4rl","previousOperationId":"6vvokirivw2zfe9"}
{"type":"log","timestamp":1704996678988,"level":"debug","message":"Base url not specified, skipping its injection.","meta":{"rootId":"9zomt49cs3xd2v1","id":"9zomt49cs3xd2v1"},"id":"cbcz1afd5ds9ret","previousOperationId":"f7yq67dj2yp2knz"}
{"type":"operationStart","subtype":"engine","name":"handlebars","timestamp":1704996678988,"id":"17ksvs6mslt8h6u","previousEventId":"oychy010id2zo3v","operationId":"2o8b126qbc9apbz","previousOperationId":"f7yq67dj2yp2knz"}
{"type":"log","timestamp":1704996678988,"level":"debug","message":"Rendering engine handlebars","meta":{"rootId":"9zomt49cs3xd2v1","id":"9zomt49cs3xd2v1"},"id":"0x5n9697n180nqz","previousOperationId":"2o8b126qbc9apbz"}
{"type":"operationEnd","operationId":"2o8b126qbc9apbz","timestamp":1704996679004,"id":"e76187s5jwl3x6q","previousEventId":"17ksvs6mslt8h6u","previousOperationId":"2o8b126qbc9apbz"}
{"type":"operationStart","subtype":"recipe","name":"chrome-pdf","timestamp":1704996679004,"id":"m4zi0hijmx57y6a","previousEventId":"e76187s5jwl3x6q","operationId":"ha7orcxq3q3ku0m","previousOperationId":"2o8b126qbc9apbz"}
{"type":"log","timestamp":1704996679004,"level":"debug","message":"Executing recipe chrome-pdf","meta":{"rootId":"9zomt49cs3xd2v1","id":"9zomt49cs3xd2v1"},"id":"0x9jd2vkdw2voqr","previousOperationId":"ha7orcxq3q3ku0m"}
{"type":"log","timestamp":1704996679006,"level":"debug","message":"Converting with chrome HeadlessChrome/117.0.5938.149 using chrome-pool strategy","meta":{"rootId":"9zomt49cs3xd2v1","id":"9zomt49cs3xd2v1"},"id":"d7rc9jqiaxkbmis","previousOperationId":"ha7orcxq3q3ku0m"}
{"type":"log","timestamp":1704996679040,"level":"debug","message":"Page request: GET (document) file:///tmp/jsreport/autocleanup/dd524e17-24d8-4c12-8c1f-182bfed8fd94-chrome-pdf.html","meta":{"rootId":"9zomt49cs3xd2v1","id":"9zomt49cs3xd2v1"},"id":"ioagdzr45u4ff1h","previousOperationId":"ha7orcxq3q3ku0m"}
{"type":"log","timestamp":1704996679048,"level":"debug","message":"Page request: GET (script) https://cdn.jsdelivr.net/npm/chart.js","meta":{"rootId":"9zomt49cs3xd2v1","id":"9zomt49cs3xd2v1"},"id":"2d12m21uoo4vx3f","previousOperationId":"ha7orcxq3q3ku0m"}
{"type":"log","timestamp":1704996679049,"level":"debug","message":"Page request finished: GET (document) 200 file:///tmp/jsreport/autocleanup/dd524e17-24d8-4c12-8c1f-182bfed8fd94-chrome-pdf.html","meta":{"rootId":"9zomt49cs3xd2v1","id":"9zomt49cs3xd2v1"},"id":"ncwugrve7jeieyf","previousOperationId":"ha7orcxq3q3ku0m"}
{"type":"log","timestamp":1704996679059,"level":"debug","message":"Page request finished: GET (script) 200 https://cdn.jsdelivr.net/npm/chart.js","meta":{"rootId":"9zomt49cs3xd2v1","id":"9zomt49cs3xd2v1"},"id":"qq2e7zusgg4s14g","previousOperationId":"ha7orcxq3q3ku0m"}
{"type":"log","timestamp":1704996679063,"level":"warn","message":"Page error: Unexpected identifier 'Object' , stack: SyntaxError: Unexpected identifier 'Object'","meta":{"rootId":"9zomt49cs3xd2v1","id":"9zomt49cs3xd2v1"},"id":"zivyxse2hmyoafd","previousOperationId":"ha7orcxq3q3ku0m"}
{"type":"log","timestamp":1704996679065,"level":"debug","message":"Running chrome with params {\"printBackground\":true,\"timeout\":58569,\"margin\":{}}","meta":{"rootId":"9zomt49cs3xd2v1","id":"9zomt49cs3xd2v1"},"id":"1ut5e9mvz3l1pve","previousOperationId":"ha7orcxq3q3ku0m"}
{"type":"operationEnd","operationId":"ha7orcxq3q3ku0m","timestamp":1704996679077,"id":"ijzz3m3fdy9wq4t","previousEventId":"m4zi0hijmx57y6a","previousOperationId":"ha7orcxq3q3ku0m"}
{"type":"log","timestamp":1704996679077,"level":"debug","message":"Skipping storing report.","meta":{"rootId":"9zomt49cs3xd2v1","id":"9zomt49cs3xd2v1"},"id":"sn21huyepnl7xzu","previousOperationId":"ha7orcxq3q3ku0m"}
{"type":"log","timestamp":1704996679077,"level":"info","message":"Rendering request 51 finished in 1503 ms","meta":{"rootId":"9zomt49cs3xd2v1","id":"9zomt49cs3xd2v1"},"id":"ph7sgw30u51h6dx","previousOperationId":"ha7orcxq3q3ku0m"}
{"type":"operationEnd","subtype":"render","operationId":"6vvokirivw2zfe9","timestamp":1704996679077,"id":"7ef17l1mfehtqbt","previousEventId":"ijzz3m3fdy9wq4t","previousOperationId":"ha7orcxq3q3ku0m"}
{"type":"operationEnd","doDiffs":false,"previousEventId":"5nbb6ya87kf3hea","previousOperationId":"qz5egrrzgud6yd6","operationId":"qz5egrrzgud6yd6","timestamp":1704996679080,"id":"8v51z6s1dvlex7p"}
