{"type":"operationStart","subtype":"profile","data":{"_id":"uHE5fg0NhlBoJlmA","timestamp":"2024-01-10T20:20:41.876Z","state":"queued","mode":"standard","creationDate":"2024-01-10T20:20:41.877Z","modificationDate":"2024-01-10T20:20:41.877Z","shortid":"kYDwVVF","$entitySet":"profiles"},"doDiffs":false,"timestamp":1704918041877,"id":"2ir2v0iarqd6jr2","previousOperationId":null,"operationId":"foxdckmytuxwzfq"}
{"type":"log","level":"info","message":"Render request 5 queued for execution and waiting for available worker","previousOperationId":"foxdckmytuxwzfq","timestamp":1704918041877,"id":"tyloq7azqq5dcll"}
{"type":"operationStart","subtype":"render","name":"User_project","previousOperationId":"foxdckmytuxwzfq","timestamp":1704918041882,"id":"dcql3dacnytx555","previousEventId":"2ir2v0iarqd6jr2","operationId":"uyreckhk97dd8hx"}
{"type":"log","timestamp":1704918041882,"level":"info","message":"Starting rendering request 5","meta":{"rootId":"a02ck7yzjp9pplh","id":"a02ck7yzjp9pplh"},"id":"ecjbb3a7iyi57z8","previousOperationId":"uyreckhk97dd8hx"}
{"type":"log","timestamp":1704918041882,"level":"info","message":"Rendering template { name: User_project, recipe: chrome-pdf, engine: handlebars, preview: true }","meta":{"rootId":"a02ck7yzjp9pplh","id":"a02ck7yzjp9pplh"},"id":"mwri694987vsljp","previousOperationId":"uyreckhk97dd8hx"}
{"type":"log","timestamp":1704918041882,"level":"debug","message":"Data item not defined for this template.","meta":{"rootId":"a02ck7yzjp9pplh","id":"a02ck7yzjp9pplh"},"id":"jecqafnh4rlbd05","previousOperationId":"uyreckhk97dd8hx"}
{"type":"log","timestamp":1704918041884,"level":"debug","message":"Executing script usabi-data (beforeRender)","meta":{"rootId":"a02ck7yzjp9pplh","id":"a02ck7yzjp9pplh"},"id":"mxozsvx0ovcx3hk","previousOperationId":"uyreckhk97dd8hx"}
{"type":"operationStart","subtype":"scriptsBeforeRender","name":"scripts beforeRender","timestamp":1704918041892,"id":"b3c3slpi0r9mat3","previousEventId":"dcql3dacnytx555","operationId":"s76pmeyyddivz0u","previousOperationId":"uyreckhk97dd8hx"}
{"type":"operationStart","subtype":"script","name":"scripts usabi-data","previousOperationId":"s76pmeyyddivz0u","timestamp":1704918041892,"id":"9hrli536u1jrjri","previousEventId":"b3c3slpi0r9mat3","operationId":"1g73v7z92r1kvcn"}
{"type":"operationEnd","operationId":"1g73v7z92r1kvcn","timestamp":1704918041908,"id":"0ao0uppqwaklm2s","previousEventId":"dcql3dacnytx555","previousOperationId":"uyreckhk97dd8hx"}
{"type":"operationEnd","operationId":"s76pmeyyddivz0u","timestamp":1704918041908,"id":"zdgwaoqzn9hveqt","previousEventId":"0ao0uppqwaklm2s","previousOperationId":"uyreckhk97dd8hx"}
{"type":"log","timestamp":1704918041908,"level":"debug","message":"Base url not specified, skipping its injection.","meta":{"rootId":"a02ck7yzjp9pplh","id":"a02ck7yzjp9pplh"},"id":"f7qqmfal59v0xb7","previousOperationId":"s76pmeyyddivz0u"}
{"type":"operationStart","subtype":"engine","name":"handlebars","timestamp":1704918041908,"id":"1r0sfey3yyzveqp","previousEventId":"zdgwaoqzn9hveqt","operationId":"9iiom1plpt2j29q","previousOperationId":"s76pmeyyddivz0u"}
{"type":"log","timestamp":1704918041908,"level":"debug","message":"Rendering engine handlebars","meta":{"rootId":"a02ck7yzjp9pplh","id":"a02ck7yzjp9pplh"},"id":"hxzilujr3b5s759","previousOperationId":"9iiom1plpt2j29q"}
{"type":"operationEnd","operationId":"9iiom1plpt2j29q","timestamp":1704918041920,"id":"rw36lf90rizjh2e","previousEventId":"1r0sfey3yyzveqp","previousOperationId":"9iiom1plpt2j29q"}
{"type":"operationStart","subtype":"recipe","name":"chrome-pdf","timestamp":1704918041920,"id":"r71kxec9vs7ok5a","previousEventId":"rw36lf90rizjh2e","operationId":"oda4wy0jfejqzzx","previousOperationId":"9iiom1plpt2j29q"}
{"type":"log","timestamp":1704918041920,"level":"debug","message":"Executing recipe chrome-pdf","meta":{"rootId":"a02ck7yzjp9pplh","id":"a02ck7yzjp9pplh"},"id":"7i2gj1nzon3icpn","previousOperationId":"oda4wy0jfejqzzx"}
{"type":"log","timestamp":1704918041923,"level":"debug","message":"Converting with chrome HeadlessChrome/117.0.5938.149 using chrome-pool strategy","meta":{"rootId":"a02ck7yzjp9pplh","id":"a02ck7yzjp9pplh"},"id":"0qc2ber8brwkwg6","previousOperationId":"oda4wy0jfejqzzx"}
{"type":"log","timestamp":1704918041960,"level":"debug","message":"Page request: GET (document) file:///tmp/jsreport/autocleanup/128ce158-e868-4f88-8450-87a3a9cdb54a-chrome-pdf.html","meta":{"rootId":"a02ck7yzjp9pplh","id":"a02ck7yzjp9pplh"},"id":"2c4ttfr8nxi3bbb","previousOperationId":"oda4wy0jfejqzzx"}
{"type":"log","timestamp":1704918041968,"level":"debug","message":"Page request finished: GET (document) 200 file:///tmp/jsreport/autocleanup/128ce158-e868-4f88-8450-87a3a9cdb54a-chrome-pdf.html","meta":{"rootId":"a02ck7yzjp9pplh","id":"a02ck7yzjp9pplh"},"id":"jyuwpen2f6cjsl1","previousOperationId":"oda4wy0jfejqzzx"}
{"type":"log","timestamp":1704918041971,"level":"debug","message":"Running chrome with params {\"printBackground\":true,\"timeout\":59955,\"margin\":{}}","meta":{"rootId":"a02ck7yzjp9pplh","id":"a02ck7yzjp9pplh"},"id":"mrbcwzu7jn4uiot","previousOperationId":"oda4wy0jfejqzzx"}
{"type":"operationEnd","operationId":"oda4wy0jfejqzzx","timestamp":1704918041980,"id":"vv27jagpvon46q3","previousEventId":"r71kxec9vs7ok5a","previousOperationId":"oda4wy0jfejqzzx"}
{"type":"log","timestamp":1704918041980,"level":"debug","message":"Skipping storing report.","meta":{"rootId":"a02ck7yzjp9pplh","id":"a02ck7yzjp9pplh"},"id":"t7qu6ryi7qadi6n","previousOperationId":"oda4wy0jfejqzzx"}
{"type":"log","timestamp":1704918041980,"level":"info","message":"Rendering request 5 finished in 104 ms","meta":{"rootId":"a02ck7yzjp9pplh","id":"a02ck7yzjp9pplh"},"id":"mzddtzpnmidyw53","previousOperationId":"oda4wy0jfejqzzx"}
{"type":"operationEnd","subtype":"render","operationId":"uyreckhk97dd8hx","timestamp":1704918041980,"id":"yv829m0920ar0hj","previousEventId":"vv27jagpvon46q3","previousOperationId":"oda4wy0jfejqzzx"}
{"type":"operationEnd","doDiffs":false,"previousEventId":"2ir2v0iarqd6jr2","previousOperationId":"foxdckmytuxwzfq","operationId":"foxdckmytuxwzfq","timestamp":1704918041983,"id":"hwe5vwgo76vy254"}
