{"type":"operationStart","subtype":"profile","data":{"_id":"UOT3OCmP52c22MI4","timestamp":"2024-01-11T18:12:57.041Z","state":"queued","mode":"standard","creationDate":"2024-01-11T18:12:57.041Z","modificationDate":"2024-01-11T18:12:57.041Z","shortid":"rMwN8F6","$entitySet":"profiles"},"doDiffs":false,"timestamp":1704996777041,"id":"u1qw0h1f2o7jfts","previousOperationId":null,"operationId":"hovne7c0of7j6r6"}
{"type":"log","level":"info","message":"Render request 53 queued for execution and waiting for available worker","previousOperationId":"hovne7c0of7j6r6","timestamp":1704996777041,"id":"xasen7pct3tcgne"}
{"type":"operationStart","subtype":"render","name":"User_project","previousOperationId":"hovne7c0of7j6r6","timestamp":1704996777046,"id":"fitrlypwevcz1jb","previousEventId":"u1qw0h1f2o7jfts","operationId":"565mfjumo1ekqic"}
{"type":"log","timestamp":1704996777046,"level":"info","message":"Starting rendering request 53","meta":{"rootId":"a09x19t1ht3e4n6","id":"a09x19t1ht3e4n6"},"id":"ntk9049tenth32o","previousOperationId":"565mfjumo1ekqic"}
{"type":"log","timestamp":1704996777046,"level":"info","message":"Rendering template { name: User_project, recipe: chrome-pdf, engine: handlebars, preview: true }","meta":{"rootId":"a09x19t1ht3e4n6","id":"a09x19t1ht3e4n6"},"id":"yob5p11l84rrizg","previousOperationId":"565mfjumo1ekqic"}
{"type":"log","timestamp":1704996777046,"level":"debug","message":"Data item not defined for this template.","meta":{"rootId":"a09x19t1ht3e4n6","id":"a09x19t1ht3e4n6"},"id":"uub67fse3yb9tv6","previousOperationId":"565mfjumo1ekqic"}
{"type":"log","timestamp":1704996777048,"level":"debug","message":"Executing script usabi-data (beforeRender)","meta":{"rootId":"a09x19t1ht3e4n6","id":"a09x19t1ht3e4n6"},"id":"8bqwr5uy3fsg040","previousOperationId":"565mfjumo1ekqic"}
{"type":"operationStart","subtype":"scriptsBeforeRender","name":"scripts beforeRender","timestamp":1704996777051,"id":"uglakczzm48cobd","previousEventId":"fitrlypwevcz1jb","operationId":"gmo14gdpjtcgixz","previousOperationId":"565mfjumo1ekqic"}
{"type":"operationStart","subtype":"script","name":"scripts usabi-data","previousOperationId":"gmo14gdpjtcgixz","timestamp":1704996777051,"id":"uwwkzc1dhhitsi6","previousEventId":"uglakczzm48cobd","operationId":"96g9nmsnn6hip9q"}
{"type":"operationEnd","operationId":"96g9nmsnn6hip9q","timestamp":1704996777065,"id":"013efcyv9pf1sej","previousEventId":"fitrlypwevcz1jb","previousOperationId":"565mfjumo1ekqic"}
{"type":"log","timestamp":1704996777065,"level":"debug","message":"Executing script orders-script (beforeRender)","meta":{"rootId":"a09x19t1ht3e4n6","id":"a09x19t1ht3e4n6"},"id":"4lcf5mho8sw874a","previousOperationId":"565mfjumo1ekqic"}
{"type":"operationStart","subtype":"script","name":"scripts orders-script","previousOperationId":"gmo14gdpjtcgixz","timestamp":1704996777068,"id":"jsnbtzh2gw0s9f0","previousEventId":"013efcyv9pf1sej","operationId":"ge8k3xms2r9elq3"}
{"type":"operationEnd","operationId":"ge8k3xms2r9elq3","timestamp":1704996778491,"id":"06colhg45myic85","previousEventId":"013efcyv9pf1sej","previousOperationId":"565mfjumo1ekqic"}
{"type":"operationEnd","operationId":"gmo14gdpjtcgixz","timestamp":1704996778491,"id":"09hahu7l5uveyak","previousEventId":"06colhg45myic85","previousOperationId":"565mfjumo1ekqic"}
{"type":"log","timestamp":1704996778491,"level":"debug","message":"Base url not specified, skipping its injection.","meta":{"rootId":"a09x19t1ht3e4n6","id":"a09x19t1ht3e4n6"},"id":"nr272liww1epzyp","previousOperationId":"gmo14gdpjtcgixz"}
{"type":"operationStart","subtype":"engine","name":"handlebars","timestamp":1704996778491,"id":"z46dji8l4chtdvh","previousEventId":"09hahu7l5uveyak","operationId":"fkcbcdutsrhk6qo","previousOperationId":"gmo14gdpjtcgixz"}
{"type":"log","timestamp":1704996778491,"level":"debug","message":"Rendering engine handlebars","meta":{"rootId":"a09x19t1ht3e4n6","id":"a09x19t1ht3e4n6"},"id":"vnvp0lkt7p35j0h","previousOperationId":"fkcbcdutsrhk6qo"}
{"type":"operationEnd","operationId":"fkcbcdutsrhk6qo","timestamp":1704996778500,"id":"sd46e1bhktko2hp","previousEventId":"z46dji8l4chtdvh","previousOperationId":"fkcbcdutsrhk6qo"}
{"type":"operationStart","subtype":"recipe","name":"chrome-pdf","timestamp":1704996778500,"id":"y0twdsqxug6weis","previousEventId":"sd46e1bhktko2hp","operationId":"j9bq5go4wa308ah","previousOperationId":"fkcbcdutsrhk6qo"}
{"type":"log","timestamp":1704996778500,"level":"debug","message":"Executing recipe chrome-pdf","meta":{"rootId":"a09x19t1ht3e4n6","id":"a09x19t1ht3e4n6"},"id":"vrbq9o5grsx0q2h","previousOperationId":"j9bq5go4wa308ah"}
{"type":"log","timestamp":1704996778503,"level":"debug","message":"Converting with chrome HeadlessChrome/117.0.5938.149 using chrome-pool strategy","meta":{"rootId":"a09x19t1ht3e4n6","id":"a09x19t1ht3e4n6"},"id":"8xdqeshvc3moth7","previousOperationId":"j9bq5go4wa308ah"}
{"type":"log","timestamp":1704996778538,"level":"debug","message":"Page request: GET (document) file:///tmp/jsreport/autocleanup/e3687f93-3ccb-4d66-9dd5-27241919a18a-chrome-pdf.html","meta":{"rootId":"a09x19t1ht3e4n6","id":"a09x19t1ht3e4n6"},"id":"p9m479dziavz931","previousOperationId":"j9bq5go4wa308ah"}
{"type":"log","timestamp":1704996778546,"level":"debug","message":"Page request: GET (script) https://cdn.jsdelivr.net/npm/chart.js","meta":{"rootId":"a09x19t1ht3e4n6","id":"a09x19t1ht3e4n6"},"id":"8ttlcp96riovmdo","previousOperationId":"j9bq5go4wa308ah"}
{"type":"log","timestamp":1704996778546,"level":"debug","message":"Page request finished: GET (document) 200 file:///tmp/jsreport/autocleanup/e3687f93-3ccb-4d66-9dd5-27241919a18a-chrome-pdf.html","meta":{"rootId":"a09x19t1ht3e4n6","id":"a09x19t1ht3e4n6"},"id":"dvjzoeyr2oyjra3","previousOperationId":"j9bq5go4wa308ah"}
{"type":"log","timestamp":1704996778549,"level":"debug","message":"Page request finished: GET (script) 200 https://cdn.jsdelivr.net/npm/chart.js","meta":{"rootId":"a09x19t1ht3e4n6","id":"a09x19t1ht3e4n6"},"id":"dz43df62cmkkkap","previousOperationId":"j9bq5go4wa308ah"}
{"type":"log","timestamp":1704996778553,"level":"warn","message":"Page error: Unexpected identifier 'Object' , stack: SyntaxError: Unexpected identifier 'Object'","meta":{"rootId":"a09x19t1ht3e4n6","id":"a09x19t1ht3e4n6"},"id":"p56u9cqkkw0dv2k","previousOperationId":"j9bq5go4wa308ah"}
{"type":"log","timestamp":1704996778557,"level":"debug","message":"Running chrome with params {\"printBackground\":true,\"timeout\":58540,\"margin\":{}}","meta":{"rootId":"a09x19t1ht3e4n6","id":"a09x19t1ht3e4n6"},"id":"alskd91lmlvfczz","previousOperationId":"j9bq5go4wa308ah"}
{"type":"operationEnd","operationId":"j9bq5go4wa308ah","timestamp":1704996778567,"id":"rljfsw1io4phsuo","previousEventId":"y0twdsqxug6weis","previousOperationId":"j9bq5go4wa308ah"}
{"type":"log","timestamp":1704996778567,"level":"debug","message":"Skipping storing report.","meta":{"rootId":"a09x19t1ht3e4n6","id":"a09x19t1ht3e4n6"},"id":"ofrt5vjjfqlokrw","previousOperationId":"j9bq5go4wa308ah"}
{"type":"log","timestamp":1704996778567,"level":"info","message":"Rendering request 53 finished in 1526 ms","meta":{"rootId":"a09x19t1ht3e4n6","id":"a09x19t1ht3e4n6"},"id":"mzl8bxtlvtyqkhn","previousOperationId":"j9bq5go4wa308ah"}
{"type":"operationEnd","subtype":"render","operationId":"565mfjumo1ekqic","timestamp":1704996778567,"id":"5pmefvgvjbt177d","previousEventId":"rljfsw1io4phsuo","previousOperationId":"j9bq5go4wa308ah"}
{"type":"operationEnd","doDiffs":false,"previousEventId":"u1qw0h1f2o7jfts","previousOperationId":"hovne7c0of7j6r6","operationId":"hovne7c0of7j6r6","timestamp":1704996778572,"id":"cfwruse0oej0sfn"}
