{"type":"operationStart","subtype":"profile","data":{"_id":"nYkj3OtttiO6LZQG","timestamp":"2024-01-11T18:53:06.127Z","state":"queued","mode":"standard","creationDate":"2024-01-11T18:53:06.127Z","modificationDate":"2024-01-11T18:53:06.127Z","shortid":"DJtDewQ","$entitySet":"profiles"},"doDiffs":false,"timestamp":1704999186127,"id":"b7zp6wfaezaxr74","previousOperationId":null,"operationId":"1uikw19z8cacpfz"}
{"type":"log","level":"info","message":"Render request 48 queued for execution and waiting for available worker","previousOperationId":"1uikw19z8cacpfz","timestamp":1704999186127,"id":"34ft4f2vx3jmihp"}
{"type":"operationStart","subtype":"render","name":"User_project","previousOperationId":"1uikw19z8cacpfz","timestamp":1704999186130,"id":"g1298l12mx43b1n","previousEventId":"b7zp6wfaezaxr74","operationId":"vlxqlwu2u3lbc4c"}
{"type":"log","timestamp":1704999186130,"level":"info","message":"Starting rendering request 48","meta":{"rootId":"a7ecm53pec6oz88","id":"a7ecm53pec6oz88"},"id":"iod7jgsogwv3w5f","previousOperationId":"vlxqlwu2u3lbc4c"}
{"type":"log","timestamp":1704999186131,"level":"info","message":"Rendering template { name: User_project, recipe: chrome-pdf, engine: handlebars, preview: true }","meta":{"rootId":"a7ecm53pec6oz88","id":"a7ecm53pec6oz88"},"id":"pd59tfr9ga6rf3e","previousOperationId":"vlxqlwu2u3lbc4c"}
{"type":"log","timestamp":1704999186131,"level":"debug","message":"Data item not defined for this template.","meta":{"rootId":"a7ecm53pec6oz88","id":"a7ecm53pec6oz88"},"id":"p6xg6yjx0vkejet","previousOperationId":"vlxqlwu2u3lbc4c"}
{"type":"log","timestamp":1704999186133,"level":"debug","message":"Executing script usabi-data (beforeRender)","meta":{"rootId":"a7ecm53pec6oz88","id":"a7ecm53pec6oz88"},"id":"2ikh99kred6w96g","previousOperationId":"vlxqlwu2u3lbc4c"}
{"type":"operationStart","subtype":"scriptsBeforeRender","name":"scripts beforeRender","timestamp":1704999186136,"id":"z2027119x53ty2q","previousEventId":"g1298l12mx43b1n","operationId":"6phlrjvmlk9ptjy","previousOperationId":"vlxqlwu2u3lbc4c"}
{"type":"operationStart","subtype":"script","name":"scripts usabi-data","previousOperationId":"6phlrjvmlk9ptjy","timestamp":1704999186136,"id":"iu7btjwtl63a3v7","previousEventId":"z2027119x53ty2q","operationId":"dcusn2bbq3mc7i6"}
{"type":"operationEnd","operationId":"dcusn2bbq3mc7i6","timestamp":1704999186152,"id":"dlhpyk2dm6q03t1","previousEventId":"g1298l12mx43b1n","previousOperationId":"vlxqlwu2u3lbc4c"}
{"type":"log","timestamp":1704999186152,"level":"debug","message":"Executing script orders-script (beforeRender)","meta":{"rootId":"a7ecm53pec6oz88","id":"a7ecm53pec6oz88"},"id":"1y1ybc2s8017t4i","previousOperationId":"vlxqlwu2u3lbc4c"}
{"type":"operationStart","subtype":"script","name":"scripts orders-script","previousOperationId":"6phlrjvmlk9ptjy","timestamp":1704999186155,"id":"ph1za122axtp8op","previousEventId":"dlhpyk2dm6q03t1","operationId":"8m4v8fy5ax8p40s"}
{"type":"operationEnd","operationId":"8m4v8fy5ax8p40s","timestamp":1704999187533,"id":"2e2dh6d66cdpp5q","previousEventId":"dlhpyk2dm6q03t1","previousOperationId":"vlxqlwu2u3lbc4c"}
{"type":"operationEnd","operationId":"6phlrjvmlk9ptjy","timestamp":1704999187534,"id":"vv43as1kps5hiam","previousEventId":"2e2dh6d66cdpp5q","previousOperationId":"vlxqlwu2u3lbc4c"}
{"type":"log","timestamp":1704999187534,"level":"debug","message":"Base url not specified, skipping its injection.","meta":{"rootId":"a7ecm53pec6oz88","id":"a7ecm53pec6oz88"},"id":"ujli4re37zpnqru","previousOperationId":"6phlrjvmlk9ptjy"}
{"type":"operationStart","subtype":"engine","name":"handlebars","timestamp":1704999187534,"id":"4wi6a7srt22vzn0","previousEventId":"vv43as1kps5hiam","operationId":"nmorfp1b88ssydr","previousOperationId":"6phlrjvmlk9ptjy"}
{"type":"log","timestamp":1704999187534,"level":"debug","message":"Rendering engine handlebars","meta":{"rootId":"a7ecm53pec6oz88","id":"a7ecm53pec6oz88"},"id":"1v3vm151hxp9mic","previousOperationId":"nmorfp1b88ssydr"}
{"type":"operationEnd","operationId":"nmorfp1b88ssydr","timestamp":1704999187548,"id":"f3kd0ytyr316mcf","previousEventId":"4wi6a7srt22vzn0","previousOperationId":"nmorfp1b88ssydr"}
{"type":"operationStart","subtype":"recipe","name":"chrome-pdf","timestamp":1704999187549,"id":"0s61c2nvqgn6wfu","previousEventId":"f3kd0ytyr316mcf","operationId":"2yap3cipnnoy3mt","previousOperationId":"nmorfp1b88ssydr"}
{"type":"log","timestamp":1704999187549,"level":"debug","message":"Executing recipe chrome-pdf","meta":{"rootId":"a7ecm53pec6oz88","id":"a7ecm53pec6oz88"},"id":"6gnd8vbqqcp2jss","previousOperationId":"2yap3cipnnoy3mt"}
{"type":"log","timestamp":1704999187551,"level":"debug","message":"Converting with chrome HeadlessChrome/117.0.5938.149 using chrome-pool strategy","meta":{"rootId":"a7ecm53pec6oz88","id":"a7ecm53pec6oz88"},"id":"gfxg94l70r5t9m3","previousOperationId":"2yap3cipnnoy3mt"}
{"type":"log","timestamp":1704999187594,"level":"debug","message":"Page request: GET (document) file:///tmp/jsreport/autocleanup/8c3113ff-8bd7-478d-b38a-d23996f774cd-chrome-pdf.html","meta":{"rootId":"a7ecm53pec6oz88","id":"a7ecm53pec6oz88"},"id":"y2osvs8y7qywz0x","previousOperationId":"2yap3cipnnoy3mt"}
{"type":"log","timestamp":1704999187600,"level":"debug","message":"Page request: GET (script) https://cdn.jsdelivr.net/npm/chart.js","meta":{"rootId":"a7ecm53pec6oz88","id":"a7ecm53pec6oz88"},"id":"8dvfr4iwtjcplm5","previousOperationId":"2yap3cipnnoy3mt"}
{"type":"log","timestamp":1704999187600,"level":"debug","message":"Page request finished: GET (document) 200 file:///tmp/jsreport/autocleanup/8c3113ff-8bd7-478d-b38a-d23996f774cd-chrome-pdf.html","meta":{"rootId":"a7ecm53pec6oz88","id":"a7ecm53pec6oz88"},"id":"8g8ayfwz2mz071t","previousOperationId":"2yap3cipnnoy3mt"}
{"type":"log","timestamp":1704999187603,"level":"debug","message":"Page request finished: GET (script) 200 https://cdn.jsdelivr.net/npm/chart.js","meta":{"rootId":"a7ecm53pec6oz88","id":"a7ecm53pec6oz88"},"id":"npk1iitlpu9vqz8","previousOperationId":"2yap3cipnnoy3mt"}
{"type":"log","timestamp":1704999187641,"level":"debug","message":"Running chrome with params {\"printBackground\":true,\"timeout\":58576,\"margin\":{}}","meta":{"rootId":"a7ecm53pec6oz88","id":"a7ecm53pec6oz88"},"id":"ly2ptj67be7g6wf","previousOperationId":"2yap3cipnnoy3mt"}
{"type":"operationEnd","operationId":"2yap3cipnnoy3mt","timestamp":1704999187689,"id":"edplow92feq2e9f","previousEventId":"0s61c2nvqgn6wfu","previousOperationId":"2yap3cipnnoy3mt"}
{"type":"log","timestamp":1704999187689,"level":"debug","message":"Skipping storing report.","meta":{"rootId":"a7ecm53pec6oz88","id":"a7ecm53pec6oz88"},"id":"cmbyf2au02wnexo","previousOperationId":"2yap3cipnnoy3mt"}
{"type":"log","timestamp":1704999187689,"level":"info","message":"Rendering request 48 finished in 1563 ms","meta":{"rootId":"a7ecm53pec6oz88","id":"a7ecm53pec6oz88"},"id":"opo746jidwap3em","previousOperationId":"2yap3cipnnoy3mt"}
{"type":"operationEnd","subtype":"render","operationId":"vlxqlwu2u3lbc4c","timestamp":1704999187689,"id":"qsxjq0e6r0sdddg","previousEventId":"edplow92feq2e9f","previousOperationId":"2yap3cipnnoy3mt"}
{"type":"operationEnd","doDiffs":false,"previousEventId":"b7zp6wfaezaxr74","previousOperationId":"1uikw19z8cacpfz","operationId":"1uikw19z8cacpfz","timestamp":1704999187691,"id":"yp56plwy43tqs9i"}
