{"type":"operationStart","subtype":"profile","data":{"_id":"obk2p8C4m8k23vQm","timestamp":"2024-01-11T16:02:10.019Z","state":"queued","mode":"standard","creationDate":"2024-01-11T16:02:10.022Z","modificationDate":"2024-01-11T16:02:10.022Z","shortid":"KE_zfOa","$entitySet":"profiles"},"doDiffs":false,"timestamp":1704988930020,"id":"nmbdyidfvvcxyze","previousOperationId":null,"operationId":"x2r9plz1580ivcx"}
{"type":"log","level":"info","message":"Render request 1 queued for execution and waiting for available worker","previousOperationId":"x2r9plz1580ivcx","timestamp":1704988930021,"id":"0n2gds4pnvhkwq5"}
{"type":"operationStart","subtype":"render","name":"User_project","previousOperationId":"x2r9plz1580ivcx","timestamp":1704988930041,"id":"ulftz7cernpq5ui","previousEventId":"nmbdyidfvvcxyze","operationId":"x9of060tbafebgi"}
{"type":"log","timestamp":1704988930041,"level":"info","message":"Starting rendering request 1","meta":{"rootId":"a8awkapv88g65d9","id":"a8awkapv88g65d9"},"id":"njgumcc03l67wjf","previousOperationId":"x9of060tbafebgi"}
{"type":"log","timestamp":1704988930042,"level":"info","message":"Rendering template { name: User_project, recipe: chrome-pdf, engine: handlebars, preview: true }","meta":{"rootId":"a8awkapv88g65d9","id":"a8awkapv88g65d9"},"id":"swiz43pb5qkdcrn","previousOperationId":"x9of060tbafebgi"}
{"type":"log","timestamp":1704988930043,"level":"debug","message":"Data item not defined for this template.","meta":{"rootId":"a8awkapv88g65d9","id":"a8awkapv88g65d9"},"id":"a3tfni79f2mf3eh","previousOperationId":"x9of060tbafebgi"}
{"type":"log","timestamp":1704988930045,"level":"debug","message":"Executing script usabi-data (beforeRender)","meta":{"rootId":"a8awkapv88g65d9","id":"a8awkapv88g65d9"},"id":"ajqxym5v2n2exdy","previousOperationId":"x9of060tbafebgi"}
{"type":"operationStart","subtype":"scriptsBeforeRender","name":"scripts beforeRender","timestamp":1704988930171,"id":"ef9phfumiydvryj","previousEventId":"ulftz7cernpq5ui","operationId":"2xz1g1siv6wnjvu","previousOperationId":"x9of060tbafebgi"}
{"type":"operationStart","subtype":"script","name":"scripts usabi-data","previousOperationId":"2xz1g1siv6wnjvu","timestamp":1704988930171,"id":"35l584ion1mvou2","previousEventId":"ef9phfumiydvryj","operationId":"1y5qv9nchcmrpkc"}
{"type":"operationEnd","operationId":"1y5qv9nchcmrpkc","timestamp":1704988930478,"id":"01jbjma0v98mo43","previousEventId":"ulftz7cernpq5ui","previousOperationId":"x9of060tbafebgi"}
{"type":"operationEnd","operationId":"2xz1g1siv6wnjvu","timestamp":1704988930478,"id":"adllpbcv3ntvh60","previousEventId":"01jbjma0v98mo43","previousOperationId":"x9of060tbafebgi"}
{"type":"log","timestamp":1704988930478,"level":"debug","message":"Base url not specified, skipping its injection.","meta":{"rootId":"a8awkapv88g65d9","id":"a8awkapv88g65d9"},"id":"bdbr85xqmhffket","previousOperationId":"2xz1g1siv6wnjvu"}
{"type":"operationStart","subtype":"engine","name":"handlebars","timestamp":1704988930479,"id":"iheu7ghheg3j49h","previousEventId":"adllpbcv3ntvh60","operationId":"ufxpjuji28agkha","previousOperationId":"2xz1g1siv6wnjvu"}
{"type":"log","timestamp":1704988930479,"level":"debug","message":"Rendering engine handlebars","meta":{"rootId":"a8awkapv88g65d9","id":"a8awkapv88g65d9"},"id":"dyba7s4q04b9q5n","previousOperationId":"ufxpjuji28agkha"}
{"type":"operationEnd","operationId":"ufxpjuji28agkha","timestamp":1704988930659,"id":"dw6sgxkc28sieqf","previousEventId":"iheu7ghheg3j49h","previousOperationId":"ufxpjuji28agkha"}
{"type":"operationStart","subtype":"recipe","name":"chrome-pdf","timestamp":1704988930659,"id":"9ake76nl2qaz2fl","previousEventId":"dw6sgxkc28sieqf","operationId":"1uogins0ldo9nsa","previousOperationId":"ufxpjuji28agkha"}
{"type":"log","timestamp":1704988930659,"level":"debug","message":"Executing recipe chrome-pdf","meta":{"rootId":"a8awkapv88g65d9","id":"a8awkapv88g65d9"},"id":"b93y5q6j2e2bhvf","previousOperationId":"1uogins0ldo9nsa"}
{"type":"log","timestamp":1704988930934,"level":"debug","message":"Converting with chrome HeadlessChrome/117.0.5938.149 using chrome-pool strategy","meta":{"rootId":"a8awkapv88g65d9","id":"a8awkapv88g65d9"},"id":"qhbj0f75pf0ncye","previousOperationId":"1uogins0ldo9nsa"}
{"type":"log","timestamp":1704988931084,"level":"debug","message":"Page request: GET (document) file:///tmp/jsreport/autocleanup/979e334c-c624-4609-894b-acec3182d0dd-chrome-pdf.html","meta":{"rootId":"a8awkapv88g65d9","id":"a8awkapv88g65d9"},"id":"myq0lnkaalcq1my","previousOperationId":"1uogins0ldo9nsa"}
{"type":"log","timestamp":1704988931092,"level":"debug","message":"Page request finished: GET (document) 200 file:///tmp/jsreport/autocleanup/979e334c-c624-4609-894b-acec3182d0dd-chrome-pdf.html","meta":{"rootId":"a8awkapv88g65d9","id":"a8awkapv88g65d9"},"id":"8cb4xsbpikws9jy","previousOperationId":"1uogins0ldo9nsa"}
{"type":"log","timestamp":1704988931097,"level":"debug","message":"Running chrome with params {\"printBackground\":true,\"timeout\":59216,\"margin\":{}}","meta":{"rootId":"a8awkapv88g65d9","id":"a8awkapv88g65d9"},"id":"ymb19cka26bo8fm","previousOperationId":"1uogins0ldo9nsa"}
{"type":"operationEnd","operationId":"1uogins0ldo9nsa","timestamp":1704988931111,"id":"4l0kmutyc61xdfp","previousEventId":"9ake76nl2qaz2fl","previousOperationId":"1uogins0ldo9nsa"}
{"type":"log","timestamp":1704988931112,"level":"debug","message":"Skipping storing report.","meta":{"rootId":"a8awkapv88g65d9","id":"a8awkapv88g65d9"},"id":"rb3q2s05g3qtfff","previousOperationId":"1uogins0ldo9nsa"}
{"type":"log","timestamp":1704988931112,"level":"info","message":"Rendering request 1 finished in 1093 ms","meta":{"rootId":"a8awkapv88g65d9","id":"a8awkapv88g65d9"},"id":"w0bik41h1jdpjw0","previousOperationId":"1uogins0ldo9nsa"}
{"type":"operationEnd","subtype":"render","operationId":"x9of060tbafebgi","timestamp":1704988931112,"id":"cxcq9sj2l00cb0p","previousEventId":"4l0kmutyc61xdfp","previousOperationId":"1uogins0ldo9nsa"}
{"type":"operationEnd","doDiffs":false,"previousEventId":"nmbdyidfvvcxyze","previousOperationId":"x2r9plz1580ivcx","operationId":"x2r9plz1580ivcx","timestamp":1704988931115,"id":"oz8nq85j7v9024c"}
