{"type":"operationStart","subtype":"profile","data":{"_id":"VF9RZFRDXuAOWntM","timestamp":"2024-01-11T16:49:53.345Z","state":"queued","mode":"standard","creationDate":"2024-01-11T16:49:53.346Z","modificationDate":"2024-01-11T16:49:53.346Z","shortid":"IYuIOwP","$entitySet":"profiles"},"doDiffs":false,"timestamp":1704991793346,"id":"3l0m4x38zfjaagz","previousOperationId":null,"operationId":"3apz2m79jvm308m"}
{"type":"log","level":"info","message":"Render request 88 queued for execution and waiting for available worker","previousOperationId":"3apz2m79jvm308m","timestamp":1704991793346,"id":"121p6nzkoppdiux"}
{"type":"operationStart","subtype":"render","name":"User_project","previousOperationId":"3apz2m79jvm308m","timestamp":1704991793350,"id":"hpfsxwi2v124jkw","previousEventId":"3l0m4x38zfjaagz","operationId":"2js5cd2oj1qy3uy"}
{"type":"log","timestamp":1704991793350,"level":"info","message":"Starting rendering request 88","meta":{"rootId":"admi4iyygdj42i0","id":"admi4iyygdj42i0"},"id":"y6ar5ph5xcxst9z","previousOperationId":"2js5cd2oj1qy3uy"}
{"type":"log","timestamp":1704991793350,"level":"info","message":"Rendering template { name: User_project, recipe: chrome-pdf, engine: handlebars, preview: true }","meta":{"rootId":"admi4iyygdj42i0","id":"admi4iyygdj42i0"},"id":"92u8v5hsznqpw7t","previousOperationId":"2js5cd2oj1qy3uy"}
{"type":"log","timestamp":1704991793350,"level":"debug","message":"Data item not defined for this template.","meta":{"rootId":"admi4iyygdj42i0","id":"admi4iyygdj42i0"},"id":"28xf0mdwf0jfvwi","previousOperationId":"2js5cd2oj1qy3uy"}
{"type":"log","timestamp":1704991793352,"level":"debug","message":"Executing script usabi-data (beforeRender)","meta":{"rootId":"admi4iyygdj42i0","id":"admi4iyygdj42i0"},"id":"lqanq6mhu8g3vz5","previousOperationId":"2js5cd2oj1qy3uy"}
{"type":"operationStart","subtype":"scriptsBeforeRender","name":"scripts beforeRender","timestamp":1704991793355,"id":"8min50x5roul1rs","previousEventId":"hpfsxwi2v124jkw","operationId":"ikrdhx4wr7v6s2y","previousOperationId":"2js5cd2oj1qy3uy"}
{"type":"operationStart","subtype":"script","name":"scripts usabi-data","previousOperationId":"ikrdhx4wr7v6s2y","timestamp":1704991793355,"id":"v9eeim9uzuvq0pk","previousEventId":"8min50x5roul1rs","operationId":"3l93ptlimzeus35"}
{"type":"operationEnd","operationId":"3l93ptlimzeus35","timestamp":1704991793368,"id":"jbxfirghiucry6e","previousEventId":"hpfsxwi2v124jkw","previousOperationId":"2js5cd2oj1qy3uy"}
{"type":"operationEnd","operationId":"ikrdhx4wr7v6s2y","timestamp":1704991793368,"id":"z8x2tlb3d8ma81w","previousEventId":"jbxfirghiucry6e","previousOperationId":"2js5cd2oj1qy3uy"}
{"type":"log","timestamp":1704991793368,"level":"debug","message":"Base url not specified, skipping its injection.","meta":{"rootId":"admi4iyygdj42i0","id":"admi4iyygdj42i0"},"id":"fa0fk6bom7lsa8r","previousOperationId":"ikrdhx4wr7v6s2y"}
{"type":"operationStart","subtype":"engine","name":"handlebars","timestamp":1704991793368,"id":"6jyzr78ay1mhsqg","previousEventId":"z8x2tlb3d8ma81w","operationId":"ijitnw85837iav8","previousOperationId":"ikrdhx4wr7v6s2y"}
{"type":"log","timestamp":1704991793368,"level":"debug","message":"Rendering engine handlebars","meta":{"rootId":"admi4iyygdj42i0","id":"admi4iyygdj42i0"},"id":"2fr1aawm7j3cpj1","previousOperationId":"ijitnw85837iav8"}
{"type":"operationEnd","operationId":"ijitnw85837iav8","timestamp":1704991793377,"id":"go23k96n3brgyb5","previousEventId":"6jyzr78ay1mhsqg","previousOperationId":"ijitnw85837iav8"}
{"type":"operationStart","subtype":"recipe","name":"chrome-pdf","timestamp":1704991793377,"id":"w3u04wsscscx9gv","previousEventId":"go23k96n3brgyb5","operationId":"elpvod3fkicpzx5","previousOperationId":"ijitnw85837iav8"}
{"type":"log","timestamp":1704991793377,"level":"debug","message":"Executing recipe chrome-pdf","meta":{"rootId":"admi4iyygdj42i0","id":"admi4iyygdj42i0"},"id":"o1ftvch19uo1yz2","previousOperationId":"elpvod3fkicpzx5"}
{"type":"log","timestamp":1704991793378,"level":"debug","message":"Converting with chrome HeadlessChrome/117.0.5938.149 using chrome-pool strategy","meta":{"rootId":"admi4iyygdj42i0","id":"admi4iyygdj42i0"},"id":"1s0x778clw2hdhv","previousOperationId":"elpvod3fkicpzx5"}
{"type":"log","timestamp":1704991793406,"level":"debug","message":"Page request: GET (document) file:///tmp/jsreport/autocleanup/834d0925-5aa3-4aa0-bd32-914d5c642572-chrome-pdf.html","meta":{"rootId":"admi4iyygdj42i0","id":"admi4iyygdj42i0"},"id":"lsspbaej2u4g190","previousOperationId":"elpvod3fkicpzx5"}
{"type":"log","timestamp":1704991793413,"level":"debug","message":"Page request: GET (script) https://cdn.jsdelivr.net/npm/chart.js","meta":{"rootId":"admi4iyygdj42i0","id":"admi4iyygdj42i0"},"id":"puda6a4db9ucybf","previousOperationId":"elpvod3fkicpzx5"}
{"type":"log","timestamp":1704991793414,"level":"debug","message":"Page request finished: GET (document) 200 file:///tmp/jsreport/autocleanup/834d0925-5aa3-4aa0-bd32-914d5c642572-chrome-pdf.html","meta":{"rootId":"admi4iyygdj42i0","id":"admi4iyygdj42i0"},"id":"sgvvqqn22xn2xwh","previousOperationId":"elpvod3fkicpzx5"}
{"type":"log","timestamp":1704991793417,"level":"debug","message":"Page request finished: GET (script) 200 https://cdn.jsdelivr.net/npm/chart.js","meta":{"rootId":"admi4iyygdj42i0","id":"admi4iyygdj42i0"},"id":"4k93liki88up74o","previousOperationId":"elpvod3fkicpzx5"}
{"type":"log","timestamp":1704991793462,"level":"debug","message":"Running chrome with params {\"printBackground\":true,\"timeout\":59968,\"margin\":{}}","meta":{"rootId":"admi4iyygdj42i0","id":"admi4iyygdj42i0"},"id":"chc32wbjwh72wty","previousOperationId":"elpvod3fkicpzx5"}
{"type":"operationEnd","operationId":"elpvod3fkicpzx5","timestamp":1704991793478,"id":"6px01pcbh96eyir","previousEventId":"w3u04wsscscx9gv","previousOperationId":"elpvod3fkicpzx5"}
{"type":"log","timestamp":1704991793478,"level":"debug","message":"Skipping storing report.","meta":{"rootId":"admi4iyygdj42i0","id":"admi4iyygdj42i0"},"id":"aargorq1stgj4k7","previousOperationId":"elpvod3fkicpzx5"}
{"type":"log","timestamp":1704991793478,"level":"info","message":"Rendering request 88 finished in 133 ms","meta":{"rootId":"admi4iyygdj42i0","id":"admi4iyygdj42i0"},"id":"nmh4chw9vrhg7mz","previousOperationId":"elpvod3fkicpzx5"}
{"type":"operationEnd","subtype":"render","operationId":"2js5cd2oj1qy3uy","timestamp":1704991793478,"id":"x6xu9ddcn2b2cxb","previousEventId":"6px01pcbh96eyir","previousOperationId":"elpvod3fkicpzx5"}
{"type":"operationEnd","doDiffs":false,"previousEventId":"3l0m4x38zfjaagz","previousOperationId":"3apz2m79jvm308m","operationId":"3apz2m79jvm308m","timestamp":1704991793481,"id":"xf0oxrdljdsr6hq"}
