{"type":"operationStart","subtype":"profile","data":{"_id":"bNi3vHvLOqA9eLj7","timestamp":"2024-01-11T18:09:24.169Z","state":"queued","mode":"standard","creationDate":"2024-01-11T18:09:24.170Z","modificationDate":"2024-01-11T18:09:24.170Z","shortid":"nxSj8ln","$entitySet":"profiles"},"doDiffs":false,"timestamp":1704996564169,"id":"chz2egn3rl0us82","previousOperationId":null,"operationId":"xg1ntt7n0y4vjpg"}
{"type":"log","level":"info","message":"Render request 48 queued for execution and waiting for available worker","previousOperationId":"xg1ntt7n0y4vjpg","timestamp":1704996564169,"id":"jcggcu5f7g8sr7d"}
{"type":"operationStart","subtype":"render","name":"User_project","previousOperationId":"xg1ntt7n0y4vjpg","timestamp":1704996564174,"id":"s0pvk4mr6tmfv4m","previousEventId":"chz2egn3rl0us82","operationId":"yo3jeunvf1yugj4"}
{"type":"log","timestamp":1704996564175,"level":"info","message":"Starting rendering request 48","meta":{"rootId":"adutvo658rsu7rq","id":"adutvo658rsu7rq"},"id":"pla5zxlwuqbtei6","previousOperationId":"yo3jeunvf1yugj4"}
{"type":"log","timestamp":1704996564175,"level":"info","message":"Rendering template { name: User_project, recipe: chrome-pdf, engine: handlebars, preview: true }","meta":{"rootId":"adutvo658rsu7rq","id":"adutvo658rsu7rq"},"id":"h5dudk0zlgb9ez4","previousOperationId":"yo3jeunvf1yugj4"}
{"type":"log","timestamp":1704996564175,"level":"debug","message":"Data item not defined for this template.","meta":{"rootId":"adutvo658rsu7rq","id":"adutvo658rsu7rq"},"id":"kzwg5euoia39r0b","previousOperationId":"yo3jeunvf1yugj4"}
{"type":"log","timestamp":1704996564176,"level":"debug","message":"Executing script usabi-data (beforeRender)","meta":{"rootId":"adutvo658rsu7rq","id":"adutvo658rsu7rq"},"id":"qwh6tcf96ri270v","previousOperationId":"yo3jeunvf1yugj4"}
{"type":"operationStart","subtype":"scriptsBeforeRender","name":"scripts beforeRender","timestamp":1704996564183,"id":"s3mss6173qjyj3j","previousEventId":"s0pvk4mr6tmfv4m","operationId":"ck603wq4q5juq9x","previousOperationId":"yo3jeunvf1yugj4"}
{"type":"operationStart","subtype":"script","name":"scripts usabi-data","previousOperationId":"ck603wq4q5juq9x","timestamp":1704996564183,"id":"xb8ez2j8842aiw5","previousEventId":"s3mss6173qjyj3j","operationId":"rs74lx2fvolso2s"}
{"type":"operationEnd","operationId":"rs74lx2fvolso2s","timestamp":1704996564199,"id":"qe40xtmzgx4s8r4","previousEventId":"s0pvk4mr6tmfv4m","previousOperationId":"yo3jeunvf1yugj4"}
{"type":"log","timestamp":1704996564199,"level":"debug","message":"Executing script orders-script (beforeRender)","meta":{"rootId":"adutvo658rsu7rq","id":"adutvo658rsu7rq"},"id":"zphwmgx90bb9van","previousOperationId":"yo3jeunvf1yugj4"}
{"type":"operationStart","subtype":"script","name":"scripts orders-script","previousOperationId":"ck603wq4q5juq9x","timestamp":1704996564203,"id":"c5n6i0jsrjom0ws","previousEventId":"qe40xtmzgx4s8r4","operationId":"qu7xk6uz960hn6f"}
{"type":"operationEnd","operationId":"qu7xk6uz960hn6f","timestamp":1704996565469,"id":"nh5afpvh8tb1ezz","previousEventId":"qe40xtmzgx4s8r4","previousOperationId":"yo3jeunvf1yugj4"}
{"type":"operationEnd","operationId":"ck603wq4q5juq9x","timestamp":1704996565469,"id":"n38jw7g5zk2j5bt","previousEventId":"nh5afpvh8tb1ezz","previousOperationId":"yo3jeunvf1yugj4"}
{"type":"log","timestamp":1704996565469,"level":"debug","message":"Base url not specified, skipping its injection.","meta":{"rootId":"adutvo658rsu7rq","id":"adutvo658rsu7rq"},"id":"l8wsea3vdi99ign","previousOperationId":"ck603wq4q5juq9x"}
{"type":"operationStart","subtype":"engine","name":"handlebars","timestamp":1704996565469,"id":"qb3oaxm78owyjww","previousEventId":"n38jw7g5zk2j5bt","operationId":"8no8mimfvyb5p8e","previousOperationId":"ck603wq4q5juq9x"}
{"type":"log","timestamp":1704996565469,"level":"debug","message":"Rendering engine handlebars","meta":{"rootId":"adutvo658rsu7rq","id":"adutvo658rsu7rq"},"id":"fxcmu4neu9y7nvc","previousOperationId":"8no8mimfvyb5p8e"}
{"type":"operationEnd","operationId":"8no8mimfvyb5p8e","timestamp":1704996565476,"id":"awqagzf2g1d19we","previousEventId":"qb3oaxm78owyjww","previousOperationId":"8no8mimfvyb5p8e"}
{"type":"operationStart","subtype":"recipe","name":"chrome-pdf","timestamp":1704996565476,"id":"3f0yw86ycwaehzk","previousEventId":"awqagzf2g1d19we","operationId":"kpon4a0ccl0srqh","previousOperationId":"8no8mimfvyb5p8e"}
{"type":"log","timestamp":1704996565476,"level":"debug","message":"Executing recipe chrome-pdf","meta":{"rootId":"adutvo658rsu7rq","id":"adutvo658rsu7rq"},"id":"2nq33dw5v58z5yv","previousOperationId":"kpon4a0ccl0srqh"}
{"type":"log","timestamp":1704996565477,"level":"debug","message":"Converting with chrome HeadlessChrome/117.0.5938.149 using chrome-pool strategy","meta":{"rootId":"adutvo658rsu7rq","id":"adutvo658rsu7rq"},"id":"7cd5sywvyzeb924","previousOperationId":"kpon4a0ccl0srqh"}
{"type":"log","timestamp":1704996565513,"level":"debug","message":"Page request: GET (document) file:///tmp/jsreport/autocleanup/9e15d16b-c97d-4d90-a051-12f64f04e053-chrome-pdf.html","meta":{"rootId":"adutvo658rsu7rq","id":"adutvo658rsu7rq"},"id":"kkgdlgzd69vea60","previousOperationId":"kpon4a0ccl0srqh"}
{"type":"log","timestamp":1704996565520,"level":"debug","message":"Page request: GET (script) https://cdn.jsdelivr.net/npm/chart.js","meta":{"rootId":"adutvo658rsu7rq","id":"adutvo658rsu7rq"},"id":"pik7lz3lz6ou771","previousOperationId":"kpon4a0ccl0srqh"}
{"type":"log","timestamp":1704996565520,"level":"debug","message":"Page request finished: GET (document) 200 file:///tmp/jsreport/autocleanup/9e15d16b-c97d-4d90-a051-12f64f04e053-chrome-pdf.html","meta":{"rootId":"adutvo658rsu7rq","id":"adutvo658rsu7rq"},"id":"sbrmq51934l29qz","previousOperationId":"kpon4a0ccl0srqh"}
{"type":"log","timestamp":1704996565523,"level":"debug","message":"Page request finished: GET (script) 200 https://cdn.jsdelivr.net/npm/chart.js","meta":{"rootId":"adutvo658rsu7rq","id":"adutvo658rsu7rq"},"id":"tn5zrsyfex0vlo0","previousOperationId":"kpon4a0ccl0srqh"}
{"type":"log","timestamp":1704996565526,"level":"warn","message":"Page error: Unexpected identifier 'Object' , stack: SyntaxError: Unexpected identifier 'Object'","meta":{"rootId":"adutvo658rsu7rq","id":"adutvo658rsu7rq"},"id":"rd386yjysrte7jm","previousOperationId":"kpon4a0ccl0srqh"}
{"type":"log","timestamp":1704996565530,"level":"debug","message":"Running chrome with params {\"printBackground\":true,\"timeout\":58693,\"margin\":{}}","meta":{"rootId":"adutvo658rsu7rq","id":"adutvo658rsu7rq"},"id":"38klq1u6t3mlgn0","previousOperationId":"kpon4a0ccl0srqh"}
{"type":"operationEnd","operationId":"kpon4a0ccl0srqh","timestamp":1704996565540,"id":"eno3u16npjynvof","previousEventId":"3f0yw86ycwaehzk","previousOperationId":"kpon4a0ccl0srqh"}
{"type":"log","timestamp":1704996565540,"level":"debug","message":"Skipping storing report.","meta":{"rootId":"adutvo658rsu7rq","id":"adutvo658rsu7rq"},"id":"9u8w61wilcpkn5o","previousOperationId":"kpon4a0ccl0srqh"}
{"type":"log","timestamp":1704996565540,"level":"info","message":"Rendering request 48 finished in 1371 ms","meta":{"rootId":"adutvo658rsu7rq","id":"adutvo658rsu7rq"},"id":"rvk1tg547fcvb0m","previousOperationId":"kpon4a0ccl0srqh"}
{"type":"operationEnd","subtype":"render","operationId":"yo3jeunvf1yugj4","timestamp":1704996565540,"id":"3n6k4ihab60g5s4","previousEventId":"eno3u16npjynvof","previousOperationId":"kpon4a0ccl0srqh"}
{"type":"operationEnd","doDiffs":false,"previousEventId":"chz2egn3rl0us82","previousOperationId":"xg1ntt7n0y4vjpg","operationId":"xg1ntt7n0y4vjpg","timestamp":1704996565545,"id":"b33tbg74p2pm3kf"}
