{"type":"operationStart","subtype":"profile","data":{"_id":"Ru069oFyzuqc3zWN","timestamp":"2024-01-11T18:50:36.726Z","state":"queued","mode":"standard","creationDate":"2024-01-11T18:50:36.727Z","modificationDate":"2024-01-11T18:50:36.727Z","shortid":"t2ZLJop","$entitySet":"profiles"},"doDiffs":false,"timestamp":1704999036727,"id":"w2py914nli3iasm","previousOperationId":null,"operationId":"0a2eqchivbx1w0j"}
{"type":"log","level":"info","message":"Render request 45 queued for execution and waiting for available worker","previousOperationId":"0a2eqchivbx1w0j","timestamp":1704999036727,"id":"as50amc5b25ey7g"}
{"type":"operationStart","subtype":"render","name":"User_project","previousOperationId":"0a2eqchivbx1w0j","timestamp":1704999036731,"id":"1ogpteagn7r5mel","previousEventId":"w2py914nli3iasm","operationId":"fdikwiwvwne5yth"}
{"type":"log","timestamp":1704999036731,"level":"info","message":"Starting rendering request 45","meta":{"rootId":"aop1e18emx29m16","id":"aop1e18emx29m16"},"id":"kezu7wemus6rxq0","previousOperationId":"fdikwiwvwne5yth"}
{"type":"log","timestamp":1704999036731,"level":"info","message":"Rendering template { name: User_project, recipe: chrome-pdf, engine: handlebars, preview: true }","meta":{"rootId":"aop1e18emx29m16","id":"aop1e18emx29m16"},"id":"7gwl4qird90giot","previousOperationId":"fdikwiwvwne5yth"}
{"type":"log","timestamp":1704999036731,"level":"debug","message":"Data item not defined for this template.","meta":{"rootId":"aop1e18emx29m16","id":"aop1e18emx29m16"},"id":"xfpzd11b0xbmy6b","previousOperationId":"fdikwiwvwne5yth"}
{"type":"log","timestamp":1704999036733,"level":"debug","message":"Executing script usabi-data (beforeRender)","meta":{"rootId":"aop1e18emx29m16","id":"aop1e18emx29m16"},"id":"k18dqnrb9ahncpk","previousOperationId":"fdikwiwvwne5yth"}
{"type":"operationStart","subtype":"scriptsBeforeRender","name":"scripts beforeRender","timestamp":1704999036735,"id":"4xrer5wscl2j0pk","previousEventId":"1ogpteagn7r5mel","operationId":"4difp9o9h49hdd4","previousOperationId":"fdikwiwvwne5yth"}
{"type":"operationStart","subtype":"script","name":"scripts usabi-data","previousOperationId":"4difp9o9h49hdd4","timestamp":1704999036735,"id":"ccvjfzlrh0ye4pu","previousEventId":"4xrer5wscl2j0pk","operationId":"3iunwlxen2l4u5c"}
{"type":"operationEnd","operationId":"3iunwlxen2l4u5c","timestamp":1704999036750,"id":"r1k4yhpihjr0aqi","previousEventId":"1ogpteagn7r5mel","previousOperationId":"fdikwiwvwne5yth"}
{"type":"log","timestamp":1704999036750,"level":"debug","message":"Executing script orders-script (beforeRender)","meta":{"rootId":"aop1e18emx29m16","id":"aop1e18emx29m16"},"id":"xsvq47jx5h86u2s","previousOperationId":"fdikwiwvwne5yth"}
{"type":"operationStart","subtype":"script","name":"scripts orders-script","previousOperationId":"4difp9o9h49hdd4","timestamp":1704999036754,"id":"b0jcxo8cr3j9yaz","previousEventId":"r1k4yhpihjr0aqi","operationId":"4revzp4ur0af9no"}
{"type":"operationEnd","operationId":"4revzp4ur0af9no","timestamp":1704999038069,"id":"f7jm3s9111r3r8g","previousEventId":"r1k4yhpihjr0aqi","previousOperationId":"fdikwiwvwne5yth"}
{"type":"operationEnd","operationId":"4difp9o9h49hdd4","timestamp":1704999038069,"id":"5kaby08e7tagiad","previousEventId":"f7jm3s9111r3r8g","previousOperationId":"fdikwiwvwne5yth"}
{"type":"log","timestamp":1704999038069,"level":"debug","message":"Base url not specified, skipping its injection.","meta":{"rootId":"aop1e18emx29m16","id":"aop1e18emx29m16"},"id":"8k9qqh9r57z0kfh","previousOperationId":"4difp9o9h49hdd4"}
{"type":"operationStart","subtype":"engine","name":"handlebars","timestamp":1704999038069,"id":"qr8twstbt8c1s5n","previousEventId":"5kaby08e7tagiad","operationId":"xd7xcpyplsg7t1r","previousOperationId":"4difp9o9h49hdd4"}
{"type":"log","timestamp":1704999038069,"level":"debug","message":"Rendering engine handlebars","meta":{"rootId":"aop1e18emx29m16","id":"aop1e18emx29m16"},"id":"0s7t8kfbcss7orp","previousOperationId":"xd7xcpyplsg7t1r"}
{"type":"operationEnd","operationId":"xd7xcpyplsg7t1r","timestamp":1704999038084,"id":"2rxvr2il5pbmv7s","previousEventId":"qr8twstbt8c1s5n","previousOperationId":"xd7xcpyplsg7t1r"}
{"type":"operationStart","subtype":"recipe","name":"chrome-pdf","timestamp":1704999038085,"id":"dwb8zyp50dgv8k2","previousEventId":"2rxvr2il5pbmv7s","operationId":"2g3fsdmhbmmeudi","previousOperationId":"xd7xcpyplsg7t1r"}
{"type":"log","timestamp":1704999038085,"level":"debug","message":"Executing recipe chrome-pdf","meta":{"rootId":"aop1e18emx29m16","id":"aop1e18emx29m16"},"id":"h4ncq304wo57xyb","previousOperationId":"2g3fsdmhbmmeudi"}
{"type":"log","timestamp":1704999038088,"level":"debug","message":"Converting with chrome HeadlessChrome/117.0.5938.149 using chrome-pool strategy","meta":{"rootId":"aop1e18emx29m16","id":"aop1e18emx29m16"},"id":"6g4zgb2q1r4hjy7","previousOperationId":"2g3fsdmhbmmeudi"}
{"type":"log","timestamp":1704999038118,"level":"debug","message":"Page request: GET (document) file:///tmp/jsreport/autocleanup/2422aa31-637c-44ce-ab62-658721ef246e-chrome-pdf.html","meta":{"rootId":"aop1e18emx29m16","id":"aop1e18emx29m16"},"id":"xgr0h817rhgtvcz","previousOperationId":"2g3fsdmhbmmeudi"}
{"type":"log","timestamp":1704999038124,"level":"debug","message":"Page request: GET (script) https://cdn.jsdelivr.net/npm/chart.js","meta":{"rootId":"aop1e18emx29m16","id":"aop1e18emx29m16"},"id":"37kygh3g2zlya97","previousOperationId":"2g3fsdmhbmmeudi"}
{"type":"log","timestamp":1704999038125,"level":"debug","message":"Page request finished: GET (document) 200 file:///tmp/jsreport/autocleanup/2422aa31-637c-44ce-ab62-658721ef246e-chrome-pdf.html","meta":{"rootId":"aop1e18emx29m16","id":"aop1e18emx29m16"},"id":"5m4c7325ka8x4mz","previousOperationId":"2g3fsdmhbmmeudi"}
{"type":"log","timestamp":1704999038128,"level":"debug","message":"Page request finished: GET (script) 200 https://cdn.jsdelivr.net/npm/chart.js","meta":{"rootId":"aop1e18emx29m16","id":"aop1e18emx29m16"},"id":"2hi8o1b68mifzuj","previousOperationId":"2g3fsdmhbmmeudi"}
{"type":"log","timestamp":1704999038165,"level":"debug","message":"Running chrome with params {\"printBackground\":true,\"timeout\":58639,\"margin\":{}}","meta":{"rootId":"aop1e18emx29m16","id":"aop1e18emx29m16"},"id":"p9wyqc44kp32ii5","previousOperationId":"2g3fsdmhbmmeudi"}
{"type":"operationEnd","operationId":"2g3fsdmhbmmeudi","timestamp":1704999038212,"id":"ucmxby9djdjv315","previousEventId":"dwb8zyp50dgv8k2","previousOperationId":"2g3fsdmhbmmeudi"}
{"type":"log","timestamp":1704999038212,"level":"debug","message":"Skipping storing report.","meta":{"rootId":"aop1e18emx29m16","id":"aop1e18emx29m16"},"id":"8axpt8ef22y9hb0","previousOperationId":"2g3fsdmhbmmeudi"}
{"type":"log","timestamp":1704999038212,"level":"info","message":"Rendering request 45 finished in 1486 ms","meta":{"rootId":"aop1e18emx29m16","id":"aop1e18emx29m16"},"id":"9pjra6bh4yjas53","previousOperationId":"2g3fsdmhbmmeudi"}
{"type":"operationEnd","subtype":"render","operationId":"fdikwiwvwne5yth","timestamp":1704999038212,"id":"trs3dmjmvafunj0","previousEventId":"ucmxby9djdjv315","previousOperationId":"2g3fsdmhbmmeudi"}
{"type":"operationEnd","doDiffs":false,"previousEventId":"w2py914nli3iasm","previousOperationId":"0a2eqchivbx1w0j","operationId":"0a2eqchivbx1w0j","timestamp":1704999038214,"id":"0dfy822d3sfzn8p"}
