{"type":"operationStart","subtype":"profile","data":{"_id":"b4HNp1L0r0466JQa","timestamp":"2024-01-11T18:50:10.657Z","state":"queued","mode":"standard","creationDate":"2024-01-11T18:50:10.657Z","modificationDate":"2024-01-11T18:50:10.657Z","shortid":"hj13-xy","$entitySet":"profiles"},"doDiffs":false,"timestamp":1704999010657,"id":"a1uxknu7ef8x0dv","previousOperationId":null,"operationId":"zmsdircfnongx0r"}
{"type":"log","level":"info","message":"Render request 44 queued for execution and waiting for available worker","previousOperationId":"zmsdircfnongx0r","timestamp":1704999010657,"id":"sig45584gslwfa9"}
{"type":"operationStart","subtype":"render","name":"User_project","previousOperationId":"zmsdircfnongx0r","timestamp":1704999010661,"id":"yx834j2j7gkcqhm","previousEventId":"a1uxknu7ef8x0dv","operationId":"01s9lxl1o71szmy"}
{"type":"log","timestamp":1704999010661,"level":"info","message":"Starting rendering request 44","meta":{"rootId":"assdtsmgnou7a9t","id":"assdtsmgnou7a9t"},"id":"oxzql4i4nbu4puy","previousOperationId":"01s9lxl1o71szmy"}
{"type":"log","timestamp":1704999010661,"level":"info","message":"Rendering template { name: User_project, recipe: chrome-pdf, engine: handlebars, preview: true }","meta":{"rootId":"assdtsmgnou7a9t","id":"assdtsmgnou7a9t"},"id":"8e5mol9zrz4s8qi","previousOperationId":"01s9lxl1o71szmy"}
{"type":"log","timestamp":1704999010661,"level":"debug","message":"Data item not defined for this template.","meta":{"rootId":"assdtsmgnou7a9t","id":"assdtsmgnou7a9t"},"id":"xp8zclavz3fsqki","previousOperationId":"01s9lxl1o71szmy"}
{"type":"log","timestamp":1704999010663,"level":"debug","message":"Executing script usabi-data (beforeRender)","meta":{"rootId":"assdtsmgnou7a9t","id":"assdtsmgnou7a9t"},"id":"zunqfrlh9i1ghs5","previousOperationId":"01s9lxl1o71szmy"}
{"type":"operationStart","subtype":"scriptsBeforeRender","name":"scripts beforeRender","timestamp":1704999010666,"id":"pu6w1po0b6z58mg","previousEventId":"yx834j2j7gkcqhm","operationId":"fz7ho0cj6q99zfv","previousOperationId":"01s9lxl1o71szmy"}
{"type":"operationStart","subtype":"script","name":"scripts usabi-data","previousOperationId":"fz7ho0cj6q99zfv","timestamp":1704999010666,"id":"tk8tzkbzydvhlfm","previousEventId":"pu6w1po0b6z58mg","operationId":"5ebk7nul8q491np"}
{"type":"operationEnd","operationId":"5ebk7nul8q491np","timestamp":1704999010684,"id":"qyampa72yn8vxdz","previousEventId":"yx834j2j7gkcqhm","previousOperationId":"01s9lxl1o71szmy"}
{"type":"log","timestamp":1704999010684,"level":"debug","message":"Executing script orders-script (beforeRender)","meta":{"rootId":"assdtsmgnou7a9t","id":"assdtsmgnou7a9t"},"id":"436jhroxecoa2bj","previousOperationId":"01s9lxl1o71szmy"}
{"type":"operationStart","subtype":"script","name":"scripts orders-script","previousOperationId":"fz7ho0cj6q99zfv","timestamp":1704999010687,"id":"0r1jtrr35k0qjnx","previousEventId":"qyampa72yn8vxdz","operationId":"gjwa5ofzb9o82os"}
{"type":"operationEnd","operationId":"gjwa5ofzb9o82os","timestamp":1704999012221,"id":"z1ty2h6a2ahchbm","previousEventId":"qyampa72yn8vxdz","previousOperationId":"01s9lxl1o71szmy"}
{"type":"operationEnd","operationId":"fz7ho0cj6q99zfv","timestamp":1704999012221,"id":"q7ck3nlomvwy6nv","previousEventId":"z1ty2h6a2ahchbm","previousOperationId":"01s9lxl1o71szmy"}
{"type":"log","timestamp":1704999012221,"level":"debug","message":"Base url not specified, skipping its injection.","meta":{"rootId":"assdtsmgnou7a9t","id":"assdtsmgnou7a9t"},"id":"1t5gmmx3agvn55x","previousOperationId":"fz7ho0cj6q99zfv"}
{"type":"operationStart","subtype":"engine","name":"handlebars","timestamp":1704999012221,"id":"xoxta09u5st8ath","previousEventId":"q7ck3nlomvwy6nv","operationId":"rrq4pe8200b0e3j","previousOperationId":"fz7ho0cj6q99zfv"}
{"type":"log","timestamp":1704999012221,"level":"debug","message":"Rendering engine handlebars","meta":{"rootId":"assdtsmgnou7a9t","id":"assdtsmgnou7a9t"},"id":"51eukza7r93lh5h","previousOperationId":"rrq4pe8200b0e3j"}
{"type":"operationEnd","operationId":"rrq4pe8200b0e3j","timestamp":1704999012227,"id":"ejw955t02qj3qvt","previousEventId":"xoxta09u5st8ath","previousOperationId":"rrq4pe8200b0e3j"}
{"type":"operationStart","subtype":"recipe","name":"chrome-pdf","timestamp":1704999012227,"id":"04a4a05n9tsm599","previousEventId":"ejw955t02qj3qvt","operationId":"gy9dczknyiam0en","previousOperationId":"rrq4pe8200b0e3j"}
{"type":"log","timestamp":1704999012227,"level":"debug","message":"Executing recipe chrome-pdf","meta":{"rootId":"assdtsmgnou7a9t","id":"assdtsmgnou7a9t"},"id":"hkg8qckqj4l60ja","previousOperationId":"gy9dczknyiam0en"}
{"type":"log","timestamp":1704999012228,"level":"debug","message":"Converting with chrome HeadlessChrome/117.0.5938.149 using chrome-pool strategy","meta":{"rootId":"assdtsmgnou7a9t","id":"assdtsmgnou7a9t"},"id":"onh3wk4r8hp2xyf","previousOperationId":"gy9dczknyiam0en"}
{"type":"log","timestamp":1704999012260,"level":"debug","message":"Page request: GET (document) file:///tmp/jsreport/autocleanup/2c3e9e68-db3b-4221-b678-3307431fd61c-chrome-pdf.html","meta":{"rootId":"assdtsmgnou7a9t","id":"assdtsmgnou7a9t"},"id":"h1reth96qpze3ts","previousOperationId":"gy9dczknyiam0en"}
{"type":"log","timestamp":1704999012267,"level":"debug","message":"Page request: GET (script) https://cdn.jsdelivr.net/npm/chart.js","meta":{"rootId":"assdtsmgnou7a9t","id":"assdtsmgnou7a9t"},"id":"7o2o4euq1737w4m","previousOperationId":"gy9dczknyiam0en"}
{"type":"log","timestamp":1704999012268,"level":"debug","message":"Page request finished: GET (document) 200 file:///tmp/jsreport/autocleanup/2c3e9e68-db3b-4221-b678-3307431fd61c-chrome-pdf.html","meta":{"rootId":"assdtsmgnou7a9t","id":"assdtsmgnou7a9t"},"id":"jz6ww5chkwyw9ic","previousOperationId":"gy9dczknyiam0en"}
{"type":"log","timestamp":1704999012271,"level":"debug","message":"Page request finished: GET (script) 200 https://cdn.jsdelivr.net/npm/chart.js","meta":{"rootId":"assdtsmgnou7a9t","id":"assdtsmgnou7a9t"},"id":"32nju8pnd54jhw8","previousOperationId":"gy9dczknyiam0en"}
{"type":"log","timestamp":1704999012312,"level":"debug","message":"Running chrome with params {\"printBackground\":true,\"timeout\":58428,\"margin\":{}}","meta":{"rootId":"assdtsmgnou7a9t","id":"assdtsmgnou7a9t"},"id":"v1z6rcj6dvatgf1","previousOperationId":"gy9dczknyiam0en"}
{"type":"operationEnd","operationId":"gy9dczknyiam0en","timestamp":1704999012359,"id":"u79xa4yilmxfsvj","previousEventId":"04a4a05n9tsm599","previousOperationId":"gy9dczknyiam0en"}
{"type":"log","timestamp":1704999012359,"level":"debug","message":"Skipping storing report.","meta":{"rootId":"assdtsmgnou7a9t","id":"assdtsmgnou7a9t"},"id":"c6lckw8w5mcsdgm","previousOperationId":"gy9dczknyiam0en"}
{"type":"log","timestamp":1704999012359,"level":"info","message":"Rendering request 44 finished in 1703 ms","meta":{"rootId":"assdtsmgnou7a9t","id":"assdtsmgnou7a9t"},"id":"zvxxq395tlvmian","previousOperationId":"gy9dczknyiam0en"}
{"type":"operationEnd","subtype":"render","operationId":"01s9lxl1o71szmy","timestamp":1704999012359,"id":"qakujh3satwhfzi","previousEventId":"u79xa4yilmxfsvj","previousOperationId":"gy9dczknyiam0en"}
{"type":"operationEnd","doDiffs":false,"previousEventId":"a1uxknu7ef8x0dv","previousOperationId":"zmsdircfnongx0r","operationId":"zmsdircfnongx0r","timestamp":1704999012361,"id":"ir7iw142quuyj1p"}
