{"type":"operationStart","subtype":"profile","data":{"_id":"5a4wOJrh9oB79fyo","timestamp":"2024-01-11T16:56:30.298Z","state":"queued","mode":"standard","creationDate":"2024-01-11T16:56:30.299Z","modificationDate":"2024-01-11T16:56:30.299Z","shortid":"5hQCjqI","$entitySet":"profiles"},"doDiffs":false,"timestamp":1704992190299,"id":"z16mjr7vlv7zjhk","previousOperationId":null,"operationId":"ebim894fzul1v42"}
{"type":"log","level":"info","message":"Render request 100 queued for execution and waiting for available worker","previousOperationId":"ebim894fzul1v42","timestamp":1704992190299,"id":"7xcvk5m6a06lg1w"}
{"type":"operationStart","subtype":"render","name":"User_project","previousOperationId":"ebim894fzul1v42","timestamp":1704992190303,"id":"cnacekaweiicmzv","previousEventId":"z16mjr7vlv7zjhk","operationId":"736ewljm0jotddf"}
{"type":"log","timestamp":1704992190303,"level":"info","message":"Starting rendering request 100","meta":{"rootId":"atvgtw8g6kwxvkc","id":"atvgtw8g6kwxvkc"},"id":"os0oxqrhe678dmf","previousOperationId":"736ewljm0jotddf"}
{"type":"log","timestamp":1704992190303,"level":"info","message":"Rendering template { name: User_project, recipe: chrome-pdf, engine: handlebars, preview: true }","meta":{"rootId":"atvgtw8g6kwxvkc","id":"atvgtw8g6kwxvkc"},"id":"sy0uzyogsx9oo8i","previousOperationId":"736ewljm0jotddf"}
{"type":"log","timestamp":1704992190303,"level":"debug","message":"Data item not defined for this template.","meta":{"rootId":"atvgtw8g6kwxvkc","id":"atvgtw8g6kwxvkc"},"id":"j5asbvl2f7xqpmb","previousOperationId":"736ewljm0jotddf"}
{"type":"log","timestamp":1704992190305,"level":"debug","message":"Executing script usabi-data (beforeRender)","meta":{"rootId":"atvgtw8g6kwxvkc","id":"atvgtw8g6kwxvkc"},"id":"uprrbr6czro6njx","previousOperationId":"736ewljm0jotddf"}
{"type":"operationStart","subtype":"scriptsBeforeRender","name":"scripts beforeRender","timestamp":1704992190308,"id":"3eb466ayb23zpfs","previousEventId":"cnacekaweiicmzv","operationId":"btrkm1hycdaqg2c","previousOperationId":"736ewljm0jotddf"}
{"type":"operationStart","subtype":"script","name":"scripts usabi-data","previousOperationId":"btrkm1hycdaqg2c","timestamp":1704992190308,"id":"1t0eo32gq8xtzuk","previousEventId":"3eb466ayb23zpfs","operationId":"25xbaqk3rx8bpov"}
{"type":"operationEnd","operationId":"25xbaqk3rx8bpov","timestamp":1704992190321,"id":"2g7lqhfrn1svago","previousEventId":"cnacekaweiicmzv","previousOperationId":"736ewljm0jotddf"}
{"type":"log","timestamp":1704992190321,"level":"debug","message":"Executing script orders-script (beforeRender)","meta":{"rootId":"atvgtw8g6kwxvkc","id":"atvgtw8g6kwxvkc"},"id":"bgqo0qm6w0xv3c4","previousOperationId":"736ewljm0jotddf"}
{"type":"operationStart","subtype":"script","name":"scripts orders-script","previousOperationId":"btrkm1hycdaqg2c","timestamp":1704992190324,"id":"mmqr1hld72m2r2q","previousEventId":"2g7lqhfrn1svago","operationId":"vztn9dgm3byemwz"}
{"type":"operationEnd","operationId":"vztn9dgm3byemwz","timestamp":1704992191620,"id":"jok9fejjxi0ihom","previousEventId":"2g7lqhfrn1svago","previousOperationId":"736ewljm0jotddf"}
{"type":"operationEnd","operationId":"btrkm1hycdaqg2c","timestamp":1704992191620,"id":"v15dv8n28rwpb5q","previousEventId":"jok9fejjxi0ihom","previousOperationId":"736ewljm0jotddf"}
{"type":"log","timestamp":1704992191621,"level":"debug","message":"Base url not specified, skipping its injection.","meta":{"rootId":"atvgtw8g6kwxvkc","id":"atvgtw8g6kwxvkc"},"id":"481crkt59j7hh5z","previousOperationId":"btrkm1hycdaqg2c"}
{"type":"operationStart","subtype":"engine","name":"handlebars","timestamp":1704992191621,"id":"52s35ytpat766sc","previousEventId":"v15dv8n28rwpb5q","operationId":"wawg6c4bm1yi3sq","previousOperationId":"btrkm1hycdaqg2c"}
{"type":"log","timestamp":1704992191621,"level":"debug","message":"Rendering engine handlebars","meta":{"rootId":"atvgtw8g6kwxvkc","id":"atvgtw8g6kwxvkc"},"id":"u0ne4lhubxfbgiy","previousOperationId":"wawg6c4bm1yi3sq"}
{"type":"operationEnd","operationId":"wawg6c4bm1yi3sq","timestamp":1704992191640,"id":"8z0jw1391hhmgvy","previousEventId":"52s35ytpat766sc","previousOperationId":"wawg6c4bm1yi3sq"}
{"type":"operationStart","subtype":"recipe","name":"chrome-pdf","timestamp":1704992191640,"id":"hp2m48hwlfd1afs","previousEventId":"8z0jw1391hhmgvy","operationId":"jjfxvg1hodznhei","previousOperationId":"wawg6c4bm1yi3sq"}
{"type":"log","timestamp":1704992191640,"level":"debug","message":"Executing recipe chrome-pdf","meta":{"rootId":"atvgtw8g6kwxvkc","id":"atvgtw8g6kwxvkc"},"id":"o81nyneomxio9we","previousOperationId":"jjfxvg1hodznhei"}
{"type":"log","timestamp":1704992191644,"level":"debug","message":"Converting with chrome HeadlessChrome/117.0.5938.149 using chrome-pool strategy","meta":{"rootId":"atvgtw8g6kwxvkc","id":"atvgtw8g6kwxvkc"},"id":"6k9p01wv87htqbq","previousOperationId":"jjfxvg1hodznhei"}
{"type":"log","timestamp":1704992191676,"level":"debug","message":"Page request: GET (document) file:///tmp/jsreport/autocleanup/f9bc2426-5848-49c0-8034-0cc19c845282-chrome-pdf.html","meta":{"rootId":"atvgtw8g6kwxvkc","id":"atvgtw8g6kwxvkc"},"id":"nyvplofgh3or6v2","previousOperationId":"jjfxvg1hodznhei"}
{"type":"log","timestamp":1704992191681,"level":"debug","message":"Page request finished: GET (document) 200 file:///tmp/jsreport/autocleanup/f9bc2426-5848-49c0-8034-0cc19c845282-chrome-pdf.html","meta":{"rootId":"atvgtw8g6kwxvkc","id":"atvgtw8g6kwxvkc"},"id":"qhknhtgsgowr7bq","previousOperationId":"jjfxvg1hodznhei"}
{"type":"log","timestamp":1704992191686,"level":"debug","message":"Running chrome with params {\"printBackground\":true,\"timeout\":58655,\"margin\":{}}","meta":{"rootId":"atvgtw8g6kwxvkc","id":"atvgtw8g6kwxvkc"},"id":"j0mfr4pf9sjscg4","previousOperationId":"jjfxvg1hodznhei"}
{"type":"operationEnd","operationId":"jjfxvg1hodznhei","timestamp":1704992191696,"id":"27qwc5w426hbxmg","previousEventId":"hp2m48hwlfd1afs","previousOperationId":"jjfxvg1hodznhei"}
{"type":"log","timestamp":1704992191696,"level":"debug","message":"Skipping storing report.","meta":{"rootId":"atvgtw8g6kwxvkc","id":"atvgtw8g6kwxvkc"},"id":"0fr4exeuaoisg6r","previousOperationId":"jjfxvg1hodznhei"}
{"type":"log","timestamp":1704992191696,"level":"info","message":"Rendering request 100 finished in 1398 ms","meta":{"rootId":"atvgtw8g6kwxvkc","id":"atvgtw8g6kwxvkc"},"id":"wew3vl6mm0ecvwj","previousOperationId":"jjfxvg1hodznhei"}
{"type":"operationEnd","subtype":"render","operationId":"736ewljm0jotddf","timestamp":1704992191696,"id":"b6wfw08xfbnmsax","previousEventId":"27qwc5w426hbxmg","previousOperationId":"jjfxvg1hodznhei"}
{"type":"operationEnd","doDiffs":false,"previousEventId":"z16mjr7vlv7zjhk","previousOperationId":"ebim894fzul1v42","operationId":"ebim894fzul1v42","timestamp":1704992191700,"id":"5svmeigpfogx7q2"}
