{"type":"operationStart","subtype":"profile","data":{"_id":"yjhKJxyAnJ77Hc1E","timestamp":"2024-01-11T18:39:09.467Z","state":"queued","mode":"standard","creationDate":"2024-01-11T18:39:09.467Z","modificationDate":"2024-01-11T18:39:09.467Z","shortid":"2E4mtkw","$entitySet":"profiles"},"doDiffs":false,"timestamp":1704998349467,"id":"53au7zm7xs2jfjn","previousOperationId":null,"operationId":"axeq0bsixpco4t4"}
{"type":"log","level":"info","message":"Render request 28 queued for execution and waiting for available worker","previousOperationId":"axeq0bsixpco4t4","timestamp":1704998349467,"id":"sdacvqqjubigyr3"}
{"type":"operationStart","subtype":"render","name":"User_project","previousOperationId":"axeq0bsixpco4t4","timestamp":1704998349471,"id":"m4ksz8fldqcibqi","previousEventId":"53au7zm7xs2jfjn","operationId":"lcpjijumefdj47s"}
{"type":"log","timestamp":1704998349472,"level":"info","message":"Starting rendering request 28","meta":{"rootId":"b0flbn1zkgw02l2","id":"b0flbn1zkgw02l2"},"id":"pxzoehvuqr24jwg","previousOperationId":"lcpjijumefdj47s"}
{"type":"log","timestamp":1704998349472,"level":"info","message":"Rendering template { name: User_project, recipe: chrome-pdf, engine: handlebars, preview: true }","meta":{"rootId":"b0flbn1zkgw02l2","id":"b0flbn1zkgw02l2"},"id":"kxy4tsik3txflrn","previousOperationId":"lcpjijumefdj47s"}
{"type":"log","timestamp":1704998349472,"level":"debug","message":"Data item not defined for this template.","meta":{"rootId":"b0flbn1zkgw02l2","id":"b0flbn1zkgw02l2"},"id":"l07rn52qnqdq7na","previousOperationId":"lcpjijumefdj47s"}
{"type":"log","timestamp":1704998349473,"level":"debug","message":"Executing script usabi-data (beforeRender)","meta":{"rootId":"b0flbn1zkgw02l2","id":"b0flbn1zkgw02l2"},"id":"s8gfhxklvr0tl3v","previousOperationId":"lcpjijumefdj47s"}
{"type":"operationStart","subtype":"scriptsBeforeRender","name":"scripts beforeRender","timestamp":1704998349477,"id":"yxkr828kmsc9402","previousEventId":"m4ksz8fldqcibqi","operationId":"pv4uty7ekdyn8d3","previousOperationId":"lcpjijumefdj47s"}
{"type":"operationStart","subtype":"script","name":"scripts usabi-data","previousOperationId":"pv4uty7ekdyn8d3","timestamp":1704998349477,"id":"u1d24k60oxyefum","previousEventId":"yxkr828kmsc9402","operationId":"onsv0f7xsxq8ylr"}
{"type":"operationEnd","operationId":"onsv0f7xsxq8ylr","timestamp":1704998349505,"id":"o9j61voks354seo","previousEventId":"m4ksz8fldqcibqi","previousOperationId":"lcpjijumefdj47s"}
{"type":"log","timestamp":1704998349505,"level":"debug","message":"Executing script orders-script (beforeRender)","meta":{"rootId":"b0flbn1zkgw02l2","id":"b0flbn1zkgw02l2"},"id":"zlv3aa5p0pqdt97","previousOperationId":"lcpjijumefdj47s"}
{"type":"operationStart","subtype":"script","name":"scripts orders-script","previousOperationId":"pv4uty7ekdyn8d3","timestamp":1704998349508,"id":"b0zu7q8l9k7r9vo","previousEventId":"o9j61voks354seo","operationId":"q67smib3f4gjnr0"}
{"type":"operationEnd","operationId":"q67smib3f4gjnr0","timestamp":1704998350772,"id":"r6v3rxfzml643r0","previousEventId":"o9j61voks354seo","previousOperationId":"lcpjijumefdj47s"}
{"type":"operationEnd","operationId":"pv4uty7ekdyn8d3","timestamp":1704998350772,"id":"3d5xfno18ugn3sz","previousEventId":"r6v3rxfzml643r0","previousOperationId":"lcpjijumefdj47s"}
{"type":"log","timestamp":1704998350772,"level":"debug","message":"Base url not specified, skipping its injection.","meta":{"rootId":"b0flbn1zkgw02l2","id":"b0flbn1zkgw02l2"},"id":"mr5n0b6awudsqx3","previousOperationId":"pv4uty7ekdyn8d3"}
{"type":"operationStart","subtype":"engine","name":"handlebars","timestamp":1704998350772,"id":"9a0wmvcz9rrcyse","previousEventId":"3d5xfno18ugn3sz","operationId":"mnq5q5za2xdkx89","previousOperationId":"pv4uty7ekdyn8d3"}
{"type":"log","timestamp":1704998350772,"level":"debug","message":"Rendering engine handlebars","meta":{"rootId":"b0flbn1zkgw02l2","id":"b0flbn1zkgw02l2"},"id":"ckfizpdarvbklh2","previousOperationId":"mnq5q5za2xdkx89"}
{"type":"operationEnd","operationId":"mnq5q5za2xdkx89","timestamp":1704998350781,"id":"0a4k54e19tcezf2","previousEventId":"9a0wmvcz9rrcyse","previousOperationId":"mnq5q5za2xdkx89"}
{"type":"operationStart","subtype":"recipe","name":"chrome-pdf","timestamp":1704998350781,"id":"xbcglblg3gd38bg","previousEventId":"0a4k54e19tcezf2","operationId":"4z0nc1olvr9q8k8","previousOperationId":"mnq5q5za2xdkx89"}
{"type":"log","timestamp":1704998350781,"level":"debug","message":"Executing recipe chrome-pdf","meta":{"rootId":"b0flbn1zkgw02l2","id":"b0flbn1zkgw02l2"},"id":"a0an07o947omv46","previousOperationId":"4z0nc1olvr9q8k8"}
{"type":"log","timestamp":1704998350783,"level":"debug","message":"Converting with chrome HeadlessChrome/117.0.5938.149 using chrome-pool strategy","meta":{"rootId":"b0flbn1zkgw02l2","id":"b0flbn1zkgw02l2"},"id":"wzitpkzwq44bgxm","previousOperationId":"4z0nc1olvr9q8k8"}
{"type":"log","timestamp":1704998350814,"level":"debug","message":"Page request: GET (document) file:///tmp/jsreport/autocleanup/e7feb35c-86f5-45ce-b2c1-7e92798cab2e-chrome-pdf.html","meta":{"rootId":"b0flbn1zkgw02l2","id":"b0flbn1zkgw02l2"},"id":"aljmqu9p9ck7nbp","previousOperationId":"4z0nc1olvr9q8k8"}
{"type":"log","timestamp":1704998350822,"level":"debug","message":"Page request: GET (script) https://cdn.jsdelivr.net/npm/chart.js","meta":{"rootId":"b0flbn1zkgw02l2","id":"b0flbn1zkgw02l2"},"id":"cdw2vkc34zmk76m","previousOperationId":"4z0nc1olvr9q8k8"}
{"type":"log","timestamp":1704998350822,"level":"debug","message":"Page request finished: GET (document) 200 file:///tmp/jsreport/autocleanup/e7feb35c-86f5-45ce-b2c1-7e92798cab2e-chrome-pdf.html","meta":{"rootId":"b0flbn1zkgw02l2","id":"b0flbn1zkgw02l2"},"id":"26eqd45yap3buzl","previousOperationId":"4z0nc1olvr9q8k8"}
{"type":"log","timestamp":1704998350825,"level":"debug","message":"Page request finished: GET (script) 200 https://cdn.jsdelivr.net/npm/chart.js","meta":{"rootId":"b0flbn1zkgw02l2","id":"b0flbn1zkgw02l2"},"id":"wi6h9q2m6x19gn7","previousOperationId":"4z0nc1olvr9q8k8"}
{"type":"log","timestamp":1704998350868,"level":"debug","message":"Running chrome with params {\"printBackground\":true,\"timeout\":58684,\"margin\":{}}","meta":{"rootId":"b0flbn1zkgw02l2","id":"b0flbn1zkgw02l2"},"id":"n83cwj4qdqfste6","previousOperationId":"4z0nc1olvr9q8k8"}
{"type":"operationEnd","operationId":"4z0nc1olvr9q8k8","timestamp":1704998350934,"id":"jkrigg51q9t5teh","previousEventId":"xbcglblg3gd38bg","previousOperationId":"4z0nc1olvr9q8k8"}
{"type":"log","timestamp":1704998350935,"level":"debug","message":"Skipping storing report.","meta":{"rootId":"b0flbn1zkgw02l2","id":"b0flbn1zkgw02l2"},"id":"tc77djorc83f1z3","previousOperationId":"4z0nc1olvr9q8k8"}
{"type":"log","timestamp":1704998350935,"level":"info","message":"Rendering request 28 finished in 1469 ms","meta":{"rootId":"b0flbn1zkgw02l2","id":"b0flbn1zkgw02l2"},"id":"kvq2jztvym6kk9h","previousOperationId":"4z0nc1olvr9q8k8"}
{"type":"operationEnd","subtype":"render","operationId":"lcpjijumefdj47s","timestamp":1704998350935,"id":"sgyno98qix6nii6","previousEventId":"jkrigg51q9t5teh","previousOperationId":"4z0nc1olvr9q8k8"}
{"type":"operationEnd","doDiffs":false,"previousEventId":"53au7zm7xs2jfjn","previousOperationId":"axeq0bsixpco4t4","operationId":"axeq0bsixpco4t4","timestamp":1704998350937,"id":"pp8fx1w1rnx8enp"}
