{"type":"operationStart","subtype":"profile","data":{"_id":"nZjIX7CLMNCqSgch","timestamp":"2024-01-11T16:56:06.867Z","state":"queued","mode":"standard","creationDate":"2024-01-11T16:56:06.867Z","modificationDate":"2024-01-11T16:56:06.867Z","shortid":"88VHOcY","$entitySet":"profiles"},"doDiffs":false,"timestamp":1704992166867,"id":"5st63e2ouiqb2v3","previousOperationId":null,"operationId":"1i86jj7vddfc2u6"}
{"type":"log","level":"info","message":"Render request 99 queued for execution and waiting for available worker","previousOperationId":"1i86jj7vddfc2u6","timestamp":1704992166867,"id":"70i349iqhht4ekr"}
{"type":"operationStart","subtype":"render","name":"User_project","previousOperationId":"1i86jj7vddfc2u6","timestamp":1704992166871,"id":"hkpxgmxs8y57770","previousEventId":"5st63e2ouiqb2v3","operationId":"0ix59bmjkl5wrrg"}
{"type":"log","timestamp":1704992166871,"level":"info","message":"Starting rendering request 99","meta":{"rootId":"b43u5cg9vcl83dw","id":"b43u5cg9vcl83dw"},"id":"ea2kqdodctg64x0","previousOperationId":"0ix59bmjkl5wrrg"}
{"type":"log","timestamp":1704992166871,"level":"info","message":"Rendering template { name: User_project, recipe: chrome-pdf, engine: handlebars, preview: true }","meta":{"rootId":"b43u5cg9vcl83dw","id":"b43u5cg9vcl83dw"},"id":"eptstotnxel126y","previousOperationId":"0ix59bmjkl5wrrg"}
{"type":"log","timestamp":1704992166871,"level":"debug","message":"Data item not defined for this template.","meta":{"rootId":"b43u5cg9vcl83dw","id":"b43u5cg9vcl83dw"},"id":"rspk4zap9w1v125","previousOperationId":"0ix59bmjkl5wrrg"}
{"type":"log","timestamp":1704992166872,"level":"debug","message":"Executing script usabi-data (beforeRender)","meta":{"rootId":"b43u5cg9vcl83dw","id":"b43u5cg9vcl83dw"},"id":"v4i1aeobm39bi9j","previousOperationId":"0ix59bmjkl5wrrg"}
{"type":"operationStart","subtype":"scriptsBeforeRender","name":"scripts beforeRender","timestamp":1704992166876,"id":"1v3j9od2bvi0u4a","previousEventId":"hkpxgmxs8y57770","operationId":"e7y3cvvk88p66bz","previousOperationId":"0ix59bmjkl5wrrg"}
{"type":"operationStart","subtype":"script","name":"scripts usabi-data","previousOperationId":"e7y3cvvk88p66bz","timestamp":1704992166876,"id":"bugajv22q55hejh","previousEventId":"1v3j9od2bvi0u4a","operationId":"iew5vndwalhfnjn"}
{"type":"operationEnd","operationId":"iew5vndwalhfnjn","timestamp":1704992166886,"id":"3lx3dibug7ycm6r","previousEventId":"hkpxgmxs8y57770","previousOperationId":"0ix59bmjkl5wrrg"}
{"type":"log","timestamp":1704992166886,"level":"debug","message":"Executing script orders-script (beforeRender)","meta":{"rootId":"b43u5cg9vcl83dw","id":"b43u5cg9vcl83dw"},"id":"xslbabubnp0syxw","previousOperationId":"0ix59bmjkl5wrrg"}
{"type":"operationStart","subtype":"script","name":"scripts orders-script","previousOperationId":"e7y3cvvk88p66bz","timestamp":1704992166890,"id":"2i23piopxw0200b","previousEventId":"3lx3dibug7ycm6r","operationId":"sbmzga1l5jx0amx"}
{"type":"operationEnd","operationId":"sbmzga1l5jx0amx","timestamp":1704992168187,"id":"ape1lqaa3udeoyn","previousEventId":"3lx3dibug7ycm6r","previousOperationId":"0ix59bmjkl5wrrg"}
{"type":"operationEnd","operationId":"e7y3cvvk88p66bz","timestamp":1704992168187,"id":"c3dx8rlwazm32sv","previousEventId":"ape1lqaa3udeoyn","previousOperationId":"0ix59bmjkl5wrrg"}
{"type":"log","timestamp":1704992168187,"level":"debug","message":"Base url not specified, skipping its injection.","meta":{"rootId":"b43u5cg9vcl83dw","id":"b43u5cg9vcl83dw"},"id":"cn4c369m6ijnkmp","previousOperationId":"e7y3cvvk88p66bz"}
{"type":"operationStart","subtype":"engine","name":"handlebars","timestamp":1704992168187,"id":"fkokq73w6ujzzxf","previousEventId":"c3dx8rlwazm32sv","operationId":"dq4sj09n4q8r5cg","previousOperationId":"e7y3cvvk88p66bz"}
{"type":"log","timestamp":1704992168187,"level":"debug","message":"Rendering engine handlebars","meta":{"rootId":"b43u5cg9vcl83dw","id":"b43u5cg9vcl83dw"},"id":"v2zdbzsd7yropuo","previousOperationId":"dq4sj09n4q8r5cg"}
{"type":"operationEnd","operationId":"dq4sj09n4q8r5cg","timestamp":1704992168210,"id":"6pl5ma3lycodi0t","previousEventId":"fkokq73w6ujzzxf","previousOperationId":"dq4sj09n4q8r5cg"}
{"type":"operationStart","subtype":"recipe","name":"chrome-pdf","timestamp":1704992168210,"id":"484jeceekamk2dn","previousEventId":"6pl5ma3lycodi0t","operationId":"w7qwmaawjv08kqn","previousOperationId":"dq4sj09n4q8r5cg"}
{"type":"log","timestamp":1704992168210,"level":"debug","message":"Executing recipe chrome-pdf","meta":{"rootId":"b43u5cg9vcl83dw","id":"b43u5cg9vcl83dw"},"id":"nixisuv102glv33","previousOperationId":"w7qwmaawjv08kqn"}
{"type":"log","timestamp":1704992168214,"level":"debug","message":"Converting with chrome HeadlessChrome/117.0.5938.149 using chrome-pool strategy","meta":{"rootId":"b43u5cg9vcl83dw","id":"b43u5cg9vcl83dw"},"id":"rtjvc9elp0qog0l","previousOperationId":"w7qwmaawjv08kqn"}
{"type":"log","timestamp":1704992168246,"level":"debug","message":"Page request: GET (document) file:///tmp/jsreport/autocleanup/cc3391f5-0fef-4695-8662-db26613727f7-chrome-pdf.html","meta":{"rootId":"b43u5cg9vcl83dw","id":"b43u5cg9vcl83dw"},"id":"t1e8a0a6bf4kvou","previousOperationId":"w7qwmaawjv08kqn"}
{"type":"log","timestamp":1704992168254,"level":"debug","message":"Page request: GET (script) https://cdn.jsdelivr.net/npm/chart.js","meta":{"rootId":"b43u5cg9vcl83dw","id":"b43u5cg9vcl83dw"},"id":"k00xhejfmk3nziq","previousOperationId":"w7qwmaawjv08kqn"}
{"type":"log","timestamp":1704992168254,"level":"debug","message":"Page request finished: GET (document) 200 file:///tmp/jsreport/autocleanup/cc3391f5-0fef-4695-8662-db26613727f7-chrome-pdf.html","meta":{"rootId":"b43u5cg9vcl83dw","id":"b43u5cg9vcl83dw"},"id":"ko2zksbwyxtk18p","previousOperationId":"w7qwmaawjv08kqn"}
{"type":"log","timestamp":1704992168259,"level":"debug","message":"Page request finished: GET (script) 200 https://cdn.jsdelivr.net/npm/chart.js","meta":{"rootId":"b43u5cg9vcl83dw","id":"b43u5cg9vcl83dw"},"id":"vhch3dk7cxd7uym","previousOperationId":"w7qwmaawjv08kqn"}
{"type":"log","timestamp":1704992168302,"level":"debug","message":"Running chrome with params {\"printBackground\":true,\"timeout\":58654,\"margin\":{}}","meta":{"rootId":"b43u5cg9vcl83dw","id":"b43u5cg9vcl83dw"},"id":"daiucmbpz6zpnva","previousOperationId":"w7qwmaawjv08kqn"}
{"type":"operationEnd","operationId":"w7qwmaawjv08kqn","timestamp":1704992168320,"id":"5dkvsae6to8ujl3","previousEventId":"484jeceekamk2dn","previousOperationId":"w7qwmaawjv08kqn"}
{"type":"log","timestamp":1704992168320,"level":"debug","message":"Skipping storing report.","meta":{"rootId":"b43u5cg9vcl83dw","id":"b43u5cg9vcl83dw"},"id":"gotsu5jyc5hldpu","previousOperationId":"w7qwmaawjv08kqn"}
{"type":"log","timestamp":1704992168320,"level":"info","message":"Rendering request 99 finished in 1453 ms","meta":{"rootId":"b43u5cg9vcl83dw","id":"b43u5cg9vcl83dw"},"id":"wujecsmofjy7kcy","previousOperationId":"w7qwmaawjv08kqn"}
{"type":"operationEnd","subtype":"render","operationId":"0ix59bmjkl5wrrg","timestamp":1704992168320,"id":"7u212nq8hpevptm","previousEventId":"5dkvsae6to8ujl3","previousOperationId":"w7qwmaawjv08kqn"}
{"type":"operationEnd","doDiffs":false,"previousEventId":"5st63e2ouiqb2v3","previousOperationId":"1i86jj7vddfc2u6","operationId":"1i86jj7vddfc2u6","timestamp":1704992168323,"id":"fco8bbei9fjly06"}
