{"type":"operationStart","subtype":"profile","data":{"_id":"CmASPSpMU8YEuE2l","timestamp":"2024-01-10T20:26:11.862Z","state":"queued","mode":"standard","creationDate":"2024-01-10T20:26:11.863Z","modificationDate":"2024-01-10T20:26:11.863Z","shortid":"MV3WJXe","$entitySet":"profiles"},"doDiffs":false,"timestamp":1704918371863,"id":"g1ec2x6xjy5omfr","previousOperationId":null,"operationId":"xwbjdid4tdniqxt"}
{"type":"log","level":"info","message":"Render request 16 queued for execution and waiting for available worker","previousOperationId":"xwbjdid4tdniqxt","timestamp":1704918371863,"id":"xy8qcv7prkhucxl"}
{"type":"operationStart","subtype":"render","name":"User_project","previousOperationId":"xwbjdid4tdniqxt","timestamp":1704918371867,"id":"7olopj87qqtrxay","previousEventId":"g1ec2x6xjy5omfr","operationId":"ome7o0970qaqlwq"}
{"type":"log","timestamp":1704918371867,"level":"info","message":"Starting rendering request 16","meta":{"rootId":"b7dfoq6iolvt74f","id":"b7dfoq6iolvt74f"},"id":"t3xyi3clm6t368i","previousOperationId":"ome7o0970qaqlwq"}
{"type":"log","timestamp":1704918371867,"level":"info","message":"Rendering template { name: User_project, recipe: chrome-pdf, engine: handlebars, preview: true }","meta":{"rootId":"b7dfoq6iolvt74f","id":"b7dfoq6iolvt74f"},"id":"dauji1suucpnb5w","previousOperationId":"ome7o0970qaqlwq"}
{"type":"log","timestamp":1704918371868,"level":"debug","message":"Data item not defined for this template.","meta":{"rootId":"b7dfoq6iolvt74f","id":"b7dfoq6iolvt74f"},"id":"6j3ul8e96uqu3be","previousOperationId":"ome7o0970qaqlwq"}
{"type":"log","timestamp":1704918371870,"level":"debug","message":"Executing script usabi-data (beforeRender)","meta":{"rootId":"b7dfoq6iolvt74f","id":"b7dfoq6iolvt74f"},"id":"28tv5td9dlao7zm","previousOperationId":"ome7o0970qaqlwq"}
{"type":"operationStart","subtype":"scriptsBeforeRender","name":"scripts beforeRender","timestamp":1704918371874,"id":"quxtg5jzeo8gkte","previousEventId":"7olopj87qqtrxay","operationId":"218z9vp7ac9ze82","previousOperationId":"ome7o0970qaqlwq"}
{"type":"operationStart","subtype":"script","name":"scripts usabi-data","previousOperationId":"218z9vp7ac9ze82","timestamp":1704918371874,"id":"ekqeejkp7iv7t9k","previousEventId":"quxtg5jzeo8gkte","operationId":"c6lykklwmmrvw54"}
{"type":"operationEnd","operationId":"c6lykklwmmrvw54","timestamp":1704918372005,"id":"6i16t7qyxwfsxyx","previousEventId":"7olopj87qqtrxay","previousOperationId":"ome7o0970qaqlwq"}
{"type":"operationEnd","operationId":"218z9vp7ac9ze82","timestamp":1704918372005,"id":"93tgy3e03u0o8yc","previousEventId":"6i16t7qyxwfsxyx","previousOperationId":"ome7o0970qaqlwq"}
{"type":"log","timestamp":1704918372005,"level":"debug","message":"Base url not specified, skipping its injection.","meta":{"rootId":"b7dfoq6iolvt74f","id":"b7dfoq6iolvt74f"},"id":"236jwp24salrff9","previousOperationId":"218z9vp7ac9ze82"}
{"type":"operationStart","subtype":"engine","name":"handlebars","timestamp":1704918372005,"id":"rwmdugmtx3qjf4q","previousEventId":"93tgy3e03u0o8yc","operationId":"umxyaqli5lrsict","previousOperationId":"218z9vp7ac9ze82"}
{"type":"log","timestamp":1704918372005,"level":"debug","message":"Rendering engine handlebars","meta":{"rootId":"b7dfoq6iolvt74f","id":"b7dfoq6iolvt74f"},"id":"9wcaovalmj86ehc","previousOperationId":"umxyaqli5lrsict"}
{"type":"operationEnd","operationId":"umxyaqli5lrsict","timestamp":1704918372011,"id":"kg4vakcsj9yyysg","previousEventId":"rwmdugmtx3qjf4q","previousOperationId":"umxyaqli5lrsict"}
{"type":"operationStart","subtype":"recipe","name":"chrome-pdf","timestamp":1704918372011,"id":"lxbvsayaozl5gag","previousEventId":"kg4vakcsj9yyysg","operationId":"zo50b97npzu1vni","previousOperationId":"umxyaqli5lrsict"}
{"type":"log","timestamp":1704918372011,"level":"debug","message":"Executing recipe chrome-pdf","meta":{"rootId":"b7dfoq6iolvt74f","id":"b7dfoq6iolvt74f"},"id":"l9nijy2i6o8s3p6","previousOperationId":"zo50b97npzu1vni"}
{"type":"log","timestamp":1704918372012,"level":"debug","message":"Converting with chrome HeadlessChrome/117.0.5938.149 using chrome-pool strategy","meta":{"rootId":"b7dfoq6iolvt74f","id":"b7dfoq6iolvt74f"},"id":"1xz5m41ssd9x1oi","previousOperationId":"zo50b97npzu1vni"}
{"type":"log","timestamp":1704918372044,"level":"debug","message":"Page request: GET (document) file:///tmp/jsreport/autocleanup/997b6b90-c254-4d75-a14f-9d7b9771e740-chrome-pdf.html","meta":{"rootId":"b7dfoq6iolvt74f","id":"b7dfoq6iolvt74f"},"id":"c3pa6dixtio8woh","previousOperationId":"zo50b97npzu1vni"}
{"type":"log","timestamp":1704918372051,"level":"debug","message":"Page request finished: GET (document) 200 file:///tmp/jsreport/autocleanup/997b6b90-c254-4d75-a14f-9d7b9771e740-chrome-pdf.html","meta":{"rootId":"b7dfoq6iolvt74f","id":"b7dfoq6iolvt74f"},"id":"ia9q6n8np07zjx6","previousOperationId":"zo50b97npzu1vni"}
{"type":"log","timestamp":1704918372054,"level":"debug","message":"Running chrome with params {\"printBackground\":true,\"timeout\":59851,\"margin\":{}}","meta":{"rootId":"b7dfoq6iolvt74f","id":"b7dfoq6iolvt74f"},"id":"a2tn2ygbbtj143c","previousOperationId":"zo50b97npzu1vni"}
{"type":"operationEnd","operationId":"zo50b97npzu1vni","timestamp":1704918372061,"id":"d0htu1373c9n58z","previousEventId":"lxbvsayaozl5gag","previousOperationId":"zo50b97npzu1vni"}
{"type":"log","timestamp":1704918372061,"level":"debug","message":"Skipping storing report.","meta":{"rootId":"b7dfoq6iolvt74f","id":"b7dfoq6iolvt74f"},"id":"g1gj5rferdy5s9z","previousOperationId":"zo50b97npzu1vni"}
{"type":"log","timestamp":1704918372061,"level":"info","message":"Rendering request 16 finished in 199 ms","meta":{"rootId":"b7dfoq6iolvt74f","id":"b7dfoq6iolvt74f"},"id":"0ztk3x19b24g481","previousOperationId":"zo50b97npzu1vni"}
{"type":"operationEnd","subtype":"render","operationId":"ome7o0970qaqlwq","timestamp":1704918372061,"id":"nawwlhlyj8zj899","previousEventId":"d0htu1373c9n58z","previousOperationId":"zo50b97npzu1vni"}
{"type":"operationEnd","doDiffs":false,"previousEventId":"g1ec2x6xjy5omfr","previousOperationId":"xwbjdid4tdniqxt","operationId":"xwbjdid4tdniqxt","timestamp":1704918372067,"id":"mrws52ctdcb2mog"}
