{"type":"operationStart","subtype":"profile","data":{"_id":"JsvxJvqE1daGho6M","timestamp":"2024-01-11T16:42:15.440Z","state":"queued","mode":"standard","creationDate":"2024-01-11T16:42:15.441Z","modificationDate":"2024-01-11T16:42:15.441Z","shortid":"j9OVgdi","$entitySet":"profiles"},"doDiffs":false,"timestamp":1704991335441,"id":"1qoxjbjl5x3w45e","previousOperationId":null,"operationId":"znle12kftzxmnre"}
{"type":"log","level":"info","message":"Render request 70 queued for execution and waiting for available worker","previousOperationId":"znle12kftzxmnre","timestamp":1704991335441,"id":"cqshjhwk2cokucn"}
{"type":"operationStart","subtype":"render","name":"User_project","previousOperationId":"znle12kftzxmnre","timestamp":1704991335445,"id":"45omyhhcll05r0x","previousEventId":"1qoxjbjl5x3w45e","operationId":"uetb5hha674kz9s"}
{"type":"log","timestamp":1704991335445,"level":"info","message":"Starting rendering request 70","meta":{"rootId":"bau9np02opdxpq1","id":"bau9np02opdxpq1"},"id":"ntaawzozksxzber","previousOperationId":"uetb5hha674kz9s"}
{"type":"log","timestamp":1704991335445,"level":"info","message":"Rendering template { name: User_project, recipe: chrome-pdf, engine: handlebars, preview: true }","meta":{"rootId":"bau9np02opdxpq1","id":"bau9np02opdxpq1"},"id":"qiscrjyj6rz20e3","previousOperationId":"uetb5hha674kz9s"}
{"type":"log","timestamp":1704991335446,"level":"debug","message":"Data item not defined for this template.","meta":{"rootId":"bau9np02opdxpq1","id":"bau9np02opdxpq1"},"id":"qssh448rambl009","previousOperationId":"uetb5hha674kz9s"}
{"type":"log","timestamp":1704991335447,"level":"debug","message":"Executing script usabi-data (beforeRender)","meta":{"rootId":"bau9np02opdxpq1","id":"bau9np02opdxpq1"},"id":"q30ian2vxaqxs4k","previousOperationId":"uetb5hha674kz9s"}
{"type":"operationStart","subtype":"scriptsBeforeRender","name":"scripts beforeRender","timestamp":1704991335450,"id":"bg70m7k20jfsur9","previousEventId":"45omyhhcll05r0x","operationId":"hccuroes8basg2n","previousOperationId":"uetb5hha674kz9s"}
{"type":"operationStart","subtype":"script","name":"scripts usabi-data","previousOperationId":"hccuroes8basg2n","timestamp":1704991335450,"id":"3jnakrim8rikocj","previousEventId":"bg70m7k20jfsur9","operationId":"bse1pbwjew82q3j"}
{"type":"operationEnd","operationId":"bse1pbwjew82q3j","timestamp":1704991335462,"id":"k5o1ojnl64fi906","previousEventId":"45omyhhcll05r0x","previousOperationId":"uetb5hha674kz9s"}
{"type":"operationEnd","operationId":"hccuroes8basg2n","timestamp":1704991335463,"id":"0yv8y4817dquff0","previousEventId":"k5o1ojnl64fi906","previousOperationId":"uetb5hha674kz9s"}
{"type":"log","timestamp":1704991335463,"level":"debug","message":"Base url not specified, skipping its injection.","meta":{"rootId":"bau9np02opdxpq1","id":"bau9np02opdxpq1"},"id":"0yow7sijwyurvte","previousOperationId":"hccuroes8basg2n"}
{"type":"operationStart","subtype":"engine","name":"handlebars","timestamp":1704991335463,"id":"enql4p8595bbhe9","previousEventId":"0yv8y4817dquff0","operationId":"eguxfdsy4e1b95i","previousOperationId":"hccuroes8basg2n"}
{"type":"log","timestamp":1704991335463,"level":"debug","message":"Rendering engine handlebars","meta":{"rootId":"bau9np02opdxpq1","id":"bau9np02opdxpq1"},"id":"z0ycenfdxhrdfz5","previousOperationId":"eguxfdsy4e1b95i"}
{"type":"operationEnd","operationId":"eguxfdsy4e1b95i","timestamp":1704991335471,"id":"41urj2xz9nfm46l","previousEventId":"enql4p8595bbhe9","previousOperationId":"eguxfdsy4e1b95i"}
{"type":"operationStart","subtype":"recipe","name":"chrome-pdf","timestamp":1704991335471,"id":"rjruklpfpk6bn2w","previousEventId":"41urj2xz9nfm46l","operationId":"6b0inhqn73yj9zv","previousOperationId":"eguxfdsy4e1b95i"}
{"type":"log","timestamp":1704991335471,"level":"debug","message":"Executing recipe chrome-pdf","meta":{"rootId":"bau9np02opdxpq1","id":"bau9np02opdxpq1"},"id":"e99m9lbbmtpgxao","previousOperationId":"6b0inhqn73yj9zv"}
{"type":"log","timestamp":1704991335473,"level":"debug","message":"Converting with chrome HeadlessChrome/117.0.5938.149 using chrome-pool strategy","meta":{"rootId":"bau9np02opdxpq1","id":"bau9np02opdxpq1"},"id":"70lf4qp4hp2fwfm","previousOperationId":"6b0inhqn73yj9zv"}
{"type":"log","timestamp":1704991335516,"level":"debug","message":"Page request: GET (document) file:///tmp/jsreport/autocleanup/b41afdd2-8292-4fb2-b73f-d0718cea279c-chrome-pdf.html","meta":{"rootId":"bau9np02opdxpq1","id":"bau9np02opdxpq1"},"id":"szlh6flbj1616gs","previousOperationId":"6b0inhqn73yj9zv"}
{"type":"log","timestamp":1704991335525,"level":"debug","message":"Page request: GET (script) https://cdn.jsdelivr.net/npm/chart.js","meta":{"rootId":"bau9np02opdxpq1","id":"bau9np02opdxpq1"},"id":"p4dxc11x7wf6v1n","previousOperationId":"6b0inhqn73yj9zv"}
{"type":"log","timestamp":1704991335526,"level":"debug","message":"Page request finished: GET (document) 200 file:///tmp/jsreport/autocleanup/b41afdd2-8292-4fb2-b73f-d0718cea279c-chrome-pdf.html","meta":{"rootId":"bau9np02opdxpq1","id":"bau9np02opdxpq1"},"id":"5689p15hrz75gj2","previousOperationId":"6b0inhqn73yj9zv"}
{"type":"log","timestamp":1704991335530,"level":"debug","message":"Page request finished: GET (script) 200 https://cdn.jsdelivr.net/npm/chart.js","meta":{"rootId":"bau9np02opdxpq1","id":"bau9np02opdxpq1"},"id":"ahm7dh54xlwd0wq","previousOperationId":"6b0inhqn73yj9zv"}
{"type":"log","timestamp":1704991335576,"level":"debug","message":"Running chrome with params {\"printBackground\":true,\"timeout\":59968,\"margin\":{}}","meta":{"rootId":"bau9np02opdxpq1","id":"bau9np02opdxpq1"},"id":"6c583bx9cl9cbh0","previousOperationId":"6b0inhqn73yj9zv"}
{"type":"operationEnd","operationId":"6b0inhqn73yj9zv","timestamp":1704991335596,"id":"53xhzeudqnp611a","previousEventId":"rjruklpfpk6bn2w","previousOperationId":"6b0inhqn73yj9zv"}
{"type":"log","timestamp":1704991335596,"level":"debug","message":"Skipping storing report.","meta":{"rootId":"bau9np02opdxpq1","id":"bau9np02opdxpq1"},"id":"j2lzn81vvk4ebaq","previousOperationId":"6b0inhqn73yj9zv"}
{"type":"log","timestamp":1704991335596,"level":"info","message":"Rendering request 70 finished in 156 ms","meta":{"rootId":"bau9np02opdxpq1","id":"bau9np02opdxpq1"},"id":"igfdqjh3ldsb6d2","previousOperationId":"6b0inhqn73yj9zv"}
{"type":"operationEnd","subtype":"render","operationId":"uetb5hha674kz9s","timestamp":1704991335596,"id":"rjm3ra47wbv54ht","previousEventId":"53xhzeudqnp611a","previousOperationId":"6b0inhqn73yj9zv"}
{"type":"operationEnd","doDiffs":false,"previousEventId":"1qoxjbjl5x3w45e","previousOperationId":"znle12kftzxmnre","operationId":"znle12kftzxmnre","timestamp":1704991335598,"id":"mg0nsn78r7c2x52"}
