{"type":"operationStart","subtype":"profile","data":{"_id":"nC0KsTuYu5yuham0","timestamp":"2024-01-11T18:30:06.090Z","state":"queued","mode":"standard","creationDate":"2024-01-11T18:30:06.091Z","modificationDate":"2024-01-11T18:30:06.091Z","shortid":"CM5VQDD","$entitySet":"profiles"},"doDiffs":false,"timestamp":1704997806091,"id":"9bjr7sdzw5bbum3","previousOperationId":null,"operationId":"moxhb91bbpdn1w7"}
{"type":"log","level":"info","message":"Render request 18 queued for execution and waiting for available worker","previousOperationId":"moxhb91bbpdn1w7","timestamp":1704997806091,"id":"bspj0bd4448vjhr"}
{"type":"operationStart","subtype":"render","name":"User_project","previousOperationId":"moxhb91bbpdn1w7","timestamp":1704997806095,"id":"jkklc1u8gnchfyx","previousEventId":"9bjr7sdzw5bbum3","operationId":"ip26gmq557qgyho"}
{"type":"log","timestamp":1704997806096,"level":"info","message":"Starting rendering request 18","meta":{"rootId":"bpi3d4uq2zwdatp","id":"bpi3d4uq2zwdatp"},"id":"arp4h7dek146mia","previousOperationId":"ip26gmq557qgyho"}
{"type":"log","timestamp":1704997806096,"level":"info","message":"Rendering template { name: User_project, recipe: chrome-pdf, engine: handlebars, preview: true }","meta":{"rootId":"bpi3d4uq2zwdatp","id":"bpi3d4uq2zwdatp"},"id":"s2qh29o3xdvg8tu","previousOperationId":"ip26gmq557qgyho"}
{"type":"log","timestamp":1704997806096,"level":"debug","message":"Data item not defined for this template.","meta":{"rootId":"bpi3d4uq2zwdatp","id":"bpi3d4uq2zwdatp"},"id":"tqsk805ab50ndti","previousOperationId":"ip26gmq557qgyho"}
{"type":"log","timestamp":1704997806098,"level":"debug","message":"Executing script usabi-data (beforeRender)","meta":{"rootId":"bpi3d4uq2zwdatp","id":"bpi3d4uq2zwdatp"},"id":"9v1kqyfks70n6ah","previousOperationId":"ip26gmq557qgyho"}
{"type":"operationStart","subtype":"scriptsBeforeRender","name":"scripts beforeRender","timestamp":1704997806102,"id":"407g85keat20xtr","previousEventId":"jkklc1u8gnchfyx","operationId":"23lf0r3sjeqyngz","previousOperationId":"ip26gmq557qgyho"}
{"type":"operationStart","subtype":"script","name":"scripts usabi-data","previousOperationId":"23lf0r3sjeqyngz","timestamp":1704997806102,"id":"ysmsz1xc6f0wtpv","previousEventId":"407g85keat20xtr","operationId":"z1amisc9ry8xa63"}
{"type":"operationEnd","operationId":"z1amisc9ry8xa63","timestamp":1704997806123,"id":"e1y06xa03oxxzae","previousEventId":"jkklc1u8gnchfyx","previousOperationId":"ip26gmq557qgyho"}
{"type":"log","timestamp":1704997806123,"level":"debug","message":"Executing script orders-script (beforeRender)","meta":{"rootId":"bpi3d4uq2zwdatp","id":"bpi3d4uq2zwdatp"},"id":"l2uuahqkkso82b5","previousOperationId":"ip26gmq557qgyho"}
{"type":"operationStart","subtype":"script","name":"scripts orders-script","previousOperationId":"23lf0r3sjeqyngz","timestamp":1704997806127,"id":"u7qjej63zcv4q70","previousEventId":"e1y06xa03oxxzae","operationId":"b7yy5suzlz54ray"}
{"type":"operationEnd","operationId":"b7yy5suzlz54ray","timestamp":1704997807506,"id":"fnvo34l400jq0ta","previousEventId":"e1y06xa03oxxzae","previousOperationId":"ip26gmq557qgyho"}
{"type":"operationEnd","operationId":"23lf0r3sjeqyngz","timestamp":1704997807507,"id":"g5bmaye8lbyz8sg","previousEventId":"fnvo34l400jq0ta","previousOperationId":"ip26gmq557qgyho"}
{"type":"log","timestamp":1704997807507,"level":"debug","message":"Base url not specified, skipping its injection.","meta":{"rootId":"bpi3d4uq2zwdatp","id":"bpi3d4uq2zwdatp"},"id":"dui020qhzha8dxa","previousOperationId":"23lf0r3sjeqyngz"}
{"type":"operationStart","subtype":"engine","name":"handlebars","timestamp":1704997807507,"id":"c9yzazjurj70423","previousEventId":"g5bmaye8lbyz8sg","operationId":"2czejbflzk7v52h","previousOperationId":"23lf0r3sjeqyngz"}
{"type":"log","timestamp":1704997807507,"level":"debug","message":"Rendering engine handlebars","meta":{"rootId":"bpi3d4uq2zwdatp","id":"bpi3d4uq2zwdatp"},"id":"80tmbryk2v7v05a","previousOperationId":"2czejbflzk7v52h"}
{"type":"operationEnd","operationId":"2czejbflzk7v52h","timestamp":1704997807555,"id":"770oz98rj6v6bwx","previousEventId":"c9yzazjurj70423","previousOperationId":"2czejbflzk7v52h"}
{"type":"operationStart","subtype":"recipe","name":"chrome-pdf","timestamp":1704997807555,"id":"vaefsy3r82t8ht1","previousEventId":"770oz98rj6v6bwx","operationId":"vb5ddhbx2kih15j","previousOperationId":"2czejbflzk7v52h"}
{"type":"log","timestamp":1704997807555,"level":"debug","message":"Executing recipe chrome-pdf","meta":{"rootId":"bpi3d4uq2zwdatp","id":"bpi3d4uq2zwdatp"},"id":"6e2tab2tver5smz","previousOperationId":"vb5ddhbx2kih15j"}
{"type":"log","timestamp":1704997807573,"level":"debug","message":"Converting with chrome HeadlessChrome/117.0.5938.149 using chrome-pool strategy","meta":{"rootId":"bpi3d4uq2zwdatp","id":"bpi3d4uq2zwdatp"},"id":"x3mwiq2w8aro3vi","previousOperationId":"vb5ddhbx2kih15j"}
{"type":"log","timestamp":1704997807607,"level":"debug","message":"Page request: GET (document) file:///tmp/jsreport/autocleanup/fa5b7d5f-65dc-46f4-89e6-446bf22fbd50-chrome-pdf.html","meta":{"rootId":"bpi3d4uq2zwdatp","id":"bpi3d4uq2zwdatp"},"id":"h3j3wl09gtczsf0","previousOperationId":"vb5ddhbx2kih15j"}
{"type":"log","timestamp":1704997807614,"level":"debug","message":"Page request: GET (script) https://cdn.jsdelivr.net/npm/chart.js","meta":{"rootId":"bpi3d4uq2zwdatp","id":"bpi3d4uq2zwdatp"},"id":"ov0mipvkdnqgyzx","previousOperationId":"vb5ddhbx2kih15j"}
{"type":"log","timestamp":1704997807614,"level":"debug","message":"Page request finished: GET (document) 200 file:///tmp/jsreport/autocleanup/fa5b7d5f-65dc-46f4-89e6-446bf22fbd50-chrome-pdf.html","meta":{"rootId":"bpi3d4uq2zwdatp","id":"bpi3d4uq2zwdatp"},"id":"ffbp8e1fk1flq62","previousOperationId":"vb5ddhbx2kih15j"}
{"type":"log","timestamp":1704997807618,"level":"debug","message":"Page request finished: GET (script) 200 https://cdn.jsdelivr.net/npm/chart.js","meta":{"rootId":"bpi3d4uq2zwdatp","id":"bpi3d4uq2zwdatp"},"id":"8173a4xrxxgrypx","previousOperationId":"vb5ddhbx2kih15j"}
{"type":"log","timestamp":1704997807657,"level":"debug","message":"Running chrome with params {\"printBackground\":true,\"timeout\":58519,\"margin\":{}}","meta":{"rootId":"bpi3d4uq2zwdatp","id":"bpi3d4uq2zwdatp"},"id":"1r7ljtox4lwb9i2","previousOperationId":"vb5ddhbx2kih15j"}
{"type":"operationEnd","operationId":"vb5ddhbx2kih15j","timestamp":1704997807683,"id":"9zhmtgyvjfaz0te","previousEventId":"vaefsy3r82t8ht1","previousOperationId":"vb5ddhbx2kih15j"}
{"type":"log","timestamp":1704997807683,"level":"debug","message":"Skipping storing report.","meta":{"rootId":"bpi3d4uq2zwdatp","id":"bpi3d4uq2zwdatp"},"id":"p00w5x4u852jk19","previousOperationId":"vb5ddhbx2kih15j"}
{"type":"log","timestamp":1704997807683,"level":"info","message":"Rendering request 18 finished in 1593 ms","meta":{"rootId":"bpi3d4uq2zwdatp","id":"bpi3d4uq2zwdatp"},"id":"nfw9bt1fuwvs9ma","previousOperationId":"vb5ddhbx2kih15j"}
{"type":"operationEnd","subtype":"render","operationId":"ip26gmq557qgyho","timestamp":1704997807683,"id":"nsdg1n1vk26owva","previousEventId":"9zhmtgyvjfaz0te","previousOperationId":"vb5ddhbx2kih15j"}
{"type":"operationEnd","doDiffs":false,"previousEventId":"9bjr7sdzw5bbum3","previousOperationId":"moxhb91bbpdn1w7","operationId":"moxhb91bbpdn1w7","timestamp":1704997807686,"id":"gofnpfdjo3ncd48"}
