{"type":"operationStart","subtype":"profile","data":{"_id":"1xKhuXOi3NQc5VN3","timestamp":"2024-01-10T20:34:46.911Z","state":"queued","mode":"standard","creationDate":"2024-01-10T20:34:46.912Z","modificationDate":"2024-01-10T20:34:46.912Z","shortid":"qUopfx7","$entitySet":"profiles"},"doDiffs":false,"timestamp":1704918886912,"id":"o4lamyhpv5p930t","previousOperationId":null,"operationId":"3afzzmud6gk36i6"}
{"type":"log","level":"info","message":"Render request 22 queued for execution and waiting for available worker","previousOperationId":"3afzzmud6gk36i6","timestamp":1704918886912,"id":"cqoctnxqehhg3wf"}
{"type":"operationStart","subtype":"render","name":"User_project","previousOperationId":"3afzzmud6gk36i6","timestamp":1704918886916,"id":"c29djrff8jzw9fy","previousEventId":"o4lamyhpv5p930t","operationId":"kea3cz2gh1gd90p"}
{"type":"log","timestamp":1704918886916,"level":"info","message":"Starting rendering request 22","meta":{"rootId":"byorueol1h8qrxe","id":"byorueol1h8qrxe"},"id":"vz10xhma2huh69a","previousOperationId":"kea3cz2gh1gd90p"}
{"type":"log","timestamp":1704918886916,"level":"info","message":"Rendering template { name: User_project, recipe: chrome-pdf, engine: handlebars, preview: true }","meta":{"rootId":"byorueol1h8qrxe","id":"byorueol1h8qrxe"},"id":"c4ocw7nmfiz5en8","previousOperationId":"kea3cz2gh1gd90p"}
{"type":"log","timestamp":1704918886916,"level":"debug","message":"Data item not defined for this template.","meta":{"rootId":"byorueol1h8qrxe","id":"byorueol1h8qrxe"},"id":"ldg64ym42trgs5a","previousOperationId":"kea3cz2gh1gd90p"}
{"type":"log","timestamp":1704918886918,"level":"debug","message":"Executing script usabi-data (beforeRender)","meta":{"rootId":"byorueol1h8qrxe","id":"byorueol1h8qrxe"},"id":"6d4kppmi73n406l","previousOperationId":"kea3cz2gh1gd90p"}
{"type":"operationStart","subtype":"scriptsBeforeRender","name":"scripts beforeRender","timestamp":1704918886921,"id":"rs4khowji4ghls8","previousEventId":"c29djrff8jzw9fy","operationId":"eh6oh0ou468dzrf","previousOperationId":"kea3cz2gh1gd90p"}
{"type":"operationStart","subtype":"script","name":"scripts usabi-data","previousOperationId":"eh6oh0ou468dzrf","timestamp":1704918886921,"id":"w4kcdzuu9s4bnf7","previousEventId":"rs4khowji4ghls8","operationId":"0zwdxl9dl5mhxzz"}
{"type":"operationEnd","operationId":"0zwdxl9dl5mhxzz","timestamp":1704918886931,"id":"9xb7rmdmrmaxhb7","previousEventId":"c29djrff8jzw9fy","previousOperationId":"kea3cz2gh1gd90p"}
{"type":"operationEnd","operationId":"eh6oh0ou468dzrf","timestamp":1704918886931,"id":"ukwbzenkoec6ck5","previousEventId":"9xb7rmdmrmaxhb7","previousOperationId":"kea3cz2gh1gd90p"}
{"type":"log","timestamp":1704918886931,"level":"debug","message":"Base url not specified, skipping its injection.","meta":{"rootId":"byorueol1h8qrxe","id":"byorueol1h8qrxe"},"id":"fuurhqbpg032but","previousOperationId":"eh6oh0ou468dzrf"}
{"type":"operationStart","subtype":"engine","name":"handlebars","timestamp":1704918886932,"id":"fzp0c3f2msf3o4j","previousEventId":"ukwbzenkoec6ck5","operationId":"9e93l54u58pyz0x","previousOperationId":"eh6oh0ou468dzrf"}
{"type":"log","timestamp":1704918886932,"level":"debug","message":"Rendering engine handlebars","meta":{"rootId":"byorueol1h8qrxe","id":"byorueol1h8qrxe"},"id":"n0afxsp5sxv63ys","previousOperationId":"9e93l54u58pyz0x"}
{"type":"operationEnd","operationId":"9e93l54u58pyz0x","timestamp":1704918886939,"id":"41fkwmh986t4j51","previousEventId":"fzp0c3f2msf3o4j","previousOperationId":"9e93l54u58pyz0x"}
{"type":"operationStart","subtype":"recipe","name":"chrome-pdf","timestamp":1704918886940,"id":"it329i6qdkoz5kg","previousEventId":"41fkwmh986t4j51","operationId":"2l302xenjx94lqa","previousOperationId":"9e93l54u58pyz0x"}
{"type":"log","timestamp":1704918886940,"level":"debug","message":"Executing recipe chrome-pdf","meta":{"rootId":"byorueol1h8qrxe","id":"byorueol1h8qrxe"},"id":"wc62qm93k3r9129","previousOperationId":"2l302xenjx94lqa"}
{"type":"log","timestamp":1704918886942,"level":"debug","message":"Converting with chrome HeadlessChrome/117.0.5938.149 using chrome-pool strategy","meta":{"rootId":"byorueol1h8qrxe","id":"byorueol1h8qrxe"},"id":"10jxs5eap3i90p9","previousOperationId":"2l302xenjx94lqa"}
{"type":"log","timestamp":1704918886972,"level":"debug","message":"Page request: GET (document) file:///tmp/jsreport/autocleanup/c163662d-a27a-45b3-a918-6a25e045ccb2-chrome-pdf.html","meta":{"rootId":"byorueol1h8qrxe","id":"byorueol1h8qrxe"},"id":"6g86lcro5beyx4a","previousOperationId":"2l302xenjx94lqa"}
{"type":"log","timestamp":1704918886980,"level":"debug","message":"Page request finished: GET (document) 200 file:///tmp/jsreport/autocleanup/c163662d-a27a-45b3-a918-6a25e045ccb2-chrome-pdf.html","meta":{"rootId":"byorueol1h8qrxe","id":"byorueol1h8qrxe"},"id":"rqumycultbmzvl5","previousOperationId":"2l302xenjx94lqa"}
{"type":"log","timestamp":1704918886983,"level":"debug","message":"Running chrome with params {\"printBackground\":true,\"timeout\":59970,\"margin\":{}}","meta":{"rootId":"byorueol1h8qrxe","id":"byorueol1h8qrxe"},"id":"o9neqd5pasiwmjt","previousOperationId":"2l302xenjx94lqa"}
{"type":"operationEnd","operationId":"2l302xenjx94lqa","timestamp":1704918886995,"id":"y7p8njcphdkihee","previousEventId":"it329i6qdkoz5kg","previousOperationId":"2l302xenjx94lqa"}
{"type":"log","timestamp":1704918886995,"level":"debug","message":"Skipping storing report.","meta":{"rootId":"byorueol1h8qrxe","id":"byorueol1h8qrxe"},"id":"zr5yc9qs3urohy2","previousOperationId":"2l302xenjx94lqa"}
{"type":"log","timestamp":1704918886995,"level":"info","message":"Rendering request 22 finished in 84 ms","meta":{"rootId":"byorueol1h8qrxe","id":"byorueol1h8qrxe"},"id":"heyt9hbyzz6cj07","previousOperationId":"2l302xenjx94lqa"}
{"type":"operationEnd","subtype":"render","operationId":"kea3cz2gh1gd90p","timestamp":1704918886995,"id":"pvchiy62bshoebi","previousEventId":"y7p8njcphdkihee","previousOperationId":"2l302xenjx94lqa"}
{"type":"operationEnd","doDiffs":false,"previousEventId":"o4lamyhpv5p930t","previousOperationId":"3afzzmud6gk36i6","operationId":"3afzzmud6gk36i6","timestamp":1704918886998,"id":"zguu9i2s4rl1gxk"}
