{"type":"operationStart","subtype":"profile","data":{"_id":"Bf6qDeDe5b0bR3R4","timestamp":"2024-01-11T18:03:23.747Z","state":"queued","mode":"standard","creationDate":"2024-01-11T18:03:23.747Z","modificationDate":"2024-01-11T18:03:23.747Z","shortid":"iR7aYCj","$entitySet":"profiles"},"doDiffs":false,"timestamp":1704996203747,"id":"2b3hlvm9zcpmj8k","previousOperationId":null,"operationId":"4fxh4xpmkguu4my"}
{"type":"log","level":"info","message":"Render request 37 queued for execution and waiting for available worker","previousOperationId":"4fxh4xpmkguu4my","timestamp":1704996203747,"id":"r2rriy43kp5qyrx"}
{"type":"operationStart","subtype":"render","name":"User_project","previousOperationId":"4fxh4xpmkguu4my","timestamp":1704996203751,"id":"vrux4vrhtuwu0r7","previousEventId":"2b3hlvm9zcpmj8k","operationId":"bo116wxakd75mvk"}
{"type":"log","timestamp":1704996203751,"level":"info","message":"Starting rendering request 37","meta":{"rootId":"c1qn2wmw35owkmp","id":"c1qn2wmw35owkmp"},"id":"lew4j4j48x7ndkn","previousOperationId":"bo116wxakd75mvk"}
{"type":"log","timestamp":1704996203751,"level":"info","message":"Rendering template { name: User_project, recipe: chrome-pdf, engine: handlebars, preview: true }","meta":{"rootId":"c1qn2wmw35owkmp","id":"c1qn2wmw35owkmp"},"id":"oahpmkdwyi8asf3","previousOperationId":"bo116wxakd75mvk"}
{"type":"log","timestamp":1704996203752,"level":"debug","message":"Data item not defined for this template.","meta":{"rootId":"c1qn2wmw35owkmp","id":"c1qn2wmw35owkmp"},"id":"ar5ibmg0d3dsevm","previousOperationId":"bo116wxakd75mvk"}
{"type":"log","timestamp":1704996203753,"level":"debug","message":"Executing script usabi-data (beforeRender)","meta":{"rootId":"c1qn2wmw35owkmp","id":"c1qn2wmw35owkmp"},"id":"hsehzr8x61v20sb","previousOperationId":"bo116wxakd75mvk"}
{"type":"operationStart","subtype":"scriptsBeforeRender","name":"scripts beforeRender","timestamp":1704996203756,"id":"65leph71428mr8i","previousEventId":"vrux4vrhtuwu0r7","operationId":"paejaa0q3353ks4","previousOperationId":"bo116wxakd75mvk"}
{"type":"operationStart","subtype":"script","name":"scripts usabi-data","previousOperationId":"paejaa0q3353ks4","timestamp":1704996203756,"id":"jyai8l2519st9a1","previousEventId":"65leph71428mr8i","operationId":"kuko5rr249cs5if"}
{"type":"operationEnd","operationId":"kuko5rr249cs5if","timestamp":1704996203768,"id":"59q079ujdxg1cl5","previousEventId":"vrux4vrhtuwu0r7","previousOperationId":"bo116wxakd75mvk"}
{"type":"log","timestamp":1704996203768,"level":"debug","message":"Executing script orders-script (beforeRender)","meta":{"rootId":"c1qn2wmw35owkmp","id":"c1qn2wmw35owkmp"},"id":"ycbjpn73ynl2w12","previousOperationId":"bo116wxakd75mvk"}
{"type":"operationStart","subtype":"script","name":"scripts orders-script","previousOperationId":"paejaa0q3353ks4","timestamp":1704996203772,"id":"9byhsui6ar4op4k","previousEventId":"59q079ujdxg1cl5","operationId":"7df7c2brpg5a3ax"}
{"type":"operationEnd","operationId":"7df7c2brpg5a3ax","timestamp":1704996205192,"id":"jeb6q4d3toxkm9t","previousEventId":"59q079ujdxg1cl5","previousOperationId":"bo116wxakd75mvk"}
{"type":"operationEnd","operationId":"paejaa0q3353ks4","timestamp":1704996205192,"id":"d11t0x4dgs1floe","previousEventId":"jeb6q4d3toxkm9t","previousOperationId":"bo116wxakd75mvk"}
{"type":"log","timestamp":1704996205192,"level":"debug","message":"Base url not specified, skipping its injection.","meta":{"rootId":"c1qn2wmw35owkmp","id":"c1qn2wmw35owkmp"},"id":"vy6u7rps2m5wqow","previousOperationId":"paejaa0q3353ks4"}
{"type":"operationStart","subtype":"engine","name":"handlebars","timestamp":1704996205192,"id":"gyf1v26vrf9rur6","previousEventId":"d11t0x4dgs1floe","operationId":"jxk75touwf6vzus","previousOperationId":"paejaa0q3353ks4"}
{"type":"log","timestamp":1704996205192,"level":"debug","message":"Rendering engine handlebars","meta":{"rootId":"c1qn2wmw35owkmp","id":"c1qn2wmw35owkmp"},"id":"500ay2tz9xbguu1","previousOperationId":"jxk75touwf6vzus"}
{"type":"operationEnd","operationId":"jxk75touwf6vzus","timestamp":1704996205200,"id":"pp61be0gq7apqth","previousEventId":"gyf1v26vrf9rur6","previousOperationId":"jxk75touwf6vzus"}
{"type":"operationStart","subtype":"recipe","name":"chrome-pdf","timestamp":1704996205200,"id":"4gx1yyprd3f66nx","previousEventId":"pp61be0gq7apqth","operationId":"7zfjqraw51ht4h1","previousOperationId":"jxk75touwf6vzus"}
{"type":"log","timestamp":1704996205201,"level":"debug","message":"Executing recipe chrome-pdf","meta":{"rootId":"c1qn2wmw35owkmp","id":"c1qn2wmw35owkmp"},"id":"hr8drfuz8kxi1qm","previousOperationId":"7zfjqraw51ht4h1"}
{"type":"log","timestamp":1704996205202,"level":"debug","message":"Converting with chrome HeadlessChrome/117.0.5938.149 using chrome-pool strategy","meta":{"rootId":"c1qn2wmw35owkmp","id":"c1qn2wmw35owkmp"},"id":"yow4uyys5jjv059","previousOperationId":"7zfjqraw51ht4h1"}
{"type":"log","timestamp":1704996205231,"level":"debug","message":"Page request: GET (document) file:///tmp/jsreport/autocleanup/b810c177-c338-4656-9abf-d8b027256496-chrome-pdf.html","meta":{"rootId":"c1qn2wmw35owkmp","id":"c1qn2wmw35owkmp"},"id":"gatadddyc60cua3","previousOperationId":"7zfjqraw51ht4h1"}
{"type":"log","timestamp":1704996205237,"level":"debug","message":"Page request: GET (script) https://cdn.jsdelivr.net/npm/chart.js","meta":{"rootId":"c1qn2wmw35owkmp","id":"c1qn2wmw35owkmp"},"id":"15g3ijhmmcxt4qt","previousOperationId":"7zfjqraw51ht4h1"}
{"type":"log","timestamp":1704996205237,"level":"debug","message":"Page request finished: GET (document) 200 file:///tmp/jsreport/autocleanup/b810c177-c338-4656-9abf-d8b027256496-chrome-pdf.html","meta":{"rootId":"c1qn2wmw35owkmp","id":"c1qn2wmw35owkmp"},"id":"cbv2cy9bky2h8er","previousOperationId":"7zfjqraw51ht4h1"}
{"type":"log","timestamp":1704996205240,"level":"debug","message":"Page request finished: GET (script) 200 https://cdn.jsdelivr.net/npm/chart.js","meta":{"rootId":"c1qn2wmw35owkmp","id":"c1qn2wmw35owkmp"},"id":"u0a82fo45gyeiuu","previousOperationId":"7zfjqraw51ht4h1"}
{"type":"log","timestamp":1704996205300,"level":"debug","message":"Running chrome with params {\"printBackground\":true,\"timeout\":58545,\"margin\":{}}","meta":{"rootId":"c1qn2wmw35owkmp","id":"c1qn2wmw35owkmp"},"id":"bq7pg4w8wuejj2r","previousOperationId":"7zfjqraw51ht4h1"}
{"type":"operationEnd","operationId":"7zfjqraw51ht4h1","timestamp":1704996205343,"id":"bclu58285lwpups","previousEventId":"4gx1yyprd3f66nx","previousOperationId":"7zfjqraw51ht4h1"}
{"type":"log","timestamp":1704996205343,"level":"debug","message":"Skipping storing report.","meta":{"rootId":"c1qn2wmw35owkmp","id":"c1qn2wmw35owkmp"},"id":"0uyywvgn8efp1rc","previousOperationId":"7zfjqraw51ht4h1"}
{"type":"log","timestamp":1704996205343,"level":"info","message":"Rendering request 37 finished in 1597 ms","meta":{"rootId":"c1qn2wmw35owkmp","id":"c1qn2wmw35owkmp"},"id":"wxskeh89rr2rcl3","previousOperationId":"7zfjqraw51ht4h1"}
{"type":"operationEnd","subtype":"render","operationId":"bo116wxakd75mvk","timestamp":1704996205343,"id":"duidnpu2seskr7a","previousEventId":"bclu58285lwpups","previousOperationId":"7zfjqraw51ht4h1"}
{"type":"operationEnd","doDiffs":false,"previousEventId":"2b3hlvm9zcpmj8k","previousOperationId":"4fxh4xpmkguu4my","operationId":"4fxh4xpmkguu4my","timestamp":1704996205345,"id":"yzw7si8ee9crhax"}
