{"type":"operationStart","subtype":"profile","data":{"_id":"kqBhc7axUwx5IsJQ","timestamp":"2024-01-11T16:10:35.469Z","state":"queued","mode":"standard","creationDate":"2024-01-11T16:10:35.470Z","modificationDate":"2024-01-11T16:10:35.470Z","shortid":"byl0H2q","$entitySet":"profiles"},"doDiffs":false,"timestamp":1704989435470,"id":"jubp7y0qyyovbnz","previousOperationId":null,"operationId":"i07nkgdudnatojo"}
{"type":"log","level":"info","message":"Render request 12 queued for execution and waiting for available worker","previousOperationId":"i07nkgdudnatojo","timestamp":1704989435470,"id":"mzttapabvvum0zh"}
{"type":"operationStart","subtype":"render","name":"User_project","previousOperationId":"i07nkgdudnatojo","timestamp":1704989435476,"id":"lf46icsrsspk8ct","previousEventId":"jubp7y0qyyovbnz","operationId":"6j54624ec33t7ub"}
{"type":"log","timestamp":1704989435476,"level":"info","message":"Starting rendering request 12","meta":{"rootId":"c32z10liv5u3z3v","id":"c32z10liv5u3z3v"},"id":"d3dar3gv15y9s4n","previousOperationId":"6j54624ec33t7ub"}
{"type":"log","timestamp":1704989435477,"level":"info","message":"Rendering template { name: User_project, recipe: chrome-pdf, engine: handlebars, preview: true }","meta":{"rootId":"c32z10liv5u3z3v","id":"c32z10liv5u3z3v"},"id":"u1c44t9kb06ka7z","previousOperationId":"6j54624ec33t7ub"}
{"type":"log","timestamp":1704989435477,"level":"debug","message":"Data item not defined for this template.","meta":{"rootId":"c32z10liv5u3z3v","id":"c32z10liv5u3z3v"},"id":"nyyiz50wk05vf4y","previousOperationId":"6j54624ec33t7ub"}
{"type":"log","timestamp":1704989435478,"level":"debug","message":"Executing script usabi-data (beforeRender)","meta":{"rootId":"c32z10liv5u3z3v","id":"c32z10liv5u3z3v"},"id":"wp9f8ifmhj5okwj","previousOperationId":"6j54624ec33t7ub"}
{"type":"operationStart","subtype":"scriptsBeforeRender","name":"scripts beforeRender","timestamp":1704989435482,"id":"0acvzun4uidru10","previousEventId":"lf46icsrsspk8ct","operationId":"j0of3ibd9ey3rcs","previousOperationId":"6j54624ec33t7ub"}
{"type":"operationStart","subtype":"script","name":"scripts usabi-data","previousOperationId":"j0of3ibd9ey3rcs","timestamp":1704989435482,"id":"q9xxexjxm81377v","previousEventId":"0acvzun4uidru10","operationId":"u7osmv007douwbh"}
{"type":"operationEnd","operationId":"u7osmv007douwbh","timestamp":1704989435496,"id":"m7um58v2wqp488y","previousEventId":"lf46icsrsspk8ct","previousOperationId":"6j54624ec33t7ub"}
{"type":"operationEnd","operationId":"j0of3ibd9ey3rcs","timestamp":1704989435496,"id":"66o1vkgilnzyjmi","previousEventId":"m7um58v2wqp488y","previousOperationId":"6j54624ec33t7ub"}
{"type":"log","timestamp":1704989435496,"level":"debug","message":"Base url not specified, skipping its injection.","meta":{"rootId":"c32z10liv5u3z3v","id":"c32z10liv5u3z3v"},"id":"l9kb57lmvtzned1","previousOperationId":"j0of3ibd9ey3rcs"}
{"type":"operationStart","subtype":"engine","name":"handlebars","timestamp":1704989435496,"id":"q0cmq65eo8zzv6v","previousEventId":"66o1vkgilnzyjmi","operationId":"s5jdq5fcylncne2","previousOperationId":"j0of3ibd9ey3rcs"}
{"type":"log","timestamp":1704989435496,"level":"debug","message":"Rendering engine handlebars","meta":{"rootId":"c32z10liv5u3z3v","id":"c32z10liv5u3z3v"},"id":"0dp5gl97oh3g0l7","previousOperationId":"s5jdq5fcylncne2"}
{"type":"operationEnd","operationId":"s5jdq5fcylncne2","timestamp":1704989435507,"id":"c4xapruk6ydeuux","previousEventId":"q0cmq65eo8zzv6v","previousOperationId":"s5jdq5fcylncne2"}
{"type":"operationStart","subtype":"recipe","name":"chrome-pdf","timestamp":1704989435507,"id":"04exb6srpuz09i6","previousEventId":"c4xapruk6ydeuux","operationId":"nqpmdx41miletau","previousOperationId":"s5jdq5fcylncne2"}
{"type":"log","timestamp":1704989435508,"level":"debug","message":"Executing recipe chrome-pdf","meta":{"rootId":"c32z10liv5u3z3v","id":"c32z10liv5u3z3v"},"id":"qhm6qfeevsd6s4s","previousOperationId":"nqpmdx41miletau"}
{"type":"log","timestamp":1704989435509,"level":"debug","message":"Converting with chrome HeadlessChrome/117.0.5938.149 using chrome-pool strategy","meta":{"rootId":"c32z10liv5u3z3v","id":"c32z10liv5u3z3v"},"id":"4u6rybn2lu2swsu","previousOperationId":"nqpmdx41miletau"}
{"type":"log","timestamp":1704989435551,"level":"debug","message":"Page request: GET (document) file:///tmp/jsreport/autocleanup/6c5b78ee-868e-435c-b203-f614b39f0f25-chrome-pdf.html","meta":{"rootId":"c32z10liv5u3z3v","id":"c32z10liv5u3z3v"},"id":"v9k4b9vh1r4a6ex","previousOperationId":"nqpmdx41miletau"}
{"type":"log","timestamp":1704989435559,"level":"debug","message":"Page request: GET (script) https://cdn.jsdelivr.net/npm/chart.js","meta":{"rootId":"c32z10liv5u3z3v","id":"c32z10liv5u3z3v"},"id":"y9f0ipkdoyd4qbs","previousOperationId":"nqpmdx41miletau"}
{"type":"log","timestamp":1704989435559,"level":"debug","message":"Page request finished: GET (document) 200 file:///tmp/jsreport/autocleanup/6c5b78ee-868e-435c-b203-f614b39f0f25-chrome-pdf.html","meta":{"rootId":"c32z10liv5u3z3v","id":"c32z10liv5u3z3v"},"id":"2lj7b85a9pgvd8u","previousOperationId":"nqpmdx41miletau"}
{"type":"log","timestamp":1704989435782,"level":"debug","message":"Page request finished: GET (script) 200 https://cdn.jsdelivr.net/npm/chart.js","meta":{"rootId":"c32z10liv5u3z3v","id":"c32z10liv5u3z3v"},"id":"jjvuqkngwzo6iz9","previousOperationId":"nqpmdx41miletau"}
{"type":"log","timestamp":1704989435837,"level":"debug","message":"Running chrome with params {\"printBackground\":true,\"timeout\":59961,\"margin\":{}}","meta":{"rootId":"c32z10liv5u3z3v","id":"c32z10liv5u3z3v"},"id":"q6z77bjdw0ejdb2","previousOperationId":"nqpmdx41miletau"}
{"type":"operationEnd","operationId":"nqpmdx41miletau","timestamp":1704989435859,"id":"oc4dl6fjuoloaqe","previousEventId":"04exb6srpuz09i6","previousOperationId":"nqpmdx41miletau"}
{"type":"log","timestamp":1704989435859,"level":"debug","message":"Skipping storing report.","meta":{"rootId":"c32z10liv5u3z3v","id":"c32z10liv5u3z3v"},"id":"v1ft5lwhhov3zlq","previousOperationId":"nqpmdx41miletau"}
{"type":"log","timestamp":1704989435859,"level":"info","message":"Rendering request 12 finished in 390 ms","meta":{"rootId":"c32z10liv5u3z3v","id":"c32z10liv5u3z3v"},"id":"n2d9gq87pw71mu4","previousOperationId":"nqpmdx41miletau"}
{"type":"operationEnd","subtype":"render","operationId":"6j54624ec33t7ub","timestamp":1704989435859,"id":"zfdor8kbxfvbnv4","previousEventId":"oc4dl6fjuoloaqe","previousOperationId":"nqpmdx41miletau"}
{"type":"operationEnd","doDiffs":false,"previousEventId":"jubp7y0qyyovbnz","previousOperationId":"i07nkgdudnatojo","operationId":"i07nkgdudnatojo","timestamp":1704989435862,"id":"3ux6h01a9zr365w"}
