{"type":"operationStart","subtype":"profile","data":{"_id":"CMiaF5m7EfvRLpRS","timestamp":"2024-01-11T16:15:53.197Z","state":"queued","mode":"standard","creationDate":"2024-01-11T16:15:53.198Z","modificationDate":"2024-01-11T16:15:53.198Z","shortid":"tVR0k5S","$entitySet":"profiles"},"doDiffs":false,"timestamp":1704989753198,"id":"the64t80kvqda4r","previousOperationId":null,"operationId":"vzg1txyko99uqc9"}
{"type":"log","level":"info","message":"Render request 17 queued for execution and waiting for available worker","previousOperationId":"vzg1txyko99uqc9","timestamp":1704989753198,"id":"zeysdtcq0y5wjym"}
{"type":"operationStart","subtype":"render","name":"User_project","previousOperationId":"vzg1txyko99uqc9","timestamp":1704989753201,"id":"3m02y3yhr7qn0mb","previousEventId":"the64t80kvqda4r","operationId":"1k905lz2mq9yynh"}
{"type":"log","timestamp":1704989753201,"level":"info","message":"Starting rendering request 17","meta":{"rootId":"ca3auuxho1h4odo","id":"ca3auuxho1h4odo"},"id":"vd25h2ib3q7dlts","previousOperationId":"1k905lz2mq9yynh"}
{"type":"log","timestamp":1704989753202,"level":"info","message":"Rendering template { name: User_project, recipe: chrome-pdf, engine: handlebars, preview: true }","meta":{"rootId":"ca3auuxho1h4odo","id":"ca3auuxho1h4odo"},"id":"f6d9ar8jv6isebi","previousOperationId":"1k905lz2mq9yynh"}
{"type":"log","timestamp":1704989753202,"level":"debug","message":"Data item not defined for this template.","meta":{"rootId":"ca3auuxho1h4odo","id":"ca3auuxho1h4odo"},"id":"qyfon8evhq9jpmo","previousOperationId":"1k905lz2mq9yynh"}
{"type":"log","timestamp":1704989753203,"level":"debug","message":"Executing script usabi-data (beforeRender)","meta":{"rootId":"ca3auuxho1h4odo","id":"ca3auuxho1h4odo"},"id":"926xjuvr4m1mq3n","previousOperationId":"1k905lz2mq9yynh"}
{"type":"operationStart","subtype":"scriptsBeforeRender","name":"scripts beforeRender","timestamp":1704989753206,"id":"qv1f9uxuzylt9w6","previousEventId":"3m02y3yhr7qn0mb","operationId":"1gsyeo0foawejwg","previousOperationId":"1k905lz2mq9yynh"}
{"type":"operationStart","subtype":"script","name":"scripts usabi-data","previousOperationId":"1gsyeo0foawejwg","timestamp":1704989753206,"id":"kwianmipnyqfzeh","previousEventId":"qv1f9uxuzylt9w6","operationId":"slipfnhfpa0h55w"}
{"type":"operationEnd","operationId":"slipfnhfpa0h55w","timestamp":1704989753217,"id":"zo8q2h3qwu6odud","previousEventId":"3m02y3yhr7qn0mb","previousOperationId":"1k905lz2mq9yynh"}
{"type":"operationEnd","operationId":"1gsyeo0foawejwg","timestamp":1704989753217,"id":"wjvkucqt9pbw03r","previousEventId":"zo8q2h3qwu6odud","previousOperationId":"1k905lz2mq9yynh"}
{"type":"log","timestamp":1704989753217,"level":"debug","message":"Base url not specified, skipping its injection.","meta":{"rootId":"ca3auuxho1h4odo","id":"ca3auuxho1h4odo"},"id":"ekq23im6phhjyoh","previousOperationId":"1gsyeo0foawejwg"}
{"type":"operationStart","subtype":"engine","name":"handlebars","timestamp":1704989753217,"id":"6hc5696y2ukcrqs","previousEventId":"wjvkucqt9pbw03r","operationId":"ak24brv0ctd28ja","previousOperationId":"1gsyeo0foawejwg"}
{"type":"log","timestamp":1704989753217,"level":"debug","message":"Rendering engine handlebars","meta":{"rootId":"ca3auuxho1h4odo","id":"ca3auuxho1h4odo"},"id":"lc91cny0keqzfdq","previousOperationId":"ak24brv0ctd28ja"}
{"type":"operationEnd","operationId":"ak24brv0ctd28ja","timestamp":1704989753225,"id":"xfl9axt1f6birz1","previousEventId":"6hc5696y2ukcrqs","previousOperationId":"ak24brv0ctd28ja"}
{"type":"operationStart","subtype":"recipe","name":"chrome-pdf","timestamp":1704989753225,"id":"t9b14x8lm4y0unc","previousEventId":"xfl9axt1f6birz1","operationId":"8xg60kx3cvyy9z2","previousOperationId":"ak24brv0ctd28ja"}
{"type":"log","timestamp":1704989753225,"level":"debug","message":"Executing recipe chrome-pdf","meta":{"rootId":"ca3auuxho1h4odo","id":"ca3auuxho1h4odo"},"id":"e5cksxj98v8uqis","previousOperationId":"8xg60kx3cvyy9z2"}
{"type":"log","timestamp":1704989753227,"level":"debug","message":"Converting with chrome HeadlessChrome/117.0.5938.149 using chrome-pool strategy","meta":{"rootId":"ca3auuxho1h4odo","id":"ca3auuxho1h4odo"},"id":"znwnhl5sgn0q98h","previousOperationId":"8xg60kx3cvyy9z2"}
{"type":"log","timestamp":1704989753258,"level":"debug","message":"Page request: GET (document) file:///tmp/jsreport/autocleanup/44265583-fdf2-4629-bf65-e307cedacf7c-chrome-pdf.html","meta":{"rootId":"ca3auuxho1h4odo","id":"ca3auuxho1h4odo"},"id":"1eo7205u1s39ati","previousOperationId":"8xg60kx3cvyy9z2"}
{"type":"log","timestamp":1704989753265,"level":"debug","message":"Page request: GET (script) https://cdn.jsdelivr.net/npm/chart.js","meta":{"rootId":"ca3auuxho1h4odo","id":"ca3auuxho1h4odo"},"id":"da2zrg7mwncwhvh","previousOperationId":"8xg60kx3cvyy9z2"}
{"type":"log","timestamp":1704989753266,"level":"debug","message":"Page request finished: GET (document) 200 file:///tmp/jsreport/autocleanup/44265583-fdf2-4629-bf65-e307cedacf7c-chrome-pdf.html","meta":{"rootId":"ca3auuxho1h4odo","id":"ca3auuxho1h4odo"},"id":"k7dccolndipd4d3","previousOperationId":"8xg60kx3cvyy9z2"}
{"type":"log","timestamp":1704989753269,"level":"debug","message":"Page request finished: GET (script) 200 https://cdn.jsdelivr.net/npm/chart.js","meta":{"rootId":"ca3auuxho1h4odo","id":"ca3auuxho1h4odo"},"id":"t7t0pjrx05j8upl","previousOperationId":"8xg60kx3cvyy9z2"}
{"type":"log","timestamp":1704989753319,"level":"debug","message":"Running chrome with params {\"printBackground\":true,\"timeout\":59971,\"margin\":{}}","meta":{"rootId":"ca3auuxho1h4odo","id":"ca3auuxho1h4odo"},"id":"jrnj02gtz9pede5","previousOperationId":"8xg60kx3cvyy9z2"}
{"type":"operationEnd","operationId":"8xg60kx3cvyy9z2","timestamp":1704989753342,"id":"g3dhnae8dofdh3s","previousEventId":"t9b14x8lm4y0unc","previousOperationId":"8xg60kx3cvyy9z2"}
{"type":"log","timestamp":1704989753342,"level":"debug","message":"Skipping storing report.","meta":{"rootId":"ca3auuxho1h4odo","id":"ca3auuxho1h4odo"},"id":"jnvfpq5melxwbbb","previousOperationId":"8xg60kx3cvyy9z2"}
{"type":"log","timestamp":1704989753342,"level":"info","message":"Rendering request 17 finished in 145 ms","meta":{"rootId":"ca3auuxho1h4odo","id":"ca3auuxho1h4odo"},"id":"9eu1rll8guhlgwc","previousOperationId":"8xg60kx3cvyy9z2"}
{"type":"operationEnd","subtype":"render","operationId":"1k905lz2mq9yynh","timestamp":1704989753342,"id":"museshiy26pa79g","previousEventId":"g3dhnae8dofdh3s","previousOperationId":"8xg60kx3cvyy9z2"}
{"type":"operationEnd","doDiffs":false,"previousEventId":"the64t80kvqda4r","previousOperationId":"vzg1txyko99uqc9","operationId":"vzg1txyko99uqc9","timestamp":1704989753345,"id":"l5kdcfbng0tyqyx"}
