{"type":"operationStart","subtype":"profile","data":{"_id":"iZDUu2CYytNkdwRr","timestamp":"2024-01-11T17:24:29.677Z","state":"queued","mode":"standard","creationDate":"2024-01-11T17:24:29.678Z","modificationDate":"2024-01-11T17:24:29.678Z","shortid":"h5cPeHR","$entitySet":"profiles"},"doDiffs":false,"timestamp":1704993869677,"id":"tgu9xltjqgmuk5n","previousOperationId":null,"operationId":"55rdzejcbb72ylt"}
{"type":"log","level":"info","message":"Render request 138 queued for execution and waiting for available worker","previousOperationId":"55rdzejcbb72ylt","timestamp":1704993869677,"id":"9s95kr7joa68ok3"}
{"type":"operationStart","subtype":"render","name":"User_project","previousOperationId":"55rdzejcbb72ylt","timestamp":1704993869682,"id":"h59obcyoc2sk13k","previousEventId":"tgu9xltjqgmuk5n","operationId":"qovw7osg23xh3qn"}
{"type":"log","timestamp":1704993869682,"level":"info","message":"Starting rendering request 138","meta":{"rootId":"cd5nvjd5dc2vsmf","id":"cd5nvjd5dc2vsmf"},"id":"b4shgbxch9jenua","previousOperationId":"qovw7osg23xh3qn"}
{"type":"log","timestamp":1704993869682,"level":"info","message":"Rendering template { name: User_project, recipe: chrome-pdf, engine: handlebars, preview: true }","meta":{"rootId":"cd5nvjd5dc2vsmf","id":"cd5nvjd5dc2vsmf"},"id":"yvsufhi0zbnonoy","previousOperationId":"qovw7osg23xh3qn"}
{"type":"log","timestamp":1704993869682,"level":"debug","message":"Data item not defined for this template.","meta":{"rootId":"cd5nvjd5dc2vsmf","id":"cd5nvjd5dc2vsmf"},"id":"fv5pbt0q99r2a0c","previousOperationId":"qovw7osg23xh3qn"}
{"type":"log","timestamp":1704993869684,"level":"debug","message":"Executing script usabi-data (beforeRender)","meta":{"rootId":"cd5nvjd5dc2vsmf","id":"cd5nvjd5dc2vsmf"},"id":"1now0myqszlbgby","previousOperationId":"qovw7osg23xh3qn"}
{"type":"operationStart","subtype":"scriptsBeforeRender","name":"scripts beforeRender","timestamp":1704993869690,"id":"6sgyhnwpqc7lk1m","previousEventId":"h59obcyoc2sk13k","operationId":"59yrouvo2a156ik","previousOperationId":"qovw7osg23xh3qn"}
{"type":"operationStart","subtype":"script","name":"scripts usabi-data","previousOperationId":"59yrouvo2a156ik","timestamp":1704993869690,"id":"rs0xqttfukra3rd","previousEventId":"6sgyhnwpqc7lk1m","operationId":"hvp75dr2oeoslog"}
{"type":"operationEnd","operationId":"hvp75dr2oeoslog","timestamp":1704993869711,"id":"kx8z6qlk3prph3z","previousEventId":"h59obcyoc2sk13k","previousOperationId":"qovw7osg23xh3qn"}
{"type":"log","timestamp":1704993869711,"level":"debug","message":"Executing script orders-script (beforeRender)","meta":{"rootId":"cd5nvjd5dc2vsmf","id":"cd5nvjd5dc2vsmf"},"id":"i0oazt5qawgcoqs","previousOperationId":"qovw7osg23xh3qn"}
{"type":"operationStart","subtype":"script","name":"scripts orders-script","previousOperationId":"59yrouvo2a156ik","timestamp":1704993869713,"id":"yrxfifnh0gv92vh","previousEventId":"kx8z6qlk3prph3z","operationId":"yudvj9x0opg8dnn"}
{"type":"operationEnd","operationId":"yudvj9x0opg8dnn","timestamp":1704993870980,"id":"t8n02qgoc7whcvj","previousEventId":"kx8z6qlk3prph3z","previousOperationId":"qovw7osg23xh3qn"}
{"type":"operationEnd","operationId":"59yrouvo2a156ik","timestamp":1704993870980,"id":"n4zlafdbknptvky","previousEventId":"t8n02qgoc7whcvj","previousOperationId":"qovw7osg23xh3qn"}
{"type":"log","timestamp":1704993870980,"level":"debug","message":"Base url not specified, skipping its injection.","meta":{"rootId":"cd5nvjd5dc2vsmf","id":"cd5nvjd5dc2vsmf"},"id":"0g4bpome5wy75qc","previousOperationId":"59yrouvo2a156ik"}
{"type":"operationStart","subtype":"engine","name":"handlebars","timestamp":1704993870980,"id":"b3o39sce7fosic8","previousEventId":"n4zlafdbknptvky","operationId":"taof8jsgmgagwwg","previousOperationId":"59yrouvo2a156ik"}
{"type":"log","timestamp":1704993870980,"level":"debug","message":"Rendering engine handlebars","meta":{"rootId":"cd5nvjd5dc2vsmf","id":"cd5nvjd5dc2vsmf"},"id":"ef671dw1dbf20oa","previousOperationId":"taof8jsgmgagwwg"}
{"type":"operationEnd","operationId":"taof8jsgmgagwwg","timestamp":1704993870988,"id":"tcklbwh4xzx1a9j","previousEventId":"b3o39sce7fosic8","previousOperationId":"taof8jsgmgagwwg"}
{"type":"operationStart","subtype":"recipe","name":"chrome-pdf","timestamp":1704993870988,"id":"7pf76sjfjwsm53h","previousEventId":"tcklbwh4xzx1a9j","operationId":"vrclajuaoyp7dt4","previousOperationId":"taof8jsgmgagwwg"}
{"type":"log","timestamp":1704993870988,"level":"debug","message":"Executing recipe chrome-pdf","meta":{"rootId":"cd5nvjd5dc2vsmf","id":"cd5nvjd5dc2vsmf"},"id":"02t8tca0jo5d9jv","previousOperationId":"vrclajuaoyp7dt4"}
{"type":"log","timestamp":1704993871003,"level":"debug","message":"Converting with chrome HeadlessChrome/117.0.5938.149 using chrome-pool strategy","meta":{"rootId":"cd5nvjd5dc2vsmf","id":"cd5nvjd5dc2vsmf"},"id":"188ndbqyphldaen","previousOperationId":"vrclajuaoyp7dt4"}
{"type":"log","timestamp":1704993871040,"level":"debug","message":"Page request: GET (document) file:///tmp/jsreport/autocleanup/d6faaa95-421e-4571-bfb2-f5d677ed46ad-chrome-pdf.html","meta":{"rootId":"cd5nvjd5dc2vsmf","id":"cd5nvjd5dc2vsmf"},"id":"4f3gufs2d86mn44","previousOperationId":"vrclajuaoyp7dt4"}
{"type":"log","timestamp":1704993871046,"level":"debug","message":"Page request: GET (script) https://cdn.jsdelivr.net/npm/chart.js","meta":{"rootId":"cd5nvjd5dc2vsmf","id":"cd5nvjd5dc2vsmf"},"id":"dgq6xix6vdt1eq4","previousOperationId":"vrclajuaoyp7dt4"}
{"type":"log","timestamp":1704993871046,"level":"debug","message":"Page request finished: GET (document) 200 file:///tmp/jsreport/autocleanup/d6faaa95-421e-4571-bfb2-f5d677ed46ad-chrome-pdf.html","meta":{"rootId":"cd5nvjd5dc2vsmf","id":"cd5nvjd5dc2vsmf"},"id":"g7tl4sh617qrvpv","previousOperationId":"vrclajuaoyp7dt4"}
{"type":"log","timestamp":1704993871050,"level":"debug","message":"Page request finished: GET (script) 200 https://cdn.jsdelivr.net/npm/chart.js","meta":{"rootId":"cd5nvjd5dc2vsmf","id":"cd5nvjd5dc2vsmf"},"id":"91h5n7cssdbjsdm","previousOperationId":"vrclajuaoyp7dt4"}
{"type":"log","timestamp":1704993871052,"level":"warn","message":"Page error: Unexpected token ';' , stack: SyntaxError: Unexpected token ';'","meta":{"rootId":"cd5nvjd5dc2vsmf","id":"cd5nvjd5dc2vsmf"},"id":"hgivf44iun05gnc","previousOperationId":"vrclajuaoyp7dt4"}
{"type":"log","timestamp":1704993871054,"level":"debug","message":"Running chrome with params {\"printBackground\":true,\"timeout\":58675,\"margin\":{}}","meta":{"rootId":"cd5nvjd5dc2vsmf","id":"cd5nvjd5dc2vsmf"},"id":"vtauafioz0cerar","previousOperationId":"vrclajuaoyp7dt4"}
{"type":"operationEnd","operationId":"vrclajuaoyp7dt4","timestamp":1704993871060,"id":"hnty87x790uujib","previousEventId":"7pf76sjfjwsm53h","previousOperationId":"vrclajuaoyp7dt4"}
{"type":"log","timestamp":1704993871060,"level":"debug","message":"Skipping storing report.","meta":{"rootId":"cd5nvjd5dc2vsmf","id":"cd5nvjd5dc2vsmf"},"id":"07sysp1sfn7ea0u","previousOperationId":"vrclajuaoyp7dt4"}
{"type":"log","timestamp":1704993871060,"level":"info","message":"Rendering request 138 finished in 1383 ms","meta":{"rootId":"cd5nvjd5dc2vsmf","id":"cd5nvjd5dc2vsmf"},"id":"0f8kfvsgiu3vxud","previousOperationId":"vrclajuaoyp7dt4"}
{"type":"operationEnd","subtype":"render","operationId":"qovw7osg23xh3qn","timestamp":1704993871060,"id":"ebe9tzp7wwabb0d","previousEventId":"hnty87x790uujib","previousOperationId":"vrclajuaoyp7dt4"}
{"type":"operationEnd","doDiffs":false,"previousEventId":"tgu9xltjqgmuk5n","previousOperationId":"55rdzejcbb72ylt","operationId":"55rdzejcbb72ylt","timestamp":1704993871063,"id":"hfhzoz0pxckylio"}
