{"type":"operationStart","subtype":"profile","data":{"_id":"Rz0bqxWpJPPQPUGu","timestamp":"2024-01-11T18:48:38.957Z","state":"queued","mode":"standard","creationDate":"2024-01-11T18:48:38.958Z","modificationDate":"2024-01-11T18:48:38.958Z","shortid":"qkqQfmb","$entitySet":"profiles"},"doDiffs":false,"timestamp":1704998918957,"id":"c3x6vmj9cad15nj","previousOperationId":null,"operationId":"xxg8c81pyosmsej"}
{"type":"log","level":"info","message":"Render request 41 queued for execution and waiting for available worker","previousOperationId":"xxg8c81pyosmsej","timestamp":1704998918957,"id":"4t0fcja9an37u01"}
{"type":"operationStart","subtype":"render","name":"User_project","previousOperationId":"xxg8c81pyosmsej","timestamp":1704998918961,"id":"5p63vp5ysxt3j6b","previousEventId":"c3x6vmj9cad15nj","operationId":"5njutuyxgux29zk"}
{"type":"log","timestamp":1704998918961,"level":"info","message":"Starting rendering request 41","meta":{"rootId":"cghojudh1iva6uc","id":"cghojudh1iva6uc"},"id":"wj6esi47fnnzvks","previousOperationId":"5njutuyxgux29zk"}
{"type":"log","timestamp":1704998918961,"level":"info","message":"Rendering template { name: User_project, recipe: chrome-pdf, engine: handlebars, preview: true }","meta":{"rootId":"cghojudh1iva6uc","id":"cghojudh1iva6uc"},"id":"7uyws1e9dxsn6lc","previousOperationId":"5njutuyxgux29zk"}
{"type":"log","timestamp":1704998918962,"level":"debug","message":"Data item not defined for this template.","meta":{"rootId":"cghojudh1iva6uc","id":"cghojudh1iva6uc"},"id":"k1u68rfav8iqkox","previousOperationId":"5njutuyxgux29zk"}
{"type":"log","timestamp":1704998918964,"level":"debug","message":"Executing script usabi-data (beforeRender)","meta":{"rootId":"cghojudh1iva6uc","id":"cghojudh1iva6uc"},"id":"cigafch5ej1vaeb","previousOperationId":"5njutuyxgux29zk"}
{"type":"operationStart","subtype":"scriptsBeforeRender","name":"scripts beforeRender","timestamp":1704998918967,"id":"og6j3xb39gi0sc0","previousEventId":"5p63vp5ysxt3j6b","operationId":"fyii2bn6xxst0ek","previousOperationId":"5njutuyxgux29zk"}
{"type":"operationStart","subtype":"script","name":"scripts usabi-data","previousOperationId":"fyii2bn6xxst0ek","timestamp":1704998918967,"id":"e6lktbcr23hadui","previousEventId":"og6j3xb39gi0sc0","operationId":"k4lqlw9uvrqr24h"}
{"type":"operationEnd","operationId":"k4lqlw9uvrqr24h","timestamp":1704998918992,"id":"7e9fiwhss03j5c2","previousEventId":"5p63vp5ysxt3j6b","previousOperationId":"5njutuyxgux29zk"}
{"type":"log","timestamp":1704998918992,"level":"debug","message":"Executing script orders-script (beforeRender)","meta":{"rootId":"cghojudh1iva6uc","id":"cghojudh1iva6uc"},"id":"8saswknh7bvqvgk","previousOperationId":"5njutuyxgux29zk"}
{"type":"operationStart","subtype":"script","name":"scripts orders-script","previousOperationId":"fyii2bn6xxst0ek","timestamp":1704998918998,"id":"lcmtfv8ioom4ez6","previousEventId":"7e9fiwhss03j5c2","operationId":"pqvhazlh5kwywci"}
{"type":"operationEnd","operationId":"pqvhazlh5kwywci","timestamp":1704998920365,"id":"ezgktq1wu63vr0c","previousEventId":"7e9fiwhss03j5c2","previousOperationId":"5njutuyxgux29zk"}
{"type":"operationEnd","operationId":"fyii2bn6xxst0ek","timestamp":1704998920365,"id":"py77s3b2k1xiw1p","previousEventId":"ezgktq1wu63vr0c","previousOperationId":"5njutuyxgux29zk"}
{"type":"log","timestamp":1704998920365,"level":"debug","message":"Base url not specified, skipping its injection.","meta":{"rootId":"cghojudh1iva6uc","id":"cghojudh1iva6uc"},"id":"mkynsqme5l6idpk","previousOperationId":"fyii2bn6xxst0ek"}
{"type":"operationStart","subtype":"engine","name":"handlebars","timestamp":1704998920365,"id":"13c1uy03m5p2nd9","previousEventId":"py77s3b2k1xiw1p","operationId":"s4yuaxcbreoo5f3","previousOperationId":"fyii2bn6xxst0ek"}
{"type":"log","timestamp":1704998920365,"level":"debug","message":"Rendering engine handlebars","meta":{"rootId":"cghojudh1iva6uc","id":"cghojudh1iva6uc"},"id":"ot02y7koi0hguah","previousOperationId":"s4yuaxcbreoo5f3"}
{"type":"operationEnd","operationId":"s4yuaxcbreoo5f3","timestamp":1704998920374,"id":"0b3t7wpnq2cxrlv","previousEventId":"13c1uy03m5p2nd9","previousOperationId":"s4yuaxcbreoo5f3"}
{"type":"operationStart","subtype":"recipe","name":"chrome-pdf","timestamp":1704998920374,"id":"bnm3j0kqtxvajfe","previousEventId":"0b3t7wpnq2cxrlv","operationId":"qclar4ofvgbvh6h","previousOperationId":"s4yuaxcbreoo5f3"}
{"type":"log","timestamp":1704998920374,"level":"debug","message":"Executing recipe chrome-pdf","meta":{"rootId":"cghojudh1iva6uc","id":"cghojudh1iva6uc"},"id":"uemo2jjkzxeaf6z","previousOperationId":"qclar4ofvgbvh6h"}
{"type":"log","timestamp":1704998920376,"level":"debug","message":"Converting with chrome HeadlessChrome/117.0.5938.149 using chrome-pool strategy","meta":{"rootId":"cghojudh1iva6uc","id":"cghojudh1iva6uc"},"id":"rgz1wxaxfvfwz88","previousOperationId":"qclar4ofvgbvh6h"}
{"type":"log","timestamp":1704998920404,"level":"debug","message":"Page request: GET (document) file:///tmp/jsreport/autocleanup/22126dca-2d57-4247-8187-491120711a90-chrome-pdf.html","meta":{"rootId":"cghojudh1iva6uc","id":"cghojudh1iva6uc"},"id":"bxoj9wrltvu74hs","previousOperationId":"qclar4ofvgbvh6h"}
{"type":"log","timestamp":1704998920410,"level":"debug","message":"Page request: GET (script) https://cdn.jsdelivr.net/npm/chart.js","meta":{"rootId":"cghojudh1iva6uc","id":"cghojudh1iva6uc"},"id":"hjftc0qawspi8wd","previousOperationId":"qclar4ofvgbvh6h"}
{"type":"log","timestamp":1704998920411,"level":"debug","message":"Page request finished: GET (document) 200 file:///tmp/jsreport/autocleanup/22126dca-2d57-4247-8187-491120711a90-chrome-pdf.html","meta":{"rootId":"cghojudh1iva6uc","id":"cghojudh1iva6uc"},"id":"4n9pkyopzjwhaum","previousOperationId":"qclar4ofvgbvh6h"}
{"type":"log","timestamp":1704998920414,"level":"debug","message":"Page request finished: GET (script) 200 https://cdn.jsdelivr.net/npm/chart.js","meta":{"rootId":"cghojudh1iva6uc","id":"cghojudh1iva6uc"},"id":"t8q1bflsyp5y3lp","previousOperationId":"qclar4ofvgbvh6h"}
{"type":"log","timestamp":1704998920456,"level":"debug","message":"Running chrome with params {\"printBackground\":true,\"timeout\":58582,\"margin\":{}}","meta":{"rootId":"cghojudh1iva6uc","id":"cghojudh1iva6uc"},"id":"jwwfdzm4f7svzkg","previousOperationId":"qclar4ofvgbvh6h"}
{"type":"operationEnd","operationId":"qclar4ofvgbvh6h","timestamp":1704998920503,"id":"g1gflpl0ryiyyfr","previousEventId":"bnm3j0kqtxvajfe","previousOperationId":"qclar4ofvgbvh6h"}
{"type":"log","timestamp":1704998920503,"level":"debug","message":"Skipping storing report.","meta":{"rootId":"cghojudh1iva6uc","id":"cghojudh1iva6uc"},"id":"59aa34qwutz4136","previousOperationId":"qclar4ofvgbvh6h"}
{"type":"log","timestamp":1704998920503,"level":"info","message":"Rendering request 41 finished in 1546 ms","meta":{"rootId":"cghojudh1iva6uc","id":"cghojudh1iva6uc"},"id":"vz167ed7v77y5f3","previousOperationId":"qclar4ofvgbvh6h"}
{"type":"operationEnd","subtype":"render","operationId":"5njutuyxgux29zk","timestamp":1704998920503,"id":"cdygmxknyghsu41","previousEventId":"g1gflpl0ryiyyfr","previousOperationId":"qclar4ofvgbvh6h"}
{"type":"operationEnd","doDiffs":false,"previousEventId":"c3x6vmj9cad15nj","previousOperationId":"xxg8c81pyosmsej","operationId":"xxg8c81pyosmsej","timestamp":1704998920507,"id":"ithotdn0r7f641s"}
