{"type":"operationStart","subtype":"profile","data":{"_id":"nhMiCxgaUHBYvKZg","timestamp":"2024-01-11T17:04:25.627Z","state":"queued","mode":"standard","creationDate":"2024-01-11T17:04:25.627Z","modificationDate":"2024-01-11T17:04:25.627Z","shortid":"S5kSegc","$entitySet":"profiles"},"doDiffs":false,"timestamp":1704992665627,"id":"khw4ojqcx8ohsf0","previousOperationId":null,"operationId":"bqvaqrgdrld82d2"}
{"type":"log","level":"info","message":"Render request 108 queued for execution and waiting for available worker","previousOperationId":"bqvaqrgdrld82d2","timestamp":1704992665627,"id":"7w7ccnsskuj6ftz"}
{"type":"operationStart","subtype":"render","name":"User_project","previousOperationId":"bqvaqrgdrld82d2","timestamp":1704992665631,"id":"jkcv68102fj1tsh","previousEventId":"khw4ojqcx8ohsf0","operationId":"4fcrj1moh41dchd"}
{"type":"log","timestamp":1704992665631,"level":"info","message":"Starting rendering request 108","meta":{"rootId":"choo6lo7xrfe66n","id":"choo6lo7xrfe66n"},"id":"luq3cx3rn1uygd3","previousOperationId":"4fcrj1moh41dchd"}
{"type":"log","timestamp":1704992665631,"level":"info","message":"Rendering template { name: User_project, recipe: chrome-pdf, engine: handlebars, preview: true }","meta":{"rootId":"choo6lo7xrfe66n","id":"choo6lo7xrfe66n"},"id":"0ldqdgxl0zujdxb","previousOperationId":"4fcrj1moh41dchd"}
{"type":"log","timestamp":1704992665631,"level":"debug","message":"Data item not defined for this template.","meta":{"rootId":"choo6lo7xrfe66n","id":"choo6lo7xrfe66n"},"id":"g6a1tnisxwrj2a1","previousOperationId":"4fcrj1moh41dchd"}
{"type":"log","timestamp":1704992665633,"level":"debug","message":"Executing script usabi-data (beforeRender)","meta":{"rootId":"choo6lo7xrfe66n","id":"choo6lo7xrfe66n"},"id":"w1b04b6c12zmfl7","previousOperationId":"4fcrj1moh41dchd"}
{"type":"operationStart","subtype":"scriptsBeforeRender","name":"scripts beforeRender","timestamp":1704992665643,"id":"ohnsp7dj6ct9hkq","previousEventId":"jkcv68102fj1tsh","operationId":"xmi5sz29nyogd9f","previousOperationId":"4fcrj1moh41dchd"}
{"type":"operationStart","subtype":"script","name":"scripts usabi-data","previousOperationId":"xmi5sz29nyogd9f","timestamp":1704992665643,"id":"7hfkkju9i9l6xq6","previousEventId":"ohnsp7dj6ct9hkq","operationId":"re2k9oqn4pif93i"}
{"type":"operationEnd","operationId":"re2k9oqn4pif93i","timestamp":1704992665656,"id":"fiuoeg8snxn6m9y","previousEventId":"jkcv68102fj1tsh","previousOperationId":"4fcrj1moh41dchd"}
{"type":"log","timestamp":1704992665656,"level":"debug","message":"Executing script orders-script (beforeRender)","meta":{"rootId":"choo6lo7xrfe66n","id":"choo6lo7xrfe66n"},"id":"n8k8vk06fr83fpk","previousOperationId":"4fcrj1moh41dchd"}
{"type":"operationStart","subtype":"script","name":"scripts orders-script","previousOperationId":"xmi5sz29nyogd9f","timestamp":1704992665659,"id":"u2u5ncwv6znwxc9","previousEventId":"fiuoeg8snxn6m9y","operationId":"seb7ghh2xpw9a4w"}
{"type":"operationEnd","operationId":"seb7ghh2xpw9a4w","timestamp":1704992666988,"id":"cxa0dju5e5gbmsu","previousEventId":"fiuoeg8snxn6m9y","previousOperationId":"4fcrj1moh41dchd"}
{"type":"operationEnd","operationId":"xmi5sz29nyogd9f","timestamp":1704992666988,"id":"zp7r4sxuecj2xoc","previousEventId":"cxa0dju5e5gbmsu","previousOperationId":"4fcrj1moh41dchd"}
{"type":"log","timestamp":1704992666988,"level":"debug","message":"Base url not specified, skipping its injection.","meta":{"rootId":"choo6lo7xrfe66n","id":"choo6lo7xrfe66n"},"id":"gyf53i2th341h88","previousOperationId":"xmi5sz29nyogd9f"}
{"type":"operationStart","subtype":"engine","name":"handlebars","timestamp":1704992666988,"id":"b5n7h9f9c2j0bwy","previousEventId":"zp7r4sxuecj2xoc","operationId":"95zcbg99h8lafs6","previousOperationId":"xmi5sz29nyogd9f"}
{"type":"log","timestamp":1704992666988,"level":"debug","message":"Rendering engine handlebars","meta":{"rootId":"choo6lo7xrfe66n","id":"choo6lo7xrfe66n"},"id":"qlpaw3r75szjkcc","previousOperationId":"95zcbg99h8lafs6"}
{"type":"operationEnd","operationId":"95zcbg99h8lafs6","timestamp":1704992666993,"id":"vtt5fyay7ien1on","previousEventId":"b5n7h9f9c2j0bwy","previousOperationId":"95zcbg99h8lafs6"}
{"type":"operationStart","subtype":"recipe","name":"chrome-pdf","timestamp":1704992666993,"id":"dgf15b59pobh08k","previousEventId":"vtt5fyay7ien1on","operationId":"zq5kggcatp3rw3g","previousOperationId":"95zcbg99h8lafs6"}
{"type":"log","timestamp":1704992666993,"level":"debug","message":"Executing recipe chrome-pdf","meta":{"rootId":"choo6lo7xrfe66n","id":"choo6lo7xrfe66n"},"id":"crzs6q9i3fag9s7","previousOperationId":"zq5kggcatp3rw3g"}
{"type":"log","timestamp":1704992666994,"level":"debug","message":"Converting with chrome HeadlessChrome/117.0.5938.149 using chrome-pool strategy","meta":{"rootId":"choo6lo7xrfe66n","id":"choo6lo7xrfe66n"},"id":"5x9iqd8prl58uki","previousOperationId":"zq5kggcatp3rw3g"}
{"type":"log","timestamp":1704992667023,"level":"debug","message":"Page request: GET (document) file:///tmp/jsreport/autocleanup/acb9251b-a7ed-4e71-a0c9-0e79646b59bb-chrome-pdf.html","meta":{"rootId":"choo6lo7xrfe66n","id":"choo6lo7xrfe66n"},"id":"z14auhvhtkyt2i1","previousOperationId":"zq5kggcatp3rw3g"}
{"type":"log","timestamp":1704992667029,"level":"debug","message":"Page request: GET (script) https://cdn.jsdelivr.net/npm/chart.js","meta":{"rootId":"choo6lo7xrfe66n","id":"choo6lo7xrfe66n"},"id":"15sdvymtgcfwtnz","previousOperationId":"zq5kggcatp3rw3g"}
{"type":"log","timestamp":1704992667029,"level":"debug","message":"Page request finished: GET (document) 200 file:///tmp/jsreport/autocleanup/acb9251b-a7ed-4e71-a0c9-0e79646b59bb-chrome-pdf.html","meta":{"rootId":"choo6lo7xrfe66n","id":"choo6lo7xrfe66n"},"id":"3hq6p93zonghgpa","previousOperationId":"zq5kggcatp3rw3g"}
{"type":"log","timestamp":1704992667032,"level":"debug","message":"Page request finished: GET (script) 200 https://cdn.jsdelivr.net/npm/chart.js","meta":{"rootId":"choo6lo7xrfe66n","id":"choo6lo7xrfe66n"},"id":"zvlqnu51fogddmk","previousOperationId":"zq5kggcatp3rw3g"}
{"type":"log","timestamp":1704992667035,"level":"warn","message":"Page error: Unexpected identifier 'Object' , stack: SyntaxError: Unexpected identifier 'Object'","meta":{"rootId":"choo6lo7xrfe66n","id":"choo6lo7xrfe66n"},"id":"k06ywsqpnorfq87","previousOperationId":"zq5kggcatp3rw3g"}
{"type":"log","timestamp":1704992667039,"level":"debug","message":"Running chrome with params {\"printBackground\":true,\"timeout\":58633,\"margin\":{}}","meta":{"rootId":"choo6lo7xrfe66n","id":"choo6lo7xrfe66n"},"id":"2kvuqs3ls5ug605","previousOperationId":"zq5kggcatp3rw3g"}
{"type":"operationEnd","operationId":"zq5kggcatp3rw3g","timestamp":1704992667045,"id":"29hoawyn2sd1vop","previousEventId":"dgf15b59pobh08k","previousOperationId":"zq5kggcatp3rw3g"}
{"type":"log","timestamp":1704992667045,"level":"debug","message":"Skipping storing report.","meta":{"rootId":"choo6lo7xrfe66n","id":"choo6lo7xrfe66n"},"id":"fm5y5r3cqumz3a8","previousOperationId":"zq5kggcatp3rw3g"}
{"type":"log","timestamp":1704992667045,"level":"info","message":"Rendering request 108 finished in 1418 ms","meta":{"rootId":"choo6lo7xrfe66n","id":"choo6lo7xrfe66n"},"id":"m70deg18sj106p4","previousOperationId":"zq5kggcatp3rw3g"}
{"type":"operationEnd","subtype":"render","operationId":"4fcrj1moh41dchd","timestamp":1704992667045,"id":"xl7ymupdi96p3hx","previousEventId":"29hoawyn2sd1vop","previousOperationId":"zq5kggcatp3rw3g"}
{"type":"operationEnd","doDiffs":false,"previousEventId":"khw4ojqcx8ohsf0","previousOperationId":"bqvaqrgdrld82d2","operationId":"bqvaqrgdrld82d2","timestamp":1704992667050,"id":"0ke6n1tcl5lb3y3"}
