{"type":"operationStart","subtype":"profile","data":{"_id":"ubU0uyDXwXF3efkt","timestamp":"2024-01-11T18:56:47.637Z","state":"queued","mode":"standard","creationDate":"2024-01-11T18:56:47.638Z","modificationDate":"2024-01-11T18:56:47.638Z","shortid":"1psm2hQ","$entitySet":"profiles"},"doDiffs":false,"timestamp":1704999407637,"id":"olnwjv15lkv4vdd","previousOperationId":null,"operationId":"p7y3xvemod3uckf"}
{"type":"log","level":"info","message":"Render request 53 queued for execution and waiting for available worker","previousOperationId":"p7y3xvemod3uckf","timestamp":1704999407637,"id":"bhuxalc52j4bbja"}
{"type":"operationStart","subtype":"render","name":"User_project","previousOperationId":"p7y3xvemod3uckf","timestamp":1704999407641,"id":"08oh0etgwcvn36o","previousEventId":"olnwjv15lkv4vdd","operationId":"3svmpd5yzqarr9h"}
{"type":"log","timestamp":1704999407641,"level":"info","message":"Starting rendering request 53","meta":{"rootId":"chq8aqrlydxoyva","id":"chq8aqrlydxoyva"},"id":"swzmpryeo51ts3c","previousOperationId":"3svmpd5yzqarr9h"}
{"type":"log","timestamp":1704999407641,"level":"info","message":"Rendering template { name: User_project, recipe: chrome-pdf, engine: handlebars, preview: true }","meta":{"rootId":"chq8aqrlydxoyva","id":"chq8aqrlydxoyva"},"id":"xhnoozrnakz9h06","previousOperationId":"3svmpd5yzqarr9h"}
{"type":"log","timestamp":1704999407642,"level":"debug","message":"Data item not defined for this template.","meta":{"rootId":"chq8aqrlydxoyva","id":"chq8aqrlydxoyva"},"id":"i2hz5mlz7ygh5ze","previousOperationId":"3svmpd5yzqarr9h"}
{"type":"log","timestamp":1704999407643,"level":"debug","message":"Executing script usabi-data (beforeRender)","meta":{"rootId":"chq8aqrlydxoyva","id":"chq8aqrlydxoyva"},"id":"z8foqmqwc6sq99d","previousOperationId":"3svmpd5yzqarr9h"}
{"type":"operationStart","subtype":"scriptsBeforeRender","name":"scripts beforeRender","timestamp":1704999407647,"id":"7abapoty3ze4qyk","previousEventId":"08oh0etgwcvn36o","operationId":"6le04toqdekqsxn","previousOperationId":"3svmpd5yzqarr9h"}
{"type":"operationStart","subtype":"script","name":"scripts usabi-data","previousOperationId":"6le04toqdekqsxn","timestamp":1704999407647,"id":"rt56qspiptauzh0","previousEventId":"7abapoty3ze4qyk","operationId":"dwu3loawg5m3faq"}
{"type":"operationEnd","operationId":"dwu3loawg5m3faq","timestamp":1704999407666,"id":"6x4nh1zra103z84","previousEventId":"08oh0etgwcvn36o","previousOperationId":"3svmpd5yzqarr9h"}
{"type":"log","timestamp":1704999407666,"level":"debug","message":"Executing script orders-script (beforeRender)","meta":{"rootId":"chq8aqrlydxoyva","id":"chq8aqrlydxoyva"},"id":"iapusdpzuuorc96","previousOperationId":"3svmpd5yzqarr9h"}
{"type":"operationStart","subtype":"script","name":"scripts orders-script","previousOperationId":"6le04toqdekqsxn","timestamp":1704999407669,"id":"txy638mnlwaj2p8","previousEventId":"6x4nh1zra103z84","operationId":"aop7lqaui82itx7"}
{"type":"operationEnd","operationId":"aop7lqaui82itx7","timestamp":1704999409035,"id":"ysqhbzbx3xtsmdt","previousEventId":"6x4nh1zra103z84","previousOperationId":"3svmpd5yzqarr9h"}
{"type":"operationEnd","operationId":"6le04toqdekqsxn","timestamp":1704999409035,"id":"bca6zw0zqptrvtv","previousEventId":"ysqhbzbx3xtsmdt","previousOperationId":"3svmpd5yzqarr9h"}
{"type":"log","timestamp":1704999409035,"level":"debug","message":"Base url not specified, skipping its injection.","meta":{"rootId":"chq8aqrlydxoyva","id":"chq8aqrlydxoyva"},"id":"wpmoxd98glbo7jg","previousOperationId":"6le04toqdekqsxn"}
{"type":"operationStart","subtype":"engine","name":"handlebars","timestamp":1704999409035,"id":"icf8wegmeg7lkj9","previousEventId":"bca6zw0zqptrvtv","operationId":"pvcekl0uxsi76yc","previousOperationId":"6le04toqdekqsxn"}
{"type":"log","timestamp":1704999409035,"level":"debug","message":"Rendering engine handlebars","meta":{"rootId":"chq8aqrlydxoyva","id":"chq8aqrlydxoyva"},"id":"u0hck8mwoojsj0z","previousOperationId":"pvcekl0uxsi76yc"}
{"type":"operationEnd","operationId":"pvcekl0uxsi76yc","timestamp":1704999409045,"id":"2tu08ekasxwpjb4","previousEventId":"icf8wegmeg7lkj9","previousOperationId":"pvcekl0uxsi76yc"}
{"type":"operationStart","subtype":"recipe","name":"chrome-pdf","timestamp":1704999409045,"id":"mr3uhqt6ody082b","previousEventId":"2tu08ekasxwpjb4","operationId":"463yn04nfsl8a7x","previousOperationId":"pvcekl0uxsi76yc"}
{"type":"log","timestamp":1704999409045,"level":"debug","message":"Executing recipe chrome-pdf","meta":{"rootId":"chq8aqrlydxoyva","id":"chq8aqrlydxoyva"},"id":"6zxvzq03vxj50la","previousOperationId":"463yn04nfsl8a7x"}
{"type":"log","timestamp":1704999409047,"level":"debug","message":"Converting with chrome HeadlessChrome/117.0.5938.149 using chrome-pool strategy","meta":{"rootId":"chq8aqrlydxoyva","id":"chq8aqrlydxoyva"},"id":"hmeivpw1hvgvjmk","previousOperationId":"463yn04nfsl8a7x"}
{"type":"log","timestamp":1704999409083,"level":"debug","message":"Page request: GET (document) file:///tmp/jsreport/autocleanup/cdf41206-0785-499a-846a-70b35af31b40-chrome-pdf.html","meta":{"rootId":"chq8aqrlydxoyva","id":"chq8aqrlydxoyva"},"id":"p5pl97s7uj5iu0a","previousOperationId":"463yn04nfsl8a7x"}
{"type":"log","timestamp":1704999409090,"level":"debug","message":"Page request: GET (script) https://cdn.jsdelivr.net/npm/chart.js","meta":{"rootId":"chq8aqrlydxoyva","id":"chq8aqrlydxoyva"},"id":"aphof6zrr63zcag","previousOperationId":"463yn04nfsl8a7x"}
{"type":"log","timestamp":1704999409090,"level":"debug","message":"Page request finished: GET (document) 200 file:///tmp/jsreport/autocleanup/cdf41206-0785-499a-846a-70b35af31b40-chrome-pdf.html","meta":{"rootId":"chq8aqrlydxoyva","id":"chq8aqrlydxoyva"},"id":"9a5k5oenheywog5","previousOperationId":"463yn04nfsl8a7x"}
{"type":"log","timestamp":1704999409095,"level":"debug","message":"Page request finished: GET (script) 200 https://cdn.jsdelivr.net/npm/chart.js","meta":{"rootId":"chq8aqrlydxoyva","id":"chq8aqrlydxoyva"},"id":"y8hbcktiq76mgaz","previousOperationId":"463yn04nfsl8a7x"}
{"type":"log","timestamp":1704999409136,"level":"debug","message":"Running chrome with params {\"printBackground\":true,\"timeout\":58590,\"margin\":{}}","meta":{"rootId":"chq8aqrlydxoyva","id":"chq8aqrlydxoyva"},"id":"csp3ffzv4dj6ixx","previousOperationId":"463yn04nfsl8a7x"}
{"type":"operationEnd","operationId":"463yn04nfsl8a7x","timestamp":1704999409185,"id":"d6sqlipwm0rm0l4","previousEventId":"mr3uhqt6ody082b","previousOperationId":"463yn04nfsl8a7x"}
{"type":"log","timestamp":1704999409185,"level":"debug","message":"Skipping storing report.","meta":{"rootId":"chq8aqrlydxoyva","id":"chq8aqrlydxoyva"},"id":"0liuojf9g9dqk7y","previousOperationId":"463yn04nfsl8a7x"}
{"type":"log","timestamp":1704999409185,"level":"info","message":"Rendering request 53 finished in 1548 ms","meta":{"rootId":"chq8aqrlydxoyva","id":"chq8aqrlydxoyva"},"id":"759jj0hj50gn8zh","previousOperationId":"463yn04nfsl8a7x"}
{"type":"operationEnd","subtype":"render","operationId":"3svmpd5yzqarr9h","timestamp":1704999409185,"id":"eof5uirbac40glc","previousEventId":"d6sqlipwm0rm0l4","previousOperationId":"463yn04nfsl8a7x"}
{"type":"operationEnd","doDiffs":false,"previousEventId":"olnwjv15lkv4vdd","previousOperationId":"p7y3xvemod3uckf","operationId":"p7y3xvemod3uckf","timestamp":1704999409187,"id":"fj9kn6odya4cngw"}
