{"type":"operationStart","subtype":"profile","data":{"_id":"nEjT0aBkxkG6VGx6","timestamp":"2024-01-11T16:40:41.315Z","state":"queued","mode":"standard","creationDate":"2024-01-11T16:40:41.315Z","modificationDate":"2024-01-11T16:40:41.315Z","shortid":"eqdaEEV","$entitySet":"profiles"},"doDiffs":false,"timestamp":1704991241315,"id":"anc85w19s2nenws","previousOperationId":null,"operationId":"v3vh4lspzympqp2"}
{"type":"log","level":"info","message":"Render request 63 queued for execution and waiting for available worker","previousOperationId":"v3vh4lspzympqp2","timestamp":1704991241315,"id":"ic1afk5cdq8b4x6"}
{"type":"operationStart","subtype":"render","name":"User_project","previousOperationId":"v3vh4lspzympqp2","timestamp":1704991241319,"id":"g8hdgjkkg4wuawc","previousEventId":"anc85w19s2nenws","operationId":"hnq90abwa4eegio"}
{"type":"log","timestamp":1704991241320,"level":"info","message":"Starting rendering request 63","meta":{"rootId":"clu9de49j50dkwk","id":"clu9de49j50dkwk"},"id":"d1wo99dm2kme5v2","previousOperationId":"hnq90abwa4eegio"}
{"type":"log","timestamp":1704991241320,"level":"info","message":"Rendering template { name: User_project, recipe: chrome-pdf, engine: handlebars, preview: true }","meta":{"rootId":"clu9de49j50dkwk","id":"clu9de49j50dkwk"},"id":"ze95u1dnjkq4tx5","previousOperationId":"hnq90abwa4eegio"}
{"type":"log","timestamp":1704991241320,"level":"debug","message":"Data item not defined for this template.","meta":{"rootId":"clu9de49j50dkwk","id":"clu9de49j50dkwk"},"id":"dys3079rdzjrp0g","previousOperationId":"hnq90abwa4eegio"}
{"type":"log","timestamp":1704991241321,"level":"debug","message":"Executing script usabi-data (beforeRender)","meta":{"rootId":"clu9de49j50dkwk","id":"clu9de49j50dkwk"},"id":"w1hrukqmb9qgzug","previousOperationId":"hnq90abwa4eegio"}
{"type":"operationStart","subtype":"scriptsBeforeRender","name":"scripts beforeRender","timestamp":1704991241325,"id":"qcfcqau61ytngdf","previousEventId":"g8hdgjkkg4wuawc","operationId":"2wlnyqhozvy1wfa","previousOperationId":"hnq90abwa4eegio"}
{"type":"operationStart","subtype":"script","name":"scripts usabi-data","previousOperationId":"2wlnyqhozvy1wfa","timestamp":1704991241325,"id":"5ym0s7oxun3rxix","previousEventId":"qcfcqau61ytngdf","operationId":"di5mw0sesptlz8o"}
{"type":"operationEnd","operationId":"di5mw0sesptlz8o","timestamp":1704991241335,"id":"kg85pm0gxl33gxr","previousEventId":"g8hdgjkkg4wuawc","previousOperationId":"hnq90abwa4eegio"}
{"type":"operationEnd","operationId":"2wlnyqhozvy1wfa","timestamp":1704991241335,"id":"argswpyj8rquit6","previousEventId":"kg85pm0gxl33gxr","previousOperationId":"hnq90abwa4eegio"}
{"type":"log","timestamp":1704991241335,"level":"debug","message":"Base url not specified, skipping its injection.","meta":{"rootId":"clu9de49j50dkwk","id":"clu9de49j50dkwk"},"id":"o06etg1a7jdfuon","previousOperationId":"2wlnyqhozvy1wfa"}
{"type":"operationStart","subtype":"engine","name":"handlebars","timestamp":1704991241335,"id":"15elemkgzl3bw6h","previousEventId":"argswpyj8rquit6","operationId":"8q3vv8yk9s5xt6p","previousOperationId":"2wlnyqhozvy1wfa"}
{"type":"log","timestamp":1704991241335,"level":"debug","message":"Rendering engine handlebars","meta":{"rootId":"clu9de49j50dkwk","id":"clu9de49j50dkwk"},"id":"n3f5z0x75idtnmm","previousOperationId":"8q3vv8yk9s5xt6p"}
{"type":"operationEnd","operationId":"8q3vv8yk9s5xt6p","timestamp":1704991241344,"id":"6ozs2uqsk9xvalt","previousEventId":"15elemkgzl3bw6h","previousOperationId":"8q3vv8yk9s5xt6p"}
{"type":"operationStart","subtype":"recipe","name":"chrome-pdf","timestamp":1704991241344,"id":"8uv0bmoldbivmrs","previousEventId":"6ozs2uqsk9xvalt","operationId":"dyx3lo617gzm3xd","previousOperationId":"8q3vv8yk9s5xt6p"}
{"type":"log","timestamp":1704991241344,"level":"debug","message":"Executing recipe chrome-pdf","meta":{"rootId":"clu9de49j50dkwk","id":"clu9de49j50dkwk"},"id":"zu61d2s33dqh54g","previousOperationId":"dyx3lo617gzm3xd"}
{"type":"log","timestamp":1704991241345,"level":"debug","message":"Converting with chrome HeadlessChrome/117.0.5938.149 using chrome-pool strategy","meta":{"rootId":"clu9de49j50dkwk","id":"clu9de49j50dkwk"},"id":"lnj4at44wnl44p9","previousOperationId":"dyx3lo617gzm3xd"}
{"type":"log","timestamp":1704991241376,"level":"debug","message":"Page request: GET (document) file:///tmp/jsreport/autocleanup/f7874d09-20de-4ccd-81d8-5a2cec591f35-chrome-pdf.html","meta":{"rootId":"clu9de49j50dkwk","id":"clu9de49j50dkwk"},"id":"qbnea0qo6exz4m0","previousOperationId":"dyx3lo617gzm3xd"}
{"type":"log","timestamp":1704991241383,"level":"debug","message":"Page request: GET (script) https://cdn.jsdelivr.net/npm/chart.js","meta":{"rootId":"clu9de49j50dkwk","id":"clu9de49j50dkwk"},"id":"174x6todwojgzy5","previousOperationId":"dyx3lo617gzm3xd"}
{"type":"log","timestamp":1704991241383,"level":"debug","message":"Page request finished: GET (document) 200 file:///tmp/jsreport/autocleanup/f7874d09-20de-4ccd-81d8-5a2cec591f35-chrome-pdf.html","meta":{"rootId":"clu9de49j50dkwk","id":"clu9de49j50dkwk"},"id":"1i0t9okxgnuai7h","previousOperationId":"dyx3lo617gzm3xd"}
{"type":"log","timestamp":1704991241386,"level":"debug","message":"Page request finished: GET (script) 200 https://cdn.jsdelivr.net/npm/chart.js","meta":{"rootId":"clu9de49j50dkwk","id":"clu9de49j50dkwk"},"id":"5nf2fxjayz5xqp1","previousOperationId":"dyx3lo617gzm3xd"}
{"type":"log","timestamp":1704991241433,"level":"debug","message":"Running chrome with params {\"printBackground\":true,\"timeout\":59969,\"margin\":{}}","meta":{"rootId":"clu9de49j50dkwk","id":"clu9de49j50dkwk"},"id":"munkkxf2dmi3d70","previousOperationId":"dyx3lo617gzm3xd"}
{"type":"operationEnd","operationId":"dyx3lo617gzm3xd","timestamp":1704991241452,"id":"0uozdrdv1rhd4i3","previousEventId":"8uv0bmoldbivmrs","previousOperationId":"dyx3lo617gzm3xd"}
{"type":"log","timestamp":1704991241452,"level":"debug","message":"Skipping storing report.","meta":{"rootId":"clu9de49j50dkwk","id":"clu9de49j50dkwk"},"id":"gc2hukf9mk3q6zj","previousOperationId":"dyx3lo617gzm3xd"}
{"type":"log","timestamp":1704991241453,"level":"info","message":"Rendering request 63 finished in 139 ms","meta":{"rootId":"clu9de49j50dkwk","id":"clu9de49j50dkwk"},"id":"dwmo6g01p6hc4xl","previousOperationId":"dyx3lo617gzm3xd"}
{"type":"operationEnd","subtype":"render","operationId":"hnq90abwa4eegio","timestamp":1704991241453,"id":"53rk8sihjpg8rx6","previousEventId":"0uozdrdv1rhd4i3","previousOperationId":"dyx3lo617gzm3xd"}
{"type":"operationEnd","doDiffs":false,"previousEventId":"anc85w19s2nenws","previousOperationId":"v3vh4lspzympqp2","operationId":"v3vh4lspzympqp2","timestamp":1704991241454,"id":"r4uf0hu4lurt429"}
