{"type":"operationStart","subtype":"profile","data":{"_id":"7SYlR1KniQlT3iNk","timestamp":"2024-01-11T17:59:28.317Z","state":"queued","mode":"standard","creationDate":"2024-01-11T17:59:28.318Z","modificationDate":"2024-01-11T17:59:28.318Z","shortid":"JWQ1SZp","$entitySet":"profiles"},"doDiffs":false,"timestamp":1704995968317,"id":"5r4ltivvdv2dykw","previousOperationId":null,"operationId":"3mmlsf6oahsyy0m"}
{"type":"log","level":"info","message":"Render request 33 queued for execution and waiting for available worker","previousOperationId":"3mmlsf6oahsyy0m","timestamp":1704995968317,"id":"en8et2np23nv8ki"}
{"type":"operationStart","subtype":"render","name":"User_project","previousOperationId":"3mmlsf6oahsyy0m","timestamp":1704995968322,"id":"gd2i6gz1ffendhg","previousEventId":"5r4ltivvdv2dykw","operationId":"tf62dfm043c3lkp"}
{"type":"log","timestamp":1704995968322,"level":"info","message":"Starting rendering request 33","meta":{"rootId":"cma4zocn5ewph7r","id":"cma4zocn5ewph7r"},"id":"uri82nkbqxucuj4","previousOperationId":"tf62dfm043c3lkp"}
{"type":"log","timestamp":1704995968322,"level":"info","message":"Rendering template { name: User_project, recipe: chrome-pdf, engine: handlebars, preview: true }","meta":{"rootId":"cma4zocn5ewph7r","id":"cma4zocn5ewph7r"},"id":"jphbvam2pyjj30a","previousOperationId":"tf62dfm043c3lkp"}
{"type":"log","timestamp":1704995968323,"level":"debug","message":"Data item not defined for this template.","meta":{"rootId":"cma4zocn5ewph7r","id":"cma4zocn5ewph7r"},"id":"i6trmfepnelgcib","previousOperationId":"tf62dfm043c3lkp"}
{"type":"log","timestamp":1704995968324,"level":"debug","message":"Executing script usabi-data (beforeRender)","meta":{"rootId":"cma4zocn5ewph7r","id":"cma4zocn5ewph7r"},"id":"8rq2dmpyd2514w7","previousOperationId":"tf62dfm043c3lkp"}
{"type":"operationStart","subtype":"scriptsBeforeRender","name":"scripts beforeRender","timestamp":1704995968327,"id":"l6clh89euf3mo8h","previousEventId":"gd2i6gz1ffendhg","operationId":"3amzw9xzz5b25m2","previousOperationId":"tf62dfm043c3lkp"}
{"type":"operationStart","subtype":"script","name":"scripts usabi-data","previousOperationId":"3amzw9xzz5b25m2","timestamp":1704995968327,"id":"s07b1ezaqxev89j","previousEventId":"l6clh89euf3mo8h","operationId":"8dg6r3xe78sz5i7"}
{"type":"operationEnd","operationId":"8dg6r3xe78sz5i7","timestamp":1704995968343,"id":"7puuaojh6qoi7md","previousEventId":"gd2i6gz1ffendhg","previousOperationId":"tf62dfm043c3lkp"}
{"type":"log","timestamp":1704995968343,"level":"debug","message":"Executing script orders-script (beforeRender)","meta":{"rootId":"cma4zocn5ewph7r","id":"cma4zocn5ewph7r"},"id":"h66hj2x4wum34ff","previousOperationId":"tf62dfm043c3lkp"}
{"type":"operationStart","subtype":"script","name":"scripts orders-script","previousOperationId":"3amzw9xzz5b25m2","timestamp":1704995968347,"id":"oh07rbhtqppf9to","previousEventId":"7puuaojh6qoi7md","operationId":"1isxpbk7s23gfgz"}
{"type":"operationEnd","operationId":"1isxpbk7s23gfgz","timestamp":1704995969659,"id":"ben27febfd1p8pn","previousEventId":"7puuaojh6qoi7md","previousOperationId":"tf62dfm043c3lkp"}
{"type":"operationEnd","operationId":"3amzw9xzz5b25m2","timestamp":1704995969659,"id":"rwejq79pdcnv6b1","previousEventId":"ben27febfd1p8pn","previousOperationId":"tf62dfm043c3lkp"}
{"type":"log","timestamp":1704995969659,"level":"debug","message":"Base url not specified, skipping its injection.","meta":{"rootId":"cma4zocn5ewph7r","id":"cma4zocn5ewph7r"},"id":"6mog9oatwj26i0c","previousOperationId":"3amzw9xzz5b25m2"}
{"type":"operationStart","subtype":"engine","name":"handlebars","timestamp":1704995969659,"id":"68jo237e6guz4c2","previousEventId":"rwejq79pdcnv6b1","operationId":"x6c1dj48b8ritnb","previousOperationId":"3amzw9xzz5b25m2"}
{"type":"log","timestamp":1704995969659,"level":"debug","message":"Rendering engine handlebars","meta":{"rootId":"cma4zocn5ewph7r","id":"cma4zocn5ewph7r"},"id":"b8ds5wjfye28pbf","previousOperationId":"x6c1dj48b8ritnb"}
{"type":"operationEnd","operationId":"x6c1dj48b8ritnb","timestamp":1704995969668,"id":"8yekk6rdsb3q71i","previousEventId":"68jo237e6guz4c2","previousOperationId":"x6c1dj48b8ritnb"}
{"type":"operationStart","subtype":"recipe","name":"chrome-pdf","timestamp":1704995969668,"id":"vn9nc3dw4bk82tv","previousEventId":"8yekk6rdsb3q71i","operationId":"i4eewbei0y8o1gf","previousOperationId":"x6c1dj48b8ritnb"}
{"type":"log","timestamp":1704995969668,"level":"debug","message":"Executing recipe chrome-pdf","meta":{"rootId":"cma4zocn5ewph7r","id":"cma4zocn5ewph7r"},"id":"c7wx4ytjavwfmsf","previousOperationId":"i4eewbei0y8o1gf"}
{"type":"log","timestamp":1704995969670,"level":"debug","message":"Converting with chrome HeadlessChrome/117.0.5938.149 using chrome-pool strategy","meta":{"rootId":"cma4zocn5ewph7r","id":"cma4zocn5ewph7r"},"id":"9hro51dp7o2s5ep","previousOperationId":"i4eewbei0y8o1gf"}
{"type":"log","timestamp":1704995969707,"level":"debug","message":"Page request: GET (document) file:///tmp/jsreport/autocleanup/203bc7a2-fc1f-4f16-82ed-4cd7c73441ae-chrome-pdf.html","meta":{"rootId":"cma4zocn5ewph7r","id":"cma4zocn5ewph7r"},"id":"bce7eyzj2b8wak8","previousOperationId":"i4eewbei0y8o1gf"}
{"type":"log","timestamp":1704995969714,"level":"debug","message":"Page request: GET (script) https://cdn.jsdelivr.net/npm/chart.js","meta":{"rootId":"cma4zocn5ewph7r","id":"cma4zocn5ewph7r"},"id":"dsnxbkh6cz8mqrl","previousOperationId":"i4eewbei0y8o1gf"}
{"type":"log","timestamp":1704995969714,"level":"debug","message":"Page request finished: GET (document) 200 file:///tmp/jsreport/autocleanup/203bc7a2-fc1f-4f16-82ed-4cd7c73441ae-chrome-pdf.html","meta":{"rootId":"cma4zocn5ewph7r","id":"cma4zocn5ewph7r"},"id":"mfh7vty5w70wgz4","previousOperationId":"i4eewbei0y8o1gf"}
{"type":"log","timestamp":1704995969718,"level":"debug","message":"Page request finished: GET (script) 200 https://cdn.jsdelivr.net/npm/chart.js","meta":{"rootId":"cma4zocn5ewph7r","id":"cma4zocn5ewph7r"},"id":"xhgctg2xi24vn20","previousOperationId":"i4eewbei0y8o1gf"}
{"type":"log","timestamp":1704995969778,"level":"debug","message":"Running chrome with params {\"printBackground\":true,\"timeout\":58648,\"margin\":{}}","meta":{"rootId":"cma4zocn5ewph7r","id":"cma4zocn5ewph7r"},"id":"ci8rvcfvzja006y","previousOperationId":"i4eewbei0y8o1gf"}
{"type":"operationEnd","operationId":"i4eewbei0y8o1gf","timestamp":1704995969825,"id":"tor0uf2gue58fe4","previousEventId":"vn9nc3dw4bk82tv","previousOperationId":"i4eewbei0y8o1gf"}
{"type":"log","timestamp":1704995969825,"level":"debug","message":"Skipping storing report.","meta":{"rootId":"cma4zocn5ewph7r","id":"cma4zocn5ewph7r"},"id":"t5zru1xrkr2j4pb","previousOperationId":"i4eewbei0y8o1gf"}
{"type":"log","timestamp":1704995969825,"level":"info","message":"Rendering request 33 finished in 1508 ms","meta":{"rootId":"cma4zocn5ewph7r","id":"cma4zocn5ewph7r"},"id":"gu4c4riedrwxugd","previousOperationId":"i4eewbei0y8o1gf"}
{"type":"operationEnd","subtype":"render","operationId":"tf62dfm043c3lkp","timestamp":1704995969825,"id":"p9mf4liifor1yvl","previousEventId":"tor0uf2gue58fe4","previousOperationId":"i4eewbei0y8o1gf"}
{"type":"operationEnd","doDiffs":false,"previousEventId":"5r4ltivvdv2dykw","previousOperationId":"3mmlsf6oahsyy0m","operationId":"3mmlsf6oahsyy0m","timestamp":1704995969827,"id":"h5inj7llo71uwpw"}
