{"type":"operationStart","subtype":"profile","data":{"_id":"53MJoO8RakOv01E2","timestamp":"2024-01-11T18:05:50.837Z","state":"queued","mode":"standard","creationDate":"2024-01-11T18:05:50.839Z","modificationDate":"2024-01-11T18:05:50.839Z","shortid":"d3LJEF0","$entitySet":"profiles"},"doDiffs":false,"timestamp":1704996350838,"id":"8lofrsti6bctpi2","previousOperationId":null,"operationId":"p2dziozgevawtuu"}
{"type":"log","level":"info","message":"Render request 41 queued for execution and waiting for available worker","previousOperationId":"p2dziozgevawtuu","timestamp":1704996350838,"id":"bx2tx40h7nsb0nm"}
{"type":"operationStart","subtype":"render","name":"User_project","previousOperationId":"p2dziozgevawtuu","timestamp":1704996350843,"id":"9wl0ag0lajsldc9","previousEventId":"8lofrsti6bctpi2","operationId":"2mlw09b6xg2c5ge"}
{"type":"log","timestamp":1704996350843,"level":"info","message":"Starting rendering request 41","meta":{"rootId":"cmt330y2tfa8gui","id":"cmt330y2tfa8gui"},"id":"8sixnzdhmsh10ys","previousOperationId":"2mlw09b6xg2c5ge"}
{"type":"log","timestamp":1704996350843,"level":"info","message":"Rendering template { name: User_project, recipe: chrome-pdf, engine: handlebars, preview: true }","meta":{"rootId":"cmt330y2tfa8gui","id":"cmt330y2tfa8gui"},"id":"8sitoj8z6ylq6re","previousOperationId":"2mlw09b6xg2c5ge"}
{"type":"log","timestamp":1704996350844,"level":"debug","message":"Data item not defined for this template.","meta":{"rootId":"cmt330y2tfa8gui","id":"cmt330y2tfa8gui"},"id":"prc1pa1nezmuuwv","previousOperationId":"2mlw09b6xg2c5ge"}
{"type":"log","timestamp":1704996350846,"level":"debug","message":"Executing script usabi-data (beforeRender)","meta":{"rootId":"cmt330y2tfa8gui","id":"cmt330y2tfa8gui"},"id":"f5xfn38j740ir61","previousOperationId":"2mlw09b6xg2c5ge"}
{"type":"operationStart","subtype":"scriptsBeforeRender","name":"scripts beforeRender","timestamp":1704996350851,"id":"gzy27p8bxmvhhmi","previousEventId":"9wl0ag0lajsldc9","operationId":"8xmsx7hxslb4h8r","previousOperationId":"2mlw09b6xg2c5ge"}
{"type":"operationStart","subtype":"script","name":"scripts usabi-data","previousOperationId":"8xmsx7hxslb4h8r","timestamp":1704996350851,"id":"b21ggf9fabsm78v","previousEventId":"gzy27p8bxmvhhmi","operationId":"234qoxwc4ze80by"}
{"type":"operationEnd","operationId":"234qoxwc4ze80by","timestamp":1704996350868,"id":"p5ujvwmmzxzpt7f","previousEventId":"9wl0ag0lajsldc9","previousOperationId":"2mlw09b6xg2c5ge"}
{"type":"log","timestamp":1704996350868,"level":"debug","message":"Executing script orders-script (beforeRender)","meta":{"rootId":"cmt330y2tfa8gui","id":"cmt330y2tfa8gui"},"id":"jtqs6cb6ruin5qk","previousOperationId":"2mlw09b6xg2c5ge"}
{"type":"operationStart","subtype":"script","name":"scripts orders-script","previousOperationId":"8xmsx7hxslb4h8r","timestamp":1704996350871,"id":"2dhr192y1mgg6p2","previousEventId":"p5ujvwmmzxzpt7f","operationId":"whxk5qnbkhxg1cw"}
{"type":"operationEnd","operationId":"whxk5qnbkhxg1cw","timestamp":1704996352201,"id":"a6rvkttnistyolx","previousEventId":"p5ujvwmmzxzpt7f","previousOperationId":"2mlw09b6xg2c5ge"}
{"type":"operationEnd","operationId":"8xmsx7hxslb4h8r","timestamp":1704996352201,"id":"h94isuyik4bv2cg","previousEventId":"a6rvkttnistyolx","previousOperationId":"2mlw09b6xg2c5ge"}
{"type":"log","timestamp":1704996352201,"level":"debug","message":"Base url not specified, skipping its injection.","meta":{"rootId":"cmt330y2tfa8gui","id":"cmt330y2tfa8gui"},"id":"t0y3cy725wdug11","previousOperationId":"8xmsx7hxslb4h8r"}
{"type":"operationStart","subtype":"engine","name":"handlebars","timestamp":1704996352201,"id":"c78tx9oc4o60bz6","previousEventId":"h94isuyik4bv2cg","operationId":"5ty178ihnjnste6","previousOperationId":"8xmsx7hxslb4h8r"}
{"type":"log","timestamp":1704996352201,"level":"debug","message":"Rendering engine handlebars","meta":{"rootId":"cmt330y2tfa8gui","id":"cmt330y2tfa8gui"},"id":"8gc6ttkkrrr5g8k","previousOperationId":"5ty178ihnjnste6"}
{"type":"operationEnd","operationId":"5ty178ihnjnste6","timestamp":1704996352211,"id":"4cz0v64d8xfva5e","previousEventId":"c78tx9oc4o60bz6","previousOperationId":"5ty178ihnjnste6"}
{"type":"operationStart","subtype":"recipe","name":"chrome-pdf","timestamp":1704996352211,"id":"fpayvn52hped990","previousEventId":"4cz0v64d8xfva5e","operationId":"k0uafgiiaw60910","previousOperationId":"5ty178ihnjnste6"}
{"type":"log","timestamp":1704996352211,"level":"debug","message":"Executing recipe chrome-pdf","meta":{"rootId":"cmt330y2tfa8gui","id":"cmt330y2tfa8gui"},"id":"er1oo6am6tzhyvb","previousOperationId":"k0uafgiiaw60910"}
{"type":"log","timestamp":1704996352220,"level":"debug","message":"Converting with chrome HeadlessChrome/117.0.5938.149 using chrome-pool strategy","meta":{"rootId":"cmt330y2tfa8gui","id":"cmt330y2tfa8gui"},"id":"p0usfbbzez0lmhw","previousOperationId":"k0uafgiiaw60910"}
{"type":"log","timestamp":1704996352263,"level":"debug","message":"Page request: GET (document) file:///tmp/jsreport/autocleanup/d8c1d350-9d61-46c8-a76a-08b5c8261aa1-chrome-pdf.html","meta":{"rootId":"cmt330y2tfa8gui","id":"cmt330y2tfa8gui"},"id":"fgfqhe102j8ip32","previousOperationId":"k0uafgiiaw60910"}
{"type":"log","timestamp":1704996352270,"level":"debug","message":"Page request: GET (script) https://cdn.jsdelivr.net/npm/chart.js","meta":{"rootId":"cmt330y2tfa8gui","id":"cmt330y2tfa8gui"},"id":"pyezihu3hzx8bzr","previousOperationId":"k0uafgiiaw60910"}
{"type":"log","timestamp":1704996352270,"level":"debug","message":"Page request finished: GET (document) 200 file:///tmp/jsreport/autocleanup/d8c1d350-9d61-46c8-a76a-08b5c8261aa1-chrome-pdf.html","meta":{"rootId":"cmt330y2tfa8gui","id":"cmt330y2tfa8gui"},"id":"uifhf41266w4vt2","previousOperationId":"k0uafgiiaw60910"}
{"type":"log","timestamp":1704996352274,"level":"debug","message":"Page request finished: GET (script) 200 https://cdn.jsdelivr.net/npm/chart.js","meta":{"rootId":"cmt330y2tfa8gui","id":"cmt330y2tfa8gui"},"id":"6rxbjz7qqyk9mlu","previousOperationId":"k0uafgiiaw60910"}
{"type":"log","timestamp":1704996352276,"level":"warn","message":"Page error: Unexpected identifier 'Object' , stack: SyntaxError: Unexpected identifier 'Object'","meta":{"rootId":"cmt330y2tfa8gui","id":"cmt330y2tfa8gui"},"id":"rwybcql3c6bcrvx","previousOperationId":"k0uafgiiaw60910"}
{"type":"log","timestamp":1704996352280,"level":"debug","message":"Running chrome with params {\"printBackground\":true,\"timeout\":58621,\"margin\":{}}","meta":{"rootId":"cmt330y2tfa8gui","id":"cmt330y2tfa8gui"},"id":"haf2w4bfuvw4x7o","previousOperationId":"k0uafgiiaw60910"}
{"type":"operationEnd","operationId":"k0uafgiiaw60910","timestamp":1704996352292,"id":"mnfu6t9k9qw6ks7","previousEventId":"fpayvn52hped990","previousOperationId":"k0uafgiiaw60910"}
{"type":"log","timestamp":1704996352292,"level":"debug","message":"Skipping storing report.","meta":{"rootId":"cmt330y2tfa8gui","id":"cmt330y2tfa8gui"},"id":"o2iab4dsn6zhqi6","previousOperationId":"k0uafgiiaw60910"}
{"type":"log","timestamp":1704996352292,"level":"info","message":"Rendering request 41 finished in 1455 ms","meta":{"rootId":"cmt330y2tfa8gui","id":"cmt330y2tfa8gui"},"id":"2y80ni1lltnbzni","previousOperationId":"k0uafgiiaw60910"}
{"type":"operationEnd","subtype":"render","operationId":"2mlw09b6xg2c5ge","timestamp":1704996352292,"id":"3i2oz2g0p6qpdud","previousEventId":"mnfu6t9k9qw6ks7","previousOperationId":"k0uafgiiaw60910"}
{"type":"operationEnd","doDiffs":false,"previousEventId":"8lofrsti6bctpi2","previousOperationId":"p2dziozgevawtuu","operationId":"p2dziozgevawtuu","timestamp":1704996352296,"id":"952sunovjzti615"}
