{"type":"operationStart","subtype":"profile","data":{"_id":"QVP8nQdnU5PqG7uH","timestamp":"2024-01-11T18:28:01.487Z","state":"queued","mode":"standard","creationDate":"2024-01-11T18:28:01.488Z","modificationDate":"2024-01-11T18:28:01.488Z","shortid":"Kq_E0-j","$entitySet":"profiles"},"doDiffs":false,"timestamp":1704997681487,"id":"24s4mg5eoqq8alq","previousOperationId":null,"operationId":"6zkffvq8lkkwzki"}
{"type":"log","level":"info","message":"Render request 17 queued for execution and waiting for available worker","previousOperationId":"6zkffvq8lkkwzki","timestamp":1704997681487,"id":"arj7tmnc9zpc4a8"}
{"type":"operationStart","subtype":"render","name":"User_project","previousOperationId":"6zkffvq8lkkwzki","timestamp":1704997681492,"id":"0h5w6ywwxyahh4m","previousEventId":"24s4mg5eoqq8alq","operationId":"veklnizgc9zan9o"}
{"type":"log","timestamp":1704997681492,"level":"info","message":"Starting rendering request 17","meta":{"rootId":"cn56ncms3w2cbfs","id":"cn56ncms3w2cbfs"},"id":"vb8i60xhcv7o345","previousOperationId":"veklnizgc9zan9o"}
{"type":"log","timestamp":1704997681492,"level":"info","message":"Rendering template { name: User_project, recipe: chrome-pdf, engine: handlebars, preview: true }","meta":{"rootId":"cn56ncms3w2cbfs","id":"cn56ncms3w2cbfs"},"id":"ya2lx50abxe5jjb","previousOperationId":"veklnizgc9zan9o"}
{"type":"log","timestamp":1704997681492,"level":"debug","message":"Data item not defined for this template.","meta":{"rootId":"cn56ncms3w2cbfs","id":"cn56ncms3w2cbfs"},"id":"wi6mckry7nr1sfl","previousOperationId":"veklnizgc9zan9o"}
{"type":"log","timestamp":1704997681493,"level":"debug","message":"Executing script usabi-data (beforeRender)","meta":{"rootId":"cn56ncms3w2cbfs","id":"cn56ncms3w2cbfs"},"id":"4xmgt2l4vc3turn","previousOperationId":"veklnizgc9zan9o"}
{"type":"operationStart","subtype":"scriptsBeforeRender","name":"scripts beforeRender","timestamp":1704997681497,"id":"4er0hiwytejrlzs","previousEventId":"0h5w6ywwxyahh4m","operationId":"5s4lkljmuz8nyaz","previousOperationId":"veklnizgc9zan9o"}
{"type":"operationStart","subtype":"script","name":"scripts usabi-data","previousOperationId":"5s4lkljmuz8nyaz","timestamp":1704997681497,"id":"4ap7jgzxsroes81","previousEventId":"4er0hiwytejrlzs","operationId":"brcn4oeq05lj1yv"}
{"type":"operationEnd","operationId":"brcn4oeq05lj1yv","timestamp":1704997681513,"id":"8tyibj3wskd499r","previousEventId":"0h5w6ywwxyahh4m","previousOperationId":"veklnizgc9zan9o"}
{"type":"log","timestamp":1704997681513,"level":"debug","message":"Executing script orders-script (beforeRender)","meta":{"rootId":"cn56ncms3w2cbfs","id":"cn56ncms3w2cbfs"},"id":"0h2x89d52cq5j3k","previousOperationId":"veklnizgc9zan9o"}
{"type":"operationStart","subtype":"script","name":"scripts orders-script","previousOperationId":"5s4lkljmuz8nyaz","timestamp":1704997681516,"id":"bzafxdihhowmzw5","previousEventId":"8tyibj3wskd499r","operationId":"d1pmzj2wh117h0f"}
{"type":"operationEnd","operationId":"d1pmzj2wh117h0f","timestamp":1704997682818,"id":"49rcxr03j3fyq6j","previousEventId":"8tyibj3wskd499r","previousOperationId":"veklnizgc9zan9o"}
{"type":"operationEnd","operationId":"5s4lkljmuz8nyaz","timestamp":1704997682818,"id":"zm8wehuzy5jpr2s","previousEventId":"49rcxr03j3fyq6j","previousOperationId":"veklnizgc9zan9o"}
{"type":"log","timestamp":1704997682818,"level":"debug","message":"Base url not specified, skipping its injection.","meta":{"rootId":"cn56ncms3w2cbfs","id":"cn56ncms3w2cbfs"},"id":"upwoonbojdaxb2s","previousOperationId":"5s4lkljmuz8nyaz"}
{"type":"operationStart","subtype":"engine","name":"handlebars","timestamp":1704997682818,"id":"x0wus6263s2faax","previousEventId":"zm8wehuzy5jpr2s","operationId":"ghldd2igw1n2lgv","previousOperationId":"5s4lkljmuz8nyaz"}
{"type":"log","timestamp":1704997682818,"level":"debug","message":"Rendering engine handlebars","meta":{"rootId":"cn56ncms3w2cbfs","id":"cn56ncms3w2cbfs"},"id":"st1uk1r06i5ufii","previousOperationId":"ghldd2igw1n2lgv"}
{"type":"operationEnd","operationId":"ghldd2igw1n2lgv","timestamp":1704997682843,"id":"9ewc3xufwpi0w38","previousEventId":"x0wus6263s2faax","previousOperationId":"ghldd2igw1n2lgv"}
{"type":"operationStart","subtype":"recipe","name":"chrome-pdf","timestamp":1704997682843,"id":"gr1t4p82gshj6rx","previousEventId":"9ewc3xufwpi0w38","operationId":"mujjdigm5pwc3i3","previousOperationId":"ghldd2igw1n2lgv"}
{"type":"log","timestamp":1704997682843,"level":"debug","message":"Executing recipe chrome-pdf","meta":{"rootId":"cn56ncms3w2cbfs","id":"cn56ncms3w2cbfs"},"id":"s5hsw5mmp48dnl0","previousOperationId":"mujjdigm5pwc3i3"}
{"type":"log","timestamp":1704997682846,"level":"debug","message":"Converting with chrome HeadlessChrome/117.0.5938.149 using chrome-pool strategy","meta":{"rootId":"cn56ncms3w2cbfs","id":"cn56ncms3w2cbfs"},"id":"37c2tis13vbfxuy","previousOperationId":"mujjdigm5pwc3i3"}
{"type":"log","timestamp":1704997682885,"level":"debug","message":"Page request: GET (document) file:///tmp/jsreport/autocleanup/ef786eba-84f8-45a0-92fd-9a61e35a6f4e-chrome-pdf.html","meta":{"rootId":"cn56ncms3w2cbfs","id":"cn56ncms3w2cbfs"},"id":"mv4gn46f5yd4khn","previousOperationId":"mujjdigm5pwc3i3"}
{"type":"log","timestamp":1704997682893,"level":"debug","message":"Page request: GET (script) https://cdn.jsdelivr.net/npm/chart.js","meta":{"rootId":"cn56ncms3w2cbfs","id":"cn56ncms3w2cbfs"},"id":"pn1vjog95112ta9","previousOperationId":"mujjdigm5pwc3i3"}
{"type":"log","timestamp":1704997682894,"level":"debug","message":"Page request finished: GET (document) 200 file:///tmp/jsreport/autocleanup/ef786eba-84f8-45a0-92fd-9a61e35a6f4e-chrome-pdf.html","meta":{"rootId":"cn56ncms3w2cbfs","id":"cn56ncms3w2cbfs"},"id":"rmgdfkkfh43ma3p","previousOperationId":"mujjdigm5pwc3i3"}
{"type":"log","timestamp":1704997682897,"level":"debug","message":"Page request finished: GET (script) 200 https://cdn.jsdelivr.net/npm/chart.js","meta":{"rootId":"cn56ncms3w2cbfs","id":"cn56ncms3w2cbfs"},"id":"c1ynjl991e94rb8","previousOperationId":"mujjdigm5pwc3i3"}
{"type":"log","timestamp":1704997682943,"level":"debug","message":"Running chrome with params {\"printBackground\":true,\"timeout\":58642,\"margin\":{}}","meta":{"rootId":"cn56ncms3w2cbfs","id":"cn56ncms3w2cbfs"},"id":"7ky5an23vviqaui","previousOperationId":"mujjdigm5pwc3i3"}
{"type":"operationEnd","operationId":"mujjdigm5pwc3i3","timestamp":1704997682963,"id":"asa0a7yrjgky2pe","previousEventId":"gr1t4p82gshj6rx","previousOperationId":"mujjdigm5pwc3i3"}
{"type":"log","timestamp":1704997682963,"level":"debug","message":"Skipping storing report.","meta":{"rootId":"cn56ncms3w2cbfs","id":"cn56ncms3w2cbfs"},"id":"ys6p757508pttjl","previousOperationId":"mujjdigm5pwc3i3"}
{"type":"log","timestamp":1704997682963,"level":"info","message":"Rendering request 17 finished in 1476 ms","meta":{"rootId":"cn56ncms3w2cbfs","id":"cn56ncms3w2cbfs"},"id":"rpvdehw1g99kqri","previousOperationId":"mujjdigm5pwc3i3"}
{"type":"operationEnd","subtype":"render","operationId":"veklnizgc9zan9o","timestamp":1704997682963,"id":"zfo986z7dgfavbl","previousEventId":"asa0a7yrjgky2pe","previousOperationId":"mujjdigm5pwc3i3"}
{"type":"operationEnd","doDiffs":false,"previousEventId":"24s4mg5eoqq8alq","previousOperationId":"6zkffvq8lkkwzki","operationId":"6zkffvq8lkkwzki","timestamp":1704997682968,"id":"qig950oayw3q5wd"}
