{"type":"operationStart","subtype":"profile","data":{"_id":"MUwWXBxASxYe1pxy","timestamp":"2024-01-11T16:37:29.449Z","state":"queued","mode":"standard","creationDate":"2024-01-11T16:37:29.452Z","modificationDate":"2024-01-11T16:37:29.452Z","shortid":"QNxXPgW","$entitySet":"profiles"},"doDiffs":false,"timestamp":1704991049451,"id":"9d377v4hzm09gml","previousOperationId":null,"operationId":"6m3dvnyj2kfekx8"}
{"type":"log","level":"info","message":"Render request 57 queued for execution and waiting for available worker","previousOperationId":"6m3dvnyj2kfekx8","timestamp":1704991049451,"id":"nnq092x40z8s1vm"}
{"type":"operationStart","subtype":"render","name":"User_project","previousOperationId":"6m3dvnyj2kfekx8","timestamp":1704991049467,"id":"3zglnj462d06k08","previousEventId":"9d377v4hzm09gml","operationId":"6biss32ynaqknfb"}
{"type":"log","timestamp":1704991049467,"level":"info","message":"Starting rendering request 57","meta":{"rootId":"cpx22zuadixedql","id":"cpx22zuadixedql"},"id":"jomf6jixoswycoe","previousOperationId":"6biss32ynaqknfb"}
{"type":"log","timestamp":1704991049467,"level":"info","message":"Rendering template { name: User_project, recipe: chrome-pdf, engine: handlebars, preview: true }","meta":{"rootId":"cpx22zuadixedql","id":"cpx22zuadixedql"},"id":"h8tlfr99fy6mxrv","previousOperationId":"6biss32ynaqknfb"}
{"type":"log","timestamp":1704991049468,"level":"debug","message":"Data item not defined for this template.","meta":{"rootId":"cpx22zuadixedql","id":"cpx22zuadixedql"},"id":"t8hxgw08nybamx4","previousOperationId":"6biss32ynaqknfb"}
{"type":"log","timestamp":1704991049470,"level":"debug","message":"Executing script usabi-data (beforeRender)","meta":{"rootId":"cpx22zuadixedql","id":"cpx22zuadixedql"},"id":"i1rnx1pza7noa9d","previousOperationId":"6biss32ynaqknfb"}
{"type":"operationStart","subtype":"scriptsBeforeRender","name":"scripts beforeRender","timestamp":1704991049475,"id":"wsxuwcrv73jgzml","previousEventId":"3zglnj462d06k08","operationId":"w566r2kzpftw52z","previousOperationId":"6biss32ynaqknfb"}
{"type":"operationStart","subtype":"script","name":"scripts usabi-data","previousOperationId":"w566r2kzpftw52z","timestamp":1704991049475,"id":"qgjhgoeg12aby0t","previousEventId":"wsxuwcrv73jgzml","operationId":"8w50clfxthjs9rc"}
{"type":"operationEnd","operationId":"8w50clfxthjs9rc","timestamp":1704991049489,"id":"ldxvytghd9u7ra5","previousEventId":"3zglnj462d06k08","previousOperationId":"6biss32ynaqknfb"}
{"type":"operationEnd","operationId":"w566r2kzpftw52z","timestamp":1704991049489,"id":"zae7qjzmu2wxke2","previousEventId":"ldxvytghd9u7ra5","previousOperationId":"6biss32ynaqknfb"}
{"type":"log","timestamp":1704991049490,"level":"debug","message":"Base url not specified, skipping its injection.","meta":{"rootId":"cpx22zuadixedql","id":"cpx22zuadixedql"},"id":"p16ssnggitwbrom","previousOperationId":"w566r2kzpftw52z"}
{"type":"operationStart","subtype":"engine","name":"handlebars","timestamp":1704991049490,"id":"kazjzw1hopwp1bm","previousEventId":"zae7qjzmu2wxke2","operationId":"cc6sfxxm05t23kw","previousOperationId":"w566r2kzpftw52z"}
{"type":"log","timestamp":1704991049490,"level":"debug","message":"Rendering engine handlebars","meta":{"rootId":"cpx22zuadixedql","id":"cpx22zuadixedql"},"id":"pski266sk6urrly","previousOperationId":"cc6sfxxm05t23kw"}
{"type":"operationEnd","operationId":"cc6sfxxm05t23kw","timestamp":1704991049499,"id":"trls10dtydp9g38","previousEventId":"kazjzw1hopwp1bm","previousOperationId":"cc6sfxxm05t23kw"}
{"type":"operationStart","subtype":"recipe","name":"chrome-pdf","timestamp":1704991049499,"id":"68irx1l4m14qdx6","previousEventId":"trls10dtydp9g38","operationId":"wxoasblicofbk8u","previousOperationId":"cc6sfxxm05t23kw"}
{"type":"log","timestamp":1704991049499,"level":"debug","message":"Executing recipe chrome-pdf","meta":{"rootId":"cpx22zuadixedql","id":"cpx22zuadixedql"},"id":"alrd83ttcxsabhz","previousOperationId":"wxoasblicofbk8u"}
{"type":"log","timestamp":1704991049500,"level":"debug","message":"Converting with chrome HeadlessChrome/117.0.5938.149 using chrome-pool strategy","meta":{"rootId":"cpx22zuadixedql","id":"cpx22zuadixedql"},"id":"athx5lsfgx81yo3","previousOperationId":"wxoasblicofbk8u"}
{"type":"log","timestamp":1704991049534,"level":"debug","message":"Page request: GET (document) file:///tmp/jsreport/autocleanup/42c72f2d-d921-4382-8b14-f7218191c146-chrome-pdf.html","meta":{"rootId":"cpx22zuadixedql","id":"cpx22zuadixedql"},"id":"9rn2v9kbe7zfqgr","previousOperationId":"wxoasblicofbk8u"}
{"type":"log","timestamp":1704991049541,"level":"debug","message":"Page request: GET (script) https://cdn.jsdelivr.net/npm/chart.js","meta":{"rootId":"cpx22zuadixedql","id":"cpx22zuadixedql"},"id":"flfjnvyatwwg1o5","previousOperationId":"wxoasblicofbk8u"}
{"type":"log","timestamp":1704991049542,"level":"debug","message":"Page request finished: GET (document) 200 file:///tmp/jsreport/autocleanup/42c72f2d-d921-4382-8b14-f7218191c146-chrome-pdf.html","meta":{"rootId":"cpx22zuadixedql","id":"cpx22zuadixedql"},"id":"h2pfwumgkre18jy","previousOperationId":"wxoasblicofbk8u"}
{"type":"log","timestamp":1704991049546,"level":"debug","message":"Page request finished: GET (script) 200 https://cdn.jsdelivr.net/npm/chart.js","meta":{"rootId":"cpx22zuadixedql","id":"cpx22zuadixedql"},"id":"5b8qq7zaj03ouu2","previousOperationId":"wxoasblicofbk8u"}
{"type":"log","timestamp":1704991049548,"level":"warn","message":"Page error: Unexpected token '.' , stack: SyntaxError: Unexpected token '.'","meta":{"rootId":"cpx22zuadixedql","id":"cpx22zuadixedql"},"id":"7oq2ruvugf72f5k","previousOperationId":"wxoasblicofbk8u"}
{"type":"log","timestamp":1704991049552,"level":"debug","message":"Running chrome with params {\"printBackground\":true,\"timeout\":59949,\"margin\":{}}","meta":{"rootId":"cpx22zuadixedql","id":"cpx22zuadixedql"},"id":"3rdpol1camrrvv5","previousOperationId":"wxoasblicofbk8u"}
{"type":"operationEnd","operationId":"wxoasblicofbk8u","timestamp":1704991049562,"id":"eh844eg8afge286","previousEventId":"68irx1l4m14qdx6","previousOperationId":"wxoasblicofbk8u"}
{"type":"log","timestamp":1704991049562,"level":"debug","message":"Skipping storing report.","meta":{"rootId":"cpx22zuadixedql","id":"cpx22zuadixedql"},"id":"bymjlv3swby22fj","previousOperationId":"wxoasblicofbk8u"}
{"type":"log","timestamp":1704991049562,"level":"info","message":"Rendering request 57 finished in 113 ms","meta":{"rootId":"cpx22zuadixedql","id":"cpx22zuadixedql"},"id":"dsedom7lltetqzw","previousOperationId":"wxoasblicofbk8u"}
{"type":"operationEnd","subtype":"render","operationId":"6biss32ynaqknfb","timestamp":1704991049562,"id":"qacihveknamhufw","previousEventId":"eh844eg8afge286","previousOperationId":"wxoasblicofbk8u"}
{"type":"operationEnd","doDiffs":false,"previousEventId":"9d377v4hzm09gml","previousOperationId":"6m3dvnyj2kfekx8","operationId":"6m3dvnyj2kfekx8","timestamp":1704991049564,"id":"7q44icwi9y1ywtn"}
