{"type":"operationStart","subtype":"profile","data":{"_id":"BtpquLZTeD9BYrhf","timestamp":"2024-01-11T18:04:08.518Z","state":"queued","mode":"standard","creationDate":"2024-01-11T18:04:08.518Z","modificationDate":"2024-01-11T18:04:08.518Z","shortid":"V5BHH3W","$entitySet":"profiles"},"doDiffs":false,"timestamp":1704996248518,"id":"n0hz69pdr75lbog","previousOperationId":null,"operationId":"11zwpqft1zxfdqv"}
{"type":"log","level":"info","message":"Render request 38 queued for execution and waiting for available worker","previousOperationId":"11zwpqft1zxfdqv","timestamp":1704996248518,"id":"7l6lh5eeh17bedk"}
{"type":"operationStart","subtype":"render","name":"User_project","previousOperationId":"11zwpqft1zxfdqv","timestamp":1704996248522,"id":"99l3he82fflzztl","previousEventId":"n0hz69pdr75lbog","operationId":"7hlmggzqrhkc7xg"}
{"type":"log","timestamp":1704996248523,"level":"info","message":"Starting rendering request 38","meta":{"rootId":"cv8gdxuwhagwk6f","id":"cv8gdxuwhagwk6f"},"id":"ixs6f2he5fk428q","previousOperationId":"7hlmggzqrhkc7xg"}
{"type":"log","timestamp":1704996248523,"level":"info","message":"Rendering template { name: User_project, recipe: chrome-pdf, engine: handlebars, preview: true }","meta":{"rootId":"cv8gdxuwhagwk6f","id":"cv8gdxuwhagwk6f"},"id":"7fi0qyuru8wf5et","previousOperationId":"7hlmggzqrhkc7xg"}
{"type":"log","timestamp":1704996248523,"level":"debug","message":"Data item not defined for this template.","meta":{"rootId":"cv8gdxuwhagwk6f","id":"cv8gdxuwhagwk6f"},"id":"mih4xnhifgz20cn","previousOperationId":"7hlmggzqrhkc7xg"}
{"type":"log","timestamp":1704996248525,"level":"debug","message":"Executing script usabi-data (beforeRender)","meta":{"rootId":"cv8gdxuwhagwk6f","id":"cv8gdxuwhagwk6f"},"id":"0b1ry7xiwi39f2z","previousOperationId":"7hlmggzqrhkc7xg"}
{"type":"operationStart","subtype":"scriptsBeforeRender","name":"scripts beforeRender","timestamp":1704996248528,"id":"cyndnl8txhmp2hg","previousEventId":"99l3he82fflzztl","operationId":"0t20aot7wpq2ae9","previousOperationId":"7hlmggzqrhkc7xg"}
{"type":"operationStart","subtype":"script","name":"scripts usabi-data","previousOperationId":"0t20aot7wpq2ae9","timestamp":1704996248528,"id":"qnbskkmv9kuhzej","previousEventId":"cyndnl8txhmp2hg","operationId":"pdqt91tev1i62y3"}
{"type":"operationEnd","operationId":"pdqt91tev1i62y3","timestamp":1704996248542,"id":"7y7na8khith2sil","previousEventId":"99l3he82fflzztl","previousOperationId":"7hlmggzqrhkc7xg"}
{"type":"log","timestamp":1704996248542,"level":"debug","message":"Executing script orders-script (beforeRender)","meta":{"rootId":"cv8gdxuwhagwk6f","id":"cv8gdxuwhagwk6f"},"id":"bw5czfarvu0l6i6","previousOperationId":"7hlmggzqrhkc7xg"}
{"type":"operationStart","subtype":"script","name":"scripts orders-script","previousOperationId":"0t20aot7wpq2ae9","timestamp":1704996248545,"id":"f8xxh6o4xvkz33b","previousEventId":"7y7na8khith2sil","operationId":"sztb6suw3uzigt3"}
{"type":"operationEnd","operationId":"sztb6suw3uzigt3","timestamp":1704996249883,"id":"13w4eb3hasiyp1y","previousEventId":"7y7na8khith2sil","previousOperationId":"7hlmggzqrhkc7xg"}
{"type":"operationEnd","operationId":"0t20aot7wpq2ae9","timestamp":1704996249883,"id":"9pvopa1ggpnx1l6","previousEventId":"13w4eb3hasiyp1y","previousOperationId":"7hlmggzqrhkc7xg"}
{"type":"log","timestamp":1704996249883,"level":"debug","message":"Base url not specified, skipping its injection.","meta":{"rootId":"cv8gdxuwhagwk6f","id":"cv8gdxuwhagwk6f"},"id":"4ptrhboosc4q5ze","previousOperationId":"0t20aot7wpq2ae9"}
{"type":"operationStart","subtype":"engine","name":"handlebars","timestamp":1704996249883,"id":"5lxn5fz5s27btp3","previousEventId":"9pvopa1ggpnx1l6","operationId":"yu4qpza4j6en5yd","previousOperationId":"0t20aot7wpq2ae9"}
{"type":"log","timestamp":1704996249883,"level":"debug","message":"Rendering engine handlebars","meta":{"rootId":"cv8gdxuwhagwk6f","id":"cv8gdxuwhagwk6f"},"id":"z2mlh57pks2xoq6","previousOperationId":"yu4qpza4j6en5yd"}
{"type":"operationEnd","operationId":"yu4qpza4j6en5yd","timestamp":1704996249915,"id":"2tysam16ptq2nmy","previousEventId":"5lxn5fz5s27btp3","previousOperationId":"yu4qpza4j6en5yd"}
{"type":"operationStart","subtype":"recipe","name":"chrome-pdf","timestamp":1704996249915,"id":"bkc4bv9rspjrxxf","previousEventId":"2tysam16ptq2nmy","operationId":"e9m4andwjq40g1c","previousOperationId":"yu4qpza4j6en5yd"}
{"type":"log","timestamp":1704996249915,"level":"debug","message":"Executing recipe chrome-pdf","meta":{"rootId":"cv8gdxuwhagwk6f","id":"cv8gdxuwhagwk6f"},"id":"5olpyy9g4rshr38","previousOperationId":"e9m4andwjq40g1c"}
{"type":"log","timestamp":1704996249916,"level":"debug","message":"Converting with chrome HeadlessChrome/117.0.5938.149 using chrome-pool strategy","meta":{"rootId":"cv8gdxuwhagwk6f","id":"cv8gdxuwhagwk6f"},"id":"e86li05jstjezrv","previousOperationId":"e9m4andwjq40g1c"}
{"type":"log","timestamp":1704996249947,"level":"debug","message":"Page request: GET (document) file:///tmp/jsreport/autocleanup/f94eb3db-5389-4c6b-8d5d-bc4c0c369d63-chrome-pdf.html","meta":{"rootId":"cv8gdxuwhagwk6f","id":"cv8gdxuwhagwk6f"},"id":"kpbkqugf066ix3z","previousOperationId":"e9m4andwjq40g1c"}
{"type":"log","timestamp":1704996249953,"level":"debug","message":"Page request: GET (script) https://cdn.jsdelivr.net/npm/chart.js","meta":{"rootId":"cv8gdxuwhagwk6f","id":"cv8gdxuwhagwk6f"},"id":"01w80q4e5es34rj","previousOperationId":"e9m4andwjq40g1c"}
{"type":"log","timestamp":1704996249953,"level":"debug","message":"Page request finished: GET (document) 200 file:///tmp/jsreport/autocleanup/f94eb3db-5389-4c6b-8d5d-bc4c0c369d63-chrome-pdf.html","meta":{"rootId":"cv8gdxuwhagwk6f","id":"cv8gdxuwhagwk6f"},"id":"d3fwkse6k2m8ma3","previousOperationId":"e9m4andwjq40g1c"}
{"type":"log","timestamp":1704996249956,"level":"debug","message":"Page request finished: GET (script) 200 https://cdn.jsdelivr.net/npm/chart.js","meta":{"rootId":"cv8gdxuwhagwk6f","id":"cv8gdxuwhagwk6f"},"id":"duw7ljkwro99u90","previousOperationId":"e9m4andwjq40g1c"}
{"type":"log","timestamp":1704996249960,"level":"warn","message":"Page error: Unexpected identifier 'Object' , stack: SyntaxError: Unexpected identifier 'Object'","meta":{"rootId":"cv8gdxuwhagwk6f","id":"cv8gdxuwhagwk6f"},"id":"l1ihzhznx415fwz","previousOperationId":"e9m4andwjq40g1c"}
{"type":"log","timestamp":1704996249966,"level":"debug","message":"Running chrome with params {\"printBackground\":true,\"timeout\":58602,\"margin\":{}}","meta":{"rootId":"cv8gdxuwhagwk6f","id":"cv8gdxuwhagwk6f"},"id":"2s2f7efg2s1caxg","previousOperationId":"e9m4andwjq40g1c"}
{"type":"operationEnd","operationId":"e9m4andwjq40g1c","timestamp":1704996249987,"id":"kwbt63op39czi3u","previousEventId":"bkc4bv9rspjrxxf","previousOperationId":"e9m4andwjq40g1c"}
{"type":"log","timestamp":1704996249987,"level":"debug","message":"Skipping storing report.","meta":{"rootId":"cv8gdxuwhagwk6f","id":"cv8gdxuwhagwk6f"},"id":"7awsu128q0j1mcn","previousOperationId":"e9m4andwjq40g1c"}
{"type":"log","timestamp":1704996249987,"level":"info","message":"Rendering request 38 finished in 1469 ms","meta":{"rootId":"cv8gdxuwhagwk6f","id":"cv8gdxuwhagwk6f"},"id":"8y4l8ms2e65pwlx","previousOperationId":"e9m4andwjq40g1c"}
{"type":"operationEnd","subtype":"render","operationId":"7hlmggzqrhkc7xg","timestamp":1704996249987,"id":"bqu5e145ajf5lur","previousEventId":"kwbt63op39czi3u","previousOperationId":"e9m4andwjq40g1c"}
{"type":"operationEnd","doDiffs":false,"previousEventId":"n0hz69pdr75lbog","previousOperationId":"11zwpqft1zxfdqv","operationId":"11zwpqft1zxfdqv","timestamp":1704996249990,"id":"xyq8rqp2n4l0txu"}
