{"type":"operationStart","subtype":"profile","data":{"_id":"uyKeudsmhs0Xblml","timestamp":"2024-01-11T18:26:00.149Z","state":"queued","mode":"standard","creationDate":"2024-01-11T18:26:00.150Z","modificationDate":"2024-01-11T18:26:00.150Z","shortid":"AosYZu-","$entitySet":"profiles"},"doDiffs":false,"timestamp":1704997560149,"id":"7e8kho5hmqy8jb0","previousOperationId":null,"operationId":"xhfdgmxkwsjo7m6"}
{"type":"log","level":"info","message":"Render request 15 queued for execution and waiting for available worker","previousOperationId":"xhfdgmxkwsjo7m6","timestamp":1704997560149,"id":"8teei7tqqcnn0vn"}
{"type":"operationStart","subtype":"render","name":"User_project","previousOperationId":"xhfdgmxkwsjo7m6","timestamp":1704997560154,"id":"hqahewu3r1xorp3","previousEventId":"7e8kho5hmqy8jb0","operationId":"0czs1hqsg7rfv1q"}
{"type":"log","timestamp":1704997560154,"level":"info","message":"Starting rendering request 15","meta":{"rootId":"cxf21yj2dgywopo","id":"cxf21yj2dgywopo"},"id":"vcdba7eltw1165f","previousOperationId":"0czs1hqsg7rfv1q"}
{"type":"log","timestamp":1704997560154,"level":"info","message":"Rendering template { name: User_project, recipe: chrome-pdf, engine: handlebars, preview: true }","meta":{"rootId":"cxf21yj2dgywopo","id":"cxf21yj2dgywopo"},"id":"gouokgjz3zvmfp0","previousOperationId":"0czs1hqsg7rfv1q"}
{"type":"log","timestamp":1704997560155,"level":"debug","message":"Data item not defined for this template.","meta":{"rootId":"cxf21yj2dgywopo","id":"cxf21yj2dgywopo"},"id":"8x6ag9emghi8lxa","previousOperationId":"0czs1hqsg7rfv1q"}
{"type":"log","timestamp":1704997560157,"level":"debug","message":"Executing script usabi-data (beforeRender)","meta":{"rootId":"cxf21yj2dgywopo","id":"cxf21yj2dgywopo"},"id":"ommdl2c6y58wbak","previousOperationId":"0czs1hqsg7rfv1q"}
{"type":"operationStart","subtype":"scriptsBeforeRender","name":"scripts beforeRender","timestamp":1704997560162,"id":"quw8p15wyj1x1j7","previousEventId":"hqahewu3r1xorp3","operationId":"5k5l76tzba0n256","previousOperationId":"0czs1hqsg7rfv1q"}
{"type":"operationStart","subtype":"script","name":"scripts usabi-data","previousOperationId":"5k5l76tzba0n256","timestamp":1704997560162,"id":"m8inbsyh2axbp19","previousEventId":"quw8p15wyj1x1j7","operationId":"z4vqseniai28lu5"}
{"type":"operationEnd","operationId":"z4vqseniai28lu5","timestamp":1704997560184,"id":"mwecmq13l2c6ohg","previousEventId":"hqahewu3r1xorp3","previousOperationId":"0czs1hqsg7rfv1q"}
{"type":"log","timestamp":1704997560184,"level":"debug","message":"Executing script orders-script (beforeRender)","meta":{"rootId":"cxf21yj2dgywopo","id":"cxf21yj2dgywopo"},"id":"23v9ruvcwh3w68d","previousOperationId":"0czs1hqsg7rfv1q"}
{"type":"operationStart","subtype":"script","name":"scripts orders-script","previousOperationId":"5k5l76tzba0n256","timestamp":1704997560188,"id":"1pg5co77x12ojaw","previousEventId":"mwecmq13l2c6ohg","operationId":"ytfymwcnh07zgcp"}
{"type":"operationEnd","operationId":"ytfymwcnh07zgcp","timestamp":1704997561559,"id":"zpey6kkjfoxulj7","previousEventId":"mwecmq13l2c6ohg","previousOperationId":"0czs1hqsg7rfv1q"}
{"type":"operationEnd","operationId":"5k5l76tzba0n256","timestamp":1704997561559,"id":"jeo2arcefqygxkv","previousEventId":"zpey6kkjfoxulj7","previousOperationId":"0czs1hqsg7rfv1q"}
{"type":"log","timestamp":1704997561559,"level":"debug","message":"Base url not specified, skipping its injection.","meta":{"rootId":"cxf21yj2dgywopo","id":"cxf21yj2dgywopo"},"id":"b2xq9g9j38xeevr","previousOperationId":"5k5l76tzba0n256"}
{"type":"operationStart","subtype":"engine","name":"handlebars","timestamp":1704997561559,"id":"jnxq4t4h1rkgf7p","previousEventId":"jeo2arcefqygxkv","operationId":"dwiopyuorxy9rbo","previousOperationId":"5k5l76tzba0n256"}
{"type":"log","timestamp":1704997561559,"level":"debug","message":"Rendering engine handlebars","meta":{"rootId":"cxf21yj2dgywopo","id":"cxf21yj2dgywopo"},"id":"owihr2xkwseezsv","previousOperationId":"dwiopyuorxy9rbo"}
{"type":"operationEnd","operationId":"dwiopyuorxy9rbo","timestamp":1704997561566,"id":"580j4611syezp0y","previousEventId":"jnxq4t4h1rkgf7p","previousOperationId":"dwiopyuorxy9rbo"}
{"type":"operationStart","subtype":"recipe","name":"chrome-pdf","timestamp":1704997561566,"id":"ys2ju2wi5asylos","previousEventId":"580j4611syezp0y","operationId":"7fa3khd0ywz01gg","previousOperationId":"dwiopyuorxy9rbo"}
{"type":"log","timestamp":1704997561566,"level":"debug","message":"Executing recipe chrome-pdf","meta":{"rootId":"cxf21yj2dgywopo","id":"cxf21yj2dgywopo"},"id":"aaagikkf1c48nq2","previousOperationId":"7fa3khd0ywz01gg"}
{"type":"log","timestamp":1704997561568,"level":"debug","message":"Converting with chrome HeadlessChrome/117.0.5938.149 using chrome-pool strategy","meta":{"rootId":"cxf21yj2dgywopo","id":"cxf21yj2dgywopo"},"id":"qeofylx8160y95j","previousOperationId":"7fa3khd0ywz01gg"}
{"type":"log","timestamp":1704997561601,"level":"debug","message":"Page request: GET (document) file:///tmp/jsreport/autocleanup/feb85c66-b040-441b-9f6d-c78ea9489e6e-chrome-pdf.html","meta":{"rootId":"cxf21yj2dgywopo","id":"cxf21yj2dgywopo"},"id":"0lwhhnrfoup94kr","previousOperationId":"7fa3khd0ywz01gg"}
{"type":"log","timestamp":1704997561608,"level":"debug","message":"Page request: GET (script) https://cdn.jsdelivr.net/npm/chart.js","meta":{"rootId":"cxf21yj2dgywopo","id":"cxf21yj2dgywopo"},"id":"6gckxlufky16sk3","previousOperationId":"7fa3khd0ywz01gg"}
{"type":"log","timestamp":1704997561608,"level":"debug","message":"Page request finished: GET (document) 200 file:///tmp/jsreport/autocleanup/feb85c66-b040-441b-9f6d-c78ea9489e6e-chrome-pdf.html","meta":{"rootId":"cxf21yj2dgywopo","id":"cxf21yj2dgywopo"},"id":"7f3w4985a9ran2b","previousOperationId":"7fa3khd0ywz01gg"}
{"type":"log","timestamp":1704997561612,"level":"debug","message":"Page request finished: GET (script) 200 https://cdn.jsdelivr.net/npm/chart.js","meta":{"rootId":"cxf21yj2dgywopo","id":"cxf21yj2dgywopo"},"id":"53qqyssv6htbqyr","previousOperationId":"7fa3khd0ywz01gg"}
{"type":"log","timestamp":1704997561659,"level":"debug","message":"Running chrome with params {\"printBackground\":true,\"timeout\":58582,\"margin\":{}}","meta":{"rootId":"cxf21yj2dgywopo","id":"cxf21yj2dgywopo"},"id":"rk2wt6atj616oqp","previousOperationId":"7fa3khd0ywz01gg"}
{"type":"operationEnd","operationId":"7fa3khd0ywz01gg","timestamp":1704997561679,"id":"qhejx1c9sxwpvue","previousEventId":"ys2ju2wi5asylos","previousOperationId":"7fa3khd0ywz01gg"}
{"type":"log","timestamp":1704997561679,"level":"debug","message":"Skipping storing report.","meta":{"rootId":"cxf21yj2dgywopo","id":"cxf21yj2dgywopo"},"id":"efjznvcx8y3o9fe","previousOperationId":"7fa3khd0ywz01gg"}
{"type":"log","timestamp":1704997561679,"level":"info","message":"Rendering request 15 finished in 1530 ms","meta":{"rootId":"cxf21yj2dgywopo","id":"cxf21yj2dgywopo"},"id":"bptihsfspf9mn8u","previousOperationId":"7fa3khd0ywz01gg"}
{"type":"operationEnd","subtype":"render","operationId":"0czs1hqsg7rfv1q","timestamp":1704997561679,"id":"wld6okx0vf6bl1b","previousEventId":"qhejx1c9sxwpvue","previousOperationId":"7fa3khd0ywz01gg"}
{"type":"operationEnd","doDiffs":false,"previousEventId":"7e8kho5hmqy8jb0","previousOperationId":"xhfdgmxkwsjo7m6","operationId":"xhfdgmxkwsjo7m6","timestamp":1704997561681,"id":"e1crdvt9lki5yjy"}
