{"type":"operationStart","subtype":"profile","data":{"_id":"gEIpy4r9M2hBYe4E","timestamp":"2024-01-11T17:33:56.990Z","state":"queued","mode":"standard","creationDate":"2024-01-11T17:33:56.991Z","modificationDate":"2024-01-11T17:33:56.991Z","shortid":"_gCy0Pw","$entitySet":"profiles"},"doDiffs":false,"timestamp":1704994436991,"id":"lknzmvjvz6i99i9","previousOperationId":null,"operationId":"ljeh7pp7so1zuei"}
{"type":"log","level":"info","message":"Render request 156 queued for execution and waiting for available worker","previousOperationId":"ljeh7pp7so1zuei","timestamp":1704994436991,"id":"uktowcu5hzatycx"}
{"type":"operationStart","subtype":"render","name":"User_project","previousOperationId":"ljeh7pp7so1zuei","timestamp":1704994436994,"id":"bw7oumj62g7df1d","previousEventId":"lknzmvjvz6i99i9","operationId":"u89fkg02diievtk"}
{"type":"log","timestamp":1704994436994,"level":"info","message":"Starting rendering request 156","meta":{"rootId":"d3c9cfc2wbebl2l","id":"d3c9cfc2wbebl2l"},"id":"wus564c5tqyp0qt","previousOperationId":"u89fkg02diievtk"}
{"type":"log","timestamp":1704994436995,"level":"info","message":"Rendering template { name: User_project, recipe: chrome-pdf, engine: handlebars, preview: true }","meta":{"rootId":"d3c9cfc2wbebl2l","id":"d3c9cfc2wbebl2l"},"id":"fxmaajx13ocn8xl","previousOperationId":"u89fkg02diievtk"}
{"type":"log","timestamp":1704994436995,"level":"debug","message":"Data item not defined for this template.","meta":{"rootId":"d3c9cfc2wbebl2l","id":"d3c9cfc2wbebl2l"},"id":"ekzqg4txgm14jcm","previousOperationId":"u89fkg02diievtk"}
{"type":"log","timestamp":1704994436996,"level":"debug","message":"Executing script usabi-data (beforeRender)","meta":{"rootId":"d3c9cfc2wbebl2l","id":"d3c9cfc2wbebl2l"},"id":"nr7g6qfjcnur4bw","previousOperationId":"u89fkg02diievtk"}
{"type":"operationStart","subtype":"scriptsBeforeRender","name":"scripts beforeRender","timestamp":1704994437000,"id":"73uo7nznu9iafmx","previousEventId":"bw7oumj62g7df1d","operationId":"5cwcj45k63broh3","previousOperationId":"u89fkg02diievtk"}
{"type":"operationStart","subtype":"script","name":"scripts usabi-data","previousOperationId":"5cwcj45k63broh3","timestamp":1704994437000,"id":"dh75durp7vh9sc7","previousEventId":"73uo7nznu9iafmx","operationId":"07dpobnmgice9z3"}
{"type":"operationEnd","operationId":"07dpobnmgice9z3","timestamp":1704994437015,"id":"i1lyvrl2e3n6ail","previousEventId":"bw7oumj62g7df1d","previousOperationId":"u89fkg02diievtk"}
{"type":"log","timestamp":1704994437015,"level":"debug","message":"Executing script orders-script (beforeRender)","meta":{"rootId":"d3c9cfc2wbebl2l","id":"d3c9cfc2wbebl2l"},"id":"oy0p6gya2bpkrcx","previousOperationId":"u89fkg02diievtk"}
{"type":"operationStart","subtype":"script","name":"scripts orders-script","previousOperationId":"5cwcj45k63broh3","timestamp":1704994437019,"id":"s43d6kjbzy34ctj","previousEventId":"i1lyvrl2e3n6ail","operationId":"cbjf7icdye1w7hu"}
{"type":"operationEnd","operationId":"cbjf7icdye1w7hu","timestamp":1704994438315,"id":"6iwvpm89vn5tvo9","previousEventId":"i1lyvrl2e3n6ail","previousOperationId":"u89fkg02diievtk"}
{"type":"operationEnd","operationId":"5cwcj45k63broh3","timestamp":1704994438315,"id":"beseblww1k6jnht","previousEventId":"6iwvpm89vn5tvo9","previousOperationId":"u89fkg02diievtk"}
{"type":"log","timestamp":1704994438315,"level":"debug","message":"Base url not specified, skipping its injection.","meta":{"rootId":"d3c9cfc2wbebl2l","id":"d3c9cfc2wbebl2l"},"id":"yn2hkk5bouiy1ji","previousOperationId":"5cwcj45k63broh3"}
{"type":"operationStart","subtype":"engine","name":"handlebars","timestamp":1704994438315,"id":"iw3wcao4dd8jc6f","previousEventId":"beseblww1k6jnht","operationId":"if8vo3qtm45p0xp","previousOperationId":"5cwcj45k63broh3"}
{"type":"log","timestamp":1704994438315,"level":"debug","message":"Rendering engine handlebars","meta":{"rootId":"d3c9cfc2wbebl2l","id":"d3c9cfc2wbebl2l"},"id":"8lvff8abn06kwim","previousOperationId":"if8vo3qtm45p0xp"}
{"type":"operationEnd","operationId":"if8vo3qtm45p0xp","timestamp":1704994438339,"id":"3eg12dvm1vrehsg","previousEventId":"iw3wcao4dd8jc6f","previousOperationId":"if8vo3qtm45p0xp"}
{"type":"operationStart","subtype":"recipe","name":"chrome-pdf","timestamp":1704994438339,"id":"lpwyir1ia3px2bv","previousEventId":"3eg12dvm1vrehsg","operationId":"yl0q6ek7edgeafu","previousOperationId":"if8vo3qtm45p0xp"}
{"type":"log","timestamp":1704994438339,"level":"debug","message":"Executing recipe chrome-pdf","meta":{"rootId":"d3c9cfc2wbebl2l","id":"d3c9cfc2wbebl2l"},"id":"lofediqzb6pfauq","previousOperationId":"yl0q6ek7edgeafu"}
{"type":"log","timestamp":1704994438341,"level":"debug","message":"Converting with chrome HeadlessChrome/117.0.5938.149 using chrome-pool strategy","meta":{"rootId":"d3c9cfc2wbebl2l","id":"d3c9cfc2wbebl2l"},"id":"drks2xab382fm1e","previousOperationId":"yl0q6ek7edgeafu"}
{"type":"log","timestamp":1704994438371,"level":"debug","message":"Page request: GET (document) file:///tmp/jsreport/autocleanup/4b304b4a-4c70-4c42-bb8a-02772f149b51-chrome-pdf.html","meta":{"rootId":"d3c9cfc2wbebl2l","id":"d3c9cfc2wbebl2l"},"id":"n9ukf7i9k3rz9jv","previousOperationId":"yl0q6ek7edgeafu"}
{"type":"log","timestamp":1704994438379,"level":"debug","message":"Page request: GET (script) https://cdn.jsdelivr.net/npm/chart.js","meta":{"rootId":"d3c9cfc2wbebl2l","id":"d3c9cfc2wbebl2l"},"id":"wcn1f7nnhxm0lv2","previousOperationId":"yl0q6ek7edgeafu"}
{"type":"log","timestamp":1704994438379,"level":"debug","message":"Page request finished: GET (document) 200 file:///tmp/jsreport/autocleanup/4b304b4a-4c70-4c42-bb8a-02772f149b51-chrome-pdf.html","meta":{"rootId":"d3c9cfc2wbebl2l","id":"d3c9cfc2wbebl2l"},"id":"hfoke2kfzfkvy93","previousOperationId":"yl0q6ek7edgeafu"}
{"type":"log","timestamp":1704994438383,"level":"debug","message":"Page request finished: GET (script) 200 https://cdn.jsdelivr.net/npm/chart.js","meta":{"rootId":"d3c9cfc2wbebl2l","id":"d3c9cfc2wbebl2l"},"id":"9zj7ypt90pi696w","previousOperationId":"yl0q6ek7edgeafu"}
{"type":"log","timestamp":1704994438385,"level":"warn","message":"Page error: Unexpected identifier 'Object' , stack: SyntaxError: Unexpected identifier 'Object'","meta":{"rootId":"d3c9cfc2wbebl2l","id":"d3c9cfc2wbebl2l"},"id":"ej2aa35iapy72fk","previousOperationId":"yl0q6ek7edgeafu"}
{"type":"log","timestamp":1704994438390,"level":"debug","message":"Running chrome with params {\"printBackground\":true,\"timeout\":58650,\"margin\":{}}","meta":{"rootId":"d3c9cfc2wbebl2l","id":"d3c9cfc2wbebl2l"},"id":"5u6dxg3du4eo8ye","previousOperationId":"yl0q6ek7edgeafu"}
{"type":"operationEnd","operationId":"yl0q6ek7edgeafu","timestamp":1704994438398,"id":"xh4x2zgu4sdiqvp","previousEventId":"lpwyir1ia3px2bv","previousOperationId":"yl0q6ek7edgeafu"}
{"type":"log","timestamp":1704994438398,"level":"debug","message":"Skipping storing report.","meta":{"rootId":"d3c9cfc2wbebl2l","id":"d3c9cfc2wbebl2l"},"id":"nte241up58ignay","previousOperationId":"yl0q6ek7edgeafu"}
{"type":"log","timestamp":1704994438398,"level":"info","message":"Rendering request 156 finished in 1408 ms","meta":{"rootId":"d3c9cfc2wbebl2l","id":"d3c9cfc2wbebl2l"},"id":"yinvy24kf08qf2u","previousOperationId":"yl0q6ek7edgeafu"}
{"type":"operationEnd","subtype":"render","operationId":"u89fkg02diievtk","timestamp":1704994438398,"id":"iowlrqg5wz18j39","previousEventId":"xh4x2zgu4sdiqvp","previousOperationId":"yl0q6ek7edgeafu"}
{"type":"operationEnd","doDiffs":false,"previousEventId":"lknzmvjvz6i99i9","previousOperationId":"ljeh7pp7so1zuei","operationId":"ljeh7pp7so1zuei","timestamp":1704994438402,"id":"m5hk12ks24jc19j"}
