{"type":"operationStart","subtype":"profile","data":{"_id":"ZutdqqXZkZ0Gr8LW","timestamp":"2024-01-11T17:40:36.257Z","state":"queued","mode":"standard","creationDate":"2024-01-11T17:40:36.257Z","modificationDate":"2024-01-11T17:40:36.257Z","shortid":"MaUFrBL","$entitySet":"profiles"},"doDiffs":false,"timestamp":1704994836257,"id":"7w8hvtsiunub8n9","previousOperationId":null,"operationId":"8cnrzk6ua503bov"}
{"type":"log","level":"info","message":"Render request 8 queued for execution and waiting for available worker","previousOperationId":"8cnrzk6ua503bov","timestamp":1704994836257,"id":"djrhl8aqo2stixi"}
{"type":"operationStart","subtype":"render","name":"User_project","previousOperationId":"8cnrzk6ua503bov","timestamp":1704994836261,"id":"ymup4uoyvxi0h4v","previousEventId":"7w8hvtsiunub8n9","operationId":"3f76xdvx28fg480"}
{"type":"log","timestamp":1704994836261,"level":"info","message":"Starting rendering request 8","meta":{"rootId":"dgzgty0oy7t6ntm","id":"dgzgty0oy7t6ntm"},"id":"kj7nxe5wsqxzh5v","previousOperationId":"3f76xdvx28fg480"}
{"type":"log","timestamp":1704994836261,"level":"info","message":"Rendering template { name: User_project, recipe: chrome-pdf, engine: handlebars, preview: true }","meta":{"rootId":"dgzgty0oy7t6ntm","id":"dgzgty0oy7t6ntm"},"id":"s7by8h3lahlm66k","previousOperationId":"3f76xdvx28fg480"}
{"type":"log","timestamp":1704994836262,"level":"debug","message":"Data item not defined for this template.","meta":{"rootId":"dgzgty0oy7t6ntm","id":"dgzgty0oy7t6ntm"},"id":"mxhol5pbbckd8kd","previousOperationId":"3f76xdvx28fg480"}
{"type":"log","timestamp":1704994836264,"level":"debug","message":"Executing script usabi-data (beforeRender)","meta":{"rootId":"dgzgty0oy7t6ntm","id":"dgzgty0oy7t6ntm"},"id":"f69o74dg1qvse3o","previousOperationId":"3f76xdvx28fg480"}
{"type":"operationStart","subtype":"scriptsBeforeRender","name":"scripts beforeRender","timestamp":1704994836267,"id":"xbszfejp2fe23pw","previousEventId":"ymup4uoyvxi0h4v","operationId":"f3aoocmcx6c4w4m","previousOperationId":"3f76xdvx28fg480"}
{"type":"operationStart","subtype":"script","name":"scripts usabi-data","previousOperationId":"f3aoocmcx6c4w4m","timestamp":1704994836267,"id":"xdz7aku54h87b4x","previousEventId":"xbszfejp2fe23pw","operationId":"6eabrezv2zosvwd"}
{"type":"operationEnd","operationId":"6eabrezv2zosvwd","timestamp":1704994836284,"id":"n8ak61iwo17dvbf","previousEventId":"ymup4uoyvxi0h4v","previousOperationId":"3f76xdvx28fg480"}
{"type":"log","timestamp":1704994836284,"level":"debug","message":"Executing script orders-script (beforeRender)","meta":{"rootId":"dgzgty0oy7t6ntm","id":"dgzgty0oy7t6ntm"},"id":"xxu98zr0n5stcz9","previousOperationId":"3f76xdvx28fg480"}
{"type":"operationStart","subtype":"script","name":"scripts orders-script","previousOperationId":"f3aoocmcx6c4w4m","timestamp":1704994836288,"id":"x2dp0es3ihl57zd","previousEventId":"n8ak61iwo17dvbf","operationId":"nr7aiprquf11ozf"}
{"type":"operationEnd","operationId":"nr7aiprquf11ozf","timestamp":1704994837619,"id":"v6mwgoxxz8lvq3k","previousEventId":"n8ak61iwo17dvbf","previousOperationId":"3f76xdvx28fg480"}
{"type":"operationEnd","operationId":"f3aoocmcx6c4w4m","timestamp":1704994837619,"id":"34r9l4ozlf9wlb7","previousEventId":"v6mwgoxxz8lvq3k","previousOperationId":"3f76xdvx28fg480"}
{"type":"log","timestamp":1704994837620,"level":"debug","message":"Base url not specified, skipping its injection.","meta":{"rootId":"dgzgty0oy7t6ntm","id":"dgzgty0oy7t6ntm"},"id":"4anajdbdcfc3g9h","previousOperationId":"f3aoocmcx6c4w4m"}
{"type":"operationStart","subtype":"engine","name":"handlebars","timestamp":1704994837620,"id":"xsl2gix2wfddcpr","previousEventId":"34r9l4ozlf9wlb7","operationId":"5kozx8kd59wi35d","previousOperationId":"f3aoocmcx6c4w4m"}
{"type":"log","timestamp":1704994837620,"level":"debug","message":"Rendering engine handlebars","meta":{"rootId":"dgzgty0oy7t6ntm","id":"dgzgty0oy7t6ntm"},"id":"0w05247asdg5ra5","previousOperationId":"5kozx8kd59wi35d"}
{"type":"operationEnd","operationId":"5kozx8kd59wi35d","timestamp":1704994837647,"id":"x1vtsq57sfoe06g","previousEventId":"xsl2gix2wfddcpr","previousOperationId":"5kozx8kd59wi35d"}
{"type":"operationStart","subtype":"recipe","name":"chrome-pdf","timestamp":1704994837647,"id":"k0maxmumh0k81t4","previousEventId":"x1vtsq57sfoe06g","operationId":"7gq0mf03l17cujh","previousOperationId":"5kozx8kd59wi35d"}
{"type":"log","timestamp":1704994837647,"level":"debug","message":"Executing recipe chrome-pdf","meta":{"rootId":"dgzgty0oy7t6ntm","id":"dgzgty0oy7t6ntm"},"id":"tlcxc28fjj7gy4v","previousOperationId":"7gq0mf03l17cujh"}
{"type":"log","timestamp":1704994837662,"level":"debug","message":"Converting with chrome HeadlessChrome/117.0.5938.149 using chrome-pool strategy","meta":{"rootId":"dgzgty0oy7t6ntm","id":"dgzgty0oy7t6ntm"},"id":"w6k4ljg0r1q5jkh","previousOperationId":"7gq0mf03l17cujh"}
{"type":"log","timestamp":1704994837696,"level":"debug","message":"Page request: GET (document) file:///tmp/jsreport/autocleanup/f8d01556-2590-43ee-95e3-02495e9dbab1-chrome-pdf.html","meta":{"rootId":"dgzgty0oy7t6ntm","id":"dgzgty0oy7t6ntm"},"id":"4tprbi81tamiawk","previousOperationId":"7gq0mf03l17cujh"}
{"type":"log","timestamp":1704994837704,"level":"debug","message":"Page request: GET (script) https://cdn.jsdelivr.net/npm/chart.js","meta":{"rootId":"dgzgty0oy7t6ntm","id":"dgzgty0oy7t6ntm"},"id":"smhqt731sp2nlug","previousOperationId":"7gq0mf03l17cujh"}
{"type":"log","timestamp":1704994837705,"level":"debug","message":"Page request finished: GET (document) 200 file:///tmp/jsreport/autocleanup/f8d01556-2590-43ee-95e3-02495e9dbab1-chrome-pdf.html","meta":{"rootId":"dgzgty0oy7t6ntm","id":"dgzgty0oy7t6ntm"},"id":"rae26gx4bn9owdh","previousOperationId":"7gq0mf03l17cujh"}
{"type":"log","timestamp":1704994837708,"level":"debug","message":"Page request finished: GET (script) 200 https://cdn.jsdelivr.net/npm/chart.js","meta":{"rootId":"dgzgty0oy7t6ntm","id":"dgzgty0oy7t6ntm"},"id":"ydas2cuymoac7q4","previousOperationId":"7gq0mf03l17cujh"}
{"type":"log","timestamp":1704994837711,"level":"warn","message":"Page error: Unexpected identifier 'Object' , stack: SyntaxError: Unexpected identifier 'Object'","meta":{"rootId":"dgzgty0oy7t6ntm","id":"dgzgty0oy7t6ntm"},"id":"e3ofjt31fonifo2","previousOperationId":"7gq0mf03l17cujh"}
{"type":"log","timestamp":1704994837716,"level":"warn","message":"Page error: Unexpected identifier 'Object' , stack: SyntaxError: Unexpected identifier 'Object'","meta":{"rootId":"dgzgty0oy7t6ntm","id":"dgzgty0oy7t6ntm"},"id":"ea15vd3mwngrdju","previousOperationId":"7gq0mf03l17cujh"}
{"type":"log","timestamp":1704994837721,"level":"debug","message":"Running chrome with params {\"printBackground\":true,\"timeout\":58606,\"margin\":{}}","meta":{"rootId":"dgzgty0oy7t6ntm","id":"dgzgty0oy7t6ntm"},"id":"kd7oe4ikwq3yzu1","previousOperationId":"7gq0mf03l17cujh"}
{"type":"operationEnd","operationId":"7gq0mf03l17cujh","timestamp":1704994837736,"id":"7imq9ude8ib2huk","previousEventId":"k0maxmumh0k81t4","previousOperationId":"7gq0mf03l17cujh"}
{"type":"log","timestamp":1704994837736,"level":"debug","message":"Skipping storing report.","meta":{"rootId":"dgzgty0oy7t6ntm","id":"dgzgty0oy7t6ntm"},"id":"1cpy9ev3d2ktn7n","previousOperationId":"7gq0mf03l17cujh"}
{"type":"log","timestamp":1704994837736,"level":"info","message":"Rendering request 8 finished in 1480 ms","meta":{"rootId":"dgzgty0oy7t6ntm","id":"dgzgty0oy7t6ntm"},"id":"k1a5bjjhe6xooke","previousOperationId":"7gq0mf03l17cujh"}
{"type":"operationEnd","subtype":"render","operationId":"3f76xdvx28fg480","timestamp":1704994837736,"id":"nfqmbndwmb5hn36","previousEventId":"7imq9ude8ib2huk","previousOperationId":"7gq0mf03l17cujh"}
{"type":"operationEnd","doDiffs":false,"previousEventId":"7w8hvtsiunub8n9","previousOperationId":"8cnrzk6ua503bov","operationId":"8cnrzk6ua503bov","timestamp":1704994837741,"id":"xf61o8kaoz46n3s"}
