{"type":"operationStart","subtype":"profile","data":{"_id":"MFNn0pplaiYmgqq8","timestamp":"2024-01-11T17:32:14.746Z","state":"queued","mode":"standard","creationDate":"2024-01-11T17:32:14.747Z","modificationDate":"2024-01-11T17:32:14.747Z","shortid":"appf2ZR","$entitySet":"profiles"},"doDiffs":false,"timestamp":1704994334747,"id":"5bdqez6m0t6dhmy","previousOperationId":null,"operationId":"f54y8da45u09qfm"}
{"type":"log","level":"info","message":"Render request 151 queued for execution and waiting for available worker","previousOperationId":"f54y8da45u09qfm","timestamp":1704994334747,"id":"q6xxfqs0v5enmvn"}
{"type":"operationStart","subtype":"render","name":"User_project","previousOperationId":"f54y8da45u09qfm","timestamp":1704994334751,"id":"6klizg08jxmvpvv","previousEventId":"5bdqez6m0t6dhmy","operationId":"iedk37jlb8hyrlv"}
{"type":"log","timestamp":1704994334751,"level":"info","message":"Starting rendering request 151","meta":{"rootId":"do3divf7siuvfkk","id":"do3divf7siuvfkk"},"id":"r0255mvjtgiiukw","previousOperationId":"iedk37jlb8hyrlv"}
{"type":"log","timestamp":1704994334751,"level":"info","message":"Rendering template { name: User_project, recipe: chrome-pdf, engine: handlebars, preview: true }","meta":{"rootId":"do3divf7siuvfkk","id":"do3divf7siuvfkk"},"id":"0v2mje3f6r521pn","previousOperationId":"iedk37jlb8hyrlv"}
{"type":"log","timestamp":1704994334751,"level":"debug","message":"Data item not defined for this template.","meta":{"rootId":"do3divf7siuvfkk","id":"do3divf7siuvfkk"},"id":"8x1j6a0h1kr414a","previousOperationId":"iedk37jlb8hyrlv"}
{"type":"log","timestamp":1704994334752,"level":"debug","message":"Executing script usabi-data (beforeRender)","meta":{"rootId":"do3divf7siuvfkk","id":"do3divf7siuvfkk"},"id":"2ujibjpkkl7jp4m","previousOperationId":"iedk37jlb8hyrlv"}
{"type":"operationStart","subtype":"scriptsBeforeRender","name":"scripts beforeRender","timestamp":1704994334754,"id":"ohcawrupd2itvca","previousEventId":"6klizg08jxmvpvv","operationId":"mik6m8ihea72xf3","previousOperationId":"iedk37jlb8hyrlv"}
{"type":"operationStart","subtype":"script","name":"scripts usabi-data","previousOperationId":"mik6m8ihea72xf3","timestamp":1704994334754,"id":"yhiimgcc2uteue1","previousEventId":"ohcawrupd2itvca","operationId":"5igv3rm7n9s9b3u"}
{"type":"operationEnd","operationId":"5igv3rm7n9s9b3u","timestamp":1704994334766,"id":"o0corq0y1rk5wet","previousEventId":"6klizg08jxmvpvv","previousOperationId":"iedk37jlb8hyrlv"}
{"type":"log","timestamp":1704994334766,"level":"debug","message":"Executing script orders-script (beforeRender)","meta":{"rootId":"do3divf7siuvfkk","id":"do3divf7siuvfkk"},"id":"7zhi38d2qgptz4h","previousOperationId":"iedk37jlb8hyrlv"}
{"type":"operationStart","subtype":"script","name":"scripts orders-script","previousOperationId":"mik6m8ihea72xf3","timestamp":1704994334769,"id":"185r17762fnwljo","previousEventId":"o0corq0y1rk5wet","operationId":"4l879f8y84thwbu"}
{"type":"operationEnd","operationId":"4l879f8y84thwbu","timestamp":1704994336213,"id":"9xkqh81pjwbp5ak","previousEventId":"o0corq0y1rk5wet","previousOperationId":"iedk37jlb8hyrlv"}
{"type":"operationEnd","operationId":"mik6m8ihea72xf3","timestamp":1704994336213,"id":"h3nl566hq57li85","previousEventId":"9xkqh81pjwbp5ak","previousOperationId":"iedk37jlb8hyrlv"}
{"type":"log","timestamp":1704994336214,"level":"debug","message":"Base url not specified, skipping its injection.","meta":{"rootId":"do3divf7siuvfkk","id":"do3divf7siuvfkk"},"id":"2efjmxle9doxftq","previousOperationId":"mik6m8ihea72xf3"}
{"type":"operationStart","subtype":"engine","name":"handlebars","timestamp":1704994336214,"id":"xepef89hjnhqh7w","previousEventId":"h3nl566hq57li85","operationId":"89p4spt0xw00xh9","previousOperationId":"mik6m8ihea72xf3"}
{"type":"log","timestamp":1704994336214,"level":"debug","message":"Rendering engine handlebars","meta":{"rootId":"do3divf7siuvfkk","id":"do3divf7siuvfkk"},"id":"1gj5f42hekdh5d1","previousOperationId":"89p4spt0xw00xh9"}
{"type":"operationEnd","operationId":"89p4spt0xw00xh9","timestamp":1704994336222,"id":"qrn1zt1x0hhwbut","previousEventId":"xepef89hjnhqh7w","previousOperationId":"89p4spt0xw00xh9"}
{"type":"operationStart","subtype":"recipe","name":"chrome-pdf","timestamp":1704994336222,"id":"og09lfd6cm0cmeg","previousEventId":"qrn1zt1x0hhwbut","operationId":"yl4wt6gq4kpqhtr","previousOperationId":"89p4spt0xw00xh9"}
{"type":"log","timestamp":1704994336222,"level":"debug","message":"Executing recipe chrome-pdf","meta":{"rootId":"do3divf7siuvfkk","id":"do3divf7siuvfkk"},"id":"9wj0x684w7m90pz","previousOperationId":"yl4wt6gq4kpqhtr"}
{"type":"log","timestamp":1704994336224,"level":"debug","message":"Converting with chrome HeadlessChrome/117.0.5938.149 using chrome-pool strategy","meta":{"rootId":"do3divf7siuvfkk","id":"do3divf7siuvfkk"},"id":"kxfndr5locy7lru","previousOperationId":"yl4wt6gq4kpqhtr"}
{"type":"log","timestamp":1704994336255,"level":"debug","message":"Page request: GET (document) file:///tmp/jsreport/autocleanup/3281c58f-b37c-4aa5-b25c-ab042d3bc5bf-chrome-pdf.html","meta":{"rootId":"do3divf7siuvfkk","id":"do3divf7siuvfkk"},"id":"ke16usyfrfbbqux","previousOperationId":"yl4wt6gq4kpqhtr"}
{"type":"log","timestamp":1704994336262,"level":"debug","message":"Page request: GET (script) https://cdn.jsdelivr.net/npm/chart.js","meta":{"rootId":"do3divf7siuvfkk","id":"do3divf7siuvfkk"},"id":"7ehn7y2w33oi19l","previousOperationId":"yl4wt6gq4kpqhtr"}
{"type":"log","timestamp":1704994336263,"level":"debug","message":"Page request finished: GET (document) 200 file:///tmp/jsreport/autocleanup/3281c58f-b37c-4aa5-b25c-ab042d3bc5bf-chrome-pdf.html","meta":{"rootId":"do3divf7siuvfkk","id":"do3divf7siuvfkk"},"id":"qnvkhdxkxv2obg6","previousOperationId":"yl4wt6gq4kpqhtr"}
{"type":"log","timestamp":1704994336266,"level":"debug","message":"Page request finished: GET (script) 200 https://cdn.jsdelivr.net/npm/chart.js","meta":{"rootId":"do3divf7siuvfkk","id":"do3divf7siuvfkk"},"id":"t22qskw1ljxst6s","previousOperationId":"yl4wt6gq4kpqhtr"}
{"type":"log","timestamp":1704994336269,"level":"warn","message":"Page error: Unexpected identifier 'Object' , stack: SyntaxError: Unexpected identifier 'Object'","meta":{"rootId":"do3divf7siuvfkk","id":"do3divf7siuvfkk"},"id":"oqt5cc40cit498m","previousOperationId":"yl4wt6gq4kpqhtr"}
{"type":"log","timestamp":1704994336277,"level":"debug","message":"Running chrome with params {\"printBackground\":true,\"timeout\":58523,\"margin\":{}}","meta":{"rootId":"do3divf7siuvfkk","id":"do3divf7siuvfkk"},"id":"g2hk6k92hbz46x5","previousOperationId":"yl4wt6gq4kpqhtr"}
{"type":"operationEnd","operationId":"yl4wt6gq4kpqhtr","timestamp":1704994336291,"id":"ff6bpu4y8szniuo","previousEventId":"og09lfd6cm0cmeg","previousOperationId":"yl4wt6gq4kpqhtr"}
{"type":"log","timestamp":1704994336291,"level":"debug","message":"Skipping storing report.","meta":{"rootId":"do3divf7siuvfkk","id":"do3divf7siuvfkk"},"id":"cx37fv0xjw5ao6g","previousOperationId":"yl4wt6gq4kpqhtr"}
{"type":"log","timestamp":1704994336291,"level":"info","message":"Rendering request 151 finished in 1545 ms","meta":{"rootId":"do3divf7siuvfkk","id":"do3divf7siuvfkk"},"id":"kt8s2ts9oba7ef1","previousOperationId":"yl4wt6gq4kpqhtr"}
{"type":"operationEnd","subtype":"render","operationId":"iedk37jlb8hyrlv","timestamp":1704994336291,"id":"3k094h5ac62dl1t","previousEventId":"ff6bpu4y8szniuo","previousOperationId":"yl4wt6gq4kpqhtr"}
{"type":"operationEnd","doDiffs":false,"previousEventId":"5bdqez6m0t6dhmy","previousOperationId":"f54y8da45u09qfm","operationId":"f54y8da45u09qfm","timestamp":1704994336295,"id":"sxa8o9pl72nwtz0"}
