{"type":"operationStart","subtype":"profile","data":{"_id":"Z9ADqRCmsoK2tPul","timestamp":"2024-01-11T16:19:29.477Z","state":"queued","mode":"standard","creationDate":"2024-01-11T16:19:29.478Z","modificationDate":"2024-01-11T16:19:29.478Z","shortid":"aD0zGVz","$entitySet":"profiles"},"doDiffs":false,"timestamp":1704989969477,"id":"bb83lvw6fvnr0h3","previousOperationId":null,"operationId":"ina067r8e9b7jia"}
{"type":"log","level":"info","message":"Render request 23 queued for execution and waiting for available worker","previousOperationId":"ina067r8e9b7jia","timestamp":1704989969477,"id":"90sa44gz6k9yvnq"}
{"type":"operationStart","subtype":"render","name":"User_project","previousOperationId":"ina067r8e9b7jia","timestamp":1704989969482,"id":"ygrsdvymosybduk","previousEventId":"bb83lvw6fvnr0h3","operationId":"himm0tj0yoh6m56"}
{"type":"log","timestamp":1704989969482,"level":"info","message":"Starting rendering request 23","meta":{"rootId":"e6dvug3s52dxea2","id":"e6dvug3s52dxea2"},"id":"9qbygv904skc9fx","previousOperationId":"himm0tj0yoh6m56"}
{"type":"log","timestamp":1704989969482,"level":"info","message":"Rendering template { name: User_project, recipe: chrome-pdf, engine: handlebars, preview: true }","meta":{"rootId":"e6dvug3s52dxea2","id":"e6dvug3s52dxea2"},"id":"f8omngpkodomac2","previousOperationId":"himm0tj0yoh6m56"}
{"type":"log","timestamp":1704989969482,"level":"debug","message":"Data item not defined for this template.","meta":{"rootId":"e6dvug3s52dxea2","id":"e6dvug3s52dxea2"},"id":"yvbxpau8j9nwl7a","previousOperationId":"himm0tj0yoh6m56"}
{"type":"log","timestamp":1704989969483,"level":"debug","message":"Executing script usabi-data (beforeRender)","meta":{"rootId":"e6dvug3s52dxea2","id":"e6dvug3s52dxea2"},"id":"v4clufpme5r5ie8","previousOperationId":"himm0tj0yoh6m56"}
{"type":"operationStart","subtype":"scriptsBeforeRender","name":"scripts beforeRender","timestamp":1704989969487,"id":"5scxje4q5u6wxyn","previousEventId":"ygrsdvymosybduk","operationId":"rg2ovnc96xldka9","previousOperationId":"himm0tj0yoh6m56"}
{"type":"operationStart","subtype":"script","name":"scripts usabi-data","previousOperationId":"rg2ovnc96xldka9","timestamp":1704989969487,"id":"ww2wp6jrnnv12b3","previousEventId":"5scxje4q5u6wxyn","operationId":"zi3fldz41dmvwqi"}
{"type":"operationEnd","operationId":"zi3fldz41dmvwqi","timestamp":1704989969497,"id":"740ftc7leyxlrs2","previousEventId":"ygrsdvymosybduk","previousOperationId":"himm0tj0yoh6m56"}
{"type":"operationEnd","operationId":"rg2ovnc96xldka9","timestamp":1704989969497,"id":"ucg0wsz3h1abpcb","previousEventId":"740ftc7leyxlrs2","previousOperationId":"himm0tj0yoh6m56"}
{"type":"log","timestamp":1704989969497,"level":"debug","message":"Base url not specified, skipping its injection.","meta":{"rootId":"e6dvug3s52dxea2","id":"e6dvug3s52dxea2"},"id":"obmuxvlm02ay4o2","previousOperationId":"rg2ovnc96xldka9"}
{"type":"operationStart","subtype":"engine","name":"handlebars","timestamp":1704989969497,"id":"zccdb51jcjr4n5f","previousEventId":"ucg0wsz3h1abpcb","operationId":"w12llv1p3nie0kz","previousOperationId":"rg2ovnc96xldka9"}
{"type":"log","timestamp":1704989969497,"level":"debug","message":"Rendering engine handlebars","meta":{"rootId":"e6dvug3s52dxea2","id":"e6dvug3s52dxea2"},"id":"vmek7wv36jjs6h7","previousOperationId":"w12llv1p3nie0kz"}
{"type":"operationEnd","operationId":"w12llv1p3nie0kz","timestamp":1704989969507,"id":"cmyh7il5ipzp5ft","previousEventId":"zccdb51jcjr4n5f","previousOperationId":"w12llv1p3nie0kz"}
{"type":"operationStart","subtype":"recipe","name":"chrome-pdf","timestamp":1704989969507,"id":"0gwar3ejrxnmxbh","previousEventId":"cmyh7il5ipzp5ft","operationId":"vh79fhwvj9c9r98","previousOperationId":"w12llv1p3nie0kz"}
{"type":"log","timestamp":1704989969507,"level":"debug","message":"Executing recipe chrome-pdf","meta":{"rootId":"e6dvug3s52dxea2","id":"e6dvug3s52dxea2"},"id":"2755eq0f8v8ogrw","previousOperationId":"vh79fhwvj9c9r98"}
{"type":"log","timestamp":1704989969509,"level":"debug","message":"Converting with chrome HeadlessChrome/117.0.5938.149 using chrome-pool strategy","meta":{"rootId":"e6dvug3s52dxea2","id":"e6dvug3s52dxea2"},"id":"z7ed76u7zmefksi","previousOperationId":"vh79fhwvj9c9r98"}
{"type":"log","timestamp":1704989969545,"level":"debug","message":"Page request: GET (document) file:///tmp/jsreport/autocleanup/e50c29b2-69ea-4ef7-984b-6acace928d26-chrome-pdf.html","meta":{"rootId":"e6dvug3s52dxea2","id":"e6dvug3s52dxea2"},"id":"nn0anxo5g9i6e2b","previousOperationId":"vh79fhwvj9c9r98"}
{"type":"log","timestamp":1704989969552,"level":"debug","message":"Page request: GET (script) https://cdn.jsdelivr.net/npm/chart.js","meta":{"rootId":"e6dvug3s52dxea2","id":"e6dvug3s52dxea2"},"id":"qnos4f3cfkfbs0v","previousOperationId":"vh79fhwvj9c9r98"}
{"type":"log","timestamp":1704989969552,"level":"debug","message":"Page request finished: GET (document) 200 file:///tmp/jsreport/autocleanup/e50c29b2-69ea-4ef7-984b-6acace928d26-chrome-pdf.html","meta":{"rootId":"e6dvug3s52dxea2","id":"e6dvug3s52dxea2"},"id":"lr3cx2v39060x2v","previousOperationId":"vh79fhwvj9c9r98"}
{"type":"log","timestamp":1704989969555,"level":"debug","message":"Page request finished: GET (script) 200 https://cdn.jsdelivr.net/npm/chart.js","meta":{"rootId":"e6dvug3s52dxea2","id":"e6dvug3s52dxea2"},"id":"a91co4ukju8paq3","previousOperationId":"vh79fhwvj9c9r98"}
{"type":"log","timestamp":1704989969602,"level":"debug","message":"Running chrome with params {\"printBackground\":true,\"timeout\":59968,\"margin\":{}}","meta":{"rootId":"e6dvug3s52dxea2","id":"e6dvug3s52dxea2"},"id":"3lndv1itmnyum0a","previousOperationId":"vh79fhwvj9c9r98"}
{"type":"operationEnd","operationId":"vh79fhwvj9c9r98","timestamp":1704989969624,"id":"o96du7dicwzlf8c","previousEventId":"0gwar3ejrxnmxbh","previousOperationId":"vh79fhwvj9c9r98"}
{"type":"log","timestamp":1704989969624,"level":"debug","message":"Skipping storing report.","meta":{"rootId":"e6dvug3s52dxea2","id":"e6dvug3s52dxea2"},"id":"uqdguzx19fh62a3","previousOperationId":"vh79fhwvj9c9r98"}
{"type":"log","timestamp":1704989969624,"level":"info","message":"Rendering request 23 finished in 148 ms","meta":{"rootId":"e6dvug3s52dxea2","id":"e6dvug3s52dxea2"},"id":"w4ylmcws39jhhjr","previousOperationId":"vh79fhwvj9c9r98"}
{"type":"operationEnd","subtype":"render","operationId":"himm0tj0yoh6m56","timestamp":1704989969624,"id":"ggtp2yi5hhyp6le","previousEventId":"o96du7dicwzlf8c","previousOperationId":"vh79fhwvj9c9r98"}
{"type":"operationEnd","doDiffs":false,"previousEventId":"bb83lvw6fvnr0h3","previousOperationId":"ina067r8e9b7jia","operationId":"ina067r8e9b7jia","timestamp":1704989969626,"id":"vkqyt67gl2th1fc"}
