{"type":"operationStart","subtype":"profile","data":{"_id":"XN67Ap3JxEsCdk8U","timestamp":"2024-01-11T16:41:10.709Z","state":"queued","mode":"standard","creationDate":"2024-01-11T16:41:10.709Z","modificationDate":"2024-01-11T16:41:10.709Z","shortid":"FqPHf5c","$entitySet":"profiles"},"doDiffs":false,"timestamp":1704991270709,"id":"iumbqnk7rhu1z5t","previousOperationId":null,"operationId":"uhrpol3d6p3a7lf"}
{"type":"log","level":"info","message":"Render request 66 queued for execution and waiting for available worker","previousOperationId":"uhrpol3d6p3a7lf","timestamp":1704991270709,"id":"hmgviqg3tty9p1x"}
{"type":"operationStart","subtype":"render","name":"User_project","previousOperationId":"uhrpol3d6p3a7lf","timestamp":1704991270714,"id":"zx8t2ow8eew4xaq","previousEventId":"iumbqnk7rhu1z5t","operationId":"bq4zxdnbbhv3ago"}
{"type":"log","timestamp":1704991270714,"level":"info","message":"Starting rendering request 66","meta":{"rootId":"e9b9f8j276ef8dz","id":"e9b9f8j276ef8dz"},"id":"413jqeh2606nklo","previousOperationId":"bq4zxdnbbhv3ago"}
{"type":"log","timestamp":1704991270714,"level":"info","message":"Rendering template { name: User_project, recipe: chrome-pdf, engine: handlebars, preview: true }","meta":{"rootId":"e9b9f8j276ef8dz","id":"e9b9f8j276ef8dz"},"id":"mrlvoge31bltgmr","previousOperationId":"bq4zxdnbbhv3ago"}
{"type":"log","timestamp":1704991270715,"level":"debug","message":"Data item not defined for this template.","meta":{"rootId":"e9b9f8j276ef8dz","id":"e9b9f8j276ef8dz"},"id":"5zxyd21kklflcsm","previousOperationId":"bq4zxdnbbhv3ago"}
{"type":"log","timestamp":1704991270716,"level":"debug","message":"Executing script usabi-data (beforeRender)","meta":{"rootId":"e9b9f8j276ef8dz","id":"e9b9f8j276ef8dz"},"id":"38pfdrck5ig33k8","previousOperationId":"bq4zxdnbbhv3ago"}
{"type":"operationStart","subtype":"scriptsBeforeRender","name":"scripts beforeRender","timestamp":1704991270719,"id":"fioaywsngdlu89d","previousEventId":"zx8t2ow8eew4xaq","operationId":"muz1t11zzs6ef0g","previousOperationId":"bq4zxdnbbhv3ago"}
{"type":"operationStart","subtype":"script","name":"scripts usabi-data","previousOperationId":"muz1t11zzs6ef0g","timestamp":1704991270719,"id":"wf3b72kcm1k32e4","previousEventId":"fioaywsngdlu89d","operationId":"4q8jngxpphuts97"}
{"type":"operationEnd","operationId":"4q8jngxpphuts97","timestamp":1704991270731,"id":"04mcq1mylx3jzof","previousEventId":"zx8t2ow8eew4xaq","previousOperationId":"bq4zxdnbbhv3ago"}
{"type":"operationEnd","operationId":"muz1t11zzs6ef0g","timestamp":1704991270731,"id":"vikmx7hlmk7yxad","previousEventId":"04mcq1mylx3jzof","previousOperationId":"bq4zxdnbbhv3ago"}
{"type":"log","timestamp":1704991270731,"level":"debug","message":"Base url not specified, skipping its injection.","meta":{"rootId":"e9b9f8j276ef8dz","id":"e9b9f8j276ef8dz"},"id":"pkoy8gng4aiwdsv","previousOperationId":"muz1t11zzs6ef0g"}
{"type":"operationStart","subtype":"engine","name":"handlebars","timestamp":1704991270731,"id":"3788hn2bzvr8ond","previousEventId":"vikmx7hlmk7yxad","operationId":"ubj677q68emz9it","previousOperationId":"muz1t11zzs6ef0g"}
{"type":"log","timestamp":1704991270731,"level":"debug","message":"Rendering engine handlebars","meta":{"rootId":"e9b9f8j276ef8dz","id":"e9b9f8j276ef8dz"},"id":"r5nblkj1nw7k6xd","previousOperationId":"ubj677q68emz9it"}
{"type":"operationEnd","operationId":"ubj677q68emz9it","timestamp":1704991270741,"id":"rj0upw1kc6m3pdu","previousEventId":"3788hn2bzvr8ond","previousOperationId":"ubj677q68emz9it"}
{"type":"operationStart","subtype":"recipe","name":"chrome-pdf","timestamp":1704991270741,"id":"yqqyt7txgm9suy8","previousEventId":"rj0upw1kc6m3pdu","operationId":"rnoqys1kcymj7ky","previousOperationId":"ubj677q68emz9it"}
{"type":"log","timestamp":1704991270741,"level":"debug","message":"Executing recipe chrome-pdf","meta":{"rootId":"e9b9f8j276ef8dz","id":"e9b9f8j276ef8dz"},"id":"8ciiemtyx94ayrm","previousOperationId":"rnoqys1kcymj7ky"}
{"type":"log","timestamp":1704991270743,"level":"debug","message":"Converting with chrome HeadlessChrome/117.0.5938.149 using chrome-pool strategy","meta":{"rootId":"e9b9f8j276ef8dz","id":"e9b9f8j276ef8dz"},"id":"1dro5uxglumz24i","previousOperationId":"rnoqys1kcymj7ky"}
{"type":"log","timestamp":1704991270772,"level":"debug","message":"Page request: GET (document) file:///tmp/jsreport/autocleanup/61948c8d-d750-45d0-9ac5-0bca657f6561-chrome-pdf.html","meta":{"rootId":"e9b9f8j276ef8dz","id":"e9b9f8j276ef8dz"},"id":"sata9vr0vw1xus1","previousOperationId":"rnoqys1kcymj7ky"}
{"type":"log","timestamp":1704991270779,"level":"debug","message":"Page request: GET (script) https://cdn.jsdelivr.net/npm/chart.js","meta":{"rootId":"e9b9f8j276ef8dz","id":"e9b9f8j276ef8dz"},"id":"tnrroilk2qb9nam","previousOperationId":"rnoqys1kcymj7ky"}
{"type":"log","timestamp":1704991270779,"level":"debug","message":"Page request finished: GET (document) 200 file:///tmp/jsreport/autocleanup/61948c8d-d750-45d0-9ac5-0bca657f6561-chrome-pdf.html","meta":{"rootId":"e9b9f8j276ef8dz","id":"e9b9f8j276ef8dz"},"id":"bjitxjenz3zi8ha","previousOperationId":"rnoqys1kcymj7ky"}
{"type":"log","timestamp":1704991270782,"level":"debug","message":"Page request finished: GET (script) 200 https://cdn.jsdelivr.net/npm/chart.js","meta":{"rootId":"e9b9f8j276ef8dz","id":"e9b9f8j276ef8dz"},"id":"loohs6ifqzhzizb","previousOperationId":"rnoqys1kcymj7ky"}
{"type":"log","timestamp":1704991270835,"level":"debug","message":"Running chrome with params {\"printBackground\":true,\"timeout\":59967,\"margin\":{}}","meta":{"rootId":"e9b9f8j276ef8dz","id":"e9b9f8j276ef8dz"},"id":"zg8gjafyn7z66th","previousOperationId":"rnoqys1kcymj7ky"}
{"type":"operationEnd","operationId":"rnoqys1kcymj7ky","timestamp":1704991270855,"id":"0q6dgd49jsx98sk","previousEventId":"yqqyt7txgm9suy8","previousOperationId":"rnoqys1kcymj7ky"}
{"type":"log","timestamp":1704991270855,"level":"debug","message":"Skipping storing report.","meta":{"rootId":"e9b9f8j276ef8dz","id":"e9b9f8j276ef8dz"},"id":"8jj4cbtcvmp5ijy","previousOperationId":"rnoqys1kcymj7ky"}
{"type":"log","timestamp":1704991270855,"level":"info","message":"Rendering request 66 finished in 146 ms","meta":{"rootId":"e9b9f8j276ef8dz","id":"e9b9f8j276ef8dz"},"id":"hpo9air77n1n6ws","previousOperationId":"rnoqys1kcymj7ky"}
{"type":"operationEnd","subtype":"render","operationId":"bq4zxdnbbhv3ago","timestamp":1704991270855,"id":"kcyiptrqtnxvpvx","previousEventId":"0q6dgd49jsx98sk","previousOperationId":"rnoqys1kcymj7ky"}
{"type":"operationEnd","doDiffs":false,"previousEventId":"iumbqnk7rhu1z5t","previousOperationId":"uhrpol3d6p3a7lf","operationId":"uhrpol3d6p3a7lf","timestamp":1704991270857,"id":"3tfucwqip26iif3"}
