{"type":"operationStart","subtype":"profile","data":{"_id":"7b5oSKXDDxPzpM2n","timestamp":"2024-01-11T17:57:14.108Z","state":"queued","mode":"standard","creationDate":"2024-01-11T17:57:14.109Z","modificationDate":"2024-01-11T17:57:14.109Z","shortid":"9vbFx66","$entitySet":"profiles"},"doDiffs":false,"timestamp":1704995834108,"id":"sx4b1wh6eby8al3","previousOperationId":null,"operationId":"qv5focrc8wh0tw6"}
{"type":"log","level":"info","message":"Render request 29 queued for execution and waiting for available worker","previousOperationId":"qv5focrc8wh0tw6","timestamp":1704995834109,"id":"89gyxjsmux1huq2"}
{"type":"operationStart","subtype":"render","name":"User_project","previousOperationId":"qv5focrc8wh0tw6","timestamp":1704995834113,"id":"zsqi6lnjvkoj67l","previousEventId":"sx4b1wh6eby8al3","operationId":"ykznyk9idk9ru7o"}
{"type":"log","timestamp":1704995834113,"level":"info","message":"Starting rendering request 29","meta":{"rootId":"eaprtm418kyyitl","id":"eaprtm418kyyitl"},"id":"gkepswy7vkgkyhi","previousOperationId":"ykznyk9idk9ru7o"}
{"type":"log","timestamp":1704995834113,"level":"info","message":"Rendering template { name: User_project, recipe: chrome-pdf, engine: handlebars, preview: true }","meta":{"rootId":"eaprtm418kyyitl","id":"eaprtm418kyyitl"},"id":"e4ublfkvx5n3obr","previousOperationId":"ykznyk9idk9ru7o"}
{"type":"log","timestamp":1704995834114,"level":"debug","message":"Data item not defined for this template.","meta":{"rootId":"eaprtm418kyyitl","id":"eaprtm418kyyitl"},"id":"uzhm2qmzpxhrgxk","previousOperationId":"ykznyk9idk9ru7o"}
{"type":"log","timestamp":1704995834115,"level":"debug","message":"Executing script usabi-data (beforeRender)","meta":{"rootId":"eaprtm418kyyitl","id":"eaprtm418kyyitl"},"id":"emkjznxdtsyotbp","previousOperationId":"ykznyk9idk9ru7o"}
{"type":"operationStart","subtype":"scriptsBeforeRender","name":"scripts beforeRender","timestamp":1704995834119,"id":"m2ywooih7fu0uwy","previousEventId":"zsqi6lnjvkoj67l","operationId":"4fvhq3xtnn1d8z5","previousOperationId":"ykznyk9idk9ru7o"}
{"type":"operationStart","subtype":"script","name":"scripts usabi-data","previousOperationId":"4fvhq3xtnn1d8z5","timestamp":1704995834119,"id":"veux0c676vbz0nu","previousEventId":"m2ywooih7fu0uwy","operationId":"q1uqlzfvo77cgy1"}
{"type":"operationEnd","operationId":"q1uqlzfvo77cgy1","timestamp":1704995834135,"id":"3dlacadhdrxlxn4","previousEventId":"zsqi6lnjvkoj67l","previousOperationId":"ykznyk9idk9ru7o"}
{"type":"log","timestamp":1704995834135,"level":"debug","message":"Executing script orders-script (beforeRender)","meta":{"rootId":"eaprtm418kyyitl","id":"eaprtm418kyyitl"},"id":"pah614u4gjwrxel","previousOperationId":"ykznyk9idk9ru7o"}
{"type":"operationStart","subtype":"script","name":"scripts orders-script","previousOperationId":"4fvhq3xtnn1d8z5","timestamp":1704995834139,"id":"10hktf4szu0hckd","previousEventId":"3dlacadhdrxlxn4","operationId":"5par9hxmrdk0wc8"}
{"type":"operationEnd","operationId":"5par9hxmrdk0wc8","timestamp":1704995835535,"id":"8ulxb2iffmjyoje","previousEventId":"3dlacadhdrxlxn4","previousOperationId":"ykznyk9idk9ru7o"}
{"type":"operationEnd","operationId":"4fvhq3xtnn1d8z5","timestamp":1704995835535,"id":"ltdjjalfa9cj66a","previousEventId":"8ulxb2iffmjyoje","previousOperationId":"ykznyk9idk9ru7o"}
{"type":"log","timestamp":1704995835535,"level":"debug","message":"Base url not specified, skipping its injection.","meta":{"rootId":"eaprtm418kyyitl","id":"eaprtm418kyyitl"},"id":"fmyq0uhleb7mkto","previousOperationId":"4fvhq3xtnn1d8z5"}
{"type":"operationStart","subtype":"engine","name":"handlebars","timestamp":1704995835535,"id":"kwecox0yf819rx6","previousEventId":"ltdjjalfa9cj66a","operationId":"gj13ud39gnfu6xu","previousOperationId":"4fvhq3xtnn1d8z5"}
{"type":"log","timestamp":1704995835535,"level":"debug","message":"Rendering engine handlebars","meta":{"rootId":"eaprtm418kyyitl","id":"eaprtm418kyyitl"},"id":"z2jiq7jg7bp860q","previousOperationId":"gj13ud39gnfu6xu"}
{"type":"operationEnd","operationId":"gj13ud39gnfu6xu","timestamp":1704995835546,"id":"2vds66mmm5xyjax","previousEventId":"kwecox0yf819rx6","previousOperationId":"gj13ud39gnfu6xu"}
{"type":"operationStart","subtype":"recipe","name":"chrome-pdf","timestamp":1704995835547,"id":"qln13n1eobif0ud","previousEventId":"2vds66mmm5xyjax","operationId":"r0bp6t8lguffwy3","previousOperationId":"gj13ud39gnfu6xu"}
{"type":"log","timestamp":1704995835547,"level":"debug","message":"Executing recipe chrome-pdf","meta":{"rootId":"eaprtm418kyyitl","id":"eaprtm418kyyitl"},"id":"yxg0wx3bdg9d13s","previousOperationId":"r0bp6t8lguffwy3"}
{"type":"log","timestamp":1704995835549,"level":"debug","message":"Converting with chrome HeadlessChrome/117.0.5938.149 using chrome-pool strategy","meta":{"rootId":"eaprtm418kyyitl","id":"eaprtm418kyyitl"},"id":"4qjsrm5wpdaay5l","previousOperationId":"r0bp6t8lguffwy3"}
{"type":"log","timestamp":1704995835591,"level":"debug","message":"Page request: GET (document) file:///tmp/jsreport/autocleanup/9602ea26-f6cf-4339-b328-d9710da1b7ec-chrome-pdf.html","meta":{"rootId":"eaprtm418kyyitl","id":"eaprtm418kyyitl"},"id":"h22g8ipp6f8ps1a","previousOperationId":"r0bp6t8lguffwy3"}
{"type":"log","timestamp":1704995835598,"level":"debug","message":"Page request: GET (script) https://cdn.jsdelivr.net/npm/chart.js","meta":{"rootId":"eaprtm418kyyitl","id":"eaprtm418kyyitl"},"id":"bm4ylm3qru9ne9o","previousOperationId":"r0bp6t8lguffwy3"}
{"type":"log","timestamp":1704995835599,"level":"debug","message":"Page request finished: GET (document) 200 file:///tmp/jsreport/autocleanup/9602ea26-f6cf-4339-b328-d9710da1b7ec-chrome-pdf.html","meta":{"rootId":"eaprtm418kyyitl","id":"eaprtm418kyyitl"},"id":"dwp3fja6blo4j3h","previousOperationId":"r0bp6t8lguffwy3"}
{"type":"log","timestamp":1704995835603,"level":"debug","message":"Page request finished: GET (script) 200 https://cdn.jsdelivr.net/npm/chart.js","meta":{"rootId":"eaprtm418kyyitl","id":"eaprtm418kyyitl"},"id":"1boqabpm496jblm","previousOperationId":"r0bp6t8lguffwy3"}
{"type":"log","timestamp":1704995835651,"level":"warn","message":"Page error: Canvas is already in use. Chart with ID '0' must be destroyed before the canvas with ID '' can be reused. , stack: Error: Canvas is already in use. Chart with ID '0' must be destroyed before the canvas with ID '' can be reused.\n    at An (https://cdn.jsdelivr.net/npm/chart.js:19:89653)\n    at <anonymous> (file:///tmp/jsreport/autocleanup/9602ea26-f6cf-4339-b328-d9710da1b7ec-chrome-pdf.html:84:9)","meta":{"rootId":"eaprtm418kyyitl","id":"eaprtm418kyyitl"},"id":"fywizrktcuy8mrk","previousOperationId":"r0bp6t8lguffwy3"}
{"type":"log","timestamp":1704995835652,"level":"debug","message":"Running chrome with params {\"printBackground\":true,\"timeout\":58559,\"margin\":{}}","meta":{"rootId":"eaprtm418kyyitl","id":"eaprtm418kyyitl"},"id":"ytzvkxgg2bohyvu","previousOperationId":"r0bp6t8lguffwy3"}
{"type":"operationEnd","operationId":"r0bp6t8lguffwy3","timestamp":1704995835672,"id":"n9ajz0ua4noezbp","previousEventId":"qln13n1eobif0ud","previousOperationId":"r0bp6t8lguffwy3"}
{"type":"log","timestamp":1704995835673,"level":"debug","message":"Skipping storing report.","meta":{"rootId":"eaprtm418kyyitl","id":"eaprtm418kyyitl"},"id":"jk9nxptrvto4ecv","previousOperationId":"r0bp6t8lguffwy3"}
{"type":"log","timestamp":1704995835673,"level":"info","message":"Rendering request 29 finished in 1566 ms","meta":{"rootId":"eaprtm418kyyitl","id":"eaprtm418kyyitl"},"id":"u3mah2en8z2qkh4","previousOperationId":"r0bp6t8lguffwy3"}
{"type":"operationEnd","subtype":"render","operationId":"ykznyk9idk9ru7o","timestamp":1704995835673,"id":"rrgcjrrkuq4k0ep","previousEventId":"n9ajz0ua4noezbp","previousOperationId":"r0bp6t8lguffwy3"}
{"type":"operationEnd","doDiffs":false,"previousEventId":"sx4b1wh6eby8al3","previousOperationId":"qv5focrc8wh0tw6","operationId":"qv5focrc8wh0tw6","timestamp":1704995835676,"id":"lt0y7ppmc11evyq"}
