{"type":"operationStart","subtype":"profile","data":{"_id":"COe8UQMNnC3LpCw4","timestamp":"2024-01-11T17:58:18.374Z","state":"queued","mode":"standard","creationDate":"2024-01-11T17:58:18.375Z","modificationDate":"2024-01-11T17:58:18.375Z","shortid":"gaUP3Ub","$entitySet":"profiles"},"doDiffs":false,"timestamp":1704995898375,"id":"q8quscberi2z40d","previousOperationId":null,"operationId":"e7u45z89kddebeg"}
{"type":"log","level":"info","message":"Render request 30 queued for execution and waiting for available worker","previousOperationId":"e7u45z89kddebeg","timestamp":1704995898375,"id":"uaid9xc2wnkrmhm"}
{"type":"operationStart","subtype":"render","name":"User_project","previousOperationId":"e7u45z89kddebeg","timestamp":1704995898380,"id":"elrlvn79c23i1i8","previousEventId":"q8quscberi2z40d","operationId":"io7gvazerqm4w19"}
{"type":"log","timestamp":1704995898380,"level":"info","message":"Starting rendering request 30","meta":{"rootId":"efbgyxxh7gxfhs6","id":"efbgyxxh7gxfhs6"},"id":"acz0x0ghgo0uzia","previousOperationId":"io7gvazerqm4w19"}
{"type":"log","timestamp":1704995898381,"level":"info","message":"Rendering template { name: User_project, recipe: chrome-pdf, engine: handlebars, preview: true }","meta":{"rootId":"efbgyxxh7gxfhs6","id":"efbgyxxh7gxfhs6"},"id":"q9h0v2xqm17lisb","previousOperationId":"io7gvazerqm4w19"}
{"type":"log","timestamp":1704995898381,"level":"debug","message":"Data item not defined for this template.","meta":{"rootId":"efbgyxxh7gxfhs6","id":"efbgyxxh7gxfhs6"},"id":"jxbog4kunwt156i","previousOperationId":"io7gvazerqm4w19"}
{"type":"log","timestamp":1704995898382,"level":"debug","message":"Executing script usabi-data (beforeRender)","meta":{"rootId":"efbgyxxh7gxfhs6","id":"efbgyxxh7gxfhs6"},"id":"g7x7q6u70cnrhy7","previousOperationId":"io7gvazerqm4w19"}
{"type":"operationStart","subtype":"scriptsBeforeRender","name":"scripts beforeRender","timestamp":1704995898386,"id":"np3txplkwz2241j","previousEventId":"elrlvn79c23i1i8","operationId":"4yjp8lv52rj96hd","previousOperationId":"io7gvazerqm4w19"}
{"type":"operationStart","subtype":"script","name":"scripts usabi-data","previousOperationId":"4yjp8lv52rj96hd","timestamp":1704995898386,"id":"qqtpgoo5gyivr0s","previousEventId":"np3txplkwz2241j","operationId":"jlzslsweyj7khpy"}
{"type":"operationEnd","operationId":"jlzslsweyj7khpy","timestamp":1704995898399,"id":"u6lfsqmppzhb7d4","previousEventId":"elrlvn79c23i1i8","previousOperationId":"io7gvazerqm4w19"}
{"type":"log","timestamp":1704995898400,"level":"debug","message":"Executing script orders-script (beforeRender)","meta":{"rootId":"efbgyxxh7gxfhs6","id":"efbgyxxh7gxfhs6"},"id":"8bq8q9ynq6m7x7j","previousOperationId":"io7gvazerqm4w19"}
{"type":"operationStart","subtype":"script","name":"scripts orders-script","previousOperationId":"4yjp8lv52rj96hd","timestamp":1704995898404,"id":"pig5q1im89uxxg3","previousEventId":"u6lfsqmppzhb7d4","operationId":"eylctnqkkp1q5np"}
{"type":"operationEnd","operationId":"eylctnqkkp1q5np","timestamp":1704995899785,"id":"wgnpyqs2uop3gmh","previousEventId":"u6lfsqmppzhb7d4","previousOperationId":"io7gvazerqm4w19"}
{"type":"operationEnd","operationId":"4yjp8lv52rj96hd","timestamp":1704995899785,"id":"4x269zwlzfxk02o","previousEventId":"wgnpyqs2uop3gmh","previousOperationId":"io7gvazerqm4w19"}
{"type":"log","timestamp":1704995899785,"level":"debug","message":"Base url not specified, skipping its injection.","meta":{"rootId":"efbgyxxh7gxfhs6","id":"efbgyxxh7gxfhs6"},"id":"c1z7zeqb5er9jlg","previousOperationId":"4yjp8lv52rj96hd"}
{"type":"operationStart","subtype":"engine","name":"handlebars","timestamp":1704995899785,"id":"pcrireoxj7tp7wp","previousEventId":"4x269zwlzfxk02o","operationId":"95ljystucecjzx7","previousOperationId":"4yjp8lv52rj96hd"}
{"type":"log","timestamp":1704995899785,"level":"debug","message":"Rendering engine handlebars","meta":{"rootId":"efbgyxxh7gxfhs6","id":"efbgyxxh7gxfhs6"},"id":"zk16u2wqiix70gj","previousOperationId":"95ljystucecjzx7"}
{"type":"operationEnd","operationId":"95ljystucecjzx7","timestamp":1704995899792,"id":"929ykk2zqtmdinq","previousEventId":"pcrireoxj7tp7wp","previousOperationId":"95ljystucecjzx7"}
{"type":"operationStart","subtype":"recipe","name":"chrome-pdf","timestamp":1704995899793,"id":"xorc6yll8p1gc30","previousEventId":"929ykk2zqtmdinq","operationId":"118e1ol9e1c4rku","previousOperationId":"95ljystucecjzx7"}
{"type":"log","timestamp":1704995899793,"level":"debug","message":"Executing recipe chrome-pdf","meta":{"rootId":"efbgyxxh7gxfhs6","id":"efbgyxxh7gxfhs6"},"id":"lkn899hzy79xiq1","previousOperationId":"118e1ol9e1c4rku"}
{"type":"log","timestamp":1704995899794,"level":"debug","message":"Converting with chrome HeadlessChrome/117.0.5938.149 using chrome-pool strategy","meta":{"rootId":"efbgyxxh7gxfhs6","id":"efbgyxxh7gxfhs6"},"id":"tur8vx2o7h94b13","previousOperationId":"118e1ol9e1c4rku"}
{"type":"log","timestamp":1704995899849,"level":"debug","message":"Page request: GET (document) file:///tmp/jsreport/autocleanup/5eff34be-8c9a-4cf8-98be-afa6baa987b8-chrome-pdf.html","meta":{"rootId":"efbgyxxh7gxfhs6","id":"efbgyxxh7gxfhs6"},"id":"q48whn4pk7c3w8n","previousOperationId":"118e1ol9e1c4rku"}
{"type":"log","timestamp":1704995899857,"level":"debug","message":"Page request: GET (script) https://cdn.jsdelivr.net/npm/chart.js","meta":{"rootId":"efbgyxxh7gxfhs6","id":"efbgyxxh7gxfhs6"},"id":"3pauuq6wtncih4e","previousOperationId":"118e1ol9e1c4rku"}
{"type":"log","timestamp":1704995899857,"level":"debug","message":"Page request finished: GET (document) 200 file:///tmp/jsreport/autocleanup/5eff34be-8c9a-4cf8-98be-afa6baa987b8-chrome-pdf.html","meta":{"rootId":"efbgyxxh7gxfhs6","id":"efbgyxxh7gxfhs6"},"id":"kmp6t8vmkems1de","previousOperationId":"118e1ol9e1c4rku"}
{"type":"log","timestamp":1704995899860,"level":"debug","message":"Page request finished: GET (script) 200 https://cdn.jsdelivr.net/npm/chart.js","meta":{"rootId":"efbgyxxh7gxfhs6","id":"efbgyxxh7gxfhs6"},"id":"8bx1wt0rkjzibq4","previousOperationId":"118e1ol9e1c4rku"}
{"type":"log","timestamp":1704995899925,"level":"debug","message":"Running chrome with params {\"printBackground\":true,\"timeout\":58581,\"margin\":{}}","meta":{"rootId":"efbgyxxh7gxfhs6","id":"efbgyxxh7gxfhs6"},"id":"a6erbemoeowynhz","previousOperationId":"118e1ol9e1c4rku"}
{"type":"operationEnd","operationId":"118e1ol9e1c4rku","timestamp":1704995899969,"id":"adwfv93o1jcr8fq","previousEventId":"xorc6yll8p1gc30","previousOperationId":"118e1ol9e1c4rku"}
{"type":"log","timestamp":1704995899969,"level":"debug","message":"Skipping storing report.","meta":{"rootId":"efbgyxxh7gxfhs6","id":"efbgyxxh7gxfhs6"},"id":"vijfcrlw6oejyf2","previousOperationId":"118e1ol9e1c4rku"}
{"type":"log","timestamp":1704995899969,"level":"info","message":"Rendering request 30 finished in 1595 ms","meta":{"rootId":"efbgyxxh7gxfhs6","id":"efbgyxxh7gxfhs6"},"id":"xunnsnp8f6k96iq","previousOperationId":"118e1ol9e1c4rku"}
{"type":"operationEnd","subtype":"render","operationId":"io7gvazerqm4w19","timestamp":1704995899969,"id":"zr68hv6waw7rd2z","previousEventId":"adwfv93o1jcr8fq","previousOperationId":"118e1ol9e1c4rku"}
{"type":"operationEnd","doDiffs":false,"previousEventId":"q8quscberi2z40d","previousOperationId":"e7u45z89kddebeg","operationId":"e7u45z89kddebeg","timestamp":1704995899971,"id":"x1vus1x7jn4sejs"}
