{"type":"operationStart","subtype":"profile","data":{"_id":"8iODZzxIW7gPfyGw","timestamp":"2024-01-15T20:34:07.029Z","state":"queued","mode":"standard","creationDate":"2024-01-15T20:34:07.031Z","modificationDate":"2024-01-15T20:34:07.031Z","shortid":"kfAuUXu","$entitySet":"profiles"},"doDiffs":false,"timestamp":1705350847030,"id":"9r1po50tykfxjhz","previousOperationId":null,"operationId":"hve1fe38tpdmlx8"}
{"type":"log","level":"info","message":"Render request 17 queued for execution and waiting for available worker","previousOperationId":"hve1fe38tpdmlx8","timestamp":1705350847030,"id":"fihhasgicc4fglo"}
{"type":"operationStart","subtype":"render","name":"User_project","previousOperationId":"hve1fe38tpdmlx8","timestamp":1705350847033,"id":"xlz5s4fa6qt6mtj","previousEventId":"9r1po50tykfxjhz","operationId":"bvjgn6z1fmtr595"}
{"type":"log","timestamp":1705350847033,"level":"info","message":"Starting rendering request 17","meta":{"rootId":"ek2tpohl2dg9po7","id":"ek2tpohl2dg9po7"},"id":"s0of9nrukdnd9e0","previousOperationId":"bvjgn6z1fmtr595"}
{"type":"log","timestamp":1705350847033,"level":"info","message":"Rendering template { name: User_project, recipe: chrome-pdf, engine: handlebars, preview: false }","meta":{"rootId":"ek2tpohl2dg9po7","id":"ek2tpohl2dg9po7"},"id":"0blnkc2gz99g00h","previousOperationId":"bvjgn6z1fmtr595"}
{"type":"log","timestamp":1705350847034,"level":"debug","message":"Data item not defined for this template.","meta":{"rootId":"ek2tpohl2dg9po7","id":"ek2tpohl2dg9po7"},"id":"i6eeqxj0gf2bex3","previousOperationId":"bvjgn6z1fmtr595"}
{"type":"log","timestamp":1705350847037,"level":"debug","message":"Executing script usabi-data (beforeRender)","meta":{"rootId":"ek2tpohl2dg9po7","id":"ek2tpohl2dg9po7"},"id":"ihb767qfem54ow6","previousOperationId":"bvjgn6z1fmtr595"}
{"type":"operationStart","subtype":"scriptsBeforeRender","name":"scripts beforeRender","timestamp":1705350847042,"id":"5o5ubzn8w7ca7v1","previousEventId":"xlz5s4fa6qt6mtj","operationId":"wvrtz3cxqpici38","previousOperationId":"bvjgn6z1fmtr595"}
{"type":"operationStart","subtype":"script","name":"scripts usabi-data","previousOperationId":"wvrtz3cxqpici38","timestamp":1705350847042,"id":"dke3qylc03e0223","previousEventId":"5o5ubzn8w7ca7v1","operationId":"0xrc0hrwknngq4f"}
{"type":"operationEnd","operationId":"0xrc0hrwknngq4f","timestamp":1705350847057,"id":"x6swv5dcsy1rynp","previousEventId":"xlz5s4fa6qt6mtj","previousOperationId":"bvjgn6z1fmtr595"}
{"type":"log","timestamp":1705350847057,"level":"debug","message":"Executing script orders-script (beforeRender)","meta":{"rootId":"ek2tpohl2dg9po7","id":"ek2tpohl2dg9po7"},"id":"usp31y506p11z6z","previousOperationId":"bvjgn6z1fmtr595"}
{"type":"operationStart","subtype":"script","name":"scripts orders-script","previousOperationId":"wvrtz3cxqpici38","timestamp":1705350847061,"id":"sjc0j7c8xq2uvhl","previousEventId":"x6swv5dcsy1rynp","operationId":"f7hr1aunrdosx8l"}
{"type":"operationEnd","operationId":"f7hr1aunrdosx8l","timestamp":1705350848532,"id":"afeyfvw9svpee4x","previousEventId":"x6swv5dcsy1rynp","previousOperationId":"bvjgn6z1fmtr595"}
{"type":"operationEnd","operationId":"wvrtz3cxqpici38","timestamp":1705350848532,"id":"nj7uxfil8zbuwjd","previousEventId":"afeyfvw9svpee4x","previousOperationId":"bvjgn6z1fmtr595"}
{"type":"log","timestamp":1705350848532,"level":"debug","message":"Base url not specified, skipping its injection.","meta":{"rootId":"ek2tpohl2dg9po7","id":"ek2tpohl2dg9po7"},"id":"kuh61ilsml7qmng","previousOperationId":"wvrtz3cxqpici38"}
{"type":"operationStart","subtype":"engine","name":"handlebars","timestamp":1705350848532,"id":"wn8yf59ian4mz1x","previousEventId":"nj7uxfil8zbuwjd","operationId":"0qspnuf2d9mivnn","previousOperationId":"wvrtz3cxqpici38"}
{"type":"log","timestamp":1705350848532,"level":"debug","message":"Rendering engine handlebars","meta":{"rootId":"ek2tpohl2dg9po7","id":"ek2tpohl2dg9po7"},"id":"rrwmyoo03p17ixr","previousOperationId":"0qspnuf2d9mivnn"}
{"type":"operationEnd","operationId":"0qspnuf2d9mivnn","timestamp":1705350848561,"id":"tdomh77pyxq6v2j","previousEventId":"wn8yf59ian4mz1x","previousOperationId":"0qspnuf2d9mivnn"}
{"type":"operationStart","subtype":"recipe","name":"chrome-pdf","timestamp":1705350848561,"id":"bcq5heyvk51qtr7","previousEventId":"tdomh77pyxq6v2j","operationId":"z6rzm3soc5gvet8","previousOperationId":"0qspnuf2d9mivnn"}
{"type":"log","timestamp":1705350848561,"level":"debug","message":"Executing recipe chrome-pdf","meta":{"rootId":"ek2tpohl2dg9po7","id":"ek2tpohl2dg9po7"},"id":"whwxrfn8h9pp67p","previousOperationId":"z6rzm3soc5gvet8"}
{"type":"log","timestamp":1705350848564,"level":"debug","message":"Converting with chrome HeadlessChrome/117.0.5938.149 using chrome-pool strategy","meta":{"rootId":"ek2tpohl2dg9po7","id":"ek2tpohl2dg9po7"},"id":"x67dwehcip4ujh4","previousOperationId":"z6rzm3soc5gvet8"}
{"type":"log","timestamp":1705350848596,"level":"debug","message":"Page request: GET (document) file:///tmp/jsreport/autocleanup/7a01f122-c236-4851-b5c0-b7bf452b6fd9-chrome-pdf.html","meta":{"rootId":"ek2tpohl2dg9po7","id":"ek2tpohl2dg9po7"},"id":"rlwc1cvr8wo2lir","previousOperationId":"z6rzm3soc5gvet8"}
{"type":"log","timestamp":1705350848603,"level":"debug","message":"Page request: GET (script) https://cdn.jsdelivr.net/npm/chart.js","meta":{"rootId":"ek2tpohl2dg9po7","id":"ek2tpohl2dg9po7"},"id":"u5xqjmpswyzg7yu","previousOperationId":"z6rzm3soc5gvet8"}
{"type":"log","timestamp":1705350848603,"level":"debug","message":"Page request finished: GET (document) 200 file:///tmp/jsreport/autocleanup/7a01f122-c236-4851-b5c0-b7bf452b6fd9-chrome-pdf.html","meta":{"rootId":"ek2tpohl2dg9po7","id":"ek2tpohl2dg9po7"},"id":"tt1ulhnh8jkehcz","previousOperationId":"z6rzm3soc5gvet8"}
{"type":"log","timestamp":1705350848607,"level":"debug","message":"Page request finished: GET (script) 200 https://cdn.jsdelivr.net/npm/chart.js","meta":{"rootId":"ek2tpohl2dg9po7","id":"ek2tpohl2dg9po7"},"id":"1wzjqsdk4gfp2i4","previousOperationId":"z6rzm3soc5gvet8"}
{"type":"log","timestamp":1705350848647,"level":"debug","message":"Running chrome with params {\"printBackground\":true,\"timeout\":58467,\"margin\":{}}","meta":{"rootId":"ek2tpohl2dg9po7","id":"ek2tpohl2dg9po7"},"id":"8n37054768fpdxk","previousOperationId":"z6rzm3soc5gvet8"}
{"type":"operationEnd","operationId":"z6rzm3soc5gvet8","timestamp":1705350848697,"id":"8eyxn3fw820s6yo","previousEventId":"bcq5heyvk51qtr7","previousOperationId":"z6rzm3soc5gvet8"}
{"type":"log","timestamp":1705350848697,"level":"debug","message":"Skipping storing report.","meta":{"rootId":"ek2tpohl2dg9po7","id":"ek2tpohl2dg9po7"},"id":"o1sqdpneqzfqfa6","previousOperationId":"z6rzm3soc5gvet8"}
{"type":"log","timestamp":1705350848697,"level":"info","message":"Rendering request 17 finished in 1668 ms","meta":{"rootId":"ek2tpohl2dg9po7","id":"ek2tpohl2dg9po7"},"id":"pq1wufrd21j46yq","previousOperationId":"z6rzm3soc5gvet8"}
{"type":"operationEnd","subtype":"render","operationId":"bvjgn6z1fmtr595","timestamp":1705350848697,"id":"4n1tww3d7tm302p","previousEventId":"8eyxn3fw820s6yo","previousOperationId":"z6rzm3soc5gvet8"}
{"type":"operationEnd","doDiffs":false,"previousEventId":"9r1po50tykfxjhz","previousOperationId":"hve1fe38tpdmlx8","operationId":"hve1fe38tpdmlx8","timestamp":1705350848698,"id":"bscgdkdnb4zyrkp"}
