{"type":"operationStart","subtype":"profile","data":{"_id":"RSKzLhnRVrgiLB0U","timestamp":"2024-01-11T16:29:05.447Z","state":"queued","mode":"standard","creationDate":"2024-01-11T16:29:05.447Z","modificationDate":"2024-01-11T16:29:05.447Z","shortid":"UexGxnL","$entitySet":"profiles"},"doDiffs":false,"timestamp":1704990545447,"id":"ckoe45ra87c5tux","previousOperationId":null,"operationId":"7faru7a47kj5yph"}
{"type":"log","level":"info","message":"Render request 43 queued for execution and waiting for available worker","previousOperationId":"7faru7a47kj5yph","timestamp":1704990545447,"id":"ennq9h6ipzp7f8v"}
{"type":"operationStart","subtype":"render","name":"User_project","previousOperationId":"7faru7a47kj5yph","timestamp":1704990545452,"id":"5yem6zk098egmld","previousEventId":"ckoe45ra87c5tux","operationId":"2pq7bvmx3gg2xaw"}
{"type":"log","timestamp":1704990545452,"level":"info","message":"Starting rendering request 43","meta":{"rootId":"ek71t9s959z7mk0","id":"ek71t9s959z7mk0"},"id":"vxadtmgxp5mhbed","previousOperationId":"2pq7bvmx3gg2xaw"}
{"type":"log","timestamp":1704990545452,"level":"info","message":"Rendering template { name: User_project, recipe: chrome-pdf, engine: handlebars, preview: true }","meta":{"rootId":"ek71t9s959z7mk0","id":"ek71t9s959z7mk0"},"id":"opyw9ynh4hqz7ax","previousOperationId":"2pq7bvmx3gg2xaw"}
{"type":"log","timestamp":1704990545452,"level":"debug","message":"Data item not defined for this template.","meta":{"rootId":"ek71t9s959z7mk0","id":"ek71t9s959z7mk0"},"id":"fmxrvxswjmytnr9","previousOperationId":"2pq7bvmx3gg2xaw"}
{"type":"log","timestamp":1704990545454,"level":"debug","message":"Executing script usabi-data (beforeRender)","meta":{"rootId":"ek71t9s959z7mk0","id":"ek71t9s959z7mk0"},"id":"mf4p80ya2no7dah","previousOperationId":"2pq7bvmx3gg2xaw"}
{"type":"operationStart","subtype":"scriptsBeforeRender","name":"scripts beforeRender","timestamp":1704990545457,"id":"xhrpivpuvx5syh2","previousEventId":"5yem6zk098egmld","operationId":"i580jqaiu59tv9o","previousOperationId":"2pq7bvmx3gg2xaw"}
{"type":"operationStart","subtype":"script","name":"scripts usabi-data","previousOperationId":"i580jqaiu59tv9o","timestamp":1704990545457,"id":"ia7vcc3gd1ob6m3","previousEventId":"xhrpivpuvx5syh2","operationId":"wlm41uptmyaibo5"}
{"type":"operationEnd","operationId":"wlm41uptmyaibo5","timestamp":1704990545468,"id":"hemv79vxmprn0j3","previousEventId":"5yem6zk098egmld","previousOperationId":"2pq7bvmx3gg2xaw"}
{"type":"operationEnd","operationId":"i580jqaiu59tv9o","timestamp":1704990545468,"id":"lxwocnax7vfebtz","previousEventId":"hemv79vxmprn0j3","previousOperationId":"2pq7bvmx3gg2xaw"}
{"type":"log","timestamp":1704990545468,"level":"debug","message":"Base url not specified, skipping its injection.","meta":{"rootId":"ek71t9s959z7mk0","id":"ek71t9s959z7mk0"},"id":"7hzqhgftuk98iey","previousOperationId":"i580jqaiu59tv9o"}
{"type":"operationStart","subtype":"engine","name":"handlebars","timestamp":1704990545468,"id":"wki6emasybfuif1","previousEventId":"lxwocnax7vfebtz","operationId":"px30pol5todo989","previousOperationId":"i580jqaiu59tv9o"}
{"type":"log","timestamp":1704990545469,"level":"debug","message":"Rendering engine handlebars","meta":{"rootId":"ek71t9s959z7mk0","id":"ek71t9s959z7mk0"},"id":"xdcyezv2a2d08t4","previousOperationId":"px30pol5todo989"}
{"type":"operationEnd","operationId":"px30pol5todo989","timestamp":1704990545478,"id":"rgxeut9qwik1xb5","previousEventId":"wki6emasybfuif1","previousOperationId":"px30pol5todo989"}
{"type":"operationStart","subtype":"recipe","name":"chrome-pdf","timestamp":1704990545478,"id":"6pv3lqalhyxqc54","previousEventId":"rgxeut9qwik1xb5","operationId":"pdun70ak0px69mm","previousOperationId":"px30pol5todo989"}
{"type":"log","timestamp":1704990545478,"level":"debug","message":"Executing recipe chrome-pdf","meta":{"rootId":"ek71t9s959z7mk0","id":"ek71t9s959z7mk0"},"id":"udwcopbv0wy2q64","previousOperationId":"pdun70ak0px69mm"}
{"type":"log","timestamp":1704990545480,"level":"debug","message":"Converting with chrome HeadlessChrome/117.0.5938.149 using chrome-pool strategy","meta":{"rootId":"ek71t9s959z7mk0","id":"ek71t9s959z7mk0"},"id":"rm0nv8zljzzcu70","previousOperationId":"pdun70ak0px69mm"}
{"type":"log","timestamp":1704990545512,"level":"debug","message":"Page request: GET (document) file:///tmp/jsreport/autocleanup/930051fa-8995-4328-8055-7648569061be-chrome-pdf.html","meta":{"rootId":"ek71t9s959z7mk0","id":"ek71t9s959z7mk0"},"id":"nbyj978u2tfopzr","previousOperationId":"pdun70ak0px69mm"}
{"type":"log","timestamp":1704990545522,"level":"debug","message":"Page request: GET (script) https://cdn.jsdelivr.net/npm/chart.js","meta":{"rootId":"ek71t9s959z7mk0","id":"ek71t9s959z7mk0"},"id":"4nfcqi4us4j95zo","previousOperationId":"pdun70ak0px69mm"}
{"type":"log","timestamp":1704990545523,"level":"debug","message":"Page request finished: GET (document) 200 file:///tmp/jsreport/autocleanup/930051fa-8995-4328-8055-7648569061be-chrome-pdf.html","meta":{"rootId":"ek71t9s959z7mk0","id":"ek71t9s959z7mk0"},"id":"wfpvdqfrjmkmvzd","previousOperationId":"pdun70ak0px69mm"}
{"type":"log","timestamp":1704990545528,"level":"debug","message":"Page request finished: GET (script) 200 https://cdn.jsdelivr.net/npm/chart.js","meta":{"rootId":"ek71t9s959z7mk0","id":"ek71t9s959z7mk0"},"id":"rqju2x831b79hzd","previousOperationId":"pdun70ak0px69mm"}
{"type":"log","timestamp":1704990545533,"level":"warn","message":"Page error: Unexpected token ')' , stack: SyntaxError: Unexpected token ')'","meta":{"rootId":"ek71t9s959z7mk0","id":"ek71t9s959z7mk0"},"id":"w1vggpgovbbmzi1","previousOperationId":"pdun70ak0px69mm"}
{"type":"log","timestamp":1704990545538,"level":"debug","message":"Running chrome with params {\"printBackground\":true,\"timeout\":59968,\"margin\":{}}","meta":{"rootId":"ek71t9s959z7mk0","id":"ek71t9s959z7mk0"},"id":"trdh3zfksz55jk0","previousOperationId":"pdun70ak0px69mm"}
{"type":"operationEnd","operationId":"pdun70ak0px69mm","timestamp":1704990545549,"id":"4ucbjjeiwhjdq81","previousEventId":"6pv3lqalhyxqc54","previousOperationId":"pdun70ak0px69mm"}
{"type":"log","timestamp":1704990545549,"level":"debug","message":"Skipping storing report.","meta":{"rootId":"ek71t9s959z7mk0","id":"ek71t9s959z7mk0"},"id":"02f729sgi28biw3","previousOperationId":"pdun70ak0px69mm"}
{"type":"log","timestamp":1704990545549,"level":"info","message":"Rendering request 43 finished in 102 ms","meta":{"rootId":"ek71t9s959z7mk0","id":"ek71t9s959z7mk0"},"id":"cpv8wb37yykp1h9","previousOperationId":"pdun70ak0px69mm"}
{"type":"operationEnd","subtype":"render","operationId":"2pq7bvmx3gg2xaw","timestamp":1704990545549,"id":"sh8dpk5k16xwk7p","previousEventId":"4ucbjjeiwhjdq81","previousOperationId":"pdun70ak0px69mm"}
{"type":"operationEnd","doDiffs":false,"previousEventId":"ckoe45ra87c5tux","previousOperationId":"7faru7a47kj5yph","operationId":"7faru7a47kj5yph","timestamp":1704990545551,"id":"gy6ws4urwoiu4nw"}
