{"type":"operationStart","subtype":"profile","data":{"_id":"AsJeRQVO66TaBhGw","timestamp":"2024-01-11T20:08:13.353Z","state":"queued","mode":"standard","creationDate":"2024-01-11T20:08:13.354Z","modificationDate":"2024-01-11T20:08:13.354Z","shortid":"PEnTNZE","$entitySet":"profiles"},"doDiffs":false,"timestamp":1705003693354,"id":"75u9zmrht3gw3vo","previousOperationId":null,"operationId":"bjk2apualvsdvcf"}
{"type":"log","level":"info","message":"Render request 3 queued for execution and waiting for available worker","previousOperationId":"bjk2apualvsdvcf","timestamp":1705003693354,"id":"6da8m4m8j0q0ewf"}
{"type":"operationStart","subtype":"render","name":"User_project","previousOperationId":"bjk2apualvsdvcf","timestamp":1705003693357,"id":"x2krlq7lpzihfke","previousEventId":"75u9zmrht3gw3vo","operationId":"j5zepfchnxl81nb"}
{"type":"log","timestamp":1705003693357,"level":"info","message":"Starting rendering request 3","meta":{"rootId":"ev2nnfunl80wblo","id":"ev2nnfunl80wblo"},"id":"bkxkbyv9vhvvuxd","previousOperationId":"j5zepfchnxl81nb"}
{"type":"log","timestamp":1705003693357,"level":"info","message":"Rendering template { name: User_project, recipe: chrome-pdf, engine: handlebars, preview: false }","meta":{"rootId":"ev2nnfunl80wblo","id":"ev2nnfunl80wblo"},"id":"cn6f8podl54iuud","previousOperationId":"j5zepfchnxl81nb"}
{"type":"log","timestamp":1705003693357,"level":"debug","message":"Data item not defined for this template.","meta":{"rootId":"ev2nnfunl80wblo","id":"ev2nnfunl80wblo"},"id":"dmc5z2wahzpsna1","previousOperationId":"j5zepfchnxl81nb"}
{"type":"log","timestamp":1705003693359,"level":"debug","message":"Executing script usabi-data (beforeRender)","meta":{"rootId":"ev2nnfunl80wblo","id":"ev2nnfunl80wblo"},"id":"j5mjcj8mcy6nou8","previousOperationId":"j5zepfchnxl81nb"}
{"type":"operationStart","subtype":"scriptsBeforeRender","name":"scripts beforeRender","timestamp":1705003693365,"id":"tlly6syw4zcy48j","previousEventId":"x2krlq7lpzihfke","operationId":"99itbovrsdq4i4r","previousOperationId":"j5zepfchnxl81nb"}
{"type":"operationStart","subtype":"script","name":"scripts usabi-data","previousOperationId":"99itbovrsdq4i4r","timestamp":1705003693365,"id":"zhs746a7hoxowd7","previousEventId":"tlly6syw4zcy48j","operationId":"rgynk5x3rba1l64"}
{"type":"operationEnd","operationId":"rgynk5x3rba1l64","timestamp":1705003693381,"id":"0kxeo7b6x6a36q0","previousEventId":"x2krlq7lpzihfke","previousOperationId":"j5zepfchnxl81nb"}
{"type":"log","timestamp":1705003693381,"level":"debug","message":"Executing script orders-script (beforeRender)","meta":{"rootId":"ev2nnfunl80wblo","id":"ev2nnfunl80wblo"},"id":"mvfwarn8oqx69li","previousOperationId":"j5zepfchnxl81nb"}
{"type":"operationStart","subtype":"script","name":"scripts orders-script","previousOperationId":"99itbovrsdq4i4r","timestamp":1705003693385,"id":"ao3aiw6ibguo83b","previousEventId":"0kxeo7b6x6a36q0","operationId":"1cki1d5d9djf4j8"}
{"type":"operationEnd","operationId":"1cki1d5d9djf4j8","timestamp":1705003694849,"id":"03jdgt90hh901ao","previousEventId":"0kxeo7b6x6a36q0","previousOperationId":"j5zepfchnxl81nb"}
{"type":"operationEnd","operationId":"99itbovrsdq4i4r","timestamp":1705003694849,"id":"z432dh4mf80ua62","previousEventId":"03jdgt90hh901ao","previousOperationId":"j5zepfchnxl81nb"}
{"type":"log","timestamp":1705003694849,"level":"debug","message":"Base url not specified, skipping its injection.","meta":{"rootId":"ev2nnfunl80wblo","id":"ev2nnfunl80wblo"},"id":"5wa7uq9okp33djg","previousOperationId":"99itbovrsdq4i4r"}
{"type":"operationStart","subtype":"engine","name":"handlebars","timestamp":1705003694849,"id":"o7hc45iz51a5ubc","previousEventId":"z432dh4mf80ua62","operationId":"vxts4y2j8bi1rp8","previousOperationId":"99itbovrsdq4i4r"}
{"type":"log","timestamp":1705003694850,"level":"debug","message":"Rendering engine handlebars","meta":{"rootId":"ev2nnfunl80wblo","id":"ev2nnfunl80wblo"},"id":"10b8ok909k4yqsq","previousOperationId":"vxts4y2j8bi1rp8"}
{"type":"operationEnd","operationId":"vxts4y2j8bi1rp8","timestamp":1705003694873,"id":"ujsyqgh548ydfq8","previousEventId":"o7hc45iz51a5ubc","previousOperationId":"vxts4y2j8bi1rp8"}
{"type":"operationStart","subtype":"recipe","name":"chrome-pdf","timestamp":1705003694873,"id":"bxce55i275n7yf3","previousEventId":"ujsyqgh548ydfq8","operationId":"090kryf7cixvhp2","previousOperationId":"vxts4y2j8bi1rp8"}
{"type":"log","timestamp":1705003694873,"level":"debug","message":"Executing recipe chrome-pdf","meta":{"rootId":"ev2nnfunl80wblo","id":"ev2nnfunl80wblo"},"id":"6pwdrxrjyelpsmx","previousOperationId":"090kryf7cixvhp2"}
{"type":"log","timestamp":1705003694876,"level":"debug","message":"Converting with chrome HeadlessChrome/117.0.5938.149 using chrome-pool strategy","meta":{"rootId":"ev2nnfunl80wblo","id":"ev2nnfunl80wblo"},"id":"o2gar60wmsdrvt7","previousOperationId":"090kryf7cixvhp2"}
{"type":"log","timestamp":1705003694913,"level":"debug","message":"Page request: GET (document) file:///tmp/jsreport/autocleanup/f51f6fbb-ede9-42b3-812f-5fb69f522d32-chrome-pdf.html","meta":{"rootId":"ev2nnfunl80wblo","id":"ev2nnfunl80wblo"},"id":"ch572hky7q58gil","previousOperationId":"090kryf7cixvhp2"}
{"type":"log","timestamp":1705003694921,"level":"debug","message":"Page request: GET (script) https://cdn.jsdelivr.net/npm/chart.js","meta":{"rootId":"ev2nnfunl80wblo","id":"ev2nnfunl80wblo"},"id":"ttsh39qizzfmzhd","previousOperationId":"090kryf7cixvhp2"}
{"type":"log","timestamp":1705003694922,"level":"debug","message":"Page request finished: GET (document) 200 file:///tmp/jsreport/autocleanup/f51f6fbb-ede9-42b3-812f-5fb69f522d32-chrome-pdf.html","meta":{"rootId":"ev2nnfunl80wblo","id":"ev2nnfunl80wblo"},"id":"kpj97lsqk5zeb2d","previousOperationId":"090kryf7cixvhp2"}
{"type":"log","timestamp":1705003694932,"level":"debug","message":"Page request finished: GET (script) 200 https://cdn.jsdelivr.net/npm/chart.js","meta":{"rootId":"ev2nnfunl80wblo","id":"ev2nnfunl80wblo"},"id":"2vmfjg7yza0onk0","previousOperationId":"090kryf7cixvhp2"}
{"type":"log","timestamp":1705003694982,"level":"debug","message":"Running chrome with params {\"printBackground\":true,\"timeout\":58479,\"margin\":{}}","meta":{"rootId":"ev2nnfunl80wblo","id":"ev2nnfunl80wblo"},"id":"ln8xorqsfxv3j3y","previousOperationId":"090kryf7cixvhp2"}
{"type":"operationEnd","operationId":"090kryf7cixvhp2","timestamp":1705003695043,"id":"cpz6zrl5n3fwqjb","previousEventId":"bxce55i275n7yf3","previousOperationId":"090kryf7cixvhp2"}
{"type":"log","timestamp":1705003695043,"level":"debug","message":"Skipping storing report.","meta":{"rootId":"ev2nnfunl80wblo","id":"ev2nnfunl80wblo"},"id":"eas5tqurv3wpzdx","previousOperationId":"090kryf7cixvhp2"}
{"type":"log","timestamp":1705003695043,"level":"info","message":"Rendering request 3 finished in 1690 ms","meta":{"rootId":"ev2nnfunl80wblo","id":"ev2nnfunl80wblo"},"id":"ry5exrn6rd18rj8","previousOperationId":"090kryf7cixvhp2"}
{"type":"operationEnd","subtype":"render","operationId":"j5zepfchnxl81nb","timestamp":1705003695043,"id":"pbna3mn8vp4gtry","previousEventId":"cpz6zrl5n3fwqjb","previousOperationId":"090kryf7cixvhp2"}
{"type":"operationEnd","doDiffs":false,"previousEventId":"75u9zmrht3gw3vo","previousOperationId":"bjk2apualvsdvcf","operationId":"bjk2apualvsdvcf","timestamp":1705003695044,"id":"m0t5rn60cn96uay"}
