{"type":"operationStart","subtype":"profile","data":{"_id":"6IfPltd4kULx1gjX","timestamp":"2024-01-11T17:06:03.078Z","state":"queued","mode":"standard","creationDate":"2024-01-11T17:06:03.081Z","modificationDate":"2024-01-11T17:06:03.081Z","shortid":"Agnwtjq","$entitySet":"profiles"},"doDiffs":false,"timestamp":1704992763080,"id":"8382oqoy60080ns","previousOperationId":null,"operationId":"yoj4xgotdo026c0"}
{"type":"log","level":"info","message":"Render request 109 queued for execution and waiting for available worker","previousOperationId":"yoj4xgotdo026c0","timestamp":1704992763080,"id":"r5hnbdxfysnc92v"}
{"type":"operationStart","subtype":"render","name":"User_project","previousOperationId":"yoj4xgotdo026c0","timestamp":1704992763099,"id":"0b6djr46p1akdoq","previousEventId":"8382oqoy60080ns","operationId":"76uhcf81cgn39sx"}
{"type":"log","timestamp":1704992763099,"level":"info","message":"Starting rendering request 109","meta":{"rootId":"f2wzv4sbfzzzjyp","id":"f2wzv4sbfzzzjyp"},"id":"9dgfo89ydh6jupn","previousOperationId":"76uhcf81cgn39sx"}
{"type":"log","timestamp":1704992763099,"level":"info","message":"Rendering template { name: User_project, recipe: chrome-pdf, engine: handlebars, preview: true }","meta":{"rootId":"f2wzv4sbfzzzjyp","id":"f2wzv4sbfzzzjyp"},"id":"jfr5zzbn1atpwhe","previousOperationId":"76uhcf81cgn39sx"}
{"type":"log","timestamp":1704992763100,"level":"debug","message":"Data item not defined for this template.","meta":{"rootId":"f2wzv4sbfzzzjyp","id":"f2wzv4sbfzzzjyp"},"id":"unsmlcaung6omgd","previousOperationId":"76uhcf81cgn39sx"}
{"type":"log","timestamp":1704992763103,"level":"debug","message":"Executing script usabi-data (beforeRender)","meta":{"rootId":"f2wzv4sbfzzzjyp","id":"f2wzv4sbfzzzjyp"},"id":"3mrn78p6g9o4304","previousOperationId":"76uhcf81cgn39sx"}
{"type":"operationStart","subtype":"scriptsBeforeRender","name":"scripts beforeRender","timestamp":1704992763109,"id":"i09clc968rq16va","previousEventId":"0b6djr46p1akdoq","operationId":"uxl6wq4m66qf8ay","previousOperationId":"76uhcf81cgn39sx"}
{"type":"operationStart","subtype":"script","name":"scripts usabi-data","previousOperationId":"uxl6wq4m66qf8ay","timestamp":1704992763109,"id":"7eqhwo7ufscg2sl","previousEventId":"i09clc968rq16va","operationId":"c59hjk7p08pw118"}
{"type":"operationEnd","operationId":"c59hjk7p08pw118","timestamp":1704992763137,"id":"ol6zbsiusrux6ew","previousEventId":"0b6djr46p1akdoq","previousOperationId":"76uhcf81cgn39sx"}
{"type":"log","timestamp":1704992763137,"level":"debug","message":"Executing script orders-script (beforeRender)","meta":{"rootId":"f2wzv4sbfzzzjyp","id":"f2wzv4sbfzzzjyp"},"id":"j2tl5mf48aigaxu","previousOperationId":"76uhcf81cgn39sx"}
{"type":"operationStart","subtype":"script","name":"scripts orders-script","previousOperationId":"uxl6wq4m66qf8ay","timestamp":1704992763140,"id":"qrz51a9gqw7ibep","previousEventId":"ol6zbsiusrux6ew","operationId":"7w87c23ug1hc3a5"}
{"type":"operationEnd","operationId":"7w87c23ug1hc3a5","timestamp":1704992765662,"id":"4u6vegmlmp4bk6q","previousEventId":"ol6zbsiusrux6ew","previousOperationId":"76uhcf81cgn39sx"}
{"type":"operationEnd","operationId":"uxl6wq4m66qf8ay","timestamp":1704992765662,"id":"blkd2fdujcy0cvg","previousEventId":"4u6vegmlmp4bk6q","previousOperationId":"76uhcf81cgn39sx"}
{"type":"log","timestamp":1704992765662,"level":"debug","message":"Base url not specified, skipping its injection.","meta":{"rootId":"f2wzv4sbfzzzjyp","id":"f2wzv4sbfzzzjyp"},"id":"rm2qbnnvravv7ip","previousOperationId":"uxl6wq4m66qf8ay"}
{"type":"operationStart","subtype":"engine","name":"handlebars","timestamp":1704992765662,"id":"p9rgraajlt7v6mk","previousEventId":"blkd2fdujcy0cvg","operationId":"r9c5bj07fv7fil9","previousOperationId":"uxl6wq4m66qf8ay"}
{"type":"log","timestamp":1704992765662,"level":"debug","message":"Rendering engine handlebars","meta":{"rootId":"f2wzv4sbfzzzjyp","id":"f2wzv4sbfzzzjyp"},"id":"ro88uxjfjz8jnbk","previousOperationId":"r9c5bj07fv7fil9"}
{"type":"operationEnd","operationId":"r9c5bj07fv7fil9","timestamp":1704992765682,"id":"ief1pawd68peyok","previousEventId":"p9rgraajlt7v6mk","previousOperationId":"r9c5bj07fv7fil9"}
{"type":"operationStart","subtype":"recipe","name":"chrome-pdf","timestamp":1704992765682,"id":"a1oolsu5mv7o1rn","previousEventId":"ief1pawd68peyok","operationId":"ue35g27n3ofgdjm","previousOperationId":"r9c5bj07fv7fil9"}
{"type":"log","timestamp":1704992765682,"level":"debug","message":"Executing recipe chrome-pdf","meta":{"rootId":"f2wzv4sbfzzzjyp","id":"f2wzv4sbfzzzjyp"},"id":"j74db95p163o9s0","previousOperationId":"ue35g27n3ofgdjm"}
{"type":"log","timestamp":1704992765684,"level":"debug","message":"Converting with chrome HeadlessChrome/117.0.5938.149 using chrome-pool strategy","meta":{"rootId":"f2wzv4sbfzzzjyp","id":"f2wzv4sbfzzzjyp"},"id":"u211g7gdh76c7hl","previousOperationId":"ue35g27n3ofgdjm"}
{"type":"log","timestamp":1704992765716,"level":"debug","message":"Page request: GET (document) file:///tmp/jsreport/autocleanup/cf046b6c-448f-4d79-8c9c-ad4ee49f2b6f-chrome-pdf.html","meta":{"rootId":"f2wzv4sbfzzzjyp","id":"f2wzv4sbfzzzjyp"},"id":"agwppopi74oqtel","previousOperationId":"ue35g27n3ofgdjm"}
{"type":"log","timestamp":1704992765722,"level":"debug","message":"Page request: GET (script) https://cdn.jsdelivr.net/npm/chart.js","meta":{"rootId":"f2wzv4sbfzzzjyp","id":"f2wzv4sbfzzzjyp"},"id":"b16xu794816noou","previousOperationId":"ue35g27n3ofgdjm"}
{"type":"log","timestamp":1704992765723,"level":"debug","message":"Page request finished: GET (document) 200 file:///tmp/jsreport/autocleanup/cf046b6c-448f-4d79-8c9c-ad4ee49f2b6f-chrome-pdf.html","meta":{"rootId":"f2wzv4sbfzzzjyp","id":"f2wzv4sbfzzzjyp"},"id":"6n5t2nczoqk9ccx","previousOperationId":"ue35g27n3ofgdjm"}
{"type":"log","timestamp":1704992765726,"level":"debug","message":"Page request finished: GET (script) 200 https://cdn.jsdelivr.net/npm/chart.js","meta":{"rootId":"f2wzv4sbfzzzjyp","id":"f2wzv4sbfzzzjyp"},"id":"41miks7ueb065op","previousOperationId":"ue35g27n3ofgdjm"}
{"type":"log","timestamp":1704992765729,"level":"warn","message":"Page error: Unexpected identifier 'Object' , stack: SyntaxError: Unexpected identifier 'Object'","meta":{"rootId":"f2wzv4sbfzzzjyp","id":"f2wzv4sbfzzzjyp"},"id":"fhgzz07jqewkn5j","previousOperationId":"ue35g27n3ofgdjm"}
{"type":"log","timestamp":1704992765731,"level":"debug","message":"Running chrome with params {\"printBackground\":true,\"timeout\":57395,\"margin\":{}}","meta":{"rootId":"f2wzv4sbfzzzjyp","id":"f2wzv4sbfzzzjyp"},"id":"lrbydjwlbg6nc4e","previousOperationId":"ue35g27n3ofgdjm"}
{"type":"operationEnd","operationId":"ue35g27n3ofgdjm","timestamp":1704992765737,"id":"l3281bsb106zbde","previousEventId":"a1oolsu5mv7o1rn","previousOperationId":"ue35g27n3ofgdjm"}
{"type":"log","timestamp":1704992765737,"level":"debug","message":"Skipping storing report.","meta":{"rootId":"f2wzv4sbfzzzjyp","id":"f2wzv4sbfzzzjyp"},"id":"ksrn9stplng46k0","previousOperationId":"ue35g27n3ofgdjm"}
{"type":"log","timestamp":1704992765737,"level":"info","message":"Rendering request 109 finished in 2659 ms","meta":{"rootId":"f2wzv4sbfzzzjyp","id":"f2wzv4sbfzzzjyp"},"id":"4mx9bz9vhz2sytk","previousOperationId":"ue35g27n3ofgdjm"}
{"type":"operationEnd","subtype":"render","operationId":"76uhcf81cgn39sx","timestamp":1704992765737,"id":"57t1inudrmfjfdx","previousEventId":"l3281bsb106zbde","previousOperationId":"ue35g27n3ofgdjm"}
{"type":"operationEnd","doDiffs":false,"previousEventId":"8382oqoy60080ns","previousOperationId":"yoj4xgotdo026c0","operationId":"yoj4xgotdo026c0","timestamp":1704992765741,"id":"nqb9t4ivjkw25fm"}
