{"type":"operationStart","subtype":"profile","data":{"_id":"Ewt98jW4zizQBDTj","timestamp":"2024-01-10T20:41:19.701Z","state":"queued","mode":"standard","creationDate":"2024-01-10T20:41:19.702Z","modificationDate":"2024-01-10T20:41:19.702Z","shortid":"WricWV_","$entitySet":"profiles"},"doDiffs":false,"timestamp":1704919279702,"id":"6gstrra6ku7u7xj","previousOperationId":null,"operationId":"3phld460exvf7o9"}
{"type":"log","level":"info","message":"Render request 27 queued for execution and waiting for available worker","previousOperationId":"3phld460exvf7o9","timestamp":1704919279702,"id":"fvfcwvbtudfhh7z"}
{"type":"operationStart","subtype":"render","name":"User_project","previousOperationId":"3phld460exvf7o9","timestamp":1704919279708,"id":"qo4w3mf1poyfxb7","previousEventId":"6gstrra6ku7u7xj","operationId":"4rndjn66rsoroyc"}
{"type":"log","timestamp":1704919279708,"level":"info","message":"Starting rendering request 27","meta":{"rootId":"f914tnmmcqv5hf3","id":"f914tnmmcqv5hf3"},"id":"a95dcp8ln894lh5","previousOperationId":"4rndjn66rsoroyc"}
{"type":"log","timestamp":1704919279708,"level":"info","message":"Rendering template { name: User_project, recipe: chrome-pdf, engine: handlebars, preview: true }","meta":{"rootId":"f914tnmmcqv5hf3","id":"f914tnmmcqv5hf3"},"id":"z0xto761hsi2gu6","previousOperationId":"4rndjn66rsoroyc"}
{"type":"log","timestamp":1704919279709,"level":"debug","message":"Data item not defined for this template.","meta":{"rootId":"f914tnmmcqv5hf3","id":"f914tnmmcqv5hf3"},"id":"qdpkjiskujv0lzi","previousOperationId":"4rndjn66rsoroyc"}
{"type":"log","timestamp":1704919279710,"level":"debug","message":"Executing script usabi-data (beforeRender)","meta":{"rootId":"f914tnmmcqv5hf3","id":"f914tnmmcqv5hf3"},"id":"fe34tf6v6tjvwtz","previousOperationId":"4rndjn66rsoroyc"}
{"type":"operationStart","subtype":"scriptsBeforeRender","name":"scripts beforeRender","timestamp":1704919279714,"id":"vta60de05fjgq3w","previousEventId":"qo4w3mf1poyfxb7","operationId":"a7jjctoi2u8juib","previousOperationId":"4rndjn66rsoroyc"}
{"type":"operationStart","subtype":"script","name":"scripts usabi-data","previousOperationId":"a7jjctoi2u8juib","timestamp":1704919279714,"id":"nniccdrhudmekhm","previousEventId":"vta60de05fjgq3w","operationId":"s3r2gw9brpwubjm"}
{"type":"operationEnd","operationId":"s3r2gw9brpwubjm","timestamp":1704919279727,"id":"c3oz13omj8xeqs4","previousEventId":"qo4w3mf1poyfxb7","previousOperationId":"4rndjn66rsoroyc"}
{"type":"operationEnd","operationId":"a7jjctoi2u8juib","timestamp":1704919279727,"id":"19tizlbnczhs243","previousEventId":"c3oz13omj8xeqs4","previousOperationId":"4rndjn66rsoroyc"}
{"type":"log","timestamp":1704919279727,"level":"debug","message":"Base url not specified, skipping its injection.","meta":{"rootId":"f914tnmmcqv5hf3","id":"f914tnmmcqv5hf3"},"id":"9eqinsanvvx0grj","previousOperationId":"a7jjctoi2u8juib"}
{"type":"operationStart","subtype":"engine","name":"handlebars","timestamp":1704919279727,"id":"qo01jw6jlczk9wo","previousEventId":"19tizlbnczhs243","operationId":"fa88snp2c7gyn39","previousOperationId":"a7jjctoi2u8juib"}
{"type":"log","timestamp":1704919279727,"level":"debug","message":"Rendering engine handlebars","meta":{"rootId":"f914tnmmcqv5hf3","id":"f914tnmmcqv5hf3"},"id":"01xlaybjwfxoxx6","previousOperationId":"fa88snp2c7gyn39"}
{"type":"operationEnd","operationId":"fa88snp2c7gyn39","timestamp":1704919279732,"id":"50zhago9zpq0w2h","previousEventId":"qo01jw6jlczk9wo","previousOperationId":"fa88snp2c7gyn39"}
{"type":"operationStart","subtype":"recipe","name":"chrome-pdf","timestamp":1704919279733,"id":"kz23z46le3dp537","previousEventId":"50zhago9zpq0w2h","operationId":"iea505sgimycl5f","previousOperationId":"fa88snp2c7gyn39"}
{"type":"log","timestamp":1704919279733,"level":"debug","message":"Executing recipe chrome-pdf","meta":{"rootId":"f914tnmmcqv5hf3","id":"f914tnmmcqv5hf3"},"id":"v26p8derm4q7b4n","previousOperationId":"iea505sgimycl5f"}
{"type":"log","timestamp":1704919279734,"level":"debug","message":"Converting with chrome HeadlessChrome/117.0.5938.149 using chrome-pool strategy","meta":{"rootId":"f914tnmmcqv5hf3","id":"f914tnmmcqv5hf3"},"id":"qgn0hmivt5fdiwz","previousOperationId":"iea505sgimycl5f"}
{"type":"log","timestamp":1704919279768,"level":"debug","message":"Page request: GET (document) file:///tmp/jsreport/autocleanup/78d88a0c-6f70-44fe-9a71-c8f02d9014f8-chrome-pdf.html","meta":{"rootId":"f914tnmmcqv5hf3","id":"f914tnmmcqv5hf3"},"id":"5t2r0fg9mwevgih","previousOperationId":"iea505sgimycl5f"}
{"type":"log","timestamp":1704919279774,"level":"debug","message":"Page request finished: GET (document) 200 file:///tmp/jsreport/autocleanup/78d88a0c-6f70-44fe-9a71-c8f02d9014f8-chrome-pdf.html","meta":{"rootId":"f914tnmmcqv5hf3","id":"f914tnmmcqv5hf3"},"id":"s6cq7jfpxbinux9","previousOperationId":"iea505sgimycl5f"}
{"type":"log","timestamp":1704919279778,"level":"debug","message":"Running chrome with params {\"printBackground\":true,\"timeout\":59968,\"margin\":{}}","meta":{"rootId":"f914tnmmcqv5hf3","id":"f914tnmmcqv5hf3"},"id":"edixhtbyuw81gaz","previousOperationId":"iea505sgimycl5f"}
{"type":"operationEnd","operationId":"iea505sgimycl5f","timestamp":1704919279788,"id":"c1hdrchgp6d1305","previousEventId":"kz23z46le3dp537","previousOperationId":"iea505sgimycl5f"}
{"type":"log","timestamp":1704919279788,"level":"debug","message":"Skipping storing report.","meta":{"rootId":"f914tnmmcqv5hf3","id":"f914tnmmcqv5hf3"},"id":"i2b0sc6hzd3dddw","previousOperationId":"iea505sgimycl5f"}
{"type":"log","timestamp":1704919279788,"level":"info","message":"Rendering request 27 finished in 87 ms","meta":{"rootId":"f914tnmmcqv5hf3","id":"f914tnmmcqv5hf3"},"id":"e9xigf1yj5twgiv","previousOperationId":"iea505sgimycl5f"}
{"type":"operationEnd","subtype":"render","operationId":"4rndjn66rsoroyc","timestamp":1704919279789,"id":"5qis7k8ckeztgvi","previousEventId":"c1hdrchgp6d1305","previousOperationId":"iea505sgimycl5f"}
{"type":"operationEnd","doDiffs":false,"previousEventId":"6gstrra6ku7u7xj","previousOperationId":"3phld460exvf7o9","operationId":"3phld460exvf7o9","timestamp":1704919279791,"id":"persbg33mmlhslt"}
