{"type":"operationStart","subtype":"profile","data":{"_id":"5DK6Slm80raOhwce","timestamp":"2024-01-11T17:11:37.987Z","state":"queued","mode":"standard","creationDate":"2024-01-11T17:11:37.988Z","modificationDate":"2024-01-11T17:11:37.988Z","shortid":"yW20TxT","$entitySet":"profiles"},"doDiffs":false,"timestamp":1704993097987,"id":"duuf615ehxsu0n8","previousOperationId":null,"operationId":"1t2ku545wmzjpbd"}
{"type":"log","level":"info","message":"Render request 115 queued for execution and waiting for available worker","previousOperationId":"1t2ku545wmzjpbd","timestamp":1704993097987,"id":"l55gatvrqcbzdlg"}
{"type":"operationStart","subtype":"render","name":"User_project","previousOperationId":"1t2ku545wmzjpbd","timestamp":1704993097994,"id":"1fgw8ytxzvouaaq","previousEventId":"duuf615ehxsu0n8","operationId":"gszlzzm0bflztup"}
{"type":"log","timestamp":1704993097994,"level":"info","message":"Starting rendering request 115","meta":{"rootId":"fbh4edbqiiwdy7u","id":"fbh4edbqiiwdy7u"},"id":"rir9zk3bgx7dnzm","previousOperationId":"gszlzzm0bflztup"}
{"type":"log","timestamp":1704993097995,"level":"info","message":"Rendering template { name: User_project, recipe: chrome-pdf, engine: handlebars, preview: true }","meta":{"rootId":"fbh4edbqiiwdy7u","id":"fbh4edbqiiwdy7u"},"id":"wndmh9pok02ahwq","previousOperationId":"gszlzzm0bflztup"}
{"type":"log","timestamp":1704993097995,"level":"debug","message":"Data item not defined for this template.","meta":{"rootId":"fbh4edbqiiwdy7u","id":"fbh4edbqiiwdy7u"},"id":"j0jpnjzpwhauwb8","previousOperationId":"gszlzzm0bflztup"}
{"type":"log","timestamp":1704993097998,"level":"debug","message":"Executing script usabi-data (beforeRender)","meta":{"rootId":"fbh4edbqiiwdy7u","id":"fbh4edbqiiwdy7u"},"id":"wcuvqe98g2kves6","previousOperationId":"gszlzzm0bflztup"}
{"type":"operationStart","subtype":"scriptsBeforeRender","name":"scripts beforeRender","timestamp":1704993098003,"id":"8tgbdyz5luc7gsp","previousEventId":"1fgw8ytxzvouaaq","operationId":"wz7cvhm9tkqs55s","previousOperationId":"gszlzzm0bflztup"}
{"type":"operationStart","subtype":"script","name":"scripts usabi-data","previousOperationId":"wz7cvhm9tkqs55s","timestamp":1704993098003,"id":"1wylt3dcdng5zoa","previousEventId":"8tgbdyz5luc7gsp","operationId":"g38v3qaiy9baxnn"}
{"type":"operationEnd","operationId":"g38v3qaiy9baxnn","timestamp":1704993098019,"id":"mk7wephngaz8kem","previousEventId":"1fgw8ytxzvouaaq","previousOperationId":"gszlzzm0bflztup"}
{"type":"log","timestamp":1704993098019,"level":"debug","message":"Executing script orders-script (beforeRender)","meta":{"rootId":"fbh4edbqiiwdy7u","id":"fbh4edbqiiwdy7u"},"id":"wa6x64rn0zqgkw6","previousOperationId":"gszlzzm0bflztup"}
{"type":"operationStart","subtype":"script","name":"scripts orders-script","previousOperationId":"wz7cvhm9tkqs55s","timestamp":1704993098023,"id":"ar7r1wbwjkmu8lx","previousEventId":"mk7wephngaz8kem","operationId":"gfvgoiavlfqjdqt"}
{"type":"operationEnd","operationId":"gfvgoiavlfqjdqt","timestamp":1704993099431,"id":"gcs31jp53l22yhb","previousEventId":"mk7wephngaz8kem","previousOperationId":"gszlzzm0bflztup"}
{"type":"operationEnd","operationId":"wz7cvhm9tkqs55s","timestamp":1704993099431,"id":"in9u91mzez75po2","previousEventId":"gcs31jp53l22yhb","previousOperationId":"gszlzzm0bflztup"}
{"type":"log","timestamp":1704993099431,"level":"debug","message":"Base url not specified, skipping its injection.","meta":{"rootId":"fbh4edbqiiwdy7u","id":"fbh4edbqiiwdy7u"},"id":"shy5u193hmshswu","previousOperationId":"wz7cvhm9tkqs55s"}
{"type":"operationStart","subtype":"engine","name":"handlebars","timestamp":1704993099431,"id":"a9jj4rx56ipyyd1","previousEventId":"in9u91mzez75po2","operationId":"ht8axwjtn2284wj","previousOperationId":"wz7cvhm9tkqs55s"}
{"type":"log","timestamp":1704993099431,"level":"debug","message":"Rendering engine handlebars","meta":{"rootId":"fbh4edbqiiwdy7u","id":"fbh4edbqiiwdy7u"},"id":"mnqz5d8pbsfmguv","previousOperationId":"ht8axwjtn2284wj"}
{"type":"operationEnd","operationId":"ht8axwjtn2284wj","timestamp":1704993099447,"id":"4xpwnau38ngzgzt","previousEventId":"a9jj4rx56ipyyd1","previousOperationId":"ht8axwjtn2284wj"}
{"type":"operationStart","subtype":"recipe","name":"chrome-pdf","timestamp":1704993099447,"id":"83m5babl6dzepb4","previousEventId":"4xpwnau38ngzgzt","operationId":"ilfstunylnti85r","previousOperationId":"ht8axwjtn2284wj"}
{"type":"log","timestamp":1704993099447,"level":"debug","message":"Executing recipe chrome-pdf","meta":{"rootId":"fbh4edbqiiwdy7u","id":"fbh4edbqiiwdy7u"},"id":"p8kmew70i765idg","previousOperationId":"ilfstunylnti85r"}
{"type":"log","timestamp":1704993099449,"level":"debug","message":"Converting with chrome HeadlessChrome/117.0.5938.149 using chrome-pool strategy","meta":{"rootId":"fbh4edbqiiwdy7u","id":"fbh4edbqiiwdy7u"},"id":"4c5h98lb8uc4sng","previousOperationId":"ilfstunylnti85r"}
{"type":"log","timestamp":1704993099475,"level":"debug","message":"Page request: GET (document) file:///tmp/jsreport/autocleanup/15521d95-5fd5-4923-80c5-c10c941af53c-chrome-pdf.html","meta":{"rootId":"fbh4edbqiiwdy7u","id":"fbh4edbqiiwdy7u"},"id":"gec6bg537p9amxs","previousOperationId":"ilfstunylnti85r"}
{"type":"log","timestamp":1704993099481,"level":"debug","message":"Page request: GET (script) https://cdn.jsdelivr.net/npm/chart.js","meta":{"rootId":"fbh4edbqiiwdy7u","id":"fbh4edbqiiwdy7u"},"id":"r77ndqh4phbankn","previousOperationId":"ilfstunylnti85r"}
{"type":"log","timestamp":1704993099482,"level":"debug","message":"Page request finished: GET (document) 200 file:///tmp/jsreport/autocleanup/15521d95-5fd5-4923-80c5-c10c941af53c-chrome-pdf.html","meta":{"rootId":"fbh4edbqiiwdy7u","id":"fbh4edbqiiwdy7u"},"id":"vytay0aryw08uxs","previousOperationId":"ilfstunylnti85r"}
{"type":"log","timestamp":1704993099484,"level":"debug","message":"Page request finished: GET (script) 200 https://cdn.jsdelivr.net/npm/chart.js","meta":{"rootId":"fbh4edbqiiwdy7u","id":"fbh4edbqiiwdy7u"},"id":"40p5h78lj94uqjm","previousOperationId":"ilfstunylnti85r"}
{"type":"log","timestamp":1704993099487,"level":"warn","message":"Page error: Unexpected identifier 'Object' , stack: SyntaxError: Unexpected identifier 'Object'","meta":{"rootId":"fbh4edbqiiwdy7u","id":"fbh4edbqiiwdy7u"},"id":"osnpqjg8b5dajb1","previousOperationId":"ilfstunylnti85r"}
{"type":"log","timestamp":1704993099490,"level":"debug","message":"Running chrome with params {\"printBackground\":true,\"timeout\":58539,\"margin\":{}}","meta":{"rootId":"fbh4edbqiiwdy7u","id":"fbh4edbqiiwdy7u"},"id":"wt5uep77d4gkt0e","previousOperationId":"ilfstunylnti85r"}
{"type":"operationEnd","operationId":"ilfstunylnti85r","timestamp":1704993099500,"id":"pikg4qwfwzv3asd","previousEventId":"83m5babl6dzepb4","previousOperationId":"ilfstunylnti85r"}
{"type":"log","timestamp":1704993099500,"level":"debug","message":"Skipping storing report.","meta":{"rootId":"fbh4edbqiiwdy7u","id":"fbh4edbqiiwdy7u"},"id":"swmvf7ut5xrz6rq","previousOperationId":"ilfstunylnti85r"}
{"type":"log","timestamp":1704993099500,"level":"info","message":"Rendering request 115 finished in 1513 ms","meta":{"rootId":"fbh4edbqiiwdy7u","id":"fbh4edbqiiwdy7u"},"id":"uuebrjhfqasjhb5","previousOperationId":"ilfstunylnti85r"}
{"type":"operationEnd","subtype":"render","operationId":"gszlzzm0bflztup","timestamp":1704993099500,"id":"7pqdof1chs0iwna","previousEventId":"pikg4qwfwzv3asd","previousOperationId":"ilfstunylnti85r"}
{"type":"operationEnd","doDiffs":false,"previousEventId":"duuf615ehxsu0n8","previousOperationId":"1t2ku545wmzjpbd","operationId":"1t2ku545wmzjpbd","timestamp":1704993099503,"id":"dsv8c0yogvhtv9k"}
