{"type":"operationStart","subtype":"profile","data":{"_id":"dyE4lkOGH2VhBhya","timestamp":"2024-01-11T17:40:23.855Z","state":"queued","mode":"standard","creationDate":"2024-01-11T17:40:23.856Z","modificationDate":"2024-01-11T17:40:23.856Z","shortid":"F2HYM-F","$entitySet":"profiles"},"doDiffs":false,"timestamp":1704994823855,"id":"p82gdbg4q19j0hp","previousOperationId":null,"operationId":"w83552yqxg9dg7f"}
{"type":"log","level":"info","message":"Render request 7 queued for execution and waiting for available worker","previousOperationId":"w83552yqxg9dg7f","timestamp":1704994823855,"id":"mcampsushypg4do"}
{"type":"operationStart","subtype":"render","name":"User_project","previousOperationId":"w83552yqxg9dg7f","timestamp":1704994823860,"id":"o28206g3pc1sgtq","previousEventId":"p82gdbg4q19j0hp","operationId":"o1zcbdo5vmh1kel"}
{"type":"log","timestamp":1704994823860,"level":"info","message":"Starting rendering request 7","meta":{"rootId":"fe986x77lijwqkw","id":"fe986x77lijwqkw"},"id":"ejjzcu7gmiwkqmr","previousOperationId":"o1zcbdo5vmh1kel"}
{"type":"log","timestamp":1704994823861,"level":"info","message":"Rendering template { name: User_project, recipe: chrome-pdf, engine: handlebars, preview: true }","meta":{"rootId":"fe986x77lijwqkw","id":"fe986x77lijwqkw"},"id":"zzfandjxs51sv04","previousOperationId":"o1zcbdo5vmh1kel"}
{"type":"log","timestamp":1704994823861,"level":"debug","message":"Data item not defined for this template.","meta":{"rootId":"fe986x77lijwqkw","id":"fe986x77lijwqkw"},"id":"3t6espc980yqfnm","previousOperationId":"o1zcbdo5vmh1kel"}
{"type":"log","timestamp":1704994823864,"level":"debug","message":"Executing script usabi-data (beforeRender)","meta":{"rootId":"fe986x77lijwqkw","id":"fe986x77lijwqkw"},"id":"rfs7bhd4ut289ax","previousOperationId":"o1zcbdo5vmh1kel"}
{"type":"operationStart","subtype":"scriptsBeforeRender","name":"scripts beforeRender","timestamp":1704994823869,"id":"49h9ah3zwe3d5d1","previousEventId":"o28206g3pc1sgtq","operationId":"y78xcabh30vrydu","previousOperationId":"o1zcbdo5vmh1kel"}
{"type":"operationStart","subtype":"script","name":"scripts usabi-data","previousOperationId":"y78xcabh30vrydu","timestamp":1704994823869,"id":"urohjjzby0ka4tu","previousEventId":"49h9ah3zwe3d5d1","operationId":"y2rzflfw2dq2p9d"}
{"type":"operationEnd","operationId":"y2rzflfw2dq2p9d","timestamp":1704994823885,"id":"khob6e1twrtghdl","previousEventId":"o28206g3pc1sgtq","previousOperationId":"o1zcbdo5vmh1kel"}
{"type":"log","timestamp":1704994823885,"level":"debug","message":"Executing script orders-script (beforeRender)","meta":{"rootId":"fe986x77lijwqkw","id":"fe986x77lijwqkw"},"id":"m0nqoof2vos36qx","previousOperationId":"o1zcbdo5vmh1kel"}
{"type":"operationStart","subtype":"script","name":"scripts orders-script","previousOperationId":"y78xcabh30vrydu","timestamp":1704994823890,"id":"koy5vzfwy3yz19n","previousEventId":"khob6e1twrtghdl","operationId":"lnewncemsxdpfak"}
{"type":"operationEnd","operationId":"lnewncemsxdpfak","timestamp":1704994825302,"id":"1b8r9ocij3m3yu9","previousEventId":"khob6e1twrtghdl","previousOperationId":"o1zcbdo5vmh1kel"}
{"type":"operationEnd","operationId":"y78xcabh30vrydu","timestamp":1704994825302,"id":"3hx8ao129srryc0","previousEventId":"1b8r9ocij3m3yu9","previousOperationId":"o1zcbdo5vmh1kel"}
{"type":"log","timestamp":1704994825302,"level":"debug","message":"Base url not specified, skipping its injection.","meta":{"rootId":"fe986x77lijwqkw","id":"fe986x77lijwqkw"},"id":"poehi888o7gh4sv","previousOperationId":"y78xcabh30vrydu"}
{"type":"operationStart","subtype":"engine","name":"handlebars","timestamp":1704994825302,"id":"8kb4cj2xz79zegh","previousEventId":"3hx8ao129srryc0","operationId":"0zu7t8gfdl9apar","previousOperationId":"y78xcabh30vrydu"}
{"type":"log","timestamp":1704994825302,"level":"debug","message":"Rendering engine handlebars","meta":{"rootId":"fe986x77lijwqkw","id":"fe986x77lijwqkw"},"id":"agafpigy4ohyyej","previousOperationId":"0zu7t8gfdl9apar"}
{"type":"operationEnd","operationId":"0zu7t8gfdl9apar","timestamp":1704994825311,"id":"ewv1t2hil9ydajq","previousEventId":"8kb4cj2xz79zegh","previousOperationId":"0zu7t8gfdl9apar"}
{"type":"operationStart","subtype":"recipe","name":"chrome-pdf","timestamp":1704994825311,"id":"9tgb2y6e1kwdp69","previousEventId":"ewv1t2hil9ydajq","operationId":"1l5dp0k8bhh0n50","previousOperationId":"0zu7t8gfdl9apar"}
{"type":"log","timestamp":1704994825311,"level":"debug","message":"Executing recipe chrome-pdf","meta":{"rootId":"fe986x77lijwqkw","id":"fe986x77lijwqkw"},"id":"0i771cm3kdacfxf","previousOperationId":"1l5dp0k8bhh0n50"}
{"type":"log","timestamp":1704994825312,"level":"debug","message":"Converting with chrome HeadlessChrome/117.0.5938.149 using chrome-pool strategy","meta":{"rootId":"fe986x77lijwqkw","id":"fe986x77lijwqkw"},"id":"hputeuvfrnf0r2y","previousOperationId":"1l5dp0k8bhh0n50"}
{"type":"log","timestamp":1704994825354,"level":"debug","message":"Page request: GET (document) file:///tmp/jsreport/autocleanup/d51bcb23-9007-4aa3-85b6-7494be3f68ba-chrome-pdf.html","meta":{"rootId":"fe986x77lijwqkw","id":"fe986x77lijwqkw"},"id":"e0b78r355dzjq5m","previousOperationId":"1l5dp0k8bhh0n50"}
{"type":"log","timestamp":1704994825362,"level":"debug","message":"Page request: GET (script) https://cdn.jsdelivr.net/npm/chart.js","meta":{"rootId":"fe986x77lijwqkw","id":"fe986x77lijwqkw"},"id":"1mw69bj8tlg2ya7","previousOperationId":"1l5dp0k8bhh0n50"}
{"type":"log","timestamp":1704994825362,"level":"debug","message":"Page request finished: GET (document) 200 file:///tmp/jsreport/autocleanup/d51bcb23-9007-4aa3-85b6-7494be3f68ba-chrome-pdf.html","meta":{"rootId":"fe986x77lijwqkw","id":"fe986x77lijwqkw"},"id":"7o1dslzoz9nxeiq","previousOperationId":"1l5dp0k8bhh0n50"}
{"type":"log","timestamp":1704994825366,"level":"debug","message":"Page request finished: GET (script) 200 https://cdn.jsdelivr.net/npm/chart.js","meta":{"rootId":"fe986x77lijwqkw","id":"fe986x77lijwqkw"},"id":"vs9s4ev2uh2jugy","previousOperationId":"1l5dp0k8bhh0n50"}
{"type":"log","timestamp":1704994825429,"level":"debug","message":"Running chrome with params {\"printBackground\":true,\"timeout\":58543,\"margin\":{}}","meta":{"rootId":"fe986x77lijwqkw","id":"fe986x77lijwqkw"},"id":"foja75hamvmjojy","previousOperationId":"1l5dp0k8bhh0n50"}
{"type":"operationEnd","operationId":"1l5dp0k8bhh0n50","timestamp":1704994825447,"id":"6rjxmpclrt7rini","previousEventId":"9tgb2y6e1kwdp69","previousOperationId":"1l5dp0k8bhh0n50"}
{"type":"log","timestamp":1704994825447,"level":"debug","message":"Skipping storing report.","meta":{"rootId":"fe986x77lijwqkw","id":"fe986x77lijwqkw"},"id":"mm0uoyojvkdl4oe","previousOperationId":"1l5dp0k8bhh0n50"}
{"type":"log","timestamp":1704994825447,"level":"info","message":"Rendering request 7 finished in 1592 ms","meta":{"rootId":"fe986x77lijwqkw","id":"fe986x77lijwqkw"},"id":"z5u401unw91e48z","previousOperationId":"1l5dp0k8bhh0n50"}
{"type":"operationEnd","subtype":"render","operationId":"o1zcbdo5vmh1kel","timestamp":1704994825447,"id":"hseca58cmmiu4jh","previousEventId":"6rjxmpclrt7rini","previousOperationId":"1l5dp0k8bhh0n50"}
{"type":"operationEnd","doDiffs":false,"previousEventId":"p82gdbg4q19j0hp","previousOperationId":"w83552yqxg9dg7f","operationId":"w83552yqxg9dg7f","timestamp":1704994825450,"id":"tuu9ar1yun9aenh"}
