{"type":"operationStart","subtype":"profile","data":{"_id":"PGQC1EZh7KZ4kU9q","timestamp":"2024-01-11T18:18:01.751Z","state":"queued","mode":"standard","creationDate":"2024-01-11T18:18:01.752Z","modificationDate":"2024-01-11T18:18:01.752Z","shortid":"nd5cytl","$entitySet":"profiles"},"doDiffs":false,"timestamp":1704997081751,"id":"z4bcjisfand6njy","previousOperationId":null,"operationId":"ilp7g68jqcs7t3w"}
{"type":"log","level":"info","message":"Render request 3 queued for execution and waiting for available worker","previousOperationId":"ilp7g68jqcs7t3w","timestamp":1704997081751,"id":"yyc0j97c6ocak0f"}
{"type":"operationStart","subtype":"render","name":"User_project","previousOperationId":"ilp7g68jqcs7t3w","timestamp":1704997081759,"id":"e279vl55ipciobu","previousEventId":"z4bcjisfand6njy","operationId":"uqce0miscpb4rfw"}
{"type":"log","timestamp":1704997081759,"level":"info","message":"Starting rendering request 3","meta":{"rootId":"frtqi131epl75uw","id":"frtqi131epl75uw"},"id":"cek97z8dbtqm7bk","previousOperationId":"uqce0miscpb4rfw"}
{"type":"log","timestamp":1704997081760,"level":"info","message":"Rendering template { name: User_project, recipe: chrome-pdf, engine: handlebars, preview: true }","meta":{"rootId":"frtqi131epl75uw","id":"frtqi131epl75uw"},"id":"c3dqdhdr2kxu41j","previousOperationId":"uqce0miscpb4rfw"}
{"type":"log","timestamp":1704997081760,"level":"debug","message":"Data item not defined for this template.","meta":{"rootId":"frtqi131epl75uw","id":"frtqi131epl75uw"},"id":"9ds28qbescb2zc6","previousOperationId":"uqce0miscpb4rfw"}
{"type":"log","timestamp":1704997081762,"level":"debug","message":"Executing script usabi-data (beforeRender)","meta":{"rootId":"frtqi131epl75uw","id":"frtqi131epl75uw"},"id":"jk3eaj4wzg8a3w8","previousOperationId":"uqce0miscpb4rfw"}
{"type":"operationStart","subtype":"scriptsBeforeRender","name":"scripts beforeRender","timestamp":1704997081769,"id":"tb4ou07su7fy838","previousEventId":"e279vl55ipciobu","operationId":"pn4ix9xccowt65a","previousOperationId":"uqce0miscpb4rfw"}
{"type":"operationStart","subtype":"script","name":"scripts usabi-data","previousOperationId":"pn4ix9xccowt65a","timestamp":1704997081769,"id":"cddxdvlnf9owkl9","previousEventId":"tb4ou07su7fy838","operationId":"7rn9ka2wzsie9a8"}
{"type":"operationEnd","operationId":"7rn9ka2wzsie9a8","timestamp":1704997081786,"id":"lntrztstgwazx69","previousEventId":"e279vl55ipciobu","previousOperationId":"uqce0miscpb4rfw"}
{"type":"log","timestamp":1704997081786,"level":"debug","message":"Executing script orders-script (beforeRender)","meta":{"rootId":"frtqi131epl75uw","id":"frtqi131epl75uw"},"id":"0zh08bd25eu9eie","previousOperationId":"uqce0miscpb4rfw"}
{"type":"operationStart","subtype":"script","name":"scripts orders-script","previousOperationId":"pn4ix9xccowt65a","timestamp":1704997081792,"id":"4low8tfidk1idf9","previousEventId":"lntrztstgwazx69","operationId":"ocqv47a9vjacobv"}
{"type":"operationEnd","operationId":"ocqv47a9vjacobv","timestamp":1704997083065,"id":"p4gajauooy2ea10","previousEventId":"lntrztstgwazx69","previousOperationId":"uqce0miscpb4rfw"}
{"type":"operationEnd","operationId":"pn4ix9xccowt65a","timestamp":1704997083065,"id":"6kq61g7tolopced","previousEventId":"p4gajauooy2ea10","previousOperationId":"uqce0miscpb4rfw"}
{"type":"log","timestamp":1704997083065,"level":"debug","message":"Base url not specified, skipping its injection.","meta":{"rootId":"frtqi131epl75uw","id":"frtqi131epl75uw"},"id":"47akqqrattdgy9d","previousOperationId":"pn4ix9xccowt65a"}
{"type":"operationStart","subtype":"engine","name":"handlebars","timestamp":1704997083066,"id":"5o2dq8xts86fqpk","previousEventId":"6kq61g7tolopced","operationId":"q90ri48368zu3hs","previousOperationId":"pn4ix9xccowt65a"}
{"type":"log","timestamp":1704997083066,"level":"debug","message":"Rendering engine handlebars","meta":{"rootId":"frtqi131epl75uw","id":"frtqi131epl75uw"},"id":"46njcnx63ueanav","previousOperationId":"q90ri48368zu3hs"}
{"type":"operationEnd","operationId":"q90ri48368zu3hs","timestamp":1704997083082,"id":"aqixftgjbkes4d9","previousEventId":"5o2dq8xts86fqpk","previousOperationId":"q90ri48368zu3hs"}
{"type":"operationStart","subtype":"recipe","name":"chrome-pdf","timestamp":1704997083083,"id":"laybidrh3wlp1c6","previousEventId":"aqixftgjbkes4d9","operationId":"za3gwq5jigvfjpm","previousOperationId":"q90ri48368zu3hs"}
{"type":"log","timestamp":1704997083083,"level":"debug","message":"Executing recipe chrome-pdf","meta":{"rootId":"frtqi131epl75uw","id":"frtqi131epl75uw"},"id":"rwbmj81ztprnx1w","previousOperationId":"za3gwq5jigvfjpm"}
{"type":"log","timestamp":1704997083085,"level":"debug","message":"Converting with chrome HeadlessChrome/117.0.5938.149 using chrome-pool strategy","meta":{"rootId":"frtqi131epl75uw","id":"frtqi131epl75uw"},"id":"bxaq3ha2ye428zp","previousOperationId":"za3gwq5jigvfjpm"}
{"type":"log","timestamp":1704997083120,"level":"debug","message":"Page request: GET (document) file:///tmp/jsreport/autocleanup/3328abb2-1ff7-4022-9d3a-1a115054ef92-chrome-pdf.html","meta":{"rootId":"frtqi131epl75uw","id":"frtqi131epl75uw"},"id":"nont76hx4tlwjzg","previousOperationId":"za3gwq5jigvfjpm"}
{"type":"log","timestamp":1704997083127,"level":"debug","message":"Page request: GET (script) https://cdn.jsdelivr.net/npm/chart.js","meta":{"rootId":"frtqi131epl75uw","id":"frtqi131epl75uw"},"id":"5jf3ry4c93bntwi","previousOperationId":"za3gwq5jigvfjpm"}
{"type":"log","timestamp":1704997083127,"level":"debug","message":"Page request finished: GET (document) 200 file:///tmp/jsreport/autocleanup/3328abb2-1ff7-4022-9d3a-1a115054ef92-chrome-pdf.html","meta":{"rootId":"frtqi131epl75uw","id":"frtqi131epl75uw"},"id":"9uwh4o7kyntv7gj","previousOperationId":"za3gwq5jigvfjpm"}
{"type":"log","timestamp":1704997083136,"level":"debug","message":"Page request finished: GET (script) 200 https://cdn.jsdelivr.net/npm/chart.js","meta":{"rootId":"frtqi131epl75uw","id":"frtqi131epl75uw"},"id":"2i9xn1zfizqy5df","previousOperationId":"za3gwq5jigvfjpm"}
{"type":"log","timestamp":1704997083204,"level":"debug","message":"Running chrome with params {\"printBackground\":true,\"timeout\":58667,\"margin\":{}}","meta":{"rootId":"frtqi131epl75uw","id":"frtqi131epl75uw"},"id":"57cxlquo4gh1vhf","previousOperationId":"za3gwq5jigvfjpm"}
{"type":"operationEnd","operationId":"za3gwq5jigvfjpm","timestamp":1704997083246,"id":"guzt8lqujrd3rmo","previousEventId":"laybidrh3wlp1c6","previousOperationId":"za3gwq5jigvfjpm"}
{"type":"log","timestamp":1704997083246,"level":"debug","message":"Skipping storing report.","meta":{"rootId":"frtqi131epl75uw","id":"frtqi131epl75uw"},"id":"oook8pfa9ihxx4n","previousOperationId":"za3gwq5jigvfjpm"}
{"type":"log","timestamp":1704997083246,"level":"info","message":"Rendering request 3 finished in 1495 ms","meta":{"rootId":"frtqi131epl75uw","id":"frtqi131epl75uw"},"id":"8elctrgcry9kweb","previousOperationId":"za3gwq5jigvfjpm"}
{"type":"operationEnd","subtype":"render","operationId":"uqce0miscpb4rfw","timestamp":1704997083246,"id":"dozwev3wmi7ukks","previousEventId":"guzt8lqujrd3rmo","previousOperationId":"za3gwq5jigvfjpm"}
{"type":"operationEnd","doDiffs":false,"previousEventId":"z4bcjisfand6njy","previousOperationId":"ilp7g68jqcs7t3w","operationId":"ilp7g68jqcs7t3w","timestamp":1704997083249,"id":"nbkh0tfatnoh1k1"}
