{"type":"operationStart","subtype":"profile","data":{"_id":"rRYQzl4MBquurgd0","timestamp":"2024-01-11T17:53:41.197Z","state":"queued","mode":"standard","creationDate":"2024-01-11T17:53:41.197Z","modificationDate":"2024-01-11T17:53:41.197Z","shortid":"-PQ8tR6","$entitySet":"profiles"},"doDiffs":false,"timestamp":1704995621197,"id":"6f1nyx8szldjfmb","previousOperationId":null,"operationId":"e7opbxz1eebnwc2"}
{"type":"log","level":"info","message":"Render request 19 queued for execution and waiting for available worker","previousOperationId":"e7opbxz1eebnwc2","timestamp":1704995621197,"id":"dyueuv34ot10dp9"}
{"type":"operationStart","subtype":"render","name":"User_project","previousOperationId":"e7opbxz1eebnwc2","timestamp":1704995621201,"id":"9wegobxts5egrkt","previousEventId":"6f1nyx8szldjfmb","operationId":"m7rbi6d1ldcpfga"}
{"type":"log","timestamp":1704995621201,"level":"info","message":"Starting rendering request 19","meta":{"rootId":"fuqzz6vvb5gkxdp","id":"fuqzz6vvb5gkxdp"},"id":"4l2cxytmjjg0ezi","previousOperationId":"m7rbi6d1ldcpfga"}
{"type":"log","timestamp":1704995621201,"level":"info","message":"Rendering template { name: User_project, recipe: chrome-pdf, engine: handlebars, preview: true }","meta":{"rootId":"fuqzz6vvb5gkxdp","id":"fuqzz6vvb5gkxdp"},"id":"eu7zozn2wqgbdez","previousOperationId":"m7rbi6d1ldcpfga"}
{"type":"log","timestamp":1704995621201,"level":"debug","message":"Data item not defined for this template.","meta":{"rootId":"fuqzz6vvb5gkxdp","id":"fuqzz6vvb5gkxdp"},"id":"gf7cpebozm9tx4v","previousOperationId":"m7rbi6d1ldcpfga"}
{"type":"log","timestamp":1704995621203,"level":"debug","message":"Executing script usabi-data (beforeRender)","meta":{"rootId":"fuqzz6vvb5gkxdp","id":"fuqzz6vvb5gkxdp"},"id":"9t8ylkmvo5leg64","previousOperationId":"m7rbi6d1ldcpfga"}
{"type":"operationStart","subtype":"scriptsBeforeRender","name":"scripts beforeRender","timestamp":1704995621207,"id":"zt13ypvcnoh0dsr","previousEventId":"9wegobxts5egrkt","operationId":"cdrm7vtd0nfwa8b","previousOperationId":"m7rbi6d1ldcpfga"}
{"type":"operationStart","subtype":"script","name":"scripts usabi-data","previousOperationId":"cdrm7vtd0nfwa8b","timestamp":1704995621207,"id":"mvtyo9zvr5dxu3v","previousEventId":"zt13ypvcnoh0dsr","operationId":"g2etmyik4ks6ou6"}
{"type":"operationEnd","operationId":"g2etmyik4ks6ou6","timestamp":1704995621224,"id":"kz7ym1ysb5n63cx","previousEventId":"9wegobxts5egrkt","previousOperationId":"m7rbi6d1ldcpfga"}
{"type":"log","timestamp":1704995621224,"level":"debug","message":"Executing script orders-script (beforeRender)","meta":{"rootId":"fuqzz6vvb5gkxdp","id":"fuqzz6vvb5gkxdp"},"id":"tvxb6ifkiy190dc","previousOperationId":"m7rbi6d1ldcpfga"}
{"type":"operationStart","subtype":"script","name":"scripts orders-script","previousOperationId":"cdrm7vtd0nfwa8b","timestamp":1704995621228,"id":"6u33htct5s0otxp","previousEventId":"kz7ym1ysb5n63cx","operationId":"2f1b3rp4wbq92xz"}
{"type":"operationEnd","operationId":"2f1b3rp4wbq92xz","timestamp":1704995622490,"id":"15jmre0ut9wedye","previousEventId":"kz7ym1ysb5n63cx","previousOperationId":"m7rbi6d1ldcpfga"}
{"type":"operationEnd","operationId":"cdrm7vtd0nfwa8b","timestamp":1704995622490,"id":"cm187zklistzaqy","previousEventId":"15jmre0ut9wedye","previousOperationId":"m7rbi6d1ldcpfga"}
{"type":"log","timestamp":1704995622490,"level":"debug","message":"Base url not specified, skipping its injection.","meta":{"rootId":"fuqzz6vvb5gkxdp","id":"fuqzz6vvb5gkxdp"},"id":"16b0os7d0jlsxzf","previousOperationId":"cdrm7vtd0nfwa8b"}
{"type":"operationStart","subtype":"engine","name":"handlebars","timestamp":1704995622491,"id":"ahitmzghk0o3d41","previousEventId":"cm187zklistzaqy","operationId":"avehm0ptcuaotgf","previousOperationId":"cdrm7vtd0nfwa8b"}
{"type":"log","timestamp":1704995622491,"level":"debug","message":"Rendering engine handlebars","meta":{"rootId":"fuqzz6vvb5gkxdp","id":"fuqzz6vvb5gkxdp"},"id":"ysc1rcryshulft2","previousOperationId":"avehm0ptcuaotgf"}
{"type":"operationEnd","operationId":"avehm0ptcuaotgf","timestamp":1704995622501,"id":"z82ks10r1wbb808","previousEventId":"ahitmzghk0o3d41","previousOperationId":"avehm0ptcuaotgf"}
{"type":"operationStart","subtype":"recipe","name":"chrome-pdf","timestamp":1704995622501,"id":"zj3hwr6dyrikj5h","previousEventId":"z82ks10r1wbb808","operationId":"a9dcxua42cowzc0","previousOperationId":"avehm0ptcuaotgf"}
{"type":"log","timestamp":1704995622501,"level":"debug","message":"Executing recipe chrome-pdf","meta":{"rootId":"fuqzz6vvb5gkxdp","id":"fuqzz6vvb5gkxdp"},"id":"ywtqs623v7qd9av","previousOperationId":"a9dcxua42cowzc0"}
{"type":"log","timestamp":1704995622503,"level":"debug","message":"Converting with chrome HeadlessChrome/117.0.5938.149 using chrome-pool strategy","meta":{"rootId":"fuqzz6vvb5gkxdp","id":"fuqzz6vvb5gkxdp"},"id":"dxj0hmc6cyvxiw2","previousOperationId":"a9dcxua42cowzc0"}
{"type":"log","timestamp":1704995622534,"level":"debug","message":"Page request: GET (document) file:///tmp/jsreport/autocleanup/c1ca3899-797e-40ba-9add-022fbfbe29a0-chrome-pdf.html","meta":{"rootId":"fuqzz6vvb5gkxdp","id":"fuqzz6vvb5gkxdp"},"id":"k7756zbl7vohvqf","previousOperationId":"a9dcxua42cowzc0"}
{"type":"log","timestamp":1704995622542,"level":"debug","message":"Page request: GET (script) https://cdn.jsdelivr.net/npm/chart.js","meta":{"rootId":"fuqzz6vvb5gkxdp","id":"fuqzz6vvb5gkxdp"},"id":"yqb132blqejjoua","previousOperationId":"a9dcxua42cowzc0"}
{"type":"log","timestamp":1704995622543,"level":"debug","message":"Page request finished: GET (document) 200 file:///tmp/jsreport/autocleanup/c1ca3899-797e-40ba-9add-022fbfbe29a0-chrome-pdf.html","meta":{"rootId":"fuqzz6vvb5gkxdp","id":"fuqzz6vvb5gkxdp"},"id":"q69lzuhcfdjxq6j","previousOperationId":"a9dcxua42cowzc0"}
{"type":"log","timestamp":1704995622546,"level":"debug","message":"Page request finished: GET (script) 200 https://cdn.jsdelivr.net/npm/chart.js","meta":{"rootId":"fuqzz6vvb5gkxdp","id":"fuqzz6vvb5gkxdp"},"id":"b2zpmkg8eic9hi4","previousOperationId":"a9dcxua42cowzc0"}
{"type":"log","timestamp":1704995622549,"level":"warn","message":"Page error: Unexpected identifier 'Object' , stack: SyntaxError: Unexpected identifier 'Object'","meta":{"rootId":"fuqzz6vvb5gkxdp","id":"fuqzz6vvb5gkxdp"},"id":"ndyz4kvrg7x9t74","previousOperationId":"a9dcxua42cowzc0"}
{"type":"log","timestamp":1704995622553,"level":"debug","message":"Running chrome with params {\"printBackground\":true,\"timeout\":58695,\"margin\":{}}","meta":{"rootId":"fuqzz6vvb5gkxdp","id":"fuqzz6vvb5gkxdp"},"id":"p4sz7oy7u94rgr1","previousOperationId":"a9dcxua42cowzc0"}
{"type":"operationEnd","operationId":"a9dcxua42cowzc0","timestamp":1704995622563,"id":"jrdi57g4zpicrvh","previousEventId":"zj3hwr6dyrikj5h","previousOperationId":"a9dcxua42cowzc0"}
{"type":"log","timestamp":1704995622563,"level":"debug","message":"Skipping storing report.","meta":{"rootId":"fuqzz6vvb5gkxdp","id":"fuqzz6vvb5gkxdp"},"id":"ta0r4tgqv0rtais","previousOperationId":"a9dcxua42cowzc0"}
{"type":"log","timestamp":1704995622563,"level":"info","message":"Rendering request 19 finished in 1366 ms","meta":{"rootId":"fuqzz6vvb5gkxdp","id":"fuqzz6vvb5gkxdp"},"id":"d8uo31xkm9wiz7c","previousOperationId":"a9dcxua42cowzc0"}
{"type":"operationEnd","subtype":"render","operationId":"m7rbi6d1ldcpfga","timestamp":1704995622563,"id":"j86yziesh03b93b","previousEventId":"jrdi57g4zpicrvh","previousOperationId":"a9dcxua42cowzc0"}
{"type":"operationEnd","doDiffs":false,"previousEventId":"6f1nyx8szldjfmb","previousOperationId":"e7opbxz1eebnwc2","operationId":"e7opbxz1eebnwc2","timestamp":1704995622577,"id":"dbgzd6ijzq5413x"}
