{"type":"operationStart","subtype":"profile","data":{"_id":"aPXEbcBGv9eT9W7z","timestamp":"2024-01-11T16:21:21.937Z","state":"queued","mode":"standard","creationDate":"2024-01-11T16:21:21.937Z","modificationDate":"2024-01-11T16:21:21.937Z","shortid":"DsrFM5-","$entitySet":"profiles"},"doDiffs":false,"timestamp":1704990081937,"id":"9enbjsjnlb69rg1","previousOperationId":null,"operationId":"ovmkfc6mfuociiy"}
{"type":"log","level":"info","message":"Render request 26 queued for execution and waiting for available worker","previousOperationId":"ovmkfc6mfuociiy","timestamp":1704990081937,"id":"68prr5hd7441kvp"}
{"type":"operationStart","subtype":"render","name":"User_project","previousOperationId":"ovmkfc6mfuociiy","timestamp":1704990081941,"id":"fx3lf79kas9mryt","previousEventId":"9enbjsjnlb69rg1","operationId":"yjrpnb27t8z0c1d"}
{"type":"log","timestamp":1704990081941,"level":"info","message":"Starting rendering request 26","meta":{"rootId":"g2yn5ps0gtjzfvj","id":"g2yn5ps0gtjzfvj"},"id":"3rkcn4bx51bveia","previousOperationId":"yjrpnb27t8z0c1d"}
{"type":"log","timestamp":1704990081941,"level":"info","message":"Rendering template { name: User_project, recipe: chrome-pdf, engine: handlebars, preview: true }","meta":{"rootId":"g2yn5ps0gtjzfvj","id":"g2yn5ps0gtjzfvj"},"id":"y2rszf9dv7o3pen","previousOperationId":"yjrpnb27t8z0c1d"}
{"type":"log","timestamp":1704990081942,"level":"debug","message":"Data item not defined for this template.","meta":{"rootId":"g2yn5ps0gtjzfvj","id":"g2yn5ps0gtjzfvj"},"id":"ruw4t9opv6qqi2u","previousOperationId":"yjrpnb27t8z0c1d"}
{"type":"log","timestamp":1704990081943,"level":"debug","message":"Executing script usabi-data (beforeRender)","meta":{"rootId":"g2yn5ps0gtjzfvj","id":"g2yn5ps0gtjzfvj"},"id":"1cqr8ofz8ud3dfd","previousOperationId":"yjrpnb27t8z0c1d"}
{"type":"operationStart","subtype":"scriptsBeforeRender","name":"scripts beforeRender","timestamp":1704990081946,"id":"dv76pe46qj0romz","previousEventId":"fx3lf79kas9mryt","operationId":"6s8zaji8pqkqm0i","previousOperationId":"yjrpnb27t8z0c1d"}
{"type":"operationStart","subtype":"script","name":"scripts usabi-data","previousOperationId":"6s8zaji8pqkqm0i","timestamp":1704990081946,"id":"3s2s5uv8cpsgz0y","previousEventId":"dv76pe46qj0romz","operationId":"r22mit5l4vbujxr"}
{"type":"operationEnd","operationId":"r22mit5l4vbujxr","timestamp":1704990081958,"id":"ll25pkijb9f31rr","previousEventId":"fx3lf79kas9mryt","previousOperationId":"yjrpnb27t8z0c1d"}
{"type":"operationEnd","operationId":"6s8zaji8pqkqm0i","timestamp":1704990081958,"id":"bp0k4u5d84powti","previousEventId":"ll25pkijb9f31rr","previousOperationId":"yjrpnb27t8z0c1d"}
{"type":"log","timestamp":1704990081958,"level":"debug","message":"Base url not specified, skipping its injection.","meta":{"rootId":"g2yn5ps0gtjzfvj","id":"g2yn5ps0gtjzfvj"},"id":"miohmqt7meux76y","previousOperationId":"6s8zaji8pqkqm0i"}
{"type":"operationStart","subtype":"engine","name":"handlebars","timestamp":1704990081958,"id":"6ndyibjymoauzr6","previousEventId":"bp0k4u5d84powti","operationId":"4dapemx3vsog3tz","previousOperationId":"6s8zaji8pqkqm0i"}
{"type":"log","timestamp":1704990081958,"level":"debug","message":"Rendering engine handlebars","meta":{"rootId":"g2yn5ps0gtjzfvj","id":"g2yn5ps0gtjzfvj"},"id":"r0pd3lbask348xp","previousOperationId":"4dapemx3vsog3tz"}
{"type":"operationEnd","operationId":"4dapemx3vsog3tz","timestamp":1704990081967,"id":"ubeqvmv58gi99ms","previousEventId":"6ndyibjymoauzr6","previousOperationId":"4dapemx3vsog3tz"}
{"type":"operationStart","subtype":"recipe","name":"chrome-pdf","timestamp":1704990081967,"id":"kgs7950kjit8gt3","previousEventId":"ubeqvmv58gi99ms","operationId":"06aujibhcrwlftv","previousOperationId":"4dapemx3vsog3tz"}
{"type":"log","timestamp":1704990081967,"level":"debug","message":"Executing recipe chrome-pdf","meta":{"rootId":"g2yn5ps0gtjzfvj","id":"g2yn5ps0gtjzfvj"},"id":"5nxj2g2e7biz002","previousOperationId":"06aujibhcrwlftv"}
{"type":"log","timestamp":1704990081971,"level":"debug","message":"Converting with chrome HeadlessChrome/117.0.5938.149 using chrome-pool strategy","meta":{"rootId":"g2yn5ps0gtjzfvj","id":"g2yn5ps0gtjzfvj"},"id":"cyo6wf051r2pqfi","previousOperationId":"06aujibhcrwlftv"}
{"type":"log","timestamp":1704990082021,"level":"debug","message":"Page request: GET (document) file:///tmp/jsreport/autocleanup/cc2ac7d8-3ac4-4475-ab8b-3d2087272e0a-chrome-pdf.html","meta":{"rootId":"g2yn5ps0gtjzfvj","id":"g2yn5ps0gtjzfvj"},"id":"j2andwojgyremfh","previousOperationId":"06aujibhcrwlftv"}
{"type":"log","timestamp":1704990082029,"level":"debug","message":"Page request: GET (script) https://cdn.jsdelivr.net/npm/chart.js","meta":{"rootId":"g2yn5ps0gtjzfvj","id":"g2yn5ps0gtjzfvj"},"id":"odablo2r37900gk","previousOperationId":"06aujibhcrwlftv"}
{"type":"log","timestamp":1704990082030,"level":"debug","message":"Page request finished: GET (document) 200 file:///tmp/jsreport/autocleanup/cc2ac7d8-3ac4-4475-ab8b-3d2087272e0a-chrome-pdf.html","meta":{"rootId":"g2yn5ps0gtjzfvj","id":"g2yn5ps0gtjzfvj"},"id":"yo4ofgttjhforzy","previousOperationId":"06aujibhcrwlftv"}
{"type":"log","timestamp":1704990082034,"level":"debug","message":"Page request finished: GET (script) 200 https://cdn.jsdelivr.net/npm/chart.js","meta":{"rootId":"g2yn5ps0gtjzfvj","id":"g2yn5ps0gtjzfvj"},"id":"ve2y7w5oad6pokb","previousOperationId":"06aujibhcrwlftv"}
{"type":"log","timestamp":1704990082084,"level":"debug","message":"Running chrome with params {\"printBackground\":true,\"timeout\":59968,\"margin\":{}}","meta":{"rootId":"g2yn5ps0gtjzfvj","id":"g2yn5ps0gtjzfvj"},"id":"9icyesgmukhdeu6","previousOperationId":"06aujibhcrwlftv"}
{"type":"operationEnd","operationId":"06aujibhcrwlftv","timestamp":1704990082105,"id":"zwnx0chpb0u8o0t","previousEventId":"kgs7950kjit8gt3","previousOperationId":"06aujibhcrwlftv"}
{"type":"log","timestamp":1704990082105,"level":"debug","message":"Skipping storing report.","meta":{"rootId":"g2yn5ps0gtjzfvj","id":"g2yn5ps0gtjzfvj"},"id":"s90k8cjazbx48lh","previousOperationId":"06aujibhcrwlftv"}
{"type":"log","timestamp":1704990082105,"level":"info","message":"Rendering request 26 finished in 168 ms","meta":{"rootId":"g2yn5ps0gtjzfvj","id":"g2yn5ps0gtjzfvj"},"id":"emx8t5fov8e5ge9","previousOperationId":"06aujibhcrwlftv"}
{"type":"operationEnd","subtype":"render","operationId":"yjrpnb27t8z0c1d","timestamp":1704990082105,"id":"um4wk1jfnuj1ebl","previousEventId":"zwnx0chpb0u8o0t","previousOperationId":"06aujibhcrwlftv"}
{"type":"operationEnd","doDiffs":false,"previousEventId":"9enbjsjnlb69rg1","previousOperationId":"ovmkfc6mfuociiy","operationId":"ovmkfc6mfuociiy","timestamp":1704990082108,"id":"gmqzq62rehob5mx"}
