{"type":"operationStart","subtype":"profile","data":{"_id":"Hlj53iI9F1w9S0ID","timestamp":"2024-01-11T17:55:46.228Z","state":"queued","mode":"standard","creationDate":"2024-01-11T17:55:46.229Z","modificationDate":"2024-01-11T17:55:46.229Z","shortid":"TD6oIfB","$entitySet":"profiles"},"doDiffs":false,"timestamp":1704995746228,"id":"s3pgkzw66aloz2w","previousOperationId":null,"operationId":"iwjc1jap1z5bq86"}
{"type":"log","level":"info","message":"Render request 23 queued for execution and waiting for available worker","previousOperationId":"iwjc1jap1z5bq86","timestamp":1704995746228,"id":"x3z4zqlru5a1imk"}
{"type":"operationStart","subtype":"render","name":"User_project","previousOperationId":"iwjc1jap1z5bq86","timestamp":1704995746233,"id":"cx7jfxdclpo8978","previousEventId":"s3pgkzw66aloz2w","operationId":"6owepuy9670okkz"}
{"type":"log","timestamp":1704995746233,"level":"info","message":"Starting rendering request 23","meta":{"rootId":"g93gjpxdcdduri2","id":"g93gjpxdcdduri2"},"id":"2u07j76t9u8u0ew","previousOperationId":"6owepuy9670okkz"}
{"type":"log","timestamp":1704995746233,"level":"info","message":"Rendering template { name: User_project, recipe: chrome-pdf, engine: handlebars, preview: true }","meta":{"rootId":"g93gjpxdcdduri2","id":"g93gjpxdcdduri2"},"id":"vmjg8oz8b6fzgnk","previousOperationId":"6owepuy9670okkz"}
{"type":"log","timestamp":1704995746234,"level":"debug","message":"Data item not defined for this template.","meta":{"rootId":"g93gjpxdcdduri2","id":"g93gjpxdcdduri2"},"id":"qp2v7fbzkwuitws","previousOperationId":"6owepuy9670okkz"}
{"type":"log","timestamp":1704995746236,"level":"debug","message":"Executing script usabi-data (beforeRender)","meta":{"rootId":"g93gjpxdcdduri2","id":"g93gjpxdcdduri2"},"id":"t3jr11j8dacnnpw","previousOperationId":"6owepuy9670okkz"}
{"type":"operationStart","subtype":"scriptsBeforeRender","name":"scripts beforeRender","timestamp":1704995746239,"id":"y2z037mihkd5wb8","previousEventId":"cx7jfxdclpo8978","operationId":"34bgftzkdfl9dir","previousOperationId":"6owepuy9670okkz"}
{"type":"operationStart","subtype":"script","name":"scripts usabi-data","previousOperationId":"34bgftzkdfl9dir","timestamp":1704995746239,"id":"ies875jdai42xjf","previousEventId":"y2z037mihkd5wb8","operationId":"r1dlk05q09du6fp"}
{"type":"operationEnd","operationId":"r1dlk05q09du6fp","timestamp":1704995746256,"id":"lblvpqzvtv0gwhx","previousEventId":"cx7jfxdclpo8978","previousOperationId":"6owepuy9670okkz"}
{"type":"log","timestamp":1704995746256,"level":"debug","message":"Executing script orders-script (beforeRender)","meta":{"rootId":"g93gjpxdcdduri2","id":"g93gjpxdcdduri2"},"id":"ovad9uh49z5yndd","previousOperationId":"6owepuy9670okkz"}
{"type":"operationStart","subtype":"script","name":"scripts orders-script","previousOperationId":"34bgftzkdfl9dir","timestamp":1704995746260,"id":"1oslip4diw1iq5a","previousEventId":"lblvpqzvtv0gwhx","operationId":"0arqi24obfg9grs"}
{"type":"operationEnd","operationId":"0arqi24obfg9grs","timestamp":1704995747645,"id":"841ertmvg5x1sap","previousEventId":"lblvpqzvtv0gwhx","previousOperationId":"6owepuy9670okkz"}
{"type":"operationEnd","operationId":"34bgftzkdfl9dir","timestamp":1704995747645,"id":"q53fkmlh8dnqjev","previousEventId":"841ertmvg5x1sap","previousOperationId":"6owepuy9670okkz"}
{"type":"log","timestamp":1704995747645,"level":"debug","message":"Base url not specified, skipping its injection.","meta":{"rootId":"g93gjpxdcdduri2","id":"g93gjpxdcdduri2"},"id":"82clugsrk02xtzz","previousOperationId":"34bgftzkdfl9dir"}
{"type":"operationStart","subtype":"engine","name":"handlebars","timestamp":1704995747646,"id":"25lnh7t4agembrn","previousEventId":"q53fkmlh8dnqjev","operationId":"zqt8jvbfmlqg12w","previousOperationId":"34bgftzkdfl9dir"}
{"type":"log","timestamp":1704995747646,"level":"debug","message":"Rendering engine handlebars","meta":{"rootId":"g93gjpxdcdduri2","id":"g93gjpxdcdduri2"},"id":"ditnkfazxupg24f","previousOperationId":"zqt8jvbfmlqg12w"}
{"type":"operationEnd","operationId":"zqt8jvbfmlqg12w","timestamp":1704995747673,"id":"nhdbqaufpwqo5vi","previousEventId":"25lnh7t4agembrn","previousOperationId":"zqt8jvbfmlqg12w"}
{"type":"operationStart","subtype":"recipe","name":"chrome-pdf","timestamp":1704995747674,"id":"drjsdjcfwekirzt","previousEventId":"nhdbqaufpwqo5vi","operationId":"4d1wwgzskpnd01o","previousOperationId":"zqt8jvbfmlqg12w"}
{"type":"log","timestamp":1704995747674,"level":"debug","message":"Executing recipe chrome-pdf","meta":{"rootId":"g93gjpxdcdduri2","id":"g93gjpxdcdduri2"},"id":"wvmi2ds342i2ng2","previousOperationId":"4d1wwgzskpnd01o"}
{"type":"log","timestamp":1704995747676,"level":"debug","message":"Converting with chrome HeadlessChrome/117.0.5938.149 using chrome-pool strategy","meta":{"rootId":"g93gjpxdcdduri2","id":"g93gjpxdcdduri2"},"id":"vknykza9ba3bq9o","previousOperationId":"4d1wwgzskpnd01o"}
{"type":"log","timestamp":1704995747707,"level":"debug","message":"Page request: GET (document) file:///tmp/jsreport/autocleanup/7a9d0e03-3f5e-4bc8-b8b8-61550bc2af53-chrome-pdf.html","meta":{"rootId":"g93gjpxdcdduri2","id":"g93gjpxdcdduri2"},"id":"bui5g9nyx57ndd1","previousOperationId":"4d1wwgzskpnd01o"}
{"type":"log","timestamp":1704995747714,"level":"debug","message":"Page request: GET (script) https://cdn.jsdelivr.net/npm/chart.js","meta":{"rootId":"g93gjpxdcdduri2","id":"g93gjpxdcdduri2"},"id":"j6q3r6o3u3kt1ez","previousOperationId":"4d1wwgzskpnd01o"}
{"type":"log","timestamp":1704995747714,"level":"debug","message":"Page request finished: GET (document) 200 file:///tmp/jsreport/autocleanup/7a9d0e03-3f5e-4bc8-b8b8-61550bc2af53-chrome-pdf.html","meta":{"rootId":"g93gjpxdcdduri2","id":"g93gjpxdcdduri2"},"id":"2d5kzx2hxlxa88f","previousOperationId":"4d1wwgzskpnd01o"}
{"type":"log","timestamp":1704995747717,"level":"debug","message":"Page request finished: GET (script) 200 https://cdn.jsdelivr.net/npm/chart.js","meta":{"rootId":"g93gjpxdcdduri2","id":"g93gjpxdcdduri2"},"id":"dv6t431r5mcgd43","previousOperationId":"4d1wwgzskpnd01o"}
{"type":"log","timestamp":1704995747719,"level":"warn","message":"Page error: Unexpected identifier 'Object' , stack: SyntaxError: Unexpected identifier 'Object'","meta":{"rootId":"g93gjpxdcdduri2","id":"g93gjpxdcdduri2"},"id":"9iinnmtul90m2g6","previousOperationId":"4d1wwgzskpnd01o"}
{"type":"log","timestamp":1704995747723,"level":"debug","message":"Running chrome with params {\"printBackground\":true,\"timeout\":58553,\"margin\":{}}","meta":{"rootId":"g93gjpxdcdduri2","id":"g93gjpxdcdduri2"},"id":"4fhgsqo0dafo1mv","previousOperationId":"4d1wwgzskpnd01o"}
{"type":"operationEnd","operationId":"4d1wwgzskpnd01o","timestamp":1704995747737,"id":"obpq12cdhv8ukdo","previousEventId":"drjsdjcfwekirzt","previousOperationId":"4d1wwgzskpnd01o"}
{"type":"log","timestamp":1704995747737,"level":"debug","message":"Skipping storing report.","meta":{"rootId":"g93gjpxdcdduri2","id":"g93gjpxdcdduri2"},"id":"8vfk9mgsun1s5tv","previousOperationId":"4d1wwgzskpnd01o"}
{"type":"log","timestamp":1704995747737,"level":"info","message":"Rendering request 23 finished in 1509 ms","meta":{"rootId":"g93gjpxdcdduri2","id":"g93gjpxdcdduri2"},"id":"nunx8iw02aqdrhq","previousOperationId":"4d1wwgzskpnd01o"}
{"type":"operationEnd","subtype":"render","operationId":"6owepuy9670okkz","timestamp":1704995747737,"id":"l4mdtmn43mw5rfn","previousEventId":"obpq12cdhv8ukdo","previousOperationId":"4d1wwgzskpnd01o"}
{"type":"operationEnd","doDiffs":false,"previousEventId":"s3pgkzw66aloz2w","previousOperationId":"iwjc1jap1z5bq86","operationId":"iwjc1jap1z5bq86","timestamp":1704995747739,"id":"ca7zl1a2jk3mzot"}
