{"type":"operationStart","subtype":"profile","data":{"_id":"2X3wbk3k3NFgH25N","timestamp":"2024-01-11T16:46:28.247Z","state":"queued","mode":"standard","creationDate":"2024-01-11T16:46:28.248Z","modificationDate":"2024-01-11T16:46:28.248Z","shortid":"Yo5jtBe","$entitySet":"profiles"},"doDiffs":false,"timestamp":1704991588247,"id":"ft5cow13yv3ixen","previousOperationId":null,"operationId":"buf3zy1uz5w42ze"}
{"type":"log","level":"info","message":"Render request 75 queued for execution and waiting for available worker","previousOperationId":"buf3zy1uz5w42ze","timestamp":1704991588247,"id":"41u9izybnk441e7"}
{"type":"operationStart","subtype":"render","name":"User_project","previousOperationId":"buf3zy1uz5w42ze","timestamp":1704991588252,"id":"7mm5yii1835yu7v","previousEventId":"ft5cow13yv3ixen","operationId":"370ja08ynahmkzg"}
{"type":"log","timestamp":1704991588252,"level":"info","message":"Starting rendering request 75","meta":{"rootId":"geemfqxjhnfecbr","id":"geemfqxjhnfecbr"},"id":"s8241yr9kzw0jeo","previousOperationId":"370ja08ynahmkzg"}
{"type":"log","timestamp":1704991588252,"level":"info","message":"Rendering template { name: User_project, recipe: chrome-pdf, engine: handlebars, preview: true }","meta":{"rootId":"geemfqxjhnfecbr","id":"geemfqxjhnfecbr"},"id":"wbmadwrf0ny1kzx","previousOperationId":"370ja08ynahmkzg"}
{"type":"log","timestamp":1704991588253,"level":"debug","message":"Data item not defined for this template.","meta":{"rootId":"geemfqxjhnfecbr","id":"geemfqxjhnfecbr"},"id":"ch2kmsih87bi7qg","previousOperationId":"370ja08ynahmkzg"}
{"type":"log","timestamp":1704991588254,"level":"debug","message":"Executing script usabi-data (beforeRender)","meta":{"rootId":"geemfqxjhnfecbr","id":"geemfqxjhnfecbr"},"id":"yfsj048z33mhv69","previousOperationId":"370ja08ynahmkzg"}
{"type":"operationStart","subtype":"scriptsBeforeRender","name":"scripts beforeRender","timestamp":1704991588258,"id":"3qgzz19oa5iipkn","previousEventId":"7mm5yii1835yu7v","operationId":"3e8914bzccm97bj","previousOperationId":"370ja08ynahmkzg"}
{"type":"operationStart","subtype":"script","name":"scripts usabi-data","previousOperationId":"3e8914bzccm97bj","timestamp":1704991588258,"id":"52q1wivg396qn29","previousEventId":"3qgzz19oa5iipkn","operationId":"6f7n7ims0jdc84a"}
{"type":"operationEnd","operationId":"6f7n7ims0jdc84a","timestamp":1704991588269,"id":"uoesolcb2br5p3b","previousEventId":"7mm5yii1835yu7v","previousOperationId":"370ja08ynahmkzg"}
{"type":"operationEnd","operationId":"3e8914bzccm97bj","timestamp":1704991588269,"id":"or4d23pb4vmdknw","previousEventId":"uoesolcb2br5p3b","previousOperationId":"370ja08ynahmkzg"}
{"type":"log","timestamp":1704991588269,"level":"debug","message":"Base url not specified, skipping its injection.","meta":{"rootId":"geemfqxjhnfecbr","id":"geemfqxjhnfecbr"},"id":"pzux0pg87uhe0qp","previousOperationId":"3e8914bzccm97bj"}
{"type":"operationStart","subtype":"engine","name":"handlebars","timestamp":1704991588269,"id":"g9swpmwgxwekamm","previousEventId":"or4d23pb4vmdknw","operationId":"mg93xc8fa6sbs5j","previousOperationId":"3e8914bzccm97bj"}
{"type":"log","timestamp":1704991588269,"level":"debug","message":"Rendering engine handlebars","meta":{"rootId":"geemfqxjhnfecbr","id":"geemfqxjhnfecbr"},"id":"yhjgv6ppglkdiwu","previousOperationId":"mg93xc8fa6sbs5j"}
{"type":"operationEnd","operationId":"mg93xc8fa6sbs5j","timestamp":1704991588280,"id":"kbncdqsdsljnwx2","previousEventId":"g9swpmwgxwekamm","previousOperationId":"mg93xc8fa6sbs5j"}
{"type":"operationStart","subtype":"recipe","name":"chrome-pdf","timestamp":1704991588281,"id":"1ht8ximcbjny8ye","previousEventId":"kbncdqsdsljnwx2","operationId":"f79d475txmuzs7c","previousOperationId":"mg93xc8fa6sbs5j"}
{"type":"log","timestamp":1704991588281,"level":"debug","message":"Executing recipe chrome-pdf","meta":{"rootId":"geemfqxjhnfecbr","id":"geemfqxjhnfecbr"},"id":"dc0n9xx8kyer2ok","previousOperationId":"f79d475txmuzs7c"}
{"type":"log","timestamp":1704991588282,"level":"debug","message":"Converting with chrome HeadlessChrome/117.0.5938.149 using chrome-pool strategy","meta":{"rootId":"geemfqxjhnfecbr","id":"geemfqxjhnfecbr"},"id":"nj7k4b2nx59z8cm","previousOperationId":"f79d475txmuzs7c"}
{"type":"log","timestamp":1704991588318,"level":"debug","message":"Page request: GET (document) file:///tmp/jsreport/autocleanup/bd668c18-562d-4f1c-b73b-086be8837cae-chrome-pdf.html","meta":{"rootId":"geemfqxjhnfecbr","id":"geemfqxjhnfecbr"},"id":"gxrvgl0v0ys7q3c","previousOperationId":"f79d475txmuzs7c"}
{"type":"log","timestamp":1704991588324,"level":"debug","message":"Page request: GET (stylesheet) https://cdnjs.cloudflare.com/ajax/libs/metro/4.1.5/css/metro.min.css","meta":{"rootId":"geemfqxjhnfecbr","id":"geemfqxjhnfecbr"},"id":"4xounldjqwaiv9e","previousOperationId":"f79d475txmuzs7c"}
{"type":"log","timestamp":1704991588324,"level":"debug","message":"Page request: GET (script) https://cdnjs.cloudflare.com/ajax/libs/Chart.js/2.7.2/Chart.min.js","meta":{"rootId":"geemfqxjhnfecbr","id":"geemfqxjhnfecbr"},"id":"900u6nvuzr363sk","previousOperationId":"f79d475txmuzs7c"}
{"type":"log","timestamp":1704991588325,"level":"debug","message":"Page request finished: GET (document) 200 file:///tmp/jsreport/autocleanup/bd668c18-562d-4f1c-b73b-086be8837cae-chrome-pdf.html","meta":{"rootId":"geemfqxjhnfecbr","id":"geemfqxjhnfecbr"},"id":"orebchaz3gtutrk","previousOperationId":"f79d475txmuzs7c"}
{"type":"log","timestamp":1704991588338,"level":"debug","message":"Page request finished: GET (stylesheet) 200 https://cdnjs.cloudflare.com/ajax/libs/metro/4.1.5/css/metro.min.css","meta":{"rootId":"geemfqxjhnfecbr","id":"geemfqxjhnfecbr"},"id":"lxvq9alwjpil9is","previousOperationId":"f79d475txmuzs7c"}
{"type":"log","timestamp":1704991588338,"level":"debug","message":"Page request finished: GET (script) 200 https://cdnjs.cloudflare.com/ajax/libs/Chart.js/2.7.2/Chart.min.js","meta":{"rootId":"geemfqxjhnfecbr","id":"geemfqxjhnfecbr"},"id":"qw72v67wpiki72v","previousOperationId":"f79d475txmuzs7c"}
{"type":"log","timestamp":1704991588349,"level":"debug","message":"Running chrome with params {\"printBackground\":true,\"timeout\":59966,\"margin\":{}}","meta":{"rootId":"geemfqxjhnfecbr","id":"geemfqxjhnfecbr"},"id":"un4oqzz3mnu7rqp","previousOperationId":"f79d475txmuzs7c"}
{"type":"operationEnd","operationId":"f79d475txmuzs7c","timestamp":1704991588363,"id":"pxlji18n5xzdt19","previousEventId":"1ht8ximcbjny8ye","previousOperationId":"f79d475txmuzs7c"}
{"type":"log","timestamp":1704991588363,"level":"debug","message":"Skipping storing report.","meta":{"rootId":"geemfqxjhnfecbr","id":"geemfqxjhnfecbr"},"id":"qffc4xerccp3l7n","previousOperationId":"f79d475txmuzs7c"}
{"type":"log","timestamp":1704991588363,"level":"info","message":"Rendering request 75 finished in 116 ms","meta":{"rootId":"geemfqxjhnfecbr","id":"geemfqxjhnfecbr"},"id":"by69r8cduiym0ku","previousOperationId":"f79d475txmuzs7c"}
{"type":"operationEnd","subtype":"render","operationId":"370ja08ynahmkzg","timestamp":1704991588363,"id":"ukrp4f6o0866q3o","previousEventId":"pxlji18n5xzdt19","previousOperationId":"f79d475txmuzs7c"}
{"type":"operationEnd","doDiffs":false,"previousEventId":"ft5cow13yv3ixen","previousOperationId":"buf3zy1uz5w42ze","operationId":"buf3zy1uz5w42ze","timestamp":1704991588367,"id":"49f37syaup418wr"}
