{"type":"operationStart","subtype":"profile","data":{"_id":"bgi0QTt4sLUZ7V5I","timestamp":"2024-01-11T18:00:31.970Z","state":"queued","mode":"standard","creationDate":"2024-01-11T18:00:31.971Z","modificationDate":"2024-01-11T18:00:31.971Z","shortid":"7IDAITM","$entitySet":"profiles"},"doDiffs":false,"timestamp":1704996031970,"id":"6urpvfjy6j1x0bc","previousOperationId":null,"operationId":"e12n1t1kvweizxk"}
{"type":"log","level":"info","message":"Render request 34 queued for execution and waiting for available worker","previousOperationId":"e12n1t1kvweizxk","timestamp":1704996031970,"id":"b4rv97h7cgjuuqu"}
{"type":"operationStart","subtype":"render","name":"User_project","previousOperationId":"e12n1t1kvweizxk","timestamp":1704996031975,"id":"mm9sk7lab80s8u5","previousEventId":"6urpvfjy6j1x0bc","operationId":"qiqyr45lx66yap9"}
{"type":"log","timestamp":1704996031975,"level":"info","message":"Starting rendering request 34","meta":{"rootId":"geu9mvte55xx4ym","id":"geu9mvte55xx4ym"},"id":"cq0f93bevwxa0yi","previousOperationId":"qiqyr45lx66yap9"}
{"type":"log","timestamp":1704996031975,"level":"info","message":"Rendering template { name: User_project, recipe: chrome-pdf, engine: handlebars, preview: true }","meta":{"rootId":"geu9mvte55xx4ym","id":"geu9mvte55xx4ym"},"id":"hpx22c8frxl1kh8","previousOperationId":"qiqyr45lx66yap9"}
{"type":"log","timestamp":1704996031976,"level":"debug","message":"Data item not defined for this template.","meta":{"rootId":"geu9mvte55xx4ym","id":"geu9mvte55xx4ym"},"id":"m39duu7wnfje6dz","previousOperationId":"qiqyr45lx66yap9"}
{"type":"log","timestamp":1704996031978,"level":"debug","message":"Executing script usabi-data (beforeRender)","meta":{"rootId":"geu9mvte55xx4ym","id":"geu9mvte55xx4ym"},"id":"94sdth9ywuem6ac","previousOperationId":"qiqyr45lx66yap9"}
{"type":"operationStart","subtype":"scriptsBeforeRender","name":"scripts beforeRender","timestamp":1704996031982,"id":"lcydyft7wu40i6o","previousEventId":"mm9sk7lab80s8u5","operationId":"psoyytg74wvvnea","previousOperationId":"qiqyr45lx66yap9"}
{"type":"operationStart","subtype":"script","name":"scripts usabi-data","previousOperationId":"psoyytg74wvvnea","timestamp":1704996031982,"id":"0f4ojfdqds5z12n","previousEventId":"lcydyft7wu40i6o","operationId":"5fyiw8zkof6gd75"}
{"type":"operationEnd","operationId":"5fyiw8zkof6gd75","timestamp":1704996031996,"id":"0lzyqw4m1xqy9ov","previousEventId":"mm9sk7lab80s8u5","previousOperationId":"qiqyr45lx66yap9"}
{"type":"log","timestamp":1704996031996,"level":"debug","message":"Executing script orders-script (beforeRender)","meta":{"rootId":"geu9mvte55xx4ym","id":"geu9mvte55xx4ym"},"id":"xt03ojny4fsg858","previousOperationId":"qiqyr45lx66yap9"}
{"type":"operationStart","subtype":"script","name":"scripts orders-script","previousOperationId":"psoyytg74wvvnea","timestamp":1704996031999,"id":"b0dsc89mj3kncgu","previousEventId":"0lzyqw4m1xqy9ov","operationId":"9d9aw7lf6fykdwh"}
{"type":"operationEnd","operationId":"9d9aw7lf6fykdwh","timestamp":1704996035041,"id":"u8ne2wja88hiq6u","previousEventId":"0lzyqw4m1xqy9ov","previousOperationId":"qiqyr45lx66yap9"}
{"type":"operationEnd","operationId":"psoyytg74wvvnea","timestamp":1704996035041,"id":"1prk9gonc88tv4s","previousEventId":"u8ne2wja88hiq6u","previousOperationId":"qiqyr45lx66yap9"}
{"type":"log","timestamp":1704996035041,"level":"debug","message":"Base url not specified, skipping its injection.","meta":{"rootId":"geu9mvte55xx4ym","id":"geu9mvte55xx4ym"},"id":"v8utfng34iwrtzq","previousOperationId":"psoyytg74wvvnea"}
{"type":"operationStart","subtype":"engine","name":"handlebars","timestamp":1704996035041,"id":"wnj8hhifv84okv4","previousEventId":"1prk9gonc88tv4s","operationId":"xiiulgllq93atcj","previousOperationId":"psoyytg74wvvnea"}
{"type":"log","timestamp":1704996035041,"level":"debug","message":"Rendering engine handlebars","meta":{"rootId":"geu9mvte55xx4ym","id":"geu9mvte55xx4ym"},"id":"y6zdz7c2r50dc0u","previousOperationId":"xiiulgllq93atcj"}
{"type":"operationEnd","operationId":"xiiulgllq93atcj","timestamp":1704996035047,"id":"l32ww2d4i8oehyx","previousEventId":"wnj8hhifv84okv4","previousOperationId":"xiiulgllq93atcj"}
{"type":"operationStart","subtype":"recipe","name":"chrome-pdf","timestamp":1704996035047,"id":"xjnclbugvway0d2","previousEventId":"l32ww2d4i8oehyx","operationId":"a740qm8l5cojfp6","previousOperationId":"xiiulgllq93atcj"}
{"type":"log","timestamp":1704996035047,"level":"debug","message":"Executing recipe chrome-pdf","meta":{"rootId":"geu9mvte55xx4ym","id":"geu9mvte55xx4ym"},"id":"id7mla2zucngfhe","previousOperationId":"a740qm8l5cojfp6"}
{"type":"log","timestamp":1704996035049,"level":"debug","message":"Converting with chrome HeadlessChrome/117.0.5938.149 using chrome-pool strategy","meta":{"rootId":"geu9mvte55xx4ym","id":"geu9mvte55xx4ym"},"id":"hysxidphue8ttlk","previousOperationId":"a740qm8l5cojfp6"}
{"type":"log","timestamp":1704996035084,"level":"debug","message":"Page request: GET (document) file:///tmp/jsreport/autocleanup/7f7830bb-6146-467c-b72e-234208446a31-chrome-pdf.html","meta":{"rootId":"geu9mvte55xx4ym","id":"geu9mvte55xx4ym"},"id":"f8j4773pz375jfw","previousOperationId":"a740qm8l5cojfp6"}
{"type":"log","timestamp":1704996035090,"level":"debug","message":"Page request: GET (script) https://cdn.jsdelivr.net/npm/chart.js","meta":{"rootId":"geu9mvte55xx4ym","id":"geu9mvte55xx4ym"},"id":"aw4207l87t6bb7x","previousOperationId":"a740qm8l5cojfp6"}
{"type":"log","timestamp":1704996035091,"level":"debug","message":"Page request finished: GET (document) 200 file:///tmp/jsreport/autocleanup/7f7830bb-6146-467c-b72e-234208446a31-chrome-pdf.html","meta":{"rootId":"geu9mvte55xx4ym","id":"geu9mvte55xx4ym"},"id":"nll6bj12kooa39b","previousOperationId":"a740qm8l5cojfp6"}
{"type":"log","timestamp":1704996035094,"level":"debug","message":"Page request finished: GET (script) 200 https://cdn.jsdelivr.net/npm/chart.js","meta":{"rootId":"geu9mvte55xx4ym","id":"geu9mvte55xx4ym"},"id":"6ttah6ma6okm5qg","previousOperationId":"a740qm8l5cojfp6"}
{"type":"log","timestamp":1704996035096,"level":"warn","message":"Page error: Unexpected identifier 'Object' , stack: SyntaxError: Unexpected identifier 'Object'","meta":{"rootId":"geu9mvte55xx4ym","id":"geu9mvte55xx4ym"},"id":"e82ioyknpb5fdto","previousOperationId":"a740qm8l5cojfp6"}
{"type":"log","timestamp":1704996035098,"level":"debug","message":"Running chrome with params {\"printBackground\":true,\"timeout\":56922,\"margin\":{}}","meta":{"rootId":"geu9mvte55xx4ym","id":"geu9mvte55xx4ym"},"id":"5qqpexie5nusmo0","previousOperationId":"a740qm8l5cojfp6"}
{"type":"operationEnd","operationId":"a740qm8l5cojfp6","timestamp":1704996035104,"id":"rg95hl064u3nbrz","previousEventId":"xjnclbugvway0d2","previousOperationId":"a740qm8l5cojfp6"}
{"type":"log","timestamp":1704996035105,"level":"debug","message":"Skipping storing report.","meta":{"rootId":"geu9mvte55xx4ym","id":"geu9mvte55xx4ym"},"id":"ieo8hnm0nkqyqeu","previousOperationId":"a740qm8l5cojfp6"}
{"type":"log","timestamp":1704996035105,"level":"info","message":"Rendering request 34 finished in 3135 ms","meta":{"rootId":"geu9mvte55xx4ym","id":"geu9mvte55xx4ym"},"id":"pif0nzpc4tptwjn","previousOperationId":"a740qm8l5cojfp6"}
{"type":"operationEnd","subtype":"render","operationId":"qiqyr45lx66yap9","timestamp":1704996035105,"id":"8hntdn5ttv669dg","previousEventId":"rg95hl064u3nbrz","previousOperationId":"a740qm8l5cojfp6"}
{"type":"operationEnd","doDiffs":false,"previousEventId":"6urpvfjy6j1x0bc","previousOperationId":"e12n1t1kvweizxk","operationId":"e12n1t1kvweizxk","timestamp":1704996035109,"id":"3mbde20huy1hmjn"}
