{"type":"operationStart","subtype":"profile","data":{"_id":"adEtHjVJksQSIH6M","timestamp":"2024-01-11T16:11:56.627Z","state":"queued","mode":"standard","creationDate":"2024-01-11T16:11:56.628Z","modificationDate":"2024-01-11T16:11:56.628Z","shortid":"6jNW9rr","$entitySet":"profiles"},"doDiffs":false,"timestamp":1704989516627,"id":"vf6w2yh1f2urbtq","previousOperationId":null,"operationId":"h9cad9gyc7hklt6"}
{"type":"log","level":"info","message":"Render request 13 queued for execution and waiting for available worker","previousOperationId":"h9cad9gyc7hklt6","timestamp":1704989516627,"id":"5dxgssg8av6tya2"}
{"type":"operationStart","subtype":"render","name":"User_project","previousOperationId":"h9cad9gyc7hklt6","timestamp":1704989516633,"id":"27fbtmgc6a5mkhj","previousEventId":"vf6w2yh1f2urbtq","operationId":"zexrf6nz8qhiw36"}
{"type":"log","timestamp":1704989516633,"level":"info","message":"Starting rendering request 13","meta":{"rootId":"gi009gs5oz1mqd4","id":"gi009gs5oz1mqd4"},"id":"85sy4sysuhin3nz","previousOperationId":"zexrf6nz8qhiw36"}
{"type":"log","timestamp":1704989516633,"level":"info","message":"Rendering template { name: User_project, recipe: chrome-pdf, engine: handlebars, preview: true }","meta":{"rootId":"gi009gs5oz1mqd4","id":"gi009gs5oz1mqd4"},"id":"gm1wr43zvgtwrtv","previousOperationId":"zexrf6nz8qhiw36"}
{"type":"log","timestamp":1704989516633,"level":"debug","message":"Data item not defined for this template.","meta":{"rootId":"gi009gs5oz1mqd4","id":"gi009gs5oz1mqd4"},"id":"iy7yvpkip5jxdqv","previousOperationId":"zexrf6nz8qhiw36"}
{"type":"log","timestamp":1704989516634,"level":"debug","message":"Executing script usabi-data (beforeRender)","meta":{"rootId":"gi009gs5oz1mqd4","id":"gi009gs5oz1mqd4"},"id":"v8u9h90h58xtk36","previousOperationId":"zexrf6nz8qhiw36"}
{"type":"operationStart","subtype":"scriptsBeforeRender","name":"scripts beforeRender","timestamp":1704989516638,"id":"l641ggpwtldv5q0","previousEventId":"27fbtmgc6a5mkhj","operationId":"l2px7mi616pax2v","previousOperationId":"zexrf6nz8qhiw36"}
{"type":"operationStart","subtype":"script","name":"scripts usabi-data","previousOperationId":"l2px7mi616pax2v","timestamp":1704989516638,"id":"h5yhpzojxhpcxi2","previousEventId":"l641ggpwtldv5q0","operationId":"a6bxnjpaff6n29z"}
{"type":"operationEnd","operationId":"a6bxnjpaff6n29z","timestamp":1704989516649,"id":"k5wo69ci2loh5zs","previousEventId":"27fbtmgc6a5mkhj","previousOperationId":"zexrf6nz8qhiw36"}
{"type":"operationEnd","operationId":"l2px7mi616pax2v","timestamp":1704989516649,"id":"kgrfh8aq96ri1bw","previousEventId":"k5wo69ci2loh5zs","previousOperationId":"zexrf6nz8qhiw36"}
{"type":"log","timestamp":1704989516649,"level":"debug","message":"Base url not specified, skipping its injection.","meta":{"rootId":"gi009gs5oz1mqd4","id":"gi009gs5oz1mqd4"},"id":"7bqof25xv2m29nd","previousOperationId":"l2px7mi616pax2v"}
{"type":"operationStart","subtype":"engine","name":"handlebars","timestamp":1704989516649,"id":"aikjk3wt1czcagl","previousEventId":"kgrfh8aq96ri1bw","operationId":"vw591za1m06ibdt","previousOperationId":"l2px7mi616pax2v"}
{"type":"log","timestamp":1704989516649,"level":"debug","message":"Rendering engine handlebars","meta":{"rootId":"gi009gs5oz1mqd4","id":"gi009gs5oz1mqd4"},"id":"9f1247z6k0wvxf3","previousOperationId":"vw591za1m06ibdt"}
{"type":"operationEnd","operationId":"vw591za1m06ibdt","timestamp":1704989516659,"id":"kb4eh8ou9roygaw","previousEventId":"aikjk3wt1czcagl","previousOperationId":"vw591za1m06ibdt"}
{"type":"operationStart","subtype":"recipe","name":"chrome-pdf","timestamp":1704989516659,"id":"iz4x9gx0llade3z","previousEventId":"kb4eh8ou9roygaw","operationId":"ure0tmt8mprjuq8","previousOperationId":"vw591za1m06ibdt"}
{"type":"log","timestamp":1704989516659,"level":"debug","message":"Executing recipe chrome-pdf","meta":{"rootId":"gi009gs5oz1mqd4","id":"gi009gs5oz1mqd4"},"id":"ctrxaxatid6wcs2","previousOperationId":"ure0tmt8mprjuq8"}
{"type":"log","timestamp":1704989516662,"level":"debug","message":"Converting with chrome HeadlessChrome/117.0.5938.149 using chrome-pool strategy","meta":{"rootId":"gi009gs5oz1mqd4","id":"gi009gs5oz1mqd4"},"id":"mlm72tnw8i7zcbh","previousOperationId":"ure0tmt8mprjuq8"}
{"type":"log","timestamp":1704989516694,"level":"debug","message":"Page request: GET (document) file:///tmp/jsreport/autocleanup/3305a9af-5bcc-4a90-a50a-a04f2f4f93e7-chrome-pdf.html","meta":{"rootId":"gi009gs5oz1mqd4","id":"gi009gs5oz1mqd4"},"id":"jqdhv2nagbp1as4","previousOperationId":"ure0tmt8mprjuq8"}
{"type":"log","timestamp":1704989516701,"level":"debug","message":"Page request: GET (script) https://cdn.jsdelivr.net/npm/chart.js","meta":{"rootId":"gi009gs5oz1mqd4","id":"gi009gs5oz1mqd4"},"id":"fanc6fcuczn12fk","previousOperationId":"ure0tmt8mprjuq8"}
{"type":"log","timestamp":1704989516701,"level":"debug","message":"Page request finished: GET (document) 200 file:///tmp/jsreport/autocleanup/3305a9af-5bcc-4a90-a50a-a04f2f4f93e7-chrome-pdf.html","meta":{"rootId":"gi009gs5oz1mqd4","id":"gi009gs5oz1mqd4"},"id":"q9uw7pu1dgjatz4","previousOperationId":"ure0tmt8mprjuq8"}
{"type":"log","timestamp":1704989516704,"level":"debug","message":"Page request finished: GET (script) 200 https://cdn.jsdelivr.net/npm/chart.js","meta":{"rootId":"gi009gs5oz1mqd4","id":"gi009gs5oz1mqd4"},"id":"z9gpqpco6tmcv2i","previousOperationId":"ure0tmt8mprjuq8"}
{"type":"log","timestamp":1704989516757,"level":"debug","message":"Running chrome with params {\"printBackground\":true,\"timeout\":59966,\"margin\":{}}","meta":{"rootId":"gi009gs5oz1mqd4","id":"gi009gs5oz1mqd4"},"id":"n69xmudx5dqlz5j","previousOperationId":"ure0tmt8mprjuq8"}
{"type":"operationEnd","operationId":"ure0tmt8mprjuq8","timestamp":1704989516780,"id":"n4jft0ob80wgh63","previousEventId":"iz4x9gx0llade3z","previousOperationId":"ure0tmt8mprjuq8"}
{"type":"log","timestamp":1704989516780,"level":"debug","message":"Skipping storing report.","meta":{"rootId":"gi009gs5oz1mqd4","id":"gi009gs5oz1mqd4"},"id":"mxi3ytj7gk6vlyy","previousOperationId":"ure0tmt8mprjuq8"}
{"type":"log","timestamp":1704989516780,"level":"info","message":"Rendering request 13 finished in 153 ms","meta":{"rootId":"gi009gs5oz1mqd4","id":"gi009gs5oz1mqd4"},"id":"ul5xdp7dgsejc78","previousOperationId":"ure0tmt8mprjuq8"}
{"type":"operationEnd","subtype":"render","operationId":"zexrf6nz8qhiw36","timestamp":1704989516780,"id":"36qc7tv349ui4xp","previousEventId":"n4jft0ob80wgh63","previousOperationId":"ure0tmt8mprjuq8"}
{"type":"operationEnd","doDiffs":false,"previousEventId":"vf6w2yh1f2urbtq","previousOperationId":"h9cad9gyc7hklt6","operationId":"h9cad9gyc7hklt6","timestamp":1704989516782,"id":"r8qo7e2115muxjn"}
