{"type":"operationStart","subtype":"profile","data":{"_id":"tpY1wBpNMCYQOXNQ","timestamp":"2024-01-11T17:38:01.916Z","state":"queued","mode":"standard","creationDate":"2024-01-11T17:38:01.919Z","modificationDate":"2024-01-11T17:38:01.919Z","shortid":"ukSreev","$entitySet":"profiles"},"doDiffs":false,"timestamp":1704994681917,"id":"w5cbhdybhoqpmuj","previousOperationId":null,"operationId":"bvjkcgx5hepxowi"}
{"type":"log","level":"info","message":"Render request 1 queued for execution and waiting for available worker","previousOperationId":"bvjkcgx5hepxowi","timestamp":1704994681918,"id":"jf3h7ufup8mxkxz"}
{"type":"operationStart","subtype":"render","name":"User_project","previousOperationId":"bvjkcgx5hepxowi","timestamp":1704994681940,"id":"lz1cdkhxe4xjlir","previousEventId":"w5cbhdybhoqpmuj","operationId":"jgzjy4qieeir4s9"}
{"type":"log","timestamp":1704994681941,"level":"info","message":"Starting rendering request 1","meta":{"rootId":"grp3d683a0yc5u8","id":"grp3d683a0yc5u8"},"id":"z9rwmawla5ohbeg","previousOperationId":"jgzjy4qieeir4s9"}
{"type":"log","timestamp":1704994681941,"level":"info","message":"Rendering template { name: User_project, recipe: chrome-pdf, engine: handlebars, preview: true }","meta":{"rootId":"grp3d683a0yc5u8","id":"grp3d683a0yc5u8"},"id":"ztsxm0waiuqcyrb","previousOperationId":"jgzjy4qieeir4s9"}
{"type":"log","timestamp":1704994681942,"level":"debug","message":"Data item not defined for this template.","meta":{"rootId":"grp3d683a0yc5u8","id":"grp3d683a0yc5u8"},"id":"odfmjv605k6usyz","previousOperationId":"jgzjy4qieeir4s9"}
{"type":"log","timestamp":1704994681945,"level":"debug","message":"Executing script usabi-data (beforeRender)","meta":{"rootId":"grp3d683a0yc5u8","id":"grp3d683a0yc5u8"},"id":"eg9tnyo94uor4rj","previousOperationId":"jgzjy4qieeir4s9"}
{"type":"operationStart","subtype":"scriptsBeforeRender","name":"scripts beforeRender","timestamp":1704994682092,"id":"u908gh0s2s9awqi","previousEventId":"lz1cdkhxe4xjlir","operationId":"n7ezn3iwoemmlk9","previousOperationId":"jgzjy4qieeir4s9"}
{"type":"operationStart","subtype":"script","name":"scripts usabi-data","previousOperationId":"n7ezn3iwoemmlk9","timestamp":1704994682092,"id":"bau7gzskbcc8o14","previousEventId":"u908gh0s2s9awqi","operationId":"m5osytjy9625222"}
{"type":"operationEnd","operationId":"m5osytjy9625222","timestamp":1704994682109,"id":"ladah03z3xpl932","previousEventId":"lz1cdkhxe4xjlir","previousOperationId":"jgzjy4qieeir4s9"}
{"type":"log","timestamp":1704994682109,"level":"debug","message":"Executing script orders-script (beforeRender)","meta":{"rootId":"grp3d683a0yc5u8","id":"grp3d683a0yc5u8"},"id":"b0pxuh8vh4u1e4m","previousOperationId":"jgzjy4qieeir4s9"}
{"type":"operationStart","subtype":"script","name":"scripts orders-script","previousOperationId":"n7ezn3iwoemmlk9","timestamp":1704994682120,"id":"n7zxiey1llr0jvz","previousEventId":"ladah03z3xpl932","operationId":"4wjr7vpot3o66s7"}
{"type":"operationEnd","operationId":"4wjr7vpot3o66s7","timestamp":1704994683531,"id":"r67oiwss69mzlfh","previousEventId":"ladah03z3xpl932","previousOperationId":"jgzjy4qieeir4s9"}
{"type":"operationEnd","operationId":"n7ezn3iwoemmlk9","timestamp":1704994683531,"id":"jkz2kwdor6q28ib","previousEventId":"r67oiwss69mzlfh","previousOperationId":"jgzjy4qieeir4s9"}
{"type":"log","timestamp":1704994683531,"level":"debug","message":"Base url not specified, skipping its injection.","meta":{"rootId":"grp3d683a0yc5u8","id":"grp3d683a0yc5u8"},"id":"e3i6d9defvx33fl","previousOperationId":"n7ezn3iwoemmlk9"}
{"type":"operationStart","subtype":"engine","name":"handlebars","timestamp":1704994683531,"id":"ondfpik4dsuv0od","previousEventId":"jkz2kwdor6q28ib","operationId":"i9agfxz1tpy1kfu","previousOperationId":"n7ezn3iwoemmlk9"}
{"type":"log","timestamp":1704994683531,"level":"debug","message":"Rendering engine handlebars","meta":{"rootId":"grp3d683a0yc5u8","id":"grp3d683a0yc5u8"},"id":"djjr32epg3w5p2s","previousOperationId":"i9agfxz1tpy1kfu"}
{"type":"operationEnd","operationId":"i9agfxz1tpy1kfu","timestamp":1704994683731,"id":"14muttt7s4d6vtd","previousEventId":"ondfpik4dsuv0od","previousOperationId":"i9agfxz1tpy1kfu"}
{"type":"operationStart","subtype":"recipe","name":"chrome-pdf","timestamp":1704994683732,"id":"526lt1tenydpkc1","previousEventId":"14muttt7s4d6vtd","operationId":"aioex9edsbq2glu","previousOperationId":"i9agfxz1tpy1kfu"}
{"type":"log","timestamp":1704994683732,"level":"debug","message":"Executing recipe chrome-pdf","meta":{"rootId":"grp3d683a0yc5u8","id":"grp3d683a0yc5u8"},"id":"yhp9tndvrtzggu6","previousOperationId":"aioex9edsbq2glu"}
{"type":"log","timestamp":1704994684172,"level":"debug","message":"Converting with chrome HeadlessChrome/117.0.5938.149 using chrome-pool strategy","meta":{"rootId":"grp3d683a0yc5u8","id":"grp3d683a0yc5u8"},"id":"nieddttkp5y3y9g","previousOperationId":"aioex9edsbq2glu"}
{"type":"log","timestamp":1704994684298,"level":"debug","message":"Page request: GET (document) file:///tmp/jsreport/autocleanup/8570c2e8-059d-4088-8c08-7856ddad02ab-chrome-pdf.html","meta":{"rootId":"grp3d683a0yc5u8","id":"grp3d683a0yc5u8"},"id":"c2rxmqtzuubqi7l","previousOperationId":"aioex9edsbq2glu"}
{"type":"log","timestamp":1704994684305,"level":"debug","message":"Page request: GET (script) https://cdn.jsdelivr.net/npm/chart.js","meta":{"rootId":"grp3d683a0yc5u8","id":"grp3d683a0yc5u8"},"id":"lbdu7tg005a93x8","previousOperationId":"aioex9edsbq2glu"}
{"type":"log","timestamp":1704994684306,"level":"debug","message":"Page request finished: GET (document) 200 file:///tmp/jsreport/autocleanup/8570c2e8-059d-4088-8c08-7856ddad02ab-chrome-pdf.html","meta":{"rootId":"grp3d683a0yc5u8","id":"grp3d683a0yc5u8"},"id":"7pye64v9o3wqj8q","previousOperationId":"aioex9edsbq2glu"}
{"type":"log","timestamp":1704994684599,"level":"debug","message":"Page request finished: GET (script) 200 https://cdn.jsdelivr.net/npm/chart.js","meta":{"rootId":"grp3d683a0yc5u8","id":"grp3d683a0yc5u8"},"id":"08z4iro9burj79c","previousOperationId":"aioex9edsbq2glu"}
{"type":"log","timestamp":1704994684603,"level":"warn","message":"Page error: Unexpected identifier 'Object' , stack: SyntaxError: Unexpected identifier 'Object'","meta":{"rootId":"grp3d683a0yc5u8","id":"grp3d683a0yc5u8"},"id":"noo1n67mnezkk6u","previousOperationId":"aioex9edsbq2glu"}
{"type":"log","timestamp":1704994684607,"level":"warn","message":"Page error: Unexpected identifier 'Object' , stack: SyntaxError: Unexpected identifier 'Object'","meta":{"rootId":"grp3d683a0yc5u8","id":"grp3d683a0yc5u8"},"id":"nugvcthx1cf1xh5","previousOperationId":"aioex9edsbq2glu"}
{"type":"log","timestamp":1704994684615,"level":"debug","message":"Running chrome with params {\"printBackground\":true,\"timeout\":58039,\"margin\":{}}","meta":{"rootId":"grp3d683a0yc5u8","id":"grp3d683a0yc5u8"},"id":"2it3g99erhwhhmn","previousOperationId":"aioex9edsbq2glu"}
{"type":"operationEnd","operationId":"aioex9edsbq2glu","timestamp":1704994684630,"id":"o8gq24lw640iy49","previousEventId":"526lt1tenydpkc1","previousOperationId":"aioex9edsbq2glu"}
{"type":"log","timestamp":1704994684631,"level":"debug","message":"Skipping storing report.","meta":{"rootId":"grp3d683a0yc5u8","id":"grp3d683a0yc5u8"},"id":"c8sraof0qn9y6li","previousOperationId":"aioex9edsbq2glu"}
{"type":"log","timestamp":1704994684631,"level":"info","message":"Rendering request 1 finished in 2715 ms","meta":{"rootId":"grp3d683a0yc5u8","id":"grp3d683a0yc5u8"},"id":"c73vp5qktnlub3d","previousOperationId":"aioex9edsbq2glu"}
{"type":"operationEnd","subtype":"render","operationId":"jgzjy4qieeir4s9","timestamp":1704994684631,"id":"65qvh231lvf7mxf","previousEventId":"o8gq24lw640iy49","previousOperationId":"aioex9edsbq2glu"}
{"type":"operationEnd","doDiffs":false,"previousEventId":"w5cbhdybhoqpmuj","previousOperationId":"bvjkcgx5hepxowi","operationId":"bvjkcgx5hepxowi","timestamp":1704994684637,"id":"f4768qailmce4s1"}
