{"type":"operationStart","subtype":"profile","data":{"_id":"qfQ1VP5IX5Bxp8wd","timestamp":"2024-01-11T16:49:11.559Z","state":"queued","mode":"standard","creationDate":"2024-01-11T16:49:11.560Z","modificationDate":"2024-01-11T16:49:11.560Z","shortid":"odCVOYf","$entitySet":"profiles"},"doDiffs":false,"timestamp":1704991751559,"id":"m29s9l4ypxkl3k9","previousOperationId":null,"operationId":"0solafabnxtk8j0"}
{"type":"log","level":"info","message":"Render request 83 queued for execution and waiting for available worker","previousOperationId":"0solafabnxtk8j0","timestamp":1704991751559,"id":"s75x3mqrjf1d3h1"}
{"type":"operationStart","subtype":"render","name":"User_project","previousOperationId":"0solafabnxtk8j0","timestamp":1704991751564,"id":"jn2qajvibipowvz","previousEventId":"m29s9l4ypxkl3k9","operationId":"i0w4tj6olh7fhoa"}
{"type":"log","timestamp":1704991751564,"level":"info","message":"Starting rendering request 83","meta":{"rootId":"gtn3ka6r5zfgttm","id":"gtn3ka6r5zfgttm"},"id":"ek02qhq5zfuoa7f","previousOperationId":"i0w4tj6olh7fhoa"}
{"type":"log","timestamp":1704991751564,"level":"info","message":"Rendering template { name: User_project, recipe: chrome-pdf, engine: handlebars, preview: true }","meta":{"rootId":"gtn3ka6r5zfgttm","id":"gtn3ka6r5zfgttm"},"id":"i8rkedeh7nk06us","previousOperationId":"i0w4tj6olh7fhoa"}
{"type":"log","timestamp":1704991751565,"level":"debug","message":"Data item not defined for this template.","meta":{"rootId":"gtn3ka6r5zfgttm","id":"gtn3ka6r5zfgttm"},"id":"zsnid5j872i7xh4","previousOperationId":"i0w4tj6olh7fhoa"}
{"type":"log","timestamp":1704991751566,"level":"debug","message":"Executing script usabi-data (beforeRender)","meta":{"rootId":"gtn3ka6r5zfgttm","id":"gtn3ka6r5zfgttm"},"id":"nxmqfnnp55yhq2l","previousOperationId":"i0w4tj6olh7fhoa"}
{"type":"operationStart","subtype":"scriptsBeforeRender","name":"scripts beforeRender","timestamp":1704991751570,"id":"t14flnsg55j74su","previousEventId":"jn2qajvibipowvz","operationId":"pkd0kzu9f22s4m3","previousOperationId":"i0w4tj6olh7fhoa"}
{"type":"operationStart","subtype":"script","name":"scripts usabi-data","previousOperationId":"pkd0kzu9f22s4m3","timestamp":1704991751570,"id":"iocjkoynrytyr05","previousEventId":"t14flnsg55j74su","operationId":"u8z0wh2exfuju4e"}
{"type":"operationEnd","operationId":"u8z0wh2exfuju4e","timestamp":1704991751580,"id":"xqnzg39s0546tip","previousEventId":"jn2qajvibipowvz","previousOperationId":"i0w4tj6olh7fhoa"}
{"type":"operationEnd","operationId":"pkd0kzu9f22s4m3","timestamp":1704991751580,"id":"zemzsa3uvc7qqbs","previousEventId":"xqnzg39s0546tip","previousOperationId":"i0w4tj6olh7fhoa"}
{"type":"log","timestamp":1704991751580,"level":"debug","message":"Base url not specified, skipping its injection.","meta":{"rootId":"gtn3ka6r5zfgttm","id":"gtn3ka6r5zfgttm"},"id":"yz7a92377tt9mx2","previousOperationId":"pkd0kzu9f22s4m3"}
{"type":"operationStart","subtype":"engine","name":"handlebars","timestamp":1704991751580,"id":"gho6wh5fary08uw","previousEventId":"zemzsa3uvc7qqbs","operationId":"pg36u6u7fyg8rz0","previousOperationId":"pkd0kzu9f22s4m3"}
{"type":"log","timestamp":1704991751580,"level":"debug","message":"Rendering engine handlebars","meta":{"rootId":"gtn3ka6r5zfgttm","id":"gtn3ka6r5zfgttm"},"id":"j9scw7etxalmq8u","previousOperationId":"pg36u6u7fyg8rz0"}
{"type":"operationEnd","operationId":"pg36u6u7fyg8rz0","timestamp":1704991751588,"id":"35ta6vyj9zf5d62","previousEventId":"gho6wh5fary08uw","previousOperationId":"pg36u6u7fyg8rz0"}
{"type":"operationStart","subtype":"recipe","name":"chrome-pdf","timestamp":1704991751589,"id":"cg3o9aoapb7vnr9","previousEventId":"35ta6vyj9zf5d62","operationId":"v9nq8y4op78m87l","previousOperationId":"pg36u6u7fyg8rz0"}
{"type":"log","timestamp":1704991751589,"level":"debug","message":"Executing recipe chrome-pdf","meta":{"rootId":"gtn3ka6r5zfgttm","id":"gtn3ka6r5zfgttm"},"id":"09j3mxjfc95whfy","previousOperationId":"v9nq8y4op78m87l"}
{"type":"log","timestamp":1704991751590,"level":"debug","message":"Converting with chrome HeadlessChrome/117.0.5938.149 using chrome-pool strategy","meta":{"rootId":"gtn3ka6r5zfgttm","id":"gtn3ka6r5zfgttm"},"id":"k25vojyitpwad36","previousOperationId":"v9nq8y4op78m87l"}
{"type":"log","timestamp":1704991751620,"level":"debug","message":"Page request: GET (document) file:///tmp/jsreport/autocleanup/cc3d79cb-fbc3-4ee3-a14b-1c95c0947181-chrome-pdf.html","meta":{"rootId":"gtn3ka6r5zfgttm","id":"gtn3ka6r5zfgttm"},"id":"od5m8xygx8r53z4","previousOperationId":"v9nq8y4op78m87l"}
{"type":"log","timestamp":1704991751626,"level":"debug","message":"Page request: GET (script) https://cdn.jsdelivr.net/npm/chart.js","meta":{"rootId":"gtn3ka6r5zfgttm","id":"gtn3ka6r5zfgttm"},"id":"bfkxzwaosw26pks","previousOperationId":"v9nq8y4op78m87l"}
{"type":"log","timestamp":1704991751626,"level":"debug","message":"Page request finished: GET (document) 200 file:///tmp/jsreport/autocleanup/cc3d79cb-fbc3-4ee3-a14b-1c95c0947181-chrome-pdf.html","meta":{"rootId":"gtn3ka6r5zfgttm","id":"gtn3ka6r5zfgttm"},"id":"mq9pn9botmj8w0v","previousOperationId":"v9nq8y4op78m87l"}
{"type":"log","timestamp":1704991751629,"level":"debug","message":"Page request finished: GET (script) 200 https://cdn.jsdelivr.net/npm/chart.js","meta":{"rootId":"gtn3ka6r5zfgttm","id":"gtn3ka6r5zfgttm"},"id":"y6h6lpwe5obus1f","previousOperationId":"v9nq8y4op78m87l"}
{"type":"log","timestamp":1704991751673,"level":"debug","message":"Running chrome with params {\"printBackground\":true,\"timeout\":59970,\"margin\":{}}","meta":{"rootId":"gtn3ka6r5zfgttm","id":"gtn3ka6r5zfgttm"},"id":"8myj8c65m456ckj","previousOperationId":"v9nq8y4op78m87l"}
{"type":"operationEnd","operationId":"v9nq8y4op78m87l","timestamp":1704991751690,"id":"5b78nc3bn83gsas","previousEventId":"cg3o9aoapb7vnr9","previousOperationId":"v9nq8y4op78m87l"}
{"type":"log","timestamp":1704991751690,"level":"debug","message":"Skipping storing report.","meta":{"rootId":"gtn3ka6r5zfgttm","id":"gtn3ka6r5zfgttm"},"id":"4i1dn726hsiz53x","previousOperationId":"v9nq8y4op78m87l"}
{"type":"log","timestamp":1704991751690,"level":"info","message":"Rendering request 83 finished in 131 ms","meta":{"rootId":"gtn3ka6r5zfgttm","id":"gtn3ka6r5zfgttm"},"id":"76kq32ko20nkbfs","previousOperationId":"v9nq8y4op78m87l"}
{"type":"operationEnd","subtype":"render","operationId":"i0w4tj6olh7fhoa","timestamp":1704991751690,"id":"rz2rag7c9rev8x6","previousEventId":"5b78nc3bn83gsas","previousOperationId":"v9nq8y4op78m87l"}
{"type":"operationEnd","doDiffs":false,"previousEventId":"m29s9l4ypxkl3k9","previousOperationId":"0solafabnxtk8j0","operationId":"0solafabnxtk8j0","timestamp":1704991751692,"id":"alp3z0y8fufbqtf"}
