{"type":"operationStart","subtype":"profile","data":{"_id":"rCKIvwSys6pQjPEI","timestamp":"2024-01-11T16:41:21.633Z","state":"queued","mode":"standard","creationDate":"2024-01-11T16:41:21.634Z","modificationDate":"2024-01-11T16:41:21.634Z","shortid":"04CBXmL","$entitySet":"profiles"},"doDiffs":false,"timestamp":1704991281633,"id":"0kgo1ucmoyqj5f5","previousOperationId":null,"operationId":"50of0kajnv23x9y"}
{"type":"log","level":"info","message":"Render request 67 queued for execution and waiting for available worker","previousOperationId":"50of0kajnv23x9y","timestamp":1704991281633,"id":"21pulb6q5y1jzjk"}
{"type":"operationStart","subtype":"render","name":"User_project","previousOperationId":"50of0kajnv23x9y","timestamp":1704991281638,"id":"tu0yh5dk2d8847g","previousEventId":"0kgo1ucmoyqj5f5","operationId":"5uzqguasr0bfdje"}
{"type":"log","timestamp":1704991281638,"level":"info","message":"Starting rendering request 67","meta":{"rootId":"gvk4908e52sfjr6","id":"gvk4908e52sfjr6"},"id":"16jcaipxqdg4vo0","previousOperationId":"5uzqguasr0bfdje"}
{"type":"log","timestamp":1704991281638,"level":"info","message":"Rendering template { name: User_project, recipe: chrome-pdf, engine: handlebars, preview: true }","meta":{"rootId":"gvk4908e52sfjr6","id":"gvk4908e52sfjr6"},"id":"a5kayagnpbamhcy","previousOperationId":"5uzqguasr0bfdje"}
{"type":"log","timestamp":1704991281639,"level":"debug","message":"Data item not defined for this template.","meta":{"rootId":"gvk4908e52sfjr6","id":"gvk4908e52sfjr6"},"id":"98ezwbofjh3ghit","previousOperationId":"5uzqguasr0bfdje"}
{"type":"log","timestamp":1704991281641,"level":"debug","message":"Executing script usabi-data (beforeRender)","meta":{"rootId":"gvk4908e52sfjr6","id":"gvk4908e52sfjr6"},"id":"v2f9d3p8punqxa3","previousOperationId":"5uzqguasr0bfdje"}
{"type":"operationStart","subtype":"scriptsBeforeRender","name":"scripts beforeRender","timestamp":1704991281645,"id":"4m8lne2q853784h","previousEventId":"tu0yh5dk2d8847g","operationId":"9g2otzza14bn7om","previousOperationId":"5uzqguasr0bfdje"}
{"type":"operationStart","subtype":"script","name":"scripts usabi-data","previousOperationId":"9g2otzza14bn7om","timestamp":1704991281645,"id":"7dumqaamtsg97vw","previousEventId":"4m8lne2q853784h","operationId":"9qb7sbvfaczlo27"}
{"type":"operationEnd","operationId":"9qb7sbvfaczlo27","timestamp":1704991281658,"id":"utiguwu1kjem9p2","previousEventId":"tu0yh5dk2d8847g","previousOperationId":"5uzqguasr0bfdje"}
{"type":"operationEnd","operationId":"9g2otzza14bn7om","timestamp":1704991281658,"id":"9zfdpyqw918hz7f","previousEventId":"utiguwu1kjem9p2","previousOperationId":"5uzqguasr0bfdje"}
{"type":"log","timestamp":1704991281658,"level":"debug","message":"Base url not specified, skipping its injection.","meta":{"rootId":"gvk4908e52sfjr6","id":"gvk4908e52sfjr6"},"id":"mjl6ofalt59353m","previousOperationId":"9g2otzza14bn7om"}
{"type":"operationStart","subtype":"engine","name":"handlebars","timestamp":1704991281659,"id":"5o39ayqus87mk67","previousEventId":"9zfdpyqw918hz7f","operationId":"56qcboddzbkwjad","previousOperationId":"9g2otzza14bn7om"}
{"type":"log","timestamp":1704991281659,"level":"debug","message":"Rendering engine handlebars","meta":{"rootId":"gvk4908e52sfjr6","id":"gvk4908e52sfjr6"},"id":"7waz2u00wh2yq9x","previousOperationId":"56qcboddzbkwjad"}
{"type":"operationEnd","operationId":"56qcboddzbkwjad","timestamp":1704991281668,"id":"uf8k88nx60o7k6q","previousEventId":"5o39ayqus87mk67","previousOperationId":"56qcboddzbkwjad"}
{"type":"operationStart","subtype":"recipe","name":"chrome-pdf","timestamp":1704991281668,"id":"ztibknllt42lhfb","previousEventId":"uf8k88nx60o7k6q","operationId":"l826sewv64d66ic","previousOperationId":"56qcboddzbkwjad"}
{"type":"log","timestamp":1704991281668,"level":"debug","message":"Executing recipe chrome-pdf","meta":{"rootId":"gvk4908e52sfjr6","id":"gvk4908e52sfjr6"},"id":"3wp15yyn5xm2rfp","previousOperationId":"l826sewv64d66ic"}
{"type":"log","timestamp":1704991281670,"level":"debug","message":"Converting with chrome HeadlessChrome/117.0.5938.149 using chrome-pool strategy","meta":{"rootId":"gvk4908e52sfjr6","id":"gvk4908e52sfjr6"},"id":"ni3faiwr390tej2","previousOperationId":"l826sewv64d66ic"}
{"type":"log","timestamp":1704991281700,"level":"debug","message":"Page request: GET (document) file:///tmp/jsreport/autocleanup/c6a4b3b9-0650-49dd-ad6f-a620a35b5584-chrome-pdf.html","meta":{"rootId":"gvk4908e52sfjr6","id":"gvk4908e52sfjr6"},"id":"mrh9juw5jxcurmz","previousOperationId":"l826sewv64d66ic"}
{"type":"log","timestamp":1704991281707,"level":"debug","message":"Page request: GET (script) https://cdn.jsdelivr.net/npm/chart.js","meta":{"rootId":"gvk4908e52sfjr6","id":"gvk4908e52sfjr6"},"id":"w4s1sje54sjgcjs","previousOperationId":"l826sewv64d66ic"}
{"type":"log","timestamp":1704991281708,"level":"debug","message":"Page request finished: GET (document) 200 file:///tmp/jsreport/autocleanup/c6a4b3b9-0650-49dd-ad6f-a620a35b5584-chrome-pdf.html","meta":{"rootId":"gvk4908e52sfjr6","id":"gvk4908e52sfjr6"},"id":"zxnxmqm9e5noekc","previousOperationId":"l826sewv64d66ic"}
{"type":"log","timestamp":1704991281711,"level":"debug","message":"Page request finished: GET (script) 200 https://cdn.jsdelivr.net/npm/chart.js","meta":{"rootId":"gvk4908e52sfjr6","id":"gvk4908e52sfjr6"},"id":"snv9bfycv1qdbgs","previousOperationId":"l826sewv64d66ic"}
{"type":"log","timestamp":1704991281758,"level":"debug","message":"Running chrome with params {\"printBackground\":true,\"timeout\":59964,\"margin\":{}}","meta":{"rootId":"gvk4908e52sfjr6","id":"gvk4908e52sfjr6"},"id":"li6jo8hgvvcnk3b","previousOperationId":"l826sewv64d66ic"}
{"type":"operationEnd","operationId":"l826sewv64d66ic","timestamp":1704991281777,"id":"0w7clh0173bjdhm","previousEventId":"ztibknllt42lhfb","previousOperationId":"l826sewv64d66ic"}
{"type":"log","timestamp":1704991281777,"level":"debug","message":"Skipping storing report.","meta":{"rootId":"gvk4908e52sfjr6","id":"gvk4908e52sfjr6"},"id":"87chp1d05hu0j9d","previousOperationId":"l826sewv64d66ic"}
{"type":"log","timestamp":1704991281777,"level":"info","message":"Rendering request 67 finished in 144 ms","meta":{"rootId":"gvk4908e52sfjr6","id":"gvk4908e52sfjr6"},"id":"ofb4ek8759gkfyk","previousOperationId":"l826sewv64d66ic"}
{"type":"operationEnd","subtype":"render","operationId":"5uzqguasr0bfdje","timestamp":1704991281777,"id":"xs8fzmf4979uk4z","previousEventId":"0w7clh0173bjdhm","previousOperationId":"l826sewv64d66ic"}
{"type":"operationEnd","doDiffs":false,"previousEventId":"0kgo1ucmoyqj5f5","previousOperationId":"50of0kajnv23x9y","operationId":"50of0kajnv23x9y","timestamp":1704991281779,"id":"tzgy9c4qbe6nfyb"}
