{"type":"operationStart","subtype":"profile","data":{"_id":"9Mapudd4Zklr8Bfw","timestamp":"2024-01-11T16:42:45.863Z","state":"queued","mode":"standard","creationDate":"2024-01-11T16:42:45.864Z","modificationDate":"2024-01-11T16:42:45.864Z","shortid":"MC5P5bS","$entitySet":"profiles"},"doDiffs":false,"timestamp":1704991365863,"id":"p9iu7s7yaezqj7k","previousOperationId":null,"operationId":"y19kzgartd035zh"}
{"type":"log","level":"info","message":"Render request 72 queued for execution and waiting for available worker","previousOperationId":"y19kzgartd035zh","timestamp":1704991365863,"id":"pm3ieftaphh3u9o"}
{"type":"operationStart","subtype":"render","name":"User_project","previousOperationId":"y19kzgartd035zh","timestamp":1704991365868,"id":"a636j093ekcispq","previousEventId":"p9iu7s7yaezqj7k","operationId":"1umktrvqeawmk06"}
{"type":"log","timestamp":1704991365868,"level":"info","message":"Starting rendering request 72","meta":{"rootId":"h24oevc8kykwodu","id":"h24oevc8kykwodu"},"id":"8pjfaze25n47cvg","previousOperationId":"1umktrvqeawmk06"}
{"type":"log","timestamp":1704991365868,"level":"info","message":"Rendering template { name: User_project, recipe: chrome-pdf, engine: handlebars, preview: true }","meta":{"rootId":"h24oevc8kykwodu","id":"h24oevc8kykwodu"},"id":"300xkt1lgs3nu0u","previousOperationId":"1umktrvqeawmk06"}
{"type":"log","timestamp":1704991365868,"level":"debug","message":"Data item not defined for this template.","meta":{"rootId":"h24oevc8kykwodu","id":"h24oevc8kykwodu"},"id":"iok0bnyniv1yi9o","previousOperationId":"1umktrvqeawmk06"}
{"type":"log","timestamp":1704991365869,"level":"debug","message":"Executing script usabi-data (beforeRender)","meta":{"rootId":"h24oevc8kykwodu","id":"h24oevc8kykwodu"},"id":"x1ztm41fe6kqh0o","previousOperationId":"1umktrvqeawmk06"}
{"type":"operationStart","subtype":"scriptsBeforeRender","name":"scripts beforeRender","timestamp":1704991365874,"id":"fdvfsru83w57d2y","previousEventId":"a636j093ekcispq","operationId":"xlp5bbiu0zat6gi","previousOperationId":"1umktrvqeawmk06"}
{"type":"operationStart","subtype":"script","name":"scripts usabi-data","previousOperationId":"xlp5bbiu0zat6gi","timestamp":1704991365874,"id":"sl0q0ihce68nzwb","previousEventId":"fdvfsru83w57d2y","operationId":"i7twuk8ubjnpe58"}
{"type":"operationEnd","operationId":"i7twuk8ubjnpe58","timestamp":1704991365884,"id":"7mcxjzcftoawgq6","previousEventId":"a636j093ekcispq","previousOperationId":"1umktrvqeawmk06"}
{"type":"operationEnd","operationId":"xlp5bbiu0zat6gi","timestamp":1704991365884,"id":"ypu7w9baxmhyeiu","previousEventId":"7mcxjzcftoawgq6","previousOperationId":"1umktrvqeawmk06"}
{"type":"log","timestamp":1704991365884,"level":"debug","message":"Base url not specified, skipping its injection.","meta":{"rootId":"h24oevc8kykwodu","id":"h24oevc8kykwodu"},"id":"elxnagmol8njb76","previousOperationId":"xlp5bbiu0zat6gi"}
{"type":"operationStart","subtype":"engine","name":"handlebars","timestamp":1704991365885,"id":"3htkkdxayy8q0za","previousEventId":"ypu7w9baxmhyeiu","operationId":"06e79xa9707pi9c","previousOperationId":"xlp5bbiu0zat6gi"}
{"type":"log","timestamp":1704991365885,"level":"debug","message":"Rendering engine handlebars","meta":{"rootId":"h24oevc8kykwodu","id":"h24oevc8kykwodu"},"id":"z6lx842nq3sc05a","previousOperationId":"06e79xa9707pi9c"}
{"type":"operationEnd","operationId":"06e79xa9707pi9c","timestamp":1704991365892,"id":"a616ehcz5opqvs6","previousEventId":"3htkkdxayy8q0za","previousOperationId":"06e79xa9707pi9c"}
{"type":"operationStart","subtype":"recipe","name":"chrome-pdf","timestamp":1704991365892,"id":"pfn4so84u0g2t2v","previousEventId":"a616ehcz5opqvs6","operationId":"u5bc6hzfwd50z9i","previousOperationId":"06e79xa9707pi9c"}
{"type":"log","timestamp":1704991365892,"level":"debug","message":"Executing recipe chrome-pdf","meta":{"rootId":"h24oevc8kykwodu","id":"h24oevc8kykwodu"},"id":"0zzko0yfn0gwoys","previousOperationId":"u5bc6hzfwd50z9i"}
{"type":"log","timestamp":1704991365894,"level":"debug","message":"Converting with chrome HeadlessChrome/117.0.5938.149 using chrome-pool strategy","meta":{"rootId":"h24oevc8kykwodu","id":"h24oevc8kykwodu"},"id":"idr89mbsgh9wcjz","previousOperationId":"u5bc6hzfwd50z9i"}
{"type":"log","timestamp":1704991365924,"level":"debug","message":"Page request: GET (document) file:///tmp/jsreport/autocleanup/5180988a-1e63-42b0-ba75-304e964aa32a-chrome-pdf.html","meta":{"rootId":"h24oevc8kykwodu","id":"h24oevc8kykwodu"},"id":"lwy9dz2dnyj88a5","previousOperationId":"u5bc6hzfwd50z9i"}
{"type":"log","timestamp":1704991365931,"level":"debug","message":"Page request: GET (script) https://cdn.jsdelivr.net/npm/chart.js","meta":{"rootId":"h24oevc8kykwodu","id":"h24oevc8kykwodu"},"id":"ea2dl668ulg0cq6","previousOperationId":"u5bc6hzfwd50z9i"}
{"type":"log","timestamp":1704991365931,"level":"debug","message":"Page request finished: GET (document) 200 file:///tmp/jsreport/autocleanup/5180988a-1e63-42b0-ba75-304e964aa32a-chrome-pdf.html","meta":{"rootId":"h24oevc8kykwodu","id":"h24oevc8kykwodu"},"id":"6t4ylh5orey4vpz","previousOperationId":"u5bc6hzfwd50z9i"}
{"type":"log","timestamp":1704991365934,"level":"debug","message":"Page request finished: GET (script) 200 https://cdn.jsdelivr.net/npm/chart.js","meta":{"rootId":"h24oevc8kykwodu","id":"h24oevc8kykwodu"},"id":"dq5xstx48ufthu6","previousOperationId":"u5bc6hzfwd50z9i"}
{"type":"log","timestamp":1704991365980,"level":"debug","message":"Running chrome with params {\"printBackground\":true,\"timeout\":59970,\"margin\":{}}","meta":{"rootId":"h24oevc8kykwodu","id":"h24oevc8kykwodu"},"id":"jg2vxti3tniqocf","previousOperationId":"u5bc6hzfwd50z9i"}
{"type":"operationEnd","operationId":"u5bc6hzfwd50z9i","timestamp":1704991366003,"id":"9gd67cit2tzcoww","previousEventId":"pfn4so84u0g2t2v","previousOperationId":"u5bc6hzfwd50z9i"}
{"type":"log","timestamp":1704991366003,"level":"debug","message":"Skipping storing report.","meta":{"rootId":"h24oevc8kykwodu","id":"h24oevc8kykwodu"},"id":"g1jzw08v546s6ls","previousOperationId":"u5bc6hzfwd50z9i"}
{"type":"log","timestamp":1704991366003,"level":"info","message":"Rendering request 72 finished in 140 ms","meta":{"rootId":"h24oevc8kykwodu","id":"h24oevc8kykwodu"},"id":"18icxrd6yv72h3e","previousOperationId":"u5bc6hzfwd50z9i"}
{"type":"operationEnd","subtype":"render","operationId":"1umktrvqeawmk06","timestamp":1704991366003,"id":"rcwjs4qtowc5zlm","previousEventId":"9gd67cit2tzcoww","previousOperationId":"u5bc6hzfwd50z9i"}
{"type":"operationEnd","doDiffs":false,"previousEventId":"p9iu7s7yaezqj7k","previousOperationId":"y19kzgartd035zh","operationId":"y19kzgartd035zh","timestamp":1704991366006,"id":"utf8ziugte06q8a"}
