{"type":"operationStart","subtype":"profile","data":{"_id":"rD2yCGr875aXdbGa","timestamp":"2024-01-10T20:37:08.568Z","state":"queued","mode":"standard","creationDate":"2024-01-10T20:37:08.569Z","modificationDate":"2024-01-10T20:37:08.569Z","shortid":"KLKbTvP","$entitySet":"profiles"},"doDiffs":false,"timestamp":1704919028568,"id":"paao8ocwov9sdy0","previousOperationId":null,"operationId":"aiopcg8xl1gahow"}
{"type":"log","level":"info","message":"Render request 25 queued for execution and waiting for available worker","previousOperationId":"aiopcg8xl1gahow","timestamp":1704919028568,"id":"9m1j7s5r1pr2amv"}
{"type":"operationStart","subtype":"render","name":"User_project","previousOperationId":"aiopcg8xl1gahow","timestamp":1704919028573,"id":"s6ekdzqfnfvyyrb","previousEventId":"paao8ocwov9sdy0","operationId":"709fo8w0y2ejtk3"}
{"type":"log","timestamp":1704919028573,"level":"info","message":"Starting rendering request 25","meta":{"rootId":"h3xiw2aatf5y353","id":"h3xiw2aatf5y353"},"id":"ylcx4em8qgsbabj","previousOperationId":"709fo8w0y2ejtk3"}
{"type":"log","timestamp":1704919028573,"level":"info","message":"Rendering template { name: User_project, recipe: chrome-pdf, engine: handlebars, preview: true }","meta":{"rootId":"h3xiw2aatf5y353","id":"h3xiw2aatf5y353"},"id":"p66j3hxo63tqwgv","previousOperationId":"709fo8w0y2ejtk3"}
{"type":"log","timestamp":1704919028573,"level":"debug","message":"Data item not defined for this template.","meta":{"rootId":"h3xiw2aatf5y353","id":"h3xiw2aatf5y353"},"id":"h3796xxgdhc3j8h","previousOperationId":"709fo8w0y2ejtk3"}
{"type":"log","timestamp":1704919028575,"level":"debug","message":"Executing script usabi-data (beforeRender)","meta":{"rootId":"h3xiw2aatf5y353","id":"h3xiw2aatf5y353"},"id":"uri06hzdmmf7pww","previousOperationId":"709fo8w0y2ejtk3"}
{"type":"operationStart","subtype":"scriptsBeforeRender","name":"scripts beforeRender","timestamp":1704919028578,"id":"ejmmo61ptcycx11","previousEventId":"s6ekdzqfnfvyyrb","operationId":"h1izdk9fn14gg6j","previousOperationId":"709fo8w0y2ejtk3"}
{"type":"operationStart","subtype":"script","name":"scripts usabi-data","previousOperationId":"h1izdk9fn14gg6j","timestamp":1704919028578,"id":"ta8suc6osf87y9y","previousEventId":"ejmmo61ptcycx11","operationId":"rwa0uon8ouknmi5"}
{"type":"operationEnd","operationId":"rwa0uon8ouknmi5","timestamp":1704919028588,"id":"b5pdh8m7skd9uv3","previousEventId":"s6ekdzqfnfvyyrb","previousOperationId":"709fo8w0y2ejtk3"}
{"type":"operationEnd","operationId":"h1izdk9fn14gg6j","timestamp":1704919028588,"id":"jzhbsyuyt8maa96","previousEventId":"b5pdh8m7skd9uv3","previousOperationId":"709fo8w0y2ejtk3"}
{"type":"log","timestamp":1704919028588,"level":"debug","message":"Base url not specified, skipping its injection.","meta":{"rootId":"h3xiw2aatf5y353","id":"h3xiw2aatf5y353"},"id":"4exi01jtl1bguwx","previousOperationId":"h1izdk9fn14gg6j"}
{"type":"operationStart","subtype":"engine","name":"handlebars","timestamp":1704919028588,"id":"a4abd5z69w7eudv","previousEventId":"jzhbsyuyt8maa96","operationId":"7v1qkp2ykfs1k62","previousOperationId":"h1izdk9fn14gg6j"}
{"type":"log","timestamp":1704919028588,"level":"debug","message":"Rendering engine handlebars","meta":{"rootId":"h3xiw2aatf5y353","id":"h3xiw2aatf5y353"},"id":"to8m7i4iyaffhv9","previousOperationId":"7v1qkp2ykfs1k62"}
{"type":"operationEnd","operationId":"7v1qkp2ykfs1k62","timestamp":1704919028596,"id":"xgzioyjanpcp9xz","previousEventId":"a4abd5z69w7eudv","previousOperationId":"7v1qkp2ykfs1k62"}
{"type":"operationStart","subtype":"recipe","name":"chrome-pdf","timestamp":1704919028596,"id":"2524uauxcvr26ne","previousEventId":"xgzioyjanpcp9xz","operationId":"88vcjw6otse7ba3","previousOperationId":"7v1qkp2ykfs1k62"}
{"type":"log","timestamp":1704919028596,"level":"debug","message":"Executing recipe chrome-pdf","meta":{"rootId":"h3xiw2aatf5y353","id":"h3xiw2aatf5y353"},"id":"wz2wjbzww5hexfx","previousOperationId":"88vcjw6otse7ba3"}
{"type":"log","timestamp":1704919028597,"level":"debug","message":"Converting with chrome HeadlessChrome/117.0.5938.149 using chrome-pool strategy","meta":{"rootId":"h3xiw2aatf5y353","id":"h3xiw2aatf5y353"},"id":"lrw8i7i1qco5ur3","previousOperationId":"88vcjw6otse7ba3"}
{"type":"log","timestamp":1704919028623,"level":"debug","message":"Page request: GET (document) file:///tmp/jsreport/autocleanup/1caaf727-dd3e-4d2f-a61b-598bf8288f6a-chrome-pdf.html","meta":{"rootId":"h3xiw2aatf5y353","id":"h3xiw2aatf5y353"},"id":"s29cuc8czgw6tfo","previousOperationId":"88vcjw6otse7ba3"}
{"type":"log","timestamp":1704919028630,"level":"debug","message":"Page request finished: GET (document) 200 file:///tmp/jsreport/autocleanup/1caaf727-dd3e-4d2f-a61b-598bf8288f6a-chrome-pdf.html","meta":{"rootId":"h3xiw2aatf5y353","id":"h3xiw2aatf5y353"},"id":"3ao3xpynk6w13wk","previousOperationId":"88vcjw6otse7ba3"}
{"type":"log","timestamp":1704919028635,"level":"debug","message":"Running chrome with params {\"printBackground\":true,\"timeout\":59972,\"margin\":{}}","meta":{"rootId":"h3xiw2aatf5y353","id":"h3xiw2aatf5y353"},"id":"jlvjcpzdh27wd5v","previousOperationId":"88vcjw6otse7ba3"}
{"type":"operationEnd","operationId":"88vcjw6otse7ba3","timestamp":1704919028643,"id":"1yx3t5qamqbx3df","previousEventId":"2524uauxcvr26ne","previousOperationId":"88vcjw6otse7ba3"}
{"type":"log","timestamp":1704919028643,"level":"debug","message":"Skipping storing report.","meta":{"rootId":"h3xiw2aatf5y353","id":"h3xiw2aatf5y353"},"id":"lpdfd94n9tqo9ko","previousOperationId":"88vcjw6otse7ba3"}
{"type":"log","timestamp":1704919028643,"level":"info","message":"Rendering request 25 finished in 75 ms","meta":{"rootId":"h3xiw2aatf5y353","id":"h3xiw2aatf5y353"},"id":"pb7dt7drcps661b","previousOperationId":"88vcjw6otse7ba3"}
{"type":"operationEnd","subtype":"render","operationId":"709fo8w0y2ejtk3","timestamp":1704919028643,"id":"pfgem8hd6jpbak7","previousEventId":"1yx3t5qamqbx3df","previousOperationId":"88vcjw6otse7ba3"}
{"type":"operationEnd","doDiffs":false,"previousEventId":"paao8ocwov9sdy0","previousOperationId":"aiopcg8xl1gahow","operationId":"aiopcg8xl1gahow","timestamp":1704919028646,"id":"ooj9o0my6sugf56"}
