{"type":"operationStart","subtype":"profile","data":{"_id":"BJoVbciUftZ1TYAb","timestamp":"2024-01-15T20:30:12.771Z","state":"queued","mode":"standard","creationDate":"2024-01-15T20:30:12.772Z","modificationDate":"2024-01-15T20:30:12.772Z","shortid":"PUiS5bj","$entitySet":"profiles"},"doDiffs":false,"timestamp":1705350612772,"id":"ge9cf41i13dumco","previousOperationId":null,"operationId":"plzb58tg1en4wi0"}
{"type":"log","level":"info","message":"Render request 10 queued for execution and waiting for available worker","previousOperationId":"plzb58tg1en4wi0","timestamp":1705350612772,"id":"9ux3nmcrs4zna1w"}
{"type":"operationStart","subtype":"render","name":"User_project","previousOperationId":"plzb58tg1en4wi0","timestamp":1705350612775,"id":"hx07kuxur5wa5tp","previousEventId":"ge9cf41i13dumco","operationId":"uajtss44tul5xld"}
{"type":"log","timestamp":1705350612776,"level":"info","message":"Starting rendering request 10","meta":{"rootId":"h4czriln5jn666c","id":"h4czriln5jn666c"},"id":"tccfku32kd0lwew","previousOperationId":"uajtss44tul5xld"}
{"type":"log","timestamp":1705350612777,"level":"info","message":"Rendering template { name: User_project, recipe: chrome-pdf, engine: handlebars, preview: false }","meta":{"rootId":"h4czriln5jn666c","id":"h4czriln5jn666c"},"id":"w7xmqwlv0u028dn","previousOperationId":"uajtss44tul5xld"}
{"type":"log","timestamp":1705350612779,"level":"debug","message":"Data item not defined for this template.","meta":{"rootId":"h4czriln5jn666c","id":"h4czriln5jn666c"},"id":"ta0ug92re8po5ge","previousOperationId":"uajtss44tul5xld"}
{"type":"log","timestamp":1705350612782,"level":"debug","message":"Executing script usabi-data (beforeRender)","meta":{"rootId":"h4czriln5jn666c","id":"h4czriln5jn666c"},"id":"v6p9b4khjzbwhh4","previousOperationId":"uajtss44tul5xld"}
{"type":"operationStart","subtype":"scriptsBeforeRender","name":"scripts beforeRender","timestamp":1705350612925,"id":"mhs1i92ajhl2v6c","previousEventId":"hx07kuxur5wa5tp","operationId":"dgr23xyq7f6y5f9","previousOperationId":"uajtss44tul5xld"}
{"type":"operationStart","subtype":"script","name":"scripts usabi-data","previousOperationId":"dgr23xyq7f6y5f9","timestamp":1705350612925,"id":"rnyie9ulfoa0yfm","previousEventId":"mhs1i92ajhl2v6c","operationId":"c718a25xll3efrt"}
{"type":"operationEnd","operationId":"c718a25xll3efrt","timestamp":1705350612945,"id":"k10f4ccmu4yv7n9","previousEventId":"hx07kuxur5wa5tp","previousOperationId":"uajtss44tul5xld"}
{"type":"log","timestamp":1705350612945,"level":"debug","message":"Executing script orders-script (beforeRender)","meta":{"rootId":"h4czriln5jn666c","id":"h4czriln5jn666c"},"id":"0d5jhlcxh4fwja7","previousOperationId":"uajtss44tul5xld"}
{"type":"operationStart","subtype":"script","name":"scripts orders-script","previousOperationId":"dgr23xyq7f6y5f9","timestamp":1705350612956,"id":"0z6xxc3ciiddxok","previousEventId":"k10f4ccmu4yv7n9","operationId":"choyprgd7fde7jh"}
{"type":"operationEnd","operationId":"choyprgd7fde7jh","timestamp":1705350614348,"id":"9mwebb06s6gy9e5","previousEventId":"k10f4ccmu4yv7n9","previousOperationId":"uajtss44tul5xld"}
{"type":"operationEnd","operationId":"dgr23xyq7f6y5f9","timestamp":1705350614348,"id":"6psfpx38tjixtb2","previousEventId":"9mwebb06s6gy9e5","previousOperationId":"uajtss44tul5xld"}
{"type":"log","timestamp":1705350614348,"level":"debug","message":"Base url not specified, skipping its injection.","meta":{"rootId":"h4czriln5jn666c","id":"h4czriln5jn666c"},"id":"4md446qnpli4bse","previousOperationId":"dgr23xyq7f6y5f9"}
{"type":"operationStart","subtype":"engine","name":"handlebars","timestamp":1705350614349,"id":"cw3iqrenfas5s8l","previousEventId":"6psfpx38tjixtb2","operationId":"e7rwg5y62okvktk","previousOperationId":"dgr23xyq7f6y5f9"}
{"type":"log","timestamp":1705350614349,"level":"debug","message":"Rendering engine handlebars","meta":{"rootId":"h4czriln5jn666c","id":"h4czriln5jn666c"},"id":"nkdg7uq2gyu4gxd","previousOperationId":"e7rwg5y62okvktk"}
{"type":"operationEnd","operationId":"e7rwg5y62okvktk","timestamp":1705350614502,"id":"cccocr5dbbmkids","previousEventId":"cw3iqrenfas5s8l","previousOperationId":"e7rwg5y62okvktk"}
{"type":"operationStart","subtype":"recipe","name":"chrome-pdf","timestamp":1705350614503,"id":"92lru7bfb4yk3dx","previousEventId":"cccocr5dbbmkids","operationId":"hitqnnaudsspk8e","previousOperationId":"e7rwg5y62okvktk"}
{"type":"log","timestamp":1705350614503,"level":"debug","message":"Executing recipe chrome-pdf","meta":{"rootId":"h4czriln5jn666c","id":"h4czriln5jn666c"},"id":"9bhu76kcx0ezzt1","previousOperationId":"hitqnnaudsspk8e"}
{"type":"log","timestamp":1705350614688,"level":"debug","message":"Converting with chrome HeadlessChrome/117.0.5938.149 using chrome-pool strategy","meta":{"rootId":"h4czriln5jn666c","id":"h4czriln5jn666c"},"id":"o2mblwmvm3ibojv","previousOperationId":"hitqnnaudsspk8e"}
{"type":"log","timestamp":1705350614743,"level":"debug","message":"Page request: GET (document) file:///tmp/jsreport/autocleanup/aefcfdae-626d-4ea3-822d-4ace324a43ac-chrome-pdf.html","meta":{"rootId":"h4czriln5jn666c","id":"h4czriln5jn666c"},"id":"mmkfs5x26zx16ky","previousOperationId":"hitqnnaudsspk8e"}
{"type":"log","timestamp":1705350614751,"level":"debug","message":"Page request: GET (script) https://cdn.jsdelivr.net/npm/chart.js","meta":{"rootId":"h4czriln5jn666c","id":"h4czriln5jn666c"},"id":"fau306fmup0i8lm","previousOperationId":"hitqnnaudsspk8e"}
{"type":"log","timestamp":1705350614752,"level":"debug","message":"Page request finished: GET (document) 200 file:///tmp/jsreport/autocleanup/aefcfdae-626d-4ea3-822d-4ace324a43ac-chrome-pdf.html","meta":{"rootId":"h4czriln5jn666c","id":"h4czriln5jn666c"},"id":"b9s481z0zqzuw9f","previousOperationId":"hitqnnaudsspk8e"}
{"type":"log","timestamp":1705350615004,"level":"debug","message":"Page request finished: GET (script) 200 https://cdn.jsdelivr.net/npm/chart.js","meta":{"rootId":"h4czriln5jn666c","id":"h4czriln5jn666c"},"id":"wj7x1b2xdpvw434","previousOperationId":"hitqnnaudsspk8e"}
{"type":"log","timestamp":1705350615049,"level":"debug","message":"Running chrome with params {\"printBackground\":true,\"timeout\":58141,\"margin\":{}}","meta":{"rootId":"h4czriln5jn666c","id":"h4czriln5jn666c"},"id":"970u5jic3476ngx","previousOperationId":"hitqnnaudsspk8e"}
{"type":"operationEnd","operationId":"hitqnnaudsspk8e","timestamp":1705350615099,"id":"1h6m818sak9wkm8","previousEventId":"92lru7bfb4yk3dx","previousOperationId":"hitqnnaudsspk8e"}
{"type":"log","timestamp":1705350615100,"level":"debug","message":"Skipping storing report.","meta":{"rootId":"h4czriln5jn666c","id":"h4czriln5jn666c"},"id":"rtgczmzi7y0y27v","previousOperationId":"hitqnnaudsspk8e"}
{"type":"log","timestamp":1705350615100,"level":"info","message":"Rendering request 10 finished in 2329 ms","meta":{"rootId":"h4czriln5jn666c","id":"h4czriln5jn666c"},"id":"0b5t15ukn4ok4e8","previousOperationId":"hitqnnaudsspk8e"}
{"type":"operationEnd","subtype":"render","operationId":"uajtss44tul5xld","timestamp":1705350615100,"id":"1csso6y8tobr8qr","previousEventId":"1h6m818sak9wkm8","previousOperationId":"hitqnnaudsspk8e"}
{"type":"operationEnd","doDiffs":false,"previousEventId":"ge9cf41i13dumco","previousOperationId":"plzb58tg1en4wi0","operationId":"plzb58tg1en4wi0","timestamp":1705350615101,"id":"e2xn5wnftnrmvth"}
