{"type":"operationStart","subtype":"profile","data":{"_id":"KurSEBZhpmiMyVpg","timestamp":"2024-01-15T20:29:47.424Z","state":"queued","mode":"standard","creationDate":"2024-01-15T20:29:47.425Z","modificationDate":"2024-01-15T20:29:47.425Z","shortid":"Yg1acme","$entitySet":"profiles"},"doDiffs":false,"timestamp":1705350587425,"id":"qnh1u1z17zfbsef","previousOperationId":null,"operationId":"wqv1fg5ietys8io"}
{"type":"log","level":"info","message":"Render request 9 queued for execution and waiting for available worker","previousOperationId":"wqv1fg5ietys8io","timestamp":1705350587425,"id":"e96ew7p3sqyeqdr"}
{"type":"operationStart","subtype":"render","name":"User_project","previousOperationId":"wqv1fg5ietys8io","timestamp":1705350587427,"id":"um7lofadzy8vy2g","previousEventId":"qnh1u1z17zfbsef","operationId":"rltluqyigyskcs8"}
{"type":"log","timestamp":1705350587427,"level":"info","message":"Starting rendering request 9","meta":{"rootId":"hba5hrhpdmzci49","id":"hba5hrhpdmzci49"},"id":"lqrfyxutfzv5yh2","previousOperationId":"rltluqyigyskcs8"}
{"type":"log","timestamp":1705350587427,"level":"info","message":"Rendering template { name: User_project, recipe: chrome-pdf, engine: handlebars, preview: false }","meta":{"rootId":"hba5hrhpdmzci49","id":"hba5hrhpdmzci49"},"id":"xrqnsyoyehjmnjg","previousOperationId":"rltluqyigyskcs8"}
{"type":"log","timestamp":1705350587428,"level":"debug","message":"Data item not defined for this template.","meta":{"rootId":"hba5hrhpdmzci49","id":"hba5hrhpdmzci49"},"id":"j98q7zppbx3gnpc","previousOperationId":"rltluqyigyskcs8"}
{"type":"log","timestamp":1705350587431,"level":"debug","message":"Executing script usabi-data (beforeRender)","meta":{"rootId":"hba5hrhpdmzci49","id":"hba5hrhpdmzci49"},"id":"yqy5q0us2lrwuds","previousOperationId":"rltluqyigyskcs8"}
{"type":"operationStart","subtype":"scriptsBeforeRender","name":"scripts beforeRender","timestamp":1705350587439,"id":"u8zmiri42ndybfv","previousEventId":"um7lofadzy8vy2g","operationId":"hahhbl6ndew1jb3","previousOperationId":"rltluqyigyskcs8"}
{"type":"operationStart","subtype":"script","name":"scripts usabi-data","previousOperationId":"hahhbl6ndew1jb3","timestamp":1705350587439,"id":"hjne4ldmo2fhtq9","previousEventId":"u8zmiri42ndybfv","operationId":"opv263mkrv024oa"}
{"type":"operationEnd","operationId":"opv263mkrv024oa","timestamp":1705350587459,"id":"6rz0tmu8ggcwwj0","previousEventId":"um7lofadzy8vy2g","previousOperationId":"rltluqyigyskcs8"}
{"type":"log","timestamp":1705350587459,"level":"debug","message":"Executing script orders-script (beforeRender)","meta":{"rootId":"hba5hrhpdmzci49","id":"hba5hrhpdmzci49"},"id":"0b98sx14qzimykl","previousOperationId":"rltluqyigyskcs8"}
{"type":"operationStart","subtype":"script","name":"scripts orders-script","previousOperationId":"hahhbl6ndew1jb3","timestamp":1705350587463,"id":"xfxalyxupmrmqkr","previousEventId":"6rz0tmu8ggcwwj0","operationId":"vjocueuy5ycu82w"}
{"type":"operationEnd","operationId":"vjocueuy5ycu82w","timestamp":1705350588702,"id":"yimrbaazmjb09ex","previousEventId":"6rz0tmu8ggcwwj0","previousOperationId":"rltluqyigyskcs8"}
{"type":"operationEnd","operationId":"hahhbl6ndew1jb3","timestamp":1705350588702,"id":"npef54hwz1tikno","previousEventId":"yimrbaazmjb09ex","previousOperationId":"rltluqyigyskcs8"}
{"type":"log","timestamp":1705350588702,"level":"debug","message":"Base url not specified, skipping its injection.","meta":{"rootId":"hba5hrhpdmzci49","id":"hba5hrhpdmzci49"},"id":"rea1dwc96929cmy","previousOperationId":"hahhbl6ndew1jb3"}
{"type":"operationStart","subtype":"engine","name":"handlebars","timestamp":1705350588702,"id":"surh7aeukqjjc6z","previousEventId":"npef54hwz1tikno","operationId":"gcziqw5x386302q","previousOperationId":"hahhbl6ndew1jb3"}
{"type":"log","timestamp":1705350588702,"level":"debug","message":"Rendering engine handlebars","meta":{"rootId":"hba5hrhpdmzci49","id":"hba5hrhpdmzci49"},"id":"idmurw3xsdfkbrm","previousOperationId":"gcziqw5x386302q"}
{"type":"operationEnd","operationId":"gcziqw5x386302q","timestamp":1705350588710,"id":"bg285bh0dt0kzh4","previousEventId":"surh7aeukqjjc6z","previousOperationId":"gcziqw5x386302q"}
{"type":"operationStart","subtype":"recipe","name":"chrome-pdf","timestamp":1705350588710,"id":"nmfrthacyx2b5g0","previousEventId":"bg285bh0dt0kzh4","operationId":"517bl57rv7tyg02","previousOperationId":"gcziqw5x386302q"}
{"type":"log","timestamp":1705350588710,"level":"debug","message":"Executing recipe chrome-pdf","meta":{"rootId":"hba5hrhpdmzci49","id":"hba5hrhpdmzci49"},"id":"zbxm2mfg1qffvhk","previousOperationId":"517bl57rv7tyg02"}
{"type":"log","timestamp":1705350588711,"level":"debug","message":"Converting with chrome HeadlessChrome/117.0.5938.149 using chrome-pool strategy","meta":{"rootId":"hba5hrhpdmzci49","id":"hba5hrhpdmzci49"},"id":"uelbgqg2e72ygze","previousOperationId":"517bl57rv7tyg02"}
{"type":"log","timestamp":1705350588742,"level":"debug","message":"Page request: GET (document) file:///tmp/jsreport/autocleanup/93def64c-c1a6-41ea-a267-614390862261-chrome-pdf.html","meta":{"rootId":"hba5hrhpdmzci49","id":"hba5hrhpdmzci49"},"id":"njykh8apq5msui4","previousOperationId":"517bl57rv7tyg02"}
{"type":"log","timestamp":1705350588751,"level":"debug","message":"Page request: GET (script) https://cdn.jsdelivr.net/npm/chart.js","meta":{"rootId":"hba5hrhpdmzci49","id":"hba5hrhpdmzci49"},"id":"725gjy0fziyhkuv","previousOperationId":"517bl57rv7tyg02"}
{"type":"log","timestamp":1705350588752,"level":"debug","message":"Page request finished: GET (document) 200 file:///tmp/jsreport/autocleanup/93def64c-c1a6-41ea-a267-614390862261-chrome-pdf.html","meta":{"rootId":"hba5hrhpdmzci49","id":"hba5hrhpdmzci49"},"id":"aqbe8bqyje0xqui","previousOperationId":"517bl57rv7tyg02"}
{"type":"log","timestamp":1705350588756,"level":"debug","message":"Page request finished: GET (script) 200 https://cdn.jsdelivr.net/npm/chart.js","meta":{"rootId":"hba5hrhpdmzci49","id":"hba5hrhpdmzci49"},"id":"18uym5npqdv3s1s","previousOperationId":"517bl57rv7tyg02"}
{"type":"log","timestamp":1705350588801,"level":"debug","message":"Running chrome with params {\"printBackground\":true,\"timeout\":58712,\"margin\":{}}","meta":{"rootId":"hba5hrhpdmzci49","id":"hba5hrhpdmzci49"},"id":"oap7oeaqm9zhipp","previousOperationId":"517bl57rv7tyg02"}
{"type":"operationEnd","operationId":"517bl57rv7tyg02","timestamp":1705350588849,"id":"pw2ycoer31owqkt","previousEventId":"nmfrthacyx2b5g0","previousOperationId":"517bl57rv7tyg02"}
{"type":"log","timestamp":1705350588849,"level":"debug","message":"Skipping storing report.","meta":{"rootId":"hba5hrhpdmzci49","id":"hba5hrhpdmzci49"},"id":"0tam52sdhecnjeb","previousOperationId":"517bl57rv7tyg02"}
{"type":"log","timestamp":1705350588849,"level":"info","message":"Rendering request 9 finished in 1426 ms","meta":{"rootId":"hba5hrhpdmzci49","id":"hba5hrhpdmzci49"},"id":"hle6rj76a7hbs9r","previousOperationId":"517bl57rv7tyg02"}
{"type":"operationEnd","subtype":"render","operationId":"rltluqyigyskcs8","timestamp":1705350588849,"id":"7mzmq5utyis5e84","previousEventId":"pw2ycoer31owqkt","previousOperationId":"517bl57rv7tyg02"}
{"type":"operationEnd","doDiffs":false,"previousEventId":"qnh1u1z17zfbsef","previousOperationId":"wqv1fg5ietys8io","operationId":"wqv1fg5ietys8io","timestamp":1705350588851,"id":"hkdbtun2i9x1or0"}
