{"type":"operationStart","subtype":"profile","data":{"_id":"R75bVtyY1hlqfxr1","timestamp":"2024-01-11T17:19:05.216Z","state":"queued","mode":"standard","creationDate":"2024-01-11T17:19:05.217Z","modificationDate":"2024-01-11T17:19:05.217Z","shortid":"VK1-wS2","$entitySet":"profiles"},"doDiffs":false,"timestamp":1704993545217,"id":"eyty60nlizab32m","previousOperationId":null,"operationId":"8nb0j7bc3h2acdz"}
{"type":"log","level":"info","message":"Render request 128 queued for execution and waiting for available worker","previousOperationId":"8nb0j7bc3h2acdz","timestamp":1704993545217,"id":"aupgvn830gl1fzk"}
{"type":"operationStart","subtype":"render","name":"User_project","previousOperationId":"8nb0j7bc3h2acdz","timestamp":1704993545221,"id":"xkd02atqgkjnm8o","previousEventId":"eyty60nlizab32m","operationId":"qqmppc3a1wojoq5"}
{"type":"log","timestamp":1704993545221,"level":"info","message":"Starting rendering request 128","meta":{"rootId":"he77yulseyezd45","id":"he77yulseyezd45"},"id":"ywjkqobxtainoyb","previousOperationId":"qqmppc3a1wojoq5"}
{"type":"log","timestamp":1704993545221,"level":"info","message":"Rendering template { name: User_project, recipe: chrome-pdf, engine: handlebars, preview: true }","meta":{"rootId":"he77yulseyezd45","id":"he77yulseyezd45"},"id":"2tmip5wxmgdxskh","previousOperationId":"qqmppc3a1wojoq5"}
{"type":"log","timestamp":1704993545221,"level":"debug","message":"Data item not defined for this template.","meta":{"rootId":"he77yulseyezd45","id":"he77yulseyezd45"},"id":"rw5egj9r9mvpxoe","previousOperationId":"qqmppc3a1wojoq5"}
{"type":"log","timestamp":1704993545223,"level":"debug","message":"Executing script usabi-data (beforeRender)","meta":{"rootId":"he77yulseyezd45","id":"he77yulseyezd45"},"id":"tl7zj19zl0tuu3z","previousOperationId":"qqmppc3a1wojoq5"}
{"type":"operationStart","subtype":"scriptsBeforeRender","name":"scripts beforeRender","timestamp":1704993545229,"id":"94u1tknaik6yz4u","previousEventId":"xkd02atqgkjnm8o","operationId":"oan0jx743w83mrg","previousOperationId":"qqmppc3a1wojoq5"}
{"type":"operationStart","subtype":"script","name":"scripts usabi-data","previousOperationId":"oan0jx743w83mrg","timestamp":1704993545229,"id":"g9hnjeuq0uzd2y5","previousEventId":"94u1tknaik6yz4u","operationId":"i9qit4o8e6ufj4t"}
{"type":"operationEnd","operationId":"i9qit4o8e6ufj4t","timestamp":1704993545239,"id":"ms4y4dzcpt6ciba","previousEventId":"xkd02atqgkjnm8o","previousOperationId":"qqmppc3a1wojoq5"}
{"type":"log","timestamp":1704993545239,"level":"debug","message":"Executing script orders-script (beforeRender)","meta":{"rootId":"he77yulseyezd45","id":"he77yulseyezd45"},"id":"jq4crmfrhe8zaok","previousOperationId":"qqmppc3a1wojoq5"}
{"type":"operationStart","subtype":"script","name":"scripts orders-script","previousOperationId":"oan0jx743w83mrg","timestamp":1704993545243,"id":"u2hvj3vrhvr40ia","previousEventId":"ms4y4dzcpt6ciba","operationId":"qmai2lyisx9pznm"}
{"type":"operationEnd","operationId":"qmai2lyisx9pznm","timestamp":1704993546583,"id":"vi3hz2mwaymnf87","previousEventId":"ms4y4dzcpt6ciba","previousOperationId":"qqmppc3a1wojoq5"}
{"type":"operationEnd","operationId":"oan0jx743w83mrg","timestamp":1704993546583,"id":"nrfb2sh8k9wr8tg","previousEventId":"vi3hz2mwaymnf87","previousOperationId":"qqmppc3a1wojoq5"}
{"type":"log","timestamp":1704993546583,"level":"debug","message":"Base url not specified, skipping its injection.","meta":{"rootId":"he77yulseyezd45","id":"he77yulseyezd45"},"id":"plk6ou3ltwu020r","previousOperationId":"oan0jx743w83mrg"}
{"type":"operationStart","subtype":"engine","name":"handlebars","timestamp":1704993546583,"id":"p07itftgmz14ghf","previousEventId":"nrfb2sh8k9wr8tg","operationId":"a157bmfjhu1ycr6","previousOperationId":"oan0jx743w83mrg"}
{"type":"log","timestamp":1704993546583,"level":"debug","message":"Rendering engine handlebars","meta":{"rootId":"he77yulseyezd45","id":"he77yulseyezd45"},"id":"cesd1tnz13uxcv0","previousOperationId":"a157bmfjhu1ycr6"}
{"type":"operationEnd","operationId":"a157bmfjhu1ycr6","timestamp":1704993546597,"id":"yk671h40nkmqxyp","previousEventId":"p07itftgmz14ghf","previousOperationId":"a157bmfjhu1ycr6"}
{"type":"operationStart","subtype":"recipe","name":"chrome-pdf","timestamp":1704993546597,"id":"q5omirsxfketdst","previousEventId":"yk671h40nkmqxyp","operationId":"35ots5ulh42nvhv","previousOperationId":"a157bmfjhu1ycr6"}
{"type":"log","timestamp":1704993546597,"level":"debug","message":"Executing recipe chrome-pdf","meta":{"rootId":"he77yulseyezd45","id":"he77yulseyezd45"},"id":"jal79yp1w3ub454","previousOperationId":"35ots5ulh42nvhv"}
{"type":"log","timestamp":1704993546599,"level":"debug","message":"Converting with chrome HeadlessChrome/117.0.5938.149 using chrome-pool strategy","meta":{"rootId":"he77yulseyezd45","id":"he77yulseyezd45"},"id":"unwsu2u8fbwjao5","previousOperationId":"35ots5ulh42nvhv"}
{"type":"log","timestamp":1704993546633,"level":"debug","message":"Page request: GET (document) file:///tmp/jsreport/autocleanup/2bbf9de9-1fea-4639-a097-b7fbc015981e-chrome-pdf.html","meta":{"rootId":"he77yulseyezd45","id":"he77yulseyezd45"},"id":"xugsdk58fvcrjr7","previousOperationId":"35ots5ulh42nvhv"}
{"type":"log","timestamp":1704993546641,"level":"debug","message":"Page request finished: GET (document) 200 file:///tmp/jsreport/autocleanup/2bbf9de9-1fea-4639-a097-b7fbc015981e-chrome-pdf.html","meta":{"rootId":"he77yulseyezd45","id":"he77yulseyezd45"},"id":"ugctgqpn2oviqjc","previousOperationId":"35ots5ulh42nvhv"}
{"type":"log","timestamp":1704993546647,"level":"debug","message":"Running chrome with params {\"printBackground\":true,\"timeout\":58617,\"margin\":{}}","meta":{"rootId":"he77yulseyezd45","id":"he77yulseyezd45"},"id":"46wyfddn5l3sy1a","previousOperationId":"35ots5ulh42nvhv"}
{"type":"operationEnd","operationId":"35ots5ulh42nvhv","timestamp":1704993546659,"id":"l9772o3syk3eg6v","previousEventId":"q5omirsxfketdst","previousOperationId":"35ots5ulh42nvhv"}
{"type":"log","timestamp":1704993546659,"level":"debug","message":"Skipping storing report.","meta":{"rootId":"he77yulseyezd45","id":"he77yulseyezd45"},"id":"hpteu4ewywkf5iu","previousOperationId":"35ots5ulh42nvhv"}
{"type":"log","timestamp":1704993546659,"level":"info","message":"Rendering request 128 finished in 1443 ms","meta":{"rootId":"he77yulseyezd45","id":"he77yulseyezd45"},"id":"9papwgbwc6q4qf4","previousOperationId":"35ots5ulh42nvhv"}
{"type":"operationEnd","subtype":"render","operationId":"qqmppc3a1wojoq5","timestamp":1704993546660,"id":"iz7nsjfsl3as3d6","previousEventId":"l9772o3syk3eg6v","previousOperationId":"35ots5ulh42nvhv"}
{"type":"operationEnd","doDiffs":false,"previousEventId":"eyty60nlizab32m","previousOperationId":"8nb0j7bc3h2acdz","operationId":"8nb0j7bc3h2acdz","timestamp":1704993546667,"id":"egsuk7x50ozlfdf"}
