{"type":"operationStart","subtype":"profile","data":{"_id":"oDmHtUWG9AL4VD6j","timestamp":"2024-01-11T16:58:42.217Z","state":"queued","mode":"standard","creationDate":"2024-01-11T16:58:42.218Z","modificationDate":"2024-01-11T16:58:42.218Z","shortid":"m8RveQY","$entitySet":"profiles"},"doDiffs":false,"timestamp":1704992322217,"id":"azhb6jz6qsoyo1w","previousOperationId":null,"operationId":"xspourxxqaddgyl"}
{"type":"log","level":"info","message":"Render request 103 queued for execution and waiting for available worker","previousOperationId":"xspourxxqaddgyl","timestamp":1704992322217,"id":"m7dmqoqccg578vs"}
{"type":"operationStart","subtype":"render","name":"User_project","previousOperationId":"xspourxxqaddgyl","timestamp":1704992322222,"id":"4s7gpdll4zrf3h8","previousEventId":"azhb6jz6qsoyo1w","operationId":"n07u3k82pm01b0z"}
{"type":"log","timestamp":1704992322222,"level":"info","message":"Starting rendering request 103","meta":{"rootId":"he7o6sdupubv63a","id":"he7o6sdupubv63a"},"id":"nhxz497e6wetf5c","previousOperationId":"n07u3k82pm01b0z"}
{"type":"log","timestamp":1704992322222,"level":"info","message":"Rendering template { name: User_project, recipe: chrome-pdf, engine: handlebars, preview: true }","meta":{"rootId":"he7o6sdupubv63a","id":"he7o6sdupubv63a"},"id":"zrt0ch7yjl785mu","previousOperationId":"n07u3k82pm01b0z"}
{"type":"log","timestamp":1704992322223,"level":"debug","message":"Data item not defined for this template.","meta":{"rootId":"he7o6sdupubv63a","id":"he7o6sdupubv63a"},"id":"qnjxgn43g4bbwoi","previousOperationId":"n07u3k82pm01b0z"}
{"type":"log","timestamp":1704992322225,"level":"debug","message":"Executing script usabi-data (beforeRender)","meta":{"rootId":"he7o6sdupubv63a","id":"he7o6sdupubv63a"},"id":"vppo1ej9q3kzfgk","previousOperationId":"n07u3k82pm01b0z"}
{"type":"operationStart","subtype":"scriptsBeforeRender","name":"scripts beforeRender","timestamp":1704992322228,"id":"ofzo24unds8a2n2","previousEventId":"4s7gpdll4zrf3h8","operationId":"5jo66utuz67ny1d","previousOperationId":"n07u3k82pm01b0z"}
{"type":"operationStart","subtype":"script","name":"scripts usabi-data","previousOperationId":"5jo66utuz67ny1d","timestamp":1704992322228,"id":"3qsah5dr4sdprx6","previousEventId":"ofzo24unds8a2n2","operationId":"rfjpr5plb8e9bh0"}
{"type":"operationEnd","operationId":"rfjpr5plb8e9bh0","timestamp":1704992322244,"id":"l1tnrjmtx2sw6t1","previousEventId":"4s7gpdll4zrf3h8","previousOperationId":"n07u3k82pm01b0z"}
{"type":"log","timestamp":1704992322244,"level":"debug","message":"Executing script orders-script (beforeRender)","meta":{"rootId":"he7o6sdupubv63a","id":"he7o6sdupubv63a"},"id":"l250jjlgaholpfo","previousOperationId":"n07u3k82pm01b0z"}
{"type":"operationStart","subtype":"script","name":"scripts orders-script","previousOperationId":"5jo66utuz67ny1d","timestamp":1704992322248,"id":"c95rprlthlmdvjv","previousEventId":"l1tnrjmtx2sw6t1","operationId":"gjqe85wmqzf30nl"}
{"type":"operationEnd","operationId":"gjqe85wmqzf30nl","timestamp":1704992323535,"id":"c92l7buq3cne79i","previousEventId":"l1tnrjmtx2sw6t1","previousOperationId":"n07u3k82pm01b0z"}
{"type":"operationEnd","operationId":"5jo66utuz67ny1d","timestamp":1704992323535,"id":"t9djwamdmt9kok1","previousEventId":"c92l7buq3cne79i","previousOperationId":"n07u3k82pm01b0z"}
{"type":"log","timestamp":1704992323535,"level":"debug","message":"Base url not specified, skipping its injection.","meta":{"rootId":"he7o6sdupubv63a","id":"he7o6sdupubv63a"},"id":"p0yd73nonxo7ogq","previousOperationId":"5jo66utuz67ny1d"}
{"type":"operationStart","subtype":"engine","name":"handlebars","timestamp":1704992323535,"id":"88c7z31d09urxwj","previousEventId":"t9djwamdmt9kok1","operationId":"4ggv86rpwrdo16m","previousOperationId":"5jo66utuz67ny1d"}
{"type":"log","timestamp":1704992323535,"level":"debug","message":"Rendering engine handlebars","meta":{"rootId":"he7o6sdupubv63a","id":"he7o6sdupubv63a"},"id":"4hz44jurtb6orh5","previousOperationId":"4ggv86rpwrdo16m"}
{"type":"operationEnd","operationId":"4ggv86rpwrdo16m","timestamp":1704992323562,"id":"vcb6wmw50pfr6kf","previousEventId":"88c7z31d09urxwj","previousOperationId":"4ggv86rpwrdo16m"}
{"type":"operationStart","subtype":"recipe","name":"chrome-pdf","timestamp":1704992323562,"id":"ufknz40rr0og2pm","previousEventId":"vcb6wmw50pfr6kf","operationId":"f6cge03k8ikhnq8","previousOperationId":"4ggv86rpwrdo16m"}
{"type":"log","timestamp":1704992323562,"level":"debug","message":"Executing recipe chrome-pdf","meta":{"rootId":"he7o6sdupubv63a","id":"he7o6sdupubv63a"},"id":"4jf1danr05n854d","previousOperationId":"f6cge03k8ikhnq8"}
{"type":"log","timestamp":1704992323565,"level":"debug","message":"Converting with chrome HeadlessChrome/117.0.5938.149 using chrome-pool strategy","meta":{"rootId":"he7o6sdupubv63a","id":"he7o6sdupubv63a"},"id":"2i6i8c6labl8jgv","previousOperationId":"f6cge03k8ikhnq8"}
{"type":"log","timestamp":1704992323619,"level":"debug","message":"Page request: GET (document) file:///tmp/jsreport/autocleanup/070a987b-b18c-4548-8fe7-45b18cd3d208-chrome-pdf.html","meta":{"rootId":"he7o6sdupubv63a","id":"he7o6sdupubv63a"},"id":"a5zqnmiphdvdixm","previousOperationId":"f6cge03k8ikhnq8"}
{"type":"log","timestamp":1704992323625,"level":"debug","message":"Page request finished: GET (document) 200 file:///tmp/jsreport/autocleanup/070a987b-b18c-4548-8fe7-45b18cd3d208-chrome-pdf.html","meta":{"rootId":"he7o6sdupubv63a","id":"he7o6sdupubv63a"},"id":"cipgmvrpy645e86","previousOperationId":"f6cge03k8ikhnq8"}
{"type":"log","timestamp":1704992323626,"level":"warn","message":"Page error: Chart is not defined , stack: ReferenceError: Chart is not defined\n    at <anonymous> (file:///tmp/jsreport/autocleanup/070a987b-b18c-4548-8fe7-45b18cd3d208-chrome-pdf.html:21:13)","meta":{"rootId":"he7o6sdupubv63a","id":"he7o6sdupubv63a"},"id":"cej6uhdncetxn77","previousOperationId":"f6cge03k8ikhnq8"}
{"type":"log","timestamp":1704992323626,"level":"warn","message":"Page error: Chart is not defined , stack: ReferenceError: Chart is not defined\n    at <anonymous> (file:///tmp/jsreport/autocleanup/070a987b-b18c-4548-8fe7-45b18cd3d208-chrome-pdf.html:61:13)","meta":{"rootId":"he7o6sdupubv63a","id":"he7o6sdupubv63a"},"id":"h0rgayufx98zxlx","previousOperationId":"f6cge03k8ikhnq8"}
{"type":"log","timestamp":1704992323627,"level":"warn","message":"Page error: Chart is not defined , stack: ReferenceError: Chart is not defined\n    at <anonymous> (file:///tmp/jsreport/autocleanup/070a987b-b18c-4548-8fe7-45b18cd3d208-chrome-pdf.html:100:13)","meta":{"rootId":"he7o6sdupubv63a","id":"he7o6sdupubv63a"},"id":"3d2y1kdst9r6sfx","previousOperationId":"f6cge03k8ikhnq8"}
{"type":"log","timestamp":1704992323627,"level":"warn","message":"Page error: Chart is not defined , stack: ReferenceError: Chart is not defined\n    at <anonymous> (file:///tmp/jsreport/autocleanup/070a987b-b18c-4548-8fe7-45b18cd3d208-chrome-pdf.html:137:13)","meta":{"rootId":"he7o6sdupubv63a","id":"he7o6sdupubv63a"},"id":"9fequhwx3y1ghbc","previousOperationId":"f6cge03k8ikhnq8"}
{"type":"log","timestamp":1704992323633,"level":"debug","message":"Running chrome with params {\"printBackground\":true,\"timeout\":58653,\"margin\":{}}","meta":{"rootId":"he7o6sdupubv63a","id":"he7o6sdupubv63a"},"id":"ppvw0p0mb2oyrcx","previousOperationId":"f6cge03k8ikhnq8"}
{"type":"operationEnd","operationId":"f6cge03k8ikhnq8","timestamp":1704992323646,"id":"5z5mvgkuhzgplwu","previousEventId":"ufknz40rr0og2pm","previousOperationId":"f6cge03k8ikhnq8"}
{"type":"log","timestamp":1704992323646,"level":"debug","message":"Skipping storing report.","meta":{"rootId":"he7o6sdupubv63a","id":"he7o6sdupubv63a"},"id":"llv8wbf3mn7qvf8","previousOperationId":"f6cge03k8ikhnq8"}
{"type":"log","timestamp":1704992323646,"level":"info","message":"Rendering request 103 finished in 1429 ms","meta":{"rootId":"he7o6sdupubv63a","id":"he7o6sdupubv63a"},"id":"igbz428k3g0hk51","previousOperationId":"f6cge03k8ikhnq8"}
{"type":"operationEnd","subtype":"render","operationId":"n07u3k82pm01b0z","timestamp":1704992323646,"id":"v8tsgacrnzafged","previousEventId":"5z5mvgkuhzgplwu","previousOperationId":"f6cge03k8ikhnq8"}
{"type":"operationEnd","doDiffs":false,"previousEventId":"azhb6jz6qsoyo1w","previousOperationId":"xspourxxqaddgyl","operationId":"xspourxxqaddgyl","timestamp":1704992323649,"id":"r9232dgcmbkq1yf"}
