{"type":"operationStart","subtype":"profile","data":{"_id":"QuNu3zJ86TILZ4Hu","timestamp":"2024-01-11T18:51:33.747Z","state":"queued","mode":"standard","creationDate":"2024-01-11T18:51:33.747Z","modificationDate":"2024-01-11T18:51:33.747Z","shortid":"dzbHPl6","$entitySet":"profiles"},"doDiffs":false,"timestamp":1704999093747,"id":"rexc58zz9sevuel","previousOperationId":null,"operationId":"kh54a5ew9npcspo"}
{"type":"log","level":"info","message":"Render request 46 queued for execution and waiting for available worker","previousOperationId":"kh54a5ew9npcspo","timestamp":1704999093747,"id":"7h8pho6rii9oto1"}
{"type":"operationStart","subtype":"render","name":"User_project","previousOperationId":"kh54a5ew9npcspo","timestamp":1704999093751,"id":"nb8oxq4mn21z6jf","previousEventId":"rexc58zz9sevuel","operationId":"9zuhik4of87hu0b"}
{"type":"log","timestamp":1704999093751,"level":"info","message":"Starting rendering request 46","meta":{"rootId":"hhmr6rwsilhe9bf","id":"hhmr6rwsilhe9bf"},"id":"wbea4recft1uoi6","previousOperationId":"9zuhik4of87hu0b"}
{"type":"log","timestamp":1704999093751,"level":"info","message":"Rendering template { name: User_project, recipe: chrome-pdf, engine: handlebars, preview: true }","meta":{"rootId":"hhmr6rwsilhe9bf","id":"hhmr6rwsilhe9bf"},"id":"xvzx8ynl7zl7wfc","previousOperationId":"9zuhik4of87hu0b"}
{"type":"log","timestamp":1704999093752,"level":"debug","message":"Data item not defined for this template.","meta":{"rootId":"hhmr6rwsilhe9bf","id":"hhmr6rwsilhe9bf"},"id":"uvr66n6te104rc6","previousOperationId":"9zuhik4of87hu0b"}
{"type":"log","timestamp":1704999093754,"level":"debug","message":"Executing script usabi-data (beforeRender)","meta":{"rootId":"hhmr6rwsilhe9bf","id":"hhmr6rwsilhe9bf"},"id":"5d369326ai5fqk8","previousOperationId":"9zuhik4of87hu0b"}
{"type":"operationStart","subtype":"scriptsBeforeRender","name":"scripts beforeRender","timestamp":1704999093757,"id":"uxzdf00uqrv0b5r","previousEventId":"nb8oxq4mn21z6jf","operationId":"cge6rzmtw68agep","previousOperationId":"9zuhik4of87hu0b"}
{"type":"operationStart","subtype":"script","name":"scripts usabi-data","previousOperationId":"cge6rzmtw68agep","timestamp":1704999093757,"id":"cy038tx02o8rao5","previousEventId":"uxzdf00uqrv0b5r","operationId":"f6qfowesz7sjpc0"}
{"type":"operationEnd","operationId":"f6qfowesz7sjpc0","timestamp":1704999093773,"id":"bd1opuf8adt2s2u","previousEventId":"nb8oxq4mn21z6jf","previousOperationId":"9zuhik4of87hu0b"}
{"type":"log","timestamp":1704999093773,"level":"debug","message":"Executing script orders-script (beforeRender)","meta":{"rootId":"hhmr6rwsilhe9bf","id":"hhmr6rwsilhe9bf"},"id":"ws1yip9kqqxlmi8","previousOperationId":"9zuhik4of87hu0b"}
{"type":"operationStart","subtype":"script","name":"scripts orders-script","previousOperationId":"cge6rzmtw68agep","timestamp":1704999093777,"id":"5jeitu8k6c5ji0w","previousEventId":"bd1opuf8adt2s2u","operationId":"watajftmhbpeadt"}
{"type":"operationEnd","operationId":"watajftmhbpeadt","timestamp":1704999095231,"id":"m9dczo2dbijrupo","previousEventId":"bd1opuf8adt2s2u","previousOperationId":"9zuhik4of87hu0b"}
{"type":"operationEnd","operationId":"cge6rzmtw68agep","timestamp":1704999095232,"id":"w88dbhn4lvauxgu","previousEventId":"m9dczo2dbijrupo","previousOperationId":"9zuhik4of87hu0b"}
{"type":"log","timestamp":1704999095232,"level":"debug","message":"Base url not specified, skipping its injection.","meta":{"rootId":"hhmr6rwsilhe9bf","id":"hhmr6rwsilhe9bf"},"id":"mpjy7lkbzc4x5ur","previousOperationId":"cge6rzmtw68agep"}
{"type":"operationStart","subtype":"engine","name":"handlebars","timestamp":1704999095232,"id":"9es5w2ejpu1fcsr","previousEventId":"w88dbhn4lvauxgu","operationId":"0q7qdxk2wya4024","previousOperationId":"cge6rzmtw68agep"}
{"type":"log","timestamp":1704999095232,"level":"debug","message":"Rendering engine handlebars","meta":{"rootId":"hhmr6rwsilhe9bf","id":"hhmr6rwsilhe9bf"},"id":"lkaktje519wfx1f","previousOperationId":"0q7qdxk2wya4024"}
{"type":"operationEnd","operationId":"0q7qdxk2wya4024","timestamp":1704999095238,"id":"h5wa0pu7cp5ak1e","previousEventId":"9es5w2ejpu1fcsr","previousOperationId":"0q7qdxk2wya4024"}
{"type":"operationStart","subtype":"recipe","name":"chrome-pdf","timestamp":1704999095238,"id":"b6ztjou3mrt6ymw","previousEventId":"h5wa0pu7cp5ak1e","operationId":"m40p8zoxi9f25zo","previousOperationId":"0q7qdxk2wya4024"}
{"type":"log","timestamp":1704999095238,"level":"debug","message":"Executing recipe chrome-pdf","meta":{"rootId":"hhmr6rwsilhe9bf","id":"hhmr6rwsilhe9bf"},"id":"3r956580qxz53i1","previousOperationId":"m40p8zoxi9f25zo"}
{"type":"log","timestamp":1704999095240,"level":"debug","message":"Converting with chrome HeadlessChrome/117.0.5938.149 using chrome-pool strategy","meta":{"rootId":"hhmr6rwsilhe9bf","id":"hhmr6rwsilhe9bf"},"id":"3x31p1wfmezo4si","previousOperationId":"m40p8zoxi9f25zo"}
{"type":"log","timestamp":1704999095269,"level":"debug","message":"Page request: GET (document) file:///tmp/jsreport/autocleanup/ea5d6669-94e5-4ace-91fd-15ad017a2aae-chrome-pdf.html","meta":{"rootId":"hhmr6rwsilhe9bf","id":"hhmr6rwsilhe9bf"},"id":"sdpyb49sj1oimzh","previousOperationId":"m40p8zoxi9f25zo"}
{"type":"log","timestamp":1704999095275,"level":"debug","message":"Page request: GET (script) https://cdn.jsdelivr.net/npm/chart.js","meta":{"rootId":"hhmr6rwsilhe9bf","id":"hhmr6rwsilhe9bf"},"id":"vjx6wbzi0hvj3l2","previousOperationId":"m40p8zoxi9f25zo"}
{"type":"log","timestamp":1704999095276,"level":"debug","message":"Page request finished: GET (document) 200 file:///tmp/jsreport/autocleanup/ea5d6669-94e5-4ace-91fd-15ad017a2aae-chrome-pdf.html","meta":{"rootId":"hhmr6rwsilhe9bf","id":"hhmr6rwsilhe9bf"},"id":"398uzi4fc1zaf9k","previousOperationId":"m40p8zoxi9f25zo"}
{"type":"log","timestamp":1704999095279,"level":"debug","message":"Page request finished: GET (script) 200 https://cdn.jsdelivr.net/npm/chart.js","meta":{"rootId":"hhmr6rwsilhe9bf","id":"hhmr6rwsilhe9bf"},"id":"rny7kkk5om0pp4i","previousOperationId":"m40p8zoxi9f25zo"}
{"type":"log","timestamp":1704999095281,"level":"warn","message":"Page error: Unexpected end of input , stack: SyntaxError: Unexpected end of input","meta":{"rootId":"hhmr6rwsilhe9bf","id":"hhmr6rwsilhe9bf"},"id":"9a5ve6zluzfhjyg","previousOperationId":"m40p8zoxi9f25zo"}
{"type":"log","timestamp":1704999095284,"level":"debug","message":"Running chrome with params {\"printBackground\":true,\"timeout\":58507,\"margin\":{}}","meta":{"rootId":"hhmr6rwsilhe9bf","id":"hhmr6rwsilhe9bf"},"id":"41oi1637fbfjwvw","previousOperationId":"m40p8zoxi9f25zo"}
{"type":"operationEnd","operationId":"m40p8zoxi9f25zo","timestamp":1704999095293,"id":"1jpur0tmbypcev1","previousEventId":"b6ztjou3mrt6ymw","previousOperationId":"m40p8zoxi9f25zo"}
{"type":"log","timestamp":1704999095293,"level":"debug","message":"Skipping storing report.","meta":{"rootId":"hhmr6rwsilhe9bf","id":"hhmr6rwsilhe9bf"},"id":"g89kk108yqlgivd","previousOperationId":"m40p8zoxi9f25zo"}
{"type":"log","timestamp":1704999095293,"level":"info","message":"Rendering request 46 finished in 1547 ms","meta":{"rootId":"hhmr6rwsilhe9bf","id":"hhmr6rwsilhe9bf"},"id":"hjntyhluy2v4y1g","previousOperationId":"m40p8zoxi9f25zo"}
{"type":"operationEnd","subtype":"render","operationId":"9zuhik4of87hu0b","timestamp":1704999095293,"id":"ypujiagw2knvl6o","previousEventId":"1jpur0tmbypcev1","previousOperationId":"m40p8zoxi9f25zo"}
{"type":"operationEnd","doDiffs":false,"previousEventId":"rexc58zz9sevuel","previousOperationId":"kh54a5ew9npcspo","operationId":"kh54a5ew9npcspo","timestamp":1704999095295,"id":"baa8puahuvt4p7a"}
