{"type":"operationStart","subtype":"profile","data":{"_id":"m6dXvnYuQGa996Ac","timestamp":"2024-01-11T16:28:27.287Z","state":"queued","mode":"standard","creationDate":"2024-01-11T16:28:27.288Z","modificationDate":"2024-01-11T16:28:27.288Z","shortid":"_ScEoR_","$entitySet":"profiles"},"doDiffs":false,"timestamp":1704990507288,"id":"ie51r1edtrl366e","previousOperationId":null,"operationId":"ra72bcpbgh5n0bi"}
{"type":"log","level":"info","message":"Render request 42 queued for execution and waiting for available worker","previousOperationId":"ra72bcpbgh5n0bi","timestamp":1704990507288,"id":"a0qpnu8jsro57b4"}
{"type":"operationStart","subtype":"render","name":"User_project","previousOperationId":"ra72bcpbgh5n0bi","timestamp":1704990507294,"id":"t2zi33fjkx08fk8","previousEventId":"ie51r1edtrl366e","operationId":"k8l5vxrmy7blez0"}
{"type":"log","timestamp":1704990507294,"level":"info","message":"Starting rendering request 42","meta":{"rootId":"hi4wtn4yqmttjlm","id":"hi4wtn4yqmttjlm"},"id":"1ijx6b2reybipmr","previousOperationId":"k8l5vxrmy7blez0"}
{"type":"log","timestamp":1704990507294,"level":"info","message":"Rendering template { name: User_project, recipe: chrome-pdf, engine: handlebars, preview: true }","meta":{"rootId":"hi4wtn4yqmttjlm","id":"hi4wtn4yqmttjlm"},"id":"zxv3lsnq7oww2xp","previousOperationId":"k8l5vxrmy7blez0"}
{"type":"log","timestamp":1704990507294,"level":"debug","message":"Data item not defined for this template.","meta":{"rootId":"hi4wtn4yqmttjlm","id":"hi4wtn4yqmttjlm"},"id":"mtqcyn6j168t1dj","previousOperationId":"k8l5vxrmy7blez0"}
{"type":"log","timestamp":1704990507296,"level":"debug","message":"Executing script usabi-data (beforeRender)","meta":{"rootId":"hi4wtn4yqmttjlm","id":"hi4wtn4yqmttjlm"},"id":"k9u3svtmc46f9kz","previousOperationId":"k8l5vxrmy7blez0"}
{"type":"operationStart","subtype":"scriptsBeforeRender","name":"scripts beforeRender","timestamp":1704990507299,"id":"lkb7fy4febkmqoh","previousEventId":"t2zi33fjkx08fk8","operationId":"lpsg1w7xy8gtwum","previousOperationId":"k8l5vxrmy7blez0"}
{"type":"operationStart","subtype":"script","name":"scripts usabi-data","previousOperationId":"lpsg1w7xy8gtwum","timestamp":1704990507299,"id":"g53kkh3254i5ip8","previousEventId":"lkb7fy4febkmqoh","operationId":"p925r7mkds680we"}
{"type":"operationEnd","operationId":"p925r7mkds680we","timestamp":1704990507309,"id":"ekwtcz6rzj89x45","previousEventId":"t2zi33fjkx08fk8","previousOperationId":"k8l5vxrmy7blez0"}
{"type":"operationEnd","operationId":"lpsg1w7xy8gtwum","timestamp":1704990507309,"id":"ywbdjvwcl82qbso","previousEventId":"ekwtcz6rzj89x45","previousOperationId":"k8l5vxrmy7blez0"}
{"type":"log","timestamp":1704990507309,"level":"debug","message":"Base url not specified, skipping its injection.","meta":{"rootId":"hi4wtn4yqmttjlm","id":"hi4wtn4yqmttjlm"},"id":"vmr6qlbtmj565ig","previousOperationId":"lpsg1w7xy8gtwum"}
{"type":"operationStart","subtype":"engine","name":"handlebars","timestamp":1704990507309,"id":"vq6prnn97awd5dk","previousEventId":"ywbdjvwcl82qbso","operationId":"rdiocio4l8wnvso","previousOperationId":"lpsg1w7xy8gtwum"}
{"type":"log","timestamp":1704990507309,"level":"debug","message":"Rendering engine handlebars","meta":{"rootId":"hi4wtn4yqmttjlm","id":"hi4wtn4yqmttjlm"},"id":"0uul2x48bh8p7ad","previousOperationId":"rdiocio4l8wnvso"}
{"type":"operationEnd","operationId":"rdiocio4l8wnvso","timestamp":1704990507316,"id":"4qocegzy9owe7bv","previousEventId":"vq6prnn97awd5dk","previousOperationId":"rdiocio4l8wnvso"}
{"type":"operationStart","subtype":"recipe","name":"chrome-pdf","timestamp":1704990507316,"id":"vsw6or6l9frxtwd","previousEventId":"4qocegzy9owe7bv","operationId":"eewihgh9zxtxukk","previousOperationId":"rdiocio4l8wnvso"}
{"type":"log","timestamp":1704990507316,"level":"debug","message":"Executing recipe chrome-pdf","meta":{"rootId":"hi4wtn4yqmttjlm","id":"hi4wtn4yqmttjlm"},"id":"ynva0bxmtvb0j0n","previousOperationId":"eewihgh9zxtxukk"}
{"type":"log","timestamp":1704990507319,"level":"debug","message":"Converting with chrome HeadlessChrome/117.0.5938.149 using chrome-pool strategy","meta":{"rootId":"hi4wtn4yqmttjlm","id":"hi4wtn4yqmttjlm"},"id":"wssgdok4siwe5ko","previousOperationId":"eewihgh9zxtxukk"}
{"type":"log","timestamp":1704990507352,"level":"debug","message":"Page request: GET (document) file:///tmp/jsreport/autocleanup/8e109731-2593-42c9-99a2-3dbb1eac5ba5-chrome-pdf.html","meta":{"rootId":"hi4wtn4yqmttjlm","id":"hi4wtn4yqmttjlm"},"id":"23hs445v085vxyi","previousOperationId":"eewihgh9zxtxukk"}
{"type":"log","timestamp":1704990507358,"level":"debug","message":"Page request: GET (script) https://cdn.jsdelivr.net/npm/chart.js","meta":{"rootId":"hi4wtn4yqmttjlm","id":"hi4wtn4yqmttjlm"},"id":"nn8ajlbxgwk226s","previousOperationId":"eewihgh9zxtxukk"}
{"type":"log","timestamp":1704990507359,"level":"debug","message":"Page request finished: GET (document) 200 file:///tmp/jsreport/autocleanup/8e109731-2593-42c9-99a2-3dbb1eac5ba5-chrome-pdf.html","meta":{"rootId":"hi4wtn4yqmttjlm","id":"hi4wtn4yqmttjlm"},"id":"u9mtu1lna4ndugs","previousOperationId":"eewihgh9zxtxukk"}
{"type":"log","timestamp":1704990507364,"level":"debug","message":"Page request finished: GET (script) 200 https://cdn.jsdelivr.net/npm/chart.js","meta":{"rootId":"hi4wtn4yqmttjlm","id":"hi4wtn4yqmttjlm"},"id":"snzgg9acj02hcte","previousOperationId":"eewihgh9zxtxukk"}
{"type":"log","timestamp":1704990507411,"level":"debug","message":"Running chrome with params {\"printBackground\":true,\"timeout\":59969,\"margin\":{}}","meta":{"rootId":"hi4wtn4yqmttjlm","id":"hi4wtn4yqmttjlm"},"id":"ilms6xei8kux51l","previousOperationId":"eewihgh9zxtxukk"}
{"type":"operationEnd","operationId":"eewihgh9zxtxukk","timestamp":1704990507430,"id":"1bse8gfnzkc9res","previousEventId":"vsw6or6l9frxtwd","previousOperationId":"eewihgh9zxtxukk"}
{"type":"log","timestamp":1704990507431,"level":"debug","message":"Skipping storing report.","meta":{"rootId":"hi4wtn4yqmttjlm","id":"hi4wtn4yqmttjlm"},"id":"flzmoa0r8o74n55","previousOperationId":"eewihgh9zxtxukk"}
{"type":"log","timestamp":1704990507431,"level":"info","message":"Rendering request 42 finished in 144 ms","meta":{"rootId":"hi4wtn4yqmttjlm","id":"hi4wtn4yqmttjlm"},"id":"cgxg6id43is8on4","previousOperationId":"eewihgh9zxtxukk"}
{"type":"operationEnd","subtype":"render","operationId":"k8l5vxrmy7blez0","timestamp":1704990507431,"id":"s2ltj1zgw6lbqlu","previousEventId":"1bse8gfnzkc9res","previousOperationId":"eewihgh9zxtxukk"}
{"type":"operationEnd","doDiffs":false,"previousEventId":"ie51r1edtrl366e","previousOperationId":"ra72bcpbgh5n0bi","operationId":"ra72bcpbgh5n0bi","timestamp":1704990507432,"id":"acuaifius6w507p"}
