{"type":"operationStart","subtype":"profile","data":{"_id":"aTvILiqLQ5mNMwS8","timestamp":"2024-01-15T20:28:24.693Z","state":"queued","mode":"standard","creationDate":"2024-01-15T20:28:24.694Z","modificationDate":"2024-01-15T20:28:24.694Z","shortid":"pB0KEk9","$entitySet":"profiles"},"doDiffs":false,"timestamp":1705350504693,"id":"cuekali3llgtieu","previousOperationId":null,"operationId":"kwyyzvo5w4d5dsz"}
{"type":"log","level":"info","message":"Render request 2 queued for execution and waiting for available worker","previousOperationId":"kwyyzvo5w4d5dsz","timestamp":1705350504693,"id":"zhgpnrl82mqhxvw"}
{"type":"operationStart","subtype":"render","name":"User_project","previousOperationId":"kwyyzvo5w4d5dsz","timestamp":1705350504697,"id":"txj1asxajvk1e94","previousEventId":"cuekali3llgtieu","operationId":"2rgupv2lyg2v8yu"}
{"type":"log","timestamp":1705350504698,"level":"info","message":"Starting rendering request 2","meta":{"rootId":"hkfm7hlv58qk9k0","id":"hkfm7hlv58qk9k0"},"id":"dr07sdqxs9zvlvj","previousOperationId":"2rgupv2lyg2v8yu"}
{"type":"log","timestamp":1705350504699,"level":"info","message":"Rendering template { name: User_project, recipe: chrome-pdf, engine: handlebars, preview: false }","meta":{"rootId":"hkfm7hlv58qk9k0","id":"hkfm7hlv58qk9k0"},"id":"dswd10xhsice8p1","previousOperationId":"2rgupv2lyg2v8yu"}
{"type":"log","timestamp":1705350504700,"level":"debug","message":"Data item not defined for this template.","meta":{"rootId":"hkfm7hlv58qk9k0","id":"hkfm7hlv58qk9k0"},"id":"071m8wbojp8fiy7","previousOperationId":"2rgupv2lyg2v8yu"}
{"type":"log","timestamp":1705350504704,"level":"debug","message":"Executing script usabi-data (beforeRender)","meta":{"rootId":"hkfm7hlv58qk9k0","id":"hkfm7hlv58qk9k0"},"id":"ymrsp9rznlu0f1o","previousOperationId":"2rgupv2lyg2v8yu"}
{"type":"operationStart","subtype":"scriptsBeforeRender","name":"scripts beforeRender","timestamp":1705350504835,"id":"9r357f2gxm374qb","previousEventId":"txj1asxajvk1e94","operationId":"o1m6bsmo2p0m5gk","previousOperationId":"2rgupv2lyg2v8yu"}
{"type":"operationStart","subtype":"script","name":"scripts usabi-data","previousOperationId":"o1m6bsmo2p0m5gk","timestamp":1705350504835,"id":"v5vcnchlyf9dk25","previousEventId":"9r357f2gxm374qb","operationId":"hbj0ccs2rg3j3ft"}
{"type":"operationEnd","operationId":"hbj0ccs2rg3j3ft","timestamp":1705350504854,"id":"ubl6d3w1kyiqaya","previousEventId":"txj1asxajvk1e94","previousOperationId":"2rgupv2lyg2v8yu"}
{"type":"log","timestamp":1705350504854,"level":"debug","message":"Executing script orders-script (beforeRender)","meta":{"rootId":"hkfm7hlv58qk9k0","id":"hkfm7hlv58qk9k0"},"id":"eb5j8rg3ffpm5ns","previousOperationId":"2rgupv2lyg2v8yu"}
{"type":"operationStart","subtype":"script","name":"scripts orders-script","previousOperationId":"o1m6bsmo2p0m5gk","timestamp":1705350504864,"id":"qa42gig1hr4rq5y","previousEventId":"ubl6d3w1kyiqaya","operationId":"h76hg9c3u3d6yp0"}
{"type":"operationEnd","operationId":"h76hg9c3u3d6yp0","timestamp":1705350506199,"id":"myjakcbfols48ha","previousEventId":"ubl6d3w1kyiqaya","previousOperationId":"2rgupv2lyg2v8yu"}
{"type":"operationEnd","operationId":"o1m6bsmo2p0m5gk","timestamp":1705350506199,"id":"pqczkkh6rvf798h","previousEventId":"myjakcbfols48ha","previousOperationId":"2rgupv2lyg2v8yu"}
{"type":"log","timestamp":1705350506199,"level":"debug","message":"Base url not specified, skipping its injection.","meta":{"rootId":"hkfm7hlv58qk9k0","id":"hkfm7hlv58qk9k0"},"id":"f1f1493h5tcjytv","previousOperationId":"o1m6bsmo2p0m5gk"}
{"type":"operationStart","subtype":"engine","name":"handlebars","timestamp":1705350506202,"id":"drqr3azfuyyehbr","previousEventId":"pqczkkh6rvf798h","operationId":"pujj6s014msqy06","previousOperationId":"o1m6bsmo2p0m5gk"}
{"type":"log","timestamp":1705350506202,"level":"debug","message":"Rendering engine handlebars","meta":{"rootId":"hkfm7hlv58qk9k0","id":"hkfm7hlv58qk9k0"},"id":"0933ybvqqtte386","previousOperationId":"pujj6s014msqy06"}
{"type":"operationEnd","operationId":"pujj6s014msqy06","timestamp":1705350506413,"id":"o7of3ye2nv4ir5p","previousEventId":"drqr3azfuyyehbr","previousOperationId":"pujj6s014msqy06"}
{"type":"operationStart","subtype":"recipe","name":"chrome-pdf","timestamp":1705350506413,"id":"s28747ixqcxpnna","previousEventId":"o7of3ye2nv4ir5p","operationId":"83bneuui41p29qy","previousOperationId":"pujj6s014msqy06"}
{"type":"log","timestamp":1705350506413,"level":"debug","message":"Executing recipe chrome-pdf","meta":{"rootId":"hkfm7hlv58qk9k0","id":"hkfm7hlv58qk9k0"},"id":"lelgv7gydhd8ed7","previousOperationId":"83bneuui41p29qy"}
{"type":"log","timestamp":1705350506641,"level":"debug","message":"Converting with chrome HeadlessChrome/117.0.5938.149 using chrome-pool strategy","meta":{"rootId":"hkfm7hlv58qk9k0","id":"hkfm7hlv58qk9k0"},"id":"0wdhhp1jkmtl3f8","previousOperationId":"83bneuui41p29qy"}
{"type":"log","timestamp":1705350506700,"level":"debug","message":"Page request: GET (document) file:///tmp/jsreport/autocleanup/cdf6f67b-cafc-419e-8b48-2bf8db3bdf44-chrome-pdf.html","meta":{"rootId":"hkfm7hlv58qk9k0","id":"hkfm7hlv58qk9k0"},"id":"hyudgw3r8su9onm","previousOperationId":"83bneuui41p29qy"}
{"type":"log","timestamp":1705350506707,"level":"debug","message":"Page request: GET (script) https://cdn.jsdelivr.net/npm/chart.js","meta":{"rootId":"hkfm7hlv58qk9k0","id":"hkfm7hlv58qk9k0"},"id":"zagr66ueb3uuisx","previousOperationId":"83bneuui41p29qy"}
{"type":"log","timestamp":1705350506707,"level":"debug","message":"Page request finished: GET (document) 200 file:///tmp/jsreport/autocleanup/cdf6f67b-cafc-419e-8b48-2bf8db3bdf44-chrome-pdf.html","meta":{"rootId":"hkfm7hlv58qk9k0","id":"hkfm7hlv58qk9k0"},"id":"saaqecj4yh97dqm","previousOperationId":"83bneuui41p29qy"}
{"type":"log","timestamp":1705350506939,"level":"debug","message":"Page request finished: GET (script) 200 https://cdn.jsdelivr.net/npm/chart.js","meta":{"rootId":"hkfm7hlv58qk9k0","id":"hkfm7hlv58qk9k0"},"id":"mng5d8vs5hbx8g4","previousOperationId":"83bneuui41p29qy"}
{"type":"log","timestamp":1705350506993,"level":"debug","message":"Running chrome with params {\"printBackground\":true,\"timeout\":58109,\"margin\":{}}","meta":{"rootId":"hkfm7hlv58qk9k0","id":"hkfm7hlv58qk9k0"},"id":"h5pvk0xu2lb6hd8","previousOperationId":"83bneuui41p29qy"}
{"type":"operationEnd","operationId":"83bneuui41p29qy","timestamp":1705350507044,"id":"0fpbupqauwq3aus","previousEventId":"s28747ixqcxpnna","previousOperationId":"83bneuui41p29qy"}
{"type":"log","timestamp":1705350507045,"level":"debug","message":"Skipping storing report.","meta":{"rootId":"hkfm7hlv58qk9k0","id":"hkfm7hlv58qk9k0"},"id":"0stw2y79uc7q03p","previousOperationId":"83bneuui41p29qy"}
{"type":"log","timestamp":1705350507045,"level":"info","message":"Rendering request 2 finished in 2353 ms","meta":{"rootId":"hkfm7hlv58qk9k0","id":"hkfm7hlv58qk9k0"},"id":"lh7hecekzra2iln","previousOperationId":"83bneuui41p29qy"}
{"type":"operationEnd","subtype":"render","operationId":"2rgupv2lyg2v8yu","timestamp":1705350507045,"id":"o2w5aq9m93t99up","previousEventId":"0fpbupqauwq3aus","previousOperationId":"83bneuui41p29qy"}
{"type":"operationEnd","doDiffs":false,"previousEventId":"cuekali3llgtieu","previousOperationId":"kwyyzvo5w4d5dsz","operationId":"kwyyzvo5w4d5dsz","timestamp":1705350507047,"id":"6kyoxi9857vqyxt"}
