{"type":"operationStart","subtype":"profile","data":{"_id":"ab3JbLBdDz4WK5gt","timestamp":"2024-01-11T18:38:07.637Z","state":"queued","mode":"standard","creationDate":"2024-01-11T18:38:07.637Z","modificationDate":"2024-01-11T18:38:07.637Z","shortid":"lRnbRmW","$entitySet":"profiles"},"doDiffs":false,"timestamp":1704998287637,"id":"xixmjo4ik8js8lc","previousOperationId":null,"operationId":"25t3vdgl2g1u37h"}
{"type":"log","level":"info","message":"Render request 26 queued for execution and waiting for available worker","previousOperationId":"25t3vdgl2g1u37h","timestamp":1704998287637,"id":"ej2sl6c0cnlkdap"}
{"type":"operationStart","subtype":"render","name":"User_project","previousOperationId":"25t3vdgl2g1u37h","timestamp":1704998287642,"id":"0v6s5khxk8pgvry","previousEventId":"xixmjo4ik8js8lc","operationId":"qgpn0a511ipsayy"}
{"type":"log","timestamp":1704998287642,"level":"info","message":"Starting rendering request 26","meta":{"rootId":"ib0d3ortv906smy","id":"ib0d3ortv906smy"},"id":"h8t0y522tzam3on","previousOperationId":"qgpn0a511ipsayy"}
{"type":"log","timestamp":1704998287642,"level":"info","message":"Rendering template { name: User_project, recipe: chrome-pdf, engine: handlebars, preview: true }","meta":{"rootId":"ib0d3ortv906smy","id":"ib0d3ortv906smy"},"id":"3stebc0641ykuf0","previousOperationId":"qgpn0a511ipsayy"}
{"type":"log","timestamp":1704998287642,"level":"debug","message":"Data item not defined for this template.","meta":{"rootId":"ib0d3ortv906smy","id":"ib0d3ortv906smy"},"id":"u2kuh2bohge9ihu","previousOperationId":"qgpn0a511ipsayy"}
{"type":"log","timestamp":1704998287643,"level":"debug","message":"Executing script usabi-data (beforeRender)","meta":{"rootId":"ib0d3ortv906smy","id":"ib0d3ortv906smy"},"id":"k4fp86ih5npllrc","previousOperationId":"qgpn0a511ipsayy"}
{"type":"operationStart","subtype":"scriptsBeforeRender","name":"scripts beforeRender","timestamp":1704998287647,"id":"dokfzzdcuno1mgu","previousEventId":"0v6s5khxk8pgvry","operationId":"p65li973aubvdtb","previousOperationId":"qgpn0a511ipsayy"}
{"type":"operationStart","subtype":"script","name":"scripts usabi-data","previousOperationId":"p65li973aubvdtb","timestamp":1704998287647,"id":"9nh5k4e748pxh9q","previousEventId":"dokfzzdcuno1mgu","operationId":"7fwhv92chm1hvqa"}
{"type":"operationEnd","operationId":"7fwhv92chm1hvqa","timestamp":1704998287668,"id":"pta7b9xzggonxfr","previousEventId":"0v6s5khxk8pgvry","previousOperationId":"qgpn0a511ipsayy"}
{"type":"log","timestamp":1704998287668,"level":"debug","message":"Executing script orders-script (beforeRender)","meta":{"rootId":"ib0d3ortv906smy","id":"ib0d3ortv906smy"},"id":"dtgyq31wslyavfu","previousOperationId":"qgpn0a511ipsayy"}
{"type":"operationStart","subtype":"script","name":"scripts orders-script","previousOperationId":"p65li973aubvdtb","timestamp":1704998287672,"id":"r018x82ih7xljvt","previousEventId":"pta7b9xzggonxfr","operationId":"4wmcoxnswq2wmbp"}
{"type":"operationEnd","operationId":"4wmcoxnswq2wmbp","timestamp":1704998288996,"id":"u7cxy7pblsuweps","previousEventId":"pta7b9xzggonxfr","previousOperationId":"qgpn0a511ipsayy"}
{"type":"operationEnd","operationId":"p65li973aubvdtb","timestamp":1704998288996,"id":"rkqkq3c5mkplxk6","previousEventId":"u7cxy7pblsuweps","previousOperationId":"qgpn0a511ipsayy"}
{"type":"log","timestamp":1704998288996,"level":"debug","message":"Base url not specified, skipping its injection.","meta":{"rootId":"ib0d3ortv906smy","id":"ib0d3ortv906smy"},"id":"zj1vu2rd61y3ele","previousOperationId":"p65li973aubvdtb"}
{"type":"operationStart","subtype":"engine","name":"handlebars","timestamp":1704998288997,"id":"6ki0mtp5l4glgh5","previousEventId":"rkqkq3c5mkplxk6","operationId":"fwxwy866afwpy7q","previousOperationId":"p65li973aubvdtb"}
{"type":"log","timestamp":1704998288997,"level":"debug","message":"Rendering engine handlebars","meta":{"rootId":"ib0d3ortv906smy","id":"ib0d3ortv906smy"},"id":"a0q2sc4klrdhzaz","previousOperationId":"fwxwy866afwpy7q"}
{"type":"operationEnd","operationId":"fwxwy866afwpy7q","timestamp":1704998289013,"id":"jjoxhdxz1gnrtmp","previousEventId":"6ki0mtp5l4glgh5","previousOperationId":"fwxwy866afwpy7q"}
{"type":"operationStart","subtype":"recipe","name":"chrome-pdf","timestamp":1704998289013,"id":"kjglstbekfs6oyn","previousEventId":"jjoxhdxz1gnrtmp","operationId":"u3gde523gx99ewb","previousOperationId":"fwxwy866afwpy7q"}
{"type":"log","timestamp":1704998289013,"level":"debug","message":"Executing recipe chrome-pdf","meta":{"rootId":"ib0d3ortv906smy","id":"ib0d3ortv906smy"},"id":"eh4dj46mvcjf0pr","previousOperationId":"u3gde523gx99ewb"}
{"type":"log","timestamp":1704998289018,"level":"debug","message":"Converting with chrome HeadlessChrome/117.0.5938.149 using chrome-pool strategy","meta":{"rootId":"ib0d3ortv906smy","id":"ib0d3ortv906smy"},"id":"ha94oyru31xg9f3","previousOperationId":"u3gde523gx99ewb"}
{"type":"log","timestamp":1704998289052,"level":"debug","message":"Page request: GET (document) file:///tmp/jsreport/autocleanup/75955d39-1cee-43cf-ac58-08e63ac4a033-chrome-pdf.html","meta":{"rootId":"ib0d3ortv906smy","id":"ib0d3ortv906smy"},"id":"5r4o9fy0nqkub9k","previousOperationId":"u3gde523gx99ewb"}
{"type":"log","timestamp":1704998289058,"level":"debug","message":"Page request: GET (script) https://cdn.jsdelivr.net/npm/chart.js","meta":{"rootId":"ib0d3ortv906smy","id":"ib0d3ortv906smy"},"id":"emu5oz9tz8ezzei","previousOperationId":"u3gde523gx99ewb"}
{"type":"log","timestamp":1704998289059,"level":"debug","message":"Page request finished: GET (document) 200 file:///tmp/jsreport/autocleanup/75955d39-1cee-43cf-ac58-08e63ac4a033-chrome-pdf.html","meta":{"rootId":"ib0d3ortv906smy","id":"ib0d3ortv906smy"},"id":"yjv5cl0i773d1nw","previousOperationId":"u3gde523gx99ewb"}
{"type":"log","timestamp":1704998289062,"level":"debug","message":"Page request finished: GET (script) 200 https://cdn.jsdelivr.net/npm/chart.js","meta":{"rootId":"ib0d3ortv906smy","id":"ib0d3ortv906smy"},"id":"m4y5efmg368jct0","previousOperationId":"u3gde523gx99ewb"}
{"type":"log","timestamp":1704998289099,"level":"debug","message":"Running chrome with params {\"printBackground\":true,\"timeout\":58619,\"margin\":{}}","meta":{"rootId":"ib0d3ortv906smy","id":"ib0d3ortv906smy"},"id":"klbnd0ons0nc7zk","previousOperationId":"u3gde523gx99ewb"}
{"type":"operationEnd","operationId":"u3gde523gx99ewb","timestamp":1704998289153,"id":"pjoo6dgdbn9fcw3","previousEventId":"kjglstbekfs6oyn","previousOperationId":"u3gde523gx99ewb"}
{"type":"log","timestamp":1704998289153,"level":"debug","message":"Skipping storing report.","meta":{"rootId":"ib0d3ortv906smy","id":"ib0d3ortv906smy"},"id":"mbsekdwk6ykjb94","previousOperationId":"u3gde523gx99ewb"}
{"type":"log","timestamp":1704998289153,"level":"info","message":"Rendering request 26 finished in 1517 ms","meta":{"rootId":"ib0d3ortv906smy","id":"ib0d3ortv906smy"},"id":"drw3jioqmf0wcbo","previousOperationId":"u3gde523gx99ewb"}
{"type":"operationEnd","subtype":"render","operationId":"qgpn0a511ipsayy","timestamp":1704998289153,"id":"jzm4yklr7c8h0cs","previousEventId":"pjoo6dgdbn9fcw3","previousOperationId":"u3gde523gx99ewb"}
{"type":"operationEnd","doDiffs":false,"previousEventId":"xixmjo4ik8js8lc","previousOperationId":"25t3vdgl2g1u37h","operationId":"25t3vdgl2g1u37h","timestamp":1704998289155,"id":"clz5ievo6ol0zy4"}
