{"type":"operationStart","subtype":"profile","data":{"_id":"Glv8enc8Ks8Zs7FL","timestamp":"2024-01-11T17:49:43.419Z","state":"queued","mode":"standard","creationDate":"2024-01-11T17:49:43.420Z","modificationDate":"2024-01-11T17:49:43.420Z","shortid":"x6bK0pA","$entitySet":"profiles"},"doDiffs":false,"timestamp":1704995383420,"id":"8ffge5gt42wd9kj","previousOperationId":null,"operationId":"jndgtd6tjmlou5y"}
{"type":"log","level":"info","message":"Render request 14 queued for execution and waiting for available worker","previousOperationId":"jndgtd6tjmlou5y","timestamp":1704995383420,"id":"1al0uq6xa1dc3q5"}
{"type":"operationStart","subtype":"render","name":"User_project","previousOperationId":"jndgtd6tjmlou5y","timestamp":1704995383425,"id":"ge8idjftg7c75db","previousEventId":"8ffge5gt42wd9kj","operationId":"iryhjyk2ljgrcnh"}
{"type":"log","timestamp":1704995383425,"level":"info","message":"Starting rendering request 14","meta":{"rootId":"ifia5k6wqtezg19","id":"ifia5k6wqtezg19"},"id":"jreyx44reepnrnd","previousOperationId":"iryhjyk2ljgrcnh"}
{"type":"log","timestamp":1704995383425,"level":"info","message":"Rendering template { name: User_project, recipe: chrome-pdf, engine: handlebars, preview: true }","meta":{"rootId":"ifia5k6wqtezg19","id":"ifia5k6wqtezg19"},"id":"kxof5zwu97bn798","previousOperationId":"iryhjyk2ljgrcnh"}
{"type":"log","timestamp":1704995383425,"level":"debug","message":"Data item not defined for this template.","meta":{"rootId":"ifia5k6wqtezg19","id":"ifia5k6wqtezg19"},"id":"pb4bqavvadxv9z1","previousOperationId":"iryhjyk2ljgrcnh"}
{"type":"log","timestamp":1704995383427,"level":"debug","message":"Executing script usabi-data (beforeRender)","meta":{"rootId":"ifia5k6wqtezg19","id":"ifia5k6wqtezg19"},"id":"twbra33c9fs3bt1","previousOperationId":"iryhjyk2ljgrcnh"}
{"type":"operationStart","subtype":"scriptsBeforeRender","name":"scripts beforeRender","timestamp":1704995383432,"id":"r4s9etlyeqzl06y","previousEventId":"ge8idjftg7c75db","operationId":"egbhz18woinjb1b","previousOperationId":"iryhjyk2ljgrcnh"}
{"type":"operationStart","subtype":"script","name":"scripts usabi-data","previousOperationId":"egbhz18woinjb1b","timestamp":1704995383432,"id":"26ofke4vwhl0srn","previousEventId":"r4s9etlyeqzl06y","operationId":"xlakug6psvzi0jy"}
{"type":"operationEnd","operationId":"xlakug6psvzi0jy","timestamp":1704995383448,"id":"h404znck80h0tgq","previousEventId":"ge8idjftg7c75db","previousOperationId":"iryhjyk2ljgrcnh"}
{"type":"log","timestamp":1704995383448,"level":"debug","message":"Executing script orders-script (beforeRender)","meta":{"rootId":"ifia5k6wqtezg19","id":"ifia5k6wqtezg19"},"id":"ad3ows51nixoo92","previousOperationId":"iryhjyk2ljgrcnh"}
{"type":"operationStart","subtype":"script","name":"scripts orders-script","previousOperationId":"egbhz18woinjb1b","timestamp":1704995383452,"id":"kjl2xawzjn1xlob","previousEventId":"h404znck80h0tgq","operationId":"4427nmwmn3z6psi"}
{"type":"operationEnd","operationId":"4427nmwmn3z6psi","timestamp":1704995384830,"id":"x84gdsmtaxbmtoi","previousEventId":"h404znck80h0tgq","previousOperationId":"iryhjyk2ljgrcnh"}
{"type":"operationEnd","operationId":"egbhz18woinjb1b","timestamp":1704995384830,"id":"vbwokihwbm1r352","previousEventId":"x84gdsmtaxbmtoi","previousOperationId":"iryhjyk2ljgrcnh"}
{"type":"log","timestamp":1704995384830,"level":"debug","message":"Base url not specified, skipping its injection.","meta":{"rootId":"ifia5k6wqtezg19","id":"ifia5k6wqtezg19"},"id":"mhc5hbsmc78qrz4","previousOperationId":"egbhz18woinjb1b"}
{"type":"operationStart","subtype":"engine","name":"handlebars","timestamp":1704995384830,"id":"wkgyg5ad0xejvyn","previousEventId":"vbwokihwbm1r352","operationId":"j5fdkifnegrydoz","previousOperationId":"egbhz18woinjb1b"}
{"type":"log","timestamp":1704995384830,"level":"debug","message":"Rendering engine handlebars","meta":{"rootId":"ifia5k6wqtezg19","id":"ifia5k6wqtezg19"},"id":"ytvy83b7u6idb90","previousOperationId":"j5fdkifnegrydoz"}
{"type":"operationEnd","operationId":"j5fdkifnegrydoz","timestamp":1704995384838,"id":"thfw22kpn0rnnua","previousEventId":"wkgyg5ad0xejvyn","previousOperationId":"j5fdkifnegrydoz"}
{"type":"operationStart","subtype":"recipe","name":"chrome-pdf","timestamp":1704995384838,"id":"v7lukn5ae8tll1i","previousEventId":"thfw22kpn0rnnua","operationId":"ptl9xbdhh0c34dw","previousOperationId":"j5fdkifnegrydoz"}
{"type":"log","timestamp":1704995384838,"level":"debug","message":"Executing recipe chrome-pdf","meta":{"rootId":"ifia5k6wqtezg19","id":"ifia5k6wqtezg19"},"id":"eukzmqiuorr2c6l","previousOperationId":"ptl9xbdhh0c34dw"}
{"type":"log","timestamp":1704995384840,"level":"debug","message":"Converting with chrome HeadlessChrome/117.0.5938.149 using chrome-pool strategy","meta":{"rootId":"ifia5k6wqtezg19","id":"ifia5k6wqtezg19"},"id":"be4x7c7tcik90v1","previousOperationId":"ptl9xbdhh0c34dw"}
{"type":"log","timestamp":1704995384871,"level":"debug","message":"Page request: GET (document) file:///tmp/jsreport/autocleanup/c28912dd-8aa4-49df-91a4-1bc0ff2e7bfb-chrome-pdf.html","meta":{"rootId":"ifia5k6wqtezg19","id":"ifia5k6wqtezg19"},"id":"bfg8i2ygdg98s0u","previousOperationId":"ptl9xbdhh0c34dw"}
{"type":"log","timestamp":1704995384880,"level":"debug","message":"Page request: GET (script) https://cdn.jsdelivr.net/npm/chart.js","meta":{"rootId":"ifia5k6wqtezg19","id":"ifia5k6wqtezg19"},"id":"jub51066w014qms","previousOperationId":"ptl9xbdhh0c34dw"}
{"type":"log","timestamp":1704995384881,"level":"debug","message":"Page request finished: GET (document) 200 file:///tmp/jsreport/autocleanup/c28912dd-8aa4-49df-91a4-1bc0ff2e7bfb-chrome-pdf.html","meta":{"rootId":"ifia5k6wqtezg19","id":"ifia5k6wqtezg19"},"id":"1mavdrk8hb8j8l1","previousOperationId":"ptl9xbdhh0c34dw"}
{"type":"log","timestamp":1704995384884,"level":"debug","message":"Page request finished: GET (script) 200 https://cdn.jsdelivr.net/npm/chart.js","meta":{"rootId":"ifia5k6wqtezg19","id":"ifia5k6wqtezg19"},"id":"4amxro1yr65rjo6","previousOperationId":"ptl9xbdhh0c34dw"}
{"type":"log","timestamp":1704995384925,"level":"warn","message":"Page error: Canvas is already in use. Chart with ID '0' must be destroyed before the canvas with ID '' can be reused. , stack: Error: Canvas is already in use. Chart with ID '0' must be destroyed before the canvas with ID '' can be reused.\n    at An (https://cdn.jsdelivr.net/npm/chart.js:19:89653)\n    at <anonymous> (file:///tmp/jsreport/autocleanup/c28912dd-8aa4-49df-91a4-1bc0ff2e7bfb-chrome-pdf.html:80:9)","meta":{"rootId":"ifia5k6wqtezg19","id":"ifia5k6wqtezg19"},"id":"pa9qnlu79xdgt0b","previousOperationId":"ptl9xbdhh0c34dw"}
{"type":"log","timestamp":1704995384927,"level":"debug","message":"Running chrome with params {\"printBackground\":true,\"timeout\":58580,\"margin\":{}}","meta":{"rootId":"ifia5k6wqtezg19","id":"ifia5k6wqtezg19"},"id":"qhgz2xmazvd294y","previousOperationId":"ptl9xbdhh0c34dw"}
{"type":"operationEnd","operationId":"ptl9xbdhh0c34dw","timestamp":1704995384947,"id":"71f28evb6vcjhiv","previousEventId":"v7lukn5ae8tll1i","previousOperationId":"ptl9xbdhh0c34dw"}
{"type":"log","timestamp":1704995384947,"level":"debug","message":"Skipping storing report.","meta":{"rootId":"ifia5k6wqtezg19","id":"ifia5k6wqtezg19"},"id":"zuwddix55pa153n","previousOperationId":"ptl9xbdhh0c34dw"}
{"type":"log","timestamp":1704995384947,"level":"info","message":"Rendering request 14 finished in 1528 ms","meta":{"rootId":"ifia5k6wqtezg19","id":"ifia5k6wqtezg19"},"id":"4lsjl4n421ogj85","previousOperationId":"ptl9xbdhh0c34dw"}
{"type":"operationEnd","subtype":"render","operationId":"iryhjyk2ljgrcnh","timestamp":1704995384947,"id":"i24wx78rm912euo","previousEventId":"71f28evb6vcjhiv","previousOperationId":"ptl9xbdhh0c34dw"}
{"type":"operationEnd","doDiffs":false,"previousEventId":"8ffge5gt42wd9kj","previousOperationId":"jndgtd6tjmlou5y","operationId":"jndgtd6tjmlou5y","timestamp":1704995384952,"id":"q01bp9aapt0d8mx"}
