{"type":"operationStart","subtype":"profile","data":{"_id":"Ow5juNzccVPGjQUs","timestamp":"2024-01-15T20:28:15.740Z","state":"queued","mode":"standard","creationDate":"2024-01-15T20:28:15.742Z","modificationDate":"2024-01-15T20:28:15.742Z","shortid":"ngttVjt","$entitySet":"profiles"},"doDiffs":false,"timestamp":1705350495741,"id":"30ey4l6gd0onr3j","previousOperationId":null,"operationId":"x36qgtjtujk6npl"}
{"type":"log","level":"info","message":"Render request 1 queued for execution and waiting for available worker","previousOperationId":"x36qgtjtujk6npl","timestamp":1705350495742,"id":"qus409hyk1fzi3v"}
{"type":"operationStart","subtype":"render","name":"User_project","previousOperationId":"x36qgtjtujk6npl","timestamp":1705350495757,"id":"h6rpthknmlf7gkq","previousEventId":"30ey4l6gd0onr3j","operationId":"ujnlsyeyfg2sn7n"}
{"type":"log","timestamp":1705350495758,"level":"info","message":"Starting rendering request 1","meta":{"rootId":"is9sycf8yp536iy","id":"is9sycf8yp536iy"},"id":"m1xj7ilc71ivp73","previousOperationId":"ujnlsyeyfg2sn7n"}
{"type":"log","timestamp":1705350495759,"level":"info","message":"Rendering template { name: User_project, recipe: chrome-pdf, engine: handlebars, preview: false }","meta":{"rootId":"is9sycf8yp536iy","id":"is9sycf8yp536iy"},"id":"937q3qr97o4c0dl","previousOperationId":"ujnlsyeyfg2sn7n"}
{"type":"log","timestamp":1705350495763,"level":"debug","message":"Data item not defined for this template.","meta":{"rootId":"is9sycf8yp536iy","id":"is9sycf8yp536iy"},"id":"bsw765oww8m8poh","previousOperationId":"ujnlsyeyfg2sn7n"}
{"type":"log","timestamp":1705350495766,"level":"debug","message":"Executing script usabi-data (beforeRender)","meta":{"rootId":"is9sycf8yp536iy","id":"is9sycf8yp536iy"},"id":"besqiec3qejsdxr","previousOperationId":"ujnlsyeyfg2sn7n"}
{"type":"operationStart","subtype":"scriptsBeforeRender","name":"scripts beforeRender","timestamp":1705350495944,"id":"suophw1t5y552vi","previousEventId":"h6rpthknmlf7gkq","operationId":"2hehn3tufxsz4fm","previousOperationId":"ujnlsyeyfg2sn7n"}
{"type":"operationStart","subtype":"script","name":"scripts usabi-data","previousOperationId":"2hehn3tufxsz4fm","timestamp":1705350495944,"id":"e7dlzxnvcv7r4tw","previousEventId":"suophw1t5y552vi","operationId":"vx4x6sgglyciv7z"}
{"type":"operationEnd","operationId":"vx4x6sgglyciv7z","timestamp":1705350495984,"id":"cir5ahhqag71286","previousEventId":"h6rpthknmlf7gkq","previousOperationId":"ujnlsyeyfg2sn7n"}
{"type":"log","timestamp":1705350495984,"level":"debug","message":"Executing script orders-script (beforeRender)","meta":{"rootId":"is9sycf8yp536iy","id":"is9sycf8yp536iy"},"id":"pm4s0b6ravykecv","previousOperationId":"ujnlsyeyfg2sn7n"}
{"type":"operationStart","subtype":"script","name":"scripts orders-script","previousOperationId":"2hehn3tufxsz4fm","timestamp":1705350495996,"id":"zlcd9pit5uynzbt","previousEventId":"cir5ahhqag71286","operationId":"58yq3noiu9m92o7"}
{"type":"operationEnd","operationId":"58yq3noiu9m92o7","timestamp":1705350497387,"id":"aaqx49x2e15bybv","previousEventId":"cir5ahhqag71286","previousOperationId":"ujnlsyeyfg2sn7n"}
{"type":"operationEnd","operationId":"2hehn3tufxsz4fm","timestamp":1705350497387,"id":"k2k62g5jqqjepyr","previousEventId":"aaqx49x2e15bybv","previousOperationId":"ujnlsyeyfg2sn7n"}
{"type":"log","timestamp":1705350497387,"level":"debug","message":"Base url not specified, skipping its injection.","meta":{"rootId":"is9sycf8yp536iy","id":"is9sycf8yp536iy"},"id":"hs97ab69xezrd7d","previousOperationId":"2hehn3tufxsz4fm"}
{"type":"operationStart","subtype":"engine","name":"handlebars","timestamp":1705350497388,"id":"0ojv7ugbmlogf9l","previousEventId":"k2k62g5jqqjepyr","operationId":"0ynw16frtpsgqgc","previousOperationId":"2hehn3tufxsz4fm"}
{"type":"log","timestamp":1705350497388,"level":"debug","message":"Rendering engine handlebars","meta":{"rootId":"is9sycf8yp536iy","id":"is9sycf8yp536iy"},"id":"o86wfmz32xcm8nr","previousOperationId":"0ynw16frtpsgqgc"}
{"type":"operationEnd","operationId":"0ynw16frtpsgqgc","timestamp":1705350497588,"id":"dodboipa91tughl","previousEventId":"0ojv7ugbmlogf9l","previousOperationId":"0ynw16frtpsgqgc"}
{"type":"operationStart","subtype":"recipe","name":"chrome-pdf","timestamp":1705350497588,"id":"nlht6b52e25torp","previousEventId":"dodboipa91tughl","operationId":"xyv2qm6kj7863cj","previousOperationId":"0ynw16frtpsgqgc"}
{"type":"log","timestamp":1705350497588,"level":"debug","message":"Executing recipe chrome-pdf","meta":{"rootId":"is9sycf8yp536iy","id":"is9sycf8yp536iy"},"id":"1vfmvihuffcqe26","previousOperationId":"xyv2qm6kj7863cj"}
{"type":"log","timestamp":1705350498104,"level":"debug","message":"Converting with chrome HeadlessChrome/117.0.5938.149 using chrome-pool strategy","meta":{"rootId":"is9sycf8yp536iy","id":"is9sycf8yp536iy"},"id":"z92t0vxx6m4altg","previousOperationId":"xyv2qm6kj7863cj"}
{"type":"log","timestamp":1705350498210,"level":"debug","message":"Page request: GET (document) file:///tmp/jsreport/autocleanup/3d96321c-786c-4117-9c03-4e19a1208e28-chrome-pdf.html","meta":{"rootId":"is9sycf8yp536iy","id":"is9sycf8yp536iy"},"id":"dh877fq3mc6i4y7","previousOperationId":"xyv2qm6kj7863cj"}
{"type":"log","timestamp":1705350498229,"level":"debug","message":"Page request: GET (script) https://cdn.jsdelivr.net/npm/chart.js","meta":{"rootId":"is9sycf8yp536iy","id":"is9sycf8yp536iy"},"id":"7v7btgg8pqr11fl","previousOperationId":"xyv2qm6kj7863cj"}
{"type":"log","timestamp":1705350498230,"level":"debug","message":"Page request finished: GET (document) 200 file:///tmp/jsreport/autocleanup/3d96321c-786c-4117-9c03-4e19a1208e28-chrome-pdf.html","meta":{"rootId":"is9sycf8yp536iy","id":"is9sycf8yp536iy"},"id":"f98xsx4zvw9axjw","previousOperationId":"xyv2qm6kj7863cj"}
{"type":"log","timestamp":1705350498495,"level":"debug","message":"Page request finished: GET (script) 200 https://cdn.jsdelivr.net/npm/chart.js","meta":{"rootId":"is9sycf8yp536iy","id":"is9sycf8yp536iy"},"id":"lqdo5zsfot6p4eu","previousOperationId":"xyv2qm6kj7863cj"}
{"type":"log","timestamp":1705350498571,"level":"debug","message":"Running chrome with params {\"printBackground\":true,\"timeout\":58022,\"margin\":{}}","meta":{"rootId":"is9sycf8yp536iy","id":"is9sycf8yp536iy"},"id":"041t1aizasmwhv8","previousOperationId":"xyv2qm6kj7863cj"}
{"type":"operationEnd","operationId":"xyv2qm6kj7863cj","timestamp":1705350498648,"id":"yugwtdr7qbymef9","previousEventId":"nlht6b52e25torp","previousOperationId":"xyv2qm6kj7863cj"}
{"type":"log","timestamp":1705350498648,"level":"debug","message":"Skipping storing report.","meta":{"rootId":"is9sycf8yp536iy","id":"is9sycf8yp536iy"},"id":"ieholonskgqinu0","previousOperationId":"xyv2qm6kj7863cj"}
{"type":"log","timestamp":1705350498648,"level":"info","message":"Rendering request 1 finished in 2908 ms","meta":{"rootId":"is9sycf8yp536iy","id":"is9sycf8yp536iy"},"id":"uzmcfszx3w71h95","previousOperationId":"xyv2qm6kj7863cj"}
{"type":"operationEnd","subtype":"render","operationId":"ujnlsyeyfg2sn7n","timestamp":1705350498648,"id":"yep78zwjrd3nvvu","previousEventId":"yugwtdr7qbymef9","previousOperationId":"xyv2qm6kj7863cj"}
{"type":"operationEnd","doDiffs":false,"previousEventId":"30ey4l6gd0onr3j","previousOperationId":"x36qgtjtujk6npl","operationId":"x36qgtjtujk6npl","timestamp":1705350498651,"id":"wllw1lp0blklr7c"}
