{"type":"operationStart","subtype":"profile","data":{"_id":"Kw4LXJzstdT5EDce","timestamp":"2024-01-11T17:56:26.097Z","state":"queued","mode":"standard","creationDate":"2024-01-11T17:56:26.097Z","modificationDate":"2024-01-11T17:56:26.097Z","shortid":"RwwokGI","$entitySet":"profiles"},"doDiffs":false,"timestamp":1704995786097,"id":"1uv859njx54w7nc","previousOperationId":null,"operationId":"is08hf9fq23v87a"}
{"type":"log","level":"info","message":"Render request 25 queued for execution and waiting for available worker","previousOperationId":"is08hf9fq23v87a","timestamp":1704995786097,"id":"1eaxqzk6svllctl"}
{"type":"operationStart","subtype":"render","name":"User_project","previousOperationId":"is08hf9fq23v87a","timestamp":1704995786101,"id":"hh0o6b2i35ws0uu","previousEventId":"1uv859njx54w7nc","operationId":"38kbwp5pnz0vjgi"}
{"type":"log","timestamp":1704995786102,"level":"info","message":"Starting rendering request 25","meta":{"rootId":"iwyfv1fvdsj8w72","id":"iwyfv1fvdsj8w72"},"id":"faxr0iyiti5uouk","previousOperationId":"38kbwp5pnz0vjgi"}
{"type":"log","timestamp":1704995786102,"level":"info","message":"Rendering template { name: User_project, recipe: chrome-pdf, engine: handlebars, preview: true }","meta":{"rootId":"iwyfv1fvdsj8w72","id":"iwyfv1fvdsj8w72"},"id":"3mzkmdyqidy6z33","previousOperationId":"38kbwp5pnz0vjgi"}
{"type":"log","timestamp":1704995786102,"level":"debug","message":"Data item not defined for this template.","meta":{"rootId":"iwyfv1fvdsj8w72","id":"iwyfv1fvdsj8w72"},"id":"x29p3bvfye6l8cg","previousOperationId":"38kbwp5pnz0vjgi"}
{"type":"log","timestamp":1704995786103,"level":"debug","message":"Executing script usabi-data (beforeRender)","meta":{"rootId":"iwyfv1fvdsj8w72","id":"iwyfv1fvdsj8w72"},"id":"5m3kt0bwlv6gh56","previousOperationId":"38kbwp5pnz0vjgi"}
{"type":"operationStart","subtype":"scriptsBeforeRender","name":"scripts beforeRender","timestamp":1704995786108,"id":"vsfvw0buvsbonuw","previousEventId":"hh0o6b2i35ws0uu","operationId":"t5jho9eemz10xn8","previousOperationId":"38kbwp5pnz0vjgi"}
{"type":"operationStart","subtype":"script","name":"scripts usabi-data","previousOperationId":"t5jho9eemz10xn8","timestamp":1704995786108,"id":"j9cwxq3wfae91id","previousEventId":"vsfvw0buvsbonuw","operationId":"3i9sdvc6tltrwqi"}
{"type":"operationEnd","operationId":"3i9sdvc6tltrwqi","timestamp":1704995786126,"id":"1hcqlt6vvekujts","previousEventId":"hh0o6b2i35ws0uu","previousOperationId":"38kbwp5pnz0vjgi"}
{"type":"log","timestamp":1704995786126,"level":"debug","message":"Executing script orders-script (beforeRender)","meta":{"rootId":"iwyfv1fvdsj8w72","id":"iwyfv1fvdsj8w72"},"id":"n2vvtymu84alfh4","previousOperationId":"38kbwp5pnz0vjgi"}
{"type":"operationStart","subtype":"script","name":"scripts orders-script","previousOperationId":"t5jho9eemz10xn8","timestamp":1704995786130,"id":"n7zd72xhmmx9q3f","previousEventId":"1hcqlt6vvekujts","operationId":"wt5kv61ae6m71or"}
{"type":"operationEnd","operationId":"wt5kv61ae6m71or","timestamp":1704995787410,"id":"mpa1fi4ml37dn19","previousEventId":"1hcqlt6vvekujts","previousOperationId":"38kbwp5pnz0vjgi"}
{"type":"operationEnd","operationId":"t5jho9eemz10xn8","timestamp":1704995787410,"id":"dlr1l5gkivks6wl","previousEventId":"mpa1fi4ml37dn19","previousOperationId":"38kbwp5pnz0vjgi"}
{"type":"log","timestamp":1704995787410,"level":"debug","message":"Base url not specified, skipping its injection.","meta":{"rootId":"iwyfv1fvdsj8w72","id":"iwyfv1fvdsj8w72"},"id":"rgd3gqxn6v595ft","previousOperationId":"t5jho9eemz10xn8"}
{"type":"operationStart","subtype":"engine","name":"handlebars","timestamp":1704995787410,"id":"cspjk5owby3i9qa","previousEventId":"dlr1l5gkivks6wl","operationId":"anrq8igwjppn1to","previousOperationId":"t5jho9eemz10xn8"}
{"type":"log","timestamp":1704995787410,"level":"debug","message":"Rendering engine handlebars","meta":{"rootId":"iwyfv1fvdsj8w72","id":"iwyfv1fvdsj8w72"},"id":"m48r0kua73q44qe","previousOperationId":"anrq8igwjppn1to"}
{"type":"operationEnd","operationId":"anrq8igwjppn1to","timestamp":1704995787460,"id":"rpbu2v20c2xl7m1","previousEventId":"cspjk5owby3i9qa","previousOperationId":"anrq8igwjppn1to"}
{"type":"operationStart","subtype":"recipe","name":"chrome-pdf","timestamp":1704995787460,"id":"gn5zz37bk2sissi","previousEventId":"rpbu2v20c2xl7m1","operationId":"ksmg48ul9rpyi0i","previousOperationId":"anrq8igwjppn1to"}
{"type":"log","timestamp":1704995787460,"level":"debug","message":"Executing recipe chrome-pdf","meta":{"rootId":"iwyfv1fvdsj8w72","id":"iwyfv1fvdsj8w72"},"id":"6qlydzd8i9710kg","previousOperationId":"ksmg48ul9rpyi0i"}
{"type":"log","timestamp":1704995787481,"level":"debug","message":"Converting with chrome HeadlessChrome/117.0.5938.149 using chrome-pool strategy","meta":{"rootId":"iwyfv1fvdsj8w72","id":"iwyfv1fvdsj8w72"},"id":"zjz1wvvec9pykmd","previousOperationId":"ksmg48ul9rpyi0i"}
{"type":"log","timestamp":1704995787523,"level":"debug","message":"Page request: GET (document) file:///tmp/jsreport/autocleanup/22c8e53e-e741-468a-b357-22a8027c1ccc-chrome-pdf.html","meta":{"rootId":"iwyfv1fvdsj8w72","id":"iwyfv1fvdsj8w72"},"id":"q3hbi2ffkekznyf","previousOperationId":"ksmg48ul9rpyi0i"}
{"type":"log","timestamp":1704995787530,"level":"debug","message":"Page request: GET (script) https://cdn.jsdelivr.net/npm/chart.js","meta":{"rootId":"iwyfv1fvdsj8w72","id":"iwyfv1fvdsj8w72"},"id":"pya3wzjlwduv4dc","previousOperationId":"ksmg48ul9rpyi0i"}
{"type":"log","timestamp":1704995787530,"level":"debug","message":"Page request finished: GET (document) 200 file:///tmp/jsreport/autocleanup/22c8e53e-e741-468a-b357-22a8027c1ccc-chrome-pdf.html","meta":{"rootId":"iwyfv1fvdsj8w72","id":"iwyfv1fvdsj8w72"},"id":"9zg7kl3i6qgbqlo","previousOperationId":"ksmg48ul9rpyi0i"}
{"type":"log","timestamp":1704995787535,"level":"debug","message":"Page request finished: GET (script) 200 https://cdn.jsdelivr.net/npm/chart.js","meta":{"rootId":"iwyfv1fvdsj8w72","id":"iwyfv1fvdsj8w72"},"id":"eoxchggduw3ocmv","previousOperationId":"ksmg48ul9rpyi0i"}
{"type":"log","timestamp":1704995787537,"level":"warn","message":"Page error: Unexpected identifier 'Object' , stack: SyntaxError: Unexpected identifier 'Object'","meta":{"rootId":"iwyfv1fvdsj8w72","id":"iwyfv1fvdsj8w72"},"id":"cbel8rozb50prkj","previousOperationId":"ksmg48ul9rpyi0i"}
{"type":"log","timestamp":1704995787541,"level":"debug","message":"Running chrome with params {\"printBackground\":true,\"timeout\":58636,\"margin\":{}}","meta":{"rootId":"iwyfv1fvdsj8w72","id":"iwyfv1fvdsj8w72"},"id":"sfwxglngd2118di","previousOperationId":"ksmg48ul9rpyi0i"}
{"type":"operationEnd","operationId":"ksmg48ul9rpyi0i","timestamp":1704995787551,"id":"elbgdeez4bd0uoj","previousEventId":"gn5zz37bk2sissi","previousOperationId":"ksmg48ul9rpyi0i"}
{"type":"log","timestamp":1704995787551,"level":"debug","message":"Skipping storing report.","meta":{"rootId":"iwyfv1fvdsj8w72","id":"iwyfv1fvdsj8w72"},"id":"s0meh5k8ebkducf","previousOperationId":"ksmg48ul9rpyi0i"}
{"type":"log","timestamp":1704995787551,"level":"info","message":"Rendering request 25 finished in 1454 ms","meta":{"rootId":"iwyfv1fvdsj8w72","id":"iwyfv1fvdsj8w72"},"id":"x5y450dtq9vwk16","previousOperationId":"ksmg48ul9rpyi0i"}
{"type":"operationEnd","subtype":"render","operationId":"38kbwp5pnz0vjgi","timestamp":1704995787551,"id":"8anrfqa4z01bbpg","previousEventId":"elbgdeez4bd0uoj","previousOperationId":"ksmg48ul9rpyi0i"}
{"type":"operationEnd","doDiffs":false,"previousEventId":"1uv859njx54w7nc","previousOperationId":"is08hf9fq23v87a","operationId":"is08hf9fq23v87a","timestamp":1704995787555,"id":"lt1l4x8crblervz"}
