{"type":"operationStart","subtype":"profile","data":{"_id":"cqQgvzN9Z66XWVbG","timestamp":"2024-01-11T16:53:04.466Z","state":"queued","mode":"standard","creationDate":"2024-01-11T16:53:04.467Z","modificationDate":"2024-01-11T16:53:04.467Z","shortid":"-0th1o6","$entitySet":"profiles"},"doDiffs":false,"timestamp":1704991984466,"id":"e8yb070ev84mktd","previousOperationId":null,"operationId":"c8lxm7dyr5571s7"}
{"type":"log","level":"info","message":"Render request 94 queued for execution and waiting for available worker","previousOperationId":"c8lxm7dyr5571s7","timestamp":1704991984466,"id":"t9e5k4vrpgi1k0a"}
{"type":"operationStart","subtype":"render","name":"User_project","previousOperationId":"c8lxm7dyr5571s7","timestamp":1704991984471,"id":"snxlinj89isto4h","previousEventId":"e8yb070ev84mktd","operationId":"uks9r0f0earxlp0"}
{"type":"log","timestamp":1704991984471,"level":"info","message":"Starting rendering request 94","meta":{"rootId":"ixs847quhggvu8a","id":"ixs847quhggvu8a"},"id":"aycrps8x277ny9w","previousOperationId":"uks9r0f0earxlp0"}
{"type":"log","timestamp":1704991984471,"level":"info","message":"Rendering template { name: User_project, recipe: chrome-pdf, engine: handlebars, preview: true }","meta":{"rootId":"ixs847quhggvu8a","id":"ixs847quhggvu8a"},"id":"067g7xv72qxx6gz","previousOperationId":"uks9r0f0earxlp0"}
{"type":"log","timestamp":1704991984471,"level":"debug","message":"Data item not defined for this template.","meta":{"rootId":"ixs847quhggvu8a","id":"ixs847quhggvu8a"},"id":"6th6ldx0wffh7ja","previousOperationId":"uks9r0f0earxlp0"}
{"type":"log","timestamp":1704991984473,"level":"debug","message":"Executing script usabi-data (beforeRender)","meta":{"rootId":"ixs847quhggvu8a","id":"ixs847quhggvu8a"},"id":"cmvhp7x7xkvn77s","previousOperationId":"uks9r0f0earxlp0"}
{"type":"operationStart","subtype":"scriptsBeforeRender","name":"scripts beforeRender","timestamp":1704991984476,"id":"l5usl3ce2836bvo","previousEventId":"snxlinj89isto4h","operationId":"vx6etqh4xkd4qyf","previousOperationId":"uks9r0f0earxlp0"}
{"type":"operationStart","subtype":"script","name":"scripts usabi-data","previousOperationId":"vx6etqh4xkd4qyf","timestamp":1704991984476,"id":"l8wbm8cni4p34u0","previousEventId":"l5usl3ce2836bvo","operationId":"bbwr9htb52qxohc"}
{"type":"operationEnd","operationId":"bbwr9htb52qxohc","timestamp":1704991984487,"id":"n965bl7p1aswaqr","previousEventId":"snxlinj89isto4h","previousOperationId":"uks9r0f0earxlp0"}
{"type":"log","timestamp":1704991984487,"level":"debug","message":"Executing script orders-script (beforeRender)","meta":{"rootId":"ixs847quhggvu8a","id":"ixs847quhggvu8a"},"id":"0nhnvpjpw24ushk","previousOperationId":"uks9r0f0earxlp0"}
{"type":"operationStart","subtype":"script","name":"scripts orders-script","previousOperationId":"vx6etqh4xkd4qyf","timestamp":1704991984491,"id":"itycv19uza93sa4","previousEventId":"n965bl7p1aswaqr","operationId":"q3kiksaeq500ns5"}
{"type":"operationEnd","operationId":"q3kiksaeq500ns5","timestamp":1704991986403,"id":"ymexspauwxqel8e","previousEventId":"n965bl7p1aswaqr","previousOperationId":"uks9r0f0earxlp0"}
{"type":"operationEnd","operationId":"vx6etqh4xkd4qyf","timestamp":1704991986403,"id":"yx1si3tfeiwaujt","previousEventId":"ymexspauwxqel8e","previousOperationId":"uks9r0f0earxlp0"}
{"type":"log","timestamp":1704991986403,"level":"debug","message":"Base url not specified, skipping its injection.","meta":{"rootId":"ixs847quhggvu8a","id":"ixs847quhggvu8a"},"id":"po6eqas2g1m1lnt","previousOperationId":"vx6etqh4xkd4qyf"}
{"type":"operationStart","subtype":"engine","name":"handlebars","timestamp":1704991986403,"id":"etdc99xdjq1uw66","previousEventId":"yx1si3tfeiwaujt","operationId":"wsrj9o5aipook3p","previousOperationId":"vx6etqh4xkd4qyf"}
{"type":"log","timestamp":1704991986403,"level":"debug","message":"Rendering engine handlebars","meta":{"rootId":"ixs847quhggvu8a","id":"ixs847quhggvu8a"},"id":"no8tiame3q55ehf","previousOperationId":"wsrj9o5aipook3p"}
{"type":"operationEnd","operationId":"wsrj9o5aipook3p","timestamp":1704991986410,"id":"f4r2m8nkbw2ds9k","previousEventId":"etdc99xdjq1uw66","previousOperationId":"wsrj9o5aipook3p"}
{"type":"operationStart","subtype":"recipe","name":"chrome-pdf","timestamp":1704991986410,"id":"cgjsk3r641ep477","previousEventId":"f4r2m8nkbw2ds9k","operationId":"qd98ph1icig5jie","previousOperationId":"wsrj9o5aipook3p"}
{"type":"log","timestamp":1704991986410,"level":"debug","message":"Executing recipe chrome-pdf","meta":{"rootId":"ixs847quhggvu8a","id":"ixs847quhggvu8a"},"id":"11od2p7yytjmxie","previousOperationId":"qd98ph1icig5jie"}
{"type":"log","timestamp":1704991986411,"level":"debug","message":"Converting with chrome HeadlessChrome/117.0.5938.149 using chrome-pool strategy","meta":{"rootId":"ixs847quhggvu8a","id":"ixs847quhggvu8a"},"id":"s1setl9v682j5hh","previousOperationId":"qd98ph1icig5jie"}
{"type":"log","timestamp":1704991986441,"level":"debug","message":"Page request: GET (document) file:///tmp/jsreport/autocleanup/92cb8449-3e1f-4087-9193-7c709f856476-chrome-pdf.html","meta":{"rootId":"ixs847quhggvu8a","id":"ixs847quhggvu8a"},"id":"0a1v1m9ejd2lnqb","previousOperationId":"qd98ph1icig5jie"}
{"type":"log","timestamp":1704991986448,"level":"debug","message":"Page request finished: GET (document) 200 file:///tmp/jsreport/autocleanup/92cb8449-3e1f-4087-9193-7c709f856476-chrome-pdf.html","meta":{"rootId":"ixs847quhggvu8a","id":"ixs847quhggvu8a"},"id":"ywfbf1aiv333x8y","previousOperationId":"qd98ph1icig5jie"}
{"type":"log","timestamp":1704991986452,"level":"debug","message":"Running chrome with params {\"printBackground\":true,\"timeout\":58056,\"margin\":{}}","meta":{"rootId":"ixs847quhggvu8a","id":"ixs847quhggvu8a"},"id":"9wxe3m3iioq9t6y","previousOperationId":"qd98ph1icig5jie"}
{"type":"operationEnd","operationId":"qd98ph1icig5jie","timestamp":1704991986463,"id":"v89wfkc5dc4n07g","previousEventId":"cgjsk3r641ep477","previousOperationId":"qd98ph1icig5jie"}
{"type":"log","timestamp":1704991986463,"level":"debug","message":"Skipping storing report.","meta":{"rootId":"ixs847quhggvu8a","id":"ixs847quhggvu8a"},"id":"xa0uomfkus94w00","previousOperationId":"qd98ph1icig5jie"}
{"type":"log","timestamp":1704991986463,"level":"info","message":"Rendering request 94 finished in 1997 ms","meta":{"rootId":"ixs847quhggvu8a","id":"ixs847quhggvu8a"},"id":"cwx9pn3zqwsiasb","previousOperationId":"qd98ph1icig5jie"}
{"type":"operationEnd","subtype":"render","operationId":"uks9r0f0earxlp0","timestamp":1704991986463,"id":"jd2sovb5plwayli","previousEventId":"v89wfkc5dc4n07g","previousOperationId":"qd98ph1icig5jie"}
{"type":"operationEnd","doDiffs":false,"previousEventId":"e8yb070ev84mktd","previousOperationId":"c8lxm7dyr5571s7","operationId":"c8lxm7dyr5571s7","timestamp":1704991986466,"id":"qvlhxc3ig90x4o5"}
