{"type":"operationStart","subtype":"profile","data":{"_id":"bJIvBEsy2fZdAbBp","timestamp":"2024-01-11T16:50:27.802Z","state":"queued","mode":"standard","creationDate":"2024-01-11T16:50:27.804Z","modificationDate":"2024-01-11T16:50:27.804Z","shortid":"Wy4IGRi","$entitySet":"profiles"},"doDiffs":false,"timestamp":1704991827803,"id":"jp7rib6k98dqwfw","previousOperationId":null,"operationId":"kl0i8errx3sw0bj"}
{"type":"log","level":"info","message":"Render request 92 queued for execution and waiting for available worker","previousOperationId":"kl0i8errx3sw0bj","timestamp":1704991827803,"id":"z47j943s88l52kt"}
{"type":"operationStart","subtype":"render","name":"User_project","previousOperationId":"kl0i8errx3sw0bj","timestamp":1704991827808,"id":"jhn75lpffsbhnjh","previousEventId":"jp7rib6k98dqwfw","operationId":"q4mbo3pg4pqmcza"}
{"type":"log","timestamp":1704991827809,"level":"info","message":"Starting rendering request 92","meta":{"rootId":"jgge4lbqx9y0lxn","id":"jgge4lbqx9y0lxn"},"id":"fhnr788mzi43hsn","previousOperationId":"q4mbo3pg4pqmcza"}
{"type":"log","timestamp":1704991827809,"level":"info","message":"Rendering template { name: User_project, recipe: chrome-pdf, engine: handlebars, preview: true }","meta":{"rootId":"jgge4lbqx9y0lxn","id":"jgge4lbqx9y0lxn"},"id":"2gogmb84ipmefbf","previousOperationId":"q4mbo3pg4pqmcza"}
{"type":"log","timestamp":1704991827810,"level":"debug","message":"Data item not defined for this template.","meta":{"rootId":"jgge4lbqx9y0lxn","id":"jgge4lbqx9y0lxn"},"id":"yyln61zl6dpw1cm","previousOperationId":"q4mbo3pg4pqmcza"}
{"type":"log","timestamp":1704991827813,"level":"debug","message":"Executing script usabi-data (beforeRender)","meta":{"rootId":"jgge4lbqx9y0lxn","id":"jgge4lbqx9y0lxn"},"id":"7nzp78p9s501514","previousOperationId":"q4mbo3pg4pqmcza"}
{"type":"operationStart","subtype":"scriptsBeforeRender","name":"scripts beforeRender","timestamp":1704991827815,"id":"ka06znnejxqyuo0","previousEventId":"jhn75lpffsbhnjh","operationId":"qa2uiv1c1skgeu0","previousOperationId":"q4mbo3pg4pqmcza"}
{"type":"operationStart","subtype":"script","name":"scripts usabi-data","previousOperationId":"qa2uiv1c1skgeu0","timestamp":1704991827815,"id":"e62s57675x68kk9","previousEventId":"ka06znnejxqyuo0","operationId":"f9jjf62cq6hngko"}
{"type":"operationEnd","operationId":"f9jjf62cq6hngko","timestamp":1704991827830,"id":"w8yud8pec3ymeg8","previousEventId":"jhn75lpffsbhnjh","previousOperationId":"q4mbo3pg4pqmcza"}
{"type":"operationEnd","operationId":"qa2uiv1c1skgeu0","timestamp":1704991827830,"id":"80xony3u1cyqqdk","previousEventId":"w8yud8pec3ymeg8","previousOperationId":"q4mbo3pg4pqmcza"}
{"type":"log","timestamp":1704991827830,"level":"debug","message":"Base url not specified, skipping its injection.","meta":{"rootId":"jgge4lbqx9y0lxn","id":"jgge4lbqx9y0lxn"},"id":"i4d82yiqds7gv36","previousOperationId":"qa2uiv1c1skgeu0"}
{"type":"operationStart","subtype":"engine","name":"handlebars","timestamp":1704991827830,"id":"no17skrldf9j6gh","previousEventId":"80xony3u1cyqqdk","operationId":"zbcsonecfaxjkfz","previousOperationId":"qa2uiv1c1skgeu0"}
{"type":"log","timestamp":1704991827830,"level":"debug","message":"Rendering engine handlebars","meta":{"rootId":"jgge4lbqx9y0lxn","id":"jgge4lbqx9y0lxn"},"id":"xomuyxn9f16ullz","previousOperationId":"zbcsonecfaxjkfz"}
{"type":"operationEnd","operationId":"zbcsonecfaxjkfz","timestamp":1704991827840,"id":"0qx38frv5x1cqan","previousEventId":"no17skrldf9j6gh","previousOperationId":"zbcsonecfaxjkfz"}
{"type":"operationStart","subtype":"recipe","name":"chrome-pdf","timestamp":1704991827841,"id":"zfzj6uong1yyo3i","previousEventId":"0qx38frv5x1cqan","operationId":"u4jwc72avfxp9ad","previousOperationId":"zbcsonecfaxjkfz"}
{"type":"log","timestamp":1704991827841,"level":"debug","message":"Executing recipe chrome-pdf","meta":{"rootId":"jgge4lbqx9y0lxn","id":"jgge4lbqx9y0lxn"},"id":"acr9m23n6jjxf0g","previousOperationId":"u4jwc72avfxp9ad"}
{"type":"log","timestamp":1704991827868,"level":"debug","message":"Converting with chrome HeadlessChrome/117.0.5938.149 using chrome-pool strategy","meta":{"rootId":"jgge4lbqx9y0lxn","id":"jgge4lbqx9y0lxn"},"id":"5yu9gbjmytbnt95","previousOperationId":"u4jwc72avfxp9ad"}
{"type":"log","timestamp":1704991827901,"level":"debug","message":"Page request: GET (document) file:///tmp/jsreport/autocleanup/a4ad1cbe-c97f-4130-9b8f-ab1f8b5601d5-chrome-pdf.html","meta":{"rootId":"jgge4lbqx9y0lxn","id":"jgge4lbqx9y0lxn"},"id":"5r2b929yeizvxj6","previousOperationId":"u4jwc72avfxp9ad"}
{"type":"log","timestamp":1704991827908,"level":"debug","message":"Page request: GET (script) https://cdn.jsdelivr.net/npm/chart.js","meta":{"rootId":"jgge4lbqx9y0lxn","id":"jgge4lbqx9y0lxn"},"id":"tk5grtp0lcncy6o","previousOperationId":"u4jwc72avfxp9ad"}
{"type":"log","timestamp":1704991827908,"level":"debug","message":"Page request finished: GET (document) 200 file:///tmp/jsreport/autocleanup/a4ad1cbe-c97f-4130-9b8f-ab1f8b5601d5-chrome-pdf.html","meta":{"rootId":"jgge4lbqx9y0lxn","id":"jgge4lbqx9y0lxn"},"id":"ngxu2whlx4mmkdo","previousOperationId":"u4jwc72avfxp9ad"}
{"type":"log","timestamp":1704991827911,"level":"debug","message":"Page request finished: GET (script) 200 https://cdn.jsdelivr.net/npm/chart.js","meta":{"rootId":"jgge4lbqx9y0lxn","id":"jgge4lbqx9y0lxn"},"id":"xvcvhi004djsamo","previousOperationId":"u4jwc72avfxp9ad"}
{"type":"log","timestamp":1704991827916,"level":"warn","message":"Page error: Unexpected token ';' , stack: SyntaxError: Unexpected token ';'","meta":{"rootId":"jgge4lbqx9y0lxn","id":"jgge4lbqx9y0lxn"},"id":"02gv01su8i358c8","previousOperationId":"u4jwc72avfxp9ad"}
{"type":"log","timestamp":1704991827918,"level":"debug","message":"Running chrome with params {\"printBackground\":true,\"timeout\":59957,\"margin\":{}}","meta":{"rootId":"jgge4lbqx9y0lxn","id":"jgge4lbqx9y0lxn"},"id":"1wq0lbvqeassfyl","previousOperationId":"u4jwc72avfxp9ad"}
{"type":"operationEnd","operationId":"u4jwc72avfxp9ad","timestamp":1704991827926,"id":"23a4769wp8unhd0","previousEventId":"zfzj6uong1yyo3i","previousOperationId":"u4jwc72avfxp9ad"}
{"type":"log","timestamp":1704991827926,"level":"debug","message":"Skipping storing report.","meta":{"rootId":"jgge4lbqx9y0lxn","id":"jgge4lbqx9y0lxn"},"id":"fvivchp11uq08o8","previousOperationId":"u4jwc72avfxp9ad"}
{"type":"log","timestamp":1704991827926,"level":"info","message":"Rendering request 92 finished in 125 ms","meta":{"rootId":"jgge4lbqx9y0lxn","id":"jgge4lbqx9y0lxn"},"id":"w2fqnociinrpkdh","previousOperationId":"u4jwc72avfxp9ad"}
{"type":"operationEnd","subtype":"render","operationId":"q4mbo3pg4pqmcza","timestamp":1704991827926,"id":"z3uo1ti6bl8dauy","previousEventId":"23a4769wp8unhd0","previousOperationId":"u4jwc72avfxp9ad"}
{"type":"operationEnd","doDiffs":false,"previousEventId":"jp7rib6k98dqwfw","previousOperationId":"kl0i8errx3sw0bj","operationId":"kl0i8errx3sw0bj","timestamp":1704991827929,"id":"w9neek217n0u82p"}
