{"type":"operationStart","subtype":"profile","data":{"_id":"UG9DUZVPk5Iihwvw","timestamp":"2024-01-11T18:45:55.267Z","state":"queued","mode":"standard","creationDate":"2024-01-11T18:45:55.267Z","modificationDate":"2024-01-11T18:45:55.267Z","shortid":"lEMrdkq","$entitySet":"profiles"},"doDiffs":false,"timestamp":1704998755267,"id":"29ymso3r3q402yi","previousOperationId":null,"operationId":"aaahmq1bntt6jgf"}
{"type":"log","level":"info","message":"Render request 38 queued for execution and waiting for available worker","previousOperationId":"aaahmq1bntt6jgf","timestamp":1704998755267,"id":"yf609s7u25i0wa0"}
{"type":"operationStart","subtype":"render","name":"User_project","previousOperationId":"aaahmq1bntt6jgf","timestamp":1704998755272,"id":"7tqshnb1x677axd","previousEventId":"29ymso3r3q402yi","operationId":"8cac3xzk15er2f7"}
{"type":"log","timestamp":1704998755272,"level":"info","message":"Starting rendering request 38","meta":{"rootId":"jhx8x4yu7pgg4ke","id":"jhx8x4yu7pgg4ke"},"id":"hv26vyfxf46gp5z","previousOperationId":"8cac3xzk15er2f7"}
{"type":"log","timestamp":1704998755272,"level":"info","message":"Rendering template { name: User_project, recipe: chrome-pdf, engine: handlebars, preview: true }","meta":{"rootId":"jhx8x4yu7pgg4ke","id":"jhx8x4yu7pgg4ke"},"id":"jh7ewecqjgjja3y","previousOperationId":"8cac3xzk15er2f7"}
{"type":"log","timestamp":1704998755273,"level":"debug","message":"Data item not defined for this template.","meta":{"rootId":"jhx8x4yu7pgg4ke","id":"jhx8x4yu7pgg4ke"},"id":"2to2cu5mtkm3gta","previousOperationId":"8cac3xzk15er2f7"}
{"type":"log","timestamp":1704998755274,"level":"debug","message":"Executing script usabi-data (beforeRender)","meta":{"rootId":"jhx8x4yu7pgg4ke","id":"jhx8x4yu7pgg4ke"},"id":"ojhuwuehq15l93l","previousOperationId":"8cac3xzk15er2f7"}
{"type":"operationStart","subtype":"scriptsBeforeRender","name":"scripts beforeRender","timestamp":1704998755278,"id":"djzzkfktobm7vlp","previousEventId":"7tqshnb1x677axd","operationId":"2hytdthhm1ln8n2","previousOperationId":"8cac3xzk15er2f7"}
{"type":"operationStart","subtype":"script","name":"scripts usabi-data","previousOperationId":"2hytdthhm1ln8n2","timestamp":1704998755278,"id":"58xowfg9sz17d3d","previousEventId":"djzzkfktobm7vlp","operationId":"hz3bc8qr5qu5bkh"}
{"type":"operationEnd","operationId":"hz3bc8qr5qu5bkh","timestamp":1704998755305,"id":"6nqxvi46gtu98ee","previousEventId":"7tqshnb1x677axd","previousOperationId":"8cac3xzk15er2f7"}
{"type":"log","timestamp":1704998755305,"level":"debug","message":"Executing script orders-script (beforeRender)","meta":{"rootId":"jhx8x4yu7pgg4ke","id":"jhx8x4yu7pgg4ke"},"id":"wdcf8f6opstge3f","previousOperationId":"8cac3xzk15er2f7"}
{"type":"operationStart","subtype":"script","name":"scripts orders-script","previousOperationId":"2hytdthhm1ln8n2","timestamp":1704998755309,"id":"y87ohheftiavggr","previousEventId":"6nqxvi46gtu98ee","operationId":"izraw1a9446gb28"}
{"type":"operationEnd","operationId":"izraw1a9446gb28","timestamp":1704998756624,"id":"sdmx24fngqlc456","previousEventId":"6nqxvi46gtu98ee","previousOperationId":"8cac3xzk15er2f7"}
{"type":"operationEnd","operationId":"2hytdthhm1ln8n2","timestamp":1704998756624,"id":"e4q0gnj5rqg5bel","previousEventId":"sdmx24fngqlc456","previousOperationId":"8cac3xzk15er2f7"}
{"type":"log","timestamp":1704998756624,"level":"debug","message":"Base url not specified, skipping its injection.","meta":{"rootId":"jhx8x4yu7pgg4ke","id":"jhx8x4yu7pgg4ke"},"id":"y2ffkl3s4n0jdzc","previousOperationId":"2hytdthhm1ln8n2"}
{"type":"operationStart","subtype":"engine","name":"handlebars","timestamp":1704998756624,"id":"accvuhwah9iqehh","previousEventId":"e4q0gnj5rqg5bel","operationId":"epqvbtd8wsdqr69","previousOperationId":"2hytdthhm1ln8n2"}
{"type":"log","timestamp":1704998756624,"level":"debug","message":"Rendering engine handlebars","meta":{"rootId":"jhx8x4yu7pgg4ke","id":"jhx8x4yu7pgg4ke"},"id":"psz3c7hwe5l17g6","previousOperationId":"epqvbtd8wsdqr69"}
{"type":"operationEnd","operationId":"epqvbtd8wsdqr69","timestamp":1704998756631,"id":"9403r53hoy6p4d8","previousEventId":"accvuhwah9iqehh","previousOperationId":"epqvbtd8wsdqr69"}
{"type":"operationStart","subtype":"recipe","name":"chrome-pdf","timestamp":1704998756631,"id":"6hs3fj7ffh6avzc","previousEventId":"9403r53hoy6p4d8","operationId":"euxpvr0v4495exa","previousOperationId":"epqvbtd8wsdqr69"}
{"type":"log","timestamp":1704998756631,"level":"debug","message":"Executing recipe chrome-pdf","meta":{"rootId":"jhx8x4yu7pgg4ke","id":"jhx8x4yu7pgg4ke"},"id":"94l0unzad25j6i8","previousOperationId":"euxpvr0v4495exa"}
{"type":"log","timestamp":1704998756632,"level":"debug","message":"Converting with chrome HeadlessChrome/117.0.5938.149 using chrome-pool strategy","meta":{"rootId":"jhx8x4yu7pgg4ke","id":"jhx8x4yu7pgg4ke"},"id":"8rssliq6464yuuv","previousOperationId":"euxpvr0v4495exa"}
{"type":"log","timestamp":1704998756662,"level":"debug","message":"Page request: GET (document) file:///tmp/jsreport/autocleanup/c20b3070-9e53-4278-a6d3-2b06ccae2179-chrome-pdf.html","meta":{"rootId":"jhx8x4yu7pgg4ke","id":"jhx8x4yu7pgg4ke"},"id":"a975jnu92ztiw9x","previousOperationId":"euxpvr0v4495exa"}
{"type":"log","timestamp":1704998756668,"level":"debug","message":"Page request: GET (script) https://cdn.jsdelivr.net/npm/chart.js","meta":{"rootId":"jhx8x4yu7pgg4ke","id":"jhx8x4yu7pgg4ke"},"id":"tw82q8b2o2on705","previousOperationId":"euxpvr0v4495exa"}
{"type":"log","timestamp":1704998756668,"level":"debug","message":"Page request finished: GET (document) 200 file:///tmp/jsreport/autocleanup/c20b3070-9e53-4278-a6d3-2b06ccae2179-chrome-pdf.html","meta":{"rootId":"jhx8x4yu7pgg4ke","id":"jhx8x4yu7pgg4ke"},"id":"hwudqlspacmk8fz","previousOperationId":"euxpvr0v4495exa"}
{"type":"log","timestamp":1704998756671,"level":"debug","message":"Page request finished: GET (script) 200 https://cdn.jsdelivr.net/npm/chart.js","meta":{"rootId":"jhx8x4yu7pgg4ke","id":"jhx8x4yu7pgg4ke"},"id":"ju6x6cpyf8j8ov9","previousOperationId":"euxpvr0v4495exa"}
{"type":"log","timestamp":1704998756710,"level":"debug","message":"Running chrome with params {\"printBackground\":true,\"timeout\":58635,\"margin\":{}}","meta":{"rootId":"jhx8x4yu7pgg4ke","id":"jhx8x4yu7pgg4ke"},"id":"rfesz85th0caery","previousOperationId":"euxpvr0v4495exa"}
{"type":"operationEnd","operationId":"euxpvr0v4495exa","timestamp":1704998756761,"id":"id22fjkdzic1crh","previousEventId":"6hs3fj7ffh6avzc","previousOperationId":"euxpvr0v4495exa"}
{"type":"log","timestamp":1704998756761,"level":"debug","message":"Skipping storing report.","meta":{"rootId":"jhx8x4yu7pgg4ke","id":"jhx8x4yu7pgg4ke"},"id":"7q6a8aok9eo58yx","previousOperationId":"euxpvr0v4495exa"}
{"type":"log","timestamp":1704998756761,"level":"info","message":"Rendering request 38 finished in 1495 ms","meta":{"rootId":"jhx8x4yu7pgg4ke","id":"jhx8x4yu7pgg4ke"},"id":"1nhdeg6dxco2lzg","previousOperationId":"euxpvr0v4495exa"}
{"type":"operationEnd","subtype":"render","operationId":"8cac3xzk15er2f7","timestamp":1704998756761,"id":"zo1wu1zqw26yf34","previousEventId":"id22fjkdzic1crh","previousOperationId":"euxpvr0v4495exa"}
{"type":"operationEnd","doDiffs":false,"previousEventId":"29ymso3r3q402yi","previousOperationId":"aaahmq1bntt6jgf","operationId":"aaahmq1bntt6jgf","timestamp":1704998756763,"id":"gqoy9m6wza6frqb"}
