{"type":"operationStart","subtype":"profile","data":{"_id":"rmoQrsJ0PazRwRZI","timestamp":"2024-01-10T20:35:01.381Z","state":"queued","mode":"standard","creationDate":"2024-01-10T20:35:01.382Z","modificationDate":"2024-01-10T20:35:01.382Z","shortid":"-Bmg3ni","$entitySet":"profiles"},"doDiffs":false,"timestamp":1704918901382,"id":"s8170nkahow4qnq","previousOperationId":null,"operationId":"rzx1q1pttvl3x7z"}
{"type":"log","level":"info","message":"Render request 23 queued for execution and waiting for available worker","previousOperationId":"rzx1q1pttvl3x7z","timestamp":1704918901382,"id":"dta965qehqtyftl"}
{"type":"operationStart","subtype":"render","name":"User_project","previousOperationId":"rzx1q1pttvl3x7z","timestamp":1704918901385,"id":"33re5rs2zg3ce1t","previousEventId":"s8170nkahow4qnq","operationId":"qe1x0e9twrjia0q"}
{"type":"log","timestamp":1704918901385,"level":"info","message":"Starting rendering request 23","meta":{"rootId":"jkr848zzk66y5fw","id":"jkr848zzk66y5fw"},"id":"omju8v7i3amlt0e","previousOperationId":"qe1x0e9twrjia0q"}
{"type":"log","timestamp":1704918901386,"level":"info","message":"Rendering template { name: User_project, recipe: chrome-pdf, engine: handlebars, preview: true }","meta":{"rootId":"jkr848zzk66y5fw","id":"jkr848zzk66y5fw"},"id":"gjtijtt9p3o9qy2","previousOperationId":"qe1x0e9twrjia0q"}
{"type":"log","timestamp":1704918901386,"level":"debug","message":"Data item not defined for this template.","meta":{"rootId":"jkr848zzk66y5fw","id":"jkr848zzk66y5fw"},"id":"cotlkqduihu4kvs","previousOperationId":"qe1x0e9twrjia0q"}
{"type":"log","timestamp":1704918901387,"level":"debug","message":"Executing script usabi-data (beforeRender)","meta":{"rootId":"jkr848zzk66y5fw","id":"jkr848zzk66y5fw"},"id":"hh337b0ronwwtwg","previousOperationId":"qe1x0e9twrjia0q"}
{"type":"operationStart","subtype":"scriptsBeforeRender","name":"scripts beforeRender","timestamp":1704918901391,"id":"kj5kpefl05trljh","previousEventId":"33re5rs2zg3ce1t","operationId":"i0df919qd0tfc05","previousOperationId":"qe1x0e9twrjia0q"}
{"type":"operationStart","subtype":"script","name":"scripts usabi-data","previousOperationId":"i0df919qd0tfc05","timestamp":1704918901391,"id":"g0kmvf0uleqr8be","previousEventId":"kj5kpefl05trljh","operationId":"8ilb0zsrmcugbmt"}
{"type":"operationEnd","operationId":"8ilb0zsrmcugbmt","timestamp":1704918901401,"id":"74ppo8gvxz8slbx","previousEventId":"33re5rs2zg3ce1t","previousOperationId":"qe1x0e9twrjia0q"}
{"type":"operationEnd","operationId":"i0df919qd0tfc05","timestamp":1704918901401,"id":"9ni31js07hxy2fr","previousEventId":"74ppo8gvxz8slbx","previousOperationId":"qe1x0e9twrjia0q"}
{"type":"log","timestamp":1704918901401,"level":"debug","message":"Base url not specified, skipping its injection.","meta":{"rootId":"jkr848zzk66y5fw","id":"jkr848zzk66y5fw"},"id":"e0h2gzzi2zp4yvu","previousOperationId":"i0df919qd0tfc05"}
{"type":"operationStart","subtype":"engine","name":"handlebars","timestamp":1704918901402,"id":"hzfy2l9ax2yv8by","previousEventId":"9ni31js07hxy2fr","operationId":"q9lvuh33znv2nqj","previousOperationId":"i0df919qd0tfc05"}
{"type":"log","timestamp":1704918901402,"level":"debug","message":"Rendering engine handlebars","meta":{"rootId":"jkr848zzk66y5fw","id":"jkr848zzk66y5fw"},"id":"6w9k4pvu9f5suz8","previousOperationId":"q9lvuh33znv2nqj"}
{"type":"operationEnd","operationId":"q9lvuh33znv2nqj","timestamp":1704918901410,"id":"khg5calopo76a2e","previousEventId":"hzfy2l9ax2yv8by","previousOperationId":"q9lvuh33znv2nqj"}
{"type":"operationStart","subtype":"recipe","name":"chrome-pdf","timestamp":1704918901410,"id":"qfhtcae5tqwqptd","previousEventId":"khg5calopo76a2e","operationId":"2jevcspkpduwutb","previousOperationId":"q9lvuh33znv2nqj"}
{"type":"log","timestamp":1704918901410,"level":"debug","message":"Executing recipe chrome-pdf","meta":{"rootId":"jkr848zzk66y5fw","id":"jkr848zzk66y5fw"},"id":"xsdmhaf3r5d95uz","previousOperationId":"2jevcspkpduwutb"}
{"type":"log","timestamp":1704918901412,"level":"debug","message":"Converting with chrome HeadlessChrome/117.0.5938.149 using chrome-pool strategy","meta":{"rootId":"jkr848zzk66y5fw","id":"jkr848zzk66y5fw"},"id":"odl4q1qavmi3z42","previousOperationId":"2jevcspkpduwutb"}
{"type":"log","timestamp":1704918901455,"level":"debug","message":"Page request: GET (document) file:///tmp/jsreport/autocleanup/cc5a0133-f4d6-4f70-9b62-a35bf3c471a1-chrome-pdf.html","meta":{"rootId":"jkr848zzk66y5fw","id":"jkr848zzk66y5fw"},"id":"9xyhycy8b4w1qqn","previousOperationId":"2jevcspkpduwutb"}
{"type":"log","timestamp":1704918901465,"level":"debug","message":"Page request finished: GET (document) 200 file:///tmp/jsreport/autocleanup/cc5a0133-f4d6-4f70-9b62-a35bf3c471a1-chrome-pdf.html","meta":{"rootId":"jkr848zzk66y5fw","id":"jkr848zzk66y5fw"},"id":"p33thkgxq04c12v","previousOperationId":"2jevcspkpduwutb"}
{"type":"log","timestamp":1704918901470,"level":"debug","message":"Running chrome with params {\"printBackground\":true,\"timeout\":59970,\"margin\":{}}","meta":{"rootId":"jkr848zzk66y5fw","id":"jkr848zzk66y5fw"},"id":"q3ifl6rp8jwkuev","previousOperationId":"2jevcspkpduwutb"}
{"type":"operationEnd","operationId":"2jevcspkpduwutb","timestamp":1704918901479,"id":"p0hxutejt7a2e6i","previousEventId":"qfhtcae5tqwqptd","previousOperationId":"2jevcspkpduwutb"}
{"type":"log","timestamp":1704918901479,"level":"debug","message":"Skipping storing report.","meta":{"rootId":"jkr848zzk66y5fw","id":"jkr848zzk66y5fw"},"id":"tny60rrpf3eb0q5","previousOperationId":"2jevcspkpduwutb"}
{"type":"log","timestamp":1704918901479,"level":"info","message":"Rendering request 23 finished in 98 ms","meta":{"rootId":"jkr848zzk66y5fw","id":"jkr848zzk66y5fw"},"id":"458375zvyk8pp22","previousOperationId":"2jevcspkpduwutb"}
{"type":"operationEnd","subtype":"render","operationId":"qe1x0e9twrjia0q","timestamp":1704918901480,"id":"sysmf8e3qy80q7n","previousEventId":"p0hxutejt7a2e6i","previousOperationId":"2jevcspkpduwutb"}
{"type":"operationEnd","doDiffs":false,"previousEventId":"s8170nkahow4qnq","previousOperationId":"rzx1q1pttvl3x7z","operationId":"rzx1q1pttvl3x7z","timestamp":1704918901483,"id":"s7guccxj2ixqpit"}
