{"type":"operationStart","subtype":"profile","data":{"_id":"gqA26Al5xblvaT4Q","timestamp":"2024-01-11T18:39:00.191Z","state":"queued","mode":"standard","creationDate":"2024-01-11T18:39:00.191Z","modificationDate":"2024-01-11T18:39:00.191Z","shortid":"C4KJypm","$entitySet":"profiles"},"doDiffs":false,"timestamp":1704998340191,"id":"6kjc7504g0hpvcl","previousOperationId":null,"operationId":"ii349qui1vuuepw"}
{"type":"log","level":"info","message":"Render request 27 queued for execution and waiting for available worker","previousOperationId":"ii349qui1vuuepw","timestamp":1704998340191,"id":"d3ape546maoc9t3"}
{"type":"operationStart","subtype":"render","name":"User_project","previousOperationId":"ii349qui1vuuepw","timestamp":1704998340195,"id":"h2b6xh7m9g86sh6","previousEventId":"6kjc7504g0hpvcl","operationId":"uepljse5vo741i5"}
{"type":"log","timestamp":1704998340195,"level":"info","message":"Starting rendering request 27","meta":{"rootId":"jkv9qd9rzf9yuu3","id":"jkv9qd9rzf9yuu3"},"id":"i038d59000rub5d","previousOperationId":"uepljse5vo741i5"}
{"type":"log","timestamp":1704998340196,"level":"info","message":"Rendering template { name: User_project, recipe: chrome-pdf, engine: handlebars, preview: true }","meta":{"rootId":"jkv9qd9rzf9yuu3","id":"jkv9qd9rzf9yuu3"},"id":"utpnwm1smdiht38","previousOperationId":"uepljse5vo741i5"}
{"type":"log","timestamp":1704998340196,"level":"debug","message":"Data item not defined for this template.","meta":{"rootId":"jkv9qd9rzf9yuu3","id":"jkv9qd9rzf9yuu3"},"id":"1c8dyvusj0359xo","previousOperationId":"uepljse5vo741i5"}
{"type":"log","timestamp":1704998340199,"level":"debug","message":"Executing script usabi-data (beforeRender)","meta":{"rootId":"jkv9qd9rzf9yuu3","id":"jkv9qd9rzf9yuu3"},"id":"t9pgx6sb2l8t1tf","previousOperationId":"uepljse5vo741i5"}
{"type":"operationStart","subtype":"scriptsBeforeRender","name":"scripts beforeRender","timestamp":1704998340203,"id":"jqwcpdvhjdqgus3","previousEventId":"h2b6xh7m9g86sh6","operationId":"amr6u010d4l0uma","previousOperationId":"uepljse5vo741i5"}
{"type":"operationStart","subtype":"script","name":"scripts usabi-data","previousOperationId":"amr6u010d4l0uma","timestamp":1704998340203,"id":"wnncjaoz78khzfv","previousEventId":"jqwcpdvhjdqgus3","operationId":"gxid8pkcravvjgz"}
{"type":"operationEnd","operationId":"gxid8pkcravvjgz","timestamp":1704998340228,"id":"u13ooc2rlmu4zxj","previousEventId":"h2b6xh7m9g86sh6","previousOperationId":"uepljse5vo741i5"}
{"type":"log","timestamp":1704998340228,"level":"debug","message":"Executing script orders-script (beforeRender)","meta":{"rootId":"jkv9qd9rzf9yuu3","id":"jkv9qd9rzf9yuu3"},"id":"iofo2zt1yymh1ju","previousOperationId":"uepljse5vo741i5"}
{"type":"operationStart","subtype":"script","name":"scripts orders-script","previousOperationId":"amr6u010d4l0uma","timestamp":1704998340232,"id":"xe3unfq6ngaw6jf","previousEventId":"u13ooc2rlmu4zxj","operationId":"heuetgqtv2pvbcr"}
{"type":"operationEnd","operationId":"heuetgqtv2pvbcr","timestamp":1704998341605,"id":"x3nrrs4vh7d576w","previousEventId":"u13ooc2rlmu4zxj","previousOperationId":"uepljse5vo741i5"}
{"type":"operationEnd","operationId":"amr6u010d4l0uma","timestamp":1704998341605,"id":"vdku1fou9zivmoc","previousEventId":"x3nrrs4vh7d576w","previousOperationId":"uepljse5vo741i5"}
{"type":"log","timestamp":1704998341605,"level":"debug","message":"Base url not specified, skipping its injection.","meta":{"rootId":"jkv9qd9rzf9yuu3","id":"jkv9qd9rzf9yuu3"},"id":"8x2u9odj9yqljwg","previousOperationId":"amr6u010d4l0uma"}
{"type":"operationStart","subtype":"engine","name":"handlebars","timestamp":1704998341605,"id":"tlq4yte2bxrmbo0","previousEventId":"vdku1fou9zivmoc","operationId":"bqctmg519ms47b2","previousOperationId":"amr6u010d4l0uma"}
{"type":"log","timestamp":1704998341605,"level":"debug","message":"Rendering engine handlebars","meta":{"rootId":"jkv9qd9rzf9yuu3","id":"jkv9qd9rzf9yuu3"},"id":"t7zn5medb8uqp3i","previousOperationId":"bqctmg519ms47b2"}
{"type":"operationEnd","operationId":"bqctmg519ms47b2","timestamp":1704998341613,"id":"yepnsaes2lgg91c","previousEventId":"tlq4yte2bxrmbo0","previousOperationId":"bqctmg519ms47b2"}
{"type":"operationStart","subtype":"recipe","name":"chrome-pdf","timestamp":1704998341613,"id":"5wrwlh4uxsj1ttc","previousEventId":"yepnsaes2lgg91c","operationId":"egp0vh8k0g9xrxi","previousOperationId":"bqctmg519ms47b2"}
{"type":"log","timestamp":1704998341613,"level":"debug","message":"Executing recipe chrome-pdf","meta":{"rootId":"jkv9qd9rzf9yuu3","id":"jkv9qd9rzf9yuu3"},"id":"8ki7un6ui6a3v92","previousOperationId":"egp0vh8k0g9xrxi"}
{"type":"log","timestamp":1704998341615,"level":"debug","message":"Converting with chrome HeadlessChrome/117.0.5938.149 using chrome-pool strategy","meta":{"rootId":"jkv9qd9rzf9yuu3","id":"jkv9qd9rzf9yuu3"},"id":"u7vvbwwyqmaejix","previousOperationId":"egp0vh8k0g9xrxi"}
{"type":"log","timestamp":1704998341644,"level":"debug","message":"Page request: GET (document) file:///tmp/jsreport/autocleanup/b8ab004a-4f78-4ee1-a0a6-e174c201d343-chrome-pdf.html","meta":{"rootId":"jkv9qd9rzf9yuu3","id":"jkv9qd9rzf9yuu3"},"id":"r59498crglrl318","previousOperationId":"egp0vh8k0g9xrxi"}
{"type":"log","timestamp":1704998341651,"level":"debug","message":"Page request: GET (script) https://cdn.jsdelivr.net/npm/chart.js","meta":{"rootId":"jkv9qd9rzf9yuu3","id":"jkv9qd9rzf9yuu3"},"id":"onaaxsyhc94o92t","previousOperationId":"egp0vh8k0g9xrxi"}
{"type":"log","timestamp":1704998341651,"level":"debug","message":"Page request finished: GET (document) 200 file:///tmp/jsreport/autocleanup/b8ab004a-4f78-4ee1-a0a6-e174c201d343-chrome-pdf.html","meta":{"rootId":"jkv9qd9rzf9yuu3","id":"jkv9qd9rzf9yuu3"},"id":"lu7vxdybeo9bn2u","previousOperationId":"egp0vh8k0g9xrxi"}
{"type":"log","timestamp":1704998341654,"level":"debug","message":"Page request finished: GET (script) 200 https://cdn.jsdelivr.net/npm/chart.js","meta":{"rootId":"jkv9qd9rzf9yuu3","id":"jkv9qd9rzf9yuu3"},"id":"etx4r6l1hs73ep9","previousOperationId":"egp0vh8k0g9xrxi"}
{"type":"log","timestamp":1704998341696,"level":"debug","message":"Running chrome with params {\"printBackground\":true,\"timeout\":58577,\"margin\":{}}","meta":{"rootId":"jkv9qd9rzf9yuu3","id":"jkv9qd9rzf9yuu3"},"id":"gs2l0nz5ipmip59","previousOperationId":"egp0vh8k0g9xrxi"}
{"type":"operationEnd","operationId":"egp0vh8k0g9xrxi","timestamp":1704998341744,"id":"t48if0w11sm79en","previousEventId":"5wrwlh4uxsj1ttc","previousOperationId":"egp0vh8k0g9xrxi"}
{"type":"log","timestamp":1704998341745,"level":"debug","message":"Skipping storing report.","meta":{"rootId":"jkv9qd9rzf9yuu3","id":"jkv9qd9rzf9yuu3"},"id":"qqr3ewkb54sm4sh","previousOperationId":"egp0vh8k0g9xrxi"}
{"type":"log","timestamp":1704998341745,"level":"info","message":"Rendering request 27 finished in 1554 ms","meta":{"rootId":"jkv9qd9rzf9yuu3","id":"jkv9qd9rzf9yuu3"},"id":"n1drjlwyam4gbik","previousOperationId":"egp0vh8k0g9xrxi"}
{"type":"operationEnd","subtype":"render","operationId":"uepljse5vo741i5","timestamp":1704998341745,"id":"q333nd6fmb2q3zm","previousEventId":"t48if0w11sm79en","previousOperationId":"egp0vh8k0g9xrxi"}
{"type":"operationEnd","doDiffs":false,"previousEventId":"6kjc7504g0hpvcl","previousOperationId":"ii349qui1vuuepw","operationId":"ii349qui1vuuepw","timestamp":1704998341747,"id":"2oqalznsbjjvgap"}
