{"type":"operationStart","subtype":"profile","data":{"_id":"3AhSSdiUFNWa6Fcd","timestamp":"2024-01-11T17:02:30.167Z","state":"queued","mode":"standard","creationDate":"2024-01-11T17:02:30.167Z","modificationDate":"2024-01-11T17:02:30.167Z","shortid":"kNBIdtE","$entitySet":"profiles"},"doDiffs":false,"timestamp":1704992550167,"id":"8vshl1nn3cft074","previousOperationId":null,"operationId":"lanj9k7lkfntbft"}
{"type":"log","level":"info","message":"Render request 106 queued for execution and waiting for available worker","previousOperationId":"lanj9k7lkfntbft","timestamp":1704992550167,"id":"zugis93xuuczskp"}
{"type":"operationStart","subtype":"render","name":"User_project","previousOperationId":"lanj9k7lkfntbft","timestamp":1704992550171,"id":"tf0uexv7oonrnqj","previousEventId":"8vshl1nn3cft074","operationId":"zemcbdycabts0o3"}
{"type":"log","timestamp":1704992550171,"level":"info","message":"Starting rendering request 106","meta":{"rootId":"jln1mwhb6dtqwy2","id":"jln1mwhb6dtqwy2"},"id":"5w2s14ktgd3rhg6","previousOperationId":"zemcbdycabts0o3"}
{"type":"log","timestamp":1704992550171,"level":"info","message":"Rendering template { name: User_project, recipe: chrome-pdf, engine: handlebars, preview: true }","meta":{"rootId":"jln1mwhb6dtqwy2","id":"jln1mwhb6dtqwy2"},"id":"src9ilfy7l7w64r","previousOperationId":"zemcbdycabts0o3"}
{"type":"log","timestamp":1704992550171,"level":"debug","message":"Data item not defined for this template.","meta":{"rootId":"jln1mwhb6dtqwy2","id":"jln1mwhb6dtqwy2"},"id":"dltonjzs0ma2fr7","previousOperationId":"zemcbdycabts0o3"}
{"type":"log","timestamp":1704992550172,"level":"debug","message":"Executing script usabi-data (beforeRender)","meta":{"rootId":"jln1mwhb6dtqwy2","id":"jln1mwhb6dtqwy2"},"id":"fz9pzrdvmq8qgit","previousOperationId":"zemcbdycabts0o3"}
{"type":"operationStart","subtype":"scriptsBeforeRender","name":"scripts beforeRender","timestamp":1704992550175,"id":"3p5qbuj9vgdqqrc","previousEventId":"tf0uexv7oonrnqj","operationId":"fjp6eapqg89qih9","previousOperationId":"zemcbdycabts0o3"}
{"type":"operationStart","subtype":"script","name":"scripts usabi-data","previousOperationId":"fjp6eapqg89qih9","timestamp":1704992550175,"id":"eb8hy2990bord10","previousEventId":"3p5qbuj9vgdqqrc","operationId":"notzrpdgi7g9a9l"}
{"type":"operationEnd","operationId":"notzrpdgi7g9a9l","timestamp":1704992550185,"id":"0su2d7l7vpsadys","previousEventId":"tf0uexv7oonrnqj","previousOperationId":"zemcbdycabts0o3"}
{"type":"log","timestamp":1704992550185,"level":"debug","message":"Executing script orders-script (beforeRender)","meta":{"rootId":"jln1mwhb6dtqwy2","id":"jln1mwhb6dtqwy2"},"id":"1qrwxcaqk1d4583","previousOperationId":"zemcbdycabts0o3"}
{"type":"operationStart","subtype":"script","name":"scripts orders-script","previousOperationId":"fjp6eapqg89qih9","timestamp":1704992550188,"id":"s35wxpef5gth3mh","previousEventId":"0su2d7l7vpsadys","operationId":"qvibl0ytvywkwm8"}
{"type":"operationEnd","operationId":"qvibl0ytvywkwm8","timestamp":1704992551559,"id":"9x83vjesz31whpk","previousEventId":"0su2d7l7vpsadys","previousOperationId":"zemcbdycabts0o3"}
{"type":"operationEnd","operationId":"fjp6eapqg89qih9","timestamp":1704992551559,"id":"oce4il3op94fefd","previousEventId":"9x83vjesz31whpk","previousOperationId":"zemcbdycabts0o3"}
{"type":"log","timestamp":1704992551559,"level":"debug","message":"Base url not specified, skipping its injection.","meta":{"rootId":"jln1mwhb6dtqwy2","id":"jln1mwhb6dtqwy2"},"id":"ujzxxocrsyfldzm","previousOperationId":"fjp6eapqg89qih9"}
{"type":"operationStart","subtype":"engine","name":"handlebars","timestamp":1704992551559,"id":"g1gf9eb124tk0cx","previousEventId":"oce4il3op94fefd","operationId":"8k0cxtouh63jo9w","previousOperationId":"fjp6eapqg89qih9"}
{"type":"log","timestamp":1704992551559,"level":"debug","message":"Rendering engine handlebars","meta":{"rootId":"jln1mwhb6dtqwy2","id":"jln1mwhb6dtqwy2"},"id":"f9csqr3rwsousih","previousOperationId":"8k0cxtouh63jo9w"}
{"type":"operationEnd","operationId":"8k0cxtouh63jo9w","timestamp":1704992551598,"id":"kq7cwtvbfxcd3cz","previousEventId":"g1gf9eb124tk0cx","previousOperationId":"8k0cxtouh63jo9w"}
{"type":"operationStart","subtype":"recipe","name":"chrome-pdf","timestamp":1704992551598,"id":"1w3hh1dbcjdm6xu","previousEventId":"kq7cwtvbfxcd3cz","operationId":"up3v0s05dn7sh0u","previousOperationId":"8k0cxtouh63jo9w"}
{"type":"log","timestamp":1704992551598,"level":"debug","message":"Executing recipe chrome-pdf","meta":{"rootId":"jln1mwhb6dtqwy2","id":"jln1mwhb6dtqwy2"},"id":"elue4vppug3josx","previousOperationId":"up3v0s05dn7sh0u"}
{"type":"log","timestamp":1704992551601,"level":"debug","message":"Converting with chrome HeadlessChrome/117.0.5938.149 using chrome-pool strategy","meta":{"rootId":"jln1mwhb6dtqwy2","id":"jln1mwhb6dtqwy2"},"id":"tx1kkuyy7nhgj3f","previousOperationId":"up3v0s05dn7sh0u"}
{"type":"log","timestamp":1704992551654,"level":"debug","message":"Page request: GET (document) file:///tmp/jsreport/autocleanup/9f8e4f53-e352-4824-9c47-a5e220b3cc1a-chrome-pdf.html","meta":{"rootId":"jln1mwhb6dtqwy2","id":"jln1mwhb6dtqwy2"},"id":"bszeyh13tl83305","previousOperationId":"up3v0s05dn7sh0u"}
{"type":"log","timestamp":1704992551661,"level":"debug","message":"Page request: GET (script) https://cdn.jsdelivr.net/npm/chart.js","meta":{"rootId":"jln1mwhb6dtqwy2","id":"jln1mwhb6dtqwy2"},"id":"l7tqrk7ah8u4lk1","previousOperationId":"up3v0s05dn7sh0u"}
{"type":"log","timestamp":1704992551661,"level":"debug","message":"Page request finished: GET (document) 200 file:///tmp/jsreport/autocleanup/9f8e4f53-e352-4824-9c47-a5e220b3cc1a-chrome-pdf.html","meta":{"rootId":"jln1mwhb6dtqwy2","id":"jln1mwhb6dtqwy2"},"id":"j83iezqgwa6t40m","previousOperationId":"up3v0s05dn7sh0u"}
{"type":"log","timestamp":1704992551665,"level":"debug","message":"Page request finished: GET (script) 200 https://cdn.jsdelivr.net/npm/chart.js","meta":{"rootId":"jln1mwhb6dtqwy2","id":"jln1mwhb6dtqwy2"},"id":"yok1vfxyyasqcts","previousOperationId":"up3v0s05dn7sh0u"}
{"type":"log","timestamp":1704992551669,"level":"warn","message":"Page error: Cannot read properties of undefined (reading 'legend') , stack: TypeError: Cannot read properties of undefined (reading 'legend')\n    at <anonymous> (file:///tmp/jsreport/autocleanup/9f8e4f53-e352-4824-9c47-a5e220b3cc1a-chrome-pdf.html:22:31)","meta":{"rootId":"jln1mwhb6dtqwy2","id":"jln1mwhb6dtqwy2"},"id":"9r4iqvua9fqjpju","previousOperationId":"up3v0s05dn7sh0u"}
{"type":"log","timestamp":1704992551669,"level":"warn","message":"Page error: Cannot read properties of undefined (reading 'legend') , stack: TypeError: Cannot read properties of undefined (reading 'legend')\n    at <anonymous> (file:///tmp/jsreport/autocleanup/9f8e4f53-e352-4824-9c47-a5e220b3cc1a-chrome-pdf.html:60:31)","meta":{"rootId":"jln1mwhb6dtqwy2","id":"jln1mwhb6dtqwy2"},"id":"1y3fc87c1ex8vl9","previousOperationId":"up3v0s05dn7sh0u"}
{"type":"log","timestamp":1704992551669,"level":"warn","message":"Page error: Cannot read properties of undefined (reading 'legend') , stack: TypeError: Cannot read properties of undefined (reading 'legend')\n    at <anonymous> (file:///tmp/jsreport/autocleanup/9f8e4f53-e352-4824-9c47-a5e220b3cc1a-chrome-pdf.html:97:31)","meta":{"rootId":"jln1mwhb6dtqwy2","id":"jln1mwhb6dtqwy2"},"id":"etu92v8ccpqpkcv","previousOperationId":"up3v0s05dn7sh0u"}
{"type":"log","timestamp":1704992551669,"level":"warn","message":"Page error: Cannot read properties of undefined (reading 'legend') , stack: TypeError: Cannot read properties of undefined (reading 'legend')\n    at <anonymous> (file:///tmp/jsreport/autocleanup/9f8e4f53-e352-4824-9c47-a5e220b3cc1a-chrome-pdf.html:132:31)","meta":{"rootId":"jln1mwhb6dtqwy2","id":"jln1mwhb6dtqwy2"},"id":"dyklonf1eik0zqz","previousOperationId":"up3v0s05dn7sh0u"}
{"type":"log","timestamp":1704992551675,"level":"debug","message":"Running chrome with params {\"printBackground\":true,\"timeout\":58567,\"margin\":{}}","meta":{"rootId":"jln1mwhb6dtqwy2","id":"jln1mwhb6dtqwy2"},"id":"jaio57q7zkc7xe3","previousOperationId":"up3v0s05dn7sh0u"}
{"type":"operationEnd","operationId":"up3v0s05dn7sh0u","timestamp":1704992551685,"id":"k5qsecxhcwgzwme","previousEventId":"1w3hh1dbcjdm6xu","previousOperationId":"up3v0s05dn7sh0u"}
{"type":"log","timestamp":1704992551685,"level":"debug","message":"Skipping storing report.","meta":{"rootId":"jln1mwhb6dtqwy2","id":"jln1mwhb6dtqwy2"},"id":"f46l9nkj8stth0z","previousOperationId":"up3v0s05dn7sh0u"}
{"type":"log","timestamp":1704992551685,"level":"info","message":"Rendering request 106 finished in 1518 ms","meta":{"rootId":"jln1mwhb6dtqwy2","id":"jln1mwhb6dtqwy2"},"id":"drx6kcqyyle5lub","previousOperationId":"up3v0s05dn7sh0u"}
{"type":"operationEnd","subtype":"render","operationId":"zemcbdycabts0o3","timestamp":1704992551685,"id":"3j89njgkq2o568b","previousEventId":"k5qsecxhcwgzwme","previousOperationId":"up3v0s05dn7sh0u"}
{"type":"operationEnd","doDiffs":false,"previousEventId":"8vshl1nn3cft074","previousOperationId":"lanj9k7lkfntbft","operationId":"lanj9k7lkfntbft","timestamp":1704992551692,"id":"7sv0xisvljobi0b"}
