{"type":"operationStart","subtype":"profile","data":{"_id":"PSskzsUzr73RGGD3","timestamp":"2024-01-15T20:33:54.767Z","state":"queued","mode":"standard","creationDate":"2024-01-15T20:33:54.768Z","modificationDate":"2024-01-15T20:33:54.768Z","shortid":"QgOvH17","$entitySet":"profiles"},"doDiffs":false,"timestamp":1705350834768,"id":"zxr7kbj11pn9fzo","previousOperationId":null,"operationId":"siqbg19437nw4y1"}
{"type":"log","level":"info","message":"Render request 16 queued for execution and waiting for available worker","previousOperationId":"siqbg19437nw4y1","timestamp":1705350834768,"id":"bzjuud5wagt7wde"}
{"type":"operationStart","subtype":"render","name":"User_project","previousOperationId":"siqbg19437nw4y1","timestamp":1705350834772,"id":"3hnsgb3mdexcp7x","previousEventId":"zxr7kbj11pn9fzo","operationId":"g28he9uofuytgkn"}
{"type":"log","timestamp":1705350834772,"level":"info","message":"Starting rendering request 16","meta":{"rootId":"jr2eizlrux4du90","id":"jr2eizlrux4du90"},"id":"q0pl2yrbdm9mvqw","previousOperationId":"g28he9uofuytgkn"}
{"type":"log","timestamp":1705350834774,"level":"info","message":"Rendering template { name: User_project, recipe: chrome-pdf, engine: handlebars, preview: false }","meta":{"rootId":"jr2eizlrux4du90","id":"jr2eizlrux4du90"},"id":"lo2shl722axrxwf","previousOperationId":"g28he9uofuytgkn"}
{"type":"log","timestamp":1705350834775,"level":"debug","message":"Data item not defined for this template.","meta":{"rootId":"jr2eizlrux4du90","id":"jr2eizlrux4du90"},"id":"34j1puly36e2trw","previousOperationId":"g28he9uofuytgkn"}
{"type":"log","timestamp":1705350834779,"level":"debug","message":"Executing script usabi-data (beforeRender)","meta":{"rootId":"jr2eizlrux4du90","id":"jr2eizlrux4du90"},"id":"e79o12z3z0ygr1o","previousOperationId":"g28he9uofuytgkn"}
{"type":"operationStart","subtype":"scriptsBeforeRender","name":"scripts beforeRender","timestamp":1705350834908,"id":"m8xtvevkw7s2q9h","previousEventId":"3hnsgb3mdexcp7x","operationId":"263ykfjs9ouplu2","previousOperationId":"g28he9uofuytgkn"}
{"type":"operationStart","subtype":"script","name":"scripts usabi-data","previousOperationId":"263ykfjs9ouplu2","timestamp":1705350834908,"id":"vtzhsaxy7kdkr4v","previousEventId":"m8xtvevkw7s2q9h","operationId":"hsr3o04nis8n9xs"}
{"type":"operationEnd","operationId":"hsr3o04nis8n9xs","timestamp":1705350834926,"id":"ompiml0a55a829z","previousEventId":"3hnsgb3mdexcp7x","previousOperationId":"g28he9uofuytgkn"}
{"type":"log","timestamp":1705350834926,"level":"debug","message":"Executing script orders-script (beforeRender)","meta":{"rootId":"jr2eizlrux4du90","id":"jr2eizlrux4du90"},"id":"rp86guod41gfrz8","previousOperationId":"g28he9uofuytgkn"}
{"type":"operationStart","subtype":"script","name":"scripts orders-script","previousOperationId":"263ykfjs9ouplu2","timestamp":1705350834936,"id":"zk6s591cjlos0ha","previousEventId":"ompiml0a55a829z","operationId":"904pkzrqol51gj0"}
{"type":"operationEnd","operationId":"904pkzrqol51gj0","timestamp":1705350836261,"id":"hoimf4xpfbolrfw","previousEventId":"ompiml0a55a829z","previousOperationId":"g28he9uofuytgkn"}
{"type":"operationEnd","operationId":"263ykfjs9ouplu2","timestamp":1705350836261,"id":"rarkvq2hulzopyl","previousEventId":"hoimf4xpfbolrfw","previousOperationId":"g28he9uofuytgkn"}
{"type":"log","timestamp":1705350836262,"level":"debug","message":"Base url not specified, skipping its injection.","meta":{"rootId":"jr2eizlrux4du90","id":"jr2eizlrux4du90"},"id":"x2jvn5dsvwzhosn","previousOperationId":"263ykfjs9ouplu2"}
{"type":"operationStart","subtype":"engine","name":"handlebars","timestamp":1705350836266,"id":"67tiaiyrueesnvk","previousEventId":"rarkvq2hulzopyl","operationId":"kbhozzei1l94kj6","previousOperationId":"263ykfjs9ouplu2"}
{"type":"log","timestamp":1705350836266,"level":"debug","message":"Rendering engine handlebars","meta":{"rootId":"jr2eizlrux4du90","id":"jr2eizlrux4du90"},"id":"s06hg2wct98wvtx","previousOperationId":"kbhozzei1l94kj6"}
{"type":"operationEnd","operationId":"kbhozzei1l94kj6","timestamp":1705350836460,"id":"6wd5dnjrsdnfd5u","previousEventId":"67tiaiyrueesnvk","previousOperationId":"kbhozzei1l94kj6"}
{"type":"operationStart","subtype":"recipe","name":"chrome-pdf","timestamp":1705350836461,"id":"ie882vj102tkb4g","previousEventId":"6wd5dnjrsdnfd5u","operationId":"ebnv3qmou7dtxue","previousOperationId":"kbhozzei1l94kj6"}
{"type":"log","timestamp":1705350836461,"level":"debug","message":"Executing recipe chrome-pdf","meta":{"rootId":"jr2eizlrux4du90","id":"jr2eizlrux4du90"},"id":"ogmw9xht83od0tp","previousOperationId":"ebnv3qmou7dtxue"}
{"type":"log","timestamp":1705350836655,"level":"debug","message":"Converting with chrome HeadlessChrome/117.0.5938.149 using chrome-pool strategy","meta":{"rootId":"jr2eizlrux4du90","id":"jr2eizlrux4du90"},"id":"jb7tr03mlegertg","previousOperationId":"ebnv3qmou7dtxue"}
{"type":"log","timestamp":1705350836717,"level":"debug","message":"Page request: GET (document) file:///tmp/jsreport/autocleanup/4c3c7574-f0d9-4437-b530-d366e8f29116-chrome-pdf.html","meta":{"rootId":"jr2eizlrux4du90","id":"jr2eizlrux4du90"},"id":"il8yx1vx5h9dqli","previousOperationId":"ebnv3qmou7dtxue"}
{"type":"log","timestamp":1705350836725,"level":"debug","message":"Page request: GET (script) https://cdn.jsdelivr.net/npm/chart.js","meta":{"rootId":"jr2eizlrux4du90","id":"jr2eizlrux4du90"},"id":"s5166e4x6b4vkxj","previousOperationId":"ebnv3qmou7dtxue"}
{"type":"log","timestamp":1705350836725,"level":"debug","message":"Page request finished: GET (document) 200 file:///tmp/jsreport/autocleanup/4c3c7574-f0d9-4437-b530-d366e8f29116-chrome-pdf.html","meta":{"rootId":"jr2eizlrux4du90","id":"jr2eizlrux4du90"},"id":"97uneoar446etnc","previousOperationId":"ebnv3qmou7dtxue"}
{"type":"log","timestamp":1705350836977,"level":"debug","message":"Page request finished: GET (script) 200 https://cdn.jsdelivr.net/npm/chart.js","meta":{"rootId":"jr2eizlrux4du90","id":"jr2eizlrux4du90"},"id":"wz9e9uccm6wi8dk","previousOperationId":"ebnv3qmou7dtxue"}
{"type":"log","timestamp":1705350837021,"level":"debug","message":"Running chrome with params {\"printBackground\":true,\"timeout\":58177,\"margin\":{}}","meta":{"rootId":"jr2eizlrux4du90","id":"jr2eizlrux4du90"},"id":"eer71ijt31mov57","previousOperationId":"ebnv3qmou7dtxue"}
{"type":"operationEnd","operationId":"ebnv3qmou7dtxue","timestamp":1705350837077,"id":"1oezv1yfdfu6akc","previousEventId":"ie882vj102tkb4g","previousOperationId":"ebnv3qmou7dtxue"}
{"type":"log","timestamp":1705350837077,"level":"debug","message":"Skipping storing report.","meta":{"rootId":"jr2eizlrux4du90","id":"jr2eizlrux4du90"},"id":"lqtwa16sdn52nur","previousOperationId":"ebnv3qmou7dtxue"}
{"type":"log","timestamp":1705350837077,"level":"info","message":"Rendering request 16 finished in 2310 ms","meta":{"rootId":"jr2eizlrux4du90","id":"jr2eizlrux4du90"},"id":"eiwr8gi9gb6lxe4","previousOperationId":"ebnv3qmou7dtxue"}
{"type":"operationEnd","subtype":"render","operationId":"g28he9uofuytgkn","timestamp":1705350837077,"id":"q0t9iw0m0ud97fu","previousEventId":"1oezv1yfdfu6akc","previousOperationId":"ebnv3qmou7dtxue"}
{"type":"operationEnd","doDiffs":false,"previousEventId":"zxr7kbj11pn9fzo","previousOperationId":"siqbg19437nw4y1","operationId":"siqbg19437nw4y1","timestamp":1705350837079,"id":"ttot02ei5q031k6"}
