{"type":"operationStart","subtype":"profile","data":{"_id":"TTaCp8X19yypJcn7","timestamp":"2024-01-11T18:13:43.487Z","state":"queued","mode":"standard","creationDate":"2024-01-11T18:13:43.488Z","modificationDate":"2024-01-11T18:13:43.488Z","shortid":"NI5dHv7","$entitySet":"profiles"},"doDiffs":false,"timestamp":1704996823488,"id":"va5t1kqdgqhv120","previousOperationId":null,"operationId":"s6qbgp23cirz4pr"}
{"type":"log","level":"info","message":"Render request 54 queued for execution and waiting for available worker","previousOperationId":"s6qbgp23cirz4pr","timestamp":1704996823488,"id":"lueamffuyngzraa"}
{"type":"operationStart","subtype":"render","name":"User_project","previousOperationId":"s6qbgp23cirz4pr","timestamp":1704996823492,"id":"2mzf9j412rhfwwp","previousEventId":"va5t1kqdgqhv120","operationId":"h8onusgodlh81lz"}
{"type":"log","timestamp":1704996823492,"level":"info","message":"Starting rendering request 54","meta":{"rootId":"k33l2g5pi7qqeji","id":"k33l2g5pi7qqeji"},"id":"efmpel8wjagpyfb","previousOperationId":"h8onusgodlh81lz"}
{"type":"log","timestamp":1704996823492,"level":"info","message":"Rendering template { name: User_project, recipe: chrome-pdf, engine: handlebars, preview: true }","meta":{"rootId":"k33l2g5pi7qqeji","id":"k33l2g5pi7qqeji"},"id":"vyquhkyf8fzuvkp","previousOperationId":"h8onusgodlh81lz"}
{"type":"log","timestamp":1704996823492,"level":"debug","message":"Data item not defined for this template.","meta":{"rootId":"k33l2g5pi7qqeji","id":"k33l2g5pi7qqeji"},"id":"uev2qkcrulx8ybk","previousOperationId":"h8onusgodlh81lz"}
{"type":"log","timestamp":1704996823494,"level":"debug","message":"Executing script usabi-data (beforeRender)","meta":{"rootId":"k33l2g5pi7qqeji","id":"k33l2g5pi7qqeji"},"id":"9piz2n5oq58f32x","previousOperationId":"h8onusgodlh81lz"}
{"type":"operationStart","subtype":"scriptsBeforeRender","name":"scripts beforeRender","timestamp":1704996823498,"id":"uq6jvkprjoacogx","previousEventId":"2mzf9j412rhfwwp","operationId":"xufe0mtlqtoqi02","previousOperationId":"h8onusgodlh81lz"}
{"type":"operationStart","subtype":"script","name":"scripts usabi-data","previousOperationId":"xufe0mtlqtoqi02","timestamp":1704996823498,"id":"a2izja7f5xxsaki","previousEventId":"uq6jvkprjoacogx","operationId":"i643p7z6gob27mx"}
{"type":"operationEnd","operationId":"i643p7z6gob27mx","timestamp":1704996823512,"id":"nun6aq1ap0pcebj","previousEventId":"2mzf9j412rhfwwp","previousOperationId":"h8onusgodlh81lz"}
{"type":"log","timestamp":1704996823512,"level":"debug","message":"Executing script orders-script (beforeRender)","meta":{"rootId":"k33l2g5pi7qqeji","id":"k33l2g5pi7qqeji"},"id":"2ks84sk392u2md7","previousOperationId":"h8onusgodlh81lz"}
{"type":"operationStart","subtype":"script","name":"scripts orders-script","previousOperationId":"xufe0mtlqtoqi02","timestamp":1704996823515,"id":"moappfltt58pa63","previousEventId":"nun6aq1ap0pcebj","operationId":"f2wsburfxc1x09o"}
{"type":"operationEnd","operationId":"f2wsburfxc1x09o","timestamp":1704996824918,"id":"apri7t5wq6nbn83","previousEventId":"nun6aq1ap0pcebj","previousOperationId":"h8onusgodlh81lz"}
{"type":"operationEnd","operationId":"xufe0mtlqtoqi02","timestamp":1704996824918,"id":"d5xzqa5ff9kvs5s","previousEventId":"apri7t5wq6nbn83","previousOperationId":"h8onusgodlh81lz"}
{"type":"log","timestamp":1704996824918,"level":"debug","message":"Base url not specified, skipping its injection.","meta":{"rootId":"k33l2g5pi7qqeji","id":"k33l2g5pi7qqeji"},"id":"bll8veiv84hxqpx","previousOperationId":"xufe0mtlqtoqi02"}
{"type":"operationStart","subtype":"engine","name":"handlebars","timestamp":1704996824918,"id":"2z1solpbbisp01w","previousEventId":"d5xzqa5ff9kvs5s","operationId":"xi6tf41vzjkn1fm","previousOperationId":"xufe0mtlqtoqi02"}
{"type":"log","timestamp":1704996824918,"level":"debug","message":"Rendering engine handlebars","meta":{"rootId":"k33l2g5pi7qqeji","id":"k33l2g5pi7qqeji"},"id":"9szby5kj4nc3ua8","previousOperationId":"xi6tf41vzjkn1fm"}
{"type":"operationEnd","operationId":"xi6tf41vzjkn1fm","timestamp":1704996824947,"id":"wwsgs7e9cc4xb0w","previousEventId":"2z1solpbbisp01w","previousOperationId":"xi6tf41vzjkn1fm"}
{"type":"operationStart","subtype":"recipe","name":"chrome-pdf","timestamp":1704996824948,"id":"pdcp2qisscyedhb","previousEventId":"wwsgs7e9cc4xb0w","operationId":"tipt8x1hu9fsgno","previousOperationId":"xi6tf41vzjkn1fm"}
{"type":"log","timestamp":1704996824948,"level":"debug","message":"Executing recipe chrome-pdf","meta":{"rootId":"k33l2g5pi7qqeji","id":"k33l2g5pi7qqeji"},"id":"xty87cvasspwjfy","previousOperationId":"tipt8x1hu9fsgno"}
{"type":"log","timestamp":1704996824949,"level":"debug","message":"Converting with chrome HeadlessChrome/117.0.5938.149 using chrome-pool strategy","meta":{"rootId":"k33l2g5pi7qqeji","id":"k33l2g5pi7qqeji"},"id":"qdo0vztpvvtet33","previousOperationId":"tipt8x1hu9fsgno"}
{"type":"log","timestamp":1704996824981,"level":"debug","message":"Page request: GET (document) file:///tmp/jsreport/autocleanup/7cd358d2-4d80-4053-bd80-27c2d66d3dd8-chrome-pdf.html","meta":{"rootId":"k33l2g5pi7qqeji","id":"k33l2g5pi7qqeji"},"id":"g47134drcrrovvb","previousOperationId":"tipt8x1hu9fsgno"}
{"type":"log","timestamp":1704996824987,"level":"debug","message":"Page request: GET (script) https://cdn.jsdelivr.net/npm/chart.js","meta":{"rootId":"k33l2g5pi7qqeji","id":"k33l2g5pi7qqeji"},"id":"ycgafx8shsdjt3x","previousOperationId":"tipt8x1hu9fsgno"}
{"type":"log","timestamp":1704996824987,"level":"debug","message":"Page request finished: GET (document) 200 file:///tmp/jsreport/autocleanup/7cd358d2-4d80-4053-bd80-27c2d66d3dd8-chrome-pdf.html","meta":{"rootId":"k33l2g5pi7qqeji","id":"k33l2g5pi7qqeji"},"id":"imab0ro8gx3crfd","previousOperationId":"tipt8x1hu9fsgno"}
{"type":"log","timestamp":1704996824991,"level":"debug","message":"Page request finished: GET (script) 200 https://cdn.jsdelivr.net/npm/chart.js","meta":{"rootId":"k33l2g5pi7qqeji","id":"k33l2g5pi7qqeji"},"id":"91efc56uh30n3wt","previousOperationId":"tipt8x1hu9fsgno"}
{"type":"log","timestamp":1704996824993,"level":"warn","message":"Page error: Unexpected identifier 'Object' , stack: SyntaxError: Unexpected identifier 'Object'","meta":{"rootId":"k33l2g5pi7qqeji","id":"k33l2g5pi7qqeji"},"id":"9li04vrp3i9xapv","previousOperationId":"tipt8x1hu9fsgno"}
{"type":"log","timestamp":1704996824998,"level":"debug","message":"Running chrome with params {\"printBackground\":true,\"timeout\":58539,\"margin\":{}}","meta":{"rootId":"k33l2g5pi7qqeji","id":"k33l2g5pi7qqeji"},"id":"tj0ozpfw3ihzx5v","previousOperationId":"tipt8x1hu9fsgno"}
{"type":"operationEnd","operationId":"tipt8x1hu9fsgno","timestamp":1704996825009,"id":"gv7g31jcrjimf2q","previousEventId":"pdcp2qisscyedhb","previousOperationId":"tipt8x1hu9fsgno"}
{"type":"log","timestamp":1704996825010,"level":"debug","message":"Skipping storing report.","meta":{"rootId":"k33l2g5pi7qqeji","id":"k33l2g5pi7qqeji"},"id":"wldlxgbhfg98mxx","previousOperationId":"tipt8x1hu9fsgno"}
{"type":"log","timestamp":1704996825010,"level":"info","message":"Rendering request 54 finished in 1523 ms","meta":{"rootId":"k33l2g5pi7qqeji","id":"k33l2g5pi7qqeji"},"id":"6nkozdww9xcscnd","previousOperationId":"tipt8x1hu9fsgno"}
{"type":"operationEnd","subtype":"render","operationId":"h8onusgodlh81lz","timestamp":1704996825010,"id":"fm8yxfr0dl5hk6f","previousEventId":"gv7g31jcrjimf2q","previousOperationId":"tipt8x1hu9fsgno"}
{"type":"operationEnd","doDiffs":false,"previousEventId":"va5t1kqdgqhv120","previousOperationId":"s6qbgp23cirz4pr","operationId":"s6qbgp23cirz4pr","timestamp":1704996825014,"id":"qz49j6nzejnkpzw"}
