{"type":"operationStart","subtype":"profile","data":{"_id":"PGkPGSdhJkqYJHUz","timestamp":"2024-01-11T18:19:49.724Z","state":"queued","mode":"standard","creationDate":"2024-01-11T18:19:49.725Z","modificationDate":"2024-01-11T18:19:49.725Z","shortid":"XF4WI8l","$entitySet":"profiles"},"doDiffs":false,"timestamp":1704997189725,"id":"se732cphooey9af","previousOperationId":null,"operationId":"0ftz1mu41fsdztk"}
{"type":"log","level":"info","message":"Render request 5 queued for execution and waiting for available worker","previousOperationId":"0ftz1mu41fsdztk","timestamp":1704997189725,"id":"qkyiuypxrvjy5bz"}
{"type":"operationStart","subtype":"render","name":"User_project","previousOperationId":"0ftz1mu41fsdztk","timestamp":1704997189733,"id":"om4uyi6xt5z5xrv","previousEventId":"se732cphooey9af","operationId":"53umvz2lctdboup"}
{"type":"log","timestamp":1704997189733,"level":"info","message":"Starting rendering request 5","meta":{"rootId":"km08eu0raudcu6t","id":"km08eu0raudcu6t"},"id":"ovmszdwrubomg5l","previousOperationId":"53umvz2lctdboup"}
{"type":"log","timestamp":1704997189734,"level":"info","message":"Rendering template { name: User_project, recipe: chrome-pdf, engine: handlebars, preview: true }","meta":{"rootId":"km08eu0raudcu6t","id":"km08eu0raudcu6t"},"id":"k7pr5wltnmr6dbo","previousOperationId":"53umvz2lctdboup"}
{"type":"log","timestamp":1704997189734,"level":"debug","message":"Data item not defined for this template.","meta":{"rootId":"km08eu0raudcu6t","id":"km08eu0raudcu6t"},"id":"xmuk47zx0u68hrt","previousOperationId":"53umvz2lctdboup"}
{"type":"log","timestamp":1704997189739,"level":"debug","message":"Executing script usabi-data (beforeRender)","meta":{"rootId":"km08eu0raudcu6t","id":"km08eu0raudcu6t"},"id":"b0b6r5ed3ovkvm0","previousOperationId":"53umvz2lctdboup"}
{"type":"operationStart","subtype":"scriptsBeforeRender","name":"scripts beforeRender","timestamp":1704997189743,"id":"i8d2ydhdjabupdg","previousEventId":"om4uyi6xt5z5xrv","operationId":"y0kcut5hk81v6xf","previousOperationId":"53umvz2lctdboup"}
{"type":"operationStart","subtype":"script","name":"scripts usabi-data","previousOperationId":"y0kcut5hk81v6xf","timestamp":1704997189743,"id":"v5e9xhh0xs7dp8y","previousEventId":"i8d2ydhdjabupdg","operationId":"0qn9okdh6vks1cp"}
{"type":"operationEnd","operationId":"0qn9okdh6vks1cp","timestamp":1704997189863,"id":"08h3d0i280wpkbp","previousEventId":"om4uyi6xt5z5xrv","previousOperationId":"53umvz2lctdboup"}
{"type":"log","timestamp":1704997189863,"level":"debug","message":"Executing script orders-script (beforeRender)","meta":{"rootId":"km08eu0raudcu6t","id":"km08eu0raudcu6t"},"id":"8mj6pre6555udk3","previousOperationId":"53umvz2lctdboup"}
{"type":"operationStart","subtype":"script","name":"scripts orders-script","previousOperationId":"y0kcut5hk81v6xf","timestamp":1704997189867,"id":"buh14t98e1ysz7f","previousEventId":"08h3d0i280wpkbp","operationId":"0jqbe28b4s20259"}
{"type":"operationEnd","operationId":"0jqbe28b4s20259","timestamp":1704997191165,"id":"n4r30woq4a93yme","previousEventId":"08h3d0i280wpkbp","previousOperationId":"53umvz2lctdboup"}
{"type":"operationEnd","operationId":"y0kcut5hk81v6xf","timestamp":1704997191165,"id":"17apv3m7r9oeag2","previousEventId":"n4r30woq4a93yme","previousOperationId":"53umvz2lctdboup"}
{"type":"log","timestamp":1704997191165,"level":"debug","message":"Base url not specified, skipping its injection.","meta":{"rootId":"km08eu0raudcu6t","id":"km08eu0raudcu6t"},"id":"e93drrz9zc6710t","previousOperationId":"y0kcut5hk81v6xf"}
{"type":"operationStart","subtype":"engine","name":"handlebars","timestamp":1704997191165,"id":"1ai2jqwowi3zgip","previousEventId":"17apv3m7r9oeag2","operationId":"pg06f3zrbmgesxl","previousOperationId":"y0kcut5hk81v6xf"}
{"type":"log","timestamp":1704997191165,"level":"debug","message":"Rendering engine handlebars","meta":{"rootId":"km08eu0raudcu6t","id":"km08eu0raudcu6t"},"id":"iwej26phnfyritl","previousOperationId":"pg06f3zrbmgesxl"}
{"type":"operationEnd","operationId":"pg06f3zrbmgesxl","timestamp":1704997191176,"id":"yrx5162c2qwpb9c","previousEventId":"1ai2jqwowi3zgip","previousOperationId":"pg06f3zrbmgesxl"}
{"type":"operationStart","subtype":"recipe","name":"chrome-pdf","timestamp":1704997191177,"id":"8g03ngfi10xyoja","previousEventId":"yrx5162c2qwpb9c","operationId":"ief6ewms93r9w75","previousOperationId":"pg06f3zrbmgesxl"}
{"type":"log","timestamp":1704997191177,"level":"debug","message":"Executing recipe chrome-pdf","meta":{"rootId":"km08eu0raudcu6t","id":"km08eu0raudcu6t"},"id":"f0ozpi82ywlw53v","previousOperationId":"ief6ewms93r9w75"}
{"type":"log","timestamp":1704997191178,"level":"debug","message":"Converting with chrome HeadlessChrome/117.0.5938.149 using chrome-pool strategy","meta":{"rootId":"km08eu0raudcu6t","id":"km08eu0raudcu6t"},"id":"p3fz1aje6d1ky1e","previousOperationId":"ief6ewms93r9w75"}
{"type":"log","timestamp":1704997191212,"level":"debug","message":"Page request: GET (document) file:///tmp/jsreport/autocleanup/0bf33fee-4ca2-465d-ae95-107ac54e7b69-chrome-pdf.html","meta":{"rootId":"km08eu0raudcu6t","id":"km08eu0raudcu6t"},"id":"00n3wl4lfe3w4oy","previousOperationId":"ief6ewms93r9w75"}
{"type":"log","timestamp":1704997191221,"level":"debug","message":"Page request: GET (script) https://cdn.jsdelivr.net/npm/chart.js","meta":{"rootId":"km08eu0raudcu6t","id":"km08eu0raudcu6t"},"id":"06mrz0zbize9c5h","previousOperationId":"ief6ewms93r9w75"}
{"type":"log","timestamp":1704997191221,"level":"debug","message":"Page request finished: GET (document) 200 file:///tmp/jsreport/autocleanup/0bf33fee-4ca2-465d-ae95-107ac54e7b69-chrome-pdf.html","meta":{"rootId":"km08eu0raudcu6t","id":"km08eu0raudcu6t"},"id":"0xlpbt7lfipcjwz","previousOperationId":"ief6ewms93r9w75"}
{"type":"log","timestamp":1704997191224,"level":"debug","message":"Page request finished: GET (script) 200 https://cdn.jsdelivr.net/npm/chart.js","meta":{"rootId":"km08eu0raudcu6t","id":"km08eu0raudcu6t"},"id":"yhx3nl9wxwtrfwb","previousOperationId":"ief6ewms93r9w75"}
{"type":"log","timestamp":1704997191227,"level":"warn","message":"Page error: Unexpected identifier 'Object' , stack: SyntaxError: Unexpected identifier 'Object'","meta":{"rootId":"km08eu0raudcu6t","id":"km08eu0raudcu6t"},"id":"ko9y5a71ueobfw9","previousOperationId":"ief6ewms93r9w75"}
{"type":"log","timestamp":1704997191232,"level":"debug","message":"Running chrome with params {\"printBackground\":true,\"timeout\":58547,\"margin\":{}}","meta":{"rootId":"km08eu0raudcu6t","id":"km08eu0raudcu6t"},"id":"ojf1d3f13ljagyo","previousOperationId":"ief6ewms93r9w75"}
{"type":"operationEnd","operationId":"ief6ewms93r9w75","timestamp":1704997191246,"id":"36842p32athz45m","previousEventId":"8g03ngfi10xyoja","previousOperationId":"ief6ewms93r9w75"}
{"type":"log","timestamp":1704997191246,"level":"debug","message":"Skipping storing report.","meta":{"rootId":"km08eu0raudcu6t","id":"km08eu0raudcu6t"},"id":"lqiqd84c5v8nhod","previousOperationId":"ief6ewms93r9w75"}
{"type":"log","timestamp":1704997191246,"level":"info","message":"Rendering request 5 finished in 1522 ms","meta":{"rootId":"km08eu0raudcu6t","id":"km08eu0raudcu6t"},"id":"l2l1rhpjqrw3312","previousOperationId":"ief6ewms93r9w75"}
{"type":"operationEnd","subtype":"render","operationId":"53umvz2lctdboup","timestamp":1704997191246,"id":"7dltua7gu9f3men","previousEventId":"36842p32athz45m","previousOperationId":"ief6ewms93r9w75"}
{"type":"operationEnd","doDiffs":false,"previousEventId":"se732cphooey9af","previousOperationId":"0ftz1mu41fsdztk","operationId":"0ftz1mu41fsdztk","timestamp":1704997191248,"id":"l9gstwkd71yutq3"}
