{"type":"operationStart","subtype":"profile","data":{"_id":"cNzCECMVTXTCI77J","timestamp":"2024-01-11T16:57:59.686Z","state":"queued","mode":"standard","creationDate":"2024-01-11T16:57:59.686Z","modificationDate":"2024-01-11T16:57:59.686Z","shortid":"aVNib7W","$entitySet":"profiles"},"doDiffs":false,"timestamp":1704992279686,"id":"2fi7vt1cylh8bm5","previousOperationId":null,"operationId":"w3qcinomquntysm"}
{"type":"log","level":"info","message":"Render request 101 queued for execution and waiting for available worker","previousOperationId":"w3qcinomquntysm","timestamp":1704992279686,"id":"03zxoxbv63x1rt6"}
{"type":"operationStart","subtype":"render","name":"User_project","previousOperationId":"w3qcinomquntysm","timestamp":1704992279691,"id":"q5nnrvkhu9izo73","previousEventId":"2fi7vt1cylh8bm5","operationId":"8i37hvhhnor93bf"}
{"type":"log","timestamp":1704992279691,"level":"info","message":"Starting rendering request 101","meta":{"rootId":"km3s4xk051u4v0a","id":"km3s4xk051u4v0a"},"id":"vjtzd77r1hmvero","previousOperationId":"8i37hvhhnor93bf"}
{"type":"log","timestamp":1704992279691,"level":"info","message":"Rendering template { name: User_project, recipe: chrome-pdf, engine: handlebars, preview: true }","meta":{"rootId":"km3s4xk051u4v0a","id":"km3s4xk051u4v0a"},"id":"70quq60havmxlv9","previousOperationId":"8i37hvhhnor93bf"}
{"type":"log","timestamp":1704992279691,"level":"debug","message":"Data item not defined for this template.","meta":{"rootId":"km3s4xk051u4v0a","id":"km3s4xk051u4v0a"},"id":"et12dm61tm22oqi","previousOperationId":"8i37hvhhnor93bf"}
{"type":"log","timestamp":1704992279694,"level":"debug","message":"Executing script usabi-data (beforeRender)","meta":{"rootId":"km3s4xk051u4v0a","id":"km3s4xk051u4v0a"},"id":"m2upp6wfpgvegq9","previousOperationId":"8i37hvhhnor93bf"}
{"type":"operationStart","subtype":"scriptsBeforeRender","name":"scripts beforeRender","timestamp":1704992279699,"id":"5apvfub3ah89tc2","previousEventId":"q5nnrvkhu9izo73","operationId":"8e58fkohdw2zd91","previousOperationId":"8i37hvhhnor93bf"}
{"type":"operationStart","subtype":"script","name":"scripts usabi-data","previousOperationId":"8e58fkohdw2zd91","timestamp":1704992279699,"id":"f5fyrqc09d7li25","previousEventId":"5apvfub3ah89tc2","operationId":"ng154ryvvo3lqdx"}
{"type":"operationEnd","operationId":"ng154ryvvo3lqdx","timestamp":1704992279710,"id":"4con8cxck2txte3","previousEventId":"q5nnrvkhu9izo73","previousOperationId":"8i37hvhhnor93bf"}
{"type":"log","timestamp":1704992279710,"level":"debug","message":"Executing script orders-script (beforeRender)","meta":{"rootId":"km3s4xk051u4v0a","id":"km3s4xk051u4v0a"},"id":"dws86t99bo641hm","previousOperationId":"8i37hvhhnor93bf"}
{"type":"operationStart","subtype":"script","name":"scripts orders-script","previousOperationId":"8e58fkohdw2zd91","timestamp":1704992279714,"id":"ajz2jlshy76oqsw","previousEventId":"4con8cxck2txte3","operationId":"4e2brgmbm9o3h4s"}
{"type":"operationEnd","operationId":"4e2brgmbm9o3h4s","timestamp":1704992281069,"id":"9p04thfi4e4mo1h","previousEventId":"4con8cxck2txte3","previousOperationId":"8i37hvhhnor93bf"}
{"type":"operationEnd","operationId":"8e58fkohdw2zd91","timestamp":1704992281069,"id":"oot41yafs7sd9ky","previousEventId":"9p04thfi4e4mo1h","previousOperationId":"8i37hvhhnor93bf"}
{"type":"log","timestamp":1704992281069,"level":"debug","message":"Base url not specified, skipping its injection.","meta":{"rootId":"km3s4xk051u4v0a","id":"km3s4xk051u4v0a"},"id":"aopi9grlpnc47vy","previousOperationId":"8e58fkohdw2zd91"}
{"type":"operationStart","subtype":"engine","name":"handlebars","timestamp":1704992281069,"id":"7pbj4qwau3m7iu4","previousEventId":"oot41yafs7sd9ky","operationId":"thhn0wc3nfr1t1v","previousOperationId":"8e58fkohdw2zd91"}
{"type":"log","timestamp":1704992281069,"level":"debug","message":"Rendering engine handlebars","meta":{"rootId":"km3s4xk051u4v0a","id":"km3s4xk051u4v0a"},"id":"vpem82h2915uu0g","previousOperationId":"thhn0wc3nfr1t1v"}
{"type":"operationEnd","operationId":"thhn0wc3nfr1t1v","timestamp":1704992281079,"id":"i1ym7md91chtlxc","previousEventId":"7pbj4qwau3m7iu4","previousOperationId":"thhn0wc3nfr1t1v"}
{"type":"operationStart","subtype":"recipe","name":"chrome-pdf","timestamp":1704992281079,"id":"pj207loisqaikv0","previousEventId":"i1ym7md91chtlxc","operationId":"xa1lnslp54zfqbc","previousOperationId":"thhn0wc3nfr1t1v"}
{"type":"log","timestamp":1704992281079,"level":"debug","message":"Executing recipe chrome-pdf","meta":{"rootId":"km3s4xk051u4v0a","id":"km3s4xk051u4v0a"},"id":"ma0uc5t4pltmkph","previousOperationId":"xa1lnslp54zfqbc"}
{"type":"log","timestamp":1704992281082,"level":"debug","message":"Converting with chrome HeadlessChrome/117.0.5938.149 using chrome-pool strategy","meta":{"rootId":"km3s4xk051u4v0a","id":"km3s4xk051u4v0a"},"id":"dk1sm7pev0nujkm","previousOperationId":"xa1lnslp54zfqbc"}
{"type":"log","timestamp":1704992281120,"level":"debug","message":"Page request: GET (document) file:///tmp/jsreport/autocleanup/7d2ee582-ca7f-412a-b14f-285a363c5a95-chrome-pdf.html","meta":{"rootId":"km3s4xk051u4v0a","id":"km3s4xk051u4v0a"},"id":"q13l50nbmbn394w","previousOperationId":"xa1lnslp54zfqbc"}
{"type":"log","timestamp":1704992281128,"level":"debug","message":"Page request finished: GET (document) 200 file:///tmp/jsreport/autocleanup/7d2ee582-ca7f-412a-b14f-285a363c5a95-chrome-pdf.html","meta":{"rootId":"km3s4xk051u4v0a","id":"km3s4xk051u4v0a"},"id":"0crqw1suk6v158t","previousOperationId":"xa1lnslp54zfqbc"}
{"type":"log","timestamp":1704992281129,"level":"warn","message":"Page error: Chart is not defined , stack: ReferenceError: Chart is not defined\n    at <anonymous> (file:///tmp/jsreport/autocleanup/7d2ee582-ca7f-412a-b14f-285a363c5a95-chrome-pdf.html:46:13)","meta":{"rootId":"km3s4xk051u4v0a","id":"km3s4xk051u4v0a"},"id":"ysg5864ydkegmvb","previousOperationId":"xa1lnslp54zfqbc"}
{"type":"log","timestamp":1704992281133,"level":"debug","message":"Running chrome with params {\"printBackground\":true,\"timeout\":58605,\"margin\":{}}","meta":{"rootId":"km3s4xk051u4v0a","id":"km3s4xk051u4v0a"},"id":"82rk6pulqqhab9h","previousOperationId":"xa1lnslp54zfqbc"}
{"type":"operationEnd","operationId":"xa1lnslp54zfqbc","timestamp":1704992281147,"id":"62xzx5z6thahkn6","previousEventId":"pj207loisqaikv0","previousOperationId":"xa1lnslp54zfqbc"}
{"type":"log","timestamp":1704992281147,"level":"debug","message":"Skipping storing report.","meta":{"rootId":"km3s4xk051u4v0a","id":"km3s4xk051u4v0a"},"id":"knggzcpxffzjujz","previousOperationId":"xa1lnslp54zfqbc"}
{"type":"log","timestamp":1704992281147,"level":"info","message":"Rendering request 101 finished in 1461 ms","meta":{"rootId":"km3s4xk051u4v0a","id":"km3s4xk051u4v0a"},"id":"586977bbo5rymqo","previousOperationId":"xa1lnslp54zfqbc"}
{"type":"operationEnd","subtype":"render","operationId":"8i37hvhhnor93bf","timestamp":1704992281147,"id":"irx59mj3tirgoln","previousEventId":"62xzx5z6thahkn6","previousOperationId":"xa1lnslp54zfqbc"}
{"type":"operationEnd","doDiffs":false,"previousEventId":"2fi7vt1cylh8bm5","previousOperationId":"w3qcinomquntysm","operationId":"w3qcinomquntysm","timestamp":1704992281150,"id":"7zexnjvh66lbr8s"}
