{"type":"operationStart","subtype":"profile","data":{"_id":"EEHVv8yqVnoYf7Ds","timestamp":"2024-01-11T17:28:52.197Z","state":"queued","mode":"standard","creationDate":"2024-01-11T17:28:52.198Z","modificationDate":"2024-01-11T17:28:52.198Z","shortid":"1t1CPnP","$entitySet":"profiles"},"doDiffs":false,"timestamp":1704994132197,"id":"n34qet1xjxh2wwu","previousOperationId":null,"operationId":"ev74alr83d5p51y"}
{"type":"log","level":"info","message":"Render request 146 queued for execution and waiting for available worker","previousOperationId":"ev74alr83d5p51y","timestamp":1704994132197,"id":"5ewdpeghcq2himk"}
{"type":"operationStart","subtype":"render","name":"User_project","previousOperationId":"ev74alr83d5p51y","timestamp":1704994132201,"id":"59ooh8t5q1u4xoe","previousEventId":"n34qet1xjxh2wwu","operationId":"5nb656s72bn8vgd"}
{"type":"log","timestamp":1704994132201,"level":"info","message":"Starting rendering request 146","meta":{"rootId":"kopeo8flh2g8vht","id":"kopeo8flh2g8vht"},"id":"uakrimo5dv27jqu","previousOperationId":"5nb656s72bn8vgd"}
{"type":"log","timestamp":1704994132201,"level":"info","message":"Rendering template { name: User_project, recipe: chrome-pdf, engine: handlebars, preview: true }","meta":{"rootId":"kopeo8flh2g8vht","id":"kopeo8flh2g8vht"},"id":"m7itkv1sth6dd82","previousOperationId":"5nb656s72bn8vgd"}
{"type":"log","timestamp":1704994132202,"level":"debug","message":"Data item not defined for this template.","meta":{"rootId":"kopeo8flh2g8vht","id":"kopeo8flh2g8vht"},"id":"ng1am8nc689hjgc","previousOperationId":"5nb656s72bn8vgd"}
{"type":"log","timestamp":1704994132205,"level":"debug","message":"Executing script usabi-data (beforeRender)","meta":{"rootId":"kopeo8flh2g8vht","id":"kopeo8flh2g8vht"},"id":"0apu3gep9dulj3l","previousOperationId":"5nb656s72bn8vgd"}
{"type":"operationStart","subtype":"scriptsBeforeRender","name":"scripts beforeRender","timestamp":1704994132207,"id":"5fku75fi0tzrf28","previousEventId":"59ooh8t5q1u4xoe","operationId":"v7jenj96qpa510a","previousOperationId":"5nb656s72bn8vgd"}
{"type":"operationStart","subtype":"script","name":"scripts usabi-data","previousOperationId":"v7jenj96qpa510a","timestamp":1704994132207,"id":"021akae6ipxrziu","previousEventId":"5fku75fi0tzrf28","operationId":"p2c9dlyif9ho3up"}
{"type":"log","timestamp":1704994132226,"level":"debug","message":"(console:log) Datos obtenidos correctamente: {\n  user_project_data: [\n    { user_name: 'admin', projects: [Array] },\n    { user_name: 'aisha', projects: [Array] },\n    { user_name: 'carlos', projects: [Array] },\n    { user_name: 'adrian', projects: [Array] }\n  ]\n}","meta":{"userLevel":true,"rootId":"kopeo8flh2g8vht","id":"kopeo8flh2g8vht"},"id":"azvb6qegslk70bp","previousOperationId":"p2c9dlyif9ho3up"}
{"type":"log","timestamp":1704994132227,"level":"debug","message":"(console:log) Datos transformados: {\n  usabiData: [\n    { user_name: 'admin', projects: [Array] },\n    { user_name: 'aisha', projects: [Array] },\n    { user_name: 'carlos', projects: [Array] },\n    { user_name: 'adrian', projects: [Array] }\n  ]\n}","meta":{"userLevel":true,"rootId":"kopeo8flh2g8vht","id":"kopeo8flh2g8vht"},"id":"kbuxo9v3cgbq8tn","previousOperationId":"p2c9dlyif9ho3up"}
{"type":"operationEnd","operationId":"p2c9dlyif9ho3up","timestamp":1704994132227,"id":"j9wr7g2qp0kliej","previousEventId":"59ooh8t5q1u4xoe","previousOperationId":"5nb656s72bn8vgd"}
{"type":"log","timestamp":1704994132227,"level":"debug","message":"Executing script orders-script (beforeRender)","meta":{"rootId":"kopeo8flh2g8vht","id":"kopeo8flh2g8vht"},"id":"3t69lfk0wpe0t93","previousOperationId":"5nb656s72bn8vgd"}
{"type":"operationStart","subtype":"script","name":"scripts orders-script","previousOperationId":"v7jenj96qpa510a","timestamp":1704994132231,"id":"g0r1iiauqwzpa34","previousEventId":"j9wr7g2qp0kliej","operationId":"fc7q56b10x5vhpd"}
{"type":"operationEnd","operationId":"fc7q56b10x5vhpd","timestamp":1704994133607,"id":"c9u8s2a9nq612q9","previousEventId":"j9wr7g2qp0kliej","previousOperationId":"5nb656s72bn8vgd"}
{"type":"operationEnd","operationId":"v7jenj96qpa510a","timestamp":1704994133607,"id":"xxfohbei11xb9ke","previousEventId":"c9u8s2a9nq612q9","previousOperationId":"5nb656s72bn8vgd"}
{"type":"log","timestamp":1704994133607,"level":"debug","message":"Base url not specified, skipping its injection.","meta":{"rootId":"kopeo8flh2g8vht","id":"kopeo8flh2g8vht"},"id":"nksjp8uuhoooorl","previousOperationId":"v7jenj96qpa510a"}
{"type":"operationStart","subtype":"engine","name":"handlebars","timestamp":1704994133607,"id":"ei85f2d66fj29i2","previousEventId":"xxfohbei11xb9ke","operationId":"mbtefj4646ib8s2","previousOperationId":"v7jenj96qpa510a"}
{"type":"log","timestamp":1704994133607,"level":"debug","message":"Rendering engine handlebars","meta":{"rootId":"kopeo8flh2g8vht","id":"kopeo8flh2g8vht"},"id":"e87sg2dw9mc32cj","previousOperationId":"mbtefj4646ib8s2"}
{"type":"operationEnd","operationId":"mbtefj4646ib8s2","timestamp":1704994133621,"id":"e05bnw32uphfj8r","previousEventId":"ei85f2d66fj29i2","previousOperationId":"mbtefj4646ib8s2"}
{"type":"operationStart","subtype":"recipe","name":"chrome-pdf","timestamp":1704994133621,"id":"5i3ha7etvu03g1a","previousEventId":"e05bnw32uphfj8r","operationId":"bs9xld8i6m3mmmt","previousOperationId":"mbtefj4646ib8s2"}
{"type":"log","timestamp":1704994133621,"level":"debug","message":"Executing recipe chrome-pdf","meta":{"rootId":"kopeo8flh2g8vht","id":"kopeo8flh2g8vht"},"id":"mdjo8vk03moj5qx","previousOperationId":"bs9xld8i6m3mmmt"}
{"type":"log","timestamp":1704994133623,"level":"debug","message":"Converting with chrome HeadlessChrome/117.0.5938.149 using chrome-pool strategy","meta":{"rootId":"kopeo8flh2g8vht","id":"kopeo8flh2g8vht"},"id":"m6nkqlhrqnsjowu","previousOperationId":"bs9xld8i6m3mmmt"}
{"type":"log","timestamp":1704994133654,"level":"debug","message":"Page request: GET (document) file:///tmp/jsreport/autocleanup/6d2b0a82-1f79-4a63-9244-78abc0313d0a-chrome-pdf.html","meta":{"rootId":"kopeo8flh2g8vht","id":"kopeo8flh2g8vht"},"id":"9kybxf3exjxcrqe","previousOperationId":"bs9xld8i6m3mmmt"}
{"type":"log","timestamp":1704994133660,"level":"debug","message":"Page request: GET (script) https://cdn.jsdelivr.net/npm/chart.js","meta":{"rootId":"kopeo8flh2g8vht","id":"kopeo8flh2g8vht"},"id":"zei9gfdlgi7digs","previousOperationId":"bs9xld8i6m3mmmt"}
{"type":"log","timestamp":1704994133661,"level":"debug","message":"Page request finished: GET (document) 200 file:///tmp/jsreport/autocleanup/6d2b0a82-1f79-4a63-9244-78abc0313d0a-chrome-pdf.html","meta":{"rootId":"kopeo8flh2g8vht","id":"kopeo8flh2g8vht"},"id":"lclbgt5qd0leaa3","previousOperationId":"bs9xld8i6m3mmmt"}
{"type":"log","timestamp":1704994133664,"level":"debug","message":"Page request finished: GET (script) 200 https://cdn.jsdelivr.net/npm/chart.js","meta":{"rootId":"kopeo8flh2g8vht","id":"kopeo8flh2g8vht"},"id":"hyd09s8mqmhooud","previousOperationId":"bs9xld8i6m3mmmt"}
{"type":"log","timestamp":1704994133667,"level":"debug","message":"Running chrome with params {\"printBackground\":true,\"timeout\":58575,\"margin\":{}}","meta":{"rootId":"kopeo8flh2g8vht","id":"kopeo8flh2g8vht"},"id":"vvvvf3ghmp2ejb0","previousOperationId":"bs9xld8i6m3mmmt"}
{"type":"operationEnd","operationId":"bs9xld8i6m3mmmt","timestamp":1704994133673,"id":"8yjn8nypygskeyk","previousEventId":"5i3ha7etvu03g1a","previousOperationId":"bs9xld8i6m3mmmt"}
{"type":"log","timestamp":1704994133673,"level":"debug","message":"Skipping storing report.","meta":{"rootId":"kopeo8flh2g8vht","id":"kopeo8flh2g8vht"},"id":"zmnal9bfl7akl5o","previousOperationId":"bs9xld8i6m3mmmt"}
{"type":"log","timestamp":1704994133673,"level":"info","message":"Rendering request 146 finished in 1476 ms","meta":{"rootId":"kopeo8flh2g8vht","id":"kopeo8flh2g8vht"},"id":"iww0qm0fd0387a2","previousOperationId":"bs9xld8i6m3mmmt"}
{"type":"operationEnd","subtype":"render","operationId":"5nb656s72bn8vgd","timestamp":1704994133673,"id":"65a39v71ei04pur","previousEventId":"8yjn8nypygskeyk","previousOperationId":"bs9xld8i6m3mmmt"}
{"type":"operationEnd","doDiffs":false,"previousEventId":"n34qet1xjxh2wwu","previousOperationId":"ev74alr83d5p51y","operationId":"ev74alr83d5p51y","timestamp":1704994133677,"id":"2vjtzhmx784emo4"}
