{"type":"operationStart","subtype":"profile","data":{"_id":"Z30imG1YvzY9uPOD","timestamp":"2024-01-11T17:59:23.281Z","state":"queued","mode":"standard","creationDate":"2024-01-11T17:59:23.281Z","modificationDate":"2024-01-11T17:59:23.281Z","shortid":"E_ZVla1","$entitySet":"profiles"},"doDiffs":false,"timestamp":1704995963281,"id":"0qymrk1o4vln4an","previousOperationId":null,"operationId":"80ckz8wdkkdslbx"}
{"type":"log","level":"info","message":"Render request 32 queued for execution and waiting for available worker","previousOperationId":"80ckz8wdkkdslbx","timestamp":1704995963281,"id":"v9nd91dm28aui9v"}
{"type":"operationStart","subtype":"render","name":"User_project","previousOperationId":"80ckz8wdkkdslbx","timestamp":1704995963286,"id":"h6rn2p2wja330jt","previousEventId":"0qymrk1o4vln4an","operationId":"bb7z39ruwq0em8l"}
{"type":"log","timestamp":1704995963286,"level":"info","message":"Starting rendering request 32","meta":{"rootId":"kpfv2n3njaiy6cm","id":"kpfv2n3njaiy6cm"},"id":"f6l2wxaagmoumes","previousOperationId":"bb7z39ruwq0em8l"}
{"type":"log","timestamp":1704995963286,"level":"info","message":"Rendering template { name: User_project, recipe: chrome-pdf, engine: handlebars, preview: true }","meta":{"rootId":"kpfv2n3njaiy6cm","id":"kpfv2n3njaiy6cm"},"id":"7kz0aqtfaa478l1","previousOperationId":"bb7z39ruwq0em8l"}
{"type":"log","timestamp":1704995963287,"level":"debug","message":"Data item not defined for this template.","meta":{"rootId":"kpfv2n3njaiy6cm","id":"kpfv2n3njaiy6cm"},"id":"kexjni4uxf6k7ec","previousOperationId":"bb7z39ruwq0em8l"}
{"type":"log","timestamp":1704995963288,"level":"debug","message":"Executing script usabi-data (beforeRender)","meta":{"rootId":"kpfv2n3njaiy6cm","id":"kpfv2n3njaiy6cm"},"id":"5i3852ah5bnrt4s","previousOperationId":"bb7z39ruwq0em8l"}
{"type":"operationStart","subtype":"scriptsBeforeRender","name":"scripts beforeRender","timestamp":1704995963293,"id":"sm528i5u8jaatex","previousEventId":"h6rn2p2wja330jt","operationId":"k9m41t8nxqlzxpp","previousOperationId":"bb7z39ruwq0em8l"}
{"type":"operationStart","subtype":"script","name":"scripts usabi-data","previousOperationId":"k9m41t8nxqlzxpp","timestamp":1704995963293,"id":"q265t1gt84z4t9y","previousEventId":"sm528i5u8jaatex","operationId":"0qijxxcj75d7pvf"}
{"type":"operationEnd","operationId":"0qijxxcj75d7pvf","timestamp":1704995963311,"id":"0t60r1gvdikdcjk","previousEventId":"h6rn2p2wja330jt","previousOperationId":"bb7z39ruwq0em8l"}
{"type":"log","timestamp":1704995963311,"level":"debug","message":"Executing script orders-script (beforeRender)","meta":{"rootId":"kpfv2n3njaiy6cm","id":"kpfv2n3njaiy6cm"},"id":"cxbsgu0m73sesly","previousOperationId":"bb7z39ruwq0em8l"}
{"type":"operationStart","subtype":"script","name":"scripts orders-script","previousOperationId":"k9m41t8nxqlzxpp","timestamp":1704995963317,"id":"3djmg6a3fyd8p2p","previousEventId":"0t60r1gvdikdcjk","operationId":"58yhdy7ozrpmjvd"}
{"type":"operationEnd","operationId":"58yhdy7ozrpmjvd","timestamp":1704995964658,"id":"u07ie7h5qvfitn6","previousEventId":"0t60r1gvdikdcjk","previousOperationId":"bb7z39ruwq0em8l"}
{"type":"operationEnd","operationId":"k9m41t8nxqlzxpp","timestamp":1704995964658,"id":"n063kr4zyft1pps","previousEventId":"u07ie7h5qvfitn6","previousOperationId":"bb7z39ruwq0em8l"}
{"type":"log","timestamp":1704995964658,"level":"debug","message":"Base url not specified, skipping its injection.","meta":{"rootId":"kpfv2n3njaiy6cm","id":"kpfv2n3njaiy6cm"},"id":"l5tv0rfclbg6f2h","previousOperationId":"k9m41t8nxqlzxpp"}
{"type":"operationStart","subtype":"engine","name":"handlebars","timestamp":1704995964658,"id":"nygdangj6mrnguj","previousEventId":"n063kr4zyft1pps","operationId":"lkyq1b3zwh1tij2","previousOperationId":"k9m41t8nxqlzxpp"}
{"type":"log","timestamp":1704995964658,"level":"debug","message":"Rendering engine handlebars","meta":{"rootId":"kpfv2n3njaiy6cm","id":"kpfv2n3njaiy6cm"},"id":"lmhmr4mbjiaytyx","previousOperationId":"lkyq1b3zwh1tij2"}
{"type":"operationEnd","operationId":"lkyq1b3zwh1tij2","timestamp":1704995964664,"id":"kpsmheh4wpyl739","previousEventId":"nygdangj6mrnguj","previousOperationId":"lkyq1b3zwh1tij2"}
{"type":"operationStart","subtype":"recipe","name":"chrome-pdf","timestamp":1704995964664,"id":"3waat0h9end7we7","previousEventId":"kpsmheh4wpyl739","operationId":"3ghcfxf110o56uv","previousOperationId":"lkyq1b3zwh1tij2"}
{"type":"log","timestamp":1704995964664,"level":"debug","message":"Executing recipe chrome-pdf","meta":{"rootId":"kpfv2n3njaiy6cm","id":"kpfv2n3njaiy6cm"},"id":"vexvyiimx7jhmrh","previousOperationId":"3ghcfxf110o56uv"}
{"type":"log","timestamp":1704995964672,"level":"debug","message":"Converting with chrome HeadlessChrome/117.0.5938.149 using chrome-pool strategy","meta":{"rootId":"kpfv2n3njaiy6cm","id":"kpfv2n3njaiy6cm"},"id":"lqxod8g3cw7m3vo","previousOperationId":"3ghcfxf110o56uv"}
{"type":"log","timestamp":1704995964715,"level":"debug","message":"Page request: GET (document) file:///tmp/jsreport/autocleanup/b610682c-a531-4355-8c98-69ef873e5a18-chrome-pdf.html","meta":{"rootId":"kpfv2n3njaiy6cm","id":"kpfv2n3njaiy6cm"},"id":"eyl3fy2y6yrl8a7","previousOperationId":"3ghcfxf110o56uv"}
{"type":"log","timestamp":1704995964721,"level":"debug","message":"Page request: GET (script) https://cdn.jsdelivr.net/npm/chart.js","meta":{"rootId":"kpfv2n3njaiy6cm","id":"kpfv2n3njaiy6cm"},"id":"dwfy2r1vcqvdbzz","previousOperationId":"3ghcfxf110o56uv"}
{"type":"log","timestamp":1704995964721,"level":"debug","message":"Page request finished: GET (document) 200 file:///tmp/jsreport/autocleanup/b610682c-a531-4355-8c98-69ef873e5a18-chrome-pdf.html","meta":{"rootId":"kpfv2n3njaiy6cm","id":"kpfv2n3njaiy6cm"},"id":"b8z2p0hja74r0aa","previousOperationId":"3ghcfxf110o56uv"}
{"type":"log","timestamp":1704995964725,"level":"debug","message":"Page request finished: GET (script) 200 https://cdn.jsdelivr.net/npm/chart.js","meta":{"rootId":"kpfv2n3njaiy6cm","id":"kpfv2n3njaiy6cm"},"id":"02ok2n9733ve16t","previousOperationId":"3ghcfxf110o56uv"}
{"type":"log","timestamp":1704995964730,"level":"debug","message":"(console:error) Failed to create chart: can't acquire context from the given item","meta":{"userLevel":true,"rootId":"kpfv2n3njaiy6cm","id":"kpfv2n3njaiy6cm"},"id":"4b5c87elgfct8w7","previousOperationId":"3ghcfxf110o56uv"}
{"type":"log","timestamp":1704995964730,"level":"warn","message":"Page error: Cannot read properties of null (reading 'id') , stack: TypeError: Cannot read properties of null (reading 'id')\n    at An (https://cdn.jsdelivr.net/npm/chart.js:19:89771)\n    at <anonymous> (file:///tmp/jsreport/autocleanup/b610682c-a531-4355-8c98-69ef873e5a18-chrome-pdf.html:69:9)","meta":{"rootId":"kpfv2n3njaiy6cm","id":"kpfv2n3njaiy6cm"},"id":"grqf30cp004nrmk","previousOperationId":"3ghcfxf110o56uv"}
{"type":"log","timestamp":1704995964730,"level":"warn","message":"Page error: Cannot read properties of null (reading 'id') , stack: TypeError: Cannot read properties of null (reading 'id')\n    at An (https://cdn.jsdelivr.net/npm/chart.js:19:89771)\n    at <anonymous> (file:///tmp/jsreport/autocleanup/b610682c-a531-4355-8c98-69ef873e5a18-chrome-pdf.html:112:9)","meta":{"rootId":"kpfv2n3njaiy6cm","id":"kpfv2n3njaiy6cm"},"id":"x5vn4pn8lz00bsp","previousOperationId":"3ghcfxf110o56uv"}
{"type":"log","timestamp":1704995964730,"level":"warn","message":"Page error: Cannot read properties of null (reading 'id') , stack: TypeError: Cannot read properties of null (reading 'id')\n    at An (https://cdn.jsdelivr.net/npm/chart.js:19:89771)\n    at <anonymous> (file:///tmp/jsreport/autocleanup/b610682c-a531-4355-8c98-69ef873e5a18-chrome-pdf.html:153:9)","meta":{"rootId":"kpfv2n3njaiy6cm","id":"kpfv2n3njaiy6cm"},"id":"mdqmnydbctrrlyn","previousOperationId":"3ghcfxf110o56uv"}
{"type":"log","timestamp":1704995964735,"level":"debug","message":"Running chrome with params {\"printBackground\":true,\"timeout\":58613,\"margin\":{}}","meta":{"rootId":"kpfv2n3njaiy6cm","id":"kpfv2n3njaiy6cm"},"id":"mup8bqt2mth9ih8","previousOperationId":"3ghcfxf110o56uv"}
{"type":"operationEnd","operationId":"3ghcfxf110o56uv","timestamp":1704995964745,"id":"i1xwewa4428t1bq","previousEventId":"3waat0h9end7we7","previousOperationId":"3ghcfxf110o56uv"}
{"type":"log","timestamp":1704995964745,"level":"debug","message":"Skipping storing report.","meta":{"rootId":"kpfv2n3njaiy6cm","id":"kpfv2n3njaiy6cm"},"id":"auop3a4wem6fjbl","previousOperationId":"3ghcfxf110o56uv"}
{"type":"log","timestamp":1704995964745,"level":"info","message":"Rendering request 32 finished in 1464 ms","meta":{"rootId":"kpfv2n3njaiy6cm","id":"kpfv2n3njaiy6cm"},"id":"qm8jdgxpoj4k912","previousOperationId":"3ghcfxf110o56uv"}
{"type":"operationEnd","subtype":"render","operationId":"bb7z39ruwq0em8l","timestamp":1704995964745,"id":"s14mqvjkccyieir","previousEventId":"i1xwewa4428t1bq","previousOperationId":"3ghcfxf110o56uv"}
{"type":"operationEnd","doDiffs":false,"previousEventId":"0qymrk1o4vln4an","previousOperationId":"80ckz8wdkkdslbx","operationId":"80ckz8wdkkdslbx","timestamp":1704995964751,"id":"w1hssqbneq0g4km"}
