{"type":"operationStart","subtype":"profile","data":{"_id":"krWv4MfngjFqcUDj","timestamp":"2024-01-11T18:23:20.789Z","state":"queued","mode":"standard","creationDate":"2024-01-11T18:23:20.790Z","modificationDate":"2024-01-11T18:23:20.790Z","shortid":"QM7Aqwf","$entitySet":"profiles"},"doDiffs":false,"timestamp":1704997400789,"id":"qj1399oj1bfi5vj","previousOperationId":null,"operationId":"vfa7mxsczn6yovi"}
{"type":"log","level":"info","message":"Render request 12 queued for execution and waiting for available worker","previousOperationId":"vfa7mxsczn6yovi","timestamp":1704997400790,"id":"4bff2xwgq3qb504"}
{"type":"operationStart","subtype":"render","name":"User_project","previousOperationId":"vfa7mxsczn6yovi","timestamp":1704997400810,"id":"g4ufrx1z2tj18cj","previousEventId":"qj1399oj1bfi5vj","operationId":"wiujdc4k0s271jb"}
{"type":"log","timestamp":1704997400810,"level":"info","message":"Starting rendering request 12","meta":{"rootId":"kpjcf5fv1ypk65b","id":"kpjcf5fv1ypk65b"},"id":"uqmwr2z6gaowh9q","previousOperationId":"wiujdc4k0s271jb"}
{"type":"log","timestamp":1704997400810,"level":"info","message":"Rendering template { name: User_project, recipe: chrome-pdf, engine: handlebars, preview: true }","meta":{"rootId":"kpjcf5fv1ypk65b","id":"kpjcf5fv1ypk65b"},"id":"3zqtfla1llmse4z","previousOperationId":"wiujdc4k0s271jb"}
{"type":"log","timestamp":1704997400811,"level":"debug","message":"Data item not defined for this template.","meta":{"rootId":"kpjcf5fv1ypk65b","id":"kpjcf5fv1ypk65b"},"id":"6gpp4tuiac6eb6z","previousOperationId":"wiujdc4k0s271jb"}
{"type":"log","timestamp":1704997400817,"level":"debug","message":"Executing script usabi-data (beforeRender)","meta":{"rootId":"kpjcf5fv1ypk65b","id":"kpjcf5fv1ypk65b"},"id":"cwclpebg8dy9msr","previousOperationId":"wiujdc4k0s271jb"}
{"type":"operationStart","subtype":"scriptsBeforeRender","name":"scripts beforeRender","timestamp":1704997400823,"id":"rhuz1d2um44zh7s","previousEventId":"g4ufrx1z2tj18cj","operationId":"bas4or7bj2h200d","previousOperationId":"wiujdc4k0s271jb"}
{"type":"operationStart","subtype":"script","name":"scripts usabi-data","previousOperationId":"bas4or7bj2h200d","timestamp":1704997400823,"id":"t6bmq5mz1ps63vg","previousEventId":"rhuz1d2um44zh7s","operationId":"uwetx6rc2grps7q"}
{"type":"operationEnd","operationId":"uwetx6rc2grps7q","timestamp":1704997400842,"id":"hw88va2xtjhz8qz","previousEventId":"g4ufrx1z2tj18cj","previousOperationId":"wiujdc4k0s271jb"}
{"type":"log","timestamp":1704997400842,"level":"debug","message":"Executing script orders-script (beforeRender)","meta":{"rootId":"kpjcf5fv1ypk65b","id":"kpjcf5fv1ypk65b"},"id":"2zsdwno42os9s9j","previousOperationId":"wiujdc4k0s271jb"}
{"type":"operationStart","subtype":"script","name":"scripts orders-script","previousOperationId":"bas4or7bj2h200d","timestamp":1704997400846,"id":"anf6nkjcb6m8psb","previousEventId":"hw88va2xtjhz8qz","operationId":"i9mbuog1i0bak46"}
{"type":"operationEnd","operationId":"i9mbuog1i0bak46","timestamp":1704997402258,"id":"w81xcmqys9zifbg","previousEventId":"hw88va2xtjhz8qz","previousOperationId":"wiujdc4k0s271jb"}
{"type":"operationEnd","operationId":"bas4or7bj2h200d","timestamp":1704997402258,"id":"yfszt66bbncc3u0","previousEventId":"w81xcmqys9zifbg","previousOperationId":"wiujdc4k0s271jb"}
{"type":"log","timestamp":1704997402258,"level":"debug","message":"Base url not specified, skipping its injection.","meta":{"rootId":"kpjcf5fv1ypk65b","id":"kpjcf5fv1ypk65b"},"id":"hlbvmjxpykist2v","previousOperationId":"bas4or7bj2h200d"}
{"type":"operationStart","subtype":"engine","name":"handlebars","timestamp":1704997402258,"id":"y7zm9a22cyo7fjm","previousEventId":"yfszt66bbncc3u0","operationId":"t2vy6f1w5m5qhiu","previousOperationId":"bas4or7bj2h200d"}
{"type":"log","timestamp":1704997402258,"level":"debug","message":"Rendering engine handlebars","meta":{"rootId":"kpjcf5fv1ypk65b","id":"kpjcf5fv1ypk65b"},"id":"pe8qqdebg8z5y4e","previousOperationId":"t2vy6f1w5m5qhiu"}
{"type":"operationEnd","operationId":"t2vy6f1w5m5qhiu","timestamp":1704997402274,"id":"oy9fizylym8psoz","previousEventId":"y7zm9a22cyo7fjm","previousOperationId":"t2vy6f1w5m5qhiu"}
{"type":"operationStart","subtype":"recipe","name":"chrome-pdf","timestamp":1704997402275,"id":"a2quxww8a54qgcb","previousEventId":"oy9fizylym8psoz","operationId":"8fo0ze0oj5k0g31","previousOperationId":"t2vy6f1w5m5qhiu"}
{"type":"log","timestamp":1704997402275,"level":"debug","message":"Executing recipe chrome-pdf","meta":{"rootId":"kpjcf5fv1ypk65b","id":"kpjcf5fv1ypk65b"},"id":"itbtjvn4ks0bvg8","previousOperationId":"8fo0ze0oj5k0g31"}
{"type":"log","timestamp":1704997402276,"level":"debug","message":"Converting with chrome HeadlessChrome/117.0.5938.149 using chrome-pool strategy","meta":{"rootId":"kpjcf5fv1ypk65b","id":"kpjcf5fv1ypk65b"},"id":"k909o8rlx6i7yo4","previousOperationId":"8fo0ze0oj5k0g31"}
{"type":"log","timestamp":1704997402303,"level":"debug","message":"Page request: GET (document) file:///tmp/jsreport/autocleanup/6845f1e1-f018-4159-9830-6d88dccdcdc4-chrome-pdf.html","meta":{"rootId":"kpjcf5fv1ypk65b","id":"kpjcf5fv1ypk65b"},"id":"oi88fxs158er0mi","previousOperationId":"8fo0ze0oj5k0g31"}
{"type":"log","timestamp":1704997402309,"level":"debug","message":"Page request: GET (script) https://cdn.jsdelivr.net/npm/chart.js","meta":{"rootId":"kpjcf5fv1ypk65b","id":"kpjcf5fv1ypk65b"},"id":"onfrs5hskytu5nv","previousOperationId":"8fo0ze0oj5k0g31"}
{"type":"log","timestamp":1704997402310,"level":"debug","message":"Page request finished: GET (document) 200 file:///tmp/jsreport/autocleanup/6845f1e1-f018-4159-9830-6d88dccdcdc4-chrome-pdf.html","meta":{"rootId":"kpjcf5fv1ypk65b","id":"kpjcf5fv1ypk65b"},"id":"6ic1t6rnd62syzt","previousOperationId":"8fo0ze0oj5k0g31"}
{"type":"log","timestamp":1704997402312,"level":"debug","message":"Page request finished: GET (script) 200 https://cdn.jsdelivr.net/npm/chart.js","meta":{"rootId":"kpjcf5fv1ypk65b","id":"kpjcf5fv1ypk65b"},"id":"98qeturu48y5t0l","previousOperationId":"8fo0ze0oj5k0g31"}
{"type":"log","timestamp":1704997402364,"level":"debug","message":"Running chrome with params {\"printBackground\":true,\"timeout\":58514,\"margin\":{}}","meta":{"rootId":"kpjcf5fv1ypk65b","id":"kpjcf5fv1ypk65b"},"id":"rleg92nstzfx44k","previousOperationId":"8fo0ze0oj5k0g31"}
{"type":"operationEnd","operationId":"8fo0ze0oj5k0g31","timestamp":1704997402383,"id":"pcpcpg53iz1fiqc","previousEventId":"a2quxww8a54qgcb","previousOperationId":"8fo0ze0oj5k0g31"}
{"type":"log","timestamp":1704997402383,"level":"debug","message":"Skipping storing report.","meta":{"rootId":"kpjcf5fv1ypk65b","id":"kpjcf5fv1ypk65b"},"id":"0ztd0cldlpn3dry","previousOperationId":"8fo0ze0oj5k0g31"}
{"type":"log","timestamp":1704997402383,"level":"info","message":"Rendering request 12 finished in 1594 ms","meta":{"rootId":"kpjcf5fv1ypk65b","id":"kpjcf5fv1ypk65b"},"id":"mjwp0z3oos5jm76","previousOperationId":"8fo0ze0oj5k0g31"}
{"type":"operationEnd","subtype":"render","operationId":"wiujdc4k0s271jb","timestamp":1704997402383,"id":"82zo7qto28uz43g","previousEventId":"pcpcpg53iz1fiqc","previousOperationId":"8fo0ze0oj5k0g31"}
{"type":"operationEnd","doDiffs":false,"previousEventId":"qj1399oj1bfi5vj","previousOperationId":"vfa7mxsczn6yovi","operationId":"vfa7mxsczn6yovi","timestamp":1704997402385,"id":"7jc7b601cvo13jn"}
