{"type":"operationStart","subtype":"profile","data":{"_id":"ymUumGat9bR50yIu","timestamp":"2024-01-11T18:14:27.988Z","state":"queued","mode":"standard","creationDate":"2024-01-11T18:14:27.991Z","modificationDate":"2024-01-11T18:14:27.991Z","shortid":"3K3CwXT","$entitySet":"profiles"},"doDiffs":false,"timestamp":1704996867990,"id":"3hxkcrarrsiay5o","previousOperationId":null,"operationId":"b166jwcyw2elyrb"}
{"type":"log","level":"info","message":"Render request 1 queued for execution and waiting for available worker","previousOperationId":"b166jwcyw2elyrb","timestamp":1704996867990,"id":"mjalrboy79r7l9l"}
{"type":"operationStart","subtype":"render","name":"User_project","previousOperationId":"b166jwcyw2elyrb","timestamp":1704996868016,"id":"zlttn97lvl0asbe","previousEventId":"3hxkcrarrsiay5o","operationId":"m6w2mbtagum4lh0"}
{"type":"log","timestamp":1704996868017,"level":"info","message":"Starting rendering request 1","meta":{"rootId":"kw1ohd7ae847do1","id":"kw1ohd7ae847do1"},"id":"8u9xoqjddi9tpp6","previousOperationId":"m6w2mbtagum4lh0"}
{"type":"log","timestamp":1704996868017,"level":"info","message":"Rendering template { name: User_project, recipe: chrome-pdf, engine: handlebars, preview: true }","meta":{"rootId":"kw1ohd7ae847do1","id":"kw1ohd7ae847do1"},"id":"t0zhxhgjf3gnp7q","previousOperationId":"m6w2mbtagum4lh0"}
{"type":"log","timestamp":1704996868019,"level":"debug","message":"Data item not defined for this template.","meta":{"rootId":"kw1ohd7ae847do1","id":"kw1ohd7ae847do1"},"id":"dywwv0dmdrdnkd8","previousOperationId":"m6w2mbtagum4lh0"}
{"type":"log","timestamp":1704996868021,"level":"debug","message":"Executing script usabi-data (beforeRender)","meta":{"rootId":"kw1ohd7ae847do1","id":"kw1ohd7ae847do1"},"id":"3siswsrkls61neo","previousOperationId":"m6w2mbtagum4lh0"}
{"type":"operationStart","subtype":"scriptsBeforeRender","name":"scripts beforeRender","timestamp":1704996868158,"id":"md9p8z1463xohyy","previousEventId":"zlttn97lvl0asbe","operationId":"c60tvjerousfut4","previousOperationId":"m6w2mbtagum4lh0"}
{"type":"operationStart","subtype":"script","name":"scripts usabi-data","previousOperationId":"c60tvjerousfut4","timestamp":1704996868158,"id":"52ncbypw8pcvvgw","previousEventId":"md9p8z1463xohyy","operationId":"8ibiab7o9qjntbw"}
{"type":"operationEnd","operationId":"8ibiab7o9qjntbw","timestamp":1704996868177,"id":"li5wi9xhpt5xccv","previousEventId":"zlttn97lvl0asbe","previousOperationId":"m6w2mbtagum4lh0"}
{"type":"log","timestamp":1704996868178,"level":"debug","message":"Executing script orders-script (beforeRender)","meta":{"rootId":"kw1ohd7ae847do1","id":"kw1ohd7ae847do1"},"id":"5ee2y4zhe1rbe52","previousOperationId":"m6w2mbtagum4lh0"}
{"type":"operationStart","subtype":"script","name":"scripts orders-script","previousOperationId":"c60tvjerousfut4","timestamp":1704996868190,"id":"gz7y8n9e2chfwxo","previousEventId":"li5wi9xhpt5xccv","operationId":"kfzu5fk8mzto3lz"}
{"type":"operationEnd","operationId":"kfzu5fk8mzto3lz","timestamp":1704996869599,"id":"mhsfo03qfnrz5cw","previousEventId":"li5wi9xhpt5xccv","previousOperationId":"m6w2mbtagum4lh0"}
{"type":"operationEnd","operationId":"c60tvjerousfut4","timestamp":1704996869599,"id":"r5fq1okgm6rxopm","previousEventId":"mhsfo03qfnrz5cw","previousOperationId":"m6w2mbtagum4lh0"}
{"type":"log","timestamp":1704996869599,"level":"debug","message":"Base url not specified, skipping its injection.","meta":{"rootId":"kw1ohd7ae847do1","id":"kw1ohd7ae847do1"},"id":"zxuydgn53iwrpzw","previousOperationId":"c60tvjerousfut4"}
{"type":"operationStart","subtype":"engine","name":"handlebars","timestamp":1704996869599,"id":"g24gjo34n4s09sc","previousEventId":"r5fq1okgm6rxopm","operationId":"3r9dfx57tw4ay67","previousOperationId":"c60tvjerousfut4"}
{"type":"log","timestamp":1704996869599,"level":"debug","message":"Rendering engine handlebars","meta":{"rootId":"kw1ohd7ae847do1","id":"kw1ohd7ae847do1"},"id":"smtlz2bcf1inhi4","previousOperationId":"3r9dfx57tw4ay67"}
{"type":"operationEnd","operationId":"3r9dfx57tw4ay67","timestamp":1704996869786,"id":"v0orb2qmsrqksjg","previousEventId":"g24gjo34n4s09sc","previousOperationId":"3r9dfx57tw4ay67"}
{"type":"operationStart","subtype":"recipe","name":"chrome-pdf","timestamp":1704996869787,"id":"f0xx3jo9c785t0a","previousEventId":"v0orb2qmsrqksjg","operationId":"rl4pm8b220lh4sh","previousOperationId":"3r9dfx57tw4ay67"}
{"type":"log","timestamp":1704996869787,"level":"debug","message":"Executing recipe chrome-pdf","meta":{"rootId":"kw1ohd7ae847do1","id":"kw1ohd7ae847do1"},"id":"hxh1xzi4x20x98g","previousOperationId":"rl4pm8b220lh4sh"}
{"type":"log","timestamp":1704996870140,"level":"debug","message":"Converting with chrome HeadlessChrome/117.0.5938.149 using chrome-pool strategy","meta":{"rootId":"kw1ohd7ae847do1","id":"kw1ohd7ae847do1"},"id":"8jc2it9jlx5k5xn","previousOperationId":"rl4pm8b220lh4sh"}
{"type":"log","timestamp":1704996870199,"level":"debug","message":"Page request: GET (document) file:///tmp/jsreport/autocleanup/63ab7661-711e-4edf-a856-d07869638f9d-chrome-pdf.html","meta":{"rootId":"kw1ohd7ae847do1","id":"kw1ohd7ae847do1"},"id":"hy7nc0mvqprzxdk","previousOperationId":"rl4pm8b220lh4sh"}
{"type":"log","timestamp":1704996870206,"level":"debug","message":"Page request: GET (script) https://cdn.jsdelivr.net/npm/chart.js","meta":{"rootId":"kw1ohd7ae847do1","id":"kw1ohd7ae847do1"},"id":"0t991xu6qpmngc7","previousOperationId":"rl4pm8b220lh4sh"}
{"type":"log","timestamp":1704996870206,"level":"debug","message":"Page request finished: GET (document) 200 file:///tmp/jsreport/autocleanup/63ab7661-711e-4edf-a856-d07869638f9d-chrome-pdf.html","meta":{"rootId":"kw1ohd7ae847do1","id":"kw1ohd7ae847do1"},"id":"w9348s68ypha9w2","previousOperationId":"rl4pm8b220lh4sh"}
{"type":"log","timestamp":1704996870466,"level":"debug","message":"Page request finished: GET (script) 200 https://cdn.jsdelivr.net/npm/chart.js","meta":{"rootId":"kw1ohd7ae847do1","id":"kw1ohd7ae847do1"},"id":"wuv2qw7vgr4xnrl","previousOperationId":"rl4pm8b220lh4sh"}
{"type":"log","timestamp":1704996870470,"level":"warn","message":"Page error: Unexpected identifier 'Object' , stack: SyntaxError: Unexpected identifier 'Object'","meta":{"rootId":"kw1ohd7ae847do1","id":"kw1ohd7ae847do1"},"id":"6mfgkajh20rr0t3","previousOperationId":"rl4pm8b220lh4sh"}
{"type":"log","timestamp":1704996870477,"level":"debug","message":"Running chrome with params {\"printBackground\":true,\"timeout\":58063,\"margin\":{}}","meta":{"rootId":"kw1ohd7ae847do1","id":"kw1ohd7ae847do1"},"id":"21yr1wmcjrjoumx","previousOperationId":"rl4pm8b220lh4sh"}
{"type":"operationEnd","operationId":"rl4pm8b220lh4sh","timestamp":1704996870488,"id":"yrq5lekbd7p9lwz","previousEventId":"f0xx3jo9c785t0a","previousOperationId":"rl4pm8b220lh4sh"}
{"type":"log","timestamp":1704996870489,"level":"debug","message":"Skipping storing report.","meta":{"rootId":"kw1ohd7ae847do1","id":"kw1ohd7ae847do1"},"id":"xe11zu8xo5wvz84","previousOperationId":"rl4pm8b220lh4sh"}
{"type":"log","timestamp":1704996870489,"level":"info","message":"Rendering request 1 finished in 2502 ms","meta":{"rootId":"kw1ohd7ae847do1","id":"kw1ohd7ae847do1"},"id":"mypw3ammie4rs0l","previousOperationId":"rl4pm8b220lh4sh"}
{"type":"operationEnd","subtype":"render","operationId":"m6w2mbtagum4lh0","timestamp":1704996870489,"id":"u2qkey1q9jjetpi","previousEventId":"yrq5lekbd7p9lwz","previousOperationId":"rl4pm8b220lh4sh"}
{"type":"operationEnd","doDiffs":false,"previousEventId":"3hxkcrarrsiay5o","previousOperationId":"b166jwcyw2elyrb","operationId":"b166jwcyw2elyrb","timestamp":1704996870495,"id":"2z9r56vjbycy39g"}
