{"type":"operationStart","subtype":"profile","data":{"_id":"03Kf8ER9brOQsmGx","timestamp":"2024-01-11T18:55:55.897Z","state":"queued","mode":"standard","creationDate":"2024-01-11T18:55:55.897Z","modificationDate":"2024-01-11T18:55:55.897Z","shortid":"Sv0UFsk","$entitySet":"profiles"},"doDiffs":false,"timestamp":1704999355897,"id":"gnh1if5ptw2fxhg","previousOperationId":null,"operationId":"v4r8xx3kj0jguzp"}
{"type":"log","level":"info","message":"Render request 50 queued for execution and waiting for available worker","previousOperationId":"v4r8xx3kj0jguzp","timestamp":1704999355897,"id":"mhd1f3v0k675hd1"}
{"type":"operationStart","subtype":"render","name":"User_project","previousOperationId":"v4r8xx3kj0jguzp","timestamp":1704999355901,"id":"00caxqy724kgyrl","previousEventId":"gnh1if5ptw2fxhg","operationId":"hjw7k4906uu44lb"}
{"type":"log","timestamp":1704999355901,"level":"info","message":"Starting rendering request 50","meta":{"rootId":"kw7gfivr9p16yzw","id":"kw7gfivr9p16yzw"},"id":"as6szvclyk8vqmv","previousOperationId":"hjw7k4906uu44lb"}
{"type":"log","timestamp":1704999355902,"level":"info","message":"Rendering template { name: User_project, recipe: chrome-pdf, engine: handlebars, preview: true }","meta":{"rootId":"kw7gfivr9p16yzw","id":"kw7gfivr9p16yzw"},"id":"5o9uvm0dixs4jyl","previousOperationId":"hjw7k4906uu44lb"}
{"type":"log","timestamp":1704999355902,"level":"debug","message":"Data item not defined for this template.","meta":{"rootId":"kw7gfivr9p16yzw","id":"kw7gfivr9p16yzw"},"id":"3m5pl8xshfpswzt","previousOperationId":"hjw7k4906uu44lb"}
{"type":"log","timestamp":1704999355903,"level":"debug","message":"Executing script usabi-data (beforeRender)","meta":{"rootId":"kw7gfivr9p16yzw","id":"kw7gfivr9p16yzw"},"id":"yee3pau1vmmu56g","previousOperationId":"hjw7k4906uu44lb"}
{"type":"operationStart","subtype":"scriptsBeforeRender","name":"scripts beforeRender","timestamp":1704999355912,"id":"j5ugt0tdnxfq186","previousEventId":"00caxqy724kgyrl","operationId":"q8f50unw4y0q42j","previousOperationId":"hjw7k4906uu44lb"}
{"type":"operationStart","subtype":"script","name":"scripts usabi-data","previousOperationId":"q8f50unw4y0q42j","timestamp":1704999355912,"id":"eyzw8eeyrnw2ons","previousEventId":"j5ugt0tdnxfq186","operationId":"kzugj9pu2s3kkze"}
{"type":"operationEnd","operationId":"kzugj9pu2s3kkze","timestamp":1704999355930,"id":"h68vjv5ds9d7l5d","previousEventId":"00caxqy724kgyrl","previousOperationId":"hjw7k4906uu44lb"}
{"type":"log","timestamp":1704999355930,"level":"debug","message":"Executing script orders-script (beforeRender)","meta":{"rootId":"kw7gfivr9p16yzw","id":"kw7gfivr9p16yzw"},"id":"xtef0q5we13m9ca","previousOperationId":"hjw7k4906uu44lb"}
{"type":"operationStart","subtype":"script","name":"scripts orders-script","previousOperationId":"q8f50unw4y0q42j","timestamp":1704999355933,"id":"lh05n4xuhctj74b","previousEventId":"h68vjv5ds9d7l5d","operationId":"80eyp7nyeog5c27"}
{"type":"operationEnd","operationId":"80eyp7nyeog5c27","timestamp":1704999357329,"id":"5jj0z6vtvbaw597","previousEventId":"h68vjv5ds9d7l5d","previousOperationId":"hjw7k4906uu44lb"}
{"type":"operationEnd","operationId":"q8f50unw4y0q42j","timestamp":1704999357329,"id":"q86qxyngo2pqpgj","previousEventId":"5jj0z6vtvbaw597","previousOperationId":"hjw7k4906uu44lb"}
{"type":"log","timestamp":1704999357329,"level":"debug","message":"Base url not specified, skipping its injection.","meta":{"rootId":"kw7gfivr9p16yzw","id":"kw7gfivr9p16yzw"},"id":"xyop39815qtr9nh","previousOperationId":"q8f50unw4y0q42j"}
{"type":"operationStart","subtype":"engine","name":"handlebars","timestamp":1704999357329,"id":"4hduxraq8jl02ug","previousEventId":"q86qxyngo2pqpgj","operationId":"btmkbr7vbk3cjbh","previousOperationId":"q8f50unw4y0q42j"}
{"type":"log","timestamp":1704999357329,"level":"debug","message":"Rendering engine handlebars","meta":{"rootId":"kw7gfivr9p16yzw","id":"kw7gfivr9p16yzw"},"id":"dyh7xwak6kivwcw","previousOperationId":"btmkbr7vbk3cjbh"}
{"type":"operationEnd","operationId":"btmkbr7vbk3cjbh","timestamp":1704999357360,"id":"q3pkn0hc1qiran0","previousEventId":"4hduxraq8jl02ug","previousOperationId":"btmkbr7vbk3cjbh"}
{"type":"operationStart","subtype":"recipe","name":"chrome-pdf","timestamp":1704999357360,"id":"n85cx4935bqjssu","previousEventId":"q3pkn0hc1qiran0","operationId":"ro5dimdopdrsb0s","previousOperationId":"btmkbr7vbk3cjbh"}
{"type":"log","timestamp":1704999357360,"level":"debug","message":"Executing recipe chrome-pdf","meta":{"rootId":"kw7gfivr9p16yzw","id":"kw7gfivr9p16yzw"},"id":"ruptgolsu2x7dsi","previousOperationId":"ro5dimdopdrsb0s"}
{"type":"log","timestamp":1704999357362,"level":"debug","message":"Converting with chrome HeadlessChrome/117.0.5938.149 using chrome-pool strategy","meta":{"rootId":"kw7gfivr9p16yzw","id":"kw7gfivr9p16yzw"},"id":"uwivuj3p0faku8x","previousOperationId":"ro5dimdopdrsb0s"}
{"type":"log","timestamp":1704999357406,"level":"debug","message":"Page request: GET (document) file:///tmp/jsreport/autocleanup/4b15f2e2-864b-4916-a6e5-1c21b8ba0a01-chrome-pdf.html","meta":{"rootId":"kw7gfivr9p16yzw","id":"kw7gfivr9p16yzw"},"id":"r42thm8g16f493l","previousOperationId":"ro5dimdopdrsb0s"}
{"type":"log","timestamp":1704999357416,"level":"debug","message":"Page request: GET (script) https://cdn.jsdelivr.net/npm/chart.js","meta":{"rootId":"kw7gfivr9p16yzw","id":"kw7gfivr9p16yzw"},"id":"67jmox9omkq5ftj","previousOperationId":"ro5dimdopdrsb0s"}
{"type":"log","timestamp":1704999357416,"level":"debug","message":"Page request finished: GET (document) 200 file:///tmp/jsreport/autocleanup/4b15f2e2-864b-4916-a6e5-1c21b8ba0a01-chrome-pdf.html","meta":{"rootId":"kw7gfivr9p16yzw","id":"kw7gfivr9p16yzw"},"id":"ephy07bk5aftydv","previousOperationId":"ro5dimdopdrsb0s"}
{"type":"log","timestamp":1704999357422,"level":"debug","message":"Page request finished: GET (script) 200 https://cdn.jsdelivr.net/npm/chart.js","meta":{"rootId":"kw7gfivr9p16yzw","id":"kw7gfivr9p16yzw"},"id":"8gyos8b3q3yp2r2","previousOperationId":"ro5dimdopdrsb0s"}
{"type":"log","timestamp":1704999357463,"level":"debug","message":"Running chrome with params {\"printBackground\":true,\"timeout\":58535,\"margin\":{}}","meta":{"rootId":"kw7gfivr9p16yzw","id":"kw7gfivr9p16yzw"},"id":"eosetlvxasp15t7","previousOperationId":"ro5dimdopdrsb0s"}
{"type":"operationEnd","operationId":"ro5dimdopdrsb0s","timestamp":1704999357519,"id":"yd54k2mxp70mqwh","previousEventId":"n85cx4935bqjssu","previousOperationId":"ro5dimdopdrsb0s"}
{"type":"log","timestamp":1704999357519,"level":"debug","message":"Skipping storing report.","meta":{"rootId":"kw7gfivr9p16yzw","id":"kw7gfivr9p16yzw"},"id":"mhdodg1tkyyuwyn","previousOperationId":"ro5dimdopdrsb0s"}
{"type":"log","timestamp":1704999357519,"level":"info","message":"Rendering request 50 finished in 1623 ms","meta":{"rootId":"kw7gfivr9p16yzw","id":"kw7gfivr9p16yzw"},"id":"i9dfehbzr54edr1","previousOperationId":"ro5dimdopdrsb0s"}
{"type":"operationEnd","subtype":"render","operationId":"hjw7k4906uu44lb","timestamp":1704999357519,"id":"afu12t17e6r71mw","previousEventId":"yd54k2mxp70mqwh","previousOperationId":"ro5dimdopdrsb0s"}
{"type":"operationEnd","doDiffs":false,"previousEventId":"gnh1if5ptw2fxhg","previousOperationId":"v4r8xx3kj0jguzp","operationId":"v4r8xx3kj0jguzp","timestamp":1704999357521,"id":"619mefs1o4cslx7"}
