{"type":"operationStart","subtype":"profile","data":{"_id":"4R5Ga36Lj8pgGCQo","timestamp":"2024-01-11T17:33:38.639Z","state":"queued","mode":"standard","creationDate":"2024-01-11T17:33:38.642Z","modificationDate":"2024-01-11T17:33:38.642Z","shortid":"uCY93d4","$entitySet":"profiles"},"doDiffs":false,"timestamp":1704994418641,"id":"97ozoeff2kq9bza","previousOperationId":null,"operationId":"cwmzza6ih9ltxxl"}
{"type":"log","level":"info","message":"Render request 154 queued for execution and waiting for available worker","previousOperationId":"cwmzza6ih9ltxxl","timestamp":1704994418641,"id":"xvcezpstjk6vgpa"}
{"type":"operationStart","subtype":"render","name":"User_project","previousOperationId":"cwmzza6ih9ltxxl","timestamp":1704994418661,"id":"tk5i33xs3b8ukmb","previousEventId":"97ozoeff2kq9bza","operationId":"jwsg11ngt5srcql"}
{"type":"log","timestamp":1704994418661,"level":"info","message":"Starting rendering request 154","meta":{"rootId":"li2ypml1y6y0eku","id":"li2ypml1y6y0eku"},"id":"dt79c64u5ijh3fq","previousOperationId":"jwsg11ngt5srcql"}
{"type":"log","timestamp":1704994418661,"level":"info","message":"Rendering template { name: User_project, recipe: chrome-pdf, engine: handlebars, preview: true }","meta":{"rootId":"li2ypml1y6y0eku","id":"li2ypml1y6y0eku"},"id":"3gg91oui1g80swg","previousOperationId":"jwsg11ngt5srcql"}
{"type":"log","timestamp":1704994418662,"level":"debug","message":"Data item not defined for this template.","meta":{"rootId":"li2ypml1y6y0eku","id":"li2ypml1y6y0eku"},"id":"s489zbvctqfk1f4","previousOperationId":"jwsg11ngt5srcql"}
{"type":"log","timestamp":1704994418666,"level":"debug","message":"Executing script usabi-data (beforeRender)","meta":{"rootId":"li2ypml1y6y0eku","id":"li2ypml1y6y0eku"},"id":"hpyv310hfh6pls4","previousOperationId":"jwsg11ngt5srcql"}
{"type":"operationStart","subtype":"scriptsBeforeRender","name":"scripts beforeRender","timestamp":1704994418673,"id":"44ije1pn76jtq0t","previousEventId":"tk5i33xs3b8ukmb","operationId":"uo45endnc9mfaid","previousOperationId":"jwsg11ngt5srcql"}
{"type":"operationStart","subtype":"script","name":"scripts usabi-data","previousOperationId":"uo45endnc9mfaid","timestamp":1704994418673,"id":"x18p8wf61176c80","previousEventId":"44ije1pn76jtq0t","operationId":"dq5sodhyjt2a6lu"}
{"type":"operationEnd","operationId":"dq5sodhyjt2a6lu","timestamp":1704994418693,"id":"c6gyf1ebzxhnxca","previousEventId":"tk5i33xs3b8ukmb","previousOperationId":"jwsg11ngt5srcql"}
{"type":"log","timestamp":1704994418693,"level":"debug","message":"Executing script orders-script (beforeRender)","meta":{"rootId":"li2ypml1y6y0eku","id":"li2ypml1y6y0eku"},"id":"o1nzsu73vp59pb3","previousOperationId":"jwsg11ngt5srcql"}
{"type":"operationStart","subtype":"script","name":"scripts orders-script","previousOperationId":"uo45endnc9mfaid","timestamp":1704994418698,"id":"gnnj081w84byf3z","previousEventId":"c6gyf1ebzxhnxca","operationId":"l4d1ej32fihfaga"}
{"type":"operationEnd","operationId":"l4d1ej32fihfaga","timestamp":1704994420115,"id":"uwi2ulcn66gvkva","previousEventId":"c6gyf1ebzxhnxca","previousOperationId":"jwsg11ngt5srcql"}
{"type":"operationEnd","operationId":"uo45endnc9mfaid","timestamp":1704994420115,"id":"zs5o1gnhn0l1tup","previousEventId":"uwi2ulcn66gvkva","previousOperationId":"jwsg11ngt5srcql"}
{"type":"log","timestamp":1704994420115,"level":"debug","message":"Base url not specified, skipping its injection.","meta":{"rootId":"li2ypml1y6y0eku","id":"li2ypml1y6y0eku"},"id":"c1lel6vvqwnv6ol","previousOperationId":"uo45endnc9mfaid"}
{"type":"operationStart","subtype":"engine","name":"handlebars","timestamp":1704994420115,"id":"vbaj12oc9ueeq9u","previousEventId":"zs5o1gnhn0l1tup","operationId":"mbjv84d6ghodez6","previousOperationId":"uo45endnc9mfaid"}
{"type":"log","timestamp":1704994420115,"level":"debug","message":"Rendering engine handlebars","meta":{"rootId":"li2ypml1y6y0eku","id":"li2ypml1y6y0eku"},"id":"oehbyxlqcnkmj0s","previousOperationId":"mbjv84d6ghodez6"}
{"type":"operationEnd","operationId":"mbjv84d6ghodez6","timestamp":1704994420120,"id":"vrw51lnjwrpwzfo","previousEventId":"vbaj12oc9ueeq9u","previousOperationId":"mbjv84d6ghodez6"}
{"type":"operationStart","subtype":"recipe","name":"chrome-pdf","timestamp":1704994420120,"id":"k5movbt6k1sn8b7","previousEventId":"vrw51lnjwrpwzfo","operationId":"bal9jfwkwsvypic","previousOperationId":"mbjv84d6ghodez6"}
{"type":"log","timestamp":1704994420120,"level":"debug","message":"Executing recipe chrome-pdf","meta":{"rootId":"li2ypml1y6y0eku","id":"li2ypml1y6y0eku"},"id":"x49m4vl9me14aoz","previousOperationId":"bal9jfwkwsvypic"}
{"type":"log","timestamp":1704994420121,"level":"debug","message":"Converting with chrome HeadlessChrome/117.0.5938.149 using chrome-pool strategy","meta":{"rootId":"li2ypml1y6y0eku","id":"li2ypml1y6y0eku"},"id":"ee76it8s05rkppp","previousOperationId":"bal9jfwkwsvypic"}
{"type":"log","timestamp":1704994420156,"level":"debug","message":"Page request: GET (document) file:///tmp/jsreport/autocleanup/1b4e7c4a-f6f8-419c-bd6b-d9aeb94c69d8-chrome-pdf.html","meta":{"rootId":"li2ypml1y6y0eku","id":"li2ypml1y6y0eku"},"id":"ommgbqzigtg6juj","previousOperationId":"bal9jfwkwsvypic"}
{"type":"log","timestamp":1704994420164,"level":"debug","message":"Page request: GET (script) https://cdn.jsdelivr.net/npm/chart.js","meta":{"rootId":"li2ypml1y6y0eku","id":"li2ypml1y6y0eku"},"id":"goiu22njyrahy5s","previousOperationId":"bal9jfwkwsvypic"}
{"type":"log","timestamp":1704994420164,"level":"debug","message":"Page request finished: GET (document) 200 file:///tmp/jsreport/autocleanup/1b4e7c4a-f6f8-419c-bd6b-d9aeb94c69d8-chrome-pdf.html","meta":{"rootId":"li2ypml1y6y0eku","id":"li2ypml1y6y0eku"},"id":"3kx72enmqpqk723","previousOperationId":"bal9jfwkwsvypic"}
{"type":"log","timestamp":1704994420168,"level":"debug","message":"Page request finished: GET (script) 200 https://cdn.jsdelivr.net/npm/chart.js","meta":{"rootId":"li2ypml1y6y0eku","id":"li2ypml1y6y0eku"},"id":"g0okm11070jekic","previousOperationId":"bal9jfwkwsvypic"}
{"type":"log","timestamp":1704994420170,"level":"warn","message":"Page error: Unexpected identifier 'Object' , stack: SyntaxError: Unexpected identifier 'Object'","meta":{"rootId":"li2ypml1y6y0eku","id":"li2ypml1y6y0eku"},"id":"gmkehl3vxd3ta78","previousOperationId":"bal9jfwkwsvypic"}
{"type":"log","timestamp":1704994420176,"level":"debug","message":"Running chrome with params {\"printBackground\":true,\"timeout\":58518,\"margin\":{}}","meta":{"rootId":"li2ypml1y6y0eku","id":"li2ypml1y6y0eku"},"id":"92vja6kwt70qoi9","previousOperationId":"bal9jfwkwsvypic"}
{"type":"operationEnd","operationId":"bal9jfwkwsvypic","timestamp":1704994420186,"id":"zt0sxjh74a0b9rb","previousEventId":"k5movbt6k1sn8b7","previousOperationId":"bal9jfwkwsvypic"}
{"type":"log","timestamp":1704994420186,"level":"debug","message":"Skipping storing report.","meta":{"rootId":"li2ypml1y6y0eku","id":"li2ypml1y6y0eku"},"id":"sxfotpr7gy4j5wa","previousOperationId":"bal9jfwkwsvypic"}
{"type":"log","timestamp":1704994420186,"level":"info","message":"Rendering request 154 finished in 1547 ms","meta":{"rootId":"li2ypml1y6y0eku","id":"li2ypml1y6y0eku"},"id":"vqkm424puoqg91c","previousOperationId":"bal9jfwkwsvypic"}
{"type":"operationEnd","subtype":"render","operationId":"jwsg11ngt5srcql","timestamp":1704994420186,"id":"ntgzes8zjsppifn","previousEventId":"zt0sxjh74a0b9rb","previousOperationId":"bal9jfwkwsvypic"}
{"type":"operationEnd","doDiffs":false,"previousEventId":"97ozoeff2kq9bza","previousOperationId":"cwmzza6ih9ltxxl","operationId":"cwmzza6ih9ltxxl","timestamp":1704994420190,"id":"i1dx9dr2m00kca9"}
