{"type":"operationStart","subtype":"profile","data":{"_id":"j1X8kc5Gk7WB5djX","timestamp":"2024-01-11T18:07:44.256Z","state":"queued","mode":"standard","creationDate":"2024-01-11T18:07:44.257Z","modificationDate":"2024-01-11T18:07:44.257Z","shortid":"pongzWA","$entitySet":"profiles"},"doDiffs":false,"timestamp":1704996464257,"id":"dx7tdjguwk721u2","previousOperationId":null,"operationId":"h0pve1a4i6k2u1h"}
{"type":"log","level":"info","message":"Render request 44 queued for execution and waiting for available worker","previousOperationId":"h0pve1a4i6k2u1h","timestamp":1704996464257,"id":"3bcy63ppdnf0cq1"}
{"type":"operationStart","subtype":"render","name":"User_project","previousOperationId":"h0pve1a4i6k2u1h","timestamp":1704996464261,"id":"ti32m417fn3ml5m","previousEventId":"dx7tdjguwk721u2","operationId":"nx8dlz7ynk9wbub"}
{"type":"log","timestamp":1704996464261,"level":"info","message":"Starting rendering request 44","meta":{"rootId":"lma6flrq45d56q6","id":"lma6flrq45d56q6"},"id":"7t1u302wloi0njk","previousOperationId":"nx8dlz7ynk9wbub"}
{"type":"log","timestamp":1704996464261,"level":"info","message":"Rendering template { name: User_project, recipe: chrome-pdf, engine: handlebars, preview: true }","meta":{"rootId":"lma6flrq45d56q6","id":"lma6flrq45d56q6"},"id":"abdp58kh1usyakx","previousOperationId":"nx8dlz7ynk9wbub"}
{"type":"log","timestamp":1704996464261,"level":"debug","message":"Data item not defined for this template.","meta":{"rootId":"lma6flrq45d56q6","id":"lma6flrq45d56q6"},"id":"t3rrm4xb1tjhpfy","previousOperationId":"nx8dlz7ynk9wbub"}
{"type":"log","timestamp":1704996464263,"level":"debug","message":"Executing script usabi-data (beforeRender)","meta":{"rootId":"lma6flrq45d56q6","id":"lma6flrq45d56q6"},"id":"conj6zkxc13lbvw","previousOperationId":"nx8dlz7ynk9wbub"}
{"type":"operationStart","subtype":"scriptsBeforeRender","name":"scripts beforeRender","timestamp":1704996464266,"id":"wvaes0rq4th2cyp","previousEventId":"ti32m417fn3ml5m","operationId":"byt3fvhcjob5pdq","previousOperationId":"nx8dlz7ynk9wbub"}
{"type":"operationStart","subtype":"script","name":"scripts usabi-data","previousOperationId":"byt3fvhcjob5pdq","timestamp":1704996464266,"id":"f9vuy9otehyiqov","previousEventId":"wvaes0rq4th2cyp","operationId":"62608irkz6v0xva"}
{"type":"operationEnd","operationId":"62608irkz6v0xva","timestamp":1704996464285,"id":"vfxnfw31z405jb0","previousEventId":"ti32m417fn3ml5m","previousOperationId":"nx8dlz7ynk9wbub"}
{"type":"log","timestamp":1704996464285,"level":"debug","message":"Executing script orders-script (beforeRender)","meta":{"rootId":"lma6flrq45d56q6","id":"lma6flrq45d56q6"},"id":"1w58tqxmp9fxhn2","previousOperationId":"nx8dlz7ynk9wbub"}
{"type":"operationStart","subtype":"script","name":"scripts orders-script","previousOperationId":"byt3fvhcjob5pdq","timestamp":1704996464289,"id":"pzx63oqxqgz04ez","previousEventId":"vfxnfw31z405jb0","operationId":"6eq1eqmzwbvpykb"}
{"type":"operationEnd","operationId":"6eq1eqmzwbvpykb","timestamp":1704996465612,"id":"ii7bgbfrxbviebk","previousEventId":"vfxnfw31z405jb0","previousOperationId":"nx8dlz7ynk9wbub"}
{"type":"operationEnd","operationId":"byt3fvhcjob5pdq","timestamp":1704996465612,"id":"s93cmxmge5jgnjb","previousEventId":"ii7bgbfrxbviebk","previousOperationId":"nx8dlz7ynk9wbub"}
{"type":"log","timestamp":1704996465612,"level":"debug","message":"Base url not specified, skipping its injection.","meta":{"rootId":"lma6flrq45d56q6","id":"lma6flrq45d56q6"},"id":"5c2ylauoxyim0gg","previousOperationId":"byt3fvhcjob5pdq"}
{"type":"operationStart","subtype":"engine","name":"handlebars","timestamp":1704996465613,"id":"6ymug12wlitsosr","previousEventId":"s93cmxmge5jgnjb","operationId":"hwmspb0e5ghscde","previousOperationId":"byt3fvhcjob5pdq"}
{"type":"log","timestamp":1704996465613,"level":"debug","message":"Rendering engine handlebars","meta":{"rootId":"lma6flrq45d56q6","id":"lma6flrq45d56q6"},"id":"bxjjjn0b2fo6vxf","previousOperationId":"hwmspb0e5ghscde"}
{"type":"operationEnd","operationId":"hwmspb0e5ghscde","timestamp":1704996465620,"id":"kt0inkd4ceak33w","previousEventId":"6ymug12wlitsosr","previousOperationId":"hwmspb0e5ghscde"}
{"type":"operationStart","subtype":"recipe","name":"chrome-pdf","timestamp":1704996465620,"id":"t6li7msnkp5p5zp","previousEventId":"kt0inkd4ceak33w","operationId":"39erdfe136bzjdd","previousOperationId":"hwmspb0e5ghscde"}
{"type":"log","timestamp":1704996465620,"level":"debug","message":"Executing recipe chrome-pdf","meta":{"rootId":"lma6flrq45d56q6","id":"lma6flrq45d56q6"},"id":"6sffjhgk4t5nvyn","previousOperationId":"39erdfe136bzjdd"}
{"type":"log","timestamp":1704996465622,"level":"debug","message":"Converting with chrome HeadlessChrome/117.0.5938.149 using chrome-pool strategy","meta":{"rootId":"lma6flrq45d56q6","id":"lma6flrq45d56q6"},"id":"4hyulqho9qzonn8","previousOperationId":"39erdfe136bzjdd"}
{"type":"log","timestamp":1704996465659,"level":"debug","message":"Page request: GET (document) file:///tmp/jsreport/autocleanup/94c3fe66-f971-4f5f-9e33-6383ef0a87fd-chrome-pdf.html","meta":{"rootId":"lma6flrq45d56q6","id":"lma6flrq45d56q6"},"id":"lq9hvzczhvv9acj","previousOperationId":"39erdfe136bzjdd"}
{"type":"log","timestamp":1704996465667,"level":"debug","message":"Page request: GET (script) https://cdn.jsdelivr.net/npm/chart.js","meta":{"rootId":"lma6flrq45d56q6","id":"lma6flrq45d56q6"},"id":"os9kp0xexm2dxn0","previousOperationId":"39erdfe136bzjdd"}
{"type":"log","timestamp":1704996465667,"level":"debug","message":"Page request finished: GET (document) 200 file:///tmp/jsreport/autocleanup/94c3fe66-f971-4f5f-9e33-6383ef0a87fd-chrome-pdf.html","meta":{"rootId":"lma6flrq45d56q6","id":"lma6flrq45d56q6"},"id":"gjj62ebu4jrl93u","previousOperationId":"39erdfe136bzjdd"}
{"type":"log","timestamp":1704996465671,"level":"debug","message":"Page request finished: GET (script) 200 https://cdn.jsdelivr.net/npm/chart.js","meta":{"rootId":"lma6flrq45d56q6","id":"lma6flrq45d56q6"},"id":"nxovikvkn8yt91a","previousOperationId":"39erdfe136bzjdd"}
{"type":"log","timestamp":1704996465673,"level":"warn","message":"Page error: Unexpected identifier 'Object' , stack: SyntaxError: Unexpected identifier 'Object'","meta":{"rootId":"lma6flrq45d56q6","id":"lma6flrq45d56q6"},"id":"axuozvllsjr4jj6","previousOperationId":"39erdfe136bzjdd"}
{"type":"log","timestamp":1704996465677,"level":"debug","message":"Running chrome with params {\"printBackground\":true,\"timeout\":58635,\"margin\":{}}","meta":{"rootId":"lma6flrq45d56q6","id":"lma6flrq45d56q6"},"id":"l0skuwd0hgpiy4b","previousOperationId":"39erdfe136bzjdd"}
{"type":"operationEnd","operationId":"39erdfe136bzjdd","timestamp":1704996465689,"id":"4p9ejntvrrz4ox4","previousEventId":"t6li7msnkp5p5zp","previousOperationId":"39erdfe136bzjdd"}
{"type":"log","timestamp":1704996465689,"level":"debug","message":"Skipping storing report.","meta":{"rootId":"lma6flrq45d56q6","id":"lma6flrq45d56q6"},"id":"te435q1qc6hs6ur","previousOperationId":"39erdfe136bzjdd"}
{"type":"log","timestamp":1704996465689,"level":"info","message":"Rendering request 44 finished in 1433 ms","meta":{"rootId":"lma6flrq45d56q6","id":"lma6flrq45d56q6"},"id":"p52q8z2wo2mmm7j","previousOperationId":"39erdfe136bzjdd"}
{"type":"operationEnd","subtype":"render","operationId":"nx8dlz7ynk9wbub","timestamp":1704996465689,"id":"z4ihl59br51j4ko","previousEventId":"4p9ejntvrrz4ox4","previousOperationId":"39erdfe136bzjdd"}
{"type":"operationEnd","doDiffs":false,"previousEventId":"dx7tdjguwk721u2","previousOperationId":"h0pve1a4i6k2u1h","operationId":"h0pve1a4i6k2u1h","timestamp":1704996465694,"id":"tdksplu7vkycppe"}
