{"type":"operationStart","subtype":"profile","data":{"_id":"t93H5sjepsqICQfG","timestamp":"2024-01-11T16:40:50.103Z","state":"queued","mode":"standard","creationDate":"2024-01-11T16:40:50.104Z","modificationDate":"2024-01-11T16:40:50.104Z","shortid":"PC72PlU","$entitySet":"profiles"},"doDiffs":false,"timestamp":1704991250103,"id":"l3er5hlukidq1no","previousOperationId":null,"operationId":"5189zmzcm5wlord"}
{"type":"log","level":"info","message":"Render request 64 queued for execution and waiting for available worker","previousOperationId":"5189zmzcm5wlord","timestamp":1704991250103,"id":"pi9uq70tjhrxyii"}
{"type":"operationStart","subtype":"render","name":"User_project","previousOperationId":"5189zmzcm5wlord","timestamp":1704991250108,"id":"pazyejqepa59ht3","previousEventId":"l3er5hlukidq1no","operationId":"3tbtqykuq3m4nla"}
{"type":"log","timestamp":1704991250108,"level":"info","message":"Starting rendering request 64","meta":{"rootId":"lrx954co3ojyyu4","id":"lrx954co3ojyyu4"},"id":"90jgmk0vhne8tgo","previousOperationId":"3tbtqykuq3m4nla"}
{"type":"log","timestamp":1704991250108,"level":"info","message":"Rendering template { name: User_project, recipe: chrome-pdf, engine: handlebars, preview: true }","meta":{"rootId":"lrx954co3ojyyu4","id":"lrx954co3ojyyu4"},"id":"29nwao3gv30zttv","previousOperationId":"3tbtqykuq3m4nla"}
{"type":"log","timestamp":1704991250108,"level":"debug","message":"Data item not defined for this template.","meta":{"rootId":"lrx954co3ojyyu4","id":"lrx954co3ojyyu4"},"id":"g2zjblcrff9h0vp","previousOperationId":"3tbtqykuq3m4nla"}
{"type":"log","timestamp":1704991250110,"level":"debug","message":"Executing script usabi-data (beforeRender)","meta":{"rootId":"lrx954co3ojyyu4","id":"lrx954co3ojyyu4"},"id":"l3r8go23gtiwwvh","previousOperationId":"3tbtqykuq3m4nla"}
{"type":"operationStart","subtype":"scriptsBeforeRender","name":"scripts beforeRender","timestamp":1704991250113,"id":"dfks0bzglib7dik","previousEventId":"pazyejqepa59ht3","operationId":"39kkva1adyhic6n","previousOperationId":"3tbtqykuq3m4nla"}
{"type":"operationStart","subtype":"script","name":"scripts usabi-data","previousOperationId":"39kkva1adyhic6n","timestamp":1704991250113,"id":"5er3v16v046dvsl","previousEventId":"dfks0bzglib7dik","operationId":"h3w4m6pgzyqgs1h"}
{"type":"operationEnd","operationId":"h3w4m6pgzyqgs1h","timestamp":1704991250125,"id":"2nnqy0nz5jnvcm6","previousEventId":"pazyejqepa59ht3","previousOperationId":"3tbtqykuq3m4nla"}
{"type":"operationEnd","operationId":"39kkva1adyhic6n","timestamp":1704991250125,"id":"jzwhlle4437akbj","previousEventId":"2nnqy0nz5jnvcm6","previousOperationId":"3tbtqykuq3m4nla"}
{"type":"log","timestamp":1704991250125,"level":"debug","message":"Base url not specified, skipping its injection.","meta":{"rootId":"lrx954co3ojyyu4","id":"lrx954co3ojyyu4"},"id":"s1ynyqdec1qum1d","previousOperationId":"39kkva1adyhic6n"}
{"type":"operationStart","subtype":"engine","name":"handlebars","timestamp":1704991250125,"id":"7kswgpbyz1suaww","previousEventId":"jzwhlle4437akbj","operationId":"zfkfiw14f1okd2h","previousOperationId":"39kkva1adyhic6n"}
{"type":"log","timestamp":1704991250125,"level":"debug","message":"Rendering engine handlebars","meta":{"rootId":"lrx954co3ojyyu4","id":"lrx954co3ojyyu4"},"id":"5o0meehep5zpsaq","previousOperationId":"zfkfiw14f1okd2h"}
{"type":"operationEnd","operationId":"zfkfiw14f1okd2h","timestamp":1704991250134,"id":"q99fce5eh7q1fja","previousEventId":"7kswgpbyz1suaww","previousOperationId":"zfkfiw14f1okd2h"}
{"type":"operationStart","subtype":"recipe","name":"chrome-pdf","timestamp":1704991250134,"id":"nlje2uo0sypfh87","previousEventId":"q99fce5eh7q1fja","operationId":"fd0llr7gtxfne7b","previousOperationId":"zfkfiw14f1okd2h"}
{"type":"log","timestamp":1704991250134,"level":"debug","message":"Executing recipe chrome-pdf","meta":{"rootId":"lrx954co3ojyyu4","id":"lrx954co3ojyyu4"},"id":"k5kxommwz9kletj","previousOperationId":"fd0llr7gtxfne7b"}
{"type":"log","timestamp":1704991250139,"level":"debug","message":"Converting with chrome HeadlessChrome/117.0.5938.149 using chrome-pool strategy","meta":{"rootId":"lrx954co3ojyyu4","id":"lrx954co3ojyyu4"},"id":"w5nycae81ut5sog","previousOperationId":"fd0llr7gtxfne7b"}
{"type":"log","timestamp":1704991250178,"level":"debug","message":"Page request: GET (document) file:///tmp/jsreport/autocleanup/07069707-6056-4dc7-9dd3-3a60f8476840-chrome-pdf.html","meta":{"rootId":"lrx954co3ojyyu4","id":"lrx954co3ojyyu4"},"id":"9xjl3v079bq31t1","previousOperationId":"fd0llr7gtxfne7b"}
{"type":"log","timestamp":1704991250185,"level":"debug","message":"Page request: GET (script) https://cdn.jsdelivr.net/npm/chart.js","meta":{"rootId":"lrx954co3ojyyu4","id":"lrx954co3ojyyu4"},"id":"dfawkd0x9qvqaz4","previousOperationId":"fd0llr7gtxfne7b"}
{"type":"log","timestamp":1704991250185,"level":"debug","message":"Page request finished: GET (document) 200 file:///tmp/jsreport/autocleanup/07069707-6056-4dc7-9dd3-3a60f8476840-chrome-pdf.html","meta":{"rootId":"lrx954co3ojyyu4","id":"lrx954co3ojyyu4"},"id":"k0lvljm79ljtbrm","previousOperationId":"fd0llr7gtxfne7b"}
{"type":"log","timestamp":1704991250189,"level":"debug","message":"Page request finished: GET (script) 200 https://cdn.jsdelivr.net/npm/chart.js","meta":{"rootId":"lrx954co3ojyyu4","id":"lrx954co3ojyyu4"},"id":"czeur9y3mup5cc6","previousOperationId":"fd0llr7gtxfne7b"}
{"type":"log","timestamp":1704991250236,"level":"debug","message":"Running chrome with params {\"printBackground\":true,\"timeout\":59965,\"margin\":{}}","meta":{"rootId":"lrx954co3ojyyu4","id":"lrx954co3ojyyu4"},"id":"scu1xqavdqt0dg5","previousOperationId":"fd0llr7gtxfne7b"}
{"type":"operationEnd","operationId":"fd0llr7gtxfne7b","timestamp":1704991250260,"id":"cz94n521ulh5jdg","previousEventId":"nlje2uo0sypfh87","previousOperationId":"fd0llr7gtxfne7b"}
{"type":"log","timestamp":1704991250260,"level":"debug","message":"Skipping storing report.","meta":{"rootId":"lrx954co3ojyyu4","id":"lrx954co3ojyyu4"},"id":"l0pxi7pxf5ph15f","previousOperationId":"fd0llr7gtxfne7b"}
{"type":"log","timestamp":1704991250260,"level":"info","message":"Rendering request 64 finished in 157 ms","meta":{"rootId":"lrx954co3ojyyu4","id":"lrx954co3ojyyu4"},"id":"uyxbuirnp3dxsjj","previousOperationId":"fd0llr7gtxfne7b"}
{"type":"operationEnd","subtype":"render","operationId":"3tbtqykuq3m4nla","timestamp":1704991250260,"id":"l8v7ew7x1ehz5si","previousEventId":"cz94n521ulh5jdg","previousOperationId":"fd0llr7gtxfne7b"}
{"type":"operationEnd","doDiffs":false,"previousEventId":"l3er5hlukidq1no","previousOperationId":"5189zmzcm5wlord","operationId":"5189zmzcm5wlord","timestamp":1704991250262,"id":"gaofzsd190vnw3r"}
