{"type":"operationStart","subtype":"profile","data":{"_id":"5Gaidn85ZDaMRYVk","timestamp":"2024-01-31T20:22:18.145Z","state":"queued","mode":"standard","creationDate":"2024-01-31T20:22:18.147Z","modificationDate":"2024-01-31T20:22:18.147Z","shortid":"7xqaW-f","$entitySet":"profiles"},"doDiffs":false,"timestamp":1706732538146,"id":"y5t8cyvgd3yjzhq","previousOperationId":null,"operationId":"kikjrwe23kynnrk"}
{"type":"log","level":"info","message":"Render request 5 queued for execution and waiting for available worker","previousOperationId":"kikjrwe23kynnrk","timestamp":1706732538146,"id":"l46tlddwddbesp2"}
{"type":"operationStart","subtype":"render","name":"User_project","previousOperationId":"kikjrwe23kynnrk","timestamp":1706732538149,"id":"9ko38r8fh5s78jo","previousEventId":"y5t8cyvgd3yjzhq","operationId":"gfhf3volvx4iidw"}
{"type":"log","timestamp":1706732538149,"level":"info","message":"Starting rendering request 5","meta":{"rootId":"lsjknx3jvht5mfi","id":"lsjknx3jvht5mfi"},"id":"eh0jgs4wgiqe98f","previousOperationId":"gfhf3volvx4iidw"}
{"type":"log","timestamp":1706732538149,"level":"info","message":"Rendering template { name: User_project, recipe: chrome-pdf, engine: handlebars, preview: false }","meta":{"rootId":"lsjknx3jvht5mfi","id":"lsjknx3jvht5mfi"},"id":"t1jmz5w88rx6r51","previousOperationId":"gfhf3volvx4iidw"}
{"type":"log","timestamp":1706732538150,"level":"debug","message":"Data item not defined for this template.","meta":{"rootId":"lsjknx3jvht5mfi","id":"lsjknx3jvht5mfi"},"id":"z98mf66j0pcygmz","previousOperationId":"gfhf3volvx4iidw"}
{"type":"log","timestamp":1706732538152,"level":"debug","message":"Executing script usabi-data (beforeRender)","meta":{"rootId":"lsjknx3jvht5mfi","id":"lsjknx3jvht5mfi"},"id":"ocwtlrpnia455wf","previousOperationId":"gfhf3volvx4iidw"}
{"type":"operationStart","subtype":"scriptsBeforeRender","name":"scripts beforeRender","timestamp":1706732538157,"id":"6tv8hje33t44cm2","previousEventId":"9ko38r8fh5s78jo","operationId":"ehm0vnhh5n5kd4u","previousOperationId":"gfhf3volvx4iidw"}
{"type":"operationStart","subtype":"script","name":"scripts usabi-data","previousOperationId":"ehm0vnhh5n5kd4u","timestamp":1706732538157,"id":"cfgwj4ot4zt3fow","previousEventId":"6tv8hje33t44cm2","operationId":"yf8fo2fpf6f19m2"}
{"type":"operationEnd","operationId":"yf8fo2fpf6f19m2","timestamp":1706732538174,"id":"qvglydpny129pbo","previousEventId":"9ko38r8fh5s78jo","previousOperationId":"gfhf3volvx4iidw"}
{"type":"log","timestamp":1706732538174,"level":"debug","message":"Executing script orders-script (beforeRender)","meta":{"rootId":"lsjknx3jvht5mfi","id":"lsjknx3jvht5mfi"},"id":"f1swh1fnv5ywwcb","previousOperationId":"gfhf3volvx4iidw"}
{"type":"operationStart","subtype":"script","name":"scripts orders-script","previousOperationId":"ehm0vnhh5n5kd4u","timestamp":1706732538178,"id":"mewm3i2yig9blwi","previousEventId":"qvglydpny129pbo","operationId":"2uj7kax6311ehmc"}
{"type":"operationEnd","operationId":"2uj7kax6311ehmc","timestamp":1706732539543,"id":"3u7x1r539kxt7wt","previousEventId":"qvglydpny129pbo","previousOperationId":"gfhf3volvx4iidw"}
{"type":"operationEnd","operationId":"ehm0vnhh5n5kd4u","timestamp":1706732539543,"id":"wm1735p5r9q136y","previousEventId":"3u7x1r539kxt7wt","previousOperationId":"gfhf3volvx4iidw"}
{"type":"log","timestamp":1706732539543,"level":"debug","message":"Base url not specified, skipping its injection.","meta":{"rootId":"lsjknx3jvht5mfi","id":"lsjknx3jvht5mfi"},"id":"zyjst6m92eqhcot","previousOperationId":"ehm0vnhh5n5kd4u"}
{"type":"operationStart","subtype":"engine","name":"handlebars","timestamp":1706732539543,"id":"e7snpgz7d1b42aa","previousEventId":"wm1735p5r9q136y","operationId":"ebhl3sksaxtt1hq","previousOperationId":"ehm0vnhh5n5kd4u"}
{"type":"log","timestamp":1706732539543,"level":"debug","message":"Rendering engine handlebars","meta":{"rootId":"lsjknx3jvht5mfi","id":"lsjknx3jvht5mfi"},"id":"9sflxf1r1p57d2g","previousOperationId":"ebhl3sksaxtt1hq"}
{"type":"operationEnd","operationId":"ebhl3sksaxtt1hq","timestamp":1706732539558,"id":"5kpqkwavtzh80zz","previousEventId":"e7snpgz7d1b42aa","previousOperationId":"ebhl3sksaxtt1hq"}
{"type":"operationStart","subtype":"recipe","name":"chrome-pdf","timestamp":1706732539558,"id":"v2y6j4mj748nsjc","previousEventId":"5kpqkwavtzh80zz","operationId":"mobf936831rdup3","previousOperationId":"ebhl3sksaxtt1hq"}
{"type":"log","timestamp":1706732539558,"level":"debug","message":"Executing recipe chrome-pdf","meta":{"rootId":"lsjknx3jvht5mfi","id":"lsjknx3jvht5mfi"},"id":"1o87iogqjwmfwjw","previousOperationId":"mobf936831rdup3"}
{"type":"log","timestamp":1706732539565,"level":"debug","message":"Converting with chrome HeadlessChrome/117.0.5938.149 using chrome-pool strategy","meta":{"rootId":"lsjknx3jvht5mfi","id":"lsjknx3jvht5mfi"},"id":"0qqxb5it6q30uj0","previousOperationId":"mobf936831rdup3"}
{"type":"log","timestamp":1706732539600,"level":"debug","message":"Page request: GET (document) file:///tmp/jsreport/autocleanup/e1ef18c7-bb49-4299-89d4-b7c751595dba-chrome-pdf.html","meta":{"rootId":"lsjknx3jvht5mfi","id":"lsjknx3jvht5mfi"},"id":"vy8h9wv6hy8x2sv","previousOperationId":"mobf936831rdup3"}
{"type":"log","timestamp":1706732539607,"level":"debug","message":"Page request: GET (script) https://cdn.jsdelivr.net/npm/chart.js","meta":{"rootId":"lsjknx3jvht5mfi","id":"lsjknx3jvht5mfi"},"id":"0ydwoe9ia5i6hxz","previousOperationId":"mobf936831rdup3"}
{"type":"log","timestamp":1706732539608,"level":"debug","message":"Page request finished: GET (document) 200 file:///tmp/jsreport/autocleanup/e1ef18c7-bb49-4299-89d4-b7c751595dba-chrome-pdf.html","meta":{"rootId":"lsjknx3jvht5mfi","id":"lsjknx3jvht5mfi"},"id":"pcyr6vneaxmtnrf","previousOperationId":"mobf936831rdup3"}
{"type":"log","timestamp":1706732539612,"level":"debug","message":"Page request finished: GET (script) 200 https://cdn.jsdelivr.net/npm/chart.js","meta":{"rootId":"lsjknx3jvht5mfi","id":"lsjknx3jvht5mfi"},"id":"qhjurnss9r0d0u6","previousOperationId":"mobf936831rdup3"}
{"type":"log","timestamp":1706732539659,"level":"debug","message":"Running chrome with params {\"printBackground\":true,\"timeout\":58580,\"margin\":{}}","meta":{"rootId":"lsjknx3jvht5mfi","id":"lsjknx3jvht5mfi"},"id":"czwz3d7d5rzig0a","previousOperationId":"mobf936831rdup3"}
{"type":"operationEnd","operationId":"mobf936831rdup3","timestamp":1706732539711,"id":"l9yvu27kyg9g3dq","previousEventId":"v2y6j4mj748nsjc","previousOperationId":"mobf936831rdup3"}
{"type":"log","timestamp":1706732539711,"level":"debug","message":"Skipping storing report.","meta":{"rootId":"lsjknx3jvht5mfi","id":"lsjknx3jvht5mfi"},"id":"dfxx23z5yawpyqr","previousOperationId":"mobf936831rdup3"}
{"type":"log","timestamp":1706732539711,"level":"info","message":"Rendering request 5 finished in 1567 ms","meta":{"rootId":"lsjknx3jvht5mfi","id":"lsjknx3jvht5mfi"},"id":"tsmxklvaq9et710","previousOperationId":"mobf936831rdup3"}
{"type":"operationEnd","subtype":"render","operationId":"gfhf3volvx4iidw","timestamp":1706732539711,"id":"o5fk6fjokbsvps4","previousEventId":"l9yvu27kyg9g3dq","previousOperationId":"mobf936831rdup3"}
{"type":"operationEnd","doDiffs":false,"previousEventId":"y5t8cyvgd3yjzhq","previousOperationId":"kikjrwe23kynnrk","operationId":"kikjrwe23kynnrk","timestamp":1706732539713,"id":"yq1t4a70jvfh08e"}
