{"type":"operationStart","subtype":"profile","data":{"_id":"PI0STUp9JcXYWvHf","timestamp":"2024-01-11T18:54:31.547Z","state":"queued","mode":"standard","creationDate":"2024-01-11T18:54:31.547Z","modificationDate":"2024-01-11T18:54:31.547Z","shortid":"mMf8nza","$entitySet":"profiles"},"doDiffs":false,"timestamp":1704999271547,"id":"nlcrly05rfqyq6a","previousOperationId":null,"operationId":"kdwbnaiq9r3jbvf"}
{"type":"log","level":"info","message":"Render request 49 queued for execution and waiting for available worker","previousOperationId":"kdwbnaiq9r3jbvf","timestamp":1704999271547,"id":"trs1t3xi9vs73l6"}
{"type":"operationStart","subtype":"render","name":"User_project","previousOperationId":"kdwbnaiq9r3jbvf","timestamp":1704999271551,"id":"hoo9ocw81mw19zn","previousEventId":"nlcrly05rfqyq6a","operationId":"6qlrxojbooj5an2"}
{"type":"log","timestamp":1704999271551,"level":"info","message":"Starting rendering request 49","meta":{"rootId":"lun3b2hf68coype","id":"lun3b2hf68coype"},"id":"6jj8byes0dcdrkc","previousOperationId":"6qlrxojbooj5an2"}
{"type":"log","timestamp":1704999271551,"level":"info","message":"Rendering template { name: User_project, recipe: chrome-pdf, engine: handlebars, preview: true }","meta":{"rootId":"lun3b2hf68coype","id":"lun3b2hf68coype"},"id":"rpotzivq3yr1fp0","previousOperationId":"6qlrxojbooj5an2"}
{"type":"log","timestamp":1704999271551,"level":"debug","message":"Data item not defined for this template.","meta":{"rootId":"lun3b2hf68coype","id":"lun3b2hf68coype"},"id":"z13gp8ago4cw9oy","previousOperationId":"6qlrxojbooj5an2"}
{"type":"log","timestamp":1704999271552,"level":"debug","message":"Executing script usabi-data (beforeRender)","meta":{"rootId":"lun3b2hf68coype","id":"lun3b2hf68coype"},"id":"jo3kbmkeiy6c0n2","previousOperationId":"6qlrxojbooj5an2"}
{"type":"operationStart","subtype":"scriptsBeforeRender","name":"scripts beforeRender","timestamp":1704999271561,"id":"932rqvecgrxz1kf","previousEventId":"hoo9ocw81mw19zn","operationId":"j074ck1mbvpfmmu","previousOperationId":"6qlrxojbooj5an2"}
{"type":"operationStart","subtype":"script","name":"scripts usabi-data","previousOperationId":"j074ck1mbvpfmmu","timestamp":1704999271561,"id":"naaclzs6xxse3sd","previousEventId":"932rqvecgrxz1kf","operationId":"dubcvxn8fnvd1t1"}
{"type":"operationEnd","operationId":"dubcvxn8fnvd1t1","timestamp":1704999271577,"id":"47ka553d4e41kq4","previousEventId":"hoo9ocw81mw19zn","previousOperationId":"6qlrxojbooj5an2"}
{"type":"log","timestamp":1704999271577,"level":"debug","message":"Executing script orders-script (beforeRender)","meta":{"rootId":"lun3b2hf68coype","id":"lun3b2hf68coype"},"id":"7x68bp5jwe3l1v7","previousOperationId":"6qlrxojbooj5an2"}
{"type":"operationStart","subtype":"script","name":"scripts orders-script","previousOperationId":"j074ck1mbvpfmmu","timestamp":1704999271582,"id":"nr9f0v361uxu8kn","previousEventId":"47ka553d4e41kq4","operationId":"lnqj3cm7m0klcot"}
{"type":"operationEnd","operationId":"lnqj3cm7m0klcot","timestamp":1704999273035,"id":"7rwwyds8q9j44ap","previousEventId":"47ka553d4e41kq4","previousOperationId":"6qlrxojbooj5an2"}
{"type":"operationEnd","operationId":"j074ck1mbvpfmmu","timestamp":1704999273035,"id":"46z0fgj2qnmzar7","previousEventId":"7rwwyds8q9j44ap","previousOperationId":"6qlrxojbooj5an2"}
{"type":"log","timestamp":1704999273035,"level":"debug","message":"Base url not specified, skipping its injection.","meta":{"rootId":"lun3b2hf68coype","id":"lun3b2hf68coype"},"id":"nxplb3ufl0sauod","previousOperationId":"j074ck1mbvpfmmu"}
{"type":"operationStart","subtype":"engine","name":"handlebars","timestamp":1704999273035,"id":"v2cirz32rao4o8r","previousEventId":"46z0fgj2qnmzar7","operationId":"2nfihzds35k067v","previousOperationId":"j074ck1mbvpfmmu"}
{"type":"log","timestamp":1704999273035,"level":"debug","message":"Rendering engine handlebars","meta":{"rootId":"lun3b2hf68coype","id":"lun3b2hf68coype"},"id":"su7ob6ep74d2hae","previousOperationId":"2nfihzds35k067v"}
{"type":"operationEnd","operationId":"2nfihzds35k067v","timestamp":1704999273051,"id":"zism17a6yrydkhj","previousEventId":"v2cirz32rao4o8r","previousOperationId":"2nfihzds35k067v"}
{"type":"operationStart","subtype":"recipe","name":"chrome-pdf","timestamp":1704999273051,"id":"lyv9xyayq7yjj71","previousEventId":"zism17a6yrydkhj","operationId":"53jiplqw7gszudm","previousOperationId":"2nfihzds35k067v"}
{"type":"log","timestamp":1704999273051,"level":"debug","message":"Executing recipe chrome-pdf","meta":{"rootId":"lun3b2hf68coype","id":"lun3b2hf68coype"},"id":"n8ol7etsw6o9hgq","previousOperationId":"53jiplqw7gszudm"}
{"type":"log","timestamp":1704999273056,"level":"debug","message":"Converting with chrome HeadlessChrome/117.0.5938.149 using chrome-pool strategy","meta":{"rootId":"lun3b2hf68coype","id":"lun3b2hf68coype"},"id":"n6e54fvh8m22ssd","previousOperationId":"53jiplqw7gszudm"}
{"type":"log","timestamp":1704999273088,"level":"debug","message":"Page request: GET (document) file:///tmp/jsreport/autocleanup/70650aff-5768-4209-9f11-689d5045fde8-chrome-pdf.html","meta":{"rootId":"lun3b2hf68coype","id":"lun3b2hf68coype"},"id":"p9wm1fcj74pvhwq","previousOperationId":"53jiplqw7gszudm"}
{"type":"log","timestamp":1704999273094,"level":"debug","message":"Page request: GET (script) https://cdn.jsdelivr.net/npm/chart.js","meta":{"rootId":"lun3b2hf68coype","id":"lun3b2hf68coype"},"id":"723tbf06kezmlqb","previousOperationId":"53jiplqw7gszudm"}
{"type":"log","timestamp":1704999273095,"level":"debug","message":"Page request finished: GET (document) 200 file:///tmp/jsreport/autocleanup/70650aff-5768-4209-9f11-689d5045fde8-chrome-pdf.html","meta":{"rootId":"lun3b2hf68coype","id":"lun3b2hf68coype"},"id":"bjl4grvqej8e8op","previousOperationId":"53jiplqw7gszudm"}
{"type":"log","timestamp":1704999273098,"level":"debug","message":"Page request finished: GET (script) 200 https://cdn.jsdelivr.net/npm/chart.js","meta":{"rootId":"lun3b2hf68coype","id":"lun3b2hf68coype"},"id":"3wsxbroc6gefsxz","previousOperationId":"53jiplqw7gszudm"}
{"type":"log","timestamp":1704999273135,"level":"debug","message":"Running chrome with params {\"printBackground\":true,\"timeout\":58490,\"margin\":{}}","meta":{"rootId":"lun3b2hf68coype","id":"lun3b2hf68coype"},"id":"g2nk1rxyhbszvz4","previousOperationId":"53jiplqw7gszudm"}
{"type":"operationEnd","operationId":"53jiplqw7gszudm","timestamp":1704999273190,"id":"qhigoh1hj22dzzk","previousEventId":"lyv9xyayq7yjj71","previousOperationId":"53jiplqw7gszudm"}
{"type":"log","timestamp":1704999273190,"level":"debug","message":"Skipping storing report.","meta":{"rootId":"lun3b2hf68coype","id":"lun3b2hf68coype"},"id":"ddu5x7o9v9gjknq","previousOperationId":"53jiplqw7gszudm"}
{"type":"log","timestamp":1704999273190,"level":"info","message":"Rendering request 49 finished in 1644 ms","meta":{"rootId":"lun3b2hf68coype","id":"lun3b2hf68coype"},"id":"3rnbzxdcon6ybj2","previousOperationId":"53jiplqw7gszudm"}
{"type":"operationEnd","subtype":"render","operationId":"6qlrxojbooj5an2","timestamp":1704999273190,"id":"lr86uh7siowpmm5","previousEventId":"qhigoh1hj22dzzk","previousOperationId":"53jiplqw7gszudm"}
{"type":"operationEnd","doDiffs":false,"previousEventId":"nlcrly05rfqyq6a","previousOperationId":"kdwbnaiq9r3jbvf","operationId":"kdwbnaiq9r3jbvf","timestamp":1704999273192,"id":"gukoyvvqlqxd7nh"}
