{"type":"operationStart","subtype":"profile","data":{"_id":"FlltTmVduSg4OL14","timestamp":"2024-01-11T17:39:17.277Z","state":"queued","mode":"standard","creationDate":"2024-01-11T17:39:17.279Z","modificationDate":"2024-01-11T17:39:17.279Z","shortid":"547AxCb","$entitySet":"profiles"},"doDiffs":false,"timestamp":1704994757278,"id":"is9vkklj6ded561","previousOperationId":null,"operationId":"y9n3wy15t56toqe"}
{"type":"log","level":"info","message":"Render request 4 queued for execution and waiting for available worker","previousOperationId":"y9n3wy15t56toqe","timestamp":1704994757278,"id":"h2666xyxgoifx9h"}
{"type":"operationStart","subtype":"render","name":"User_project","previousOperationId":"y9n3wy15t56toqe","timestamp":1704994757285,"id":"d1mjdxmsukcegqp","previousEventId":"is9vkklj6ded561","operationId":"15mwq279okpgqbf"}
{"type":"log","timestamp":1704994757285,"level":"info","message":"Starting rendering request 4","meta":{"rootId":"lv7bf9kw6vz0018","id":"lv7bf9kw6vz0018"},"id":"0y12znktne9wavi","previousOperationId":"15mwq279okpgqbf"}
{"type":"log","timestamp":1704994757285,"level":"info","message":"Rendering template { name: User_project, recipe: chrome-pdf, engine: handlebars, preview: true }","meta":{"rootId":"lv7bf9kw6vz0018","id":"lv7bf9kw6vz0018"},"id":"5n3l6uk0h660y62","previousOperationId":"15mwq279okpgqbf"}
{"type":"log","timestamp":1704994757286,"level":"debug","message":"Data item not defined for this template.","meta":{"rootId":"lv7bf9kw6vz0018","id":"lv7bf9kw6vz0018"},"id":"zbvn7mvnhkxbh74","previousOperationId":"15mwq279okpgqbf"}
{"type":"log","timestamp":1704994757289,"level":"debug","message":"Executing script usabi-data (beforeRender)","meta":{"rootId":"lv7bf9kw6vz0018","id":"lv7bf9kw6vz0018"},"id":"j70sb3p4atc7cq7","previousOperationId":"15mwq279okpgqbf"}
{"type":"operationStart","subtype":"scriptsBeforeRender","name":"scripts beforeRender","timestamp":1704994757295,"id":"0553n1pqy4vydrx","previousEventId":"d1mjdxmsukcegqp","operationId":"kjmzqnzr8am89fi","previousOperationId":"15mwq279okpgqbf"}
{"type":"operationStart","subtype":"script","name":"scripts usabi-data","previousOperationId":"kjmzqnzr8am89fi","timestamp":1704994757295,"id":"h3yv4grrjokkoaf","previousEventId":"0553n1pqy4vydrx","operationId":"ucu14yd4evaar8c"}
{"type":"operationEnd","operationId":"ucu14yd4evaar8c","timestamp":1704994757316,"id":"9nya31cgzsn77pu","previousEventId":"d1mjdxmsukcegqp","previousOperationId":"15mwq279okpgqbf"}
{"type":"log","timestamp":1704994757316,"level":"debug","message":"Executing script orders-script (beforeRender)","meta":{"rootId":"lv7bf9kw6vz0018","id":"lv7bf9kw6vz0018"},"id":"0uf2j10s6ybzam0","previousOperationId":"15mwq279okpgqbf"}
{"type":"operationStart","subtype":"script","name":"scripts orders-script","previousOperationId":"kjmzqnzr8am89fi","timestamp":1704994757321,"id":"jkglshy1t4ma1a5","previousEventId":"9nya31cgzsn77pu","operationId":"9gpn44qszgbzfgy"}
{"type":"operationEnd","operationId":"9gpn44qszgbzfgy","timestamp":1704994758720,"id":"wnwsb70k6dc1cpm","previousEventId":"9nya31cgzsn77pu","previousOperationId":"15mwq279okpgqbf"}
{"type":"operationEnd","operationId":"kjmzqnzr8am89fi","timestamp":1704994758720,"id":"u7banlbcftonv5y","previousEventId":"wnwsb70k6dc1cpm","previousOperationId":"15mwq279okpgqbf"}
{"type":"log","timestamp":1704994758720,"level":"debug","message":"Base url not specified, skipping its injection.","meta":{"rootId":"lv7bf9kw6vz0018","id":"lv7bf9kw6vz0018"},"id":"dyl7q7sbspcvljh","previousOperationId":"kjmzqnzr8am89fi"}
{"type":"operationStart","subtype":"engine","name":"handlebars","timestamp":1704994758720,"id":"vwjq4n8ofnufafh","previousEventId":"u7banlbcftonv5y","operationId":"kocg01r1p2ch3ug","previousOperationId":"kjmzqnzr8am89fi"}
{"type":"log","timestamp":1704994758720,"level":"debug","message":"Rendering engine handlebars","meta":{"rootId":"lv7bf9kw6vz0018","id":"lv7bf9kw6vz0018"},"id":"xkwbt8beg96dcek","previousOperationId":"kocg01r1p2ch3ug"}
{"type":"operationEnd","operationId":"kocg01r1p2ch3ug","timestamp":1704994758729,"id":"vgqf55clmabs2a2","previousEventId":"vwjq4n8ofnufafh","previousOperationId":"kocg01r1p2ch3ug"}
{"type":"operationStart","subtype":"recipe","name":"chrome-pdf","timestamp":1704994758729,"id":"7z1t53nwpodl7lt","previousEventId":"vgqf55clmabs2a2","operationId":"84t4ltagdq9h1kv","previousOperationId":"kocg01r1p2ch3ug"}
{"type":"log","timestamp":1704994758729,"level":"debug","message":"Executing recipe chrome-pdf","meta":{"rootId":"lv7bf9kw6vz0018","id":"lv7bf9kw6vz0018"},"id":"fx3eataoaec5suh","previousOperationId":"84t4ltagdq9h1kv"}
{"type":"log","timestamp":1704994758731,"level":"debug","message":"Converting with chrome HeadlessChrome/117.0.5938.149 using chrome-pool strategy","meta":{"rootId":"lv7bf9kw6vz0018","id":"lv7bf9kw6vz0018"},"id":"wk4dj0uvm0tvhs7","previousOperationId":"84t4ltagdq9h1kv"}
{"type":"log","timestamp":1704994758777,"level":"debug","message":"Page request: GET (document) file:///tmp/jsreport/autocleanup/4c48f6eb-65b6-4e84-8ad3-96ef317da875-chrome-pdf.html","meta":{"rootId":"lv7bf9kw6vz0018","id":"lv7bf9kw6vz0018"},"id":"stlmdc8ntj16933","previousOperationId":"84t4ltagdq9h1kv"}
{"type":"log","timestamp":1704994758783,"level":"debug","message":"Page request: GET (script) https://cdn.jsdelivr.net/npm/chart.js","meta":{"rootId":"lv7bf9kw6vz0018","id":"lv7bf9kw6vz0018"},"id":"4laago3q0t3qh13","previousOperationId":"84t4ltagdq9h1kv"}
{"type":"log","timestamp":1704994758783,"level":"debug","message":"Page request finished: GET (document) 200 file:///tmp/jsreport/autocleanup/4c48f6eb-65b6-4e84-8ad3-96ef317da875-chrome-pdf.html","meta":{"rootId":"lv7bf9kw6vz0018","id":"lv7bf9kw6vz0018"},"id":"qyiydwv100p9w2v","previousOperationId":"84t4ltagdq9h1kv"}
{"type":"log","timestamp":1704994758786,"level":"debug","message":"Page request finished: GET (script) 200 https://cdn.jsdelivr.net/npm/chart.js","meta":{"rootId":"lv7bf9kw6vz0018","id":"lv7bf9kw6vz0018"},"id":"5qyqqs46xsrtyq2","previousOperationId":"84t4ltagdq9h1kv"}
{"type":"log","timestamp":1704994758789,"level":"warn","message":"Page error: Unexpected identifier 'Object' , stack: SyntaxError: Unexpected identifier 'Object'","meta":{"rootId":"lv7bf9kw6vz0018","id":"lv7bf9kw6vz0018"},"id":"lza5ebyl9xq3qnr","previousOperationId":"84t4ltagdq9h1kv"}
{"type":"log","timestamp":1704994758792,"level":"debug","message":"Running chrome with params {\"printBackground\":true,\"timeout\":58547,\"margin\":{}}","meta":{"rootId":"lv7bf9kw6vz0018","id":"lv7bf9kw6vz0018"},"id":"94fy4upi8nw1i3z","previousOperationId":"84t4ltagdq9h1kv"}
{"type":"operationEnd","operationId":"84t4ltagdq9h1kv","timestamp":1704994758801,"id":"lrn6rfyyrcf1eh8","previousEventId":"7z1t53nwpodl7lt","previousOperationId":"84t4ltagdq9h1kv"}
{"type":"log","timestamp":1704994758801,"level":"debug","message":"Skipping storing report.","meta":{"rootId":"lv7bf9kw6vz0018","id":"lv7bf9kw6vz0018"},"id":"rah30s8j70puxl7","previousOperationId":"84t4ltagdq9h1kv"}
{"type":"log","timestamp":1704994758801,"level":"info","message":"Rendering request 4 finished in 1524 ms","meta":{"rootId":"lv7bf9kw6vz0018","id":"lv7bf9kw6vz0018"},"id":"75ptw4qifg71gq9","previousOperationId":"84t4ltagdq9h1kv"}
{"type":"operationEnd","subtype":"render","operationId":"15mwq279okpgqbf","timestamp":1704994758801,"id":"5mc59ju2hhkmpet","previousEventId":"lrn6rfyyrcf1eh8","previousOperationId":"84t4ltagdq9h1kv"}
{"type":"operationEnd","doDiffs":false,"previousEventId":"is9vkklj6ded561","previousOperationId":"y9n3wy15t56toqe","operationId":"y9n3wy15t56toqe","timestamp":1704994758804,"id":"aa9xkhex2zh6d2b"}
