{"type":"operationStart","subtype":"profile","data":{"_id":"qlKOFHeGZhYQd72Q","timestamp":"2024-01-15T20:29:35.284Z","state":"queued","mode":"standard","creationDate":"2024-01-15T20:29:35.285Z","modificationDate":"2024-01-15T20:29:35.285Z","shortid":"L3QFWi_","$entitySet":"profiles"},"doDiffs":false,"timestamp":1705350575285,"id":"73yuvg46jbyb2dg","previousOperationId":null,"operationId":"a8bz6yqvplv6fel"}
{"type":"log","level":"info","message":"Render request 7 queued for execution and waiting for available worker","previousOperationId":"a8bz6yqvplv6fel","timestamp":1705350575285,"id":"3f61grgxq13i6i4"}
{"type":"operationStart","subtype":"render","name":"User_project","previousOperationId":"a8bz6yqvplv6fel","timestamp":1705350575288,"id":"avijx3dw0uqjp43","previousEventId":"73yuvg46jbyb2dg","operationId":"qdv9axww3m5l1ml"}
{"type":"log","timestamp":1705350575288,"level":"info","message":"Starting rendering request 7","meta":{"rootId":"lvja7rabnqy6y56","id":"lvja7rabnqy6y56"},"id":"zo4vr7kw1gmjhoh","previousOperationId":"qdv9axww3m5l1ml"}
{"type":"log","timestamp":1705350575288,"level":"info","message":"Rendering template { name: User_project, recipe: chrome-pdf, engine: handlebars, preview: false }","meta":{"rootId":"lvja7rabnqy6y56","id":"lvja7rabnqy6y56"},"id":"xso2zeqigb34pnp","previousOperationId":"qdv9axww3m5l1ml"}
{"type":"log","timestamp":1705350575288,"level":"debug","message":"Data item not defined for this template.","meta":{"rootId":"lvja7rabnqy6y56","id":"lvja7rabnqy6y56"},"id":"s94z9riuukpcuen","previousOperationId":"qdv9axww3m5l1ml"}
{"type":"log","timestamp":1705350575291,"level":"debug","message":"Executing script usabi-data (beforeRender)","meta":{"rootId":"lvja7rabnqy6y56","id":"lvja7rabnqy6y56"},"id":"ldd1oxiqjadr23q","previousOperationId":"qdv9axww3m5l1ml"}
{"type":"operationStart","subtype":"scriptsBeforeRender","name":"scripts beforeRender","timestamp":1705350575297,"id":"zdio56qdklvwvna","previousEventId":"avijx3dw0uqjp43","operationId":"ukorhq56ywlzcuv","previousOperationId":"qdv9axww3m5l1ml"}
{"type":"operationStart","subtype":"script","name":"scripts usabi-data","previousOperationId":"ukorhq56ywlzcuv","timestamp":1705350575297,"id":"7y6r6gr2n7e6hxs","previousEventId":"zdio56qdklvwvna","operationId":"08vks5plkm1inwd"}
{"type":"operationEnd","operationId":"08vks5plkm1inwd","timestamp":1705350575318,"id":"mb7bzfa9y3clyfv","previousEventId":"avijx3dw0uqjp43","previousOperationId":"qdv9axww3m5l1ml"}
{"type":"log","timestamp":1705350575318,"level":"debug","message":"Executing script orders-script (beforeRender)","meta":{"rootId":"lvja7rabnqy6y56","id":"lvja7rabnqy6y56"},"id":"p93mn1s9dtl9hnv","previousOperationId":"qdv9axww3m5l1ml"}
{"type":"operationStart","subtype":"script","name":"scripts orders-script","previousOperationId":"ukorhq56ywlzcuv","timestamp":1705350575323,"id":"6liyv0ac2q746ds","previousEventId":"mb7bzfa9y3clyfv","operationId":"i8i97kbjfs5ku7v"}
{"type":"operationEnd","operationId":"i8i97kbjfs5ku7v","timestamp":1705350576697,"id":"92424jfxgxdeuqv","previousEventId":"mb7bzfa9y3clyfv","previousOperationId":"qdv9axww3m5l1ml"}
{"type":"operationEnd","operationId":"ukorhq56ywlzcuv","timestamp":1705350576697,"id":"kiozdkqv1deghu5","previousEventId":"92424jfxgxdeuqv","previousOperationId":"qdv9axww3m5l1ml"}
{"type":"log","timestamp":1705350576697,"level":"debug","message":"Base url not specified, skipping its injection.","meta":{"rootId":"lvja7rabnqy6y56","id":"lvja7rabnqy6y56"},"id":"56gqlh339yfdcdm","previousOperationId":"ukorhq56ywlzcuv"}
{"type":"operationStart","subtype":"engine","name":"handlebars","timestamp":1705350576697,"id":"2hw7gue6d8wiacd","previousEventId":"kiozdkqv1deghu5","operationId":"v1j1ymham7tazfd","previousOperationId":"ukorhq56ywlzcuv"}
{"type":"log","timestamp":1705350576697,"level":"debug","message":"Rendering engine handlebars","meta":{"rootId":"lvja7rabnqy6y56","id":"lvja7rabnqy6y56"},"id":"zlr32dpmpjkeast","previousOperationId":"v1j1ymham7tazfd"}
{"type":"operationEnd","operationId":"v1j1ymham7tazfd","timestamp":1705350576705,"id":"hxzxaksfrfrcsjm","previousEventId":"2hw7gue6d8wiacd","previousOperationId":"v1j1ymham7tazfd"}
{"type":"operationStart","subtype":"recipe","name":"chrome-pdf","timestamp":1705350576705,"id":"20ndw9emmsz8p7u","previousEventId":"hxzxaksfrfrcsjm","operationId":"70vtb1fpbtqhnjc","previousOperationId":"v1j1ymham7tazfd"}
{"type":"log","timestamp":1705350576705,"level":"debug","message":"Executing recipe chrome-pdf","meta":{"rootId":"lvja7rabnqy6y56","id":"lvja7rabnqy6y56"},"id":"xciw8vtoru6tf7p","previousOperationId":"70vtb1fpbtqhnjc"}
{"type":"log","timestamp":1705350576706,"level":"debug","message":"Converting with chrome HeadlessChrome/117.0.5938.149 using chrome-pool strategy","meta":{"rootId":"lvja7rabnqy6y56","id":"lvja7rabnqy6y56"},"id":"05v2lcg8k9fy7p9","previousOperationId":"70vtb1fpbtqhnjc"}
{"type":"log","timestamp":1705350576745,"level":"debug","message":"Page request: GET (document) file:///tmp/jsreport/autocleanup/d9396126-b9ba-488f-af0b-81cc22370f2e-chrome-pdf.html","meta":{"rootId":"lvja7rabnqy6y56","id":"lvja7rabnqy6y56"},"id":"5xuq2npj669cx72","previousOperationId":"70vtb1fpbtqhnjc"}
{"type":"log","timestamp":1705350576751,"level":"debug","message":"Page request: GET (script) https://cdn.jsdelivr.net/npm/chart.js","meta":{"rootId":"lvja7rabnqy6y56","id":"lvja7rabnqy6y56"},"id":"cx1xxhd81svpdzn","previousOperationId":"70vtb1fpbtqhnjc"}
{"type":"log","timestamp":1705350576751,"level":"debug","message":"Page request finished: GET (document) 200 file:///tmp/jsreport/autocleanup/d9396126-b9ba-488f-af0b-81cc22370f2e-chrome-pdf.html","meta":{"rootId":"lvja7rabnqy6y56","id":"lvja7rabnqy6y56"},"id":"f3xh3tw7ju3u4ww","previousOperationId":"70vtb1fpbtqhnjc"}
{"type":"log","timestamp":1705350576755,"level":"debug","message":"Page request finished: GET (script) 200 https://cdn.jsdelivr.net/npm/chart.js","meta":{"rootId":"lvja7rabnqy6y56","id":"lvja7rabnqy6y56"},"id":"tpl8kzpd6dmdp60","previousOperationId":"70vtb1fpbtqhnjc"}
{"type":"log","timestamp":1705350576797,"level":"debug","message":"Running chrome with params {\"printBackground\":true,\"timeout\":58578,\"margin\":{}}","meta":{"rootId":"lvja7rabnqy6y56","id":"lvja7rabnqy6y56"},"id":"u0z9zxacxveeoy4","previousOperationId":"70vtb1fpbtqhnjc"}
{"type":"operationEnd","operationId":"70vtb1fpbtqhnjc","timestamp":1705350576844,"id":"eeyoksfx6tpf92v","previousEventId":"20ndw9emmsz8p7u","previousOperationId":"70vtb1fpbtqhnjc"}
{"type":"log","timestamp":1705350576844,"level":"debug","message":"Skipping storing report.","meta":{"rootId":"lvja7rabnqy6y56","id":"lvja7rabnqy6y56"},"id":"9e72xd6en0kb20q","previousOperationId":"70vtb1fpbtqhnjc"}
{"type":"log","timestamp":1705350576844,"level":"info","message":"Rendering request 7 finished in 1560 ms","meta":{"rootId":"lvja7rabnqy6y56","id":"lvja7rabnqy6y56"},"id":"2acq6eut48kkgzj","previousOperationId":"70vtb1fpbtqhnjc"}
{"type":"operationEnd","subtype":"render","operationId":"qdv9axww3m5l1ml","timestamp":1705350576844,"id":"2ncii1ffcdaclrq","previousEventId":"eeyoksfx6tpf92v","previousOperationId":"70vtb1fpbtqhnjc"}
{"type":"operationEnd","doDiffs":false,"previousEventId":"73yuvg46jbyb2dg","previousOperationId":"a8bz6yqvplv6fel","operationId":"a8bz6yqvplv6fel","timestamp":1705350576846,"id":"8qqnjjlezchr3k2"}
