{"type":"operationStart","subtype":"profile","data":{"_id":"jhdcm7d7z5hd7cZA","timestamp":"2024-01-11T18:45:12.776Z","state":"queued","mode":"standard","creationDate":"2024-01-11T18:45:12.777Z","modificationDate":"2024-01-11T18:45:12.777Z","shortid":"mPb14GR","$entitySet":"profiles"},"doDiffs":false,"timestamp":1704998712777,"id":"00jleqxjqoftmp3","previousOperationId":null,"operationId":"apf8bo5rd2cno4x"}
{"type":"log","level":"info","message":"Render request 36 queued for execution and waiting for available worker","previousOperationId":"apf8bo5rd2cno4x","timestamp":1704998712777,"id":"utd2mr4zgne1g6p"}
{"type":"operationStart","subtype":"render","name":"User_project","previousOperationId":"apf8bo5rd2cno4x","timestamp":1704998712781,"id":"okgha3q7wygzca1","previousEventId":"00jleqxjqoftmp3","operationId":"asaak17pjrxloco"}
{"type":"log","timestamp":1704998712781,"level":"info","message":"Starting rendering request 36","meta":{"rootId":"lxql2yxpuyk4wpz","id":"lxql2yxpuyk4wpz"},"id":"z4k3r37eviuyn6a","previousOperationId":"asaak17pjrxloco"}
{"type":"log","timestamp":1704998712781,"level":"info","message":"Rendering template { name: User_project, recipe: chrome-pdf, engine: handlebars, preview: true }","meta":{"rootId":"lxql2yxpuyk4wpz","id":"lxql2yxpuyk4wpz"},"id":"u86shzclsj0zbvw","previousOperationId":"asaak17pjrxloco"}
{"type":"log","timestamp":1704998712782,"level":"debug","message":"Data item not defined for this template.","meta":{"rootId":"lxql2yxpuyk4wpz","id":"lxql2yxpuyk4wpz"},"id":"9e5hj6qhb2v0lf7","previousOperationId":"asaak17pjrxloco"}
{"type":"log","timestamp":1704998712783,"level":"debug","message":"Executing script usabi-data (beforeRender)","meta":{"rootId":"lxql2yxpuyk4wpz","id":"lxql2yxpuyk4wpz"},"id":"mutv27iwm8m2jbq","previousOperationId":"asaak17pjrxloco"}
{"type":"operationStart","subtype":"scriptsBeforeRender","name":"scripts beforeRender","timestamp":1704998712787,"id":"a74dcguowt19vrh","previousEventId":"okgha3q7wygzca1","operationId":"1fz5seg2ofzb3n5","previousOperationId":"asaak17pjrxloco"}
{"type":"operationStart","subtype":"script","name":"scripts usabi-data","previousOperationId":"1fz5seg2ofzb3n5","timestamp":1704998712787,"id":"pxrs1mbye0wpjlc","previousEventId":"a74dcguowt19vrh","operationId":"0rl190o1ih0otdm"}
{"type":"operationEnd","operationId":"0rl190o1ih0otdm","timestamp":1704998712803,"id":"k213nl9me68wu1n","previousEventId":"okgha3q7wygzca1","previousOperationId":"asaak17pjrxloco"}
{"type":"log","timestamp":1704998712803,"level":"debug","message":"Executing script orders-script (beforeRender)","meta":{"rootId":"lxql2yxpuyk4wpz","id":"lxql2yxpuyk4wpz"},"id":"120tftr5zawjx6u","previousOperationId":"asaak17pjrxloco"}
{"type":"operationStart","subtype":"script","name":"scripts orders-script","previousOperationId":"1fz5seg2ofzb3n5","timestamp":1704998712807,"id":"crd3it4a5dfheyp","previousEventId":"k213nl9me68wu1n","operationId":"lbwsmsk108cn7xy"}
{"type":"operationEnd","operationId":"lbwsmsk108cn7xy","timestamp":1704998716205,"id":"skwvckdf93hboz1","previousEventId":"k213nl9me68wu1n","previousOperationId":"asaak17pjrxloco"}
{"type":"operationEnd","operationId":"1fz5seg2ofzb3n5","timestamp":1704998716205,"id":"vpgy9pvr1kgdkwk","previousEventId":"skwvckdf93hboz1","previousOperationId":"asaak17pjrxloco"}
{"type":"log","timestamp":1704998716205,"level":"debug","message":"Base url not specified, skipping its injection.","meta":{"rootId":"lxql2yxpuyk4wpz","id":"lxql2yxpuyk4wpz"},"id":"9giewt33nn2qc86","previousOperationId":"1fz5seg2ofzb3n5"}
{"type":"operationStart","subtype":"engine","name":"handlebars","timestamp":1704998716205,"id":"0t3ke5rqzkfom2x","previousEventId":"vpgy9pvr1kgdkwk","operationId":"nf2i088sh07jan7","previousOperationId":"1fz5seg2ofzb3n5"}
{"type":"log","timestamp":1704998716205,"level":"debug","message":"Rendering engine handlebars","meta":{"rootId":"lxql2yxpuyk4wpz","id":"lxql2yxpuyk4wpz"},"id":"22cn7z1hlp9mobz","previousOperationId":"nf2i088sh07jan7"}
{"type":"operationEnd","operationId":"nf2i088sh07jan7","timestamp":1704998716214,"id":"s10ipgi99msub2k","previousEventId":"0t3ke5rqzkfom2x","previousOperationId":"nf2i088sh07jan7"}
{"type":"operationStart","subtype":"recipe","name":"chrome-pdf","timestamp":1704998716214,"id":"pk45ncmea52bi8b","previousEventId":"s10ipgi99msub2k","operationId":"gesghuccmy79sc5","previousOperationId":"nf2i088sh07jan7"}
{"type":"log","timestamp":1704998716214,"level":"debug","message":"Executing recipe chrome-pdf","meta":{"rootId":"lxql2yxpuyk4wpz","id":"lxql2yxpuyk4wpz"},"id":"364sfr5izhwbryr","previousOperationId":"gesghuccmy79sc5"}
{"type":"log","timestamp":1704998716217,"level":"debug","message":"Converting with chrome HeadlessChrome/117.0.5938.149 using chrome-pool strategy","meta":{"rootId":"lxql2yxpuyk4wpz","id":"lxql2yxpuyk4wpz"},"id":"jy46847oha82aqf","previousOperationId":"gesghuccmy79sc5"}
{"type":"log","timestamp":1704998716265,"level":"debug","message":"Page request: GET (document) file:///tmp/jsreport/autocleanup/6f6703df-7f30-4532-ac48-c0afff246108-chrome-pdf.html","meta":{"rootId":"lxql2yxpuyk4wpz","id":"lxql2yxpuyk4wpz"},"id":"4aq2l8asbqj3hon","previousOperationId":"gesghuccmy79sc5"}
{"type":"log","timestamp":1704998716273,"level":"debug","message":"Page request: GET (script) https://cdn.jsdelivr.net/npm/chart.js","meta":{"rootId":"lxql2yxpuyk4wpz","id":"lxql2yxpuyk4wpz"},"id":"dbtfz3m8rmeszy4","previousOperationId":"gesghuccmy79sc5"}
{"type":"log","timestamp":1704998716274,"level":"debug","message":"Page request finished: GET (document) 200 file:///tmp/jsreport/autocleanup/6f6703df-7f30-4532-ac48-c0afff246108-chrome-pdf.html","meta":{"rootId":"lxql2yxpuyk4wpz","id":"lxql2yxpuyk4wpz"},"id":"iimmv79e92wpk8e","previousOperationId":"gesghuccmy79sc5"}
{"type":"log","timestamp":1704998716277,"level":"debug","message":"Page request finished: GET (script) 200 https://cdn.jsdelivr.net/npm/chart.js","meta":{"rootId":"lxql2yxpuyk4wpz","id":"lxql2yxpuyk4wpz"},"id":"hp230jkxlz74bv9","previousOperationId":"gesghuccmy79sc5"}
{"type":"log","timestamp":1704998716318,"level":"debug","message":"Running chrome with params {\"printBackground\":true,\"timeout\":56560,\"margin\":{}}","meta":{"rootId":"lxql2yxpuyk4wpz","id":"lxql2yxpuyk4wpz"},"id":"6snjj5dfzlxl881","previousOperationId":"gesghuccmy79sc5"}
{"type":"operationEnd","operationId":"gesghuccmy79sc5","timestamp":1704998716373,"id":"pn6bcef4rt1z7xm","previousEventId":"pk45ncmea52bi8b","previousOperationId":"gesghuccmy79sc5"}
{"type":"log","timestamp":1704998716373,"level":"debug","message":"Skipping storing report.","meta":{"rootId":"lxql2yxpuyk4wpz","id":"lxql2yxpuyk4wpz"},"id":"k8lithn3exk2p49","previousOperationId":"gesghuccmy79sc5"}
{"type":"log","timestamp":1704998716373,"level":"info","message":"Rendering request 36 finished in 3597 ms","meta":{"rootId":"lxql2yxpuyk4wpz","id":"lxql2yxpuyk4wpz"},"id":"1vernzqssvfecgz","previousOperationId":"gesghuccmy79sc5"}
{"type":"operationEnd","subtype":"render","operationId":"asaak17pjrxloco","timestamp":1704998716373,"id":"xliiybhyek46u20","previousEventId":"pn6bcef4rt1z7xm","previousOperationId":"gesghuccmy79sc5"}
{"type":"operationEnd","doDiffs":false,"previousEventId":"00jleqxjqoftmp3","previousOperationId":"apf8bo5rd2cno4x","operationId":"apf8bo5rd2cno4x","timestamp":1704998716375,"id":"qxq75owri1ablap"}
