{"type":"operationStart","subtype":"profile","data":{"_id":"RT3trHTMdwe8IT7z","timestamp":"2024-01-11T18:31:01.357Z","state":"queued","mode":"standard","creationDate":"2024-01-11T18:31:01.357Z","modificationDate":"2024-01-11T18:31:01.357Z","shortid":"75Xvgsz","$entitySet":"profiles"},"doDiffs":false,"timestamp":1704997861357,"id":"784w2ldgh01cdog","previousOperationId":null,"operationId":"q5cqv8x6dxf1iyl"}
{"type":"log","level":"info","message":"Render request 19 queued for execution and waiting for available worker","previousOperationId":"q5cqv8x6dxf1iyl","timestamp":1704997861357,"id":"1fcjx74r4uzw8xh"}
{"type":"operationStart","subtype":"render","name":"User_project","previousOperationId":"q5cqv8x6dxf1iyl","timestamp":1704997861361,"id":"xfpttgs2mc3kje4","previousEventId":"784w2ldgh01cdog","operationId":"1qtm5vouyjkbvtw"}
{"type":"log","timestamp":1704997861361,"level":"info","message":"Starting rendering request 19","meta":{"rootId":"m1mzebdy8ou2kw7","id":"m1mzebdy8ou2kw7"},"id":"vijzrrwthx57f65","previousOperationId":"1qtm5vouyjkbvtw"}
{"type":"log","timestamp":1704997861361,"level":"info","message":"Rendering template { name: User_project, recipe: chrome-pdf, engine: handlebars, preview: true }","meta":{"rootId":"m1mzebdy8ou2kw7","id":"m1mzebdy8ou2kw7"},"id":"fmjq132cwi0cszc","previousOperationId":"1qtm5vouyjkbvtw"}
{"type":"log","timestamp":1704997861362,"level":"debug","message":"Data item not defined for this template.","meta":{"rootId":"m1mzebdy8ou2kw7","id":"m1mzebdy8ou2kw7"},"id":"qhjlo8dlc08io12","previousOperationId":"1qtm5vouyjkbvtw"}
{"type":"log","timestamp":1704997861364,"level":"debug","message":"Executing script usabi-data (beforeRender)","meta":{"rootId":"m1mzebdy8ou2kw7","id":"m1mzebdy8ou2kw7"},"id":"dv7yjgmkp1jypel","previousOperationId":"1qtm5vouyjkbvtw"}
{"type":"operationStart","subtype":"scriptsBeforeRender","name":"scripts beforeRender","timestamp":1704997861368,"id":"or23igzbm3u1mk0","previousEventId":"xfpttgs2mc3kje4","operationId":"7anqf2qt1t7jc08","previousOperationId":"1qtm5vouyjkbvtw"}
{"type":"operationStart","subtype":"script","name":"scripts usabi-data","previousOperationId":"7anqf2qt1t7jc08","timestamp":1704997861368,"id":"3pn3ew9njztzy9n","previousEventId":"or23igzbm3u1mk0","operationId":"q4w7xj8x7422m0n"}
{"type":"operationEnd","operationId":"q4w7xj8x7422m0n","timestamp":1704997861390,"id":"zzo3q1p6yy4jalj","previousEventId":"xfpttgs2mc3kje4","previousOperationId":"1qtm5vouyjkbvtw"}
{"type":"log","timestamp":1704997861390,"level":"debug","message":"Executing script orders-script (beforeRender)","meta":{"rootId":"m1mzebdy8ou2kw7","id":"m1mzebdy8ou2kw7"},"id":"vhcthabny6zefrj","previousOperationId":"1qtm5vouyjkbvtw"}
{"type":"operationStart","subtype":"script","name":"scripts orders-script","previousOperationId":"7anqf2qt1t7jc08","timestamp":1704997861393,"id":"dhgbt6vy3f8rhkm","previousEventId":"zzo3q1p6yy4jalj","operationId":"7b8a5gqaxtx7qwq"}
{"type":"operationEnd","operationId":"7b8a5gqaxtx7qwq","timestamp":1704997862755,"id":"depbbmlaskh0px8","previousEventId":"zzo3q1p6yy4jalj","previousOperationId":"1qtm5vouyjkbvtw"}
{"type":"operationEnd","operationId":"7anqf2qt1t7jc08","timestamp":1704997862755,"id":"mo6g4qybgwrwgu1","previousEventId":"depbbmlaskh0px8","previousOperationId":"1qtm5vouyjkbvtw"}
{"type":"log","timestamp":1704997862755,"level":"debug","message":"Base url not specified, skipping its injection.","meta":{"rootId":"m1mzebdy8ou2kw7","id":"m1mzebdy8ou2kw7"},"id":"vuw0bcvtji3qdrz","previousOperationId":"7anqf2qt1t7jc08"}
{"type":"operationStart","subtype":"engine","name":"handlebars","timestamp":1704997862755,"id":"e0v840kspxc753g","previousEventId":"mo6g4qybgwrwgu1","operationId":"irgzypj2o0tm9w3","previousOperationId":"7anqf2qt1t7jc08"}
{"type":"log","timestamp":1704997862755,"level":"debug","message":"Rendering engine handlebars","meta":{"rootId":"m1mzebdy8ou2kw7","id":"m1mzebdy8ou2kw7"},"id":"gyucvkqec4yidoz","previousOperationId":"irgzypj2o0tm9w3"}
{"type":"operationEnd","operationId":"irgzypj2o0tm9w3","timestamp":1704997862788,"id":"zv7w8dl9v5rp32g","previousEventId":"e0v840kspxc753g","previousOperationId":"irgzypj2o0tm9w3"}
{"type":"operationStart","subtype":"recipe","name":"chrome-pdf","timestamp":1704997862788,"id":"2vc3gsqf2vf9dnz","previousEventId":"zv7w8dl9v5rp32g","operationId":"wxm07fc0uvgvc5k","previousOperationId":"irgzypj2o0tm9w3"}
{"type":"log","timestamp":1704997862788,"level":"debug","message":"Executing recipe chrome-pdf","meta":{"rootId":"m1mzebdy8ou2kw7","id":"m1mzebdy8ou2kw7"},"id":"1mwpmkql7qwdye8","previousOperationId":"wxm07fc0uvgvc5k"}
{"type":"log","timestamp":1704997862790,"level":"debug","message":"Converting with chrome HeadlessChrome/117.0.5938.149 using chrome-pool strategy","meta":{"rootId":"m1mzebdy8ou2kw7","id":"m1mzebdy8ou2kw7"},"id":"d1q8uuxh5nvr603","previousOperationId":"wxm07fc0uvgvc5k"}
{"type":"log","timestamp":1704997862820,"level":"debug","message":"Page request: GET (document) file:///tmp/jsreport/autocleanup/1e1f28fb-1d48-4bf9-b7ee-baad9a896797-chrome-pdf.html","meta":{"rootId":"m1mzebdy8ou2kw7","id":"m1mzebdy8ou2kw7"},"id":"kuixcrmrfb5mhem","previousOperationId":"wxm07fc0uvgvc5k"}
{"type":"log","timestamp":1704997862828,"level":"debug","message":"Page request: GET (script) https://cdn.jsdelivr.net/npm/chart.js","meta":{"rootId":"m1mzebdy8ou2kw7","id":"m1mzebdy8ou2kw7"},"id":"von0nkqiima6li4","previousOperationId":"wxm07fc0uvgvc5k"}
{"type":"log","timestamp":1704997862829,"level":"debug","message":"Page request finished: GET (document) 200 file:///tmp/jsreport/autocleanup/1e1f28fb-1d48-4bf9-b7ee-baad9a896797-chrome-pdf.html","meta":{"rootId":"m1mzebdy8ou2kw7","id":"m1mzebdy8ou2kw7"},"id":"fgnw2uuvyi2jiww","previousOperationId":"wxm07fc0uvgvc5k"}
{"type":"log","timestamp":1704997862832,"level":"debug","message":"Page request finished: GET (script) 200 https://cdn.jsdelivr.net/npm/chart.js","meta":{"rootId":"m1mzebdy8ou2kw7","id":"m1mzebdy8ou2kw7"},"id":"lf9lkzc8wim98ny","previousOperationId":"wxm07fc0uvgvc5k"}
{"type":"log","timestamp":1704997862881,"level":"debug","message":"Running chrome with params {\"printBackground\":true,\"timeout\":58567,\"margin\":{}}","meta":{"rootId":"m1mzebdy8ou2kw7","id":"m1mzebdy8ou2kw7"},"id":"5ecf47xmvh1zs42","previousOperationId":"wxm07fc0uvgvc5k"}
{"type":"operationEnd","operationId":"wxm07fc0uvgvc5k","timestamp":1704997862953,"id":"fsv2k9k1rkk83i5","previousEventId":"2vc3gsqf2vf9dnz","previousOperationId":"wxm07fc0uvgvc5k"}
{"type":"log","timestamp":1704997862953,"level":"debug","message":"Skipping storing report.","meta":{"rootId":"m1mzebdy8ou2kw7","id":"m1mzebdy8ou2kw7"},"id":"81o8e5kjqyaqa82","previousOperationId":"wxm07fc0uvgvc5k"}
{"type":"log","timestamp":1704997862953,"level":"info","message":"Rendering request 19 finished in 1597 ms","meta":{"rootId":"m1mzebdy8ou2kw7","id":"m1mzebdy8ou2kw7"},"id":"z85jxiy3qmi9hcq","previousOperationId":"wxm07fc0uvgvc5k"}
{"type":"operationEnd","subtype":"render","operationId":"1qtm5vouyjkbvtw","timestamp":1704997862953,"id":"z0054643vh4ojfz","previousEventId":"fsv2k9k1rkk83i5","previousOperationId":"wxm07fc0uvgvc5k"}
{"type":"operationEnd","doDiffs":false,"previousEventId":"784w2ldgh01cdog","previousOperationId":"q5cqv8x6dxf1iyl","operationId":"q5cqv8x6dxf1iyl","timestamp":1704997862955,"id":"afc1zzlaso4jx4h"}
