{"type":"operationStart","subtype":"profile","data":{"_id":"gV1MhhhlCzzqYEXY","timestamp":"2024-01-10T20:23:05.044Z","state":"queued","mode":"standard","creationDate":"2024-01-10T20:23:05.045Z","modificationDate":"2024-01-10T20:23:05.045Z","shortid":"V8295VK","$entitySet":"profiles"},"doDiffs":false,"timestamp":1704918185045,"id":"sxn9ysqmx5ftlsv","previousOperationId":null,"operationId":"ivu0da3gazj9efc"}
{"type":"log","level":"info","message":"Render request 12 queued for execution and waiting for available worker","previousOperationId":"ivu0da3gazj9efc","timestamp":1704918185045,"id":"krelf4rr2uwyo8s"}
{"type":"operationStart","subtype":"render","name":"User_project","previousOperationId":"ivu0da3gazj9efc","timestamp":1704918185050,"id":"ke3kgx3n5pvkjlc","previousEventId":"sxn9ysqmx5ftlsv","operationId":"bicu0qtsdhhz43d"}
{"type":"log","timestamp":1704918185050,"level":"info","message":"Starting rendering request 12","meta":{"rootId":"m3a6wjrrtp6mea4","id":"m3a6wjrrtp6mea4"},"id":"ekdo0dd0s66dnv3","previousOperationId":"bicu0qtsdhhz43d"}
{"type":"log","timestamp":1704918185050,"level":"info","message":"Rendering template { name: User_project, recipe: chrome-pdf, engine: handlebars, preview: true }","meta":{"rootId":"m3a6wjrrtp6mea4","id":"m3a6wjrrtp6mea4"},"id":"90k2yphi352zm7x","previousOperationId":"bicu0qtsdhhz43d"}
{"type":"log","timestamp":1704918185050,"level":"debug","message":"Data item not defined for this template.","meta":{"rootId":"m3a6wjrrtp6mea4","id":"m3a6wjrrtp6mea4"},"id":"v5edspgvnuwqb7n","previousOperationId":"bicu0qtsdhhz43d"}
{"type":"log","timestamp":1704918185052,"level":"debug","message":"Executing script usabi-data (beforeRender)","meta":{"rootId":"m3a6wjrrtp6mea4","id":"m3a6wjrrtp6mea4"},"id":"auvd7jlk3cyktrg","previousOperationId":"bicu0qtsdhhz43d"}
{"type":"operationStart","subtype":"scriptsBeforeRender","name":"scripts beforeRender","timestamp":1704918185055,"id":"a95gs0en579tx7n","previousEventId":"ke3kgx3n5pvkjlc","operationId":"bsr1qw5ksv5xflf","previousOperationId":"bicu0qtsdhhz43d"}
{"type":"operationStart","subtype":"script","name":"scripts usabi-data","previousOperationId":"bsr1qw5ksv5xflf","timestamp":1704918185055,"id":"qeosieamfnch481","previousEventId":"a95gs0en579tx7n","operationId":"9gsamzesuw0r9nk"}
{"type":"operationEnd","operationId":"9gsamzesuw0r9nk","timestamp":1704918185066,"id":"0jhxtixkyj0t6rb","previousEventId":"ke3kgx3n5pvkjlc","previousOperationId":"bicu0qtsdhhz43d"}
{"type":"operationEnd","operationId":"bsr1qw5ksv5xflf","timestamp":1704918185066,"id":"35sa5wix54mtzk5","previousEventId":"0jhxtixkyj0t6rb","previousOperationId":"bicu0qtsdhhz43d"}
{"type":"log","timestamp":1704918185066,"level":"debug","message":"Base url not specified, skipping its injection.","meta":{"rootId":"m3a6wjrrtp6mea4","id":"m3a6wjrrtp6mea4"},"id":"f48juoo8z4zznrf","previousOperationId":"bsr1qw5ksv5xflf"}
{"type":"operationStart","subtype":"engine","name":"handlebars","timestamp":1704918185067,"id":"gm74ilrqhagg44r","previousEventId":"35sa5wix54mtzk5","operationId":"ey8p2xezxhurr0j","previousOperationId":"bsr1qw5ksv5xflf"}
{"type":"log","timestamp":1704918185067,"level":"debug","message":"Rendering engine handlebars","meta":{"rootId":"m3a6wjrrtp6mea4","id":"m3a6wjrrtp6mea4"},"id":"0dsrz3lvei9rqt8","previousOperationId":"ey8p2xezxhurr0j"}
{"type":"operationEnd","operationId":"ey8p2xezxhurr0j","timestamp":1704918185073,"id":"0f19igmrkwldsb8","previousEventId":"gm74ilrqhagg44r","previousOperationId":"ey8p2xezxhurr0j"}
{"type":"operationStart","subtype":"recipe","name":"chrome-pdf","timestamp":1704918185073,"id":"2vfjs509c197dey","previousEventId":"0f19igmrkwldsb8","operationId":"26rnmql6ae129w1","previousOperationId":"ey8p2xezxhurr0j"}
{"type":"log","timestamp":1704918185073,"level":"debug","message":"Executing recipe chrome-pdf","meta":{"rootId":"m3a6wjrrtp6mea4","id":"m3a6wjrrtp6mea4"},"id":"jtf6od5r0zxiaco","previousOperationId":"26rnmql6ae129w1"}
{"type":"log","timestamp":1704918185074,"level":"debug","message":"Converting with chrome HeadlessChrome/117.0.5938.149 using chrome-pool strategy","meta":{"rootId":"m3a6wjrrtp6mea4","id":"m3a6wjrrtp6mea4"},"id":"qs6m7pfjp8ech8z","previousOperationId":"26rnmql6ae129w1"}
{"type":"log","timestamp":1704918185103,"level":"debug","message":"Page request: GET (document) file:///tmp/jsreport/autocleanup/db853dc8-e91a-4f86-81e6-65ec21ea742c-chrome-pdf.html","meta":{"rootId":"m3a6wjrrtp6mea4","id":"m3a6wjrrtp6mea4"},"id":"kgsriwqo63vpjvw","previousOperationId":"26rnmql6ae129w1"}
{"type":"log","timestamp":1704918185110,"level":"debug","message":"Page request finished: GET (document) 200 file:///tmp/jsreport/autocleanup/db853dc8-e91a-4f86-81e6-65ec21ea742c-chrome-pdf.html","meta":{"rootId":"m3a6wjrrtp6mea4","id":"m3a6wjrrtp6mea4"},"id":"k16hhpui7j9q7yj","previousOperationId":"26rnmql6ae129w1"}
{"type":"log","timestamp":1704918185114,"level":"debug","message":"Running chrome with params {\"printBackground\":true,\"timeout\":59970,\"margin\":{}}","meta":{"rootId":"m3a6wjrrtp6mea4","id":"m3a6wjrrtp6mea4"},"id":"5du667jxra1mgza","previousOperationId":"26rnmql6ae129w1"}
{"type":"operationEnd","operationId":"26rnmql6ae129w1","timestamp":1704918185123,"id":"2hjdmpwxnh1m5s9","previousEventId":"2vfjs509c197dey","previousOperationId":"26rnmql6ae129w1"}
{"type":"log","timestamp":1704918185123,"level":"debug","message":"Skipping storing report.","meta":{"rootId":"m3a6wjrrtp6mea4","id":"m3a6wjrrtp6mea4"},"id":"2unoat66m6s58qg","previousOperationId":"26rnmql6ae129w1"}
{"type":"log","timestamp":1704918185123,"level":"info","message":"Rendering request 12 finished in 79 ms","meta":{"rootId":"m3a6wjrrtp6mea4","id":"m3a6wjrrtp6mea4"},"id":"wluzx76d79ebd3i","previousOperationId":"26rnmql6ae129w1"}
{"type":"operationEnd","subtype":"render","operationId":"bicu0qtsdhhz43d","timestamp":1704918185123,"id":"2nue7ra58dna5ls","previousEventId":"2hjdmpwxnh1m5s9","previousOperationId":"26rnmql6ae129w1"}
{"type":"operationEnd","doDiffs":false,"previousEventId":"sxn9ysqmx5ftlsv","previousOperationId":"ivu0da3gazj9efc","operationId":"ivu0da3gazj9efc","timestamp":1704918185127,"id":"hiij4u011mj7q6n"}
