{"type":"operationStart","subtype":"profile","data":{"_id":"rb02i9r6prMq8AUE","timestamp":"2024-01-15T20:30:53.040Z","state":"queued","mode":"standard","creationDate":"2024-01-15T20:30:53.041Z","modificationDate":"2024-01-15T20:30:53.041Z","shortid":"4XC28hV","$entitySet":"profiles"},"doDiffs":false,"timestamp":1705350653041,"id":"vmuccdt3pmocehi","previousOperationId":null,"operationId":"pn6yj11vgcv0x3a"}
{"type":"log","level":"info","message":"Render request 13 queued for execution and waiting for available worker","previousOperationId":"pn6yj11vgcv0x3a","timestamp":1705350653041,"id":"zlo8gtzs2tggasl"}
{"type":"operationStart","subtype":"render","name":"User_project","previousOperationId":"pn6yj11vgcv0x3a","timestamp":1705350653043,"id":"az6qejx5zqkuauo","previousEventId":"vmuccdt3pmocehi","operationId":"kmx3ymyi60cvswr"}
{"type":"log","timestamp":1705350653043,"level":"info","message":"Starting rendering request 13","meta":{"rootId":"m4lc7mltbvd9djt","id":"m4lc7mltbvd9djt"},"id":"z1uhxayeibee8o0","previousOperationId":"kmx3ymyi60cvswr"}
{"type":"log","timestamp":1705350653043,"level":"info","message":"Rendering template { name: User_project, recipe: chrome-pdf, engine: handlebars, preview: false }","meta":{"rootId":"m4lc7mltbvd9djt","id":"m4lc7mltbvd9djt"},"id":"v1tefjq3d0ic1hc","previousOperationId":"kmx3ymyi60cvswr"}
{"type":"log","timestamp":1705350653044,"level":"debug","message":"Data item not defined for this template.","meta":{"rootId":"m4lc7mltbvd9djt","id":"m4lc7mltbvd9djt"},"id":"jisbq1o6qqr4kqw","previousOperationId":"kmx3ymyi60cvswr"}
{"type":"log","timestamp":1705350653045,"level":"debug","message":"Executing script usabi-data (beforeRender)","meta":{"rootId":"m4lc7mltbvd9djt","id":"m4lc7mltbvd9djt"},"id":"7qhi73dwb1eysho","previousOperationId":"kmx3ymyi60cvswr"}
{"type":"operationStart","subtype":"scriptsBeforeRender","name":"scripts beforeRender","timestamp":1705350653049,"id":"dem3azrgud4zh2j","previousEventId":"az6qejx5zqkuauo","operationId":"ufkkfdixfw0bwqr","previousOperationId":"kmx3ymyi60cvswr"}
{"type":"operationStart","subtype":"script","name":"scripts usabi-data","previousOperationId":"ufkkfdixfw0bwqr","timestamp":1705350653049,"id":"q7j2dmfpktntw31","previousEventId":"dem3azrgud4zh2j","operationId":"0vp3zdlntvpjc4i"}
{"type":"operationEnd","operationId":"0vp3zdlntvpjc4i","timestamp":1705350653063,"id":"vevnpkv3oj0yf9l","previousEventId":"az6qejx5zqkuauo","previousOperationId":"kmx3ymyi60cvswr"}
{"type":"log","timestamp":1705350653063,"level":"debug","message":"Executing script orders-script (beforeRender)","meta":{"rootId":"m4lc7mltbvd9djt","id":"m4lc7mltbvd9djt"},"id":"cteip2s59n1itru","previousOperationId":"kmx3ymyi60cvswr"}
{"type":"operationStart","subtype":"script","name":"scripts orders-script","previousOperationId":"ufkkfdixfw0bwqr","timestamp":1705350653067,"id":"i1k1si34g8s9hjv","previousEventId":"vevnpkv3oj0yf9l","operationId":"01f6k07b6ykotko"}
{"type":"operationEnd","operationId":"01f6k07b6ykotko","timestamp":1705350654393,"id":"86zg6uwniqjvfy3","previousEventId":"vevnpkv3oj0yf9l","previousOperationId":"kmx3ymyi60cvswr"}
{"type":"operationEnd","operationId":"ufkkfdixfw0bwqr","timestamp":1705350654393,"id":"trvmixzps95nqbc","previousEventId":"86zg6uwniqjvfy3","previousOperationId":"kmx3ymyi60cvswr"}
{"type":"log","timestamp":1705350654393,"level":"debug","message":"Base url not specified, skipping its injection.","meta":{"rootId":"m4lc7mltbvd9djt","id":"m4lc7mltbvd9djt"},"id":"61zfzzs5a6ebk6t","previousOperationId":"ufkkfdixfw0bwqr"}
{"type":"operationStart","subtype":"engine","name":"handlebars","timestamp":1705350654393,"id":"iyr3gr4ov0zig07","previousEventId":"trvmixzps95nqbc","operationId":"b2u2a1uo2k6laxy","previousOperationId":"ufkkfdixfw0bwqr"}
{"type":"log","timestamp":1705350654393,"level":"debug","message":"Rendering engine handlebars","meta":{"rootId":"m4lc7mltbvd9djt","id":"m4lc7mltbvd9djt"},"id":"z9a5lwpzc0t4lga","previousOperationId":"b2u2a1uo2k6laxy"}
{"type":"operationEnd","operationId":"b2u2a1uo2k6laxy","timestamp":1705350654416,"id":"i45u3qtzvcz4nsv","previousEventId":"iyr3gr4ov0zig07","previousOperationId":"b2u2a1uo2k6laxy"}
{"type":"operationStart","subtype":"recipe","name":"chrome-pdf","timestamp":1705350654416,"id":"v6s00v0ieskexgr","previousEventId":"i45u3qtzvcz4nsv","operationId":"gi0iz3yuy6j62a5","previousOperationId":"b2u2a1uo2k6laxy"}
{"type":"log","timestamp":1705350654416,"level":"debug","message":"Executing recipe chrome-pdf","meta":{"rootId":"m4lc7mltbvd9djt","id":"m4lc7mltbvd9djt"},"id":"u8ja1pb5dy521pp","previousOperationId":"gi0iz3yuy6j62a5"}
{"type":"log","timestamp":1705350654419,"level":"debug","message":"Converting with chrome HeadlessChrome/117.0.5938.149 using chrome-pool strategy","meta":{"rootId":"m4lc7mltbvd9djt","id":"m4lc7mltbvd9djt"},"id":"8b98rnxfxvra11j","previousOperationId":"gi0iz3yuy6j62a5"}
{"type":"log","timestamp":1705350654449,"level":"debug","message":"Page request: GET (document) file:///tmp/jsreport/autocleanup/42400e99-f60d-4597-90ab-915f3f6dd15c-chrome-pdf.html","meta":{"rootId":"m4lc7mltbvd9djt","id":"m4lc7mltbvd9djt"},"id":"efo23yt0o8ajqts","previousOperationId":"gi0iz3yuy6j62a5"}
{"type":"log","timestamp":1705350654456,"level":"debug","message":"Page request: GET (script) https://cdn.jsdelivr.net/npm/chart.js","meta":{"rootId":"m4lc7mltbvd9djt","id":"m4lc7mltbvd9djt"},"id":"57lm7ecljixpe24","previousOperationId":"gi0iz3yuy6j62a5"}
{"type":"log","timestamp":1705350654456,"level":"debug","message":"Page request finished: GET (document) 200 file:///tmp/jsreport/autocleanup/42400e99-f60d-4597-90ab-915f3f6dd15c-chrome-pdf.html","meta":{"rootId":"m4lc7mltbvd9djt","id":"m4lc7mltbvd9djt"},"id":"ivnmgh9naqn7bg2","previousOperationId":"gi0iz3yuy6j62a5"}
{"type":"log","timestamp":1705350654459,"level":"debug","message":"Page request finished: GET (script) 200 https://cdn.jsdelivr.net/npm/chart.js","meta":{"rootId":"m4lc7mltbvd9djt","id":"m4lc7mltbvd9djt"},"id":"n74pe97xg3btmrf","previousOperationId":"gi0iz3yuy6j62a5"}
{"type":"log","timestamp":1705350654496,"level":"debug","message":"Running chrome with params {\"printBackground\":true,\"timeout\":58623,\"margin\":{}}","meta":{"rootId":"m4lc7mltbvd9djt","id":"m4lc7mltbvd9djt"},"id":"3prijeytnlzvc5o","previousOperationId":"gi0iz3yuy6j62a5"}
{"type":"operationEnd","operationId":"gi0iz3yuy6j62a5","timestamp":1705350654545,"id":"c65b50vzgblsuab","previousEventId":"v6s00v0ieskexgr","previousOperationId":"gi0iz3yuy6j62a5"}
{"type":"log","timestamp":1705350654545,"level":"debug","message":"Skipping storing report.","meta":{"rootId":"m4lc7mltbvd9djt","id":"m4lc7mltbvd9djt"},"id":"x2gs4ojzw1mu64e","previousOperationId":"gi0iz3yuy6j62a5"}
{"type":"log","timestamp":1705350654545,"level":"info","message":"Rendering request 13 finished in 1505 ms","meta":{"rootId":"m4lc7mltbvd9djt","id":"m4lc7mltbvd9djt"},"id":"f9qcgrkgbf02n4k","previousOperationId":"gi0iz3yuy6j62a5"}
{"type":"operationEnd","subtype":"render","operationId":"kmx3ymyi60cvswr","timestamp":1705350654545,"id":"ysnseeac1g3mvds","previousEventId":"c65b50vzgblsuab","previousOperationId":"gi0iz3yuy6j62a5"}
{"type":"operationEnd","doDiffs":false,"previousEventId":"vmuccdt3pmocehi","previousOperationId":"pn6yj11vgcv0x3a","operationId":"pn6yj11vgcv0x3a","timestamp":1705350654546,"id":"p6146xj9z9bprhx"}
