{"type":"operationStart","subtype":"profile","data":{"_id":"GLI4oj53EYTbKtzv","timestamp":"2024-01-11T16:06:45.967Z","state":"queued","mode":"standard","creationDate":"2024-01-11T16:06:45.968Z","modificationDate":"2024-01-11T16:06:45.968Z","shortid":"6Pq44UL","$entitySet":"profiles"},"doDiffs":false,"timestamp":1704989205967,"id":"3rj2l7yu7kaba1j","previousOperationId":null,"operationId":"v8a0btwbprrphup"}
{"type":"log","level":"info","message":"Render request 5 queued for execution and waiting for available worker","previousOperationId":"v8a0btwbprrphup","timestamp":1704989205967,"id":"2qq3zwkls9u5uy6"}
{"type":"operationStart","subtype":"render","name":"User_project","previousOperationId":"v8a0btwbprrphup","timestamp":1704989205973,"id":"6v2qwe310w87ray","previousEventId":"3rj2l7yu7kaba1j","operationId":"rarormvmy5i9ba5"}
{"type":"log","timestamp":1704989205973,"level":"info","message":"Starting rendering request 5","meta":{"rootId":"m5jo8y7qhumc43w","id":"m5jo8y7qhumc43w"},"id":"uh6we5lp210mmz0","previousOperationId":"rarormvmy5i9ba5"}
{"type":"log","timestamp":1704989205973,"level":"info","message":"Rendering template { name: User_project, recipe: chrome-pdf, engine: handlebars, preview: true }","meta":{"rootId":"m5jo8y7qhumc43w","id":"m5jo8y7qhumc43w"},"id":"ou0o1w1kwzrjc5l","previousOperationId":"rarormvmy5i9ba5"}
{"type":"log","timestamp":1704989205973,"level":"debug","message":"Data item not defined for this template.","meta":{"rootId":"m5jo8y7qhumc43w","id":"m5jo8y7qhumc43w"},"id":"kta124451rdeloo","previousOperationId":"rarormvmy5i9ba5"}
{"type":"log","timestamp":1704989205974,"level":"debug","message":"Executing script usabi-data (beforeRender)","meta":{"rootId":"m5jo8y7qhumc43w","id":"m5jo8y7qhumc43w"},"id":"16xgnc7dnlskfuf","previousOperationId":"rarormvmy5i9ba5"}
{"type":"operationStart","subtype":"scriptsBeforeRender","name":"scripts beforeRender","timestamp":1704989205978,"id":"s2pjtq5t849jp7a","previousEventId":"6v2qwe310w87ray","operationId":"is7q6ltolftqcek","previousOperationId":"rarormvmy5i9ba5"}
{"type":"operationStart","subtype":"script","name":"scripts usabi-data","previousOperationId":"is7q6ltolftqcek","timestamp":1704989205979,"id":"58986wabl46bg8h","previousEventId":"s2pjtq5t849jp7a","operationId":"3hsw9rftbvbq649"}
{"type":"operationEnd","operationId":"3hsw9rftbvbq649","timestamp":1704989205990,"id":"ybwcfphzn0oqmqh","previousEventId":"6v2qwe310w87ray","previousOperationId":"rarormvmy5i9ba5"}
{"type":"operationEnd","operationId":"is7q6ltolftqcek","timestamp":1704989205990,"id":"mhri2wll8pmhud2","previousEventId":"ybwcfphzn0oqmqh","previousOperationId":"rarormvmy5i9ba5"}
{"type":"log","timestamp":1704989205990,"level":"debug","message":"Base url not specified, skipping its injection.","meta":{"rootId":"m5jo8y7qhumc43w","id":"m5jo8y7qhumc43w"},"id":"sarezzgowqi7cl0","previousOperationId":"is7q6ltolftqcek"}
{"type":"operationStart","subtype":"engine","name":"handlebars","timestamp":1704989205990,"id":"r5m58wzw9ilf653","previousEventId":"mhri2wll8pmhud2","operationId":"s9br9685h0c4rrx","previousOperationId":"is7q6ltolftqcek"}
{"type":"log","timestamp":1704989205990,"level":"debug","message":"Rendering engine handlebars","meta":{"rootId":"m5jo8y7qhumc43w","id":"m5jo8y7qhumc43w"},"id":"plulc88x7660hh1","previousOperationId":"s9br9685h0c4rrx"}
{"type":"operationEnd","operationId":"s9br9685h0c4rrx","timestamp":1704989206003,"id":"jig6p0bp6nokeki","previousEventId":"r5m58wzw9ilf653","previousOperationId":"s9br9685h0c4rrx"}
{"type":"operationStart","subtype":"recipe","name":"chrome-pdf","timestamp":1704989206003,"id":"jpjezug8741vvdg","previousEventId":"jig6p0bp6nokeki","operationId":"pgq8leqv3ivbbmr","previousOperationId":"s9br9685h0c4rrx"}
{"type":"log","timestamp":1704989206003,"level":"debug","message":"Executing recipe chrome-pdf","meta":{"rootId":"m5jo8y7qhumc43w","id":"m5jo8y7qhumc43w"},"id":"zfusbfa2q65zd7j","previousOperationId":"pgq8leqv3ivbbmr"}
{"type":"log","timestamp":1704989206005,"level":"debug","message":"Converting with chrome HeadlessChrome/117.0.5938.149 using chrome-pool strategy","meta":{"rootId":"m5jo8y7qhumc43w","id":"m5jo8y7qhumc43w"},"id":"kc3ojo6x0c7s6jm","previousOperationId":"pgq8leqv3ivbbmr"}
{"type":"log","timestamp":1704989206051,"level":"debug","message":"Page request: GET (document) file:///tmp/jsreport/autocleanup/72ea32f5-6a63-4932-b6bb-ab0d60244ccc-chrome-pdf.html","meta":{"rootId":"m5jo8y7qhumc43w","id":"m5jo8y7qhumc43w"},"id":"c8c8nuixlbuq50k","previousOperationId":"pgq8leqv3ivbbmr"}
{"type":"log","timestamp":1704989206059,"level":"debug","message":"Page request: GET (script) https://cdn.jsdelivr.net/npm/chart.js","meta":{"rootId":"m5jo8y7qhumc43w","id":"m5jo8y7qhumc43w"},"id":"yu0l8rijl53mmyc","previousOperationId":"pgq8leqv3ivbbmr"}
{"type":"log","timestamp":1704989206059,"level":"debug","message":"Page request finished: GET (document) 200 file:///tmp/jsreport/autocleanup/72ea32f5-6a63-4932-b6bb-ab0d60244ccc-chrome-pdf.html","meta":{"rootId":"m5jo8y7qhumc43w","id":"m5jo8y7qhumc43w"},"id":"a7w97piiwo95bsg","previousOperationId":"pgq8leqv3ivbbmr"}
{"type":"log","timestamp":1704989206272,"level":"debug","message":"Page request finished: GET (script) 200 https://cdn.jsdelivr.net/npm/chart.js","meta":{"rootId":"m5jo8y7qhumc43w","id":"m5jo8y7qhumc43w"},"id":"57ovez02ajaym21","previousOperationId":"pgq8leqv3ivbbmr"}
{"type":"log","timestamp":1704989206366,"level":"debug","message":"Running chrome with params {\"printBackground\":true,\"timeout\":59963,\"margin\":{}}","meta":{"rootId":"m5jo8y7qhumc43w","id":"m5jo8y7qhumc43w"},"id":"lkpyiqtx9qs14sj","previousOperationId":"pgq8leqv3ivbbmr"}
{"type":"operationEnd","operationId":"pgq8leqv3ivbbmr","timestamp":1704989206426,"id":"hlv3leir0x7xm8x","previousEventId":"jpjezug8741vvdg","previousOperationId":"pgq8leqv3ivbbmr"}
{"type":"log","timestamp":1704989206426,"level":"debug","message":"Skipping storing report.","meta":{"rootId":"m5jo8y7qhumc43w","id":"m5jo8y7qhumc43w"},"id":"vzu9v9ss2lsqrwr","previousOperationId":"pgq8leqv3ivbbmr"}
{"type":"log","timestamp":1704989206426,"level":"info","message":"Rendering request 5 finished in 459 ms","meta":{"rootId":"m5jo8y7qhumc43w","id":"m5jo8y7qhumc43w"},"id":"zkbtep6qs4k9b7q","previousOperationId":"pgq8leqv3ivbbmr"}
{"type":"operationEnd","subtype":"render","operationId":"rarormvmy5i9ba5","timestamp":1704989206426,"id":"9pr6xu0z3x535z4","previousEventId":"hlv3leir0x7xm8x","previousOperationId":"pgq8leqv3ivbbmr"}
{"type":"operationEnd","doDiffs":false,"previousEventId":"3rj2l7yu7kaba1j","previousOperationId":"v8a0btwbprrphup","operationId":"v8a0btwbprrphup","timestamp":1704989206430,"id":"zxolblkn5q72b1d"}
