{"type":"operationStart","subtype":"profile","data":{"_id":"tdcCfREkdxZUTSBc","timestamp":"2024-01-11T16:21:30.527Z","state":"queued","mode":"standard","creationDate":"2024-01-11T16:21:30.527Z","modificationDate":"2024-01-11T16:21:30.527Z","shortid":"mmfbX82","$entitySet":"profiles"},"doDiffs":false,"timestamp":1704990090527,"id":"89l8awdm739vday","previousOperationId":null,"operationId":"ryce1tuusv6yyj1"}
{"type":"log","level":"info","message":"Render request 27 queued for execution and waiting for available worker","previousOperationId":"ryce1tuusv6yyj1","timestamp":1704990090527,"id":"2jvvky36vbrtymh"}
{"type":"operationStart","subtype":"render","name":"User_project","previousOperationId":"ryce1tuusv6yyj1","timestamp":1704990090531,"id":"5e9qqubo0y3mpgg","previousEventId":"89l8awdm739vday","operationId":"acbfju48td45h5u"}
{"type":"log","timestamp":1704990090531,"level":"info","message":"Starting rendering request 27","meta":{"rootId":"mi2x0qmq6j9ybm5","id":"mi2x0qmq6j9ybm5"},"id":"m7mq4wxu9boszf4","previousOperationId":"acbfju48td45h5u"}
{"type":"log","timestamp":1704990090531,"level":"info","message":"Rendering template { name: User_project, recipe: chrome-pdf, engine: handlebars, preview: true }","meta":{"rootId":"mi2x0qmq6j9ybm5","id":"mi2x0qmq6j9ybm5"},"id":"qtm03vmo75guc5t","previousOperationId":"acbfju48td45h5u"}
{"type":"log","timestamp":1704990090532,"level":"debug","message":"Data item not defined for this template.","meta":{"rootId":"mi2x0qmq6j9ybm5","id":"mi2x0qmq6j9ybm5"},"id":"q8n4rh4nq8oi57c","previousOperationId":"acbfju48td45h5u"}
{"type":"log","timestamp":1704990090533,"level":"debug","message":"Executing script usabi-data (beforeRender)","meta":{"rootId":"mi2x0qmq6j9ybm5","id":"mi2x0qmq6j9ybm5"},"id":"bkslu40iqzrekho","previousOperationId":"acbfju48td45h5u"}
{"type":"operationStart","subtype":"scriptsBeforeRender","name":"scripts beforeRender","timestamp":1704990090536,"id":"rjek6fxr4l5io5t","previousEventId":"5e9qqubo0y3mpgg","operationId":"mhlad5amss9zp3a","previousOperationId":"acbfju48td45h5u"}
{"type":"operationStart","subtype":"script","name":"scripts usabi-data","previousOperationId":"mhlad5amss9zp3a","timestamp":1704990090536,"id":"ndx0rect3byt6ob","previousEventId":"rjek6fxr4l5io5t","operationId":"2ik7c7efzkqagpu"}
{"type":"operationEnd","operationId":"2ik7c7efzkqagpu","timestamp":1704990090547,"id":"6bfvex51hzlgwrj","previousEventId":"5e9qqubo0y3mpgg","previousOperationId":"acbfju48td45h5u"}
{"type":"operationEnd","operationId":"mhlad5amss9zp3a","timestamp":1704990090547,"id":"jhif7rgn9ksv70i","previousEventId":"6bfvex51hzlgwrj","previousOperationId":"acbfju48td45h5u"}
{"type":"log","timestamp":1704990090547,"level":"debug","message":"Base url not specified, skipping its injection.","meta":{"rootId":"mi2x0qmq6j9ybm5","id":"mi2x0qmq6j9ybm5"},"id":"qi9nk7j285tfm7o","previousOperationId":"mhlad5amss9zp3a"}
{"type":"operationStart","subtype":"engine","name":"handlebars","timestamp":1704990090547,"id":"txpklkz1bbh46sm","previousEventId":"jhif7rgn9ksv70i","operationId":"wmowt7zbf7x2hgt","previousOperationId":"mhlad5amss9zp3a"}
{"type":"log","timestamp":1704990090547,"level":"debug","message":"Rendering engine handlebars","meta":{"rootId":"mi2x0qmq6j9ybm5","id":"mi2x0qmq6j9ybm5"},"id":"hq22qb3daltmgkh","previousOperationId":"wmowt7zbf7x2hgt"}
{"type":"operationEnd","operationId":"wmowt7zbf7x2hgt","timestamp":1704990090553,"id":"bzfybqtta9xsmi1","previousEventId":"txpklkz1bbh46sm","previousOperationId":"wmowt7zbf7x2hgt"}
{"type":"operationStart","subtype":"recipe","name":"chrome-pdf","timestamp":1704990090553,"id":"lciuukpn5eteqh4","previousEventId":"bzfybqtta9xsmi1","operationId":"b1jtjq4achxxvd3","previousOperationId":"wmowt7zbf7x2hgt"}
{"type":"log","timestamp":1704990090553,"level":"debug","message":"Executing recipe chrome-pdf","meta":{"rootId":"mi2x0qmq6j9ybm5","id":"mi2x0qmq6j9ybm5"},"id":"qy50z3su1ov46dc","previousOperationId":"b1jtjq4achxxvd3"}
{"type":"log","timestamp":1704990090556,"level":"debug","message":"Converting with chrome HeadlessChrome/117.0.5938.149 using chrome-pool strategy","meta":{"rootId":"mi2x0qmq6j9ybm5","id":"mi2x0qmq6j9ybm5"},"id":"pf3o0heb24tvnf4","previousOperationId":"b1jtjq4achxxvd3"}
{"type":"log","timestamp":1704990090588,"level":"debug","message":"Page request: GET (document) file:///tmp/jsreport/autocleanup/67e4f40a-4891-4875-96e9-84e2a7466e69-chrome-pdf.html","meta":{"rootId":"mi2x0qmq6j9ybm5","id":"mi2x0qmq6j9ybm5"},"id":"guvle9f4mwct5ae","previousOperationId":"b1jtjq4achxxvd3"}
{"type":"log","timestamp":1704990090596,"level":"debug","message":"Page request: GET (script) https://cdn.jsdelivr.net/npm/chart.js","meta":{"rootId":"mi2x0qmq6j9ybm5","id":"mi2x0qmq6j9ybm5"},"id":"gpqvfjm3qw7cun6","previousOperationId":"b1jtjq4achxxvd3"}
{"type":"log","timestamp":1704990090596,"level":"debug","message":"Page request finished: GET (document) 200 file:///tmp/jsreport/autocleanup/67e4f40a-4891-4875-96e9-84e2a7466e69-chrome-pdf.html","meta":{"rootId":"mi2x0qmq6j9ybm5","id":"mi2x0qmq6j9ybm5"},"id":"bdsy78ceyslr3sv","previousOperationId":"b1jtjq4achxxvd3"}
{"type":"log","timestamp":1704990090600,"level":"debug","message":"Page request finished: GET (script) 200 https://cdn.jsdelivr.net/npm/chart.js","meta":{"rootId":"mi2x0qmq6j9ybm5","id":"mi2x0qmq6j9ybm5"},"id":"cv0t8lk64h0hba5","previousOperationId":"b1jtjq4achxxvd3"}
{"type":"log","timestamp":1704990090648,"level":"debug","message":"Running chrome with params {\"printBackground\":true,\"timeout\":59971,\"margin\":{}}","meta":{"rootId":"mi2x0qmq6j9ybm5","id":"mi2x0qmq6j9ybm5"},"id":"hipjt4yc1y0daw3","previousOperationId":"b1jtjq4achxxvd3"}
{"type":"operationEnd","operationId":"b1jtjq4achxxvd3","timestamp":1704990090669,"id":"2us6opk2apcnyop","previousEventId":"lciuukpn5eteqh4","previousOperationId":"b1jtjq4achxxvd3"}
{"type":"log","timestamp":1704990090669,"level":"debug","message":"Skipping storing report.","meta":{"rootId":"mi2x0qmq6j9ybm5","id":"mi2x0qmq6j9ybm5"},"id":"4tl7ehw189t5ut4","previousOperationId":"b1jtjq4achxxvd3"}
{"type":"log","timestamp":1704990090669,"level":"info","message":"Rendering request 27 finished in 143 ms","meta":{"rootId":"mi2x0qmq6j9ybm5","id":"mi2x0qmq6j9ybm5"},"id":"pnf59dub191taps","previousOperationId":"b1jtjq4achxxvd3"}
{"type":"operationEnd","subtype":"render","operationId":"acbfju48td45h5u","timestamp":1704990090669,"id":"7fgl6qsojrdu5b1","previousEventId":"2us6opk2apcnyop","previousOperationId":"b1jtjq4achxxvd3"}
{"type":"operationEnd","doDiffs":false,"previousEventId":"89l8awdm739vday","previousOperationId":"ryce1tuusv6yyj1","operationId":"ryce1tuusv6yyj1","timestamp":1704990090672,"id":"t8r1d0mt2022e7u"}
