{"type":"operationStart","subtype":"profile","data":{"_id":"0yYZKzehg79wmLZJ","timestamp":"2024-01-11T18:57:26.317Z","state":"queued","mode":"standard","creationDate":"2024-01-11T18:57:26.317Z","modificationDate":"2024-01-11T18:57:26.317Z","shortid":"J0ZNsm-","$entitySet":"profiles"},"doDiffs":false,"timestamp":1704999446317,"id":"d6jevm728pnkdc4","previousOperationId":null,"operationId":"knck8twrephuwzl"}
{"type":"log","level":"info","message":"Render request 54 queued for execution and waiting for available worker","previousOperationId":"knck8twrephuwzl","timestamp":1704999446317,"id":"k93turvp4nyxfoe"}
{"type":"operationStart","subtype":"render","name":"User_project","previousOperationId":"knck8twrephuwzl","timestamp":1704999446321,"id":"1g9zoy1ho2cmj81","previousEventId":"d6jevm728pnkdc4","operationId":"3ui0nm4jl6lbsap"}
{"type":"log","timestamp":1704999446321,"level":"info","message":"Starting rendering request 54","meta":{"rootId":"mmt87yescdq0i8a","id":"mmt87yescdq0i8a"},"id":"ls78eft6w3kgiye","previousOperationId":"3ui0nm4jl6lbsap"}
{"type":"log","timestamp":1704999446321,"level":"info","message":"Rendering template { name: User_project, recipe: chrome-pdf, engine: handlebars, preview: true }","meta":{"rootId":"mmt87yescdq0i8a","id":"mmt87yescdq0i8a"},"id":"si595fu4mjredb0","previousOperationId":"3ui0nm4jl6lbsap"}
{"type":"log","timestamp":1704999446321,"level":"debug","message":"Data item not defined for this template.","meta":{"rootId":"mmt87yescdq0i8a","id":"mmt87yescdq0i8a"},"id":"p30ygmjie39az7p","previousOperationId":"3ui0nm4jl6lbsap"}
{"type":"log","timestamp":1704999446323,"level":"debug","message":"Executing script usabi-data (beforeRender)","meta":{"rootId":"mmt87yescdq0i8a","id":"mmt87yescdq0i8a"},"id":"sm43mtepyrcgpcx","previousOperationId":"3ui0nm4jl6lbsap"}
{"type":"operationStart","subtype":"scriptsBeforeRender","name":"scripts beforeRender","timestamp":1704999446326,"id":"jrb345ktr42dd0t","previousEventId":"1g9zoy1ho2cmj81","operationId":"hjb5e5qb6an7znl","previousOperationId":"3ui0nm4jl6lbsap"}
{"type":"operationStart","subtype":"script","name":"scripts usabi-data","previousOperationId":"hjb5e5qb6an7znl","timestamp":1704999446326,"id":"psm7ixlyy2swwzl","previousEventId":"jrb345ktr42dd0t","operationId":"ox922oarn6bfgru"}
{"type":"operationEnd","operationId":"ox922oarn6bfgru","timestamp":1704999446344,"id":"whxg9psph3uvn9b","previousEventId":"1g9zoy1ho2cmj81","previousOperationId":"3ui0nm4jl6lbsap"}
{"type":"log","timestamp":1704999446344,"level":"debug","message":"Executing script orders-script (beforeRender)","meta":{"rootId":"mmt87yescdq0i8a","id":"mmt87yescdq0i8a"},"id":"yqd27r06rusgf2h","previousOperationId":"3ui0nm4jl6lbsap"}
{"type":"operationStart","subtype":"script","name":"scripts orders-script","previousOperationId":"hjb5e5qb6an7znl","timestamp":1704999446347,"id":"sh4cmzdfj6uf3zw","previousEventId":"whxg9psph3uvn9b","operationId":"3dqdr4k3y1d8ehp"}
{"type":"operationEnd","operationId":"3dqdr4k3y1d8ehp","timestamp":1704999447748,"id":"on4sqrxxt2r7qeo","previousEventId":"whxg9psph3uvn9b","previousOperationId":"3ui0nm4jl6lbsap"}
{"type":"operationEnd","operationId":"hjb5e5qb6an7znl","timestamp":1704999447748,"id":"5pf0kb21zpr36sc","previousEventId":"on4sqrxxt2r7qeo","previousOperationId":"3ui0nm4jl6lbsap"}
{"type":"log","timestamp":1704999447748,"level":"debug","message":"Base url not specified, skipping its injection.","meta":{"rootId":"mmt87yescdq0i8a","id":"mmt87yescdq0i8a"},"id":"nmpqc65mpmcz3oq","previousOperationId":"hjb5e5qb6an7znl"}
{"type":"operationStart","subtype":"engine","name":"handlebars","timestamp":1704999447748,"id":"dqu5ke4hzayyg6z","previousEventId":"5pf0kb21zpr36sc","operationId":"n7z05zbtb737u8t","previousOperationId":"hjb5e5qb6an7znl"}
{"type":"log","timestamp":1704999447748,"level":"debug","message":"Rendering engine handlebars","meta":{"rootId":"mmt87yescdq0i8a","id":"mmt87yescdq0i8a"},"id":"zku0i00plj5yih8","previousOperationId":"n7z05zbtb737u8t"}
{"type":"operationEnd","operationId":"n7z05zbtb737u8t","timestamp":1704999447753,"id":"88f99nrqs2ryain","previousEventId":"dqu5ke4hzayyg6z","previousOperationId":"n7z05zbtb737u8t"}
{"type":"operationStart","subtype":"recipe","name":"chrome-pdf","timestamp":1704999447753,"id":"5h44owz6uvc08hu","previousEventId":"88f99nrqs2ryain","operationId":"2bjha9p4jrp1nc8","previousOperationId":"n7z05zbtb737u8t"}
{"type":"log","timestamp":1704999447753,"level":"debug","message":"Executing recipe chrome-pdf","meta":{"rootId":"mmt87yescdq0i8a","id":"mmt87yescdq0i8a"},"id":"jrwyuq042wbym55","previousOperationId":"2bjha9p4jrp1nc8"}
{"type":"log","timestamp":1704999447754,"level":"debug","message":"Converting with chrome HeadlessChrome/117.0.5938.149 using chrome-pool strategy","meta":{"rootId":"mmt87yescdq0i8a","id":"mmt87yescdq0i8a"},"id":"gk8pk7j7cgilpsz","previousOperationId":"2bjha9p4jrp1nc8"}
{"type":"log","timestamp":1704999447784,"level":"debug","message":"Page request: GET (document) file:///tmp/jsreport/autocleanup/fb82d808-243c-462e-aca0-9e5f79379dd3-chrome-pdf.html","meta":{"rootId":"mmt87yescdq0i8a","id":"mmt87yescdq0i8a"},"id":"nnzmy5pghi2m2ub","previousOperationId":"2bjha9p4jrp1nc8"}
{"type":"log","timestamp":1704999447791,"level":"debug","message":"Page request: GET (script) https://cdn.jsdelivr.net/npm/chart.js","meta":{"rootId":"mmt87yescdq0i8a","id":"mmt87yescdq0i8a"},"id":"truwo1hkws3q94x","previousOperationId":"2bjha9p4jrp1nc8"}
{"type":"log","timestamp":1704999447791,"level":"debug","message":"Page request finished: GET (document) 200 file:///tmp/jsreport/autocleanup/fb82d808-243c-462e-aca0-9e5f79379dd3-chrome-pdf.html","meta":{"rootId":"mmt87yescdq0i8a","id":"mmt87yescdq0i8a"},"id":"yrgmz06dypwnnc0","previousOperationId":"2bjha9p4jrp1nc8"}
{"type":"log","timestamp":1704999447795,"level":"debug","message":"Page request finished: GET (script) 200 https://cdn.jsdelivr.net/npm/chart.js","meta":{"rootId":"mmt87yescdq0i8a","id":"mmt87yescdq0i8a"},"id":"k8evzur2rwt8re0","previousOperationId":"2bjha9p4jrp1nc8"}
{"type":"log","timestamp":1704999447834,"level":"debug","message":"Running chrome with params {\"printBackground\":true,\"timeout\":58562,\"margin\":{}}","meta":{"rootId":"mmt87yescdq0i8a","id":"mmt87yescdq0i8a"},"id":"wliuxh6fogmgiii","previousOperationId":"2bjha9p4jrp1nc8"}
{"type":"operationEnd","operationId":"2bjha9p4jrp1nc8","timestamp":1704999447887,"id":"xrbavd1gf9yykbg","previousEventId":"5h44owz6uvc08hu","previousOperationId":"2bjha9p4jrp1nc8"}
{"type":"log","timestamp":1704999447887,"level":"debug","message":"Skipping storing report.","meta":{"rootId":"mmt87yescdq0i8a","id":"mmt87yescdq0i8a"},"id":"ullgrgf8mfy29fw","previousOperationId":"2bjha9p4jrp1nc8"}
{"type":"log","timestamp":1704999447887,"level":"info","message":"Rendering request 54 finished in 1571 ms","meta":{"rootId":"mmt87yescdq0i8a","id":"mmt87yescdq0i8a"},"id":"9kt5a9dxqabrzjf","previousOperationId":"2bjha9p4jrp1nc8"}
{"type":"operationEnd","subtype":"render","operationId":"3ui0nm4jl6lbsap","timestamp":1704999447887,"id":"31yywbmdtgyzbnh","previousEventId":"xrbavd1gf9yykbg","previousOperationId":"2bjha9p4jrp1nc8"}
{"type":"operationEnd","doDiffs":false,"previousEventId":"d6jevm728pnkdc4","previousOperationId":"knck8twrephuwzl","operationId":"knck8twrephuwzl","timestamp":1704999447889,"id":"d8vml5pwa3k57xq"}
