{"type":"operationStart","subtype":"profile","data":{"_id":"4NesXhiGv7V41c0B","timestamp":"2024-01-11T16:48:59.827Z","state":"queued","mode":"standard","creationDate":"2024-01-11T16:48:59.828Z","modificationDate":"2024-01-11T16:48:59.828Z","shortid":"xQZgZaI","$entitySet":"profiles"},"doDiffs":false,"timestamp":1704991739828,"id":"05q0gcnnu8bo3n3","previousOperationId":null,"operationId":"c3dm11pvpm27v0c"}
{"type":"log","level":"info","message":"Render request 81 queued for execution and waiting for available worker","previousOperationId":"c3dm11pvpm27v0c","timestamp":1704991739828,"id":"qb7w1uu39u9bt1e"}
{"type":"operationStart","subtype":"render","name":"User_project","previousOperationId":"c3dm11pvpm27v0c","timestamp":1704991739833,"id":"ngqmzb8qru08ahu","previousEventId":"05q0gcnnu8bo3n3","operationId":"tlv9j3jwwfosiqq"}
{"type":"log","timestamp":1704991739833,"level":"info","message":"Starting rendering request 81","meta":{"rootId":"mnyjrxtsotafewf","id":"mnyjrxtsotafewf"},"id":"9mpp16clvfwudcg","previousOperationId":"tlv9j3jwwfosiqq"}
{"type":"log","timestamp":1704991739833,"level":"info","message":"Rendering template { name: User_project, recipe: chrome-pdf, engine: handlebars, preview: true }","meta":{"rootId":"mnyjrxtsotafewf","id":"mnyjrxtsotafewf"},"id":"cf30m3y3i0ok6vq","previousOperationId":"tlv9j3jwwfosiqq"}
{"type":"log","timestamp":1704991739834,"level":"debug","message":"Data item not defined for this template.","meta":{"rootId":"mnyjrxtsotafewf","id":"mnyjrxtsotafewf"},"id":"wljut8drjqizbl1","previousOperationId":"tlv9j3jwwfosiqq"}
{"type":"log","timestamp":1704991739835,"level":"debug","message":"Executing script usabi-data (beforeRender)","meta":{"rootId":"mnyjrxtsotafewf","id":"mnyjrxtsotafewf"},"id":"oec76smf6bot72d","previousOperationId":"tlv9j3jwwfosiqq"}
{"type":"operationStart","subtype":"scriptsBeforeRender","name":"scripts beforeRender","timestamp":1704991739839,"id":"5e5l5odzpk1m0il","previousEventId":"ngqmzb8qru08ahu","operationId":"gtfu257dc4yw03y","previousOperationId":"tlv9j3jwwfosiqq"}
{"type":"operationStart","subtype":"script","name":"scripts usabi-data","previousOperationId":"gtfu257dc4yw03y","timestamp":1704991739839,"id":"gv24uff9twurjym","previousEventId":"5e5l5odzpk1m0il","operationId":"wza0xzx2acg7m4a"}
{"type":"operationEnd","operationId":"wza0xzx2acg7m4a","timestamp":1704991739851,"id":"tmby87n9mcbhtcn","previousEventId":"ngqmzb8qru08ahu","previousOperationId":"tlv9j3jwwfosiqq"}
{"type":"operationEnd","operationId":"gtfu257dc4yw03y","timestamp":1704991739851,"id":"dr9b8nfu2rc0rrf","previousEventId":"tmby87n9mcbhtcn","previousOperationId":"tlv9j3jwwfosiqq"}
{"type":"log","timestamp":1704991739851,"level":"debug","message":"Base url not specified, skipping its injection.","meta":{"rootId":"mnyjrxtsotafewf","id":"mnyjrxtsotafewf"},"id":"v4fq8ws1tsj51ry","previousOperationId":"gtfu257dc4yw03y"}
{"type":"operationStart","subtype":"engine","name":"handlebars","timestamp":1704991739851,"id":"a72gaq9whe0qqus","previousEventId":"dr9b8nfu2rc0rrf","operationId":"n15gy1drun6xlv2","previousOperationId":"gtfu257dc4yw03y"}
{"type":"log","timestamp":1704991739851,"level":"debug","message":"Rendering engine handlebars","meta":{"rootId":"mnyjrxtsotafewf","id":"mnyjrxtsotafewf"},"id":"be34mruzz8pu9ab","previousOperationId":"n15gy1drun6xlv2"}
{"type":"operationEnd","operationId":"n15gy1drun6xlv2","timestamp":1704991739858,"id":"g3yul3yu61326l3","previousEventId":"a72gaq9whe0qqus","previousOperationId":"n15gy1drun6xlv2"}
{"type":"operationStart","subtype":"recipe","name":"chrome-pdf","timestamp":1704991739858,"id":"6b0sll22ibk0lml","previousEventId":"g3yul3yu61326l3","operationId":"8ivrb406rq6ugo9","previousOperationId":"n15gy1drun6xlv2"}
{"type":"log","timestamp":1704991739858,"level":"debug","message":"Executing recipe chrome-pdf","meta":{"rootId":"mnyjrxtsotafewf","id":"mnyjrxtsotafewf"},"id":"beysqm0nzjgsgce","previousOperationId":"8ivrb406rq6ugo9"}
{"type":"log","timestamp":1704991739859,"level":"debug","message":"Converting with chrome HeadlessChrome/117.0.5938.149 using chrome-pool strategy","meta":{"rootId":"mnyjrxtsotafewf","id":"mnyjrxtsotafewf"},"id":"dgv3apa1st29j17","previousOperationId":"8ivrb406rq6ugo9"}
{"type":"log","timestamp":1704991739889,"level":"debug","message":"Page request: GET (document) file:///tmp/jsreport/autocleanup/4a4a5149-5180-4b15-a344-1ca08d9a4507-chrome-pdf.html","meta":{"rootId":"mnyjrxtsotafewf","id":"mnyjrxtsotafewf"},"id":"8s9vfa57omi38nh","previousOperationId":"8ivrb406rq6ugo9"}
{"type":"log","timestamp":1704991739896,"level":"debug","message":"Page request: GET (script) https://cdn.jsdelivr.net/npm/chart.js","meta":{"rootId":"mnyjrxtsotafewf","id":"mnyjrxtsotafewf"},"id":"womfhxzg67qyoqy","previousOperationId":"8ivrb406rq6ugo9"}
{"type":"log","timestamp":1704991739896,"level":"debug","message":"Page request finished: GET (document) 200 file:///tmp/jsreport/autocleanup/4a4a5149-5180-4b15-a344-1ca08d9a4507-chrome-pdf.html","meta":{"rootId":"mnyjrxtsotafewf","id":"mnyjrxtsotafewf"},"id":"3fd36bvu932wcwu","previousOperationId":"8ivrb406rq6ugo9"}
{"type":"log","timestamp":1704991739899,"level":"debug","message":"Page request finished: GET (script) 200 https://cdn.jsdelivr.net/npm/chart.js","meta":{"rootId":"mnyjrxtsotafewf","id":"mnyjrxtsotafewf"},"id":"yvo9o9ggnc9c7yq","previousOperationId":"8ivrb406rq6ugo9"}
{"type":"log","timestamp":1704991739940,"level":"debug","message":"Running chrome with params {\"printBackground\":true,\"timeout\":59969,\"margin\":{}}","meta":{"rootId":"mnyjrxtsotafewf","id":"mnyjrxtsotafewf"},"id":"n77l92agznxwyc8","previousOperationId":"8ivrb406rq6ugo9"}
{"type":"operationEnd","operationId":"8ivrb406rq6ugo9","timestamp":1704991739956,"id":"kblkyw2p2mv6gfg","previousEventId":"6b0sll22ibk0lml","previousOperationId":"8ivrb406rq6ugo9"}
{"type":"log","timestamp":1704991739956,"level":"debug","message":"Skipping storing report.","meta":{"rootId":"mnyjrxtsotafewf","id":"mnyjrxtsotafewf"},"id":"sjd9jae3pvyz8hy","previousOperationId":"8ivrb406rq6ugo9"}
{"type":"log","timestamp":1704991739956,"level":"info","message":"Rendering request 81 finished in 129 ms","meta":{"rootId":"mnyjrxtsotafewf","id":"mnyjrxtsotafewf"},"id":"xlxst67076vnjhy","previousOperationId":"8ivrb406rq6ugo9"}
{"type":"operationEnd","subtype":"render","operationId":"tlv9j3jwwfosiqq","timestamp":1704991739956,"id":"2ese0p9xnvv7ryl","previousEventId":"kblkyw2p2mv6gfg","previousOperationId":"8ivrb406rq6ugo9"}
{"type":"operationEnd","doDiffs":false,"previousEventId":"05q0gcnnu8bo3n3","previousOperationId":"c3dm11pvpm27v0c","operationId":"c3dm11pvpm27v0c","timestamp":1704991739960,"id":"7kbwailg6osgj17"}
