{"type":"operationStart","subtype":"profile","data":{"_id":"yxPsf5TVKAV1vKOM","timestamp":"2024-01-11T16:49:31.858Z","state":"queued","mode":"standard","creationDate":"2024-01-11T16:49:31.860Z","modificationDate":"2024-01-11T16:49:31.860Z","shortid":"lOncuMZ","$entitySet":"profiles"},"doDiffs":false,"timestamp":1704991771859,"id":"8e5cp7ypb57ojwq","previousOperationId":null,"operationId":"vjp6piaxgx8pgap"}
{"type":"log","level":"info","message":"Render request 86 queued for execution and waiting for available worker","previousOperationId":"vjp6piaxgx8pgap","timestamp":1704991771859,"id":"o0b28dlaa2x0ls0"}
{"type":"operationStart","subtype":"render","name":"User_project","previousOperationId":"vjp6piaxgx8pgap","timestamp":1704991771868,"id":"ftyc2wwymgt0k7h","previousEventId":"8e5cp7ypb57ojwq","operationId":"luofkzzzsqopo9h"}
{"type":"log","timestamp":1704991771868,"level":"info","message":"Starting rendering request 86","meta":{"rootId":"mq4ij18o9l9xs3a","id":"mq4ij18o9l9xs3a"},"id":"fh0ew69fs9eauui","previousOperationId":"luofkzzzsqopo9h"}
{"type":"log","timestamp":1704991771868,"level":"info","message":"Rendering template { name: User_project, recipe: chrome-pdf, engine: handlebars, preview: true }","meta":{"rootId":"mq4ij18o9l9xs3a","id":"mq4ij18o9l9xs3a"},"id":"mapwxt3jktjm4r4","previousOperationId":"luofkzzzsqopo9h"}
{"type":"log","timestamp":1704991771868,"level":"debug","message":"Data item not defined for this template.","meta":{"rootId":"mq4ij18o9l9xs3a","id":"mq4ij18o9l9xs3a"},"id":"15sl2mieegtc4ik","previousOperationId":"luofkzzzsqopo9h"}
{"type":"log","timestamp":1704991771869,"level":"debug","message":"Executing script usabi-data (beforeRender)","meta":{"rootId":"mq4ij18o9l9xs3a","id":"mq4ij18o9l9xs3a"},"id":"ejxr9dgm60jzmsv","previousOperationId":"luofkzzzsqopo9h"}
{"type":"operationStart","subtype":"scriptsBeforeRender","name":"scripts beforeRender","timestamp":1704991771872,"id":"yndzkb2qyxrbr7q","previousEventId":"ftyc2wwymgt0k7h","operationId":"9ddgw3p20uwb9bo","previousOperationId":"luofkzzzsqopo9h"}
{"type":"operationStart","subtype":"script","name":"scripts usabi-data","previousOperationId":"9ddgw3p20uwb9bo","timestamp":1704991771872,"id":"ep1xus9s8ki1iwk","previousEventId":"yndzkb2qyxrbr7q","operationId":"jb7sbzk6l9d90jk"}
{"type":"operationEnd","operationId":"jb7sbzk6l9d90jk","timestamp":1704991771883,"id":"s71hpaie2nkh9xu","previousEventId":"ftyc2wwymgt0k7h","previousOperationId":"luofkzzzsqopo9h"}
{"type":"operationEnd","operationId":"9ddgw3p20uwb9bo","timestamp":1704991771883,"id":"tkga10fs1j6ala0","previousEventId":"s71hpaie2nkh9xu","previousOperationId":"luofkzzzsqopo9h"}
{"type":"log","timestamp":1704991771883,"level":"debug","message":"Base url not specified, skipping its injection.","meta":{"rootId":"mq4ij18o9l9xs3a","id":"mq4ij18o9l9xs3a"},"id":"26tm6oztt880czr","previousOperationId":"9ddgw3p20uwb9bo"}
{"type":"operationStart","subtype":"engine","name":"handlebars","timestamp":1704991771883,"id":"0slujki73mki163","previousEventId":"tkga10fs1j6ala0","operationId":"9jmy8yfpb5hffcr","previousOperationId":"9ddgw3p20uwb9bo"}
{"type":"log","timestamp":1704991771883,"level":"debug","message":"Rendering engine handlebars","meta":{"rootId":"mq4ij18o9l9xs3a","id":"mq4ij18o9l9xs3a"},"id":"bzed2p5dd5ufocp","previousOperationId":"9jmy8yfpb5hffcr"}
{"type":"operationEnd","operationId":"9jmy8yfpb5hffcr","timestamp":1704991771890,"id":"ebp5td3jqymqk3x","previousEventId":"0slujki73mki163","previousOperationId":"9jmy8yfpb5hffcr"}
{"type":"operationStart","subtype":"recipe","name":"chrome-pdf","timestamp":1704991771890,"id":"tikl56m7xqpjsvm","previousEventId":"ebp5td3jqymqk3x","operationId":"xdtdjox5lcc0i8v","previousOperationId":"9jmy8yfpb5hffcr"}
{"type":"log","timestamp":1704991771891,"level":"debug","message":"Executing recipe chrome-pdf","meta":{"rootId":"mq4ij18o9l9xs3a","id":"mq4ij18o9l9xs3a"},"id":"9enx5nkp6rfcu41","previousOperationId":"xdtdjox5lcc0i8v"}
{"type":"log","timestamp":1704991771893,"level":"debug","message":"Converting with chrome HeadlessChrome/117.0.5938.149 using chrome-pool strategy","meta":{"rootId":"mq4ij18o9l9xs3a","id":"mq4ij18o9l9xs3a"},"id":"ji29edg074l204y","previousOperationId":"xdtdjox5lcc0i8v"}
{"type":"log","timestamp":1704991771925,"level":"debug","message":"Page request: GET (document) file:///tmp/jsreport/autocleanup/b191218c-4d4e-442b-bef1-d6b5dd8c3b0a-chrome-pdf.html","meta":{"rootId":"mq4ij18o9l9xs3a","id":"mq4ij18o9l9xs3a"},"id":"i81fe6dwx9terpw","previousOperationId":"xdtdjox5lcc0i8v"}
{"type":"log","timestamp":1704991771932,"level":"debug","message":"Page request: GET (script) https://cdn.jsdelivr.net/npm/chart.js","meta":{"rootId":"mq4ij18o9l9xs3a","id":"mq4ij18o9l9xs3a"},"id":"xe3fhusu81s6i8w","previousOperationId":"xdtdjox5lcc0i8v"}
{"type":"log","timestamp":1704991771932,"level":"debug","message":"Page request finished: GET (document) 200 file:///tmp/jsreport/autocleanup/b191218c-4d4e-442b-bef1-d6b5dd8c3b0a-chrome-pdf.html","meta":{"rootId":"mq4ij18o9l9xs3a","id":"mq4ij18o9l9xs3a"},"id":"x5a590k7fnuipbb","previousOperationId":"xdtdjox5lcc0i8v"}
{"type":"log","timestamp":1704991771935,"level":"debug","message":"Page request finished: GET (script) 200 https://cdn.jsdelivr.net/npm/chart.js","meta":{"rootId":"mq4ij18o9l9xs3a","id":"mq4ij18o9l9xs3a"},"id":"p7bn7e5wmf8zb9h","previousOperationId":"xdtdjox5lcc0i8v"}
{"type":"log","timestamp":1704991771979,"level":"debug","message":"Running chrome with params {\"printBackground\":true,\"timeout\":59965,\"margin\":{}}","meta":{"rootId":"mq4ij18o9l9xs3a","id":"mq4ij18o9l9xs3a"},"id":"r17munhvzpzgwly","previousOperationId":"xdtdjox5lcc0i8v"}
{"type":"operationEnd","operationId":"xdtdjox5lcc0i8v","timestamp":1704991771996,"id":"w29dckncqd0xpu1","previousEventId":"tikl56m7xqpjsvm","previousOperationId":"xdtdjox5lcc0i8v"}
{"type":"log","timestamp":1704991771996,"level":"debug","message":"Skipping storing report.","meta":{"rootId":"mq4ij18o9l9xs3a","id":"mq4ij18o9l9xs3a"},"id":"zra2x8bwlswlsoe","previousOperationId":"xdtdjox5lcc0i8v"}
{"type":"log","timestamp":1704991771996,"level":"info","message":"Rendering request 86 finished in 139 ms","meta":{"rootId":"mq4ij18o9l9xs3a","id":"mq4ij18o9l9xs3a"},"id":"04l4iegeuadx886","previousOperationId":"xdtdjox5lcc0i8v"}
{"type":"operationEnd","subtype":"render","operationId":"luofkzzzsqopo9h","timestamp":1704991771996,"id":"38t3jfanpttjvws","previousEventId":"w29dckncqd0xpu1","previousOperationId":"xdtdjox5lcc0i8v"}
{"type":"operationEnd","doDiffs":false,"previousEventId":"8e5cp7ypb57ojwq","previousOperationId":"vjp6piaxgx8pgap","operationId":"vjp6piaxgx8pgap","timestamp":1704991771997,"id":"v7679je5bovhy1c"}
