{"type":"operationStart","subtype":"profile","data":{"_id":"6p9KASybX0qYjnTx","timestamp":"2024-01-10T20:25:17.309Z","state":"queued","mode":"standard","creationDate":"2024-01-10T20:25:17.310Z","modificationDate":"2024-01-10T20:25:17.310Z","shortid":"Pw3jvvw","$entitySet":"profiles"},"doDiffs":false,"timestamp":1704918317310,"id":"6ku2akdo2lsn00c","previousOperationId":null,"operationId":"3tocdif12gjowh5"}
{"type":"log","level":"info","message":"Render request 15 queued for execution and waiting for available worker","previousOperationId":"3tocdif12gjowh5","timestamp":1704918317310,"id":"2uuj5gsje3yg5n9"}
{"type":"operationStart","subtype":"render","name":"User_project","previousOperationId":"3tocdif12gjowh5","timestamp":1704918317315,"id":"provzxdi81syrfl","previousEventId":"6ku2akdo2lsn00c","operationId":"9ds6an3b34mccfr"}
{"type":"log","timestamp":1704918317315,"level":"info","message":"Starting rendering request 15","meta":{"rootId":"n1omomyz3f8bbyk","id":"n1omomyz3f8bbyk"},"id":"fj9kd6ta2j7p7wm","previousOperationId":"9ds6an3b34mccfr"}
{"type":"log","timestamp":1704918317315,"level":"info","message":"Rendering template { name: User_project, recipe: chrome-pdf, engine: handlebars, preview: true }","meta":{"rootId":"n1omomyz3f8bbyk","id":"n1omomyz3f8bbyk"},"id":"nyaihhs72td1mad","previousOperationId":"9ds6an3b34mccfr"}
{"type":"log","timestamp":1704918317315,"level":"debug","message":"Data item not defined for this template.","meta":{"rootId":"n1omomyz3f8bbyk","id":"n1omomyz3f8bbyk"},"id":"9ev4a3m0mj3ddi8","previousOperationId":"9ds6an3b34mccfr"}
{"type":"log","timestamp":1704918317317,"level":"debug","message":"Executing script usabi-data (beforeRender)","meta":{"rootId":"n1omomyz3f8bbyk","id":"n1omomyz3f8bbyk"},"id":"dxeekhiv2dx9ari","previousOperationId":"9ds6an3b34mccfr"}
{"type":"operationStart","subtype":"scriptsBeforeRender","name":"scripts beforeRender","timestamp":1704918317321,"id":"0e9h3u9ahmtbd0a","previousEventId":"provzxdi81syrfl","operationId":"qg4sd85yap7m4uk","previousOperationId":"9ds6an3b34mccfr"}
{"type":"operationStart","subtype":"script","name":"scripts usabi-data","previousOperationId":"qg4sd85yap7m4uk","timestamp":1704918317321,"id":"a5di36erm4fi94c","previousEventId":"0e9h3u9ahmtbd0a","operationId":"gt15kiiuflpmwxv"}
{"type":"operationEnd","operationId":"gt15kiiuflpmwxv","timestamp":1704918317419,"id":"dk0o91sux8ojff8","previousEventId":"provzxdi81syrfl","previousOperationId":"9ds6an3b34mccfr"}
{"type":"operationEnd","operationId":"qg4sd85yap7m4uk","timestamp":1704918317419,"id":"5ovnum9iro7aopp","previousEventId":"dk0o91sux8ojff8","previousOperationId":"9ds6an3b34mccfr"}
{"type":"log","timestamp":1704918317419,"level":"debug","message":"Base url not specified, skipping its injection.","meta":{"rootId":"n1omomyz3f8bbyk","id":"n1omomyz3f8bbyk"},"id":"oe3ebsrxf1w0dqi","previousOperationId":"qg4sd85yap7m4uk"}
{"type":"operationStart","subtype":"engine","name":"handlebars","timestamp":1704918317419,"id":"qt9op40aihypsrh","previousEventId":"5ovnum9iro7aopp","operationId":"4actsyyvbh5won9","previousOperationId":"qg4sd85yap7m4uk"}
{"type":"log","timestamp":1704918317420,"level":"debug","message":"Rendering engine handlebars","meta":{"rootId":"n1omomyz3f8bbyk","id":"n1omomyz3f8bbyk"},"id":"8fgpnqnlo2y004p","previousOperationId":"4actsyyvbh5won9"}
{"type":"operationEnd","operationId":"4actsyyvbh5won9","timestamp":1704918317424,"id":"iv395afpzz8j05m","previousEventId":"qt9op40aihypsrh","previousOperationId":"4actsyyvbh5won9"}
{"type":"operationStart","subtype":"recipe","name":"chrome-pdf","timestamp":1704918317424,"id":"rzfs4vhhqfxxtbi","previousEventId":"iv395afpzz8j05m","operationId":"jlj3bmp4jvgtu92","previousOperationId":"4actsyyvbh5won9"}
{"type":"log","timestamp":1704918317424,"level":"debug","message":"Executing recipe chrome-pdf","meta":{"rootId":"n1omomyz3f8bbyk","id":"n1omomyz3f8bbyk"},"id":"sn9geo5g81hjj7c","previousOperationId":"jlj3bmp4jvgtu92"}
{"type":"log","timestamp":1704918317426,"level":"debug","message":"Converting with chrome HeadlessChrome/117.0.5938.149 using chrome-pool strategy","meta":{"rootId":"n1omomyz3f8bbyk","id":"n1omomyz3f8bbyk"},"id":"1yx27cgvptgou87","previousOperationId":"jlj3bmp4jvgtu92"}
{"type":"log","timestamp":1704918317458,"level":"debug","message":"Page request: GET (document) file:///tmp/jsreport/autocleanup/f229e2ef-2151-4253-985c-6fea0e96e6f9-chrome-pdf.html","meta":{"rootId":"n1omomyz3f8bbyk","id":"n1omomyz3f8bbyk"},"id":"oehbxqx5kiaynve","previousOperationId":"jlj3bmp4jvgtu92"}
{"type":"log","timestamp":1704918317464,"level":"debug","message":"Page request finished: GET (document) 200 file:///tmp/jsreport/autocleanup/f229e2ef-2151-4253-985c-6fea0e96e6f9-chrome-pdf.html","meta":{"rootId":"n1omomyz3f8bbyk","id":"n1omomyz3f8bbyk"},"id":"sx6yteipdkmrvnw","previousOperationId":"jlj3bmp4jvgtu92"}
{"type":"log","timestamp":1704918317467,"level":"debug","message":"Running chrome with params {\"printBackground\":true,\"timeout\":59884,\"margin\":{}}","meta":{"rootId":"n1omomyz3f8bbyk","id":"n1omomyz3f8bbyk"},"id":"1hsg198ntzcuxxg","previousOperationId":"jlj3bmp4jvgtu92"}
{"type":"operationEnd","operationId":"jlj3bmp4jvgtu92","timestamp":1704918317474,"id":"wzvfs7texow0pze","previousEventId":"rzfs4vhhqfxxtbi","previousOperationId":"jlj3bmp4jvgtu92"}
{"type":"log","timestamp":1704918317474,"level":"debug","message":"Skipping storing report.","meta":{"rootId":"n1omomyz3f8bbyk","id":"n1omomyz3f8bbyk"},"id":"tgochc16gswlqky","previousOperationId":"jlj3bmp4jvgtu92"}
{"type":"log","timestamp":1704918317474,"level":"info","message":"Rendering request 15 finished in 165 ms","meta":{"rootId":"n1omomyz3f8bbyk","id":"n1omomyz3f8bbyk"},"id":"zopun8j2yn32wk1","previousOperationId":"jlj3bmp4jvgtu92"}
{"type":"operationEnd","subtype":"render","operationId":"9ds6an3b34mccfr","timestamp":1704918317474,"id":"d0mprimur7islal","previousEventId":"wzvfs7texow0pze","previousOperationId":"jlj3bmp4jvgtu92"}
{"type":"operationEnd","doDiffs":false,"previousEventId":"6ku2akdo2lsn00c","previousOperationId":"3tocdif12gjowh5","operationId":"3tocdif12gjowh5","timestamp":1704918317478,"id":"7r61nan8vm1t5qm"}
