{"type":"operationStart","subtype":"profile","data":{"_id":"qUVFVcuK5TFkmFiH","timestamp":"2024-01-11T16:49:04.997Z","state":"queued","mode":"standard","creationDate":"2024-01-11T16:49:04.998Z","modificationDate":"2024-01-11T16:49:04.998Z","shortid":"9oV0mm8","$entitySet":"profiles"},"doDiffs":false,"timestamp":1704991744997,"id":"aov62lh3z90xlef","previousOperationId":null,"operationId":"ew6jz9s1e8xgogl"}
{"type":"log","level":"info","message":"Render request 82 queued for execution and waiting for available worker","previousOperationId":"ew6jz9s1e8xgogl","timestamp":1704991744997,"id":"sgn0nvhy5n226cc"}
{"type":"operationStart","subtype":"render","name":"User_project","previousOperationId":"ew6jz9s1e8xgogl","timestamp":1704991745002,"id":"2hlbrq1n1f4e0mv","previousEventId":"aov62lh3z90xlef","operationId":"mh7ti2g2ab10xq0"}
{"type":"log","timestamp":1704991745002,"level":"info","message":"Starting rendering request 82","meta":{"rootId":"n2bzbf7ckyatm0r","id":"n2bzbf7ckyatm0r"},"id":"fvmlchcz5inta56","previousOperationId":"mh7ti2g2ab10xq0"}
{"type":"log","timestamp":1704991745002,"level":"info","message":"Rendering template { name: User_project, recipe: chrome-pdf, engine: handlebars, preview: true }","meta":{"rootId":"n2bzbf7ckyatm0r","id":"n2bzbf7ckyatm0r"},"id":"4st0i7eef1im2tg","previousOperationId":"mh7ti2g2ab10xq0"}
{"type":"log","timestamp":1704991745002,"level":"debug","message":"Data item not defined for this template.","meta":{"rootId":"n2bzbf7ckyatm0r","id":"n2bzbf7ckyatm0r"},"id":"btbo5j83l0sd6h1","previousOperationId":"mh7ti2g2ab10xq0"}
{"type":"log","timestamp":1704991745003,"level":"debug","message":"Executing script usabi-data (beforeRender)","meta":{"rootId":"n2bzbf7ckyatm0r","id":"n2bzbf7ckyatm0r"},"id":"a1xqv9z0n4bo53z","previousOperationId":"mh7ti2g2ab10xq0"}
{"type":"operationStart","subtype":"scriptsBeforeRender","name":"scripts beforeRender","timestamp":1704991745006,"id":"wtt83ttd2r78scy","previousEventId":"2hlbrq1n1f4e0mv","operationId":"ho99cxxv4a4wavg","previousOperationId":"mh7ti2g2ab10xq0"}
{"type":"operationStart","subtype":"script","name":"scripts usabi-data","previousOperationId":"ho99cxxv4a4wavg","timestamp":1704991745006,"id":"w1owobfgl29r4bi","previousEventId":"wtt83ttd2r78scy","operationId":"8a0dxtkbfz967je"}
{"type":"operationEnd","operationId":"8a0dxtkbfz967je","timestamp":1704991745014,"id":"485w280ffn705e1","previousEventId":"2hlbrq1n1f4e0mv","previousOperationId":"mh7ti2g2ab10xq0"}
{"type":"operationEnd","operationId":"ho99cxxv4a4wavg","timestamp":1704991745014,"id":"3belq569wqmxn0e","previousEventId":"485w280ffn705e1","previousOperationId":"mh7ti2g2ab10xq0"}
{"type":"log","timestamp":1704991745014,"level":"debug","message":"Base url not specified, skipping its injection.","meta":{"rootId":"n2bzbf7ckyatm0r","id":"n2bzbf7ckyatm0r"},"id":"ke7ohnogchz8jun","previousOperationId":"ho99cxxv4a4wavg"}
{"type":"operationStart","subtype":"engine","name":"handlebars","timestamp":1704991745014,"id":"qwtciihbb7gy5n7","previousEventId":"3belq569wqmxn0e","operationId":"j7nohqz5l12vfko","previousOperationId":"ho99cxxv4a4wavg"}
{"type":"log","timestamp":1704991745014,"level":"debug","message":"Rendering engine handlebars","meta":{"rootId":"n2bzbf7ckyatm0r","id":"n2bzbf7ckyatm0r"},"id":"lwprl760bbyo3yk","previousOperationId":"j7nohqz5l12vfko"}
{"type":"operationEnd","operationId":"j7nohqz5l12vfko","timestamp":1704991745021,"id":"4q35jpoc3vrpc05","previousEventId":"qwtciihbb7gy5n7","previousOperationId":"j7nohqz5l12vfko"}
{"type":"operationStart","subtype":"recipe","name":"chrome-pdf","timestamp":1704991745021,"id":"ise4ozi2cr33cyh","previousEventId":"4q35jpoc3vrpc05","operationId":"czsejweydqqpm0v","previousOperationId":"j7nohqz5l12vfko"}
{"type":"log","timestamp":1704991745021,"level":"debug","message":"Executing recipe chrome-pdf","meta":{"rootId":"n2bzbf7ckyatm0r","id":"n2bzbf7ckyatm0r"},"id":"psq7eop0moi38nk","previousOperationId":"czsejweydqqpm0v"}
{"type":"log","timestamp":1704991745023,"level":"debug","message":"Converting with chrome HeadlessChrome/117.0.5938.149 using chrome-pool strategy","meta":{"rootId":"n2bzbf7ckyatm0r","id":"n2bzbf7ckyatm0r"},"id":"udx3q5z95qzhmic","previousOperationId":"czsejweydqqpm0v"}
{"type":"log","timestamp":1704991745050,"level":"debug","message":"Page request: GET (document) file:///tmp/jsreport/autocleanup/97901051-3a31-46ed-b0ed-a01085856d48-chrome-pdf.html","meta":{"rootId":"n2bzbf7ckyatm0r","id":"n2bzbf7ckyatm0r"},"id":"qptj69qm22ego6x","previousOperationId":"czsejweydqqpm0v"}
{"type":"log","timestamp":1704991745057,"level":"debug","message":"Page request: GET (script) https://cdn.jsdelivr.net/npm/chart.js","meta":{"rootId":"n2bzbf7ckyatm0r","id":"n2bzbf7ckyatm0r"},"id":"s6k8hnkdnldst9v","previousOperationId":"czsejweydqqpm0v"}
{"type":"log","timestamp":1704991745057,"level":"debug","message":"Page request finished: GET (document) 200 file:///tmp/jsreport/autocleanup/97901051-3a31-46ed-b0ed-a01085856d48-chrome-pdf.html","meta":{"rootId":"n2bzbf7ckyatm0r","id":"n2bzbf7ckyatm0r"},"id":"k8whbx6u30j2kf2","previousOperationId":"czsejweydqqpm0v"}
{"type":"log","timestamp":1704991745060,"level":"debug","message":"Page request finished: GET (script) 200 https://cdn.jsdelivr.net/npm/chart.js","meta":{"rootId":"n2bzbf7ckyatm0r","id":"n2bzbf7ckyatm0r"},"id":"ddcmb1bon61hhey","previousOperationId":"czsejweydqqpm0v"}
{"type":"log","timestamp":1704991745104,"level":"debug","message":"Running chrome with params {\"printBackground\":true,\"timeout\":59975,\"margin\":{}}","meta":{"rootId":"n2bzbf7ckyatm0r","id":"n2bzbf7ckyatm0r"},"id":"cswxjv6w6xut2xs","previousOperationId":"czsejweydqqpm0v"}
{"type":"operationEnd","operationId":"czsejweydqqpm0v","timestamp":1704991745121,"id":"3c8g2hh3f3cqzc7","previousEventId":"ise4ozi2cr33cyh","previousOperationId":"czsejweydqqpm0v"}
{"type":"log","timestamp":1704991745121,"level":"debug","message":"Skipping storing report.","meta":{"rootId":"n2bzbf7ckyatm0r","id":"n2bzbf7ckyatm0r"},"id":"ij7rthsmqztx60g","previousOperationId":"czsejweydqqpm0v"}
{"type":"log","timestamp":1704991745121,"level":"info","message":"Rendering request 82 finished in 124 ms","meta":{"rootId":"n2bzbf7ckyatm0r","id":"n2bzbf7ckyatm0r"},"id":"uohc405jytw527a","previousOperationId":"czsejweydqqpm0v"}
{"type":"operationEnd","subtype":"render","operationId":"mh7ti2g2ab10xq0","timestamp":1704991745121,"id":"fzfoxfgst13i2qk","previousEventId":"3c8g2hh3f3cqzc7","previousOperationId":"czsejweydqqpm0v"}
{"type":"operationEnd","doDiffs":false,"previousEventId":"aov62lh3z90xlef","previousOperationId":"ew6jz9s1e8xgogl","operationId":"ew6jz9s1e8xgogl","timestamp":1704991745123,"id":"nk2tt22rt7uucv6"}
