{"type":"operationStart","subtype":"profile","data":{"_id":"ouuXkI4jz7lg5DKq","timestamp":"2024-01-11T16:21:09.927Z","state":"queued","mode":"standard","creationDate":"2024-01-11T16:21:09.928Z","modificationDate":"2024-01-11T16:21:09.928Z","shortid":"cbMB4Wj","$entitySet":"profiles"},"doDiffs":false,"timestamp":1704990069927,"id":"89jz49x7xuwve1q","previousOperationId":null,"operationId":"wady68u8l37pnxz"}
{"type":"log","level":"info","message":"Render request 25 queued for execution and waiting for available worker","previousOperationId":"wady68u8l37pnxz","timestamp":1704990069927,"id":"0pmlihagic44i08"}
{"type":"operationStart","subtype":"render","name":"User_project","previousOperationId":"wady68u8l37pnxz","timestamp":1704990069931,"id":"2v1p0hycw8xy4f2","previousEventId":"89jz49x7xuwve1q","operationId":"67prks7sqypc3wb"}
{"type":"log","timestamp":1704990069931,"level":"info","message":"Starting rendering request 25","meta":{"rootId":"n3lwh93uztexs8t","id":"n3lwh93uztexs8t"},"id":"817wt4uulz04hch","previousOperationId":"67prks7sqypc3wb"}
{"type":"log","timestamp":1704990069932,"level":"info","message":"Rendering template { name: User_project, recipe: chrome-pdf, engine: handlebars, preview: true }","meta":{"rootId":"n3lwh93uztexs8t","id":"n3lwh93uztexs8t"},"id":"81kje7jjtxhilkz","previousOperationId":"67prks7sqypc3wb"}
{"type":"log","timestamp":1704990069932,"level":"debug","message":"Data item not defined for this template.","meta":{"rootId":"n3lwh93uztexs8t","id":"n3lwh93uztexs8t"},"id":"kzhxggs83ebqefv","previousOperationId":"67prks7sqypc3wb"}
{"type":"log","timestamp":1704990069933,"level":"debug","message":"Executing script usabi-data (beforeRender)","meta":{"rootId":"n3lwh93uztexs8t","id":"n3lwh93uztexs8t"},"id":"brcbb7y9fodj99s","previousOperationId":"67prks7sqypc3wb"}
{"type":"operationStart","subtype":"scriptsBeforeRender","name":"scripts beforeRender","timestamp":1704990069937,"id":"pm8hgxnpw77rjej","previousEventId":"2v1p0hycw8xy4f2","operationId":"l651e4vrr4a8mfk","previousOperationId":"67prks7sqypc3wb"}
{"type":"operationStart","subtype":"script","name":"scripts usabi-data","previousOperationId":"l651e4vrr4a8mfk","timestamp":1704990069937,"id":"7jkl5d7rw32269z","previousEventId":"pm8hgxnpw77rjej","operationId":"4qz7qk2ter1fo6k"}
{"type":"operationEnd","operationId":"4qz7qk2ter1fo6k","timestamp":1704990069950,"id":"6myn9ypo95rlogm","previousEventId":"2v1p0hycw8xy4f2","previousOperationId":"67prks7sqypc3wb"}
{"type":"operationEnd","operationId":"l651e4vrr4a8mfk","timestamp":1704990069950,"id":"s90syez8dckzuwh","previousEventId":"6myn9ypo95rlogm","previousOperationId":"67prks7sqypc3wb"}
{"type":"log","timestamp":1704990069950,"level":"debug","message":"Base url not specified, skipping its injection.","meta":{"rootId":"n3lwh93uztexs8t","id":"n3lwh93uztexs8t"},"id":"5cmfjwr6jdexrfr","previousOperationId":"l651e4vrr4a8mfk"}
{"type":"operationStart","subtype":"engine","name":"handlebars","timestamp":1704990069950,"id":"ml4ekuwyqzx2ck8","previousEventId":"s90syez8dckzuwh","operationId":"xsi46aepqz0kt0a","previousOperationId":"l651e4vrr4a8mfk"}
{"type":"log","timestamp":1704990069950,"level":"debug","message":"Rendering engine handlebars","meta":{"rootId":"n3lwh93uztexs8t","id":"n3lwh93uztexs8t"},"id":"bho00ust41bi18j","previousOperationId":"xsi46aepqz0kt0a"}
{"type":"operationEnd","operationId":"xsi46aepqz0kt0a","timestamp":1704990069959,"id":"o200dds77b1ay8s","previousEventId":"ml4ekuwyqzx2ck8","previousOperationId":"xsi46aepqz0kt0a"}
{"type":"operationStart","subtype":"recipe","name":"chrome-pdf","timestamp":1704990069959,"id":"rvb438spbc1megk","previousEventId":"o200dds77b1ay8s","operationId":"o1a713dk15zb4eh","previousOperationId":"xsi46aepqz0kt0a"}
{"type":"log","timestamp":1704990069959,"level":"debug","message":"Executing recipe chrome-pdf","meta":{"rootId":"n3lwh93uztexs8t","id":"n3lwh93uztexs8t"},"id":"cvzpozfidyyesyo","previousOperationId":"o1a713dk15zb4eh"}
{"type":"log","timestamp":1704990069961,"level":"debug","message":"Converting with chrome HeadlessChrome/117.0.5938.149 using chrome-pool strategy","meta":{"rootId":"n3lwh93uztexs8t","id":"n3lwh93uztexs8t"},"id":"xoynxwvwzq0zm37","previousOperationId":"o1a713dk15zb4eh"}
{"type":"log","timestamp":1704990069994,"level":"debug","message":"Page request: GET (document) file:///tmp/jsreport/autocleanup/9ad7e830-194a-4031-bc68-3186142bdf5e-chrome-pdf.html","meta":{"rootId":"n3lwh93uztexs8t","id":"n3lwh93uztexs8t"},"id":"9zhii41ylr2q8b8","previousOperationId":"o1a713dk15zb4eh"}
{"type":"log","timestamp":1704990070001,"level":"debug","message":"Page request: GET (script) https://cdn.jsdelivr.net/npm/chart.js","meta":{"rootId":"n3lwh93uztexs8t","id":"n3lwh93uztexs8t"},"id":"2dfjhl2dcq9dmo4","previousOperationId":"o1a713dk15zb4eh"}
{"type":"log","timestamp":1704990070001,"level":"debug","message":"Page request finished: GET (document) 200 file:///tmp/jsreport/autocleanup/9ad7e830-194a-4031-bc68-3186142bdf5e-chrome-pdf.html","meta":{"rootId":"n3lwh93uztexs8t","id":"n3lwh93uztexs8t"},"id":"dmqxpmml3dr0wlv","previousOperationId":"o1a713dk15zb4eh"}
{"type":"log","timestamp":1704990070004,"level":"debug","message":"Page request finished: GET (script) 200 https://cdn.jsdelivr.net/npm/chart.js","meta":{"rootId":"n3lwh93uztexs8t","id":"n3lwh93uztexs8t"},"id":"dm2yyvuuaf3nt5v","previousOperationId":"o1a713dk15zb4eh"}
{"type":"log","timestamp":1704990070049,"level":"debug","message":"Running chrome with params {\"printBackground\":true,\"timeout\":59967,\"margin\":{}}","meta":{"rootId":"n3lwh93uztexs8t","id":"n3lwh93uztexs8t"},"id":"v714evtqp3ps8i9","previousOperationId":"o1a713dk15zb4eh"}
{"type":"operationEnd","operationId":"o1a713dk15zb4eh","timestamp":1704990070070,"id":"cvj0gwh6fieu06g","previousEventId":"rvb438spbc1megk","previousOperationId":"o1a713dk15zb4eh"}
{"type":"log","timestamp":1704990070070,"level":"debug","message":"Skipping storing report.","meta":{"rootId":"n3lwh93uztexs8t","id":"n3lwh93uztexs8t"},"id":"ht3faf2ypdko50v","previousOperationId":"o1a713dk15zb4eh"}
{"type":"log","timestamp":1704990070071,"level":"info","message":"Rendering request 25 finished in 144 ms","meta":{"rootId":"n3lwh93uztexs8t","id":"n3lwh93uztexs8t"},"id":"dgbik4xkj8glrrc","previousOperationId":"o1a713dk15zb4eh"}
{"type":"operationEnd","subtype":"render","operationId":"67prks7sqypc3wb","timestamp":1704990070071,"id":"xene57c4ujn59wa","previousEventId":"cvj0gwh6fieu06g","previousOperationId":"o1a713dk15zb4eh"}
{"type":"operationEnd","doDiffs":false,"previousEventId":"89jz49x7xuwve1q","previousOperationId":"wady68u8l37pnxz","operationId":"wady68u8l37pnxz","timestamp":1704990070072,"id":"g3e9w9ctewrzzro"}
