{"type":"operationStart","subtype":"profile","data":{"_id":"CsAAsGUiPGomT1lS","timestamp":"2024-01-11T18:44:06.445Z","state":"queued","mode":"standard","creationDate":"2024-01-11T18:44:06.445Z","modificationDate":"2024-01-11T18:44:06.445Z","shortid":"TM5har0","$entitySet":"profiles"},"doDiffs":false,"timestamp":1704998646445,"id":"dtx4ejquh2rkkpt","previousOperationId":null,"operationId":"jk0ooj427tidsxk"}
{"type":"log","level":"info","message":"Render request 32 queued for execution and waiting for available worker","previousOperationId":"jk0ooj427tidsxk","timestamp":1704998646445,"id":"udemmoepuocb5ex"}
{"type":"operationStart","subtype":"render","name":"User_project","previousOperationId":"jk0ooj427tidsxk","timestamp":1704998646450,"id":"mctnpdg8cyu0tq1","previousEventId":"dtx4ejquh2rkkpt","operationId":"0251lz157dwembq"}
{"type":"log","timestamp":1704998646450,"level":"info","message":"Starting rendering request 32","meta":{"rootId":"n74dh1ptr1kznmy","id":"n74dh1ptr1kznmy"},"id":"g7weohz125snx8z","previousOperationId":"0251lz157dwembq"}
{"type":"log","timestamp":1704998646450,"level":"info","message":"Rendering template { name: User_project, recipe: chrome-pdf, engine: handlebars, preview: true }","meta":{"rootId":"n74dh1ptr1kznmy","id":"n74dh1ptr1kznmy"},"id":"hzf07ityx9qaj06","previousOperationId":"0251lz157dwembq"}
{"type":"log","timestamp":1704998646450,"level":"debug","message":"Data item not defined for this template.","meta":{"rootId":"n74dh1ptr1kznmy","id":"n74dh1ptr1kznmy"},"id":"76evznvguv2vu7u","previousOperationId":"0251lz157dwembq"}
{"type":"log","timestamp":1704998646453,"level":"debug","message":"Executing script usabi-data (beforeRender)","meta":{"rootId":"n74dh1ptr1kznmy","id":"n74dh1ptr1kznmy"},"id":"h77hnlnoimu3qag","previousOperationId":"0251lz157dwembq"}
{"type":"operationStart","subtype":"scriptsBeforeRender","name":"scripts beforeRender","timestamp":1704998646457,"id":"lmiuzy0dl8iduho","previousEventId":"mctnpdg8cyu0tq1","operationId":"8ny9qmxrlhvf5lu","previousOperationId":"0251lz157dwembq"}
{"type":"operationStart","subtype":"script","name":"scripts usabi-data","previousOperationId":"8ny9qmxrlhvf5lu","timestamp":1704998646457,"id":"f1rjnwgnnyv58f0","previousEventId":"lmiuzy0dl8iduho","operationId":"vgpfn79rzdof08x"}
{"type":"operationEnd","operationId":"vgpfn79rzdof08x","timestamp":1704998646475,"id":"yffhbskns4v1zt1","previousEventId":"mctnpdg8cyu0tq1","previousOperationId":"0251lz157dwembq"}
{"type":"log","timestamp":1704998646475,"level":"debug","message":"Executing script orders-script (beforeRender)","meta":{"rootId":"n74dh1ptr1kznmy","id":"n74dh1ptr1kznmy"},"id":"gcy8tes148t9muy","previousOperationId":"0251lz157dwembq"}
{"type":"operationStart","subtype":"script","name":"scripts orders-script","previousOperationId":"8ny9qmxrlhvf5lu","timestamp":1704998646479,"id":"4c4ticbm5skwmbh","previousEventId":"yffhbskns4v1zt1","operationId":"6em95etjo3m2e54"}
{"type":"operationEnd","operationId":"6em95etjo3m2e54","timestamp":1704998647840,"id":"30f024naoldaxjl","previousEventId":"yffhbskns4v1zt1","previousOperationId":"0251lz157dwembq"}
{"type":"operationEnd","operationId":"8ny9qmxrlhvf5lu","timestamp":1704998647841,"id":"8uvrfbp39l64o82","previousEventId":"30f024naoldaxjl","previousOperationId":"0251lz157dwembq"}
{"type":"log","timestamp":1704998647841,"level":"debug","message":"Base url not specified, skipping its injection.","meta":{"rootId":"n74dh1ptr1kznmy","id":"n74dh1ptr1kznmy"},"id":"tzp33l4rnzmrmaf","previousOperationId":"8ny9qmxrlhvf5lu"}
{"type":"operationStart","subtype":"engine","name":"handlebars","timestamp":1704998647841,"id":"eq9zt198v3tr14a","previousEventId":"8uvrfbp39l64o82","operationId":"uf5lxpma9yiau5x","previousOperationId":"8ny9qmxrlhvf5lu"}
{"type":"log","timestamp":1704998647841,"level":"debug","message":"Rendering engine handlebars","meta":{"rootId":"n74dh1ptr1kznmy","id":"n74dh1ptr1kznmy"},"id":"1u7f91sbrz9r8n6","previousOperationId":"uf5lxpma9yiau5x"}
{"type":"operationEnd","operationId":"uf5lxpma9yiau5x","timestamp":1704998647871,"id":"ymf9q8ew4p53onk","previousEventId":"eq9zt198v3tr14a","previousOperationId":"uf5lxpma9yiau5x"}
{"type":"operationStart","subtype":"recipe","name":"chrome-pdf","timestamp":1704998647871,"id":"cw1o8m1vh2q7qz5","previousEventId":"ymf9q8ew4p53onk","operationId":"30h3zxfz00ov4nj","previousOperationId":"uf5lxpma9yiau5x"}
{"type":"log","timestamp":1704998647871,"level":"debug","message":"Executing recipe chrome-pdf","meta":{"rootId":"n74dh1ptr1kznmy","id":"n74dh1ptr1kznmy"},"id":"9fm68jgqpc0n0zv","previousOperationId":"30h3zxfz00ov4nj"}
{"type":"log","timestamp":1704998647872,"level":"debug","message":"Converting with chrome HeadlessChrome/117.0.5938.149 using chrome-pool strategy","meta":{"rootId":"n74dh1ptr1kznmy","id":"n74dh1ptr1kznmy"},"id":"zgcs8omfz3u73ac","previousOperationId":"30h3zxfz00ov4nj"}
{"type":"log","timestamp":1704998647900,"level":"debug","message":"Page request: GET (document) file:///tmp/jsreport/autocleanup/8005578d-de8d-4ac6-b631-12b201dca730-chrome-pdf.html","meta":{"rootId":"n74dh1ptr1kznmy","id":"n74dh1ptr1kznmy"},"id":"9fn24ks4lhvkeoa","previousOperationId":"30h3zxfz00ov4nj"}
{"type":"log","timestamp":1704998647906,"level":"debug","message":"Page request: GET (script) https://cdn.jsdelivr.net/npm/chart.js","meta":{"rootId":"n74dh1ptr1kznmy","id":"n74dh1ptr1kznmy"},"id":"2zr5o05oz1w4k2j","previousOperationId":"30h3zxfz00ov4nj"}
{"type":"log","timestamp":1704998647907,"level":"debug","message":"Page request finished: GET (document) 200 file:///tmp/jsreport/autocleanup/8005578d-de8d-4ac6-b631-12b201dca730-chrome-pdf.html","meta":{"rootId":"n74dh1ptr1kznmy","id":"n74dh1ptr1kznmy"},"id":"xh0gweialvzf904","previousOperationId":"30h3zxfz00ov4nj"}
{"type":"log","timestamp":1704998647910,"level":"debug","message":"Page request finished: GET (script) 200 https://cdn.jsdelivr.net/npm/chart.js","meta":{"rootId":"n74dh1ptr1kznmy","id":"n74dh1ptr1kznmy"},"id":"d7d8ofe3yku5i64","previousOperationId":"30h3zxfz00ov4nj"}
{"type":"log","timestamp":1704998647952,"level":"debug","message":"Running chrome with params {\"printBackground\":true,\"timeout\":58573,\"margin\":{}}","meta":{"rootId":"n74dh1ptr1kznmy","id":"n74dh1ptr1kznmy"},"id":"oe2kaajkd08wi70","previousOperationId":"30h3zxfz00ov4nj"}
{"type":"operationEnd","operationId":"30h3zxfz00ov4nj","timestamp":1704998648001,"id":"9cbpl9awvhbu6gy","previousEventId":"cw1o8m1vh2q7qz5","previousOperationId":"30h3zxfz00ov4nj"}
{"type":"log","timestamp":1704998648001,"level":"debug","message":"Skipping storing report.","meta":{"rootId":"n74dh1ptr1kznmy","id":"n74dh1ptr1kznmy"},"id":"hkc9k6ku09n6uev","previousOperationId":"30h3zxfz00ov4nj"}
{"type":"log","timestamp":1704998648001,"level":"info","message":"Rendering request 32 finished in 1556 ms","meta":{"rootId":"n74dh1ptr1kznmy","id":"n74dh1ptr1kznmy"},"id":"hljbnxwcktruf5c","previousOperationId":"30h3zxfz00ov4nj"}
{"type":"operationEnd","subtype":"render","operationId":"0251lz157dwembq","timestamp":1704998648001,"id":"6bnyqm6wfnoi5n0","previousEventId":"9cbpl9awvhbu6gy","previousOperationId":"30h3zxfz00ov4nj"}
{"type":"operationEnd","doDiffs":false,"previousEventId":"dtx4ejquh2rkkpt","previousOperationId":"jk0ooj427tidsxk","operationId":"jk0ooj427tidsxk","timestamp":1704998648004,"id":"jydnu1wmxxvtvqm"}
