{"type":"operationStart","subtype":"profile","data":{"_id":"lTJva6XLsEtHM9rs","timestamp":"2024-01-11T16:13:10.217Z","state":"queued","mode":"standard","creationDate":"2024-01-11T16:13:10.218Z","modificationDate":"2024-01-11T16:13:10.218Z","shortid":"5VQIZx8","$entitySet":"profiles"},"doDiffs":false,"timestamp":1704989590217,"id":"kkxnv9h973eae6b","previousOperationId":null,"operationId":"25fmltxn83b2l0t"}
{"type":"log","level":"info","message":"Render request 14 queued for execution and waiting for available worker","previousOperationId":"25fmltxn83b2l0t","timestamp":1704989590217,"id":"v046xoo7yyt4grp"}
{"type":"operationStart","subtype":"render","name":"User_project","previousOperationId":"25fmltxn83b2l0t","timestamp":1704989590224,"id":"xbhh51ymda7p8xf","previousEventId":"kkxnv9h973eae6b","operationId":"hi21pfo630d0ycb"}
{"type":"log","timestamp":1704989590224,"level":"info","message":"Starting rendering request 14","meta":{"rootId":"ng3p1ozce7tpymc","id":"ng3p1ozce7tpymc"},"id":"f6jp2atvgv5jjso","previousOperationId":"hi21pfo630d0ycb"}
{"type":"log","timestamp":1704989590224,"level":"info","message":"Rendering template { name: User_project, recipe: chrome-pdf, engine: handlebars, preview: true }","meta":{"rootId":"ng3p1ozce7tpymc","id":"ng3p1ozce7tpymc"},"id":"8k96dumb9zfk7d0","previousOperationId":"hi21pfo630d0ycb"}
{"type":"log","timestamp":1704989590225,"level":"debug","message":"Data item not defined for this template.","meta":{"rootId":"ng3p1ozce7tpymc","id":"ng3p1ozce7tpymc"},"id":"0tnugzl20d4qrnk","previousOperationId":"hi21pfo630d0ycb"}
{"type":"log","timestamp":1704989590226,"level":"debug","message":"Executing script usabi-data (beforeRender)","meta":{"rootId":"ng3p1ozce7tpymc","id":"ng3p1ozce7tpymc"},"id":"ehneso1lt7tbmqs","previousOperationId":"hi21pfo630d0ycb"}
{"type":"operationStart","subtype":"scriptsBeforeRender","name":"scripts beforeRender","timestamp":1704989590230,"id":"fsv433wpt0how5d","previousEventId":"xbhh51ymda7p8xf","operationId":"jtc9mepyj9azbj9","previousOperationId":"hi21pfo630d0ycb"}
{"type":"operationStart","subtype":"script","name":"scripts usabi-data","previousOperationId":"jtc9mepyj9azbj9","timestamp":1704989590230,"id":"750vo6wh5nevs1w","previousEventId":"fsv433wpt0how5d","operationId":"3id4qw2v8ftij41"}
{"type":"operationEnd","operationId":"3id4qw2v8ftij41","timestamp":1704989590250,"id":"wpg96lwkcz7rgjc","previousEventId":"xbhh51ymda7p8xf","previousOperationId":"hi21pfo630d0ycb"}
{"type":"operationEnd","operationId":"jtc9mepyj9azbj9","timestamp":1704989590250,"id":"ca9a5m4wtw9s60l","previousEventId":"wpg96lwkcz7rgjc","previousOperationId":"hi21pfo630d0ycb"}
{"type":"log","timestamp":1704989590250,"level":"debug","message":"Base url not specified, skipping its injection.","meta":{"rootId":"ng3p1ozce7tpymc","id":"ng3p1ozce7tpymc"},"id":"ubkxst5l3lkdhaq","previousOperationId":"jtc9mepyj9azbj9"}
{"type":"operationStart","subtype":"engine","name":"handlebars","timestamp":1704989590250,"id":"iqg8tq5zb06aq70","previousEventId":"ca9a5m4wtw9s60l","operationId":"vxqa4v0v9hmcc60","previousOperationId":"jtc9mepyj9azbj9"}
{"type":"log","timestamp":1704989590250,"level":"debug","message":"Rendering engine handlebars","meta":{"rootId":"ng3p1ozce7tpymc","id":"ng3p1ozce7tpymc"},"id":"lcsm4ohimyo6eg5","previousOperationId":"vxqa4v0v9hmcc60"}
{"type":"operationEnd","operationId":"vxqa4v0v9hmcc60","timestamp":1704989590265,"id":"anelenqf7sjmr62","previousEventId":"iqg8tq5zb06aq70","previousOperationId":"vxqa4v0v9hmcc60"}
{"type":"operationStart","subtype":"recipe","name":"chrome-pdf","timestamp":1704989590265,"id":"twk1ldw4j5r1oug","previousEventId":"anelenqf7sjmr62","operationId":"4i2tv1rhjjswtd6","previousOperationId":"vxqa4v0v9hmcc60"}
{"type":"log","timestamp":1704989590265,"level":"debug","message":"Executing recipe chrome-pdf","meta":{"rootId":"ng3p1ozce7tpymc","id":"ng3p1ozce7tpymc"},"id":"2rg6h9uasiw0cy5","previousOperationId":"4i2tv1rhjjswtd6"}
{"type":"log","timestamp":1704989590267,"level":"debug","message":"Converting with chrome HeadlessChrome/117.0.5938.149 using chrome-pool strategy","meta":{"rootId":"ng3p1ozce7tpymc","id":"ng3p1ozce7tpymc"},"id":"m96e8ic7qbhgj2k","previousOperationId":"4i2tv1rhjjswtd6"}
{"type":"log","timestamp":1704989590300,"level":"debug","message":"Page request: GET (document) file:///tmp/jsreport/autocleanup/422236cf-0bbc-4db5-bce3-c864a6b547e1-chrome-pdf.html","meta":{"rootId":"ng3p1ozce7tpymc","id":"ng3p1ozce7tpymc"},"id":"auwivlabmvbluqk","previousOperationId":"4i2tv1rhjjswtd6"}
{"type":"log","timestamp":1704989590308,"level":"debug","message":"Page request finished: GET (document) 200 file:///tmp/jsreport/autocleanup/422236cf-0bbc-4db5-bce3-c864a6b547e1-chrome-pdf.html","meta":{"rootId":"ng3p1ozce7tpymc","id":"ng3p1ozce7tpymc"},"id":"0hl84vea539uebt","previousOperationId":"4i2tv1rhjjswtd6"}
{"type":"log","timestamp":1704989590309,"level":"debug","message":"Page request: GET (script) https://cdn.jsdelivr.net/npm/chart.js","meta":{"rootId":"ng3p1ozce7tpymc","id":"ng3p1ozce7tpymc"},"id":"r2440qxbiqhr2sh","previousOperationId":"4i2tv1rhjjswtd6"}
{"type":"log","timestamp":1704989590319,"level":"debug","message":"Page request finished: GET (script) 200 https://cdn.jsdelivr.net/npm/chart.js","meta":{"rootId":"ng3p1ozce7tpymc","id":"ng3p1ozce7tpymc"},"id":"7ub21aqasyp4ugx","previousOperationId":"4i2tv1rhjjswtd6"}
{"type":"log","timestamp":1704989590371,"level":"debug","message":"Running chrome with params {\"printBackground\":true,\"timeout\":59951,\"margin\":{}}","meta":{"rootId":"ng3p1ozce7tpymc","id":"ng3p1ozce7tpymc"},"id":"bspogotvissq1mj","previousOperationId":"4i2tv1rhjjswtd6"}
{"type":"operationEnd","operationId":"4i2tv1rhjjswtd6","timestamp":1704989590391,"id":"kdoijq53gkl41qg","previousEventId":"twk1ldw4j5r1oug","previousOperationId":"4i2tv1rhjjswtd6"}
{"type":"log","timestamp":1704989590392,"level":"debug","message":"Skipping storing report.","meta":{"rootId":"ng3p1ozce7tpymc","id":"ng3p1ozce7tpymc"},"id":"14cqem0lauu305n","previousOperationId":"4i2tv1rhjjswtd6"}
{"type":"log","timestamp":1704989590392,"level":"info","message":"Rendering request 14 finished in 175 ms","meta":{"rootId":"ng3p1ozce7tpymc","id":"ng3p1ozce7tpymc"},"id":"yg2onmxl4ei6lip","previousOperationId":"4i2tv1rhjjswtd6"}
{"type":"operationEnd","subtype":"render","operationId":"hi21pfo630d0ycb","timestamp":1704989590392,"id":"3px71gdxqwceznk","previousEventId":"kdoijq53gkl41qg","previousOperationId":"4i2tv1rhjjswtd6"}
{"type":"operationEnd","doDiffs":false,"previousEventId":"kkxnv9h973eae6b","previousOperationId":"25fmltxn83b2l0t","operationId":"25fmltxn83b2l0t","timestamp":1704989590394,"id":"3epuoyo4yr443ok"}
