{"type":"operationStart","subtype":"profile","data":{"_id":"pYUjtbrMTBlsNeDh","timestamp":"2024-01-11T17:23:37.489Z","state":"queued","mode":"standard","creationDate":"2024-01-11T17:23:37.492Z","modificationDate":"2024-01-11T17:23:37.492Z","shortid":"lvry0Qc","$entitySet":"profiles"},"doDiffs":false,"timestamp":1704993817490,"id":"11hezvvni7f49bk","previousOperationId":null,"operationId":"olxmle0uzrzrgbd"}
{"type":"log","level":"info","message":"Render request 137 queued for execution and waiting for available worker","previousOperationId":"olxmle0uzrzrgbd","timestamp":1704993817491,"id":"z3a811pcnv6heji"}
{"type":"operationStart","subtype":"render","name":"User_project","previousOperationId":"olxmle0uzrzrgbd","timestamp":1704993817514,"id":"v7afv7gqrx59spk","previousEventId":"11hezvvni7f49bk","operationId":"8kiv0uz2j7iovv5"}
{"type":"log","timestamp":1704993817514,"level":"info","message":"Starting rendering request 137","meta":{"rootId":"np9cahbdl3rmpi8","id":"np9cahbdl3rmpi8"},"id":"8jozlayu7ja6ods","previousOperationId":"8kiv0uz2j7iovv5"}
{"type":"log","timestamp":1704993817515,"level":"info","message":"Rendering template { name: User_project, recipe: chrome-pdf, engine: handlebars, preview: true }","meta":{"rootId":"np9cahbdl3rmpi8","id":"np9cahbdl3rmpi8"},"id":"qpdagsr0b7td4g7","previousOperationId":"8kiv0uz2j7iovv5"}
{"type":"log","timestamp":1704993817516,"level":"debug","message":"Data item not defined for this template.","meta":{"rootId":"np9cahbdl3rmpi8","id":"np9cahbdl3rmpi8"},"id":"64td832pdukal4a","previousOperationId":"8kiv0uz2j7iovv5"}
{"type":"log","timestamp":1704993817519,"level":"debug","message":"Executing script usabi-data (beforeRender)","meta":{"rootId":"np9cahbdl3rmpi8","id":"np9cahbdl3rmpi8"},"id":"24g5mdglc64ztjt","previousOperationId":"8kiv0uz2j7iovv5"}
{"type":"operationStart","subtype":"scriptsBeforeRender","name":"scripts beforeRender","timestamp":1704993817525,"id":"fvqjqt6ooofddyg","previousEventId":"v7afv7gqrx59spk","operationId":"6urr5xs0g75vrmg","previousOperationId":"8kiv0uz2j7iovv5"}
{"type":"operationStart","subtype":"script","name":"scripts usabi-data","previousOperationId":"6urr5xs0g75vrmg","timestamp":1704993817525,"id":"81z5au9gkq7kbeh","previousEventId":"fvqjqt6ooofddyg","operationId":"xd6gssw8hesfqvd"}
{"type":"operationEnd","operationId":"xd6gssw8hesfqvd","timestamp":1704993817546,"id":"ohlx0egwd2ni2k5","previousEventId":"v7afv7gqrx59spk","previousOperationId":"8kiv0uz2j7iovv5"}
{"type":"log","timestamp":1704993817546,"level":"debug","message":"Executing script orders-script (beforeRender)","meta":{"rootId":"np9cahbdl3rmpi8","id":"np9cahbdl3rmpi8"},"id":"tkb3i4xe4wf4kmb","previousOperationId":"8kiv0uz2j7iovv5"}
{"type":"operationStart","subtype":"script","name":"scripts orders-script","previousOperationId":"6urr5xs0g75vrmg","timestamp":1704993817549,"id":"yn9umpr59yqm8ba","previousEventId":"ohlx0egwd2ni2k5","operationId":"ilbh9wmwav9a6dt"}
{"type":"operationEnd","operationId":"ilbh9wmwav9a6dt","timestamp":1704993818968,"id":"cizz2kw1rpay29b","previousEventId":"ohlx0egwd2ni2k5","previousOperationId":"8kiv0uz2j7iovv5"}
{"type":"operationEnd","operationId":"6urr5xs0g75vrmg","timestamp":1704993818968,"id":"4897a23djglvnsh","previousEventId":"cizz2kw1rpay29b","previousOperationId":"8kiv0uz2j7iovv5"}
{"type":"log","timestamp":1704993818968,"level":"debug","message":"Base url not specified, skipping its injection.","meta":{"rootId":"np9cahbdl3rmpi8","id":"np9cahbdl3rmpi8"},"id":"xlh0s2nq6akvfc7","previousOperationId":"6urr5xs0g75vrmg"}
{"type":"operationStart","subtype":"engine","name":"handlebars","timestamp":1704993818968,"id":"6w37o8prfg66djp","previousEventId":"4897a23djglvnsh","operationId":"4k1dolbznlg5xz4","previousOperationId":"6urr5xs0g75vrmg"}
{"type":"log","timestamp":1704993818968,"level":"debug","message":"Rendering engine handlebars","meta":{"rootId":"np9cahbdl3rmpi8","id":"np9cahbdl3rmpi8"},"id":"29yq4nt9xslkb9f","previousOperationId":"4k1dolbznlg5xz4"}
{"type":"operationEnd","operationId":"4k1dolbznlg5xz4","timestamp":1704993818979,"id":"o7ej96gvckw0e9c","previousEventId":"6w37o8prfg66djp","previousOperationId":"4k1dolbznlg5xz4"}
{"type":"operationStart","subtype":"recipe","name":"chrome-pdf","timestamp":1704993818980,"id":"dncdea019cordoe","previousEventId":"o7ej96gvckw0e9c","operationId":"xe1yyv0ylvz045u","previousOperationId":"4k1dolbznlg5xz4"}
{"type":"log","timestamp":1704993818980,"level":"debug","message":"Executing recipe chrome-pdf","meta":{"rootId":"np9cahbdl3rmpi8","id":"np9cahbdl3rmpi8"},"id":"z71yqii3xhl94fq","previousOperationId":"xe1yyv0ylvz045u"}
{"type":"log","timestamp":1704993818982,"level":"debug","message":"Converting with chrome HeadlessChrome/117.0.5938.149 using chrome-pool strategy","meta":{"rootId":"np9cahbdl3rmpi8","id":"np9cahbdl3rmpi8"},"id":"my4yw4ki000awsc","previousOperationId":"xe1yyv0ylvz045u"}
{"type":"log","timestamp":1704993819017,"level":"debug","message":"Page request: GET (document) file:///tmp/jsreport/autocleanup/cce27a04-9d99-436c-b2e1-6bcf0c0c8c21-chrome-pdf.html","meta":{"rootId":"np9cahbdl3rmpi8","id":"np9cahbdl3rmpi8"},"id":"lniug079eec2zy3","previousOperationId":"xe1yyv0ylvz045u"}
{"type":"log","timestamp":1704993819024,"level":"debug","message":"Page request: GET (script) https://cdn.jsdelivr.net/npm/chart.js","meta":{"rootId":"np9cahbdl3rmpi8","id":"np9cahbdl3rmpi8"},"id":"3o7b85zyfhijpq9","previousOperationId":"xe1yyv0ylvz045u"}
{"type":"log","timestamp":1704993819025,"level":"debug","message":"Page request finished: GET (document) 200 file:///tmp/jsreport/autocleanup/cce27a04-9d99-436c-b2e1-6bcf0c0c8c21-chrome-pdf.html","meta":{"rootId":"np9cahbdl3rmpi8","id":"np9cahbdl3rmpi8"},"id":"4qm5oert7s4st2g","previousOperationId":"xe1yyv0ylvz045u"}
{"type":"log","timestamp":1704993819027,"level":"debug","message":"Page request finished: GET (script) 200 https://cdn.jsdelivr.net/npm/chart.js","meta":{"rootId":"np9cahbdl3rmpi8","id":"np9cahbdl3rmpi8"},"id":"plpwaceoal72aig","previousOperationId":"xe1yyv0ylvz045u"}
{"type":"log","timestamp":1704993819030,"level":"warn","message":"Page error: Unexpected identifier 'Object' , stack: SyntaxError: Unexpected identifier 'Object'","meta":{"rootId":"np9cahbdl3rmpi8","id":"np9cahbdl3rmpi8"},"id":"uodzcm0yqbpa5ky","previousOperationId":"xe1yyv0ylvz045u"}
{"type":"log","timestamp":1704993819033,"level":"debug","message":"Running chrome with params {\"printBackground\":true,\"timeout\":58507,\"margin\":{}}","meta":{"rootId":"np9cahbdl3rmpi8","id":"np9cahbdl3rmpi8"},"id":"x3uq2boboh4itw7","previousOperationId":"xe1yyv0ylvz045u"}
{"type":"operationEnd","operationId":"xe1yyv0ylvz045u","timestamp":1704993819044,"id":"yr2qz2od50ycojm","previousEventId":"dncdea019cordoe","previousOperationId":"xe1yyv0ylvz045u"}
{"type":"log","timestamp":1704993819044,"level":"debug","message":"Skipping storing report.","meta":{"rootId":"np9cahbdl3rmpi8","id":"np9cahbdl3rmpi8"},"id":"l4b0lel3zsmxim3","previousOperationId":"xe1yyv0ylvz045u"}
{"type":"log","timestamp":1704993819044,"level":"info","message":"Rendering request 137 finished in 1556 ms","meta":{"rootId":"np9cahbdl3rmpi8","id":"np9cahbdl3rmpi8"},"id":"5asbhji5a65cgl4","previousOperationId":"xe1yyv0ylvz045u"}
{"type":"operationEnd","subtype":"render","operationId":"8kiv0uz2j7iovv5","timestamp":1704993819044,"id":"9goghwjf0f5sw9y","previousEventId":"yr2qz2od50ycojm","previousOperationId":"xe1yyv0ylvz045u"}
{"type":"operationEnd","doDiffs":false,"previousEventId":"11hezvvni7f49bk","previousOperationId":"olxmle0uzrzrgbd","operationId":"olxmle0uzrzrgbd","timestamp":1704993819048,"id":"mz4wyviuqu4g5b7"}
