{"type":"operationStart","subtype":"profile","data":{"_id":"QhpdEszxyOP09CaO","timestamp":"2024-01-11T18:10:23.403Z","state":"queued","mode":"standard","creationDate":"2024-01-11T18:10:23.403Z","modificationDate":"2024-01-11T18:10:23.403Z","shortid":"ZNTuSE4","$entitySet":"profiles"},"doDiffs":false,"timestamp":1704996623403,"id":"v6s5319xc7y4hds","previousOperationId":null,"operationId":"duk7cp7ik9sf0in"}
{"type":"log","level":"info","message":"Render request 49 queued for execution and waiting for available worker","previousOperationId":"duk7cp7ik9sf0in","timestamp":1704996623403,"id":"wfghfu2f4j10lpq"}
{"type":"operationStart","subtype":"render","name":"User_project","previousOperationId":"duk7cp7ik9sf0in","timestamp":1704996623407,"id":"0w6uo6gdtbpz094","previousEventId":"v6s5319xc7y4hds","operationId":"r0i84d84xxp1ohe"}
{"type":"log","timestamp":1704996623408,"level":"info","message":"Starting rendering request 49","meta":{"rootId":"nr1smifg7p6l3h4","id":"nr1smifg7p6l3h4"},"id":"b966nzhkmf3if23","previousOperationId":"r0i84d84xxp1ohe"}
{"type":"log","timestamp":1704996623408,"level":"info","message":"Rendering template { name: User_project, recipe: chrome-pdf, engine: handlebars, preview: true }","meta":{"rootId":"nr1smifg7p6l3h4","id":"nr1smifg7p6l3h4"},"id":"hqnifz4tdpafs9g","previousOperationId":"r0i84d84xxp1ohe"}
{"type":"log","timestamp":1704996623408,"level":"debug","message":"Data item not defined for this template.","meta":{"rootId":"nr1smifg7p6l3h4","id":"nr1smifg7p6l3h4"},"id":"j9n07v25am0juzt","previousOperationId":"r0i84d84xxp1ohe"}
{"type":"log","timestamp":1704996623410,"level":"debug","message":"Executing script usabi-data (beforeRender)","meta":{"rootId":"nr1smifg7p6l3h4","id":"nr1smifg7p6l3h4"},"id":"mfacrlvf03qgn5p","previousOperationId":"r0i84d84xxp1ohe"}
{"type":"operationStart","subtype":"scriptsBeforeRender","name":"scripts beforeRender","timestamp":1704996623414,"id":"5ynpwvrm5eewfc2","previousEventId":"0w6uo6gdtbpz094","operationId":"7l7a8e4e01otq3y","previousOperationId":"r0i84d84xxp1ohe"}
{"type":"operationStart","subtype":"script","name":"scripts usabi-data","previousOperationId":"7l7a8e4e01otq3y","timestamp":1704996623414,"id":"q0im07xsftny22k","previousEventId":"5ynpwvrm5eewfc2","operationId":"ryvcziw8p7jqtc6"}
{"type":"operationEnd","operationId":"ryvcziw8p7jqtc6","timestamp":1704996623431,"id":"sz8kcj9xufialqs","previousEventId":"0w6uo6gdtbpz094","previousOperationId":"r0i84d84xxp1ohe"}
{"type":"log","timestamp":1704996623431,"level":"debug","message":"Executing script orders-script (beforeRender)","meta":{"rootId":"nr1smifg7p6l3h4","id":"nr1smifg7p6l3h4"},"id":"v5w9vvfh214y8z1","previousOperationId":"r0i84d84xxp1ohe"}
{"type":"operationStart","subtype":"script","name":"scripts orders-script","previousOperationId":"7l7a8e4e01otq3y","timestamp":1704996623434,"id":"9fnne6y2kflyqkh","previousEventId":"sz8kcj9xufialqs","operationId":"4ox7ejlbnyzcegd"}
{"type":"operationEnd","operationId":"4ox7ejlbnyzcegd","timestamp":1704996624764,"id":"dboz5ztpv9yi3bt","previousEventId":"sz8kcj9xufialqs","previousOperationId":"r0i84d84xxp1ohe"}
{"type":"operationEnd","operationId":"7l7a8e4e01otq3y","timestamp":1704996624764,"id":"e9v6lq376hoptx3","previousEventId":"dboz5ztpv9yi3bt","previousOperationId":"r0i84d84xxp1ohe"}
{"type":"log","timestamp":1704996624764,"level":"debug","message":"Base url not specified, skipping its injection.","meta":{"rootId":"nr1smifg7p6l3h4","id":"nr1smifg7p6l3h4"},"id":"ptarubqjwctpzbj","previousOperationId":"7l7a8e4e01otq3y"}
{"type":"operationStart","subtype":"engine","name":"handlebars","timestamp":1704996624764,"id":"mvj8fpunbd25ai7","previousEventId":"e9v6lq376hoptx3","operationId":"wtkpvsxx36xundn","previousOperationId":"7l7a8e4e01otq3y"}
{"type":"log","timestamp":1704996624764,"level":"debug","message":"Rendering engine handlebars","meta":{"rootId":"nr1smifg7p6l3h4","id":"nr1smifg7p6l3h4"},"id":"fo6mn0fco8z8lof","previousOperationId":"wtkpvsxx36xundn"}
{"type":"operationEnd","operationId":"wtkpvsxx36xundn","timestamp":1704996624769,"id":"vvxkm7gek2s3dpf","previousEventId":"mvj8fpunbd25ai7","previousOperationId":"wtkpvsxx36xundn"}
{"type":"operationStart","subtype":"recipe","name":"chrome-pdf","timestamp":1704996624769,"id":"9arpczoahgz388g","previousEventId":"vvxkm7gek2s3dpf","operationId":"zhdmokiv5m1mer3","previousOperationId":"wtkpvsxx36xundn"}
{"type":"log","timestamp":1704996624769,"level":"debug","message":"Executing recipe chrome-pdf","meta":{"rootId":"nr1smifg7p6l3h4","id":"nr1smifg7p6l3h4"},"id":"90gi4eido2y8hwa","previousOperationId":"zhdmokiv5m1mer3"}
{"type":"log","timestamp":1704996624771,"level":"debug","message":"Converting with chrome HeadlessChrome/117.0.5938.149 using chrome-pool strategy","meta":{"rootId":"nr1smifg7p6l3h4","id":"nr1smifg7p6l3h4"},"id":"6ciq1wq0oikb5dm","previousOperationId":"zhdmokiv5m1mer3"}
{"type":"log","timestamp":1704996624809,"level":"debug","message":"Page request: GET (document) file:///tmp/jsreport/autocleanup/d98f4f20-305a-4d2a-8a08-0c3f91cd0d6e-chrome-pdf.html","meta":{"rootId":"nr1smifg7p6l3h4","id":"nr1smifg7p6l3h4"},"id":"ijlujmmocjci154","previousOperationId":"zhdmokiv5m1mer3"}
{"type":"log","timestamp":1704996624818,"level":"debug","message":"Page request: GET (script) https://cdn.jsdelivr.net/npm/chart.js","meta":{"rootId":"nr1smifg7p6l3h4","id":"nr1smifg7p6l3h4"},"id":"bvmu2j9ipjvvkf8","previousOperationId":"zhdmokiv5m1mer3"}
{"type":"log","timestamp":1704996624819,"level":"debug","message":"Page request finished: GET (document) 200 file:///tmp/jsreport/autocleanup/d98f4f20-305a-4d2a-8a08-0c3f91cd0d6e-chrome-pdf.html","meta":{"rootId":"nr1smifg7p6l3h4","id":"nr1smifg7p6l3h4"},"id":"7x40z8f58w05p2o","previousOperationId":"zhdmokiv5m1mer3"}
{"type":"log","timestamp":1704996624822,"level":"debug","message":"Page request finished: GET (script) 200 https://cdn.jsdelivr.net/npm/chart.js","meta":{"rootId":"nr1smifg7p6l3h4","id":"nr1smifg7p6l3h4"},"id":"tbnwf7slsa148k3","previousOperationId":"zhdmokiv5m1mer3"}
{"type":"log","timestamp":1704996624877,"level":"debug","message":"Running chrome with params {\"printBackground\":true,\"timeout\":58632,\"margin\":{}}","meta":{"rootId":"nr1smifg7p6l3h4","id":"nr1smifg7p6l3h4"},"id":"kw1fqfsvrn5ycxx","previousOperationId":"zhdmokiv5m1mer3"}
{"type":"operationEnd","operationId":"zhdmokiv5m1mer3","timestamp":1704996624923,"id":"11yyi7z7bibtf5r","previousEventId":"9arpczoahgz388g","previousOperationId":"zhdmokiv5m1mer3"}
{"type":"log","timestamp":1704996624923,"level":"debug","message":"Skipping storing report.","meta":{"rootId":"nr1smifg7p6l3h4","id":"nr1smifg7p6l3h4"},"id":"7r1fk2tpioh97zj","previousOperationId":"zhdmokiv5m1mer3"}
{"type":"log","timestamp":1704996624923,"level":"info","message":"Rendering request 49 finished in 1521 ms","meta":{"rootId":"nr1smifg7p6l3h4","id":"nr1smifg7p6l3h4"},"id":"c6979p0o2bnuadr","previousOperationId":"zhdmokiv5m1mer3"}
{"type":"operationEnd","subtype":"render","operationId":"r0i84d84xxp1ohe","timestamp":1704996624923,"id":"dqr378q5wmbb73n","previousEventId":"11yyi7z7bibtf5r","previousOperationId":"zhdmokiv5m1mer3"}
{"type":"operationEnd","doDiffs":false,"previousEventId":"v6s5319xc7y4hds","previousOperationId":"duk7cp7ik9sf0in","operationId":"duk7cp7ik9sf0in","timestamp":1704996624925,"id":"iygd04wesgm8gd2"}
