{"type":"operationStart","subtype":"profile","data":{"_id":"LpKmFM52nygm4r46","timestamp":"2024-01-11T18:06:25.138Z","state":"queued","mode":"standard","creationDate":"2024-01-11T18:06:25.139Z","modificationDate":"2024-01-11T18:06:25.139Z","shortid":"o76Mnn-","$entitySet":"profiles"},"doDiffs":false,"timestamp":1704996385138,"id":"b0lt4e44fovr5f4","previousOperationId":null,"operationId":"bhofrslvumwrllw"}
{"type":"log","level":"info","message":"Render request 42 queued for execution and waiting for available worker","previousOperationId":"bhofrslvumwrllw","timestamp":1704996385138,"id":"avw5xh7xn9v60jf"}
{"type":"operationStart","subtype":"render","name":"User_project","previousOperationId":"bhofrslvumwrllw","timestamp":1704996385143,"id":"t4gg3rp7y46rvod","previousEventId":"b0lt4e44fovr5f4","operationId":"a80en1in04ck5gt"}
{"type":"log","timestamp":1704996385143,"level":"info","message":"Starting rendering request 42","meta":{"rootId":"ns16otk30zfef2b","id":"ns16otk30zfef2b"},"id":"8u2zahm6f2od3bj","previousOperationId":"a80en1in04ck5gt"}
{"type":"log","timestamp":1704996385143,"level":"info","message":"Rendering template { name: User_project, recipe: chrome-pdf, engine: handlebars, preview: true }","meta":{"rootId":"ns16otk30zfef2b","id":"ns16otk30zfef2b"},"id":"4hkm2zv605192p8","previousOperationId":"a80en1in04ck5gt"}
{"type":"log","timestamp":1704996385144,"level":"debug","message":"Data item not defined for this template.","meta":{"rootId":"ns16otk30zfef2b","id":"ns16otk30zfef2b"},"id":"ii52dc8k83ud5v5","previousOperationId":"a80en1in04ck5gt"}
{"type":"log","timestamp":1704996385146,"level":"debug","message":"Executing script usabi-data (beforeRender)","meta":{"rootId":"ns16otk30zfef2b","id":"ns16otk30zfef2b"},"id":"k6rp81ajuup7juf","previousOperationId":"a80en1in04ck5gt"}
{"type":"operationStart","subtype":"scriptsBeforeRender","name":"scripts beforeRender","timestamp":1704996385150,"id":"ncn17n68c2kcusj","previousEventId":"t4gg3rp7y46rvod","operationId":"sw7atlw0f0ibswz","previousOperationId":"a80en1in04ck5gt"}
{"type":"operationStart","subtype":"script","name":"scripts usabi-data","previousOperationId":"sw7atlw0f0ibswz","timestamp":1704996385150,"id":"vo6kq0gbl5pb0n5","previousEventId":"ncn17n68c2kcusj","operationId":"rnzd7aavjjt2r9m"}
{"type":"operationEnd","operationId":"rnzd7aavjjt2r9m","timestamp":1704996385165,"id":"vs3xp2otufto1yn","previousEventId":"t4gg3rp7y46rvod","previousOperationId":"a80en1in04ck5gt"}
{"type":"log","timestamp":1704996385165,"level":"debug","message":"Executing script orders-script (beforeRender)","meta":{"rootId":"ns16otk30zfef2b","id":"ns16otk30zfef2b"},"id":"021iqpi5ck5rbmt","previousOperationId":"a80en1in04ck5gt"}
{"type":"operationStart","subtype":"script","name":"scripts orders-script","previousOperationId":"sw7atlw0f0ibswz","timestamp":1704996385167,"id":"wmllcbqkci1iqmy","previousEventId":"vs3xp2otufto1yn","operationId":"e33mh2bcc9ldau6"}
{"type":"operationEnd","operationId":"e33mh2bcc9ldau6","timestamp":1704996387479,"id":"itx3pkp2ba2fh08","previousEventId":"vs3xp2otufto1yn","previousOperationId":"a80en1in04ck5gt"}
{"type":"operationEnd","operationId":"sw7atlw0f0ibswz","timestamp":1704996387479,"id":"k8p8tdxalmcfx7i","previousEventId":"itx3pkp2ba2fh08","previousOperationId":"a80en1in04ck5gt"}
{"type":"log","timestamp":1704996387479,"level":"debug","message":"Base url not specified, skipping its injection.","meta":{"rootId":"ns16otk30zfef2b","id":"ns16otk30zfef2b"},"id":"zdi98ejw6erxa85","previousOperationId":"sw7atlw0f0ibswz"}
{"type":"operationStart","subtype":"engine","name":"handlebars","timestamp":1704996387479,"id":"j17f3omvw5mi36b","previousEventId":"k8p8tdxalmcfx7i","operationId":"b9txi2gu183qc5l","previousOperationId":"sw7atlw0f0ibswz"}
{"type":"log","timestamp":1704996387479,"level":"debug","message":"Rendering engine handlebars","meta":{"rootId":"ns16otk30zfef2b","id":"ns16otk30zfef2b"},"id":"128liv0iurhrmlu","previousOperationId":"b9txi2gu183qc5l"}
{"type":"operationEnd","operationId":"b9txi2gu183qc5l","timestamp":1704996387489,"id":"ph6vis8uuzp4t8r","previousEventId":"j17f3omvw5mi36b","previousOperationId":"b9txi2gu183qc5l"}
{"type":"operationStart","subtype":"recipe","name":"chrome-pdf","timestamp":1704996387489,"id":"4lmv8g0yp26zypa","previousEventId":"ph6vis8uuzp4t8r","operationId":"s014yd9ii54d4yk","previousOperationId":"b9txi2gu183qc5l"}
{"type":"log","timestamp":1704996387489,"level":"debug","message":"Executing recipe chrome-pdf","meta":{"rootId":"ns16otk30zfef2b","id":"ns16otk30zfef2b"},"id":"sbk0uxn4v12ot71","previousOperationId":"s014yd9ii54d4yk"}
{"type":"log","timestamp":1704996387491,"level":"debug","message":"Converting with chrome HeadlessChrome/117.0.5938.149 using chrome-pool strategy","meta":{"rootId":"ns16otk30zfef2b","id":"ns16otk30zfef2b"},"id":"e0qe4jgmjdsmypv","previousOperationId":"s014yd9ii54d4yk"}
{"type":"log","timestamp":1704996387525,"level":"debug","message":"Page request: GET (document) file:///tmp/jsreport/autocleanup/6c7bcf80-9359-41dc-b2b1-7472fcf68dc7-chrome-pdf.html","meta":{"rootId":"ns16otk30zfef2b","id":"ns16otk30zfef2b"},"id":"ik5di99fbpz0yjz","previousOperationId":"s014yd9ii54d4yk"}
{"type":"log","timestamp":1704996387533,"level":"debug","message":"Page request: GET (script) https://cdn.jsdelivr.net/npm/chart.js","meta":{"rootId":"ns16otk30zfef2b","id":"ns16otk30zfef2b"},"id":"cp59nv14li6h0tg","previousOperationId":"s014yd9ii54d4yk"}
{"type":"log","timestamp":1704996387534,"level":"debug","message":"Page request finished: GET (document) 200 file:///tmp/jsreport/autocleanup/6c7bcf80-9359-41dc-b2b1-7472fcf68dc7-chrome-pdf.html","meta":{"rootId":"ns16otk30zfef2b","id":"ns16otk30zfef2b"},"id":"om5ksbrfxoez2bx","previousOperationId":"s014yd9ii54d4yk"}
{"type":"log","timestamp":1704996387538,"level":"debug","message":"Page request finished: GET (script) 200 https://cdn.jsdelivr.net/npm/chart.js","meta":{"rootId":"ns16otk30zfef2b","id":"ns16otk30zfef2b"},"id":"txu7emyczwpoi7q","previousOperationId":"s014yd9ii54d4yk"}
{"type":"log","timestamp":1704996387546,"level":"warn","message":"Page error: Unexpected identifier 'Object' , stack: SyntaxError: Unexpected identifier 'Object'","meta":{"rootId":"ns16otk30zfef2b","id":"ns16otk30zfef2b"},"id":"uzkfmp4dwe80xo7","previousOperationId":"s014yd9ii54d4yk"}
{"type":"log","timestamp":1704996387553,"level":"debug","message":"Running chrome with params {\"printBackground\":true,\"timeout\":57648,\"margin\":{}}","meta":{"rootId":"ns16otk30zfef2b","id":"ns16otk30zfef2b"},"id":"s0gnf5v2mcuxa37","previousOperationId":"s014yd9ii54d4yk"}
{"type":"operationEnd","operationId":"s014yd9ii54d4yk","timestamp":1704996387563,"id":"fdky6mdpfdb0kv8","previousEventId":"4lmv8g0yp26zypa","previousOperationId":"s014yd9ii54d4yk"}
{"type":"log","timestamp":1704996387564,"level":"debug","message":"Skipping storing report.","meta":{"rootId":"ns16otk30zfef2b","id":"ns16otk30zfef2b"},"id":"anjhe3o6it238xj","previousOperationId":"s014yd9ii54d4yk"}
{"type":"log","timestamp":1704996387564,"level":"info","message":"Rendering request 42 finished in 2426 ms","meta":{"rootId":"ns16otk30zfef2b","id":"ns16otk30zfef2b"},"id":"bwgrmy1dieljpmh","previousOperationId":"s014yd9ii54d4yk"}
{"type":"operationEnd","subtype":"render","operationId":"a80en1in04ck5gt","timestamp":1704996387564,"id":"g0u7qeaima8qju3","previousEventId":"fdky6mdpfdb0kv8","previousOperationId":"s014yd9ii54d4yk"}
{"type":"operationEnd","doDiffs":false,"previousEventId":"b0lt4e44fovr5f4","previousOperationId":"bhofrslvumwrllw","operationId":"bhofrslvumwrllw","timestamp":1704996387567,"id":"isqzukktjo0i0g4"}
