{"type":"operationStart","subtype":"profile","data":{"_id":"IXmurUfl9QnwvusJ","timestamp":"2024-01-11T17:30:36.107Z","state":"queued","mode":"standard","creationDate":"2024-01-11T17:30:36.107Z","modificationDate":"2024-01-11T17:30:36.107Z","shortid":"Og7ZMEX","$entitySet":"profiles"},"doDiffs":false,"timestamp":1704994236107,"id":"p0jnmvglxdlz57o","previousOperationId":null,"operationId":"poqsoehxa2z68wc"}
{"type":"log","level":"info","message":"Render request 147 queued for execution and waiting for available worker","previousOperationId":"poqsoehxa2z68wc","timestamp":1704994236107,"id":"a5tpja343xw551c"}
{"type":"operationStart","subtype":"render","name":"User_project","previousOperationId":"poqsoehxa2z68wc","timestamp":1704994236111,"id":"uctn6s7znqhjabk","previousEventId":"p0jnmvglxdlz57o","operationId":"4idaq3mmz53djrt"}
{"type":"log","timestamp":1704994236111,"level":"info","message":"Starting rendering request 147","meta":{"rootId":"nvmnbyu6ybw7lot","id":"nvmnbyu6ybw7lot"},"id":"gc9sz0mbp614tqp","previousOperationId":"4idaq3mmz53djrt"}
{"type":"log","timestamp":1704994236111,"level":"info","message":"Rendering template { name: User_project, recipe: chrome-pdf, engine: handlebars, preview: true }","meta":{"rootId":"nvmnbyu6ybw7lot","id":"nvmnbyu6ybw7lot"},"id":"ib2ez8pd8sg5ixq","previousOperationId":"4idaq3mmz53djrt"}
{"type":"log","timestamp":1704994236112,"level":"debug","message":"Data item not defined for this template.","meta":{"rootId":"nvmnbyu6ybw7lot","id":"nvmnbyu6ybw7lot"},"id":"wisfsn8bo2l4ore","previousOperationId":"4idaq3mmz53djrt"}
{"type":"log","timestamp":1704994236113,"level":"debug","message":"Executing script usabi-data (beforeRender)","meta":{"rootId":"nvmnbyu6ybw7lot","id":"nvmnbyu6ybw7lot"},"id":"rqv2q9pcd22kvle","previousOperationId":"4idaq3mmz53djrt"}
{"type":"operationStart","subtype":"scriptsBeforeRender","name":"scripts beforeRender","timestamp":1704994236121,"id":"p1wqqigl89tm0oa","previousEventId":"uctn6s7znqhjabk","operationId":"xygxdi7zgmo56ma","previousOperationId":"4idaq3mmz53djrt"}
{"type":"operationStart","subtype":"script","name":"scripts usabi-data","previousOperationId":"xygxdi7zgmo56ma","timestamp":1704994236121,"id":"623hsogg89pla09","previousEventId":"p1wqqigl89tm0oa","operationId":"pwa8crapmcmju9x"}
{"type":"operationEnd","operationId":"pwa8crapmcmju9x","timestamp":1704994236138,"id":"fnrvhi3ush4sg9z","previousEventId":"uctn6s7znqhjabk","previousOperationId":"4idaq3mmz53djrt"}
{"type":"log","timestamp":1704994236138,"level":"debug","message":"Executing script orders-script (beforeRender)","meta":{"rootId":"nvmnbyu6ybw7lot","id":"nvmnbyu6ybw7lot"},"id":"jof3iy4r66a29fr","previousOperationId":"4idaq3mmz53djrt"}
{"type":"operationStart","subtype":"script","name":"scripts orders-script","previousOperationId":"xygxdi7zgmo56ma","timestamp":1704994236144,"id":"kd0g0i2dxn6v64z","previousEventId":"fnrvhi3ush4sg9z","operationId":"d6204awssnhmwbe"}
{"type":"operationEnd","operationId":"d6204awssnhmwbe","timestamp":1704994237457,"id":"s4fu5cg5c2f716b","previousEventId":"fnrvhi3ush4sg9z","previousOperationId":"4idaq3mmz53djrt"}
{"type":"operationEnd","operationId":"xygxdi7zgmo56ma","timestamp":1704994237457,"id":"m79ou8ecg5kd881","previousEventId":"s4fu5cg5c2f716b","previousOperationId":"4idaq3mmz53djrt"}
{"type":"log","timestamp":1704994237457,"level":"debug","message":"Base url not specified, skipping its injection.","meta":{"rootId":"nvmnbyu6ybw7lot","id":"nvmnbyu6ybw7lot"},"id":"lpvz5oltxisqf40","previousOperationId":"xygxdi7zgmo56ma"}
{"type":"operationStart","subtype":"engine","name":"handlebars","timestamp":1704994237457,"id":"51m49w5x6gw2dvt","previousEventId":"m79ou8ecg5kd881","operationId":"lrcszjilc7yfz73","previousOperationId":"xygxdi7zgmo56ma"}
{"type":"log","timestamp":1704994237457,"level":"debug","message":"Rendering engine handlebars","meta":{"rootId":"nvmnbyu6ybw7lot","id":"nvmnbyu6ybw7lot"},"id":"llfl49771zdkwyc","previousOperationId":"lrcszjilc7yfz73"}
{"type":"operationEnd","operationId":"lrcszjilc7yfz73","timestamp":1704994237464,"id":"86g3cdj3f0949q9","previousEventId":"51m49w5x6gw2dvt","previousOperationId":"lrcszjilc7yfz73"}
{"type":"operationStart","subtype":"recipe","name":"chrome-pdf","timestamp":1704994237464,"id":"z9i4g94llkd15rk","previousEventId":"86g3cdj3f0949q9","operationId":"smiigzi0jf89off","previousOperationId":"lrcszjilc7yfz73"}
{"type":"log","timestamp":1704994237464,"level":"debug","message":"Executing recipe chrome-pdf","meta":{"rootId":"nvmnbyu6ybw7lot","id":"nvmnbyu6ybw7lot"},"id":"a0dwmosoozkqfvx","previousOperationId":"smiigzi0jf89off"}
{"type":"log","timestamp":1704994237466,"level":"debug","message":"Converting with chrome HeadlessChrome/117.0.5938.149 using chrome-pool strategy","meta":{"rootId":"nvmnbyu6ybw7lot","id":"nvmnbyu6ybw7lot"},"id":"c4yj44mrxtwen6w","previousOperationId":"smiigzi0jf89off"}
{"type":"log","timestamp":1704994237495,"level":"debug","message":"Page request: GET (document) file:///tmp/jsreport/autocleanup/69f95c42-4be2-4b68-9b96-5ac7e57e5f6c-chrome-pdf.html","meta":{"rootId":"nvmnbyu6ybw7lot","id":"nvmnbyu6ybw7lot"},"id":"hi1ayaa8dxc2z8z","previousOperationId":"smiigzi0jf89off"}
{"type":"log","timestamp":1704994237503,"level":"debug","message":"Page request: GET (script) https://cdn.jsdelivr.net/npm/chart.js","meta":{"rootId":"nvmnbyu6ybw7lot","id":"nvmnbyu6ybw7lot"},"id":"yf76zq75cz7o50z","previousOperationId":"smiigzi0jf89off"}
{"type":"log","timestamp":1704994237503,"level":"debug","message":"Page request finished: GET (document) 200 file:///tmp/jsreport/autocleanup/69f95c42-4be2-4b68-9b96-5ac7e57e5f6c-chrome-pdf.html","meta":{"rootId":"nvmnbyu6ybw7lot","id":"nvmnbyu6ybw7lot"},"id":"prhwhpujztkjdrk","previousOperationId":"smiigzi0jf89off"}
{"type":"log","timestamp":1704994237507,"level":"debug","message":"Page request finished: GET (script) 200 https://cdn.jsdelivr.net/npm/chart.js","meta":{"rootId":"nvmnbyu6ybw7lot","id":"nvmnbyu6ybw7lot"},"id":"3q8oblu9nfc567t","previousOperationId":"smiigzi0jf89off"}
{"type":"log","timestamp":1704994237510,"level":"warn","message":"Page error: Unexpected identifier 'Object' , stack: SyntaxError: Unexpected identifier 'Object'","meta":{"rootId":"nvmnbyu6ybw7lot","id":"nvmnbyu6ybw7lot"},"id":"6516thnzwj4oj7u","previousOperationId":"smiigzi0jf89off"}
{"type":"log","timestamp":1704994237517,"level":"debug","message":"Running chrome with params {\"printBackground\":true,\"timeout\":58642,\"margin\":{}}","meta":{"rootId":"nvmnbyu6ybw7lot","id":"nvmnbyu6ybw7lot"},"id":"edxxhy49g16opin","previousOperationId":"smiigzi0jf89off"}
{"type":"operationEnd","operationId":"smiigzi0jf89off","timestamp":1704994237525,"id":"lsiow7qdm3olau4","previousEventId":"z9i4g94llkd15rk","previousOperationId":"smiigzi0jf89off"}
{"type":"log","timestamp":1704994237525,"level":"debug","message":"Skipping storing report.","meta":{"rootId":"nvmnbyu6ybw7lot","id":"nvmnbyu6ybw7lot"},"id":"2mib4w9autjjxk9","previousOperationId":"smiigzi0jf89off"}
{"type":"log","timestamp":1704994237525,"level":"info","message":"Rendering request 147 finished in 1418 ms","meta":{"rootId":"nvmnbyu6ybw7lot","id":"nvmnbyu6ybw7lot"},"id":"w7t9mijpno5q96m","previousOperationId":"smiigzi0jf89off"}
{"type":"operationEnd","subtype":"render","operationId":"4idaq3mmz53djrt","timestamp":1704994237525,"id":"079dmdfpgzbcpqj","previousEventId":"lsiow7qdm3olau4","previousOperationId":"smiigzi0jf89off"}
{"type":"operationEnd","doDiffs":false,"previousEventId":"p0jnmvglxdlz57o","previousOperationId":"poqsoehxa2z68wc","operationId":"poqsoehxa2z68wc","timestamp":1704994237529,"id":"bqqt8hfmib94oo6"}
