{"type":"operationStart","subtype":"profile","data":{"_id":"OomwUi5M5PJwqrtK","timestamp":"2024-01-11T17:01:28.327Z","state":"queued","mode":"standard","creationDate":"2024-01-11T17:01:28.328Z","modificationDate":"2024-01-11T17:01:28.328Z","shortid":"rpn2b7x","$entitySet":"profiles"},"doDiffs":false,"timestamp":1704992488327,"id":"d12x7wy37c4x4q2","previousOperationId":null,"operationId":"4b3vs6xy35gnzxu"}
{"type":"log","level":"info","message":"Render request 105 queued for execution and waiting for available worker","previousOperationId":"4b3vs6xy35gnzxu","timestamp":1704992488328,"id":"hk0pyfsxjatu462"}
{"type":"operationStart","subtype":"render","name":"User_project","previousOperationId":"4b3vs6xy35gnzxu","timestamp":1704992488332,"id":"dvswmh41p1rtj2m","previousEventId":"d12x7wy37c4x4q2","operationId":"mzpicu8b5hd8ztr"}
{"type":"log","timestamp":1704992488332,"level":"info","message":"Starting rendering request 105","meta":{"rootId":"o2js2zy2oae38db","id":"o2js2zy2oae38db"},"id":"5u15ofw9vrnsqps","previousOperationId":"mzpicu8b5hd8ztr"}
{"type":"log","timestamp":1704992488332,"level":"info","message":"Rendering template { name: User_project, recipe: chrome-pdf, engine: handlebars, preview: true }","meta":{"rootId":"o2js2zy2oae38db","id":"o2js2zy2oae38db"},"id":"ki9qnsb5tioj2l1","previousOperationId":"mzpicu8b5hd8ztr"}
{"type":"log","timestamp":1704992488333,"level":"debug","message":"Data item not defined for this template.","meta":{"rootId":"o2js2zy2oae38db","id":"o2js2zy2oae38db"},"id":"c30np5jacnjsr75","previousOperationId":"mzpicu8b5hd8ztr"}
{"type":"log","timestamp":1704992488334,"level":"debug","message":"Executing script usabi-data (beforeRender)","meta":{"rootId":"o2js2zy2oae38db","id":"o2js2zy2oae38db"},"id":"wdf1autapyoe26d","previousOperationId":"mzpicu8b5hd8ztr"}
{"type":"operationStart","subtype":"scriptsBeforeRender","name":"scripts beforeRender","timestamp":1704992488337,"id":"tx4jnpb79ftg2b0","previousEventId":"dvswmh41p1rtj2m","operationId":"8sqk3vxy7avn332","previousOperationId":"mzpicu8b5hd8ztr"}
{"type":"operationStart","subtype":"script","name":"scripts usabi-data","previousOperationId":"8sqk3vxy7avn332","timestamp":1704992488337,"id":"vm0kj4h2im70y6g","previousEventId":"tx4jnpb79ftg2b0","operationId":"fccz5ccwweyxxvj"}
{"type":"operationEnd","operationId":"fccz5ccwweyxxvj","timestamp":1704992488346,"id":"8oqs1oxleu44540","previousEventId":"dvswmh41p1rtj2m","previousOperationId":"mzpicu8b5hd8ztr"}
{"type":"log","timestamp":1704992488346,"level":"debug","message":"Executing script orders-script (beforeRender)","meta":{"rootId":"o2js2zy2oae38db","id":"o2js2zy2oae38db"},"id":"r4xxjurhkqbpw4q","previousOperationId":"mzpicu8b5hd8ztr"}
{"type":"operationStart","subtype":"script","name":"scripts orders-script","previousOperationId":"8sqk3vxy7avn332","timestamp":1704992488349,"id":"wzeo0rmmer2mub7","previousEventId":"8oqs1oxleu44540","operationId":"1xv2myaukicpewa"}
{"type":"operationEnd","operationId":"1xv2myaukicpewa","timestamp":1704992489740,"id":"emx8igxsuxs4sr6","previousEventId":"8oqs1oxleu44540","previousOperationId":"mzpicu8b5hd8ztr"}
{"type":"operationEnd","operationId":"8sqk3vxy7avn332","timestamp":1704992489740,"id":"zpgab2ue6g312ho","previousEventId":"emx8igxsuxs4sr6","previousOperationId":"mzpicu8b5hd8ztr"}
{"type":"log","timestamp":1704992489740,"level":"debug","message":"Base url not specified, skipping its injection.","meta":{"rootId":"o2js2zy2oae38db","id":"o2js2zy2oae38db"},"id":"mpe921hgcfhwdtv","previousOperationId":"8sqk3vxy7avn332"}
{"type":"operationStart","subtype":"engine","name":"handlebars","timestamp":1704992489740,"id":"zblitnhpqdlc4vw","previousEventId":"zpgab2ue6g312ho","operationId":"toh3b9v2guus4bq","previousOperationId":"8sqk3vxy7avn332"}
{"type":"log","timestamp":1704992489740,"level":"debug","message":"Rendering engine handlebars","meta":{"rootId":"o2js2zy2oae38db","id":"o2js2zy2oae38db"},"id":"hghgf4kcz17o62y","previousOperationId":"toh3b9v2guus4bq"}
{"type":"operationEnd","operationId":"toh3b9v2guus4bq","timestamp":1704992489747,"id":"rr6k66nvr135e2v","previousEventId":"zblitnhpqdlc4vw","previousOperationId":"toh3b9v2guus4bq"}
{"type":"operationStart","subtype":"recipe","name":"chrome-pdf","timestamp":1704992489747,"id":"otypc1g3f2a35po","previousEventId":"rr6k66nvr135e2v","operationId":"1rajxvh6pdbh6w5","previousOperationId":"toh3b9v2guus4bq"}
{"type":"log","timestamp":1704992489747,"level":"debug","message":"Executing recipe chrome-pdf","meta":{"rootId":"o2js2zy2oae38db","id":"o2js2zy2oae38db"},"id":"xzlb1ulfj3l0dyo","previousOperationId":"1rajxvh6pdbh6w5"}
{"type":"log","timestamp":1704992489748,"level":"debug","message":"Converting with chrome HeadlessChrome/117.0.5938.149 using chrome-pool strategy","meta":{"rootId":"o2js2zy2oae38db","id":"o2js2zy2oae38db"},"id":"o7vbvq6ux5e9ds7","previousOperationId":"1rajxvh6pdbh6w5"}
{"type":"log","timestamp":1704992489775,"level":"debug","message":"Page request: GET (document) file:///tmp/jsreport/autocleanup/2944da5b-1b51-4a6d-a299-e300d55ef574-chrome-pdf.html","meta":{"rootId":"o2js2zy2oae38db","id":"o2js2zy2oae38db"},"id":"a41wg1wzb6kmq5w","previousOperationId":"1rajxvh6pdbh6w5"}
{"type":"log","timestamp":1704992489782,"level":"debug","message":"Page request: GET (script) https://cdn.jsdelivr.net/npm/chart.js","meta":{"rootId":"o2js2zy2oae38db","id":"o2js2zy2oae38db"},"id":"7cyjqs6ojza5qzd","previousOperationId":"1rajxvh6pdbh6w5"}
{"type":"log","timestamp":1704992489782,"level":"debug","message":"Page request finished: GET (document) 200 file:///tmp/jsreport/autocleanup/2944da5b-1b51-4a6d-a299-e300d55ef574-chrome-pdf.html","meta":{"rootId":"o2js2zy2oae38db","id":"o2js2zy2oae38db"},"id":"mj3r5ohbaq59ro4","previousOperationId":"1rajxvh6pdbh6w5"}
{"type":"log","timestamp":1704992489785,"level":"debug","message":"Page request finished: GET (script) 200 https://cdn.jsdelivr.net/npm/chart.js","meta":{"rootId":"o2js2zy2oae38db","id":"o2js2zy2oae38db"},"id":"8vovm6fnoqy8i27","previousOperationId":"1rajxvh6pdbh6w5"}
{"type":"log","timestamp":1704992489788,"level":"warn","message":"Page error: Cannot read properties of undefined (reading 'legend') , stack: TypeError: Cannot read properties of undefined (reading 'legend')\n    at <anonymous> (file:///tmp/jsreport/autocleanup/2944da5b-1b51-4a6d-a299-e300d55ef574-chrome-pdf.html:22:29)","meta":{"rootId":"o2js2zy2oae38db","id":"o2js2zy2oae38db"},"id":"lbqe5ng5i3nzm39","previousOperationId":"1rajxvh6pdbh6w5"}
{"type":"log","timestamp":1704992489788,"level":"warn","message":"Page error: Cannot read properties of undefined (reading 'legend') , stack: TypeError: Cannot read properties of undefined (reading 'legend')\n    at <anonymous> (file:///tmp/jsreport/autocleanup/2944da5b-1b51-4a6d-a299-e300d55ef574-chrome-pdf.html:59:29)","meta":{"rootId":"o2js2zy2oae38db","id":"o2js2zy2oae38db"},"id":"7m6fnceqj5j415v","previousOperationId":"1rajxvh6pdbh6w5"}
{"type":"log","timestamp":1704992489788,"level":"warn","message":"Page error: Cannot read properties of undefined (reading 'legend') , stack: TypeError: Cannot read properties of undefined (reading 'legend')\n    at <anonymous> (file:///tmp/jsreport/autocleanup/2944da5b-1b51-4a6d-a299-e300d55ef574-chrome-pdf.html:95:29)","meta":{"rootId":"o2js2zy2oae38db","id":"o2js2zy2oae38db"},"id":"i6b58bvhiyxarce","previousOperationId":"1rajxvh6pdbh6w5"}
{"type":"log","timestamp":1704992489788,"level":"warn","message":"Page error: Cannot read properties of undefined (reading 'legend') , stack: TypeError: Cannot read properties of undefined (reading 'legend')\n    at <anonymous> (file:///tmp/jsreport/autocleanup/2944da5b-1b51-4a6d-a299-e300d55ef574-chrome-pdf.html:129:29)","meta":{"rootId":"o2js2zy2oae38db","id":"o2js2zy2oae38db"},"id":"x1wwkbzis5rubs2","previousOperationId":"1rajxvh6pdbh6w5"}
{"type":"log","timestamp":1704992489792,"level":"debug","message":"Running chrome with params {\"printBackground\":true,\"timeout\":58580,\"margin\":{}}","meta":{"rootId":"o2js2zy2oae38db","id":"o2js2zy2oae38db"},"id":"ue3vvhy0iq413yr","previousOperationId":"1rajxvh6pdbh6w5"}
{"type":"operationEnd","operationId":"1rajxvh6pdbh6w5","timestamp":1704992489801,"id":"6t7f27h4bike065","previousEventId":"otypc1g3f2a35po","previousOperationId":"1rajxvh6pdbh6w5"}
{"type":"log","timestamp":1704992489802,"level":"debug","message":"Skipping storing report.","meta":{"rootId":"o2js2zy2oae38db","id":"o2js2zy2oae38db"},"id":"qqithe4mfy8dcag","previousOperationId":"1rajxvh6pdbh6w5"}
{"type":"log","timestamp":1704992489802,"level":"info","message":"Rendering request 105 finished in 1475 ms","meta":{"rootId":"o2js2zy2oae38db","id":"o2js2zy2oae38db"},"id":"tomsqm5xa3ij31g","previousOperationId":"1rajxvh6pdbh6w5"}
{"type":"operationEnd","subtype":"render","operationId":"mzpicu8b5hd8ztr","timestamp":1704992489802,"id":"gmvkpob5vnvfc7n","previousEventId":"6t7f27h4bike065","previousOperationId":"1rajxvh6pdbh6w5"}
{"type":"operationEnd","doDiffs":false,"previousEventId":"d12x7wy37c4x4q2","previousOperationId":"4b3vs6xy35gnzxu","operationId":"4b3vs6xy35gnzxu","timestamp":1704992489806,"id":"m95ipnmuwnspjwj"}
