{"type":"operationStart","subtype":"profile","data":{"_id":"pMQsTx9sCFc0j8hH","timestamp":"2024-01-10T20:39:45.570Z","state":"queued","mode":"standard","creationDate":"2024-01-10T20:39:45.570Z","modificationDate":"2024-01-10T20:39:45.570Z","shortid":"towbRuA","$entitySet":"profiles"},"doDiffs":false,"timestamp":1704919185570,"id":"c2lv2w9o4nlwa50","previousOperationId":null,"operationId":"yvqfpsx5qmww657"}
{"type":"log","level":"info","message":"Render request 26 queued for execution and waiting for available worker","previousOperationId":"yvqfpsx5qmww657","timestamp":1704919185570,"id":"m1n724y4ws2mr7p"}
{"type":"operationStart","subtype":"render","name":"User_project","previousOperationId":"yvqfpsx5qmww657","timestamp":1704919185574,"id":"f576ju27b0w0s4j","previousEventId":"c2lv2w9o4nlwa50","operationId":"u30bg63f5mswcrj"}
{"type":"log","timestamp":1704919185574,"level":"info","message":"Starting rendering request 26","meta":{"rootId":"o2kiydm99fdbsjo","id":"o2kiydm99fdbsjo"},"id":"1gwscplpr2m5a34","previousOperationId":"u30bg63f5mswcrj"}
{"type":"log","timestamp":1704919185574,"level":"info","message":"Rendering template { name: User_project, recipe: chrome-pdf, engine: handlebars, preview: true }","meta":{"rootId":"o2kiydm99fdbsjo","id":"o2kiydm99fdbsjo"},"id":"q11fc0vqn2dnzad","previousOperationId":"u30bg63f5mswcrj"}
{"type":"log","timestamp":1704919185575,"level":"debug","message":"Data item not defined for this template.","meta":{"rootId":"o2kiydm99fdbsjo","id":"o2kiydm99fdbsjo"},"id":"4bdr5kn58arrvs3","previousOperationId":"u30bg63f5mswcrj"}
{"type":"log","timestamp":1704919185577,"level":"debug","message":"Executing script usabi-data (beforeRender)","meta":{"rootId":"o2kiydm99fdbsjo","id":"o2kiydm99fdbsjo"},"id":"xeshxnre5b17lqu","previousOperationId":"u30bg63f5mswcrj"}
{"type":"operationStart","subtype":"scriptsBeforeRender","name":"scripts beforeRender","timestamp":1704919185581,"id":"gn4uzlui01pm63t","previousEventId":"f576ju27b0w0s4j","operationId":"mz5mxgqyohelwsk","previousOperationId":"u30bg63f5mswcrj"}
{"type":"operationStart","subtype":"script","name":"scripts usabi-data","previousOperationId":"mz5mxgqyohelwsk","timestamp":1704919185581,"id":"ib6mwdv4bpv6j56","previousEventId":"gn4uzlui01pm63t","operationId":"33w15pnzt2uktj9"}
{"type":"operationEnd","operationId":"33w15pnzt2uktj9","timestamp":1704919185593,"id":"22s1j8v7ue9it0r","previousEventId":"f576ju27b0w0s4j","previousOperationId":"u30bg63f5mswcrj"}
{"type":"operationEnd","operationId":"mz5mxgqyohelwsk","timestamp":1704919185593,"id":"y787udswy6u5py0","previousEventId":"22s1j8v7ue9it0r","previousOperationId":"u30bg63f5mswcrj"}
{"type":"log","timestamp":1704919185593,"level":"debug","message":"Base url not specified, skipping its injection.","meta":{"rootId":"o2kiydm99fdbsjo","id":"o2kiydm99fdbsjo"},"id":"vj6elsjgx8aydku","previousOperationId":"mz5mxgqyohelwsk"}
{"type":"operationStart","subtype":"engine","name":"handlebars","timestamp":1704919185593,"id":"gmdodx7xfea0l56","previousEventId":"y787udswy6u5py0","operationId":"g1rao9yiait34bb","previousOperationId":"mz5mxgqyohelwsk"}
{"type":"log","timestamp":1704919185593,"level":"debug","message":"Rendering engine handlebars","meta":{"rootId":"o2kiydm99fdbsjo","id":"o2kiydm99fdbsjo"},"id":"lsom6oicz4nnhzp","previousOperationId":"g1rao9yiait34bb"}
{"type":"operationEnd","operationId":"g1rao9yiait34bb","timestamp":1704919185598,"id":"uiygkj16aadb7b3","previousEventId":"gmdodx7xfea0l56","previousOperationId":"g1rao9yiait34bb"}
{"type":"operationStart","subtype":"recipe","name":"chrome-pdf","timestamp":1704919185599,"id":"2qj1w58jc5dbmkj","previousEventId":"uiygkj16aadb7b3","operationId":"bn21f05lmp5c6g1","previousOperationId":"g1rao9yiait34bb"}
{"type":"log","timestamp":1704919185599,"level":"debug","message":"Executing recipe chrome-pdf","meta":{"rootId":"o2kiydm99fdbsjo","id":"o2kiydm99fdbsjo"},"id":"lti5gei9m9d7yrv","previousOperationId":"bn21f05lmp5c6g1"}
{"type":"log","timestamp":1704919185600,"level":"debug","message":"Converting with chrome HeadlessChrome/117.0.5938.149 using chrome-pool strategy","meta":{"rootId":"o2kiydm99fdbsjo","id":"o2kiydm99fdbsjo"},"id":"4t3edefubq9dh86","previousOperationId":"bn21f05lmp5c6g1"}
{"type":"log","timestamp":1704919185628,"level":"debug","message":"Page request: GET (document) file:///tmp/jsreport/autocleanup/75ddf7b0-46b0-4ecd-92f1-9efceed36c60-chrome-pdf.html","meta":{"rootId":"o2kiydm99fdbsjo","id":"o2kiydm99fdbsjo"},"id":"39lp9k09bsiat28","previousOperationId":"bn21f05lmp5c6g1"}
{"type":"log","timestamp":1704919185634,"level":"debug","message":"Page request finished: GET (document) 200 file:///tmp/jsreport/autocleanup/75ddf7b0-46b0-4ecd-92f1-9efceed36c60-chrome-pdf.html","meta":{"rootId":"o2kiydm99fdbsjo","id":"o2kiydm99fdbsjo"},"id":"i03qzbtbti6nay5","previousOperationId":"bn21f05lmp5c6g1"}
{"type":"log","timestamp":1704919185638,"level":"debug","message":"Running chrome with params {\"printBackground\":true,\"timeout\":59971,\"margin\":{}}","meta":{"rootId":"o2kiydm99fdbsjo","id":"o2kiydm99fdbsjo"},"id":"yi6c6q55m03g5k3","previousOperationId":"bn21f05lmp5c6g1"}
{"type":"operationEnd","operationId":"bn21f05lmp5c6g1","timestamp":1704919185648,"id":"a2zd5uc8r3vma6t","previousEventId":"2qj1w58jc5dbmkj","previousOperationId":"bn21f05lmp5c6g1"}
{"type":"log","timestamp":1704919185648,"level":"debug","message":"Skipping storing report.","meta":{"rootId":"o2kiydm99fdbsjo","id":"o2kiydm99fdbsjo"},"id":"hoojq474zxhqgm6","previousOperationId":"bn21f05lmp5c6g1"}
{"type":"log","timestamp":1704919185649,"level":"info","message":"Rendering request 26 finished in 79 ms","meta":{"rootId":"o2kiydm99fdbsjo","id":"o2kiydm99fdbsjo"},"id":"8rapw5e6nlnsvch","previousOperationId":"bn21f05lmp5c6g1"}
{"type":"operationEnd","subtype":"render","operationId":"u30bg63f5mswcrj","timestamp":1704919185649,"id":"b6wcavgohcnm8wf","previousEventId":"a2zd5uc8r3vma6t","previousOperationId":"bn21f05lmp5c6g1"}
{"type":"operationEnd","doDiffs":false,"previousEventId":"c2lv2w9o4nlwa50","previousOperationId":"yvqfpsx5qmww657","operationId":"yvqfpsx5qmww657","timestamp":1704919185652,"id":"saxdvxp4ionvyyp"}
