{"type":"operationStart","subtype":"profile","data":{"_id":"lDGWhjF9xnaL5jca","timestamp":"2024-01-11T16:14:09.569Z","state":"queued","mode":"standard","creationDate":"2024-01-11T16:14:09.572Z","modificationDate":"2024-01-11T16:14:09.572Z","shortid":"5jE0j0B","$entitySet":"profiles"},"doDiffs":false,"timestamp":1704989649570,"id":"h6k0plgs1matggn","previousOperationId":null,"operationId":"8ll47zskwlnn6ca"}
{"type":"log","level":"info","message":"Render request 15 queued for execution and waiting for available worker","previousOperationId":"8ll47zskwlnn6ca","timestamp":1704989649571,"id":"jvkb6z61chpgmf3"}
{"type":"operationStart","subtype":"render","name":"User_project","previousOperationId":"8ll47zskwlnn6ca","timestamp":1704989649590,"id":"7j7bb10b110yt4u","previousEventId":"h6k0plgs1matggn","operationId":"hqro4zv9moe7nx3"}
{"type":"log","timestamp":1704989649590,"level":"info","message":"Starting rendering request 15","meta":{"rootId":"o5fabmq02xhpfsp","id":"o5fabmq02xhpfsp"},"id":"02wwfhzdkf1uv92","previousOperationId":"hqro4zv9moe7nx3"}
{"type":"log","timestamp":1704989649590,"level":"info","message":"Rendering template { name: User_project, recipe: chrome-pdf, engine: handlebars, preview: true }","meta":{"rootId":"o5fabmq02xhpfsp","id":"o5fabmq02xhpfsp"},"id":"n9qlygp3j8k4x8w","previousOperationId":"hqro4zv9moe7nx3"}
{"type":"log","timestamp":1704989649591,"level":"debug","message":"Data item not defined for this template.","meta":{"rootId":"o5fabmq02xhpfsp","id":"o5fabmq02xhpfsp"},"id":"gq3eaw2rpjh6k7x","previousOperationId":"hqro4zv9moe7nx3"}
{"type":"log","timestamp":1704989649594,"level":"debug","message":"Executing script usabi-data (beforeRender)","meta":{"rootId":"o5fabmq02xhpfsp","id":"o5fabmq02xhpfsp"},"id":"bjyszbajoxacj6o","previousOperationId":"hqro4zv9moe7nx3"}
{"type":"operationStart","subtype":"scriptsBeforeRender","name":"scripts beforeRender","timestamp":1704989649602,"id":"bvdkw2c0cnjvnkc","previousEventId":"7j7bb10b110yt4u","operationId":"hxeerdxk45nhpol","previousOperationId":"hqro4zv9moe7nx3"}
{"type":"operationStart","subtype":"script","name":"scripts usabi-data","previousOperationId":"hxeerdxk45nhpol","timestamp":1704989649602,"id":"mjrwppg7k96tths","previousEventId":"bvdkw2c0cnjvnkc","operationId":"5fra63oxubnz4o4"}
{"type":"operationEnd","operationId":"5fra63oxubnz4o4","timestamp":1704989649621,"id":"qv9ybci1yc4zijt","previousEventId":"7j7bb10b110yt4u","previousOperationId":"hqro4zv9moe7nx3"}
{"type":"operationEnd","operationId":"hxeerdxk45nhpol","timestamp":1704989649621,"id":"49lwcmd3u4pa36v","previousEventId":"qv9ybci1yc4zijt","previousOperationId":"hqro4zv9moe7nx3"}
{"type":"log","timestamp":1704989649621,"level":"debug","message":"Base url not specified, skipping its injection.","meta":{"rootId":"o5fabmq02xhpfsp","id":"o5fabmq02xhpfsp"},"id":"jqh8s2nvzjf39z9","previousOperationId":"hxeerdxk45nhpol"}
{"type":"operationStart","subtype":"engine","name":"handlebars","timestamp":1704989649621,"id":"00gz344xd0jpp1p","previousEventId":"49lwcmd3u4pa36v","operationId":"63976rke50z5j4d","previousOperationId":"hxeerdxk45nhpol"}
{"type":"log","timestamp":1704989649621,"level":"debug","message":"Rendering engine handlebars","meta":{"rootId":"o5fabmq02xhpfsp","id":"o5fabmq02xhpfsp"},"id":"ahakps8seecfh20","previousOperationId":"63976rke50z5j4d"}
{"type":"operationEnd","operationId":"63976rke50z5j4d","timestamp":1704989649632,"id":"275n7vvr4h0ymvr","previousEventId":"00gz344xd0jpp1p","previousOperationId":"63976rke50z5j4d"}
{"type":"operationStart","subtype":"recipe","name":"chrome-pdf","timestamp":1704989649632,"id":"p9phg3phsoq3cnk","previousEventId":"275n7vvr4h0ymvr","operationId":"rcjrxp8ofp9afx7","previousOperationId":"63976rke50z5j4d"}
{"type":"log","timestamp":1704989649632,"level":"debug","message":"Executing recipe chrome-pdf","meta":{"rootId":"o5fabmq02xhpfsp","id":"o5fabmq02xhpfsp"},"id":"awy4o1k0bjiel9m","previousOperationId":"rcjrxp8ofp9afx7"}
{"type":"log","timestamp":1704989649634,"level":"debug","message":"Converting with chrome HeadlessChrome/117.0.5938.149 using chrome-pool strategy","meta":{"rootId":"o5fabmq02xhpfsp","id":"o5fabmq02xhpfsp"},"id":"sehrjt8w6fqppt2","previousOperationId":"rcjrxp8ofp9afx7"}
{"type":"log","timestamp":1704989649668,"level":"debug","message":"Page request: GET (document) file:///tmp/jsreport/autocleanup/44d36dac-1884-4ba7-bebf-4a2bc0ff584f-chrome-pdf.html","meta":{"rootId":"o5fabmq02xhpfsp","id":"o5fabmq02xhpfsp"},"id":"2fza36s6sory421","previousOperationId":"rcjrxp8ofp9afx7"}
{"type":"log","timestamp":1704989649676,"level":"debug","message":"Page request: GET (script) https://cdn.jsdelivr.net/npm/chart.js","meta":{"rootId":"o5fabmq02xhpfsp","id":"o5fabmq02xhpfsp"},"id":"oq2lpu9ltonyd1r","previousOperationId":"rcjrxp8ofp9afx7"}
{"type":"log","timestamp":1704989649676,"level":"debug","message":"Page request finished: GET (document) 200 file:///tmp/jsreport/autocleanup/44d36dac-1884-4ba7-bebf-4a2bc0ff584f-chrome-pdf.html","meta":{"rootId":"o5fabmq02xhpfsp","id":"o5fabmq02xhpfsp"},"id":"bqb6ndhxc4f4kvw","previousOperationId":"rcjrxp8ofp9afx7"}
{"type":"log","timestamp":1704989649679,"level":"debug","message":"Page request finished: GET (script) 200 https://cdn.jsdelivr.net/npm/chart.js","meta":{"rootId":"o5fabmq02xhpfsp","id":"o5fabmq02xhpfsp"},"id":"e21fjzt13bxtg95","previousOperationId":"rcjrxp8ofp9afx7"}
{"type":"log","timestamp":1704989649727,"level":"debug","message":"Running chrome with params {\"printBackground\":true,\"timeout\":59935,\"margin\":{}}","meta":{"rootId":"o5fabmq02xhpfsp","id":"o5fabmq02xhpfsp"},"id":"fxw9s7er4m7r1ic","previousOperationId":"rcjrxp8ofp9afx7"}
{"type":"operationEnd","operationId":"rcjrxp8ofp9afx7","timestamp":1704989649747,"id":"puo6dxse9xulssp","previousEventId":"p9phg3phsoq3cnk","previousOperationId":"rcjrxp8ofp9afx7"}
{"type":"log","timestamp":1704989649747,"level":"debug","message":"Skipping storing report.","meta":{"rootId":"o5fabmq02xhpfsp","id":"o5fabmq02xhpfsp"},"id":"6ik32f7zhkm17bj","previousOperationId":"rcjrxp8ofp9afx7"}
{"type":"log","timestamp":1704989649747,"level":"info","message":"Rendering request 15 finished in 179 ms","meta":{"rootId":"o5fabmq02xhpfsp","id":"o5fabmq02xhpfsp"},"id":"9ny7iy3ests5f9y","previousOperationId":"rcjrxp8ofp9afx7"}
{"type":"operationEnd","subtype":"render","operationId":"hqro4zv9moe7nx3","timestamp":1704989649747,"id":"yp0w394axzon6di","previousEventId":"puo6dxse9xulssp","previousOperationId":"rcjrxp8ofp9afx7"}
{"type":"operationEnd","doDiffs":false,"previousEventId":"h6k0plgs1matggn","previousOperationId":"8ll47zskwlnn6ca","operationId":"8ll47zskwlnn6ca","timestamp":1704989649750,"id":"9tyk6qyy95kge7q"}
