{"type":"operationStart","subtype":"profile","data":{"_id":"e3QAlgrlqqt3wbWc","timestamp":"2024-01-11T16:34:47.601Z","state":"queued","mode":"standard","creationDate":"2024-01-11T16:34:47.603Z","modificationDate":"2024-01-11T16:34:47.603Z","shortid":"sgAwdzL","$entitySet":"profiles"},"doDiffs":false,"timestamp":1704990887602,"id":"78jvd5scyy4n827","previousOperationId":null,"operationId":"iz0rr51pt0u9ud7"}
{"type":"log","level":"info","message":"Render request 52 queued for execution and waiting for available worker","previousOperationId":"iz0rr51pt0u9ud7","timestamp":1704990887602,"id":"uhohmhekmo2ypta"}
{"type":"operationStart","subtype":"render","name":"User_project","previousOperationId":"iz0rr51pt0u9ud7","timestamp":1704990887607,"id":"xpfsdk1vordksdi","previousEventId":"78jvd5scyy4n827","operationId":"i7r49f7i1laphr9"}
{"type":"log","timestamp":1704990887607,"level":"info","message":"Starting rendering request 52","meta":{"rootId":"obajeh2hwd5bdgt","id":"obajeh2hwd5bdgt"},"id":"scu7512ohpx0iqy","previousOperationId":"i7r49f7i1laphr9"}
{"type":"log","timestamp":1704990887607,"level":"info","message":"Rendering template { name: User_project, recipe: chrome-pdf, engine: handlebars, preview: true }","meta":{"rootId":"obajeh2hwd5bdgt","id":"obajeh2hwd5bdgt"},"id":"n669wdfe2ixxd3l","previousOperationId":"i7r49f7i1laphr9"}
{"type":"log","timestamp":1704990887607,"level":"debug","message":"Data item not defined for this template.","meta":{"rootId":"obajeh2hwd5bdgt","id":"obajeh2hwd5bdgt"},"id":"h86n2681oi22bmv","previousOperationId":"i7r49f7i1laphr9"}
{"type":"log","timestamp":1704990887609,"level":"debug","message":"Executing script usabi-data (beforeRender)","meta":{"rootId":"obajeh2hwd5bdgt","id":"obajeh2hwd5bdgt"},"id":"p26rrqv8u5xx328","previousOperationId":"i7r49f7i1laphr9"}
{"type":"operationStart","subtype":"scriptsBeforeRender","name":"scripts beforeRender","timestamp":1704990887612,"id":"b5skytiqtfn79wg","previousEventId":"xpfsdk1vordksdi","operationId":"w1sq8518iwje18s","previousOperationId":"i7r49f7i1laphr9"}
{"type":"operationStart","subtype":"script","name":"scripts usabi-data","previousOperationId":"w1sq8518iwje18s","timestamp":1704990887612,"id":"ll55nplpk2dvrjk","previousEventId":"b5skytiqtfn79wg","operationId":"nhcrucqejkyhiug"}
{"type":"operationEnd","operationId":"nhcrucqejkyhiug","timestamp":1704990887623,"id":"ij7fx36v459hp2h","previousEventId":"xpfsdk1vordksdi","previousOperationId":"i7r49f7i1laphr9"}
{"type":"operationEnd","operationId":"w1sq8518iwje18s","timestamp":1704990887623,"id":"sx7zuftp4qa1kxp","previousEventId":"ij7fx36v459hp2h","previousOperationId":"i7r49f7i1laphr9"}
{"type":"log","timestamp":1704990887623,"level":"debug","message":"Base url not specified, skipping its injection.","meta":{"rootId":"obajeh2hwd5bdgt","id":"obajeh2hwd5bdgt"},"id":"nirh9ez8mh2ptac","previousOperationId":"w1sq8518iwje18s"}
{"type":"operationStart","subtype":"engine","name":"handlebars","timestamp":1704990887623,"id":"rbsjx2vsdhi1rkd","previousEventId":"sx7zuftp4qa1kxp","operationId":"d07u9tdbnaobv07","previousOperationId":"w1sq8518iwje18s"}
{"type":"log","timestamp":1704990887623,"level":"debug","message":"Rendering engine handlebars","meta":{"rootId":"obajeh2hwd5bdgt","id":"obajeh2hwd5bdgt"},"id":"kbofc9skggtn7s9","previousOperationId":"d07u9tdbnaobv07"}
{"type":"operationEnd","operationId":"d07u9tdbnaobv07","timestamp":1704990887632,"id":"zd5aud44r9sjwva","previousEventId":"rbsjx2vsdhi1rkd","previousOperationId":"d07u9tdbnaobv07"}
{"type":"operationStart","subtype":"recipe","name":"chrome-pdf","timestamp":1704990887632,"id":"rfj842yfk0ast60","previousEventId":"zd5aud44r9sjwva","operationId":"hgzsj6rogotcsxc","previousOperationId":"d07u9tdbnaobv07"}
{"type":"log","timestamp":1704990887632,"level":"debug","message":"Executing recipe chrome-pdf","meta":{"rootId":"obajeh2hwd5bdgt","id":"obajeh2hwd5bdgt"},"id":"1yi80vs6b5r24an","previousOperationId":"hgzsj6rogotcsxc"}
{"type":"log","timestamp":1704990887634,"level":"debug","message":"Converting with chrome HeadlessChrome/117.0.5938.149 using chrome-pool strategy","meta":{"rootId":"obajeh2hwd5bdgt","id":"obajeh2hwd5bdgt"},"id":"te5h4xfd9zio99i","previousOperationId":"hgzsj6rogotcsxc"}
{"type":"log","timestamp":1704990887674,"level":"debug","message":"Page request: GET (document) file:///tmp/jsreport/autocleanup/1bebe74b-09ac-430b-bd66-67f7e15fa4e9-chrome-pdf.html","meta":{"rootId":"obajeh2hwd5bdgt","id":"obajeh2hwd5bdgt"},"id":"zznx1hs0n1kppii","previousOperationId":"hgzsj6rogotcsxc"}
{"type":"log","timestamp":1704990887682,"level":"debug","message":"Page request: GET (script) https://cdn.jsdelivr.net/npm/chart.js","meta":{"rootId":"obajeh2hwd5bdgt","id":"obajeh2hwd5bdgt"},"id":"apnapugg0mih3ln","previousOperationId":"hgzsj6rogotcsxc"}
{"type":"log","timestamp":1704990887682,"level":"debug","message":"Page request finished: GET (document) 200 file:///tmp/jsreport/autocleanup/1bebe74b-09ac-430b-bd66-67f7e15fa4e9-chrome-pdf.html","meta":{"rootId":"obajeh2hwd5bdgt","id":"obajeh2hwd5bdgt"},"id":"tvgbteh5yni964h","previousOperationId":"hgzsj6rogotcsxc"}
{"type":"log","timestamp":1704990887685,"level":"debug","message":"Page request finished: GET (script) 200 https://cdn.jsdelivr.net/npm/chart.js","meta":{"rootId":"obajeh2hwd5bdgt","id":"obajeh2hwd5bdgt"},"id":"1apgblc88d611m7","previousOperationId":"hgzsj6rogotcsxc"}
{"type":"log","timestamp":1704990887733,"level":"debug","message":"Running chrome with params {\"printBackground\":true,\"timeout\":59967,\"margin\":{}}","meta":{"rootId":"obajeh2hwd5bdgt","id":"obajeh2hwd5bdgt"},"id":"gea7e6gz9nbnyui","previousOperationId":"hgzsj6rogotcsxc"}
{"type":"operationEnd","operationId":"hgzsj6rogotcsxc","timestamp":1704990887754,"id":"rr3b5whprwmydmu","previousEventId":"rfj842yfk0ast60","previousOperationId":"hgzsj6rogotcsxc"}
{"type":"log","timestamp":1704990887754,"level":"debug","message":"Skipping storing report.","meta":{"rootId":"obajeh2hwd5bdgt","id":"obajeh2hwd5bdgt"},"id":"d1su7rpxbi2gwdf","previousOperationId":"hgzsj6rogotcsxc"}
{"type":"log","timestamp":1704990887754,"level":"info","message":"Rendering request 52 finished in 153 ms","meta":{"rootId":"obajeh2hwd5bdgt","id":"obajeh2hwd5bdgt"},"id":"itsq0z0os7h0vt9","previousOperationId":"hgzsj6rogotcsxc"}
{"type":"operationEnd","subtype":"render","operationId":"i7r49f7i1laphr9","timestamp":1704990887754,"id":"5so5rouniyxvz7s","previousEventId":"rr3b5whprwmydmu","previousOperationId":"hgzsj6rogotcsxc"}
{"type":"operationEnd","doDiffs":false,"previousEventId":"78jvd5scyy4n827","previousOperationId":"iz0rr51pt0u9ud7","operationId":"iz0rr51pt0u9ud7","timestamp":1704990887757,"id":"k1dt13ui11tg4o8"}
