{"type":"operationStart","subtype":"profile","data":{"_id":"IH8kOfy0CaqLU6SA","timestamp":"2024-01-11T18:07:03.728Z","state":"queued","mode":"standard","creationDate":"2024-01-11T18:07:03.730Z","modificationDate":"2024-01-11T18:07:03.730Z","shortid":"2vw4-Zt","$entitySet":"profiles"},"doDiffs":false,"timestamp":1704996423729,"id":"arj74v6yx653kzb","previousOperationId":null,"operationId":"gc0jqsykoboj68s"}
{"type":"log","level":"info","message":"Render request 43 queued for execution and waiting for available worker","previousOperationId":"gc0jqsykoboj68s","timestamp":1704996423729,"id":"zecz8ga5v40vfma"}
{"type":"operationStart","subtype":"render","name":"User_project","previousOperationId":"gc0jqsykoboj68s","timestamp":1704996423734,"id":"8mogxkqhase3gje","previousEventId":"arj74v6yx653kzb","operationId":"kthcett61sq84hc"}
{"type":"log","timestamp":1704996423734,"level":"info","message":"Starting rendering request 43","meta":{"rootId":"odllz2pp5b3rcxh","id":"odllz2pp5b3rcxh"},"id":"6ilskswy88jf40g","previousOperationId":"kthcett61sq84hc"}
{"type":"log","timestamp":1704996423734,"level":"info","message":"Rendering template { name: User_project, recipe: chrome-pdf, engine: handlebars, preview: true }","meta":{"rootId":"odllz2pp5b3rcxh","id":"odllz2pp5b3rcxh"},"id":"64qa70ketohd1su","previousOperationId":"kthcett61sq84hc"}
{"type":"log","timestamp":1704996423734,"level":"debug","message":"Data item not defined for this template.","meta":{"rootId":"odllz2pp5b3rcxh","id":"odllz2pp5b3rcxh"},"id":"u5fgulo6ts60moj","previousOperationId":"kthcett61sq84hc"}
{"type":"log","timestamp":1704996423736,"level":"debug","message":"Executing script usabi-data (beforeRender)","meta":{"rootId":"odllz2pp5b3rcxh","id":"odllz2pp5b3rcxh"},"id":"dtj08rxr4cpepjz","previousOperationId":"kthcett61sq84hc"}
{"type":"operationStart","subtype":"scriptsBeforeRender","name":"scripts beforeRender","timestamp":1704996423740,"id":"nfpiuyrebese6xe","previousEventId":"8mogxkqhase3gje","operationId":"n51k6yuy61pgqf8","previousOperationId":"kthcett61sq84hc"}
{"type":"operationStart","subtype":"script","name":"scripts usabi-data","previousOperationId":"n51k6yuy61pgqf8","timestamp":1704996423740,"id":"rah8zal4uemhsal","previousEventId":"nfpiuyrebese6xe","operationId":"tds7q718ygbs036"}
{"type":"operationEnd","operationId":"tds7q718ygbs036","timestamp":1704996423755,"id":"2rxiqveuxpu5o7v","previousEventId":"8mogxkqhase3gje","previousOperationId":"kthcett61sq84hc"}
{"type":"log","timestamp":1704996423755,"level":"debug","message":"Executing script orders-script (beforeRender)","meta":{"rootId":"odllz2pp5b3rcxh","id":"odllz2pp5b3rcxh"},"id":"pukun5loysnel3h","previousOperationId":"kthcett61sq84hc"}
{"type":"operationStart","subtype":"script","name":"scripts orders-script","previousOperationId":"n51k6yuy61pgqf8","timestamp":1704996423758,"id":"k7ksyoxq8vhz6im","previousEventId":"2rxiqveuxpu5o7v","operationId":"jyefdmrjowb6oxi"}
{"type":"operationEnd","operationId":"jyefdmrjowb6oxi","timestamp":1704996425025,"id":"bttetpv0w4it7ji","previousEventId":"2rxiqveuxpu5o7v","previousOperationId":"kthcett61sq84hc"}
{"type":"operationEnd","operationId":"n51k6yuy61pgqf8","timestamp":1704996425025,"id":"200o6wg39x1qu9p","previousEventId":"bttetpv0w4it7ji","previousOperationId":"kthcett61sq84hc"}
{"type":"log","timestamp":1704996425025,"level":"debug","message":"Base url not specified, skipping its injection.","meta":{"rootId":"odllz2pp5b3rcxh","id":"odllz2pp5b3rcxh"},"id":"aqcdmr1pl30rfv6","previousOperationId":"n51k6yuy61pgqf8"}
{"type":"operationStart","subtype":"engine","name":"handlebars","timestamp":1704996425025,"id":"njvek0bayoamn1y","previousEventId":"200o6wg39x1qu9p","operationId":"mhgokuwfmzj9je1","previousOperationId":"n51k6yuy61pgqf8"}
{"type":"log","timestamp":1704996425025,"level":"debug","message":"Rendering engine handlebars","meta":{"rootId":"odllz2pp5b3rcxh","id":"odllz2pp5b3rcxh"},"id":"tkfzjtco8tpdot2","previousOperationId":"mhgokuwfmzj9je1"}
{"type":"operationEnd","operationId":"mhgokuwfmzj9je1","timestamp":1704996425031,"id":"8wy33y3ejypvup5","previousEventId":"njvek0bayoamn1y","previousOperationId":"mhgokuwfmzj9je1"}
{"type":"operationStart","subtype":"recipe","name":"chrome-pdf","timestamp":1704996425032,"id":"v970qfzc5x5wcj3","previousEventId":"8wy33y3ejypvup5","operationId":"rb2bx9l1mqkiz1v","previousOperationId":"mhgokuwfmzj9je1"}
{"type":"log","timestamp":1704996425032,"level":"debug","message":"Executing recipe chrome-pdf","meta":{"rootId":"odllz2pp5b3rcxh","id":"odllz2pp5b3rcxh"},"id":"qa6qkva00c9xian","previousOperationId":"rb2bx9l1mqkiz1v"}
{"type":"log","timestamp":1704996425033,"level":"debug","message":"Converting with chrome HeadlessChrome/117.0.5938.149 using chrome-pool strategy","meta":{"rootId":"odllz2pp5b3rcxh","id":"odllz2pp5b3rcxh"},"id":"osg413f4cxj6s8s","previousOperationId":"rb2bx9l1mqkiz1v"}
{"type":"log","timestamp":1704996425062,"level":"debug","message":"Page request: GET (document) file:///tmp/jsreport/autocleanup/3887fadb-5d25-41af-b071-a4ebeaf466de-chrome-pdf.html","meta":{"rootId":"odllz2pp5b3rcxh","id":"odllz2pp5b3rcxh"},"id":"0gw3xuv0diitfzv","previousOperationId":"rb2bx9l1mqkiz1v"}
{"type":"log","timestamp":1704996425068,"level":"debug","message":"Page request: GET (script) https://cdn.jsdelivr.net/npm/chart.js","meta":{"rootId":"odllz2pp5b3rcxh","id":"odllz2pp5b3rcxh"},"id":"zg2b6dfudx59w6u","previousOperationId":"rb2bx9l1mqkiz1v"}
{"type":"log","timestamp":1704996425068,"level":"debug","message":"Page request finished: GET (document) 200 file:///tmp/jsreport/autocleanup/3887fadb-5d25-41af-b071-a4ebeaf466de-chrome-pdf.html","meta":{"rootId":"odllz2pp5b3rcxh","id":"odllz2pp5b3rcxh"},"id":"q6mkgjjs0ohxpp4","previousOperationId":"rb2bx9l1mqkiz1v"}
{"type":"log","timestamp":1704996425072,"level":"debug","message":"Page request finished: GET (script) 200 https://cdn.jsdelivr.net/npm/chart.js","meta":{"rootId":"odllz2pp5b3rcxh","id":"odllz2pp5b3rcxh"},"id":"igkt2hlbort77vm","previousOperationId":"rb2bx9l1mqkiz1v"}
{"type":"log","timestamp":1704996425074,"level":"warn","message":"Page error: Unexpected identifier 'Object' , stack: SyntaxError: Unexpected identifier 'Object'","meta":{"rootId":"odllz2pp5b3rcxh","id":"odllz2pp5b3rcxh"},"id":"lik4gjsm6r4uuow","previousOperationId":"rb2bx9l1mqkiz1v"}
{"type":"log","timestamp":1704996425078,"level":"debug","message":"Running chrome with params {\"printBackground\":true,\"timeout\":58696,\"margin\":{}}","meta":{"rootId":"odllz2pp5b3rcxh","id":"odllz2pp5b3rcxh"},"id":"2hrfl3y6ku5ui4u","previousOperationId":"rb2bx9l1mqkiz1v"}
{"type":"operationEnd","operationId":"rb2bx9l1mqkiz1v","timestamp":1704996425089,"id":"kal0p19ztzlhrxk","previousEventId":"v970qfzc5x5wcj3","previousOperationId":"rb2bx9l1mqkiz1v"}
{"type":"log","timestamp":1704996425089,"level":"debug","message":"Skipping storing report.","meta":{"rootId":"odllz2pp5b3rcxh","id":"odllz2pp5b3rcxh"},"id":"ocpuq14sdgaud0g","previousOperationId":"rb2bx9l1mqkiz1v"}
{"type":"log","timestamp":1704996425089,"level":"info","message":"Rendering request 43 finished in 1361 ms","meta":{"rootId":"odllz2pp5b3rcxh","id":"odllz2pp5b3rcxh"},"id":"kx5r610o0pbqtz9","previousOperationId":"rb2bx9l1mqkiz1v"}
{"type":"operationEnd","subtype":"render","operationId":"kthcett61sq84hc","timestamp":1704996425089,"id":"6rst1nyojxyox13","previousEventId":"kal0p19ztzlhrxk","previousOperationId":"rb2bx9l1mqkiz1v"}
{"type":"operationEnd","doDiffs":false,"previousEventId":"arj74v6yx653kzb","previousOperationId":"gc0jqsykoboj68s","operationId":"gc0jqsykoboj68s","timestamp":1704996425094,"id":"bg4lrbhuuje5tn7"}
