{"type":"operationStart","subtype":"profile","data":{"_id":"HpEHwS9nkQW3X1Iv","timestamp":"2024-01-11T18:45:30.497Z","state":"queued","mode":"standard","creationDate":"2024-01-11T18:45:30.497Z","modificationDate":"2024-01-11T18:45:30.497Z","shortid":"p5F6iOE","$entitySet":"profiles"},"doDiffs":false,"timestamp":1704998730497,"id":"8dmm4223n9unzi1","previousOperationId":null,"operationId":"n70c7d9vrjxhdga"}
{"type":"log","level":"info","message":"Render request 37 queued for execution and waiting for available worker","previousOperationId":"n70c7d9vrjxhdga","timestamp":1704998730497,"id":"gwxpxcsdzygcztg"}
{"type":"operationStart","subtype":"render","name":"User_project","previousOperationId":"n70c7d9vrjxhdga","timestamp":1704998730501,"id":"885ibxydqzkdjpu","previousEventId":"8dmm4223n9unzi1","operationId":"j3k0kjgwh54kamx"}
{"type":"log","timestamp":1704998730501,"level":"info","message":"Starting rendering request 37","meta":{"rootId":"oeyxygodcbz0x21","id":"oeyxygodcbz0x21"},"id":"9ik0sdytr7eb6hm","previousOperationId":"j3k0kjgwh54kamx"}
{"type":"log","timestamp":1704998730501,"level":"info","message":"Rendering template { name: User_project, recipe: chrome-pdf, engine: handlebars, preview: true }","meta":{"rootId":"oeyxygodcbz0x21","id":"oeyxygodcbz0x21"},"id":"vkajc93g015mw1i","previousOperationId":"j3k0kjgwh54kamx"}
{"type":"log","timestamp":1704998730501,"level":"debug","message":"Data item not defined for this template.","meta":{"rootId":"oeyxygodcbz0x21","id":"oeyxygodcbz0x21"},"id":"o9fe6fzpnp1p3u5","previousOperationId":"j3k0kjgwh54kamx"}
{"type":"log","timestamp":1704998730503,"level":"debug","message":"Executing script usabi-data (beforeRender)","meta":{"rootId":"oeyxygodcbz0x21","id":"oeyxygodcbz0x21"},"id":"s7tgso5p07t8s8y","previousOperationId":"j3k0kjgwh54kamx"}
{"type":"operationStart","subtype":"scriptsBeforeRender","name":"scripts beforeRender","timestamp":1704998730506,"id":"z8cvdou841b95un","previousEventId":"885ibxydqzkdjpu","operationId":"ygoery8jeuqpfjh","previousOperationId":"j3k0kjgwh54kamx"}
{"type":"operationStart","subtype":"script","name":"scripts usabi-data","previousOperationId":"ygoery8jeuqpfjh","timestamp":1704998730506,"id":"roeq9cycvj9hnn2","previousEventId":"z8cvdou841b95un","operationId":"bckwg7f7r68grpb"}
{"type":"operationEnd","operationId":"bckwg7f7r68grpb","timestamp":1704998730524,"id":"lqbjio7dnp5t755","previousEventId":"885ibxydqzkdjpu","previousOperationId":"j3k0kjgwh54kamx"}
{"type":"log","timestamp":1704998730524,"level":"debug","message":"Executing script orders-script (beforeRender)","meta":{"rootId":"oeyxygodcbz0x21","id":"oeyxygodcbz0x21"},"id":"egy9o8wrctlffzp","previousOperationId":"j3k0kjgwh54kamx"}
{"type":"operationStart","subtype":"script","name":"scripts orders-script","previousOperationId":"ygoery8jeuqpfjh","timestamp":1704998730528,"id":"a7d0ddafwwz405f","previousEventId":"lqbjio7dnp5t755","operationId":"2hedstf5fhembw2"}
{"type":"operationEnd","operationId":"2hedstf5fhembw2","timestamp":1704998731820,"id":"gcwf4fpnuc3j49a","previousEventId":"lqbjio7dnp5t755","previousOperationId":"j3k0kjgwh54kamx"}
{"type":"operationEnd","operationId":"ygoery8jeuqpfjh","timestamp":1704998731820,"id":"fxb6w6ncxjjat1b","previousEventId":"gcwf4fpnuc3j49a","previousOperationId":"j3k0kjgwh54kamx"}
{"type":"log","timestamp":1704998731820,"level":"debug","message":"Base url not specified, skipping its injection.","meta":{"rootId":"oeyxygodcbz0x21","id":"oeyxygodcbz0x21"},"id":"s92jqflaepoltk2","previousOperationId":"ygoery8jeuqpfjh"}
{"type":"operationStart","subtype":"engine","name":"handlebars","timestamp":1704998731820,"id":"x02xtpzncrhzvv7","previousEventId":"fxb6w6ncxjjat1b","operationId":"2luidt9chihh6ac","previousOperationId":"ygoery8jeuqpfjh"}
{"type":"log","timestamp":1704998731820,"level":"debug","message":"Rendering engine handlebars","meta":{"rootId":"oeyxygodcbz0x21","id":"oeyxygodcbz0x21"},"id":"r3l6rxy24f002b7","previousOperationId":"2luidt9chihh6ac"}
{"type":"operationEnd","operationId":"2luidt9chihh6ac","timestamp":1704998731825,"id":"nj7ji7bqck0qsgl","previousEventId":"x02xtpzncrhzvv7","previousOperationId":"2luidt9chihh6ac"}
{"type":"operationStart","subtype":"recipe","name":"chrome-pdf","timestamp":1704998731825,"id":"lo5bzzw67udhco9","previousEventId":"nj7ji7bqck0qsgl","operationId":"1ipixexxf82xrqm","previousOperationId":"2luidt9chihh6ac"}
{"type":"log","timestamp":1704998731825,"level":"debug","message":"Executing recipe chrome-pdf","meta":{"rootId":"oeyxygodcbz0x21","id":"oeyxygodcbz0x21"},"id":"r1b40gur6kfyfm9","previousOperationId":"1ipixexxf82xrqm"}
{"type":"log","timestamp":1704998731827,"level":"debug","message":"Converting with chrome HeadlessChrome/117.0.5938.149 using chrome-pool strategy","meta":{"rootId":"oeyxygodcbz0x21","id":"oeyxygodcbz0x21"},"id":"g7jr6wikigd5ekq","previousOperationId":"1ipixexxf82xrqm"}
{"type":"log","timestamp":1704998731857,"level":"debug","message":"Page request: GET (document) file:///tmp/jsreport/autocleanup/73528e43-4a0a-45a6-8950-bb04d575e7c9-chrome-pdf.html","meta":{"rootId":"oeyxygodcbz0x21","id":"oeyxygodcbz0x21"},"id":"fau69m60ozlok6v","previousOperationId":"1ipixexxf82xrqm"}
{"type":"log","timestamp":1704998731866,"level":"debug","message":"Page request: GET (script) https://cdn.jsdelivr.net/npm/chart.js","meta":{"rootId":"oeyxygodcbz0x21","id":"oeyxygodcbz0x21"},"id":"v0k93ushq2wvv9k","previousOperationId":"1ipixexxf82xrqm"}
{"type":"log","timestamp":1704998731866,"level":"debug","message":"Page request finished: GET (document) 200 file:///tmp/jsreport/autocleanup/73528e43-4a0a-45a6-8950-bb04d575e7c9-chrome-pdf.html","meta":{"rootId":"oeyxygodcbz0x21","id":"oeyxygodcbz0x21"},"id":"y1rtbi509njj5j2","previousOperationId":"1ipixexxf82xrqm"}
{"type":"log","timestamp":1704998731870,"level":"debug","message":"Page request finished: GET (script) 200 https://cdn.jsdelivr.net/npm/chart.js","meta":{"rootId":"oeyxygodcbz0x21","id":"oeyxygodcbz0x21"},"id":"i13d6yplf22bej1","previousOperationId":"1ipixexxf82xrqm"}
{"type":"log","timestamp":1704998731912,"level":"debug","message":"Running chrome with params {\"printBackground\":true,\"timeout\":58670,\"margin\":{}}","meta":{"rootId":"oeyxygodcbz0x21","id":"oeyxygodcbz0x21"},"id":"wlsq82w2fiprg5e","previousOperationId":"1ipixexxf82xrqm"}
{"type":"operationEnd","operationId":"1ipixexxf82xrqm","timestamp":1704998731961,"id":"mmkkn4m941ge6zt","previousEventId":"lo5bzzw67udhco9","previousOperationId":"1ipixexxf82xrqm"}
{"type":"log","timestamp":1704998731961,"level":"debug","message":"Skipping storing report.","meta":{"rootId":"oeyxygodcbz0x21","id":"oeyxygodcbz0x21"},"id":"lcbogmxulqgfv0i","previousOperationId":"1ipixexxf82xrqm"}
{"type":"log","timestamp":1704998731961,"level":"info","message":"Rendering request 37 finished in 1465 ms","meta":{"rootId":"oeyxygodcbz0x21","id":"oeyxygodcbz0x21"},"id":"3apbprubx1hi3by","previousOperationId":"1ipixexxf82xrqm"}
{"type":"operationEnd","subtype":"render","operationId":"j3k0kjgwh54kamx","timestamp":1704998731961,"id":"i9vu5jcjtm1ozso","previousEventId":"mmkkn4m941ge6zt","previousOperationId":"1ipixexxf82xrqm"}
{"type":"operationEnd","doDiffs":false,"previousEventId":"8dmm4223n9unzi1","previousOperationId":"n70c7d9vrjxhdga","operationId":"n70c7d9vrjxhdga","timestamp":1704998731963,"id":"4kitt522jk93gqf"}
