{"type":"operationStart","subtype":"profile","data":{"_id":"V7iR7u71aLpFepeb","timestamp":"2024-01-11T17:20:59.447Z","state":"queued","mode":"standard","creationDate":"2024-01-11T17:20:59.448Z","modificationDate":"2024-01-11T17:20:59.448Z","shortid":"D7jBLMK","$entitySet":"profiles"},"doDiffs":false,"timestamp":1704993659448,"id":"waxjjg5ax47kabv","previousOperationId":null,"operationId":"pzzge5ipi9iecmw"}
{"type":"log","level":"info","message":"Render request 134 queued for execution and waiting for available worker","previousOperationId":"pzzge5ipi9iecmw","timestamp":1704993659448,"id":"6ey6s8lmet68vqr"}
{"type":"operationStart","subtype":"render","name":"User_project","previousOperationId":"pzzge5ipi9iecmw","timestamp":1704993659452,"id":"6smq3q9zlxq2llq","previousEventId":"waxjjg5ax47kabv","operationId":"wc1f88r03zgcuin"}
{"type":"log","timestamp":1704993659452,"level":"info","message":"Starting rendering request 134","meta":{"rootId":"oh369rh007gomip","id":"oh369rh007gomip"},"id":"sc52eye6vqka47t","previousOperationId":"wc1f88r03zgcuin"}
{"type":"log","timestamp":1704993659452,"level":"info","message":"Rendering template { name: User_project, recipe: chrome-pdf, engine: handlebars, preview: true }","meta":{"rootId":"oh369rh007gomip","id":"oh369rh007gomip"},"id":"gc1aigpnanqq2zb","previousOperationId":"wc1f88r03zgcuin"}
{"type":"log","timestamp":1704993659452,"level":"debug","message":"Data item not defined for this template.","meta":{"rootId":"oh369rh007gomip","id":"oh369rh007gomip"},"id":"n8uaubd8aieks6z","previousOperationId":"wc1f88r03zgcuin"}
{"type":"log","timestamp":1704993659454,"level":"debug","message":"Executing script usabi-data (beforeRender)","meta":{"rootId":"oh369rh007gomip","id":"oh369rh007gomip"},"id":"9qdzfm3m1phc06z","previousOperationId":"wc1f88r03zgcuin"}
{"type":"operationStart","subtype":"scriptsBeforeRender","name":"scripts beforeRender","timestamp":1704993659461,"id":"244shuabe1eoan8","previousEventId":"6smq3q9zlxq2llq","operationId":"yzoa4yn2npopr4t","previousOperationId":"wc1f88r03zgcuin"}
{"type":"operationStart","subtype":"script","name":"scripts usabi-data","previousOperationId":"yzoa4yn2npopr4t","timestamp":1704993659461,"id":"xsx5u43iaq601jf","previousEventId":"244shuabe1eoan8","operationId":"3udxv3h3o0btape"}
{"type":"operationEnd","operationId":"3udxv3h3o0btape","timestamp":1704993659483,"id":"zw5ih63040y8wwx","previousEventId":"6smq3q9zlxq2llq","previousOperationId":"wc1f88r03zgcuin"}
{"type":"log","timestamp":1704993659483,"level":"debug","message":"Executing script orders-script (beforeRender)","meta":{"rootId":"oh369rh007gomip","id":"oh369rh007gomip"},"id":"ka91pflhpzhx0qd","previousOperationId":"wc1f88r03zgcuin"}
{"type":"operationStart","subtype":"script","name":"scripts orders-script","previousOperationId":"yzoa4yn2npopr4t","timestamp":1704993659486,"id":"6oicothr93zboqb","previousEventId":"zw5ih63040y8wwx","operationId":"3sacylcu71q8jsz"}
{"type":"operationEnd","operationId":"3sacylcu71q8jsz","timestamp":1704993661490,"id":"6eswhxl5pdojg3a","previousEventId":"zw5ih63040y8wwx","previousOperationId":"wc1f88r03zgcuin"}
{"type":"operationEnd","operationId":"yzoa4yn2npopr4t","timestamp":1704993661490,"id":"9ciz2yr2o63sbb7","previousEventId":"6eswhxl5pdojg3a","previousOperationId":"wc1f88r03zgcuin"}
{"type":"log","timestamp":1704993661490,"level":"debug","message":"Base url not specified, skipping its injection.","meta":{"rootId":"oh369rh007gomip","id":"oh369rh007gomip"},"id":"pg5r7r030u0q7d7","previousOperationId":"yzoa4yn2npopr4t"}
{"type":"operationStart","subtype":"engine","name":"handlebars","timestamp":1704993661491,"id":"r7px082xxshj5h2","previousEventId":"9ciz2yr2o63sbb7","operationId":"dr5jb31ovx8hbkj","previousOperationId":"yzoa4yn2npopr4t"}
{"type":"log","timestamp":1704993661491,"level":"debug","message":"Rendering engine handlebars","meta":{"rootId":"oh369rh007gomip","id":"oh369rh007gomip"},"id":"co065vn0g12eb29","previousOperationId":"dr5jb31ovx8hbkj"}
{"type":"operationEnd","operationId":"dr5jb31ovx8hbkj","timestamp":1704993661502,"id":"adsr5kcknw1loyb","previousEventId":"r7px082xxshj5h2","previousOperationId":"dr5jb31ovx8hbkj"}
{"type":"operationStart","subtype":"recipe","name":"chrome-pdf","timestamp":1704993661502,"id":"mqh8891csee07w9","previousEventId":"adsr5kcknw1loyb","operationId":"9h6lr90xr7icimk","previousOperationId":"dr5jb31ovx8hbkj"}
{"type":"log","timestamp":1704993661502,"level":"debug","message":"Executing recipe chrome-pdf","meta":{"rootId":"oh369rh007gomip","id":"oh369rh007gomip"},"id":"yfl614oq7oq04g7","previousOperationId":"9h6lr90xr7icimk"}
{"type":"log","timestamp":1704993661504,"level":"debug","message":"Converting with chrome HeadlessChrome/117.0.5938.149 using chrome-pool strategy","meta":{"rootId":"oh369rh007gomip","id":"oh369rh007gomip"},"id":"39y2vd44rq5733g","previousOperationId":"9h6lr90xr7icimk"}
{"type":"log","timestamp":1704993661537,"level":"debug","message":"Page request: GET (document) file:///tmp/jsreport/autocleanup/6d8489ec-1c54-42ca-a272-c6bcf606a218-chrome-pdf.html","meta":{"rootId":"oh369rh007gomip","id":"oh369rh007gomip"},"id":"g9kcq4nm4s8l7ot","previousOperationId":"9h6lr90xr7icimk"}
{"type":"log","timestamp":1704993661544,"level":"debug","message":"Page request: GET (script) https://cdn.jsdelivr.net/npm/chart.js","meta":{"rootId":"oh369rh007gomip","id":"oh369rh007gomip"},"id":"mbduznz2q2xlvq9","previousOperationId":"9h6lr90xr7icimk"}
{"type":"log","timestamp":1704993661544,"level":"debug","message":"Page request finished: GET (document) 200 file:///tmp/jsreport/autocleanup/6d8489ec-1c54-42ca-a272-c6bcf606a218-chrome-pdf.html","meta":{"rootId":"oh369rh007gomip","id":"oh369rh007gomip"},"id":"xwq82rv07die4l3","previousOperationId":"9h6lr90xr7icimk"}
{"type":"log","timestamp":1704993661547,"level":"debug","message":"Page request finished: GET (script) 200 https://cdn.jsdelivr.net/npm/chart.js","meta":{"rootId":"oh369rh007gomip","id":"oh369rh007gomip"},"id":"vry71j2nyw7yox0","previousOperationId":"9h6lr90xr7icimk"}
{"type":"log","timestamp":1704993661550,"level":"warn","message":"Page error: Unexpected identifier 'Object' , stack: SyntaxError: Unexpected identifier 'Object'","meta":{"rootId":"oh369rh007gomip","id":"oh369rh007gomip"},"id":"zuf1op7qfm59puv","previousOperationId":"9h6lr90xr7icimk"}
{"type":"log","timestamp":1704993661554,"level":"debug","message":"Running chrome with params {\"printBackground\":true,\"timeout\":57944,\"margin\":{}}","meta":{"rootId":"oh369rh007gomip","id":"oh369rh007gomip"},"id":"hu2zflfyyxtexrk","previousOperationId":"9h6lr90xr7icimk"}
{"type":"operationEnd","operationId":"9h6lr90xr7icimk","timestamp":1704993661564,"id":"eebsfjm6epfcjpy","previousEventId":"mqh8891csee07w9","previousOperationId":"9h6lr90xr7icimk"}
{"type":"log","timestamp":1704993661564,"level":"debug","message":"Skipping storing report.","meta":{"rootId":"oh369rh007gomip","id":"oh369rh007gomip"},"id":"114y4lqvjpv41su","previousOperationId":"9h6lr90xr7icimk"}
{"type":"log","timestamp":1704993661564,"level":"info","message":"Rendering request 134 finished in 2117 ms","meta":{"rootId":"oh369rh007gomip","id":"oh369rh007gomip"},"id":"eaauwfh61a6w4uu","previousOperationId":"9h6lr90xr7icimk"}
{"type":"operationEnd","subtype":"render","operationId":"wc1f88r03zgcuin","timestamp":1704993661564,"id":"3l8itn116ttv4a3","previousEventId":"eebsfjm6epfcjpy","previousOperationId":"9h6lr90xr7icimk"}
{"type":"operationEnd","doDiffs":false,"previousEventId":"waxjjg5ax47kabv","previousOperationId":"pzzge5ipi9iecmw","operationId":"pzzge5ipi9iecmw","timestamp":1704993661568,"id":"9v4l0nw2rujmwda"}
