{"type":"operationStart","subtype":"profile","data":{"_id":"9V60uiULd8RumT2F","timestamp":"2024-01-11T18:07:50.367Z","state":"queued","mode":"standard","creationDate":"2024-01-11T18:07:50.367Z","modificationDate":"2024-01-11T18:07:50.367Z","shortid":"SElCSQt","$entitySet":"profiles"},"doDiffs":false,"timestamp":1704996470367,"id":"m0j9fb2kvlhn9kx","previousOperationId":null,"operationId":"oz0jwj8nmrjc7uy"}
{"type":"log","level":"info","message":"Render request 45 queued for execution and waiting for available worker","previousOperationId":"oz0jwj8nmrjc7uy","timestamp":1704996470367,"id":"br3upkkpgj9h6rc"}
{"type":"operationStart","subtype":"render","name":"User_project","previousOperationId":"oz0jwj8nmrjc7uy","timestamp":1704996470371,"id":"rx30li3rtfzysh3","previousEventId":"m0j9fb2kvlhn9kx","operationId":"ueat8pchekp108r"}
{"type":"log","timestamp":1704996470371,"level":"info","message":"Starting rendering request 45","meta":{"rootId":"olggw4ljejns4yy","id":"olggw4ljejns4yy"},"id":"915fg2hbsesfxih","previousOperationId":"ueat8pchekp108r"}
{"type":"log","timestamp":1704996470371,"level":"info","message":"Rendering template { name: User_project, recipe: chrome-pdf, engine: handlebars, preview: true }","meta":{"rootId":"olggw4ljejns4yy","id":"olggw4ljejns4yy"},"id":"ar58gtllnw885ua","previousOperationId":"ueat8pchekp108r"}
{"type":"log","timestamp":1704996470372,"level":"debug","message":"Data item not defined for this template.","meta":{"rootId":"olggw4ljejns4yy","id":"olggw4ljejns4yy"},"id":"fyqq4ns4w4unqme","previousOperationId":"ueat8pchekp108r"}
{"type":"log","timestamp":1704996470374,"level":"debug","message":"Executing script usabi-data (beforeRender)","meta":{"rootId":"olggw4ljejns4yy","id":"olggw4ljejns4yy"},"id":"dm1dv96t1bmwbdr","previousOperationId":"ueat8pchekp108r"}
{"type":"operationStart","subtype":"scriptsBeforeRender","name":"scripts beforeRender","timestamp":1704996470377,"id":"bdi0z3t3039fis9","previousEventId":"rx30li3rtfzysh3","operationId":"8o3suptwe6xnnpt","previousOperationId":"ueat8pchekp108r"}
{"type":"operationStart","subtype":"script","name":"scripts usabi-data","previousOperationId":"8o3suptwe6xnnpt","timestamp":1704996470377,"id":"phao72qaifrvlva","previousEventId":"bdi0z3t3039fis9","operationId":"rlcwx045tlf2vyc"}
{"type":"operationEnd","operationId":"rlcwx045tlf2vyc","timestamp":1704996470392,"id":"07lh7mm5ypt81e9","previousEventId":"rx30li3rtfzysh3","previousOperationId":"ueat8pchekp108r"}
{"type":"log","timestamp":1704996470392,"level":"debug","message":"Executing script orders-script (beforeRender)","meta":{"rootId":"olggw4ljejns4yy","id":"olggw4ljejns4yy"},"id":"awmt9lrbpzo0svm","previousOperationId":"ueat8pchekp108r"}
{"type":"operationStart","subtype":"script","name":"scripts orders-script","previousOperationId":"8o3suptwe6xnnpt","timestamp":1704996470396,"id":"3p46a7siyosr4c2","previousEventId":"07lh7mm5ypt81e9","operationId":"j3pg57isgrnlubk"}
{"type":"operationEnd","operationId":"j3pg57isgrnlubk","timestamp":1704996471683,"id":"808ucyqns50mwen","previousEventId":"07lh7mm5ypt81e9","previousOperationId":"ueat8pchekp108r"}
{"type":"operationEnd","operationId":"8o3suptwe6xnnpt","timestamp":1704996471683,"id":"usaobnud3n8ndoh","previousEventId":"808ucyqns50mwen","previousOperationId":"ueat8pchekp108r"}
{"type":"log","timestamp":1704996471683,"level":"debug","message":"Base url not specified, skipping its injection.","meta":{"rootId":"olggw4ljejns4yy","id":"olggw4ljejns4yy"},"id":"ts16kwgogifvmkp","previousOperationId":"8o3suptwe6xnnpt"}
{"type":"operationStart","subtype":"engine","name":"handlebars","timestamp":1704996471683,"id":"oboz75pgxf3sxek","previousEventId":"usaobnud3n8ndoh","operationId":"wq47zbw7grzmbax","previousOperationId":"8o3suptwe6xnnpt"}
{"type":"log","timestamp":1704996471683,"level":"debug","message":"Rendering engine handlebars","meta":{"rootId":"olggw4ljejns4yy","id":"olggw4ljejns4yy"},"id":"uqowh6nwr1mqwfk","previousOperationId":"wq47zbw7grzmbax"}
{"type":"operationEnd","operationId":"wq47zbw7grzmbax","timestamp":1704996471688,"id":"i1v10vbj8igmzr6","previousEventId":"oboz75pgxf3sxek","previousOperationId":"wq47zbw7grzmbax"}
{"type":"operationStart","subtype":"recipe","name":"chrome-pdf","timestamp":1704996471688,"id":"0chviu4hprbu88t","previousEventId":"i1v10vbj8igmzr6","operationId":"p93sdmfm2ti2j2q","previousOperationId":"wq47zbw7grzmbax"}
{"type":"log","timestamp":1704996471688,"level":"debug","message":"Executing recipe chrome-pdf","meta":{"rootId":"olggw4ljejns4yy","id":"olggw4ljejns4yy"},"id":"3kpqn4gyxt6aj71","previousOperationId":"p93sdmfm2ti2j2q"}
{"type":"log","timestamp":1704996471690,"level":"debug","message":"Converting with chrome HeadlessChrome/117.0.5938.149 using chrome-pool strategy","meta":{"rootId":"olggw4ljejns4yy","id":"olggw4ljejns4yy"},"id":"rgg771rkhsab2b6","previousOperationId":"p93sdmfm2ti2j2q"}
{"type":"log","timestamp":1704996471728,"level":"debug","message":"Page request: GET (document) file:///tmp/jsreport/autocleanup/2e22455b-60ce-402a-8614-b446586feb80-chrome-pdf.html","meta":{"rootId":"olggw4ljejns4yy","id":"olggw4ljejns4yy"},"id":"kd4jjffb6mitil6","previousOperationId":"p93sdmfm2ti2j2q"}
{"type":"log","timestamp":1704996471736,"level":"debug","message":"Page request: GET (script) https://cdn.jsdelivr.net/npm/chart.js","meta":{"rootId":"olggw4ljejns4yy","id":"olggw4ljejns4yy"},"id":"h8v894a6z96lriq","previousOperationId":"p93sdmfm2ti2j2q"}
{"type":"log","timestamp":1704996471737,"level":"debug","message":"Page request finished: GET (document) 200 file:///tmp/jsreport/autocleanup/2e22455b-60ce-402a-8614-b446586feb80-chrome-pdf.html","meta":{"rootId":"olggw4ljejns4yy","id":"olggw4ljejns4yy"},"id":"0fkfhowxn5n8ydc","previousOperationId":"p93sdmfm2ti2j2q"}
{"type":"log","timestamp":1704996471741,"level":"debug","message":"Page request finished: GET (script) 200 https://cdn.jsdelivr.net/npm/chart.js","meta":{"rootId":"olggw4ljejns4yy","id":"olggw4ljejns4yy"},"id":"87mo64gqjey4uw3","previousOperationId":"p93sdmfm2ti2j2q"}
{"type":"log","timestamp":1704996471797,"level":"debug","message":"Running chrome with params {\"printBackground\":true,\"timeout\":58678,\"margin\":{}}","meta":{"rootId":"olggw4ljejns4yy","id":"olggw4ljejns4yy"},"id":"kc9p3x6xhninxuz","previousOperationId":"p93sdmfm2ti2j2q"}
{"type":"operationEnd","operationId":"p93sdmfm2ti2j2q","timestamp":1704996471842,"id":"3r9ve959ntx03iu","previousEventId":"0chviu4hprbu88t","previousOperationId":"p93sdmfm2ti2j2q"}
{"type":"log","timestamp":1704996471842,"level":"debug","message":"Skipping storing report.","meta":{"rootId":"olggw4ljejns4yy","id":"olggw4ljejns4yy"},"id":"xzgd9ktmvefkhgu","previousOperationId":"p93sdmfm2ti2j2q"}
{"type":"log","timestamp":1704996471842,"level":"info","message":"Rendering request 45 finished in 1475 ms","meta":{"rootId":"olggw4ljejns4yy","id":"olggw4ljejns4yy"},"id":"edupcfz6ijj55kn","previousOperationId":"p93sdmfm2ti2j2q"}
{"type":"operationEnd","subtype":"render","operationId":"ueat8pchekp108r","timestamp":1704996471842,"id":"64zt1ydtqm0ezh8","previousEventId":"3r9ve959ntx03iu","previousOperationId":"p93sdmfm2ti2j2q"}
{"type":"operationEnd","doDiffs":false,"previousEventId":"m0j9fb2kvlhn9kx","previousOperationId":"oz0jwj8nmrjc7uy","operationId":"oz0jwj8nmrjc7uy","timestamp":1704996471844,"id":"85omk596kxbeikg"}
