{"type":"operationStart","subtype":"profile","data":{"_id":"t6GR6IVOWRWBU219","timestamp":"2024-01-11T16:37:44.867Z","state":"queued","mode":"standard","creationDate":"2024-01-11T16:37:44.868Z","modificationDate":"2024-01-11T16:37:44.868Z","shortid":"e0p94oA","$entitySet":"profiles"},"doDiffs":false,"timestamp":1704991064867,"id":"ptxl34hx13xvoye","previousOperationId":null,"operationId":"7tg4subcgz01orc"}
{"type":"log","level":"info","message":"Render request 58 queued for execution and waiting for available worker","previousOperationId":"7tg4subcgz01orc","timestamp":1704991064867,"id":"hmvcdrbe97x1o5i"}
{"type":"operationStart","subtype":"render","name":"User_project","previousOperationId":"7tg4subcgz01orc","timestamp":1704991064871,"id":"93xvr49o4vtffjp","previousEventId":"ptxl34hx13xvoye","operationId":"cjmwxku3eij9tyx"}
{"type":"log","timestamp":1704991064871,"level":"info","message":"Starting rendering request 58","meta":{"rootId":"oyekqqzo6qbpwk1","id":"oyekqqzo6qbpwk1"},"id":"kbizlgcuxdzd7wj","previousOperationId":"cjmwxku3eij9tyx"}
{"type":"log","timestamp":1704991064871,"level":"info","message":"Rendering template { name: User_project, recipe: chrome-pdf, engine: handlebars, preview: true }","meta":{"rootId":"oyekqqzo6qbpwk1","id":"oyekqqzo6qbpwk1"},"id":"elx0u0e7h8kobgj","previousOperationId":"cjmwxku3eij9tyx"}
{"type":"log","timestamp":1704991064872,"level":"debug","message":"Data item not defined for this template.","meta":{"rootId":"oyekqqzo6qbpwk1","id":"oyekqqzo6qbpwk1"},"id":"212l17fkp0kjkbv","previousOperationId":"cjmwxku3eij9tyx"}
{"type":"log","timestamp":1704991064873,"level":"debug","message":"Executing script usabi-data (beforeRender)","meta":{"rootId":"oyekqqzo6qbpwk1","id":"oyekqqzo6qbpwk1"},"id":"0yys2yjxh1fzdqm","previousOperationId":"cjmwxku3eij9tyx"}
{"type":"operationStart","subtype":"scriptsBeforeRender","name":"scripts beforeRender","timestamp":1704991064875,"id":"ax7q8z8agtfp9fk","previousEventId":"93xvr49o4vtffjp","operationId":"d3r2hwt15z7o6a7","previousOperationId":"cjmwxku3eij9tyx"}
{"type":"operationStart","subtype":"script","name":"scripts usabi-data","previousOperationId":"d3r2hwt15z7o6a7","timestamp":1704991064875,"id":"x82ientcpl57bxt","previousEventId":"ax7q8z8agtfp9fk","operationId":"04klkf9urqv8tj4"}
{"type":"operationEnd","operationId":"04klkf9urqv8tj4","timestamp":1704991064884,"id":"ii1mj1ychip4zmt","previousEventId":"93xvr49o4vtffjp","previousOperationId":"cjmwxku3eij9tyx"}
{"type":"operationEnd","operationId":"d3r2hwt15z7o6a7","timestamp":1704991064884,"id":"i3kosmj2uiknfwa","previousEventId":"ii1mj1ychip4zmt","previousOperationId":"cjmwxku3eij9tyx"}
{"type":"log","timestamp":1704991064884,"level":"debug","message":"Base url not specified, skipping its injection.","meta":{"rootId":"oyekqqzo6qbpwk1","id":"oyekqqzo6qbpwk1"},"id":"8uauv5ithkg22ze","previousOperationId":"d3r2hwt15z7o6a7"}
{"type":"operationStart","subtype":"engine","name":"handlebars","timestamp":1704991064884,"id":"kqryn4kk4d4fu2t","previousEventId":"i3kosmj2uiknfwa","operationId":"xr8u3zjxyppiimv","previousOperationId":"d3r2hwt15z7o6a7"}
{"type":"log","timestamp":1704991064884,"level":"debug","message":"Rendering engine handlebars","meta":{"rootId":"oyekqqzo6qbpwk1","id":"oyekqqzo6qbpwk1"},"id":"3yctzz2tn84utnd","previousOperationId":"xr8u3zjxyppiimv"}
{"type":"operationEnd","operationId":"xr8u3zjxyppiimv","timestamp":1704991064894,"id":"p8nx2itwpiy2hfd","previousEventId":"kqryn4kk4d4fu2t","previousOperationId":"xr8u3zjxyppiimv"}
{"type":"operationStart","subtype":"recipe","name":"chrome-pdf","timestamp":1704991064894,"id":"5hfxahsjmi4fils","previousEventId":"p8nx2itwpiy2hfd","operationId":"qs0tzrpaa4jdy4k","previousOperationId":"xr8u3zjxyppiimv"}
{"type":"log","timestamp":1704991064894,"level":"debug","message":"Executing recipe chrome-pdf","meta":{"rootId":"oyekqqzo6qbpwk1","id":"oyekqqzo6qbpwk1"},"id":"n8nv4l7819lp6ga","previousOperationId":"qs0tzrpaa4jdy4k"}
{"type":"log","timestamp":1704991064895,"level":"debug","message":"Converting with chrome HeadlessChrome/117.0.5938.149 using chrome-pool strategy","meta":{"rootId":"oyekqqzo6qbpwk1","id":"oyekqqzo6qbpwk1"},"id":"wcp9fw09w73vd37","previousOperationId":"qs0tzrpaa4jdy4k"}
{"type":"log","timestamp":1704991064930,"level":"debug","message":"Page request: GET (document) file:///tmp/jsreport/autocleanup/0e10f430-165a-45e0-ad98-2297d3db3981-chrome-pdf.html","meta":{"rootId":"oyekqqzo6qbpwk1","id":"oyekqqzo6qbpwk1"},"id":"exadc4cdhape9x8","previousOperationId":"qs0tzrpaa4jdy4k"}
{"type":"log","timestamp":1704991064938,"level":"debug","message":"Page request: GET (script) https://cdn.jsdelivr.net/npm/chart.js","meta":{"rootId":"oyekqqzo6qbpwk1","id":"oyekqqzo6qbpwk1"},"id":"ilkrojj1id7q9dn","previousOperationId":"qs0tzrpaa4jdy4k"}
{"type":"log","timestamp":1704991064939,"level":"debug","message":"Page request finished: GET (document) 200 file:///tmp/jsreport/autocleanup/0e10f430-165a-45e0-ad98-2297d3db3981-chrome-pdf.html","meta":{"rootId":"oyekqqzo6qbpwk1","id":"oyekqqzo6qbpwk1"},"id":"diqztkriikh2u2z","previousOperationId":"qs0tzrpaa4jdy4k"}
{"type":"log","timestamp":1704991064943,"level":"debug","message":"Page request finished: GET (script) 200 https://cdn.jsdelivr.net/npm/chart.js","meta":{"rootId":"oyekqqzo6qbpwk1","id":"oyekqqzo6qbpwk1"},"id":"at78fhpt3y3ltd2","previousOperationId":"qs0tzrpaa4jdy4k"}
{"type":"log","timestamp":1704991064984,"level":"debug","message":"Running chrome with params {\"printBackground\":true,\"timeout\":59972,\"margin\":{}}","meta":{"rootId":"oyekqqzo6qbpwk1","id":"oyekqqzo6qbpwk1"},"id":"xfbsh32i7n9fbun","previousOperationId":"qs0tzrpaa4jdy4k"}
{"type":"operationEnd","operationId":"qs0tzrpaa4jdy4k","timestamp":1704991065005,"id":"yrrikyis3r6cd4q","previousEventId":"5hfxahsjmi4fils","previousOperationId":"qs0tzrpaa4jdy4k"}
{"type":"log","timestamp":1704991065005,"level":"debug","message":"Skipping storing report.","meta":{"rootId":"oyekqqzo6qbpwk1","id":"oyekqqzo6qbpwk1"},"id":"zuinjv8yfo3567z","previousOperationId":"qs0tzrpaa4jdy4k"}
{"type":"log","timestamp":1704991065005,"level":"info","message":"Rendering request 58 finished in 138 ms","meta":{"rootId":"oyekqqzo6qbpwk1","id":"oyekqqzo6qbpwk1"},"id":"upv56w216k64so9","previousOperationId":"qs0tzrpaa4jdy4k"}
{"type":"operationEnd","subtype":"render","operationId":"cjmwxku3eij9tyx","timestamp":1704991065005,"id":"m5j45qrx13wu5bk","previousEventId":"yrrikyis3r6cd4q","previousOperationId":"qs0tzrpaa4jdy4k"}
{"type":"operationEnd","doDiffs":false,"previousEventId":"ptxl34hx13xvoye","previousOperationId":"7tg4subcgz01orc","operationId":"7tg4subcgz01orc","timestamp":1704991065008,"id":"rhfvzget1ange7h"}
