{"type":"operationStart","subtype":"profile","data":{"_id":"pEy1THrIjGVfjUh7","timestamp":"2024-01-11T16:36:45.795Z","state":"queued","mode":"standard","creationDate":"2024-01-11T16:36:45.796Z","modificationDate":"2024-01-11T16:36:45.796Z","shortid":"lBoTBKU","$entitySet":"profiles"},"doDiffs":false,"timestamp":1704991005795,"id":"569lcy87sn3biyv","previousOperationId":null,"operationId":"nuqm9zatv09jfty"}
{"type":"log","level":"info","message":"Render request 56 queued for execution and waiting for available worker","previousOperationId":"nuqm9zatv09jfty","timestamp":1704991005796,"id":"ozj85pjnqozbflb"}
{"type":"operationStart","subtype":"render","name":"User_project","previousOperationId":"nuqm9zatv09jfty","timestamp":1704991005801,"id":"9e17gh0esplpyf9","previousEventId":"569lcy87sn3biyv","operationId":"ep4l3cz18r8ui9n"}
{"type":"log","timestamp":1704991005801,"level":"info","message":"Starting rendering request 56","meta":{"rootId":"p3i2cxoevbd70bj","id":"p3i2cxoevbd70bj"},"id":"5gmizta1okfg0mu","previousOperationId":"ep4l3cz18r8ui9n"}
{"type":"log","timestamp":1704991005801,"level":"info","message":"Rendering template { name: User_project, recipe: chrome-pdf, engine: handlebars, preview: true }","meta":{"rootId":"p3i2cxoevbd70bj","id":"p3i2cxoevbd70bj"},"id":"gjd0nl1dbtnojms","previousOperationId":"ep4l3cz18r8ui9n"}
{"type":"log","timestamp":1704991005801,"level":"debug","message":"Data item not defined for this template.","meta":{"rootId":"p3i2cxoevbd70bj","id":"p3i2cxoevbd70bj"},"id":"boscpzfgwscibrx","previousOperationId":"ep4l3cz18r8ui9n"}
{"type":"log","timestamp":1704991005803,"level":"debug","message":"Executing script usabi-data (beforeRender)","meta":{"rootId":"p3i2cxoevbd70bj","id":"p3i2cxoevbd70bj"},"id":"paw69dx90jm1iv7","previousOperationId":"ep4l3cz18r8ui9n"}
{"type":"operationStart","subtype":"scriptsBeforeRender","name":"scripts beforeRender","timestamp":1704991005806,"id":"y5zhx5quj8z8e4k","previousEventId":"9e17gh0esplpyf9","operationId":"kzorrvz4sf7vl4r","previousOperationId":"ep4l3cz18r8ui9n"}
{"type":"operationStart","subtype":"script","name":"scripts usabi-data","previousOperationId":"kzorrvz4sf7vl4r","timestamp":1704991005806,"id":"6wt8wg8orm5ttz8","previousEventId":"y5zhx5quj8z8e4k","operationId":"ahuk6344wejla7t"}
{"type":"operationEnd","operationId":"ahuk6344wejla7t","timestamp":1704991005817,"id":"ikjk33oifdp6k3w","previousEventId":"9e17gh0esplpyf9","previousOperationId":"ep4l3cz18r8ui9n"}
{"type":"operationEnd","operationId":"kzorrvz4sf7vl4r","timestamp":1704991005817,"id":"zkhq89vpntc58vm","previousEventId":"ikjk33oifdp6k3w","previousOperationId":"ep4l3cz18r8ui9n"}
{"type":"log","timestamp":1704991005817,"level":"debug","message":"Base url not specified, skipping its injection.","meta":{"rootId":"p3i2cxoevbd70bj","id":"p3i2cxoevbd70bj"},"id":"v1wg8bw9z0dglq9","previousOperationId":"kzorrvz4sf7vl4r"}
{"type":"operationStart","subtype":"engine","name":"handlebars","timestamp":1704991005817,"id":"kvm7prtbn7u02t9","previousEventId":"zkhq89vpntc58vm","operationId":"ttrp89d51pry21h","previousOperationId":"kzorrvz4sf7vl4r"}
{"type":"log","timestamp":1704991005817,"level":"debug","message":"Rendering engine handlebars","meta":{"rootId":"p3i2cxoevbd70bj","id":"p3i2cxoevbd70bj"},"id":"63x596rwqq4au9m","previousOperationId":"ttrp89d51pry21h"}
{"type":"operationEnd","operationId":"ttrp89d51pry21h","timestamp":1704991005828,"id":"l4eokq246t3ph4h","previousEventId":"kvm7prtbn7u02t9","previousOperationId":"ttrp89d51pry21h"}
{"type":"operationStart","subtype":"recipe","name":"chrome-pdf","timestamp":1704991005828,"id":"ig1tozk7xt0q181","previousEventId":"l4eokq246t3ph4h","operationId":"j46z5st2f977a99","previousOperationId":"ttrp89d51pry21h"}
{"type":"log","timestamp":1704991005828,"level":"debug","message":"Executing recipe chrome-pdf","meta":{"rootId":"p3i2cxoevbd70bj","id":"p3i2cxoevbd70bj"},"id":"orh1e2lyrfd6noz","previousOperationId":"j46z5st2f977a99"}
{"type":"log","timestamp":1704991005831,"level":"debug","message":"Converting with chrome HeadlessChrome/117.0.5938.149 using chrome-pool strategy","meta":{"rootId":"p3i2cxoevbd70bj","id":"p3i2cxoevbd70bj"},"id":"uus7edy1f8hjrso","previousOperationId":"j46z5st2f977a99"}
{"type":"log","timestamp":1704991005866,"level":"debug","message":"Page request: GET (document) file:///tmp/jsreport/autocleanup/8c521b00-4620-4c1e-968a-c651e762b1db-chrome-pdf.html","meta":{"rootId":"p3i2cxoevbd70bj","id":"p3i2cxoevbd70bj"},"id":"e5nkfrasquz7t6w","previousOperationId":"j46z5st2f977a99"}
{"type":"log","timestamp":1704991005872,"level":"debug","message":"Page request: GET (script) https://cdn.jsdelivr.net/npm/chart.js","meta":{"rootId":"p3i2cxoevbd70bj","id":"p3i2cxoevbd70bj"},"id":"b3xre27n29oj3ki","previousOperationId":"j46z5st2f977a99"}
{"type":"log","timestamp":1704991005873,"level":"debug","message":"Page request finished: GET (document) 200 file:///tmp/jsreport/autocleanup/8c521b00-4620-4c1e-968a-c651e762b1db-chrome-pdf.html","meta":{"rootId":"p3i2cxoevbd70bj","id":"p3i2cxoevbd70bj"},"id":"397kk1x1at8ko00","previousOperationId":"j46z5st2f977a99"}
{"type":"log","timestamp":1704991005876,"level":"debug","message":"Page request finished: GET (script) 200 https://cdn.jsdelivr.net/npm/chart.js","meta":{"rootId":"p3i2cxoevbd70bj","id":"p3i2cxoevbd70bj"},"id":"2ck2vjvntdxz28j","previousOperationId":"j46z5st2f977a99"}
{"type":"log","timestamp":1704991005923,"level":"debug","message":"Running chrome with params {\"printBackground\":true,\"timeout\":59964,\"margin\":{}}","meta":{"rootId":"p3i2cxoevbd70bj","id":"p3i2cxoevbd70bj"},"id":"0f4431kvn8apyvy","previousOperationId":"j46z5st2f977a99"}
{"type":"operationEnd","operationId":"j46z5st2f977a99","timestamp":1704991005943,"id":"xk1emvebfkdjhw6","previousEventId":"ig1tozk7xt0q181","previousOperationId":"j46z5st2f977a99"}
{"type":"log","timestamp":1704991005943,"level":"debug","message":"Skipping storing report.","meta":{"rootId":"p3i2cxoevbd70bj","id":"p3i2cxoevbd70bj"},"id":"ntb6rd14vpt8iuw","previousOperationId":"j46z5st2f977a99"}
{"type":"log","timestamp":1704991005943,"level":"info","message":"Rendering request 56 finished in 148 ms","meta":{"rootId":"p3i2cxoevbd70bj","id":"p3i2cxoevbd70bj"},"id":"ew95x47g9budsri","previousOperationId":"j46z5st2f977a99"}
{"type":"operationEnd","subtype":"render","operationId":"ep4l3cz18r8ui9n","timestamp":1704991005943,"id":"mdsl9nogcn0vhj4","previousEventId":"xk1emvebfkdjhw6","previousOperationId":"j46z5st2f977a99"}
{"type":"operationEnd","doDiffs":false,"previousEventId":"569lcy87sn3biyv","previousOperationId":"nuqm9zatv09jfty","operationId":"nuqm9zatv09jfty","timestamp":1704991005945,"id":"3rs9dtuax5gigba"}
