{"type":"operationStart","subtype":"profile","data":{"_id":"ZCGP2YiLAtufTHK7","timestamp":"2024-01-11T16:18:16.417Z","state":"queued","mode":"standard","creationDate":"2024-01-11T16:18:16.417Z","modificationDate":"2024-01-11T16:18:16.417Z","shortid":"41l04d9","$entitySet":"profiles"},"doDiffs":false,"timestamp":1704989896417,"id":"wnaah0hj6ygoi4x","previousOperationId":null,"operationId":"g82f8sfmxr6a94t"}
{"type":"log","level":"info","message":"Render request 21 queued for execution and waiting for available worker","previousOperationId":"g82f8sfmxr6a94t","timestamp":1704989896417,"id":"capy1ck9ycvsohl"}
{"type":"operationStart","subtype":"render","name":"User_project","previousOperationId":"g82f8sfmxr6a94t","timestamp":1704989896421,"id":"qd6gsv9uep3kum8","previousEventId":"wnaah0hj6ygoi4x","operationId":"39892be5blvnn6w"}
{"type":"log","timestamp":1704989896421,"level":"info","message":"Starting rendering request 21","meta":{"rootId":"p5p8okx9r75c87u","id":"p5p8okx9r75c87u"},"id":"irr1le9t0a6vxkr","previousOperationId":"39892be5blvnn6w"}
{"type":"log","timestamp":1704989896421,"level":"info","message":"Rendering template { name: User_project, recipe: chrome-pdf, engine: handlebars, preview: true }","meta":{"rootId":"p5p8okx9r75c87u","id":"p5p8okx9r75c87u"},"id":"phltnxnf400uhor","previousOperationId":"39892be5blvnn6w"}
{"type":"log","timestamp":1704989896422,"level":"debug","message":"Data item not defined for this template.","meta":{"rootId":"p5p8okx9r75c87u","id":"p5p8okx9r75c87u"},"id":"hhkt5dxayu2rha4","previousOperationId":"39892be5blvnn6w"}
{"type":"log","timestamp":1704989896423,"level":"debug","message":"Executing script usabi-data (beforeRender)","meta":{"rootId":"p5p8okx9r75c87u","id":"p5p8okx9r75c87u"},"id":"o7wcurywm16yabt","previousOperationId":"39892be5blvnn6w"}
{"type":"operationStart","subtype":"scriptsBeforeRender","name":"scripts beforeRender","timestamp":1704989896427,"id":"xicsgug7sxekesp","previousEventId":"qd6gsv9uep3kum8","operationId":"iugngh6dfakwv72","previousOperationId":"39892be5blvnn6w"}
{"type":"operationStart","subtype":"script","name":"scripts usabi-data","previousOperationId":"iugngh6dfakwv72","timestamp":1704989896427,"id":"zbbej6h9avhppf0","previousEventId":"xicsgug7sxekesp","operationId":"jblhi1nr7w11mo9"}
{"type":"operationEnd","operationId":"jblhi1nr7w11mo9","timestamp":1704989896442,"id":"4onirdkvhw33cx6","previousEventId":"qd6gsv9uep3kum8","previousOperationId":"39892be5blvnn6w"}
{"type":"operationEnd","operationId":"iugngh6dfakwv72","timestamp":1704989896442,"id":"0hq4oq5bmf3pkc2","previousEventId":"4onirdkvhw33cx6","previousOperationId":"39892be5blvnn6w"}
{"type":"log","timestamp":1704989896442,"level":"debug","message":"Base url not specified, skipping its injection.","meta":{"rootId":"p5p8okx9r75c87u","id":"p5p8okx9r75c87u"},"id":"osf0wjmtfhtq4w9","previousOperationId":"iugngh6dfakwv72"}
{"type":"operationStart","subtype":"engine","name":"handlebars","timestamp":1704989896442,"id":"49zz6u5wuzcle1g","previousEventId":"0hq4oq5bmf3pkc2","operationId":"ujh22blq37iteds","previousOperationId":"iugngh6dfakwv72"}
{"type":"log","timestamp":1704989896442,"level":"debug","message":"Rendering engine handlebars","meta":{"rootId":"p5p8okx9r75c87u","id":"p5p8okx9r75c87u"},"id":"5omsi7pl3bkfjqi","previousOperationId":"ujh22blq37iteds"}
{"type":"operationEnd","operationId":"ujh22blq37iteds","timestamp":1704989896452,"id":"qb7lx301poqkzyz","previousEventId":"49zz6u5wuzcle1g","previousOperationId":"ujh22blq37iteds"}
{"type":"operationStart","subtype":"recipe","name":"chrome-pdf","timestamp":1704989896452,"id":"ajtyduuzzq8kig4","previousEventId":"qb7lx301poqkzyz","operationId":"8dlygmy0ox2pnhp","previousOperationId":"ujh22blq37iteds"}
{"type":"log","timestamp":1704989896452,"level":"debug","message":"Executing recipe chrome-pdf","meta":{"rootId":"p5p8okx9r75c87u","id":"p5p8okx9r75c87u"},"id":"enidj651elzq6tr","previousOperationId":"8dlygmy0ox2pnhp"}
{"type":"log","timestamp":1704989896454,"level":"debug","message":"Converting with chrome HeadlessChrome/117.0.5938.149 using chrome-pool strategy","meta":{"rootId":"p5p8okx9r75c87u","id":"p5p8okx9r75c87u"},"id":"79zx2zffbmdg25a","previousOperationId":"8dlygmy0ox2pnhp"}
{"type":"log","timestamp":1704989896484,"level":"debug","message":"Page request: GET (document) file:///tmp/jsreport/autocleanup/23b7f54b-32c2-4f1d-8408-d135af7354b2-chrome-pdf.html","meta":{"rootId":"p5p8okx9r75c87u","id":"p5p8okx9r75c87u"},"id":"ze5ic6q1d9jdl1u","previousOperationId":"8dlygmy0ox2pnhp"}
{"type":"log","timestamp":1704989896491,"level":"debug","message":"Page request: GET (script) https://cdn.jsdelivr.net/npm/chart.js","meta":{"rootId":"p5p8okx9r75c87u","id":"p5p8okx9r75c87u"},"id":"uagvikj2b715bfi","previousOperationId":"8dlygmy0ox2pnhp"}
{"type":"log","timestamp":1704989896491,"level":"debug","message":"Page request finished: GET (document) 200 file:///tmp/jsreport/autocleanup/23b7f54b-32c2-4f1d-8408-d135af7354b2-chrome-pdf.html","meta":{"rootId":"p5p8okx9r75c87u","id":"p5p8okx9r75c87u"},"id":"wlcezbm4ktdaju7","previousOperationId":"8dlygmy0ox2pnhp"}
{"type":"log","timestamp":1704989896496,"level":"debug","message":"Page request finished: GET (script) 200 https://cdn.jsdelivr.net/npm/chart.js","meta":{"rootId":"p5p8okx9r75c87u","id":"p5p8okx9r75c87u"},"id":"f6vcj1k3wlwue1r","previousOperationId":"8dlygmy0ox2pnhp"}
{"type":"log","timestamp":1704989896509,"level":"warn","message":"Page error: Cannot read properties of undefined (reading 'axis')\nln (https://cdn.jsdelivr.net/npm/chart.js:19:84533) , stack: TypeError: Cannot read properties of undefined (reading 'axis')\nln (https://cdn.jsdelivr.net/npm/chart.js:19:84533)\n    at ln (https://cdn.jsdelivr.net/npm/chart.js:19:84533)\n    at <anonymous> (https://cdn.jsdelivr.net/npm/chart.js:19:85150)\n    at cn (https://cdn.jsdelivr.net/npm/chart.js:19:84952)\n    at dn (https://cdn.jsdelivr.net/npm/chart.js:19:85947)\n    at <anonymous> (https://cdn.jsdelivr.net/npm/chart.js:19:86274)\n    at bn (https://cdn.jsdelivr.net/npm/chart.js:19:86282)\n    at An (https://cdn.jsdelivr.net/npm/chart.js:19:89616)\n    at <anonymous> (file:///tmp/jsreport/autocleanup/23b7f54b-32c2-4f1d-8408-d135af7354b2-chrome-pdf.html:59:19)","meta":{"rootId":"p5p8okx9r75c87u","id":"p5p8okx9r75c87u"},"id":"jun6vjb5s1474pd","previousOperationId":"8dlygmy0ox2pnhp"}
{"type":"log","timestamp":1704989896515,"level":"debug","message":"Running chrome with params {\"printBackground\":true,\"timeout\":59964,\"margin\":{}}","meta":{"rootId":"p5p8okx9r75c87u","id":"p5p8okx9r75c87u"},"id":"bglgiaq7s9nthj7","previousOperationId":"8dlygmy0ox2pnhp"}
{"type":"operationEnd","operationId":"8dlygmy0ox2pnhp","timestamp":1704989896526,"id":"wyofwzzne0scfsv","previousEventId":"ajtyduuzzq8kig4","previousOperationId":"8dlygmy0ox2pnhp"}
{"type":"log","timestamp":1704989896526,"level":"debug","message":"Skipping storing report.","meta":{"rootId":"p5p8okx9r75c87u","id":"p5p8okx9r75c87u"},"id":"3uzd2rmvwo8z6nf","previousOperationId":"8dlygmy0ox2pnhp"}
{"type":"log","timestamp":1704989896526,"level":"info","message":"Rendering request 21 finished in 109 ms","meta":{"rootId":"p5p8okx9r75c87u","id":"p5p8okx9r75c87u"},"id":"7hgui7geclz530o","previousOperationId":"8dlygmy0ox2pnhp"}
{"type":"operationEnd","subtype":"render","operationId":"39892be5blvnn6w","timestamp":1704989896526,"id":"v0qxt161bnbxoqh","previousEventId":"wyofwzzne0scfsv","previousOperationId":"8dlygmy0ox2pnhp"}
{"type":"operationEnd","doDiffs":false,"previousEventId":"wnaah0hj6ygoi4x","previousOperationId":"g82f8sfmxr6a94t","operationId":"g82f8sfmxr6a94t","timestamp":1704989896528,"id":"plwq4rhqze7kqfi"}
