{"type":"operationStart","subtype":"profile","data":{"_id":"ScWtFVKNBAzeSs3i","timestamp":"2024-01-11T18:08:47.467Z","state":"queued","mode":"standard","creationDate":"2024-01-11T18:08:47.468Z","modificationDate":"2024-01-11T18:08:47.468Z","shortid":"WStu1qj","$entitySet":"profiles"},"doDiffs":false,"timestamp":1704996527467,"id":"nvxaa6i1pqxi9pg","previousOperationId":null,"operationId":"fwmlck7483nphnz"}
{"type":"log","level":"info","message":"Render request 47 queued for execution and waiting for available worker","previousOperationId":"fwmlck7483nphnz","timestamp":1704996527468,"id":"yc135biub397wwu"}
{"type":"operationStart","subtype":"render","name":"User_project","previousOperationId":"fwmlck7483nphnz","timestamp":1704996527472,"id":"5u7t66l6wxbuaek","previousEventId":"nvxaa6i1pqxi9pg","operationId":"vcz44e5hj2qyg5t"}
{"type":"log","timestamp":1704996527472,"level":"info","message":"Starting rendering request 47","meta":{"rootId":"pej471xp4pvxk37","id":"pej471xp4pvxk37"},"id":"zkhf2q07yk67h1m","previousOperationId":"vcz44e5hj2qyg5t"}
{"type":"log","timestamp":1704996527472,"level":"info","message":"Rendering template { name: User_project, recipe: chrome-pdf, engine: handlebars, preview: true }","meta":{"rootId":"pej471xp4pvxk37","id":"pej471xp4pvxk37"},"id":"xzj6oqztst7kue9","previousOperationId":"vcz44e5hj2qyg5t"}
{"type":"log","timestamp":1704996527473,"level":"debug","message":"Data item not defined for this template.","meta":{"rootId":"pej471xp4pvxk37","id":"pej471xp4pvxk37"},"id":"16a72yjh71twc6w","previousOperationId":"vcz44e5hj2qyg5t"}
{"type":"log","timestamp":1704996527474,"level":"debug","message":"Executing script usabi-data (beforeRender)","meta":{"rootId":"pej471xp4pvxk37","id":"pej471xp4pvxk37"},"id":"ek7e3a43s513xi6","previousOperationId":"vcz44e5hj2qyg5t"}
{"type":"operationStart","subtype":"scriptsBeforeRender","name":"scripts beforeRender","timestamp":1704996527478,"id":"bi7hcqyxvdti469","previousEventId":"5u7t66l6wxbuaek","operationId":"59l17b2bru57m3o","previousOperationId":"vcz44e5hj2qyg5t"}
{"type":"operationStart","subtype":"script","name":"scripts usabi-data","previousOperationId":"59l17b2bru57m3o","timestamp":1704996527478,"id":"7uwimancy0wo4w4","previousEventId":"bi7hcqyxvdti469","operationId":"2vqxf4aki9tga7q"}
{"type":"operationEnd","operationId":"2vqxf4aki9tga7q","timestamp":1704996527497,"id":"ks5xzas46nc2kfr","previousEventId":"5u7t66l6wxbuaek","previousOperationId":"vcz44e5hj2qyg5t"}
{"type":"log","timestamp":1704996527497,"level":"debug","message":"Executing script orders-script (beforeRender)","meta":{"rootId":"pej471xp4pvxk37","id":"pej471xp4pvxk37"},"id":"ep3m6trcqvyguvd","previousOperationId":"vcz44e5hj2qyg5t"}
{"type":"operationStart","subtype":"script","name":"scripts orders-script","previousOperationId":"59l17b2bru57m3o","timestamp":1704996527500,"id":"621xd27kgmtp8js","previousEventId":"ks5xzas46nc2kfr","operationId":"9fn451j0d682jah"}
{"type":"operationEnd","operationId":"9fn451j0d682jah","timestamp":1704996528786,"id":"8p0lwf1xumrxhzk","previousEventId":"ks5xzas46nc2kfr","previousOperationId":"vcz44e5hj2qyg5t"}
{"type":"operationEnd","operationId":"59l17b2bru57m3o","timestamp":1704996528786,"id":"gjf85hnb73j0a1q","previousEventId":"8p0lwf1xumrxhzk","previousOperationId":"vcz44e5hj2qyg5t"}
{"type":"log","timestamp":1704996528786,"level":"debug","message":"Base url not specified, skipping its injection.","meta":{"rootId":"pej471xp4pvxk37","id":"pej471xp4pvxk37"},"id":"urmn50pfl6oyxrr","previousOperationId":"59l17b2bru57m3o"}
{"type":"operationStart","subtype":"engine","name":"handlebars","timestamp":1704996528786,"id":"hxjgtsf3jkqa7zt","previousEventId":"gjf85hnb73j0a1q","operationId":"u8m3imblgi9ccrb","previousOperationId":"59l17b2bru57m3o"}
{"type":"log","timestamp":1704996528786,"level":"debug","message":"Rendering engine handlebars","meta":{"rootId":"pej471xp4pvxk37","id":"pej471xp4pvxk37"},"id":"ht415e2red8s5tx","previousOperationId":"u8m3imblgi9ccrb"}
{"type":"operationEnd","operationId":"u8m3imblgi9ccrb","timestamp":1704996528793,"id":"lpa602ycg1bvz2r","previousEventId":"hxjgtsf3jkqa7zt","previousOperationId":"u8m3imblgi9ccrb"}
{"type":"operationStart","subtype":"recipe","name":"chrome-pdf","timestamp":1704996528793,"id":"0v5p77ic88mxe7m","previousEventId":"lpa602ycg1bvz2r","operationId":"393v64y3h6fe1yy","previousOperationId":"u8m3imblgi9ccrb"}
{"type":"log","timestamp":1704996528793,"level":"debug","message":"Executing recipe chrome-pdf","meta":{"rootId":"pej471xp4pvxk37","id":"pej471xp4pvxk37"},"id":"bp8bmzq3sk1wqax","previousOperationId":"393v64y3h6fe1yy"}
{"type":"log","timestamp":1704996528804,"level":"debug","message":"Converting with chrome HeadlessChrome/117.0.5938.149 using chrome-pool strategy","meta":{"rootId":"pej471xp4pvxk37","id":"pej471xp4pvxk37"},"id":"sojznmy5vs9drv5","previousOperationId":"393v64y3h6fe1yy"}
{"type":"log","timestamp":1704996528838,"level":"debug","message":"Page request: GET (document) file:///tmp/jsreport/autocleanup/6a7cae5f-d943-48de-bea0-5db706f83495-chrome-pdf.html","meta":{"rootId":"pej471xp4pvxk37","id":"pej471xp4pvxk37"},"id":"vr024sky3o1jq8i","previousOperationId":"393v64y3h6fe1yy"}
{"type":"log","timestamp":1704996528845,"level":"debug","message":"Page request: GET (script) https://cdn.jsdelivr.net/npm/chart.js","meta":{"rootId":"pej471xp4pvxk37","id":"pej471xp4pvxk37"},"id":"9j9rp7wd6jlbqg7","previousOperationId":"393v64y3h6fe1yy"}
{"type":"log","timestamp":1704996528846,"level":"debug","message":"Page request finished: GET (document) 200 file:///tmp/jsreport/autocleanup/6a7cae5f-d943-48de-bea0-5db706f83495-chrome-pdf.html","meta":{"rootId":"pej471xp4pvxk37","id":"pej471xp4pvxk37"},"id":"ijsnluudv6etn80","previousOperationId":"393v64y3h6fe1yy"}
{"type":"log","timestamp":1704996528849,"level":"debug","message":"Page request finished: GET (script) 200 https://cdn.jsdelivr.net/npm/chart.js","meta":{"rootId":"pej471xp4pvxk37","id":"pej471xp4pvxk37"},"id":"eo6c5y9an096eww","previousOperationId":"393v64y3h6fe1yy"}
{"type":"log","timestamp":1704996528852,"level":"warn","message":"Page error: Unexpected identifier 'Object' , stack: SyntaxError: Unexpected identifier 'Object'","meta":{"rootId":"pej471xp4pvxk37","id":"pej471xp4pvxk37"},"id":"jfmblicanhu3db5","previousOperationId":"393v64y3h6fe1yy"}
{"type":"log","timestamp":1704996528858,"level":"debug","message":"Running chrome with params {\"printBackground\":true,\"timeout\":58664,\"margin\":{}}","meta":{"rootId":"pej471xp4pvxk37","id":"pej471xp4pvxk37"},"id":"zophyf13o1zhwpm","previousOperationId":"393v64y3h6fe1yy"}
{"type":"operationEnd","operationId":"393v64y3h6fe1yy","timestamp":1704996528872,"id":"kyx6iun1pdmp9je","previousEventId":"0v5p77ic88mxe7m","previousOperationId":"393v64y3h6fe1yy"}
{"type":"log","timestamp":1704996528872,"level":"debug","message":"Skipping storing report.","meta":{"rootId":"pej471xp4pvxk37","id":"pej471xp4pvxk37"},"id":"93qc3jb8hgvavjm","previousOperationId":"393v64y3h6fe1yy"}
{"type":"log","timestamp":1704996528872,"level":"info","message":"Rendering request 47 finished in 1405 ms","meta":{"rootId":"pej471xp4pvxk37","id":"pej471xp4pvxk37"},"id":"jvtft4tu2rj2ds5","previousOperationId":"393v64y3h6fe1yy"}
{"type":"operationEnd","subtype":"render","operationId":"vcz44e5hj2qyg5t","timestamp":1704996528872,"id":"049l46pub46j8jk","previousEventId":"kyx6iun1pdmp9je","previousOperationId":"393v64y3h6fe1yy"}
{"type":"operationEnd","doDiffs":false,"previousEventId":"nvxaa6i1pqxi9pg","previousOperationId":"fwmlck7483nphnz","operationId":"fwmlck7483nphnz","timestamp":1704996528874,"id":"zkhq6m1davl77rn"}
