{"type":"operationStart","subtype":"profile","data":{"_id":"Ua5LJBxXXlpFWbMr","timestamp":"2024-01-11T16:41:40.346Z","state":"queued","mode":"standard","creationDate":"2024-01-11T16:41:40.347Z","modificationDate":"2024-01-11T16:41:40.347Z","shortid":"675Cpyq","$entitySet":"profiles"},"doDiffs":false,"timestamp":1704991300347,"id":"ilrqg1aclinnuk1","previousOperationId":null,"operationId":"362u84qxosu2k3c"}
{"type":"log","level":"info","message":"Render request 69 queued for execution and waiting for available worker","previousOperationId":"362u84qxosu2k3c","timestamp":1704991300347,"id":"uy13ktp4qpe8vxl"}
{"type":"operationStart","subtype":"render","name":"User_project","previousOperationId":"362u84qxosu2k3c","timestamp":1704991300351,"id":"d0rqqeeprxyrdn5","previousEventId":"ilrqg1aclinnuk1","operationId":"l976m6e89c59bn3"}
{"type":"log","timestamp":1704991300351,"level":"info","message":"Starting rendering request 69","meta":{"rootId":"ph5jjb7v46yrk93","id":"ph5jjb7v46yrk93"},"id":"asyo0l35lwa0njv","previousOperationId":"l976m6e89c59bn3"}
{"type":"log","timestamp":1704991300352,"level":"info","message":"Rendering template { name: User_project, recipe: chrome-pdf, engine: handlebars, preview: true }","meta":{"rootId":"ph5jjb7v46yrk93","id":"ph5jjb7v46yrk93"},"id":"6zukfzvc76l3zk7","previousOperationId":"l976m6e89c59bn3"}
{"type":"log","timestamp":1704991300352,"level":"debug","message":"Data item not defined for this template.","meta":{"rootId":"ph5jjb7v46yrk93","id":"ph5jjb7v46yrk93"},"id":"ws5pszgkhc5c6s0","previousOperationId":"l976m6e89c59bn3"}
{"type":"log","timestamp":1704991300354,"level":"debug","message":"Executing script usabi-data (beforeRender)","meta":{"rootId":"ph5jjb7v46yrk93","id":"ph5jjb7v46yrk93"},"id":"5cvgfvqqvq6wchj","previousOperationId":"l976m6e89c59bn3"}
{"type":"operationStart","subtype":"scriptsBeforeRender","name":"scripts beforeRender","timestamp":1704991300357,"id":"68hqu219wi8c5zb","previousEventId":"d0rqqeeprxyrdn5","operationId":"fhl8jltmlaw1h5k","previousOperationId":"l976m6e89c59bn3"}
{"type":"operationStart","subtype":"script","name":"scripts usabi-data","previousOperationId":"fhl8jltmlaw1h5k","timestamp":1704991300357,"id":"97yukqij4txc9e8","previousEventId":"68hqu219wi8c5zb","operationId":"hty6t25zkfz2ea4"}
{"type":"operationEnd","operationId":"hty6t25zkfz2ea4","timestamp":1704991300368,"id":"fg3yyt5m2ea833y","previousEventId":"d0rqqeeprxyrdn5","previousOperationId":"l976m6e89c59bn3"}
{"type":"operationEnd","operationId":"fhl8jltmlaw1h5k","timestamp":1704991300368,"id":"x8noy7z66igkcme","previousEventId":"fg3yyt5m2ea833y","previousOperationId":"l976m6e89c59bn3"}
{"type":"log","timestamp":1704991300368,"level":"debug","message":"Base url not specified, skipping its injection.","meta":{"rootId":"ph5jjb7v46yrk93","id":"ph5jjb7v46yrk93"},"id":"wlx59fn2nippwip","previousOperationId":"fhl8jltmlaw1h5k"}
{"type":"operationStart","subtype":"engine","name":"handlebars","timestamp":1704991300368,"id":"miqp1x2z8qmevym","previousEventId":"x8noy7z66igkcme","operationId":"jm7yccsidovhuiy","previousOperationId":"fhl8jltmlaw1h5k"}
{"type":"log","timestamp":1704991300368,"level":"debug","message":"Rendering engine handlebars","meta":{"rootId":"ph5jjb7v46yrk93","id":"ph5jjb7v46yrk93"},"id":"oqcss14mr8b1cv1","previousOperationId":"jm7yccsidovhuiy"}
{"type":"operationEnd","operationId":"jm7yccsidovhuiy","timestamp":1704991300374,"id":"gts46hoimln2ut1","previousEventId":"miqp1x2z8qmevym","previousOperationId":"jm7yccsidovhuiy"}
{"type":"operationStart","subtype":"recipe","name":"chrome-pdf","timestamp":1704991300374,"id":"j3oj9cowh71xx3k","previousEventId":"gts46hoimln2ut1","operationId":"8ldem8b86c6whvw","previousOperationId":"jm7yccsidovhuiy"}
{"type":"log","timestamp":1704991300374,"level":"debug","message":"Executing recipe chrome-pdf","meta":{"rootId":"ph5jjb7v46yrk93","id":"ph5jjb7v46yrk93"},"id":"5cr3b2e7rx4bl9j","previousOperationId":"8ldem8b86c6whvw"}
{"type":"log","timestamp":1704991300377,"level":"debug","message":"Converting with chrome HeadlessChrome/117.0.5938.149 using chrome-pool strategy","meta":{"rootId":"ph5jjb7v46yrk93","id":"ph5jjb7v46yrk93"},"id":"93yflc7w05cnwuu","previousOperationId":"8ldem8b86c6whvw"}
{"type":"log","timestamp":1704991300410,"level":"debug","message":"Page request: GET (document) file:///tmp/jsreport/autocleanup/d691f337-42c6-40c3-bd65-7147f661be94-chrome-pdf.html","meta":{"rootId":"ph5jjb7v46yrk93","id":"ph5jjb7v46yrk93"},"id":"0igsczkx6wtazso","previousOperationId":"8ldem8b86c6whvw"}
{"type":"log","timestamp":1704991300418,"level":"debug","message":"Page request: GET (script) https://cdn.jsdelivr.net/npm/chart.js","meta":{"rootId":"ph5jjb7v46yrk93","id":"ph5jjb7v46yrk93"},"id":"4mlm3ep0kmhnz7s","previousOperationId":"8ldem8b86c6whvw"}
{"type":"log","timestamp":1704991300419,"level":"debug","message":"Page request finished: GET (document) 200 file:///tmp/jsreport/autocleanup/d691f337-42c6-40c3-bd65-7147f661be94-chrome-pdf.html","meta":{"rootId":"ph5jjb7v46yrk93","id":"ph5jjb7v46yrk93"},"id":"4aonzu3dbthj6hn","previousOperationId":"8ldem8b86c6whvw"}
{"type":"log","timestamp":1704991300422,"level":"debug","message":"Page request finished: GET (script) 200 https://cdn.jsdelivr.net/npm/chart.js","meta":{"rootId":"ph5jjb7v46yrk93","id":"ph5jjb7v46yrk93"},"id":"ejgtme78xulqvca","previousOperationId":"8ldem8b86c6whvw"}
{"type":"log","timestamp":1704991300467,"level":"debug","message":"Running chrome with params {\"printBackground\":true,\"timeout\":59970,\"margin\":{}}","meta":{"rootId":"ph5jjb7v46yrk93","id":"ph5jjb7v46yrk93"},"id":"sit7iyng5uwa7eg","previousOperationId":"8ldem8b86c6whvw"}
{"type":"operationEnd","operationId":"8ldem8b86c6whvw","timestamp":1704991300489,"id":"frskfh65xnwzq4q","previousEventId":"j3oj9cowh71xx3k","previousOperationId":"8ldem8b86c6whvw"}
{"type":"log","timestamp":1704991300490,"level":"debug","message":"Skipping storing report.","meta":{"rootId":"ph5jjb7v46yrk93","id":"ph5jjb7v46yrk93"},"id":"md5v3ykc1lcpydv","previousOperationId":"8ldem8b86c6whvw"}
{"type":"log","timestamp":1704991300490,"level":"info","message":"Rendering request 69 finished in 144 ms","meta":{"rootId":"ph5jjb7v46yrk93","id":"ph5jjb7v46yrk93"},"id":"deruza6jgjviiss","previousOperationId":"8ldem8b86c6whvw"}
{"type":"operationEnd","subtype":"render","operationId":"l976m6e89c59bn3","timestamp":1704991300490,"id":"8fois64h28h4jlp","previousEventId":"frskfh65xnwzq4q","previousOperationId":"8ldem8b86c6whvw"}
{"type":"operationEnd","doDiffs":false,"previousEventId":"ilrqg1aclinnuk1","previousOperationId":"362u84qxosu2k3c","operationId":"362u84qxosu2k3c","timestamp":1704991300491,"id":"m6yc493nw31njue"}
