{"type":"operationStart","subtype":"profile","data":{"_id":"fYSITtB6DmdjnUXI","timestamp":"2024-01-11T16:10:10.478Z","state":"queued","mode":"standard","creationDate":"2024-01-11T16:10:10.482Z","modificationDate":"2024-01-11T16:10:10.482Z","shortid":"kVXRT-5","$entitySet":"profiles"},"doDiffs":false,"timestamp":1704989410481,"id":"fb8uy3icgvmtg9q","previousOperationId":null,"operationId":"zzdavpr6bclppu1"}
{"type":"log","level":"info","message":"Render request 11 queued for execution and waiting for available worker","previousOperationId":"zzdavpr6bclppu1","timestamp":1704989410481,"id":"cqits5lt8u08v20"}
{"type":"operationStart","subtype":"render","name":"User_project","previousOperationId":"zzdavpr6bclppu1","timestamp":1704989410497,"id":"cicf6xwwyqk8ap3","previousEventId":"fb8uy3icgvmtg9q","operationId":"ijy52e0uc5ipm1e"}
{"type":"log","timestamp":1704989410497,"level":"info","message":"Starting rendering request 11","meta":{"rootId":"pj1qmyot6h4pwpa","id":"pj1qmyot6h4pwpa"},"id":"f8tym84rk0x1fo7","previousOperationId":"ijy52e0uc5ipm1e"}
{"type":"log","timestamp":1704989410497,"level":"info","message":"Rendering template { name: User_project, recipe: chrome-pdf, engine: handlebars, preview: true }","meta":{"rootId":"pj1qmyot6h4pwpa","id":"pj1qmyot6h4pwpa"},"id":"flus8yjqoqcledm","previousOperationId":"ijy52e0uc5ipm1e"}
{"type":"log","timestamp":1704989410498,"level":"debug","message":"Data item not defined for this template.","meta":{"rootId":"pj1qmyot6h4pwpa","id":"pj1qmyot6h4pwpa"},"id":"jk66a6td6p6aghc","previousOperationId":"ijy52e0uc5ipm1e"}
{"type":"log","timestamp":1704989410500,"level":"debug","message":"Executing script usabi-data (beforeRender)","meta":{"rootId":"pj1qmyot6h4pwpa","id":"pj1qmyot6h4pwpa"},"id":"h8fv3xx9po7dm0y","previousOperationId":"ijy52e0uc5ipm1e"}
{"type":"operationStart","subtype":"scriptsBeforeRender","name":"scripts beforeRender","timestamp":1704989410505,"id":"kmpr15h3chrpvvv","previousEventId":"cicf6xwwyqk8ap3","operationId":"jjwck6j3u5awh6b","previousOperationId":"ijy52e0uc5ipm1e"}
{"type":"operationStart","subtype":"script","name":"scripts usabi-data","previousOperationId":"jjwck6j3u5awh6b","timestamp":1704989410505,"id":"ml0ym8u6ll0xyzw","previousEventId":"kmpr15h3chrpvvv","operationId":"8x4nrjjj5s3mom3"}
{"type":"operationEnd","operationId":"8x4nrjjj5s3mom3","timestamp":1704989410528,"id":"yzn8ffhlquwnrke","previousEventId":"cicf6xwwyqk8ap3","previousOperationId":"ijy52e0uc5ipm1e"}
{"type":"operationEnd","operationId":"jjwck6j3u5awh6b","timestamp":1704989410528,"id":"o3agcdj6wnclgd7","previousEventId":"yzn8ffhlquwnrke","previousOperationId":"ijy52e0uc5ipm1e"}
{"type":"log","timestamp":1704989410528,"level":"debug","message":"Base url not specified, skipping its injection.","meta":{"rootId":"pj1qmyot6h4pwpa","id":"pj1qmyot6h4pwpa"},"id":"8c1vppbk0fgopaw","previousOperationId":"jjwck6j3u5awh6b"}
{"type":"operationStart","subtype":"engine","name":"handlebars","timestamp":1704989410528,"id":"305vyh61vca8195","previousEventId":"o3agcdj6wnclgd7","operationId":"erml5aqaymrbud5","previousOperationId":"jjwck6j3u5awh6b"}
{"type":"log","timestamp":1704989410528,"level":"debug","message":"Rendering engine handlebars","meta":{"rootId":"pj1qmyot6h4pwpa","id":"pj1qmyot6h4pwpa"},"id":"wtaz8sqrnb73117","previousOperationId":"erml5aqaymrbud5"}
{"type":"operationEnd","operationId":"erml5aqaymrbud5","timestamp":1704989410539,"id":"u7z7v0spas57nq8","previousEventId":"305vyh61vca8195","previousOperationId":"erml5aqaymrbud5"}
{"type":"operationStart","subtype":"recipe","name":"chrome-pdf","timestamp":1704989410539,"id":"gibql7q5tei4ghs","previousEventId":"u7z7v0spas57nq8","operationId":"119962p9re4nazr","previousOperationId":"erml5aqaymrbud5"}
{"type":"log","timestamp":1704989410539,"level":"debug","message":"Executing recipe chrome-pdf","meta":{"rootId":"pj1qmyot6h4pwpa","id":"pj1qmyot6h4pwpa"},"id":"fqzrge1af2nfu0v","previousOperationId":"119962p9re4nazr"}
{"type":"log","timestamp":1704989410541,"level":"debug","message":"Converting with chrome HeadlessChrome/117.0.5938.149 using chrome-pool strategy","meta":{"rootId":"pj1qmyot6h4pwpa","id":"pj1qmyot6h4pwpa"},"id":"j0ooo50hbb7wnzo","previousOperationId":"119962p9re4nazr"}
{"type":"log","timestamp":1704989410579,"level":"debug","message":"Page request: GET (document) file:///tmp/jsreport/autocleanup/7f0f1d7a-3fd7-4644-a36f-9b9ef9dccf3a-chrome-pdf.html","meta":{"rootId":"pj1qmyot6h4pwpa","id":"pj1qmyot6h4pwpa"},"id":"iwbn2wvz8sx5xnp","previousOperationId":"119962p9re4nazr"}
{"type":"log","timestamp":1704989410587,"level":"debug","message":"Page request: GET (script) https://cdn.jsdelivr.net/npm/chart.js","meta":{"rootId":"pj1qmyot6h4pwpa","id":"pj1qmyot6h4pwpa"},"id":"c5m0z2y88yc8rzc","previousOperationId":"119962p9re4nazr"}
{"type":"log","timestamp":1704989410587,"level":"debug","message":"Page request finished: GET (document) 200 file:///tmp/jsreport/autocleanup/7f0f1d7a-3fd7-4644-a36f-9b9ef9dccf3a-chrome-pdf.html","meta":{"rootId":"pj1qmyot6h4pwpa","id":"pj1qmyot6h4pwpa"},"id":"dojtji2zj269yvd","previousOperationId":"119962p9re4nazr"}
{"type":"log","timestamp":1704989410596,"level":"debug","message":"Page request finished: GET (script) 200 https://cdn.jsdelivr.net/npm/chart.js","meta":{"rootId":"pj1qmyot6h4pwpa","id":"pj1qmyot6h4pwpa"},"id":"nwz4ogagjifo5o1","previousOperationId":"119962p9re4nazr"}
{"type":"log","timestamp":1704989410647,"level":"debug","message":"Running chrome with params {\"printBackground\":true,\"timeout\":59938,\"margin\":{}}","meta":{"rootId":"pj1qmyot6h4pwpa","id":"pj1qmyot6h4pwpa"},"id":"2aekbw25e90s21g","previousOperationId":"119962p9re4nazr"}
{"type":"operationEnd","operationId":"119962p9re4nazr","timestamp":1704989410669,"id":"iazws5y4kxgrwtv","previousEventId":"gibql7q5tei4ghs","previousOperationId":"119962p9re4nazr"}
{"type":"log","timestamp":1704989410669,"level":"debug","message":"Skipping storing report.","meta":{"rootId":"pj1qmyot6h4pwpa","id":"pj1qmyot6h4pwpa"},"id":"odbmyiwf3fjnyfa","previousOperationId":"119962p9re4nazr"}
{"type":"log","timestamp":1704989410669,"level":"info","message":"Rendering request 11 finished in 191 ms","meta":{"rootId":"pj1qmyot6h4pwpa","id":"pj1qmyot6h4pwpa"},"id":"khinrhfeo01auqj","previousOperationId":"119962p9re4nazr"}
{"type":"operationEnd","subtype":"render","operationId":"ijy52e0uc5ipm1e","timestamp":1704989410669,"id":"de47csqtezwqtu4","previousEventId":"iazws5y4kxgrwtv","previousOperationId":"119962p9re4nazr"}
{"type":"operationEnd","doDiffs":false,"previousEventId":"fb8uy3icgvmtg9q","previousOperationId":"zzdavpr6bclppu1","operationId":"zzdavpr6bclppu1","timestamp":1704989410671,"id":"ql487yh52hzpb27"}
