{"type":"operationStart","subtype":"profile","data":{"_id":"GSolShsDG8GoaDUR","timestamp":"2024-01-11T16:49:44.099Z","state":"queued","mode":"standard","creationDate":"2024-01-11T16:49:44.099Z","modificationDate":"2024-01-11T16:49:44.099Z","shortid":"SgzcLej","$entitySet":"profiles"},"doDiffs":false,"timestamp":1704991784099,"id":"oe91qzygzoiqaqs","previousOperationId":null,"operationId":"3mtuxgb9udceqv6"}
{"type":"log","level":"info","message":"Render request 87 queued for execution and waiting for available worker","previousOperationId":"3mtuxgb9udceqv6","timestamp":1704991784099,"id":"5ckx2ljffa0n019"}
{"type":"operationStart","subtype":"render","name":"User_project","previousOperationId":"3mtuxgb9udceqv6","timestamp":1704991784103,"id":"2j2x2gzz71wvd09","previousEventId":"oe91qzygzoiqaqs","operationId":"uxw2h0tlk88w0d9"}
{"type":"log","timestamp":1704991784103,"level":"info","message":"Starting rendering request 87","meta":{"rootId":"pk50pm0khr6vvjk","id":"pk50pm0khr6vvjk"},"id":"5oll0fuwqixjt99","previousOperationId":"uxw2h0tlk88w0d9"}
{"type":"log","timestamp":1704991784103,"level":"info","message":"Rendering template { name: User_project, recipe: chrome-pdf, engine: handlebars, preview: true }","meta":{"rootId":"pk50pm0khr6vvjk","id":"pk50pm0khr6vvjk"},"id":"aikqula3nirg2u0","previousOperationId":"uxw2h0tlk88w0d9"}
{"type":"log","timestamp":1704991784104,"level":"debug","message":"Data item not defined for this template.","meta":{"rootId":"pk50pm0khr6vvjk","id":"pk50pm0khr6vvjk"},"id":"2vfh04hl2fv7f8g","previousOperationId":"uxw2h0tlk88w0d9"}
{"type":"log","timestamp":1704991784105,"level":"debug","message":"Executing script usabi-data (beforeRender)","meta":{"rootId":"pk50pm0khr6vvjk","id":"pk50pm0khr6vvjk"},"id":"6uq3hq2z3vri99l","previousOperationId":"uxw2h0tlk88w0d9"}
{"type":"operationStart","subtype":"scriptsBeforeRender","name":"scripts beforeRender","timestamp":1704991784109,"id":"w7kdvjbsvveoayh","previousEventId":"2j2x2gzz71wvd09","operationId":"i5onor12rte24hx","previousOperationId":"uxw2h0tlk88w0d9"}
{"type":"operationStart","subtype":"script","name":"scripts usabi-data","previousOperationId":"i5onor12rte24hx","timestamp":1704991784109,"id":"47vtxoma1ibvu3i","previousEventId":"w7kdvjbsvveoayh","operationId":"gae82bzuj6k1q1w"}
{"type":"operationEnd","operationId":"gae82bzuj6k1q1w","timestamp":1704991784120,"id":"89ue42192wf6y0i","previousEventId":"2j2x2gzz71wvd09","previousOperationId":"uxw2h0tlk88w0d9"}
{"type":"operationEnd","operationId":"i5onor12rte24hx","timestamp":1704991784120,"id":"a525fufi1j3noxb","previousEventId":"89ue42192wf6y0i","previousOperationId":"uxw2h0tlk88w0d9"}
{"type":"log","timestamp":1704991784120,"level":"debug","message":"Base url not specified, skipping its injection.","meta":{"rootId":"pk50pm0khr6vvjk","id":"pk50pm0khr6vvjk"},"id":"cf5lkccqfcrj9qk","previousOperationId":"i5onor12rte24hx"}
{"type":"operationStart","subtype":"engine","name":"handlebars","timestamp":1704991784120,"id":"sruil85y40b01q2","previousEventId":"a525fufi1j3noxb","operationId":"u18n0uaoh8lpjdt","previousOperationId":"i5onor12rte24hx"}
{"type":"log","timestamp":1704991784120,"level":"debug","message":"Rendering engine handlebars","meta":{"rootId":"pk50pm0khr6vvjk","id":"pk50pm0khr6vvjk"},"id":"dtmy4sb6awle4hv","previousOperationId":"u18n0uaoh8lpjdt"}
{"type":"operationEnd","operationId":"u18n0uaoh8lpjdt","timestamp":1704991784126,"id":"djtew45rinvm3qm","previousEventId":"sruil85y40b01q2","previousOperationId":"u18n0uaoh8lpjdt"}
{"type":"operationStart","subtype":"recipe","name":"chrome-pdf","timestamp":1704991784126,"id":"e3wyl5jpjcpurnf","previousEventId":"djtew45rinvm3qm","operationId":"ah4vdknhb2fs8cy","previousOperationId":"u18n0uaoh8lpjdt"}
{"type":"log","timestamp":1704991784126,"level":"debug","message":"Executing recipe chrome-pdf","meta":{"rootId":"pk50pm0khr6vvjk","id":"pk50pm0khr6vvjk"},"id":"wtmtggfuyhvk0ta","previousOperationId":"ah4vdknhb2fs8cy"}
{"type":"log","timestamp":1704991784127,"level":"debug","message":"Converting with chrome HeadlessChrome/117.0.5938.149 using chrome-pool strategy","meta":{"rootId":"pk50pm0khr6vvjk","id":"pk50pm0khr6vvjk"},"id":"4hicngrjqpa1zsc","previousOperationId":"ah4vdknhb2fs8cy"}
{"type":"log","timestamp":1704991784155,"level":"debug","message":"Page request: GET (document) file:///tmp/jsreport/autocleanup/cea200af-e941-4508-85ce-7417f396789f-chrome-pdf.html","meta":{"rootId":"pk50pm0khr6vvjk","id":"pk50pm0khr6vvjk"},"id":"p8w9qth6wdi5j3n","previousOperationId":"ah4vdknhb2fs8cy"}
{"type":"log","timestamp":1704991784162,"level":"debug","message":"Page request: GET (script) https://cdn.jsdelivr.net/npm/chart.js","meta":{"rootId":"pk50pm0khr6vvjk","id":"pk50pm0khr6vvjk"},"id":"wkqqos7440h59ep","previousOperationId":"ah4vdknhb2fs8cy"}
{"type":"log","timestamp":1704991784162,"level":"debug","message":"Page request finished: GET (document) 200 file:///tmp/jsreport/autocleanup/cea200af-e941-4508-85ce-7417f396789f-chrome-pdf.html","meta":{"rootId":"pk50pm0khr6vvjk","id":"pk50pm0khr6vvjk"},"id":"wbtieicolig8ov5","previousOperationId":"ah4vdknhb2fs8cy"}
{"type":"log","timestamp":1704991784166,"level":"debug","message":"Page request finished: GET (script) 200 https://cdn.jsdelivr.net/npm/chart.js","meta":{"rootId":"pk50pm0khr6vvjk","id":"pk50pm0khr6vvjk"},"id":"vlha73bxiuhjry5","previousOperationId":"ah4vdknhb2fs8cy"}
{"type":"log","timestamp":1704991784208,"level":"debug","message":"Running chrome with params {\"printBackground\":true,\"timeout\":59972,\"margin\":{}}","meta":{"rootId":"pk50pm0khr6vvjk","id":"pk50pm0khr6vvjk"},"id":"wf25df7tg9p0mib","previousOperationId":"ah4vdknhb2fs8cy"}
{"type":"operationEnd","operationId":"ah4vdknhb2fs8cy","timestamp":1704991784226,"id":"ccguwcdbzt71517","previousEventId":"e3wyl5jpjcpurnf","previousOperationId":"ah4vdknhb2fs8cy"}
{"type":"log","timestamp":1704991784226,"level":"debug","message":"Skipping storing report.","meta":{"rootId":"pk50pm0khr6vvjk","id":"pk50pm0khr6vvjk"},"id":"s73vbeg28yxxrw7","previousOperationId":"ah4vdknhb2fs8cy"}
{"type":"log","timestamp":1704991784226,"level":"info","message":"Rendering request 87 finished in 127 ms","meta":{"rootId":"pk50pm0khr6vvjk","id":"pk50pm0khr6vvjk"},"id":"kdjtyypr4sbpcwe","previousOperationId":"ah4vdknhb2fs8cy"}
{"type":"operationEnd","subtype":"render","operationId":"uxw2h0tlk88w0d9","timestamp":1704991784226,"id":"1ue0em4e3zew1cq","previousEventId":"ccguwcdbzt71517","previousOperationId":"ah4vdknhb2fs8cy"}
{"type":"operationEnd","doDiffs":false,"previousEventId":"oe91qzygzoiqaqs","previousOperationId":"3mtuxgb9udceqv6","operationId":"3mtuxgb9udceqv6","timestamp":1704991784228,"id":"bfmonchnfl12ify"}
