{"type":"operationStart","subtype":"profile","data":{"_id":"OfS7IYUEBTgVV4FV","timestamp":"2024-01-11T17:40:44.097Z","state":"queued","mode":"standard","creationDate":"2024-01-11T17:40:44.098Z","modificationDate":"2024-01-11T17:40:44.098Z","shortid":"GRxKYQJ","$entitySet":"profiles"},"doDiffs":false,"timestamp":1704994844097,"id":"4153k741wiazfmh","previousOperationId":null,"operationId":"or7s85bmck46pij"}
{"type":"log","level":"info","message":"Render request 9 queued for execution and waiting for available worker","previousOperationId":"or7s85bmck46pij","timestamp":1704994844097,"id":"uxghv15rdkosbxm"}
{"type":"operationStart","subtype":"render","name":"User_project","previousOperationId":"or7s85bmck46pij","timestamp":1704994844101,"id":"qfi3mbgp63x4vnd","previousEventId":"4153k741wiazfmh","operationId":"8o12rfq8xb9rr6c"}
{"type":"log","timestamp":1704994844101,"level":"info","message":"Starting rendering request 9","meta":{"rootId":"pkckqipi0agty73","id":"pkckqipi0agty73"},"id":"57zfctnjgizdaak","previousOperationId":"8o12rfq8xb9rr6c"}
{"type":"log","timestamp":1704994844101,"level":"info","message":"Rendering template { name: User_project, recipe: chrome-pdf, engine: handlebars, preview: true }","meta":{"rootId":"pkckqipi0agty73","id":"pkckqipi0agty73"},"id":"vf4qnuexuujm2rj","previousOperationId":"8o12rfq8xb9rr6c"}
{"type":"log","timestamp":1704994844102,"level":"debug","message":"Data item not defined for this template.","meta":{"rootId":"pkckqipi0agty73","id":"pkckqipi0agty73"},"id":"3s2b8olku34ad2j","previousOperationId":"8o12rfq8xb9rr6c"}
{"type":"log","timestamp":1704994844103,"level":"debug","message":"Executing script usabi-data (beforeRender)","meta":{"rootId":"pkckqipi0agty73","id":"pkckqipi0agty73"},"id":"fzpx6n9130v1kll","previousOperationId":"8o12rfq8xb9rr6c"}
{"type":"operationStart","subtype":"scriptsBeforeRender","name":"scripts beforeRender","timestamp":1704994844106,"id":"ph16l1yay5opbmi","previousEventId":"qfi3mbgp63x4vnd","operationId":"lbk6h90lt86zp29","previousOperationId":"8o12rfq8xb9rr6c"}
{"type":"operationStart","subtype":"script","name":"scripts usabi-data","previousOperationId":"lbk6h90lt86zp29","timestamp":1704994844106,"id":"4pmwvjesjqloj5d","previousEventId":"ph16l1yay5opbmi","operationId":"n4f9vyi219i3j2s"}
{"type":"operationEnd","operationId":"n4f9vyi219i3j2s","timestamp":1704994844126,"id":"uwhejjz8igguo85","previousEventId":"qfi3mbgp63x4vnd","previousOperationId":"8o12rfq8xb9rr6c"}
{"type":"log","timestamp":1704994844126,"level":"debug","message":"Executing script orders-script (beforeRender)","meta":{"rootId":"pkckqipi0agty73","id":"pkckqipi0agty73"},"id":"tgayf352ija0adk","previousOperationId":"8o12rfq8xb9rr6c"}
{"type":"operationStart","subtype":"script","name":"scripts orders-script","previousOperationId":"lbk6h90lt86zp29","timestamp":1704994844130,"id":"5bxgtyohiqxdxbc","previousEventId":"uwhejjz8igguo85","operationId":"th1th2heg4hlmr6"}
{"type":"operationEnd","operationId":"th1th2heg4hlmr6","timestamp":1704994845442,"id":"s1sse6ebuxg9bet","previousEventId":"uwhejjz8igguo85","previousOperationId":"8o12rfq8xb9rr6c"}
{"type":"operationEnd","operationId":"lbk6h90lt86zp29","timestamp":1704994845442,"id":"i6ogomk1eby8v93","previousEventId":"s1sse6ebuxg9bet","previousOperationId":"8o12rfq8xb9rr6c"}
{"type":"log","timestamp":1704994845442,"level":"debug","message":"Base url not specified, skipping its injection.","meta":{"rootId":"pkckqipi0agty73","id":"pkckqipi0agty73"},"id":"kcsgdmh0anbwqni","previousOperationId":"lbk6h90lt86zp29"}
{"type":"operationStart","subtype":"engine","name":"handlebars","timestamp":1704994845443,"id":"hmihsx88ed77xky","previousEventId":"i6ogomk1eby8v93","operationId":"f3aprexnoqqg2v2","previousOperationId":"lbk6h90lt86zp29"}
{"type":"log","timestamp":1704994845443,"level":"debug","message":"Rendering engine handlebars","meta":{"rootId":"pkckqipi0agty73","id":"pkckqipi0agty73"},"id":"e8780zkrftk2yix","previousOperationId":"f3aprexnoqqg2v2"}
{"type":"operationEnd","operationId":"f3aprexnoqqg2v2","timestamp":1704994845449,"id":"ye8lpbcbp0gwckj","previousEventId":"hmihsx88ed77xky","previousOperationId":"f3aprexnoqqg2v2"}
{"type":"operationStart","subtype":"recipe","name":"chrome-pdf","timestamp":1704994845449,"id":"swx0r8kbgdoecu0","previousEventId":"ye8lpbcbp0gwckj","operationId":"19cnsd105u007a5","previousOperationId":"f3aprexnoqqg2v2"}
{"type":"log","timestamp":1704994845449,"level":"debug","message":"Executing recipe chrome-pdf","meta":{"rootId":"pkckqipi0agty73","id":"pkckqipi0agty73"},"id":"q9z3b4gg80atswn","previousOperationId":"19cnsd105u007a5"}
{"type":"log","timestamp":1704994845452,"level":"debug","message":"Converting with chrome HeadlessChrome/117.0.5938.149 using chrome-pool strategy","meta":{"rootId":"pkckqipi0agty73","id":"pkckqipi0agty73"},"id":"6kg553td09nqfnj","previousOperationId":"19cnsd105u007a5"}
{"type":"log","timestamp":1704994845485,"level":"debug","message":"Page request: GET (document) file:///tmp/jsreport/autocleanup/5f7911c0-2d4c-4fca-a566-fe2fe6c9a794-chrome-pdf.html","meta":{"rootId":"pkckqipi0agty73","id":"pkckqipi0agty73"},"id":"axyx41iqoh9f3kz","previousOperationId":"19cnsd105u007a5"}
{"type":"log","timestamp":1704994845493,"level":"debug","message":"Page request: GET (script) https://cdn.jsdelivr.net/npm/chart.js","meta":{"rootId":"pkckqipi0agty73","id":"pkckqipi0agty73"},"id":"h9007kdww9pwgnf","previousOperationId":"19cnsd105u007a5"}
{"type":"log","timestamp":1704994845493,"level":"debug","message":"Page request finished: GET (document) 200 file:///tmp/jsreport/autocleanup/5f7911c0-2d4c-4fca-a566-fe2fe6c9a794-chrome-pdf.html","meta":{"rootId":"pkckqipi0agty73","id":"pkckqipi0agty73"},"id":"ajhc7op8u2t0wpy","previousOperationId":"19cnsd105u007a5"}
{"type":"log","timestamp":1704994845497,"level":"debug","message":"Page request finished: GET (script) 200 https://cdn.jsdelivr.net/npm/chart.js","meta":{"rootId":"pkckqipi0agty73","id":"pkckqipi0agty73"},"id":"sswgr4r60ju3zum","previousOperationId":"19cnsd105u007a5"}
{"type":"log","timestamp":1704994845499,"level":"warn","message":"Page error: Unexpected identifier 'Object' , stack: SyntaxError: Unexpected identifier 'Object'","meta":{"rootId":"pkckqipi0agty73","id":"pkckqipi0agty73"},"id":"29ubvty5twdch9g","previousOperationId":"19cnsd105u007a5"}
{"type":"log","timestamp":1704994845505,"level":"debug","message":"Running chrome with params {\"printBackground\":true,\"timeout\":58646,\"margin\":{}}","meta":{"rootId":"pkckqipi0agty73","id":"pkckqipi0agty73"},"id":"dggbfzgg0v5uino","previousOperationId":"19cnsd105u007a5"}
{"type":"operationEnd","operationId":"19cnsd105u007a5","timestamp":1704994845516,"id":"gf6n6g59nv0hrvb","previousEventId":"swx0r8kbgdoecu0","previousOperationId":"19cnsd105u007a5"}
{"type":"log","timestamp":1704994845516,"level":"debug","message":"Skipping storing report.","meta":{"rootId":"pkckqipi0agty73","id":"pkckqipi0agty73"},"id":"wrzoqfg5ga5om1f","previousOperationId":"19cnsd105u007a5"}
{"type":"log","timestamp":1704994845516,"level":"info","message":"Rendering request 9 finished in 1419 ms","meta":{"rootId":"pkckqipi0agty73","id":"pkckqipi0agty73"},"id":"ari3ygk9q9slz0i","previousOperationId":"19cnsd105u007a5"}
{"type":"operationEnd","subtype":"render","operationId":"8o12rfq8xb9rr6c","timestamp":1704994845516,"id":"ty6zxh0i9zso32b","previousEventId":"gf6n6g59nv0hrvb","previousOperationId":"19cnsd105u007a5"}
{"type":"operationEnd","doDiffs":false,"previousEventId":"4153k741wiazfmh","previousOperationId":"or7s85bmck46pij","operationId":"or7s85bmck46pij","timestamp":1704994845518,"id":"nsm30lsxnr4z836"}
