{"type":"operationStart","subtype":"profile","data":{"_id":"wQIKVkB30T2JI2W5","timestamp":"2024-01-11T16:47:36.386Z","state":"queued","mode":"standard","creationDate":"2024-01-11T16:47:36.387Z","modificationDate":"2024-01-11T16:47:36.387Z","shortid":"hMtmY7O","$entitySet":"profiles"},"doDiffs":false,"timestamp":1704991656387,"id":"bu1zgkg5mz6x60j","previousOperationId":null,"operationId":"u1bbkojjocphwuu"}
{"type":"log","level":"info","message":"Render request 77 queued for execution and waiting for available worker","previousOperationId":"u1bbkojjocphwuu","timestamp":1704991656387,"id":"x12y6nasxkshtik"}
{"type":"operationStart","subtype":"render","name":"User_project","previousOperationId":"u1bbkojjocphwuu","timestamp":1704991656390,"id":"o7owg98v27embn3","previousEventId":"bu1zgkg5mz6x60j","operationId":"ltuonvqfc6l25fz"}
{"type":"log","timestamp":1704991656390,"level":"info","message":"Starting rendering request 77","meta":{"rootId":"pnhrq1cf6n9p17i","id":"pnhrq1cf6n9p17i"},"id":"jrn6hphv447zmy6","previousOperationId":"ltuonvqfc6l25fz"}
{"type":"log","timestamp":1704991656390,"level":"info","message":"Rendering template { name: User_project, recipe: chrome-pdf, engine: handlebars, preview: true }","meta":{"rootId":"pnhrq1cf6n9p17i","id":"pnhrq1cf6n9p17i"},"id":"4pq9m8gixswvr2y","previousOperationId":"ltuonvqfc6l25fz"}
{"type":"log","timestamp":1704991656391,"level":"debug","message":"Data item not defined for this template.","meta":{"rootId":"pnhrq1cf6n9p17i","id":"pnhrq1cf6n9p17i"},"id":"mgnqk70fbj59bg2","previousOperationId":"ltuonvqfc6l25fz"}
{"type":"log","timestamp":1704991656391,"level":"debug","message":"Executing script usabi-data (beforeRender)","meta":{"rootId":"pnhrq1cf6n9p17i","id":"pnhrq1cf6n9p17i"},"id":"6i3gnjode847vqg","previousOperationId":"ltuonvqfc6l25fz"}
{"type":"operationStart","subtype":"scriptsBeforeRender","name":"scripts beforeRender","timestamp":1704991656394,"id":"9c18xk16rqjx7pa","previousEventId":"o7owg98v27embn3","operationId":"qh051momccfa27k","previousOperationId":"ltuonvqfc6l25fz"}
{"type":"operationStart","subtype":"script","name":"scripts usabi-data","previousOperationId":"qh051momccfa27k","timestamp":1704991656394,"id":"e41gjrqanzh5jcn","previousEventId":"9c18xk16rqjx7pa","operationId":"wpqxhejzaxc8lgt"}
{"type":"operationEnd","operationId":"wpqxhejzaxc8lgt","timestamp":1704991656405,"id":"w8qak2phizfs2mg","previousEventId":"o7owg98v27embn3","previousOperationId":"ltuonvqfc6l25fz"}
{"type":"operationEnd","operationId":"qh051momccfa27k","timestamp":1704991656405,"id":"dh1m8t9xk5ufnc0","previousEventId":"w8qak2phizfs2mg","previousOperationId":"ltuonvqfc6l25fz"}
{"type":"log","timestamp":1704991656405,"level":"debug","message":"Base url not specified, skipping its injection.","meta":{"rootId":"pnhrq1cf6n9p17i","id":"pnhrq1cf6n9p17i"},"id":"9gyq8s56k3t8oyl","previousOperationId":"qh051momccfa27k"}
{"type":"operationStart","subtype":"engine","name":"handlebars","timestamp":1704991656405,"id":"vov5t2snzjvnoqc","previousEventId":"dh1m8t9xk5ufnc0","operationId":"9nczkscje8pve70","previousOperationId":"qh051momccfa27k"}
{"type":"log","timestamp":1704991656405,"level":"debug","message":"Rendering engine handlebars","meta":{"rootId":"pnhrq1cf6n9p17i","id":"pnhrq1cf6n9p17i"},"id":"v3qih3yyluo1m2n","previousOperationId":"9nczkscje8pve70"}
{"type":"operationEnd","operationId":"9nczkscje8pve70","timestamp":1704991656412,"id":"2cx32nzck244n87","previousEventId":"vov5t2snzjvnoqc","previousOperationId":"9nczkscje8pve70"}
{"type":"operationStart","subtype":"recipe","name":"chrome-pdf","timestamp":1704991656412,"id":"a2sethusvzc49r1","previousEventId":"2cx32nzck244n87","operationId":"7ltdre3xb751t6o","previousOperationId":"9nczkscje8pve70"}
{"type":"log","timestamp":1704991656412,"level":"debug","message":"Executing recipe chrome-pdf","meta":{"rootId":"pnhrq1cf6n9p17i","id":"pnhrq1cf6n9p17i"},"id":"ynzh0gtsf0ntuhm","previousOperationId":"7ltdre3xb751t6o"}
{"type":"log","timestamp":1704991656414,"level":"debug","message":"Converting with chrome HeadlessChrome/117.0.5938.149 using chrome-pool strategy","meta":{"rootId":"pnhrq1cf6n9p17i","id":"pnhrq1cf6n9p17i"},"id":"broigapznre5pmu","previousOperationId":"7ltdre3xb751t6o"}
{"type":"log","timestamp":1704991656443,"level":"debug","message":"Page request: GET (document) file:///tmp/jsreport/autocleanup/2d4e1211-4f31-41fe-8455-3b5b9b909557-chrome-pdf.html","meta":{"rootId":"pnhrq1cf6n9p17i","id":"pnhrq1cf6n9p17i"},"id":"e07m4gc3ybqknsx","previousOperationId":"7ltdre3xb751t6o"}
{"type":"log","timestamp":1704991656453,"level":"debug","message":"Page request: GET (script) https://cdn.jsdelivr.net/npm/chart.js","meta":{"rootId":"pnhrq1cf6n9p17i","id":"pnhrq1cf6n9p17i"},"id":"alalghw89dwsatx","previousOperationId":"7ltdre3xb751t6o"}
{"type":"log","timestamp":1704991656454,"level":"debug","message":"Page request finished: GET (document) 200 file:///tmp/jsreport/autocleanup/2d4e1211-4f31-41fe-8455-3b5b9b909557-chrome-pdf.html","meta":{"rootId":"pnhrq1cf6n9p17i","id":"pnhrq1cf6n9p17i"},"id":"zg6jactdqpwkbey","previousOperationId":"7ltdre3xb751t6o"}
{"type":"log","timestamp":1704991656458,"level":"debug","message":"Page request finished: GET (script) 200 https://cdn.jsdelivr.net/npm/chart.js","meta":{"rootId":"pnhrq1cf6n9p17i","id":"pnhrq1cf6n9p17i"},"id":"d0q5n3jjcc9erd0","previousOperationId":"7ltdre3xb751t6o"}
{"type":"log","timestamp":1704991656532,"level":"debug","message":"Running chrome with params {\"printBackground\":true,\"timeout\":59973,\"margin\":{}}","meta":{"rootId":"pnhrq1cf6n9p17i","id":"pnhrq1cf6n9p17i"},"id":"riss77o2qd9vn40","previousOperationId":"7ltdre3xb751t6o"}
{"type":"operationEnd","operationId":"7ltdre3xb751t6o","timestamp":1704991656581,"id":"cln0kn4jffj0ncf","previousEventId":"a2sethusvzc49r1","previousOperationId":"7ltdre3xb751t6o"}
{"type":"log","timestamp":1704991656581,"level":"debug","message":"Skipping storing report.","meta":{"rootId":"pnhrq1cf6n9p17i","id":"pnhrq1cf6n9p17i"},"id":"3gg4xdvyr8pqkh4","previousOperationId":"7ltdre3xb751t6o"}
{"type":"log","timestamp":1704991656582,"level":"info","message":"Rendering request 77 finished in 196 ms","meta":{"rootId":"pnhrq1cf6n9p17i","id":"pnhrq1cf6n9p17i"},"id":"znhq1mp4nvmd3gm","previousOperationId":"7ltdre3xb751t6o"}
{"type":"operationEnd","subtype":"render","operationId":"ltuonvqfc6l25fz","timestamp":1704991656582,"id":"3y1xrp8fx7ugky8","previousEventId":"cln0kn4jffj0ncf","previousOperationId":"7ltdre3xb751t6o"}
{"type":"operationEnd","doDiffs":false,"previousEventId":"bu1zgkg5mz6x60j","previousOperationId":"u1bbkojjocphwuu","operationId":"u1bbkojjocphwuu","timestamp":1704991656583,"id":"nhtsjj2dlzbpfv8"}
