{"type":"operationStart","subtype":"profile","data":{"_id":"kcBZSD27Bf6v2dBE","timestamp":"2024-01-11T16:37:54.383Z","state":"queued","mode":"standard","creationDate":"2024-01-11T16:37:54.383Z","modificationDate":"2024-01-11T16:37:54.383Z","shortid":"EoJbVIv","$entitySet":"profiles"},"doDiffs":false,"timestamp":1704991074383,"id":"a4ggw0r6nids5h0","previousOperationId":null,"operationId":"9zgcciuauy0krq2"}
{"type":"log","level":"info","message":"Render request 59 queued for execution and waiting for available worker","previousOperationId":"9zgcciuauy0krq2","timestamp":1704991074383,"id":"jm1je13rmgm43e5"}
{"type":"operationStart","subtype":"render","name":"User_project","previousOperationId":"9zgcciuauy0krq2","timestamp":1704991074387,"id":"b50javrynpgdxgr","previousEventId":"a4ggw0r6nids5h0","operationId":"7uvou7bz3hcsubg"}
{"type":"log","timestamp":1704991074387,"level":"info","message":"Starting rendering request 59","meta":{"rootId":"pv91xxgf6i489f5","id":"pv91xxgf6i489f5"},"id":"vxhvyqkk69cxckp","previousOperationId":"7uvou7bz3hcsubg"}
{"type":"log","timestamp":1704991074387,"level":"info","message":"Rendering template { name: User_project, recipe: chrome-pdf, engine: handlebars, preview: true }","meta":{"rootId":"pv91xxgf6i489f5","id":"pv91xxgf6i489f5"},"id":"rmjbcy4l7nsipfw","previousOperationId":"7uvou7bz3hcsubg"}
{"type":"log","timestamp":1704991074388,"level":"debug","message":"Data item not defined for this template.","meta":{"rootId":"pv91xxgf6i489f5","id":"pv91xxgf6i489f5"},"id":"kx69cgl9lig1xs8","previousOperationId":"7uvou7bz3hcsubg"}
{"type":"log","timestamp":1704991074389,"level":"debug","message":"Executing script usabi-data (beforeRender)","meta":{"rootId":"pv91xxgf6i489f5","id":"pv91xxgf6i489f5"},"id":"zzin11d1ei14kty","previousOperationId":"7uvou7bz3hcsubg"}
{"type":"operationStart","subtype":"scriptsBeforeRender","name":"scripts beforeRender","timestamp":1704991074393,"id":"l6ls7d7p4gfrn7g","previousEventId":"b50javrynpgdxgr","operationId":"00684eyumwxyeyz","previousOperationId":"7uvou7bz3hcsubg"}
{"type":"operationStart","subtype":"script","name":"scripts usabi-data","previousOperationId":"00684eyumwxyeyz","timestamp":1704991074393,"id":"719sp8kqw34ku0e","previousEventId":"l6ls7d7p4gfrn7g","operationId":"g53czxi2ffvdpzo"}
{"type":"operationEnd","operationId":"g53czxi2ffvdpzo","timestamp":1704991074407,"id":"4xen4vfnqtqnqol","previousEventId":"b50javrynpgdxgr","previousOperationId":"7uvou7bz3hcsubg"}
{"type":"operationEnd","operationId":"00684eyumwxyeyz","timestamp":1704991074407,"id":"4fnralbzvrcooy4","previousEventId":"4xen4vfnqtqnqol","previousOperationId":"7uvou7bz3hcsubg"}
{"type":"log","timestamp":1704991074407,"level":"debug","message":"Base url not specified, skipping its injection.","meta":{"rootId":"pv91xxgf6i489f5","id":"pv91xxgf6i489f5"},"id":"i31ku0zjj6l4r1y","previousOperationId":"00684eyumwxyeyz"}
{"type":"operationStart","subtype":"engine","name":"handlebars","timestamp":1704991074407,"id":"52qjb47885ivbqf","previousEventId":"4fnralbzvrcooy4","operationId":"e2fwhdo734o7ysq","previousOperationId":"00684eyumwxyeyz"}
{"type":"log","timestamp":1704991074407,"level":"debug","message":"Rendering engine handlebars","meta":{"rootId":"pv91xxgf6i489f5","id":"pv91xxgf6i489f5"},"id":"6lljrgq8gbm4xof","previousOperationId":"e2fwhdo734o7ysq"}
{"type":"operationEnd","operationId":"e2fwhdo734o7ysq","timestamp":1704991074416,"id":"ozpbrg84gd0gmyo","previousEventId":"52qjb47885ivbqf","previousOperationId":"e2fwhdo734o7ysq"}
{"type":"operationStart","subtype":"recipe","name":"chrome-pdf","timestamp":1704991074416,"id":"t6gs3897gg268be","previousEventId":"ozpbrg84gd0gmyo","operationId":"a8krzj87he5trbf","previousOperationId":"e2fwhdo734o7ysq"}
{"type":"log","timestamp":1704991074416,"level":"debug","message":"Executing recipe chrome-pdf","meta":{"rootId":"pv91xxgf6i489f5","id":"pv91xxgf6i489f5"},"id":"gdsb6h7vo5jdrdq","previousOperationId":"a8krzj87he5trbf"}
{"type":"log","timestamp":1704991074417,"level":"debug","message":"Converting with chrome HeadlessChrome/117.0.5938.149 using chrome-pool strategy","meta":{"rootId":"pv91xxgf6i489f5","id":"pv91xxgf6i489f5"},"id":"ojypuj781r7m5lg","previousOperationId":"a8krzj87he5trbf"}
{"type":"log","timestamp":1704991074451,"level":"debug","message":"Page request: GET (document) file:///tmp/jsreport/autocleanup/6e99da21-e79e-4849-906e-6b2d902c8e79-chrome-pdf.html","meta":{"rootId":"pv91xxgf6i489f5","id":"pv91xxgf6i489f5"},"id":"7jmu25rwtg2jcwy","previousOperationId":"a8krzj87he5trbf"}
{"type":"log","timestamp":1704991074458,"level":"debug","message":"Page request: GET (script) https://cdn.jsdelivr.net/npm/chart.js","meta":{"rootId":"pv91xxgf6i489f5","id":"pv91xxgf6i489f5"},"id":"8ahrg7u2325eoxn","previousOperationId":"a8krzj87he5trbf"}
{"type":"log","timestamp":1704991074458,"level":"debug","message":"Page request finished: GET (document) 200 file:///tmp/jsreport/autocleanup/6e99da21-e79e-4849-906e-6b2d902c8e79-chrome-pdf.html","meta":{"rootId":"pv91xxgf6i489f5","id":"pv91xxgf6i489f5"},"id":"zo9zqhu7wo6x7mu","previousOperationId":"a8krzj87he5trbf"}
{"type":"log","timestamp":1704991074462,"level":"debug","message":"Page request finished: GET (script) 200 https://cdn.jsdelivr.net/npm/chart.js","meta":{"rootId":"pv91xxgf6i489f5","id":"pv91xxgf6i489f5"},"id":"c5aw5actd2v1qvd","previousOperationId":"a8krzj87he5trbf"}
{"type":"log","timestamp":1704991074505,"level":"debug","message":"Running chrome with params {\"printBackground\":true,\"timeout\":59966,\"margin\":{}}","meta":{"rootId":"pv91xxgf6i489f5","id":"pv91xxgf6i489f5"},"id":"tk1ffno5e7mrjiy","previousOperationId":"a8krzj87he5trbf"}
{"type":"operationEnd","operationId":"a8krzj87he5trbf","timestamp":1704991074529,"id":"wvb7cftgexgp5yo","previousEventId":"t6gs3897gg268be","previousOperationId":"a8krzj87he5trbf"}
{"type":"log","timestamp":1704991074529,"level":"debug","message":"Skipping storing report.","meta":{"rootId":"pv91xxgf6i489f5","id":"pv91xxgf6i489f5"},"id":"1mokoj8h9wqxlam","previousOperationId":"a8krzj87he5trbf"}
{"type":"log","timestamp":1704991074529,"level":"info","message":"Rendering request 59 finished in 146 ms","meta":{"rootId":"pv91xxgf6i489f5","id":"pv91xxgf6i489f5"},"id":"owowc3ev0b4n2st","previousOperationId":"a8krzj87he5trbf"}
{"type":"operationEnd","subtype":"render","operationId":"7uvou7bz3hcsubg","timestamp":1704991074529,"id":"j55s9z1pmpmuhen","previousEventId":"wvb7cftgexgp5yo","previousOperationId":"a8krzj87he5trbf"}
{"type":"operationEnd","doDiffs":false,"previousEventId":"a4ggw0r6nids5h0","previousOperationId":"9zgcciuauy0krq2","operationId":"9zgcciuauy0krq2","timestamp":1704991074533,"id":"t52lfpmz8dn9lcd"}
