{"type":"operationStart","subtype":"profile","data":{"_id":"kHq2TFK5vw24BS7C","timestamp":"2024-01-11T16:26:20.767Z","state":"queued","mode":"standard","creationDate":"2024-01-11T16:26:20.767Z","modificationDate":"2024-01-11T16:26:20.767Z","shortid":"ZX7x47k","$entitySet":"profiles"},"doDiffs":false,"timestamp":1704990380767,"id":"nuksajf4gcnavk8","previousOperationId":null,"operationId":"bwa7wzcakzlkbbg"}
{"type":"log","level":"info","message":"Render request 34 queued for execution and waiting for available worker","previousOperationId":"bwa7wzcakzlkbbg","timestamp":1704990380767,"id":"6mqzz9klssdcg90"}
{"type":"operationStart","subtype":"render","name":"User_project","previousOperationId":"bwa7wzcakzlkbbg","timestamp":1704990380771,"id":"x7itpo7743epsb3","previousEventId":"nuksajf4gcnavk8","operationId":"6m5rdecw2jjfu1x"}
{"type":"log","timestamp":1704990380771,"level":"info","message":"Starting rendering request 34","meta":{"rootId":"pweitve9tizzuzq","id":"pweitve9tizzuzq"},"id":"8m3hn53wvsiuhzm","previousOperationId":"6m5rdecw2jjfu1x"}
{"type":"log","timestamp":1704990380771,"level":"info","message":"Rendering template { name: User_project, recipe: chrome-pdf, engine: handlebars, preview: true }","meta":{"rootId":"pweitve9tizzuzq","id":"pweitve9tizzuzq"},"id":"sdldi6b5y3xalzb","previousOperationId":"6m5rdecw2jjfu1x"}
{"type":"log","timestamp":1704990380771,"level":"debug","message":"Data item not defined for this template.","meta":{"rootId":"pweitve9tizzuzq","id":"pweitve9tizzuzq"},"id":"ojsjusuc5ysbnw7","previousOperationId":"6m5rdecw2jjfu1x"}
{"type":"log","timestamp":1704990380772,"level":"debug","message":"Executing script usabi-data (beforeRender)","meta":{"rootId":"pweitve9tizzuzq","id":"pweitve9tizzuzq"},"id":"nfxn9d99fgpcp5c","previousOperationId":"6m5rdecw2jjfu1x"}
{"type":"operationStart","subtype":"scriptsBeforeRender","name":"scripts beforeRender","timestamp":1704990380775,"id":"sp14vgq59od28ig","previousEventId":"x7itpo7743epsb3","operationId":"kd8diy0dxwgiucd","previousOperationId":"6m5rdecw2jjfu1x"}
{"type":"operationStart","subtype":"script","name":"scripts usabi-data","previousOperationId":"kd8diy0dxwgiucd","timestamp":1704990380775,"id":"gwnn4arpb8xfukg","previousEventId":"sp14vgq59od28ig","operationId":"msjnt8tljqfv5sb"}
{"type":"operationEnd","operationId":"msjnt8tljqfv5sb","timestamp":1704990380785,"id":"3zih4pfsx4qy35c","previousEventId":"x7itpo7743epsb3","previousOperationId":"6m5rdecw2jjfu1x"}
{"type":"operationEnd","operationId":"kd8diy0dxwgiucd","timestamp":1704990380785,"id":"b5nta9bwywh5vj3","previousEventId":"3zih4pfsx4qy35c","previousOperationId":"6m5rdecw2jjfu1x"}
{"type":"log","timestamp":1704990380785,"level":"debug","message":"Base url not specified, skipping its injection.","meta":{"rootId":"pweitve9tizzuzq","id":"pweitve9tizzuzq"},"id":"iwr8yo0z67z1mtp","previousOperationId":"kd8diy0dxwgiucd"}
{"type":"operationStart","subtype":"engine","name":"handlebars","timestamp":1704990380785,"id":"jb16b9ffvt8ik8f","previousEventId":"b5nta9bwywh5vj3","operationId":"qu00eiqmha6khed","previousOperationId":"kd8diy0dxwgiucd"}
{"type":"log","timestamp":1704990380785,"level":"debug","message":"Rendering engine handlebars","meta":{"rootId":"pweitve9tizzuzq","id":"pweitve9tizzuzq"},"id":"xhg5kufs9f9t0hs","previousOperationId":"qu00eiqmha6khed"}
{"type":"operationEnd","operationId":"qu00eiqmha6khed","timestamp":1704990380792,"id":"uyb6jg5whm9ghaw","previousEventId":"jb16b9ffvt8ik8f","previousOperationId":"qu00eiqmha6khed"}
{"type":"operationStart","subtype":"recipe","name":"chrome-pdf","timestamp":1704990380793,"id":"7thrglehr5hopf7","previousEventId":"uyb6jg5whm9ghaw","operationId":"qm8xy7gnb8jc5z3","previousOperationId":"qu00eiqmha6khed"}
{"type":"log","timestamp":1704990380793,"level":"debug","message":"Executing recipe chrome-pdf","meta":{"rootId":"pweitve9tizzuzq","id":"pweitve9tizzuzq"},"id":"27kf1spoo890pe7","previousOperationId":"qm8xy7gnb8jc5z3"}
{"type":"log","timestamp":1704990380795,"level":"debug","message":"Converting with chrome HeadlessChrome/117.0.5938.149 using chrome-pool strategy","meta":{"rootId":"pweitve9tizzuzq","id":"pweitve9tizzuzq"},"id":"cmin5rcnsfksqru","previousOperationId":"qm8xy7gnb8jc5z3"}
{"type":"log","timestamp":1704990380828,"level":"debug","message":"Page request: GET (document) file:///tmp/jsreport/autocleanup/c32cf13f-6b78-4b64-bebd-8de7e41bdf67-chrome-pdf.html","meta":{"rootId":"pweitve9tizzuzq","id":"pweitve9tizzuzq"},"id":"oy05cyi42igwhkb","previousOperationId":"qm8xy7gnb8jc5z3"}
{"type":"log","timestamp":1704990380835,"level":"debug","message":"Page request: GET (script) https://cdn.jsdelivr.net/npm/chart.js","meta":{"rootId":"pweitve9tizzuzq","id":"pweitve9tizzuzq"},"id":"h5ujc7mzxe991pa","previousOperationId":"qm8xy7gnb8jc5z3"}
{"type":"log","timestamp":1704990380836,"level":"debug","message":"Page request finished: GET (document) 200 file:///tmp/jsreport/autocleanup/c32cf13f-6b78-4b64-bebd-8de7e41bdf67-chrome-pdf.html","meta":{"rootId":"pweitve9tizzuzq","id":"pweitve9tizzuzq"},"id":"iu9xykg1h1qy1vg","previousOperationId":"qm8xy7gnb8jc5z3"}
{"type":"log","timestamp":1704990380838,"level":"debug","message":"Page request finished: GET (script) 200 https://cdn.jsdelivr.net/npm/chart.js","meta":{"rootId":"pweitve9tizzuzq","id":"pweitve9tizzuzq"},"id":"b6er3ovnfujdyk9","previousOperationId":"qm8xy7gnb8jc5z3"}
{"type":"log","timestamp":1704990380887,"level":"debug","message":"Running chrome with params {\"printBackground\":true,\"timeout\":59973,\"margin\":{}}","meta":{"rootId":"pweitve9tizzuzq","id":"pweitve9tizzuzq"},"id":"p4xcpz9jb4gddm4","previousOperationId":"qm8xy7gnb8jc5z3"}
{"type":"operationEnd","operationId":"qm8xy7gnb8jc5z3","timestamp":1704990380909,"id":"g2m0fuiiyj5xrjj","previousEventId":"7thrglehr5hopf7","previousOperationId":"qm8xy7gnb8jc5z3"}
{"type":"log","timestamp":1704990380909,"level":"debug","message":"Skipping storing report.","meta":{"rootId":"pweitve9tizzuzq","id":"pweitve9tizzuzq"},"id":"x2ry2kuvx6v371g","previousOperationId":"qm8xy7gnb8jc5z3"}
{"type":"log","timestamp":1704990380909,"level":"info","message":"Rendering request 34 finished in 142 ms","meta":{"rootId":"pweitve9tizzuzq","id":"pweitve9tizzuzq"},"id":"3ymn23z9lvtltx0","previousOperationId":"qm8xy7gnb8jc5z3"}
{"type":"operationEnd","subtype":"render","operationId":"6m5rdecw2jjfu1x","timestamp":1704990380909,"id":"7g3o1j9p6cys6u9","previousEventId":"g2m0fuiiyj5xrjj","previousOperationId":"qm8xy7gnb8jc5z3"}
{"type":"operationEnd","doDiffs":false,"previousEventId":"nuksajf4gcnavk8","previousOperationId":"bwa7wzcakzlkbbg","operationId":"bwa7wzcakzlkbbg","timestamp":1704990380912,"id":"zvi3vp674lg31ai"}
