{"type":"operationStart","subtype":"profile","data":{"_id":"Wfkm497gsvvBMkCY","timestamp":"2024-01-11T18:33:40.359Z","state":"queued","mode":"standard","creationDate":"2024-01-11T18:33:40.360Z","modificationDate":"2024-01-11T18:33:40.360Z","shortid":"EUByQlg","$entitySet":"profiles"},"doDiffs":false,"timestamp":1704998020359,"id":"zqy3blgi0yb2fjj","previousOperationId":null,"operationId":"ir6388s1omx1z53"}
{"type":"log","level":"info","message":"Render request 22 queued for execution and waiting for available worker","previousOperationId":"ir6388s1omx1z53","timestamp":1704998020360,"id":"u92yvet4sdsw7ow"}
{"type":"operationStart","subtype":"render","name":"User_project","previousOperationId":"ir6388s1omx1z53","timestamp":1704998020364,"id":"lj0bo1pdulr91tq","previousEventId":"zqy3blgi0yb2fjj","operationId":"hnr6gqyfihunfu7"}
{"type":"log","timestamp":1704998020364,"level":"info","message":"Starting rendering request 22","meta":{"rootId":"q29nbf1xq0xdqeg","id":"q29nbf1xq0xdqeg"},"id":"x6qbt5o94iq96pn","previousOperationId":"hnr6gqyfihunfu7"}
{"type":"log","timestamp":1704998020364,"level":"info","message":"Rendering template { name: User_project, recipe: chrome-pdf, engine: handlebars, preview: true }","meta":{"rootId":"q29nbf1xq0xdqeg","id":"q29nbf1xq0xdqeg"},"id":"ztst7q2bt9bb4to","previousOperationId":"hnr6gqyfihunfu7"}
{"type":"log","timestamp":1704998020365,"level":"debug","message":"Data item not defined for this template.","meta":{"rootId":"q29nbf1xq0xdqeg","id":"q29nbf1xq0xdqeg"},"id":"2t69teqez8nxrvf","previousOperationId":"hnr6gqyfihunfu7"}
{"type":"log","timestamp":1704998020367,"level":"debug","message":"Executing script usabi-data (beforeRender)","meta":{"rootId":"q29nbf1xq0xdqeg","id":"q29nbf1xq0xdqeg"},"id":"9od74z3fqsylmhr","previousOperationId":"hnr6gqyfihunfu7"}
{"type":"operationStart","subtype":"scriptsBeforeRender","name":"scripts beforeRender","timestamp":1704998020371,"id":"6n7iykgqds4ivk8","previousEventId":"lj0bo1pdulr91tq","operationId":"zrbybjqvim8mjjl","previousOperationId":"hnr6gqyfihunfu7"}
{"type":"operationStart","subtype":"script","name":"scripts usabi-data","previousOperationId":"zrbybjqvim8mjjl","timestamp":1704998020371,"id":"nt7lm32btzsjmf4","previousEventId":"6n7iykgqds4ivk8","operationId":"kzib6cojk9d57f9"}
{"type":"operationEnd","operationId":"kzib6cojk9d57f9","timestamp":1704998020396,"id":"i3968yt2mici0a9","previousEventId":"lj0bo1pdulr91tq","previousOperationId":"hnr6gqyfihunfu7"}
{"type":"log","timestamp":1704998020396,"level":"debug","message":"Executing script orders-script (beforeRender)","meta":{"rootId":"q29nbf1xq0xdqeg","id":"q29nbf1xq0xdqeg"},"id":"2t49b8u7tjoe0xw","previousOperationId":"hnr6gqyfihunfu7"}
{"type":"operationStart","subtype":"script","name":"scripts orders-script","previousOperationId":"zrbybjqvim8mjjl","timestamp":1704998020400,"id":"o61awh74szuxn4l","previousEventId":"i3968yt2mici0a9","operationId":"5kx4x35wrtbt8ow"}
{"type":"operationEnd","operationId":"5kx4x35wrtbt8ow","timestamp":1704998021671,"id":"am3bokqkl1ufq48","previousEventId":"i3968yt2mici0a9","previousOperationId":"hnr6gqyfihunfu7"}
{"type":"operationEnd","operationId":"zrbybjqvim8mjjl","timestamp":1704998021671,"id":"1yrtt5ig50pw0pq","previousEventId":"am3bokqkl1ufq48","previousOperationId":"hnr6gqyfihunfu7"}
{"type":"log","timestamp":1704998021671,"level":"debug","message":"Base url not specified, skipping its injection.","meta":{"rootId":"q29nbf1xq0xdqeg","id":"q29nbf1xq0xdqeg"},"id":"y6wmcwlmam0m0l7","previousOperationId":"zrbybjqvim8mjjl"}
{"type":"operationStart","subtype":"engine","name":"handlebars","timestamp":1704998021671,"id":"bmyrrx1bwhl9sz9","previousEventId":"1yrtt5ig50pw0pq","operationId":"a7l704gtcxxrfaq","previousOperationId":"zrbybjqvim8mjjl"}
{"type":"log","timestamp":1704998021671,"level":"debug","message":"Rendering engine handlebars","meta":{"rootId":"q29nbf1xq0xdqeg","id":"q29nbf1xq0xdqeg"},"id":"fwqgh3vjkpgrth3","previousOperationId":"a7l704gtcxxrfaq"}
{"type":"operationEnd","operationId":"a7l704gtcxxrfaq","timestamp":1704998021677,"id":"lftuoeqgtarh79s","previousEventId":"bmyrrx1bwhl9sz9","previousOperationId":"a7l704gtcxxrfaq"}
{"type":"operationStart","subtype":"recipe","name":"chrome-pdf","timestamp":1704998021677,"id":"dwouzjtau6owm3y","previousEventId":"lftuoeqgtarh79s","operationId":"pp5hsm9bs8xy5nh","previousOperationId":"a7l704gtcxxrfaq"}
{"type":"log","timestamp":1704998021677,"level":"debug","message":"Executing recipe chrome-pdf","meta":{"rootId":"q29nbf1xq0xdqeg","id":"q29nbf1xq0xdqeg"},"id":"ylu1odwio84qi7y","previousOperationId":"pp5hsm9bs8xy5nh"}
{"type":"log","timestamp":1704998021679,"level":"debug","message":"Converting with chrome HeadlessChrome/117.0.5938.149 using chrome-pool strategy","meta":{"rootId":"q29nbf1xq0xdqeg","id":"q29nbf1xq0xdqeg"},"id":"u82k8g7cnbrw4ts","previousOperationId":"pp5hsm9bs8xy5nh"}
{"type":"log","timestamp":1704998021715,"level":"debug","message":"Page request: GET (document) file:///tmp/jsreport/autocleanup/804ab489-0725-43aa-8b12-a5fba6dc901d-chrome-pdf.html","meta":{"rootId":"q29nbf1xq0xdqeg","id":"q29nbf1xq0xdqeg"},"id":"s1glfu03r3ya5cj","previousOperationId":"pp5hsm9bs8xy5nh"}
{"type":"log","timestamp":1704998021722,"level":"debug","message":"Page request: GET (stylesheet) file:///tmp/jsreport/autocleanup/styles.css","meta":{"rootId":"q29nbf1xq0xdqeg","id":"q29nbf1xq0xdqeg"},"id":"hfai332t1n4el2i","previousOperationId":"pp5hsm9bs8xy5nh"}
{"type":"log","timestamp":1704998021722,"level":"debug","message":"Page request: GET (script) https://cdn.jsdelivr.net/npm/chart.js","meta":{"rootId":"q29nbf1xq0xdqeg","id":"q29nbf1xq0xdqeg"},"id":"yplq4ahysabidta","previousOperationId":"pp5hsm9bs8xy5nh"}
{"type":"log","timestamp":1704998021722,"level":"debug","message":"Page request finished: GET (document) 200 file:///tmp/jsreport/autocleanup/804ab489-0725-43aa-8b12-a5fba6dc901d-chrome-pdf.html","meta":{"rootId":"q29nbf1xq0xdqeg","id":"q29nbf1xq0xdqeg"},"id":"iwn6sjy0u096wy2","previousOperationId":"pp5hsm9bs8xy5nh"}
{"type":"log","timestamp":1704998021723,"level":"warn","message":"Page request failed: GET (stylesheet) file:///tmp/jsreport/autocleanup/styles.css, failure: net::ERR_FILE_NOT_FOUND","meta":{"rootId":"q29nbf1xq0xdqeg","id":"q29nbf1xq0xdqeg"},"id":"t669dk2vba4bzaz","previousOperationId":"pp5hsm9bs8xy5nh"}
{"type":"log","timestamp":1704998021723,"level":"debug","message":"(console:error) Failed to load resource: net::ERR_FILE_NOT_FOUND","meta":{"userLevel":true,"rootId":"q29nbf1xq0xdqeg","id":"q29nbf1xq0xdqeg"},"id":"3hotnt2h1lwg3n2","previousOperationId":"pp5hsm9bs8xy5nh"}
{"type":"log","timestamp":1704998021726,"level":"debug","message":"Page request finished: GET (script) 200 https://cdn.jsdelivr.net/npm/chart.js","meta":{"rootId":"q29nbf1xq0xdqeg","id":"q29nbf1xq0xdqeg"},"id":"1h4i5s8ror5ogz9","previousOperationId":"pp5hsm9bs8xy5nh"}
{"type":"log","timestamp":1704998021765,"level":"debug","message":"Running chrome with params {\"printBackground\":true,\"timeout\":58681,\"margin\":{}}","meta":{"rootId":"q29nbf1xq0xdqeg","id":"q29nbf1xq0xdqeg"},"id":"cw5bi8li1bnx917","previousOperationId":"pp5hsm9bs8xy5nh"}
{"type":"operationEnd","operationId":"pp5hsm9bs8xy5nh","timestamp":1704998021786,"id":"rkvhw5igso1ckfa","previousEventId":"dwouzjtau6owm3y","previousOperationId":"pp5hsm9bs8xy5nh"}
{"type":"log","timestamp":1704998021786,"level":"debug","message":"Skipping storing report.","meta":{"rootId":"q29nbf1xq0xdqeg","id":"q29nbf1xq0xdqeg"},"id":"b83ehyamjnxlyxi","previousOperationId":"pp5hsm9bs8xy5nh"}
{"type":"log","timestamp":1704998021786,"level":"info","message":"Rendering request 22 finished in 1427 ms","meta":{"rootId":"q29nbf1xq0xdqeg","id":"q29nbf1xq0xdqeg"},"id":"ejjitjbxnyobbva","previousOperationId":"pp5hsm9bs8xy5nh"}
{"type":"operationEnd","subtype":"render","operationId":"hnr6gqyfihunfu7","timestamp":1704998021786,"id":"hybzk0wparjla68","previousEventId":"rkvhw5igso1ckfa","previousOperationId":"pp5hsm9bs8xy5nh"}
{"type":"operationEnd","doDiffs":false,"previousEventId":"zqy3blgi0yb2fjj","previousOperationId":"ir6388s1omx1z53","operationId":"ir6388s1omx1z53","timestamp":1704998021789,"id":"9a7db0b4hsouun7"}
