{"type":"operationStart","subtype":"profile","data":{"_id":"i6ARDkWZAqSEs95d","timestamp":"2024-01-15T20:28:58.270Z","state":"queued","mode":"standard","creationDate":"2024-01-15T20:28:58.271Z","modificationDate":"2024-01-15T20:28:58.271Z","shortid":"qlZv4IQ","$entitySet":"profiles"},"doDiffs":false,"timestamp":1705350538271,"id":"i0dhj1hg8zwvdyr","previousOperationId":null,"operationId":"1j6cxse23lw8crs"}
{"type":"log","level":"info","message":"Render request 5 queued for execution and waiting for available worker","previousOperationId":"1j6cxse23lw8crs","timestamp":1705350538271,"id":"obm667u2oym53go"}
{"type":"operationStart","subtype":"render","name":"User_project","previousOperationId":"1j6cxse23lw8crs","timestamp":1705350538274,"id":"jicoveuuiqnq7xp","previousEventId":"i0dhj1hg8zwvdyr","operationId":"a4oese7f9h8gk65"}
{"type":"log","timestamp":1705350538274,"level":"info","message":"Starting rendering request 5","meta":{"rootId":"q2he2sw01wu4nkg","id":"q2he2sw01wu4nkg"},"id":"juhdo5sa4y2cgvh","previousOperationId":"a4oese7f9h8gk65"}
{"type":"log","timestamp":1705350538274,"level":"info","message":"Rendering template { name: User_project, recipe: chrome-pdf, engine: handlebars, preview: false }","meta":{"rootId":"q2he2sw01wu4nkg","id":"q2he2sw01wu4nkg"},"id":"e4wso1sfu9k2eiq","previousOperationId":"a4oese7f9h8gk65"}
{"type":"log","timestamp":1705350538275,"level":"debug","message":"Data item not defined for this template.","meta":{"rootId":"q2he2sw01wu4nkg","id":"q2he2sw01wu4nkg"},"id":"65cxyy76eahu88e","previousOperationId":"a4oese7f9h8gk65"}
{"type":"log","timestamp":1705350538276,"level":"debug","message":"Executing script usabi-data (beforeRender)","meta":{"rootId":"q2he2sw01wu4nkg","id":"q2he2sw01wu4nkg"},"id":"fxazai3bqpowb93","previousOperationId":"a4oese7f9h8gk65"}
{"type":"operationStart","subtype":"scriptsBeforeRender","name":"scripts beforeRender","timestamp":1705350538281,"id":"p50vc678rotkmjr","previousEventId":"jicoveuuiqnq7xp","operationId":"ndzrmv4w3rl8ja5","previousOperationId":"a4oese7f9h8gk65"}
{"type":"operationStart","subtype":"script","name":"scripts usabi-data","previousOperationId":"ndzrmv4w3rl8ja5","timestamp":1705350538281,"id":"aq35a95ownt316v","previousEventId":"p50vc678rotkmjr","operationId":"d132pzoyokdgpgy"}
{"type":"operationEnd","operationId":"d132pzoyokdgpgy","timestamp":1705350538293,"id":"zzme8ayv883yua6","previousEventId":"jicoveuuiqnq7xp","previousOperationId":"a4oese7f9h8gk65"}
{"type":"log","timestamp":1705350538293,"level":"debug","message":"Executing script orders-script (beforeRender)","meta":{"rootId":"q2he2sw01wu4nkg","id":"q2he2sw01wu4nkg"},"id":"9og300qogs9lsip","previousOperationId":"a4oese7f9h8gk65"}
{"type":"operationStart","subtype":"script","name":"scripts orders-script","previousOperationId":"ndzrmv4w3rl8ja5","timestamp":1705350538297,"id":"jighs3id6ttkwyh","previousEventId":"zzme8ayv883yua6","operationId":"uq922en7ttdx2d5"}
{"type":"operationEnd","operationId":"uq922en7ttdx2d5","timestamp":1705350539625,"id":"fmkofkte8d02zf1","previousEventId":"zzme8ayv883yua6","previousOperationId":"a4oese7f9h8gk65"}
{"type":"operationEnd","operationId":"ndzrmv4w3rl8ja5","timestamp":1705350539625,"id":"hbwp3a6nnus0r34","previousEventId":"fmkofkte8d02zf1","previousOperationId":"a4oese7f9h8gk65"}
{"type":"log","timestamp":1705350539625,"level":"debug","message":"Base url not specified, skipping its injection.","meta":{"rootId":"q2he2sw01wu4nkg","id":"q2he2sw01wu4nkg"},"id":"kmhpigtc2j1w1z2","previousOperationId":"ndzrmv4w3rl8ja5"}
{"type":"operationStart","subtype":"engine","name":"handlebars","timestamp":1705350539626,"id":"7u7kpbzeh5jxw18","previousEventId":"hbwp3a6nnus0r34","operationId":"45ww7ogw71r5xgr","previousOperationId":"ndzrmv4w3rl8ja5"}
{"type":"log","timestamp":1705350539626,"level":"debug","message":"Rendering engine handlebars","meta":{"rootId":"q2he2sw01wu4nkg","id":"q2he2sw01wu4nkg"},"id":"1o4y0dqo9finigq","previousOperationId":"45ww7ogw71r5xgr"}
{"type":"operationEnd","operationId":"45ww7ogw71r5xgr","timestamp":1705350539645,"id":"0ehcdnqpxuswrnu","previousEventId":"7u7kpbzeh5jxw18","previousOperationId":"45ww7ogw71r5xgr"}
{"type":"operationStart","subtype":"recipe","name":"chrome-pdf","timestamp":1705350539646,"id":"25eeirk1kdlbl9y","previousEventId":"0ehcdnqpxuswrnu","operationId":"xrcgwbrq8vc7xy7","previousOperationId":"45ww7ogw71r5xgr"}
{"type":"log","timestamp":1705350539646,"level":"debug","message":"Executing recipe chrome-pdf","meta":{"rootId":"q2he2sw01wu4nkg","id":"q2he2sw01wu4nkg"},"id":"mqbfjhzj9ktqzps","previousOperationId":"xrcgwbrq8vc7xy7"}
{"type":"log","timestamp":1705350539649,"level":"debug","message":"Converting with chrome HeadlessChrome/117.0.5938.149 using chrome-pool strategy","meta":{"rootId":"q2he2sw01wu4nkg","id":"q2he2sw01wu4nkg"},"id":"feanjvliu5vhofi","previousOperationId":"xrcgwbrq8vc7xy7"}
{"type":"log","timestamp":1705350539678,"level":"debug","message":"Page request: GET (document) file:///tmp/jsreport/autocleanup/f7dcc2a3-d1c8-4998-af17-a34d73b5fde0-chrome-pdf.html","meta":{"rootId":"q2he2sw01wu4nkg","id":"q2he2sw01wu4nkg"},"id":"tywrsal0o9ja08m","previousOperationId":"xrcgwbrq8vc7xy7"}
{"type":"log","timestamp":1705350539685,"level":"debug","message":"Page request: GET (script) https://cdn.jsdelivr.net/npm/chart.js","meta":{"rootId":"q2he2sw01wu4nkg","id":"q2he2sw01wu4nkg"},"id":"3h2lj3s6z1sxhpu","previousOperationId":"xrcgwbrq8vc7xy7"}
{"type":"log","timestamp":1705350539685,"level":"debug","message":"Page request finished: GET (document) 200 file:///tmp/jsreport/autocleanup/f7dcc2a3-d1c8-4998-af17-a34d73b5fde0-chrome-pdf.html","meta":{"rootId":"q2he2sw01wu4nkg","id":"q2he2sw01wu4nkg"},"id":"svz1b69ftxcidzk","previousOperationId":"xrcgwbrq8vc7xy7"}
{"type":"log","timestamp":1705350539688,"level":"debug","message":"Page request finished: GET (script) 200 https://cdn.jsdelivr.net/npm/chart.js","meta":{"rootId":"q2he2sw01wu4nkg","id":"q2he2sw01wu4nkg"},"id":"ix87t6n5mi1a4m1","previousOperationId":"xrcgwbrq8vc7xy7"}
{"type":"log","timestamp":1705350539730,"level":"debug","message":"Running chrome with params {\"printBackground\":true,\"timeout\":58622,\"margin\":{}}","meta":{"rootId":"q2he2sw01wu4nkg","id":"q2he2sw01wu4nkg"},"id":"w099g6j5n8kbe7q","previousOperationId":"xrcgwbrq8vc7xy7"}
{"type":"operationEnd","operationId":"xrcgwbrq8vc7xy7","timestamp":1705350539781,"id":"jdfvf1rkit35adm","previousEventId":"25eeirk1kdlbl9y","previousOperationId":"xrcgwbrq8vc7xy7"}
{"type":"log","timestamp":1705350539781,"level":"debug","message":"Skipping storing report.","meta":{"rootId":"q2he2sw01wu4nkg","id":"q2he2sw01wu4nkg"},"id":"nhdpm1lf9mex9tj","previousOperationId":"xrcgwbrq8vc7xy7"}
{"type":"log","timestamp":1705350539781,"level":"info","message":"Rendering request 5 finished in 1512 ms","meta":{"rootId":"q2he2sw01wu4nkg","id":"q2he2sw01wu4nkg"},"id":"w9rsb08i6pepxy2","previousOperationId":"xrcgwbrq8vc7xy7"}
{"type":"operationEnd","subtype":"render","operationId":"a4oese7f9h8gk65","timestamp":1705350539781,"id":"fqgd1ydjr9rmkby","previousEventId":"jdfvf1rkit35adm","previousOperationId":"xrcgwbrq8vc7xy7"}
{"type":"operationEnd","doDiffs":false,"previousEventId":"i0dhj1hg8zwvdyr","previousOperationId":"1j6cxse23lw8crs","operationId":"1j6cxse23lw8crs","timestamp":1705350539782,"id":"ofy0p8vldxklhi2"}
