{"type":"operationStart","subtype":"profile","data":{"_id":"QTscxYoSCWHzDJk8","timestamp":"2024-01-11T17:57:01.697Z","state":"queued","mode":"standard","creationDate":"2024-01-11T17:57:01.698Z","modificationDate":"2024-01-11T17:57:01.698Z","shortid":"AUE0ofL","$entitySet":"profiles"},"doDiffs":false,"timestamp":1704995821697,"id":"f5bo437cdb2krne","previousOperationId":null,"operationId":"q9hgqs7wn1ei5tv"}
{"type":"log","level":"info","message":"Render request 28 queued for execution and waiting for available worker","previousOperationId":"q9hgqs7wn1ei5tv","timestamp":1704995821697,"id":"kxxmfsov23fh62g"}
{"type":"operationStart","subtype":"render","name":"User_project","previousOperationId":"q9hgqs7wn1ei5tv","timestamp":1704995821701,"id":"xkbzxmduf7v5a28","previousEventId":"f5bo437cdb2krne","operationId":"zy9gvhpi8nlz8in"}
{"type":"log","timestamp":1704995821701,"level":"info","message":"Starting rendering request 28","meta":{"rootId":"q3rsxfhz2f49789","id":"q3rsxfhz2f49789"},"id":"obk11dqlixt74oj","previousOperationId":"zy9gvhpi8nlz8in"}
{"type":"log","timestamp":1704995821701,"level":"info","message":"Rendering template { name: User_project, recipe: chrome-pdf, engine: handlebars, preview: true }","meta":{"rootId":"q3rsxfhz2f49789","id":"q3rsxfhz2f49789"},"id":"l462hayler1azyj","previousOperationId":"zy9gvhpi8nlz8in"}
{"type":"log","timestamp":1704995821702,"level":"debug","message":"Data item not defined for this template.","meta":{"rootId":"q3rsxfhz2f49789","id":"q3rsxfhz2f49789"},"id":"xho9731sqch2945","previousOperationId":"zy9gvhpi8nlz8in"}
{"type":"log","timestamp":1704995821703,"level":"debug","message":"Executing script usabi-data (beforeRender)","meta":{"rootId":"q3rsxfhz2f49789","id":"q3rsxfhz2f49789"},"id":"fegio5c3l3igkgv","previousOperationId":"zy9gvhpi8nlz8in"}
{"type":"operationStart","subtype":"scriptsBeforeRender","name":"scripts beforeRender","timestamp":1704995821706,"id":"c0ye0l368vpvub1","previousEventId":"xkbzxmduf7v5a28","operationId":"5g2soutgi745ykl","previousOperationId":"zy9gvhpi8nlz8in"}
{"type":"operationStart","subtype":"script","name":"scripts usabi-data","previousOperationId":"5g2soutgi745ykl","timestamp":1704995821706,"id":"ntey83otuw71ilw","previousEventId":"c0ye0l368vpvub1","operationId":"pldnap94zvl87dv"}
{"type":"operationEnd","operationId":"pldnap94zvl87dv","timestamp":1704995821719,"id":"d4npi1jqfxku3cs","previousEventId":"xkbzxmduf7v5a28","previousOperationId":"zy9gvhpi8nlz8in"}
{"type":"log","timestamp":1704995821719,"level":"debug","message":"Executing script orders-script (beforeRender)","meta":{"rootId":"q3rsxfhz2f49789","id":"q3rsxfhz2f49789"},"id":"2pps0rhz2e94na5","previousOperationId":"zy9gvhpi8nlz8in"}
{"type":"operationStart","subtype":"script","name":"scripts orders-script","previousOperationId":"5g2soutgi745ykl","timestamp":1704995821722,"id":"ts2nozu95u01cpb","previousEventId":"d4npi1jqfxku3cs","operationId":"fpmo9tuv9afaimv"}
{"type":"operationEnd","operationId":"fpmo9tuv9afaimv","timestamp":1704995823014,"id":"mecckl0yn2687kv","previousEventId":"d4npi1jqfxku3cs","previousOperationId":"zy9gvhpi8nlz8in"}
{"type":"operationEnd","operationId":"5g2soutgi745ykl","timestamp":1704995823014,"id":"gbwtjb9zxgceejn","previousEventId":"mecckl0yn2687kv","previousOperationId":"zy9gvhpi8nlz8in"}
{"type":"log","timestamp":1704995823014,"level":"debug","message":"Base url not specified, skipping its injection.","meta":{"rootId":"q3rsxfhz2f49789","id":"q3rsxfhz2f49789"},"id":"296u65myep2zhrm","previousOperationId":"5g2soutgi745ykl"}
{"type":"operationStart","subtype":"engine","name":"handlebars","timestamp":1704995823014,"id":"74r8dzgaflhancy","previousEventId":"gbwtjb9zxgceejn","operationId":"eu4rx093896l5f2","previousOperationId":"5g2soutgi745ykl"}
{"type":"log","timestamp":1704995823014,"level":"debug","message":"Rendering engine handlebars","meta":{"rootId":"q3rsxfhz2f49789","id":"q3rsxfhz2f49789"},"id":"z83uk5a6t4dg8cc","previousOperationId":"eu4rx093896l5f2"}
{"type":"operationEnd","operationId":"eu4rx093896l5f2","timestamp":1704995823020,"id":"crej9te52qmy2fo","previousEventId":"74r8dzgaflhancy","previousOperationId":"eu4rx093896l5f2"}
{"type":"operationStart","subtype":"recipe","name":"chrome-pdf","timestamp":1704995823020,"id":"phd3hxvthlt7w47","previousEventId":"crej9te52qmy2fo","operationId":"hioj1fw7rht5plw","previousOperationId":"eu4rx093896l5f2"}
{"type":"log","timestamp":1704995823020,"level":"debug","message":"Executing recipe chrome-pdf","meta":{"rootId":"q3rsxfhz2f49789","id":"q3rsxfhz2f49789"},"id":"bnz2nz9ogzvd6ji","previousOperationId":"hioj1fw7rht5plw"}
{"type":"log","timestamp":1704995823021,"level":"debug","message":"Converting with chrome HeadlessChrome/117.0.5938.149 using chrome-pool strategy","meta":{"rootId":"q3rsxfhz2f49789","id":"q3rsxfhz2f49789"},"id":"x170s93sf94b409","previousOperationId":"hioj1fw7rht5plw"}
{"type":"log","timestamp":1704995823061,"level":"debug","message":"Page request: GET (document) file:///tmp/jsreport/autocleanup/50bd2720-8ff4-44db-a556-df53c21efb8a-chrome-pdf.html","meta":{"rootId":"q3rsxfhz2f49789","id":"q3rsxfhz2f49789"},"id":"qz886oxmpv6lq8h","previousOperationId":"hioj1fw7rht5plw"}
{"type":"log","timestamp":1704995823069,"level":"debug","message":"Page request: GET (script) https://cdn.jsdelivr.net/npm/chart.js","meta":{"rootId":"q3rsxfhz2f49789","id":"q3rsxfhz2f49789"},"id":"bziadoq52vryklc","previousOperationId":"hioj1fw7rht5plw"}
{"type":"log","timestamp":1704995823069,"level":"debug","message":"Page request finished: GET (document) 200 file:///tmp/jsreport/autocleanup/50bd2720-8ff4-44db-a556-df53c21efb8a-chrome-pdf.html","meta":{"rootId":"q3rsxfhz2f49789","id":"q3rsxfhz2f49789"},"id":"rq0loanvb1mvud9","previousOperationId":"hioj1fw7rht5plw"}
{"type":"log","timestamp":1704995823072,"level":"debug","message":"Page request finished: GET (script) 200 https://cdn.jsdelivr.net/npm/chart.js","meta":{"rootId":"q3rsxfhz2f49789","id":"q3rsxfhz2f49789"},"id":"7kbs48um08egqk6","previousOperationId":"hioj1fw7rht5plw"}
{"type":"log","timestamp":1704995823119,"level":"warn","message":"Page error: Canvas is already in use. Chart with ID '0' must be destroyed before the canvas with ID '' can be reused. , stack: Error: Canvas is already in use. Chart with ID '0' must be destroyed before the canvas with ID '' can be reused.\n    at An (https://cdn.jsdelivr.net/npm/chart.js:19:89653)\n    at <anonymous> (file:///tmp/jsreport/autocleanup/50bd2720-8ff4-44db-a556-df53c21efb8a-chrome-pdf.html:77:9)","meta":{"rootId":"q3rsxfhz2f49789","id":"q3rsxfhz2f49789"},"id":"dsxjae5262gz14s","previousOperationId":"hioj1fw7rht5plw"}
{"type":"log","timestamp":1704995823121,"level":"debug","message":"Running chrome with params {\"printBackground\":true,\"timeout\":58676,\"margin\":{}}","meta":{"rootId":"q3rsxfhz2f49789","id":"q3rsxfhz2f49789"},"id":"smstimoidohm8lw","previousOperationId":"hioj1fw7rht5plw"}
{"type":"operationEnd","operationId":"hioj1fw7rht5plw","timestamp":1704995823141,"id":"yngo7c0wh9rhecg","previousEventId":"phd3hxvthlt7w47","previousOperationId":"hioj1fw7rht5plw"}
{"type":"log","timestamp":1704995823141,"level":"debug","message":"Skipping storing report.","meta":{"rootId":"q3rsxfhz2f49789","id":"q3rsxfhz2f49789"},"id":"g0yyifsh40hiprq","previousOperationId":"hioj1fw7rht5plw"}
{"type":"log","timestamp":1704995823141,"level":"info","message":"Rendering request 28 finished in 1444 ms","meta":{"rootId":"q3rsxfhz2f49789","id":"q3rsxfhz2f49789"},"id":"ask4qitnbbb3vjo","previousOperationId":"hioj1fw7rht5plw"}
{"type":"operationEnd","subtype":"render","operationId":"zy9gvhpi8nlz8in","timestamp":1704995823141,"id":"7u46cb6ua506kv4","previousEventId":"yngo7c0wh9rhecg","previousOperationId":"hioj1fw7rht5plw"}
{"type":"operationEnd","doDiffs":false,"previousEventId":"f5bo437cdb2krne","previousOperationId":"q9hgqs7wn1ei5tv","operationId":"q9hgqs7wn1ei5tv","timestamp":1704995823144,"id":"nfxhw7ceh9sb0bp"}
