{"type":"operationStart","subtype":"profile","data":{"_id":"1FpgP1ENVXNQlPO9","timestamp":"2024-01-11T17:28:32.797Z","state":"queued","mode":"standard","creationDate":"2024-01-11T17:28:32.797Z","modificationDate":"2024-01-11T17:28:32.797Z","shortid":"0ITTTKY","$entitySet":"profiles"},"doDiffs":false,"timestamp":1704994112797,"id":"9jqd1e0atbqoxbs","previousOperationId":null,"operationId":"sfi4yj48m398esm"}
{"type":"log","level":"info","message":"Render request 144 queued for execution and waiting for available worker","previousOperationId":"sfi4yj48m398esm","timestamp":1704994112797,"id":"6l0b6hbt8s1dvvi"}
{"type":"operationStart","subtype":"render","name":"User_project","previousOperationId":"sfi4yj48m398esm","timestamp":1704994112801,"id":"hdfxs005de4nqfk","previousEventId":"9jqd1e0atbqoxbs","operationId":"395ocpi1igvtoft"}
{"type":"log","timestamp":1704994112801,"level":"info","message":"Starting rendering request 144","meta":{"rootId":"q8kwe75j8n2pn2q","id":"q8kwe75j8n2pn2q"},"id":"aroxi5zanahzclg","previousOperationId":"395ocpi1igvtoft"}
{"type":"log","timestamp":1704994112801,"level":"info","message":"Rendering template { name: User_project, recipe: chrome-pdf, engine: handlebars, preview: true }","meta":{"rootId":"q8kwe75j8n2pn2q","id":"q8kwe75j8n2pn2q"},"id":"peptw9ps5a2g2ga","previousOperationId":"395ocpi1igvtoft"}
{"type":"log","timestamp":1704994112801,"level":"debug","message":"Data item not defined for this template.","meta":{"rootId":"q8kwe75j8n2pn2q","id":"q8kwe75j8n2pn2q"},"id":"3awayz0e0pha56a","previousOperationId":"395ocpi1igvtoft"}
{"type":"log","timestamp":1704994112803,"level":"debug","message":"Executing script usabi-data (beforeRender)","meta":{"rootId":"q8kwe75j8n2pn2q","id":"q8kwe75j8n2pn2q"},"id":"hheihcmp4dvuegm","previousOperationId":"395ocpi1igvtoft"}
{"type":"operationStart","subtype":"scriptsBeforeRender","name":"scripts beforeRender","timestamp":1704994112806,"id":"e0jj6x7lowdbfsn","previousEventId":"hdfxs005de4nqfk","operationId":"ergghu6xlv8pcc9","previousOperationId":"395ocpi1igvtoft"}
{"type":"operationStart","subtype":"script","name":"scripts usabi-data","previousOperationId":"ergghu6xlv8pcc9","timestamp":1704994112806,"id":"h3ufkn9e79v0rwp","previousEventId":"e0jj6x7lowdbfsn","operationId":"a26dj5y34dajk74"}
{"type":"log","timestamp":1704994112826,"level":"debug","message":"(console:log) Datos obtenidos correctamente: {\n  user_project_data: [\n    { user_name: 'admin', projects: [Array] },\n    { user_name: 'aisha', projects: [Array] },\n    { user_name: 'carlos', projects: [Array] },\n    { user_name: 'adrian', projects: [Array] }\n  ]\n}","meta":{"userLevel":true,"rootId":"q8kwe75j8n2pn2q","id":"q8kwe75j8n2pn2q"},"id":"ua8t9lwjjkwd7nl","previousOperationId":"a26dj5y34dajk74"}
{"type":"log","timestamp":1704994112826,"level":"debug","message":"(console:log) Datos transformados: {\n  usabiData: [\n    { user_name: 'admin', projects: [Array] },\n    { user_name: 'aisha', projects: [Array] },\n    { user_name: 'carlos', projects: [Array] },\n    { user_name: 'adrian', projects: [Array] }\n  ]\n}","meta":{"userLevel":true,"rootId":"q8kwe75j8n2pn2q","id":"q8kwe75j8n2pn2q"},"id":"u8tcf5bykxicjcr","previousOperationId":"a26dj5y34dajk74"}
{"type":"operationEnd","operationId":"a26dj5y34dajk74","timestamp":1704994112827,"id":"i4h9wuippghpv8m","previousEventId":"hdfxs005de4nqfk","previousOperationId":"395ocpi1igvtoft"}
{"type":"log","timestamp":1704994112827,"level":"debug","message":"Executing script orders-script (beforeRender)","meta":{"rootId":"q8kwe75j8n2pn2q","id":"q8kwe75j8n2pn2q"},"id":"mpjqt6agsw20k6c","previousOperationId":"395ocpi1igvtoft"}
{"type":"operationStart","subtype":"script","name":"scripts orders-script","previousOperationId":"ergghu6xlv8pcc9","timestamp":1704994112835,"id":"rc77nok3ua5idsj","previousEventId":"i4h9wuippghpv8m","operationId":"jws4pmqxjna3i9j"}
{"type":"operationEnd","operationId":"jws4pmqxjna3i9j","timestamp":1704994114129,"id":"n1m8noxgu19olhb","previousEventId":"i4h9wuippghpv8m","previousOperationId":"395ocpi1igvtoft"}
{"type":"operationEnd","operationId":"ergghu6xlv8pcc9","timestamp":1704994114129,"id":"xqqsnw5akf4j250","previousEventId":"n1m8noxgu19olhb","previousOperationId":"395ocpi1igvtoft"}
{"type":"log","timestamp":1704994114129,"level":"debug","message":"Base url not specified, skipping its injection.","meta":{"rootId":"q8kwe75j8n2pn2q","id":"q8kwe75j8n2pn2q"},"id":"0nfjwskxavnpy0e","previousOperationId":"ergghu6xlv8pcc9"}
{"type":"operationStart","subtype":"engine","name":"handlebars","timestamp":1704994114129,"id":"dhd7ym7l148dniu","previousEventId":"xqqsnw5akf4j250","operationId":"9clmaby8hnnako4","previousOperationId":"ergghu6xlv8pcc9"}
{"type":"log","timestamp":1704994114129,"level":"debug","message":"Rendering engine handlebars","meta":{"rootId":"q8kwe75j8n2pn2q","id":"q8kwe75j8n2pn2q"},"id":"ph4qn83bqnmomls","previousOperationId":"9clmaby8hnnako4"}
{"type":"operationEnd","operationId":"9clmaby8hnnako4","timestamp":1704994114134,"id":"6ol62dxe5x4h23j","previousEventId":"dhd7ym7l148dniu","previousOperationId":"9clmaby8hnnako4"}
{"type":"operationStart","subtype":"recipe","name":"chrome-pdf","timestamp":1704994114134,"id":"mq9zfcs8avexzj2","previousEventId":"6ol62dxe5x4h23j","operationId":"13h70n5vqzyu2e5","previousOperationId":"9clmaby8hnnako4"}
{"type":"log","timestamp":1704994114134,"level":"debug","message":"Executing recipe chrome-pdf","meta":{"rootId":"q8kwe75j8n2pn2q","id":"q8kwe75j8n2pn2q"},"id":"xf64nyoscru70b9","previousOperationId":"13h70n5vqzyu2e5"}
{"type":"log","timestamp":1704994114136,"level":"debug","message":"Converting with chrome HeadlessChrome/117.0.5938.149 using chrome-pool strategy","meta":{"rootId":"q8kwe75j8n2pn2q","id":"q8kwe75j8n2pn2q"},"id":"9lnwryif6y40zd5","previousOperationId":"13h70n5vqzyu2e5"}
{"type":"log","timestamp":1704994114162,"level":"debug","message":"Page request: GET (document) file:///tmp/jsreport/autocleanup/596bbaf6-f018-467d-81b0-cee37b237aa3-chrome-pdf.html","meta":{"rootId":"q8kwe75j8n2pn2q","id":"q8kwe75j8n2pn2q"},"id":"13brvut70dk6ana","previousOperationId":"13h70n5vqzyu2e5"}
{"type":"log","timestamp":1704994114170,"level":"debug","message":"Page request: GET (script) https://cdn.jsdelivr.net/npm/chart.js","meta":{"rootId":"q8kwe75j8n2pn2q","id":"q8kwe75j8n2pn2q"},"id":"589r5fk3q40vns5","previousOperationId":"13h70n5vqzyu2e5"}
{"type":"log","timestamp":1704994114171,"level":"debug","message":"Page request finished: GET (document) 200 file:///tmp/jsreport/autocleanup/596bbaf6-f018-467d-81b0-cee37b237aa3-chrome-pdf.html","meta":{"rootId":"q8kwe75j8n2pn2q","id":"q8kwe75j8n2pn2q"},"id":"7w4d62lkdpo3a17","previousOperationId":"13h70n5vqzyu2e5"}
{"type":"log","timestamp":1704994114174,"level":"debug","message":"Page request finished: GET (script) 200 https://cdn.jsdelivr.net/npm/chart.js","meta":{"rootId":"q8kwe75j8n2pn2q","id":"q8kwe75j8n2pn2q"},"id":"zh199ftgabth52a","previousOperationId":"13h70n5vqzyu2e5"}
{"type":"log","timestamp":1704994114177,"level":"warn","message":"Page error: Unexpected token ';' , stack: SyntaxError: Unexpected token ';'","meta":{"rootId":"q8kwe75j8n2pn2q","id":"q8kwe75j8n2pn2q"},"id":"x5cqvr8bxt4jz16","previousOperationId":"13h70n5vqzyu2e5"}
{"type":"log","timestamp":1704994114180,"level":"debug","message":"Running chrome with params {\"printBackground\":true,\"timeout\":58661,\"margin\":{}}","meta":{"rootId":"q8kwe75j8n2pn2q","id":"q8kwe75j8n2pn2q"},"id":"8050tl8kvp2jgw5","previousOperationId":"13h70n5vqzyu2e5"}
{"type":"operationEnd","operationId":"13h70n5vqzyu2e5","timestamp":1704994114187,"id":"cfirl3fudark70m","previousEventId":"mq9zfcs8avexzj2","previousOperationId":"13h70n5vqzyu2e5"}
{"type":"log","timestamp":1704994114187,"level":"debug","message":"Skipping storing report.","meta":{"rootId":"q8kwe75j8n2pn2q","id":"q8kwe75j8n2pn2q"},"id":"pm7um1xe3qehlh3","previousOperationId":"13h70n5vqzyu2e5"}
{"type":"log","timestamp":1704994114187,"level":"info","message":"Rendering request 144 finished in 1391 ms","meta":{"rootId":"q8kwe75j8n2pn2q","id":"q8kwe75j8n2pn2q"},"id":"i8m6q638aqngjvw","previousOperationId":"13h70n5vqzyu2e5"}
{"type":"operationEnd","subtype":"render","operationId":"395ocpi1igvtoft","timestamp":1704994114187,"id":"nap4o0wv06z68gt","previousEventId":"cfirl3fudark70m","previousOperationId":"13h70n5vqzyu2e5"}
{"type":"operationEnd","doDiffs":false,"previousEventId":"9jqd1e0atbqoxbs","previousOperationId":"sfi4yj48m398esm","operationId":"sfi4yj48m398esm","timestamp":1704994114191,"id":"vgnw9cqgo01idul"}
