{"type":"operationStart","subtype":"profile","data":{"_id":"B5UpROVpklAZen4U","timestamp":"2024-01-11T18:44:30.617Z","state":"queued","mode":"standard","creationDate":"2024-01-11T18:44:30.618Z","modificationDate":"2024-01-11T18:44:30.618Z","shortid":"dhAgwbE","$entitySet":"profiles"},"doDiffs":false,"timestamp":1704998670617,"id":"306l19njvm3q3s1","previousOperationId":null,"operationId":"hc5k2sdqdw5tjpd"}
{"type":"log","level":"info","message":"Render request 33 queued for execution and waiting for available worker","previousOperationId":"hc5k2sdqdw5tjpd","timestamp":1704998670617,"id":"zmipnoix8tngwb3"}
{"type":"operationStart","subtype":"render","name":"User_project","previousOperationId":"hc5k2sdqdw5tjpd","timestamp":1704998670622,"id":"jmxh02msg8igk57","previousEventId":"306l19njvm3q3s1","operationId":"55i3aceszp4r3be"}
{"type":"log","timestamp":1704998670622,"level":"info","message":"Starting rendering request 33","meta":{"rootId":"qahc5096djdjk2r","id":"qahc5096djdjk2r"},"id":"xpcqn10d6i0tssm","previousOperationId":"55i3aceszp4r3be"}
{"type":"log","timestamp":1704998670622,"level":"info","message":"Rendering template { name: User_project, recipe: chrome-pdf, engine: handlebars, preview: true }","meta":{"rootId":"qahc5096djdjk2r","id":"qahc5096djdjk2r"},"id":"o0p40oyi8oq577l","previousOperationId":"55i3aceszp4r3be"}
{"type":"log","timestamp":1704998670623,"level":"debug","message":"Data item not defined for this template.","meta":{"rootId":"qahc5096djdjk2r","id":"qahc5096djdjk2r"},"id":"o8s7jj05tcdgq8x","previousOperationId":"55i3aceszp4r3be"}
{"type":"log","timestamp":1704998670624,"level":"debug","message":"Executing script usabi-data (beforeRender)","meta":{"rootId":"qahc5096djdjk2r","id":"qahc5096djdjk2r"},"id":"xbxqlwj13eqxx96","previousOperationId":"55i3aceszp4r3be"}
{"type":"operationStart","subtype":"scriptsBeforeRender","name":"scripts beforeRender","timestamp":1704998670628,"id":"q6kabjcggl9bwov","previousEventId":"jmxh02msg8igk57","operationId":"nvt7717erq7jrrc","previousOperationId":"55i3aceszp4r3be"}
{"type":"operationStart","subtype":"script","name":"scripts usabi-data","previousOperationId":"nvt7717erq7jrrc","timestamp":1704998670628,"id":"42hnmxtc3o85y77","previousEventId":"q6kabjcggl9bwov","operationId":"n41nx7pevbaqshj"}
{"type":"operationEnd","operationId":"n41nx7pevbaqshj","timestamp":1704998670646,"id":"qxsr7m0mra83fxh","previousEventId":"jmxh02msg8igk57","previousOperationId":"55i3aceszp4r3be"}
{"type":"log","timestamp":1704998670646,"level":"debug","message":"Executing script orders-script (beforeRender)","meta":{"rootId":"qahc5096djdjk2r","id":"qahc5096djdjk2r"},"id":"c7lzussvgjytfr5","previousOperationId":"55i3aceszp4r3be"}
{"type":"operationStart","subtype":"script","name":"scripts orders-script","previousOperationId":"nvt7717erq7jrrc","timestamp":1704998670650,"id":"ppk8ywlqto64nbt","previousEventId":"qxsr7m0mra83fxh","operationId":"fa4hvy4heqfh25c"}
{"type":"operationEnd","operationId":"fa4hvy4heqfh25c","timestamp":1704998672422,"id":"cq9fhr26tniaxps","previousEventId":"qxsr7m0mra83fxh","previousOperationId":"55i3aceszp4r3be"}
{"type":"operationEnd","operationId":"nvt7717erq7jrrc","timestamp":1704998672422,"id":"hcwytvjph7b7e95","previousEventId":"cq9fhr26tniaxps","previousOperationId":"55i3aceszp4r3be"}
{"type":"log","timestamp":1704998672422,"level":"debug","message":"Base url not specified, skipping its injection.","meta":{"rootId":"qahc5096djdjk2r","id":"qahc5096djdjk2r"},"id":"vs49agicvqejjd9","previousOperationId":"nvt7717erq7jrrc"}
{"type":"operationStart","subtype":"engine","name":"handlebars","timestamp":1704998672422,"id":"wfzt5kbgap8kh6w","previousEventId":"hcwytvjph7b7e95","operationId":"ot3gyhh55t97ypd","previousOperationId":"nvt7717erq7jrrc"}
{"type":"log","timestamp":1704998672422,"level":"debug","message":"Rendering engine handlebars","meta":{"rootId":"qahc5096djdjk2r","id":"qahc5096djdjk2r"},"id":"keoq25y9l1drxtz","previousOperationId":"ot3gyhh55t97ypd"}
{"type":"operationEnd","operationId":"ot3gyhh55t97ypd","timestamp":1704998672436,"id":"dom7806e6opmkbe","previousEventId":"wfzt5kbgap8kh6w","previousOperationId":"ot3gyhh55t97ypd"}
{"type":"operationStart","subtype":"recipe","name":"chrome-pdf","timestamp":1704998672436,"id":"xuyd6hyoil4k2ub","previousEventId":"dom7806e6opmkbe","operationId":"1hrx250vkiw97ce","previousOperationId":"ot3gyhh55t97ypd"}
{"type":"log","timestamp":1704998672436,"level":"debug","message":"Executing recipe chrome-pdf","meta":{"rootId":"qahc5096djdjk2r","id":"qahc5096djdjk2r"},"id":"5p76lokuyucolue","previousOperationId":"1hrx250vkiw97ce"}
{"type":"log","timestamp":1704998672454,"level":"debug","message":"Converting with chrome HeadlessChrome/117.0.5938.149 using chrome-pool strategy","meta":{"rootId":"qahc5096djdjk2r","id":"qahc5096djdjk2r"},"id":"9zbw4umoqgx0krz","previousOperationId":"1hrx250vkiw97ce"}
{"type":"log","timestamp":1704998672485,"level":"debug","message":"Page request: GET (document) file:///tmp/jsreport/autocleanup/98603434-2fdd-40cb-972d-9f5786f6a67a-chrome-pdf.html","meta":{"rootId":"qahc5096djdjk2r","id":"qahc5096djdjk2r"},"id":"0qvmlrlcpgdgjn4","previousOperationId":"1hrx250vkiw97ce"}
{"type":"log","timestamp":1704998672492,"level":"debug","message":"Page request: GET (script) https://cdn.jsdelivr.net/npm/chart.js","meta":{"rootId":"qahc5096djdjk2r","id":"qahc5096djdjk2r"},"id":"okrgmwqn5os084y","previousOperationId":"1hrx250vkiw97ce"}
{"type":"log","timestamp":1704998672492,"level":"debug","message":"Page request finished: GET (document) 200 file:///tmp/jsreport/autocleanup/98603434-2fdd-40cb-972d-9f5786f6a67a-chrome-pdf.html","meta":{"rootId":"qahc5096djdjk2r","id":"qahc5096djdjk2r"},"id":"v9dcrzmvwclcv1z","previousOperationId":"1hrx250vkiw97ce"}
{"type":"log","timestamp":1704998672495,"level":"debug","message":"Page request finished: GET (script) 200 https://cdn.jsdelivr.net/npm/chart.js","meta":{"rootId":"qahc5096djdjk2r","id":"qahc5096djdjk2r"},"id":"mi06ss9bzh2fzw2","previousOperationId":"1hrx250vkiw97ce"}
{"type":"log","timestamp":1704998672538,"level":"debug","message":"Running chrome with params {\"printBackground\":true,\"timeout\":58179,\"margin\":{}}","meta":{"rootId":"qahc5096djdjk2r","id":"qahc5096djdjk2r"},"id":"2g5hl8lnifd6kqv","previousOperationId":"1hrx250vkiw97ce"}
{"type":"operationEnd","operationId":"1hrx250vkiw97ce","timestamp":1704998672585,"id":"qt955jj95ry7bql","previousEventId":"xuyd6hyoil4k2ub","previousOperationId":"1hrx250vkiw97ce"}
{"type":"log","timestamp":1704998672585,"level":"debug","message":"Skipping storing report.","meta":{"rootId":"qahc5096djdjk2r","id":"qahc5096djdjk2r"},"id":"d4bayo3m4blg4up","previousOperationId":"1hrx250vkiw97ce"}
{"type":"log","timestamp":1704998672585,"level":"info","message":"Rendering request 33 finished in 1968 ms","meta":{"rootId":"qahc5096djdjk2r","id":"qahc5096djdjk2r"},"id":"7l709cg3q59noyv","previousOperationId":"1hrx250vkiw97ce"}
{"type":"operationEnd","subtype":"render","operationId":"55i3aceszp4r3be","timestamp":1704998672585,"id":"embmnmcnzhpc8tx","previousEventId":"qt955jj95ry7bql","previousOperationId":"1hrx250vkiw97ce"}
{"type":"operationEnd","doDiffs":false,"previousEventId":"306l19njvm3q3s1","previousOperationId":"hc5k2sdqdw5tjpd","operationId":"hc5k2sdqdw5tjpd","timestamp":1704998672587,"id":"50qwpus2d3ip7n8"}
