{"type":"operationStart","subtype":"profile","data":{"_id":"K97eDmOt19BIbmZF","timestamp":"2024-01-11T16:58:23.451Z","state":"queued","mode":"standard","creationDate":"2024-01-11T16:58:23.452Z","modificationDate":"2024-01-11T16:58:23.452Z","shortid":"gveNkZM","$entitySet":"profiles"},"doDiffs":false,"timestamp":1704992303452,"id":"sqbr752eteraxif","previousOperationId":null,"operationId":"25k4ztc5g2o43cs"}
{"type":"log","level":"info","message":"Render request 102 queued for execution and waiting for available worker","previousOperationId":"25k4ztc5g2o43cs","timestamp":1704992303452,"id":"r98isn6wrrkucr8"}
{"type":"operationStart","subtype":"render","name":"User_project","previousOperationId":"25k4ztc5g2o43cs","timestamp":1704992303456,"id":"d5057jl4k1lnibo","previousEventId":"sqbr752eteraxif","operationId":"mcpsocypsnf17dv"}
{"type":"log","timestamp":1704992303456,"level":"info","message":"Starting rendering request 102","meta":{"rootId":"qb4i2li9bidmr55","id":"qb4i2li9bidmr55"},"id":"3hqamzfxjgq6r3w","previousOperationId":"mcpsocypsnf17dv"}
{"type":"log","timestamp":1704992303456,"level":"info","message":"Rendering template { name: User_project, recipe: chrome-pdf, engine: handlebars, preview: true }","meta":{"rootId":"qb4i2li9bidmr55","id":"qb4i2li9bidmr55"},"id":"vjn05cs8l98nrk4","previousOperationId":"mcpsocypsnf17dv"}
{"type":"log","timestamp":1704992303457,"level":"debug","message":"Data item not defined for this template.","meta":{"rootId":"qb4i2li9bidmr55","id":"qb4i2li9bidmr55"},"id":"rrzb5qc2wfebuyg","previousOperationId":"mcpsocypsnf17dv"}
{"type":"log","timestamp":1704992303458,"level":"debug","message":"Executing script usabi-data (beforeRender)","meta":{"rootId":"qb4i2li9bidmr55","id":"qb4i2li9bidmr55"},"id":"4ywg99rt3a8u2qi","previousOperationId":"mcpsocypsnf17dv"}
{"type":"operationStart","subtype":"scriptsBeforeRender","name":"scripts beforeRender","timestamp":1704992303461,"id":"i6ikdev2yvdda83","previousEventId":"d5057jl4k1lnibo","operationId":"r42l6eb7w8ox9z3","previousOperationId":"mcpsocypsnf17dv"}
{"type":"operationStart","subtype":"script","name":"scripts usabi-data","previousOperationId":"r42l6eb7w8ox9z3","timestamp":1704992303461,"id":"sluu608m9thg8rc","previousEventId":"i6ikdev2yvdda83","operationId":"du7kvi6x9bazf52"}
{"type":"operationEnd","operationId":"du7kvi6x9bazf52","timestamp":1704992303472,"id":"gug57jcmqdobzrx","previousEventId":"d5057jl4k1lnibo","previousOperationId":"mcpsocypsnf17dv"}
{"type":"log","timestamp":1704992303472,"level":"debug","message":"Executing script orders-script (beforeRender)","meta":{"rootId":"qb4i2li9bidmr55","id":"qb4i2li9bidmr55"},"id":"0ieiee9hqxjhc2y","previousOperationId":"mcpsocypsnf17dv"}
{"type":"operationStart","subtype":"script","name":"scripts orders-script","previousOperationId":"r42l6eb7w8ox9z3","timestamp":1704992303475,"id":"i79zd0nphkadtsl","previousEventId":"gug57jcmqdobzrx","operationId":"mjnoswhpe7m7ys7"}
{"type":"operationEnd","operationId":"mjnoswhpe7m7ys7","timestamp":1704992304764,"id":"n35jewmaz0xl8f8","previousEventId":"gug57jcmqdobzrx","previousOperationId":"mcpsocypsnf17dv"}
{"type":"operationEnd","operationId":"r42l6eb7w8ox9z3","timestamp":1704992304764,"id":"dh7xq9w0vatmf6u","previousEventId":"n35jewmaz0xl8f8","previousOperationId":"mcpsocypsnf17dv"}
{"type":"log","timestamp":1704992304764,"level":"debug","message":"Base url not specified, skipping its injection.","meta":{"rootId":"qb4i2li9bidmr55","id":"qb4i2li9bidmr55"},"id":"cxkxdk5heuu4wle","previousOperationId":"r42l6eb7w8ox9z3"}
{"type":"operationStart","subtype":"engine","name":"handlebars","timestamp":1704992304764,"id":"yp831hh5blyp99l","previousEventId":"dh7xq9w0vatmf6u","operationId":"y9w7270m6b34qkb","previousOperationId":"r42l6eb7w8ox9z3"}
{"type":"log","timestamp":1704992304764,"level":"debug","message":"Rendering engine handlebars","meta":{"rootId":"qb4i2li9bidmr55","id":"qb4i2li9bidmr55"},"id":"my84haim267g17u","previousOperationId":"y9w7270m6b34qkb"}
{"type":"operationEnd","operationId":"y9w7270m6b34qkb","timestamp":1704992304778,"id":"q2to3v66ml2jibm","previousEventId":"yp831hh5blyp99l","previousOperationId":"y9w7270m6b34qkb"}
{"type":"operationStart","subtype":"recipe","name":"chrome-pdf","timestamp":1704992304778,"id":"sdxgebkumtutjt8","previousEventId":"q2to3v66ml2jibm","operationId":"52l4sw3z7vd0od7","previousOperationId":"y9w7270m6b34qkb"}
{"type":"log","timestamp":1704992304778,"level":"debug","message":"Executing recipe chrome-pdf","meta":{"rootId":"qb4i2li9bidmr55","id":"qb4i2li9bidmr55"},"id":"1tcb6vs2vf7oird","previousOperationId":"52l4sw3z7vd0od7"}
{"type":"log","timestamp":1704992304780,"level":"debug","message":"Converting with chrome HeadlessChrome/117.0.5938.149 using chrome-pool strategy","meta":{"rootId":"qb4i2li9bidmr55","id":"qb4i2li9bidmr55"},"id":"si99l4npuvzuflv","previousOperationId":"52l4sw3z7vd0od7"}
{"type":"log","timestamp":1704992304806,"level":"debug","message":"Page request: GET (document) file:///tmp/jsreport/autocleanup/83a15899-1745-4414-84c3-b03b1c89d013-chrome-pdf.html","meta":{"rootId":"qb4i2li9bidmr55","id":"qb4i2li9bidmr55"},"id":"vbzkxpdae8sn1qt","previousOperationId":"52l4sw3z7vd0od7"}
{"type":"log","timestamp":1704992304812,"level":"debug","message":"Page request finished: GET (document) 200 file:///tmp/jsreport/autocleanup/83a15899-1745-4414-84c3-b03b1c89d013-chrome-pdf.html","meta":{"rootId":"qb4i2li9bidmr55","id":"qb4i2li9bidmr55"},"id":"8hcvdypvfcc3bnt","previousOperationId":"52l4sw3z7vd0od7"}
{"type":"log","timestamp":1704992304812,"level":"warn","message":"Page error: Chart is not defined , stack: ReferenceError: Chart is not defined\n    at <anonymous> (file:///tmp/jsreport/autocleanup/83a15899-1745-4414-84c3-b03b1c89d013-chrome-pdf.html:21:13)","meta":{"rootId":"qb4i2li9bidmr55","id":"qb4i2li9bidmr55"},"id":"wt6ejr7ybhnqch8","previousOperationId":"52l4sw3z7vd0od7"}
{"type":"log","timestamp":1704992304812,"level":"warn","message":"Page error: Chart is not defined , stack: ReferenceError: Chart is not defined\n    at <anonymous> (file:///tmp/jsreport/autocleanup/83a15899-1745-4414-84c3-b03b1c89d013-chrome-pdf.html:61:13)","meta":{"rootId":"qb4i2li9bidmr55","id":"qb4i2li9bidmr55"},"id":"uvullci0ltjtoaz","previousOperationId":"52l4sw3z7vd0od7"}
{"type":"log","timestamp":1704992304812,"level":"warn","message":"Page error: Chart is not defined , stack: ReferenceError: Chart is not defined\n    at <anonymous> (file:///tmp/jsreport/autocleanup/83a15899-1745-4414-84c3-b03b1c89d013-chrome-pdf.html:100:13)","meta":{"rootId":"qb4i2li9bidmr55","id":"qb4i2li9bidmr55"},"id":"07xx7q81txcmaa2","previousOperationId":"52l4sw3z7vd0od7"}
{"type":"log","timestamp":1704992304813,"level":"warn","message":"Page error: Chart is not defined , stack: ReferenceError: Chart is not defined\n    at <anonymous> (file:///tmp/jsreport/autocleanup/83a15899-1745-4414-84c3-b03b1c89d013-chrome-pdf.html:137:13)","meta":{"rootId":"qb4i2li9bidmr55","id":"qb4i2li9bidmr55"},"id":"fu8jh0btk0rcevi","previousOperationId":"52l4sw3z7vd0od7"}
{"type":"log","timestamp":1704992304817,"level":"debug","message":"Running chrome with params {\"printBackground\":true,\"timeout\":58672,\"margin\":{}}","meta":{"rootId":"qb4i2li9bidmr55","id":"qb4i2li9bidmr55"},"id":"cei7jmj8j07jcf2","previousOperationId":"52l4sw3z7vd0od7"}
{"type":"operationEnd","operationId":"52l4sw3z7vd0od7","timestamp":1704992304827,"id":"npmh009l3wolrs0","previousEventId":"sdxgebkumtutjt8","previousOperationId":"52l4sw3z7vd0od7"}
{"type":"log","timestamp":1704992304827,"level":"debug","message":"Skipping storing report.","meta":{"rootId":"qb4i2li9bidmr55","id":"qb4i2li9bidmr55"},"id":"jr78dwucg2in2lz","previousOperationId":"52l4sw3z7vd0od7"}
{"type":"log","timestamp":1704992304827,"level":"info","message":"Rendering request 102 finished in 1376 ms","meta":{"rootId":"qb4i2li9bidmr55","id":"qb4i2li9bidmr55"},"id":"igsuvbgljwrijtv","previousOperationId":"52l4sw3z7vd0od7"}
{"type":"operationEnd","subtype":"render","operationId":"mcpsocypsnf17dv","timestamp":1704992304827,"id":"py7pl3kihyertid","previousEventId":"npmh009l3wolrs0","previousOperationId":"52l4sw3z7vd0od7"}
{"type":"operationEnd","doDiffs":false,"previousEventId":"sqbr752eteraxif","previousOperationId":"25k4ztc5g2o43cs","operationId":"25k4ztc5g2o43cs","timestamp":1704992304832,"id":"ek4b4cftaomzvwc"}
