{"type":"operationStart","subtype":"profile","data":{"_id":"dh5xbUQ7W96UxwA9","timestamp":"2024-01-11T17:20:18.417Z","state":"queued","mode":"standard","creationDate":"2024-01-11T17:20:18.418Z","modificationDate":"2024-01-11T17:20:18.418Z","shortid":"n0DbHIN","$entitySet":"profiles"},"doDiffs":false,"timestamp":1704993618418,"id":"ktujr76biru6ga8","previousOperationId":null,"operationId":"8ndlzi82yevt3ci"}
{"type":"log","level":"info","message":"Render request 131 queued for execution and waiting for available worker","previousOperationId":"8ndlzi82yevt3ci","timestamp":1704993618418,"id":"mv0i7jb08762u12"}
{"type":"operationStart","subtype":"render","name":"User_project","previousOperationId":"8ndlzi82yevt3ci","timestamp":1704993618424,"id":"3prc6b52wb2xw0u","previousEventId":"ktujr76biru6ga8","operationId":"ozi9c6rfazzil2m"}
{"type":"log","timestamp":1704993618424,"level":"info","message":"Starting rendering request 131","meta":{"rootId":"qc3x1aratuj9npq","id":"qc3x1aratuj9npq"},"id":"6a923a4r25i7lq2","previousOperationId":"ozi9c6rfazzil2m"}
{"type":"log","timestamp":1704993618425,"level":"info","message":"Rendering template { name: User_project, recipe: chrome-pdf, engine: handlebars, preview: true }","meta":{"rootId":"qc3x1aratuj9npq","id":"qc3x1aratuj9npq"},"id":"2as9r5woocg4gr3","previousOperationId":"ozi9c6rfazzil2m"}
{"type":"log","timestamp":1704993618425,"level":"debug","message":"Data item not defined for this template.","meta":{"rootId":"qc3x1aratuj9npq","id":"qc3x1aratuj9npq"},"id":"byl6bfh7oiwb2fh","previousOperationId":"ozi9c6rfazzil2m"}
{"type":"log","timestamp":1704993618426,"level":"debug","message":"Executing script usabi-data (beforeRender)","meta":{"rootId":"qc3x1aratuj9npq","id":"qc3x1aratuj9npq"},"id":"8fw7mbv2t0hhef9","previousOperationId":"ozi9c6rfazzil2m"}
{"type":"operationStart","subtype":"scriptsBeforeRender","name":"scripts beforeRender","timestamp":1704993618432,"id":"cub1g4abw7c2ush","previousEventId":"3prc6b52wb2xw0u","operationId":"kiawgjlz0ak5lru","previousOperationId":"ozi9c6rfazzil2m"}
{"type":"operationStart","subtype":"script","name":"scripts usabi-data","previousOperationId":"kiawgjlz0ak5lru","timestamp":1704993618432,"id":"ca7a54w6wmkwrmz","previousEventId":"cub1g4abw7c2ush","operationId":"kbqr8blark8ecce"}
{"type":"operationEnd","operationId":"kbqr8blark8ecce","timestamp":1704993618444,"id":"4irkdeqe3ohtuf4","previousEventId":"3prc6b52wb2xw0u","previousOperationId":"ozi9c6rfazzil2m"}
{"type":"log","timestamp":1704993618444,"level":"debug","message":"Executing script orders-script (beforeRender)","meta":{"rootId":"qc3x1aratuj9npq","id":"qc3x1aratuj9npq"},"id":"knijzc524ly773p","previousOperationId":"ozi9c6rfazzil2m"}
{"type":"operationStart","subtype":"script","name":"scripts orders-script","previousOperationId":"kiawgjlz0ak5lru","timestamp":1704993618448,"id":"27nwxb8rg2162fl","previousEventId":"4irkdeqe3ohtuf4","operationId":"ao2f2364m3ry9lc"}
{"type":"operationEnd","operationId":"ao2f2364m3ry9lc","timestamp":1704993619769,"id":"qu7d89ot6pdlz3i","previousEventId":"4irkdeqe3ohtuf4","previousOperationId":"ozi9c6rfazzil2m"}
{"type":"operationEnd","operationId":"kiawgjlz0ak5lru","timestamp":1704993619769,"id":"iix01ashzftkav4","previousEventId":"qu7d89ot6pdlz3i","previousOperationId":"ozi9c6rfazzil2m"}
{"type":"log","timestamp":1704993619769,"level":"debug","message":"Base url not specified, skipping its injection.","meta":{"rootId":"qc3x1aratuj9npq","id":"qc3x1aratuj9npq"},"id":"copi67iqoqcclc2","previousOperationId":"kiawgjlz0ak5lru"}
{"type":"operationStart","subtype":"engine","name":"handlebars","timestamp":1704993619770,"id":"1qesbdsphj0cgln","previousEventId":"iix01ashzftkav4","operationId":"c44s7gcex1midz9","previousOperationId":"kiawgjlz0ak5lru"}
{"type":"log","timestamp":1704993619770,"level":"debug","message":"Rendering engine handlebars","meta":{"rootId":"qc3x1aratuj9npq","id":"qc3x1aratuj9npq"},"id":"z7maxrwxdo60pwu","previousOperationId":"c44s7gcex1midz9"}
{"type":"operationEnd","operationId":"c44s7gcex1midz9","timestamp":1704993619791,"id":"izby0s04huijrnx","previousEventId":"1qesbdsphj0cgln","previousOperationId":"c44s7gcex1midz9"}
{"type":"operationStart","subtype":"recipe","name":"chrome-pdf","timestamp":1704993619791,"id":"d1km4e04t7gt5u0","previousEventId":"izby0s04huijrnx","operationId":"z9fl4jx9dcgimmx","previousOperationId":"c44s7gcex1midz9"}
{"type":"log","timestamp":1704993619791,"level":"debug","message":"Executing recipe chrome-pdf","meta":{"rootId":"qc3x1aratuj9npq","id":"qc3x1aratuj9npq"},"id":"aexm4r61tbsc6bd","previousOperationId":"z9fl4jx9dcgimmx"}
{"type":"log","timestamp":1704993619793,"level":"debug","message":"Converting with chrome HeadlessChrome/117.0.5938.149 using chrome-pool strategy","meta":{"rootId":"qc3x1aratuj9npq","id":"qc3x1aratuj9npq"},"id":"j0oaxk2ghk94tka","previousOperationId":"z9fl4jx9dcgimmx"}
{"type":"log","timestamp":1704993619822,"level":"debug","message":"Page request: GET (document) file:///tmp/jsreport/autocleanup/4c09b031-2f1d-4d19-a062-76165cdf3bb5-chrome-pdf.html","meta":{"rootId":"qc3x1aratuj9npq","id":"qc3x1aratuj9npq"},"id":"9snsboescizys8z","previousOperationId":"z9fl4jx9dcgimmx"}
{"type":"log","timestamp":1704993619829,"level":"debug","message":"Page request: GET (script) https://cdn.jsdelivr.net/npm/chart.js","meta":{"rootId":"qc3x1aratuj9npq","id":"qc3x1aratuj9npq"},"id":"udxb6jzap9pzcv9","previousOperationId":"z9fl4jx9dcgimmx"}
{"type":"log","timestamp":1704993619829,"level":"debug","message":"Page request finished: GET (document) 200 file:///tmp/jsreport/autocleanup/4c09b031-2f1d-4d19-a062-76165cdf3bb5-chrome-pdf.html","meta":{"rootId":"qc3x1aratuj9npq","id":"qc3x1aratuj9npq"},"id":"a6l699r26ud18cd","previousOperationId":"z9fl4jx9dcgimmx"}
{"type":"log","timestamp":1704993619833,"level":"debug","message":"Page request finished: GET (script) 200 https://cdn.jsdelivr.net/npm/chart.js","meta":{"rootId":"qc3x1aratuj9npq","id":"qc3x1aratuj9npq"},"id":"u9n8et9yf2poigc","previousOperationId":"z9fl4jx9dcgimmx"}
{"type":"log","timestamp":1704993619836,"level":"warn","message":"Page error: Unexpected token ';' , stack: SyntaxError: Unexpected token ';'","meta":{"rootId":"qc3x1aratuj9npq","id":"qc3x1aratuj9npq"},"id":"5q0hmnu5jxy5gvj","previousOperationId":"z9fl4jx9dcgimmx"}
{"type":"log","timestamp":1704993619838,"level":"debug","message":"Running chrome with params {\"printBackground\":true,\"timeout\":58625,\"margin\":{}}","meta":{"rootId":"qc3x1aratuj9npq","id":"qc3x1aratuj9npq"},"id":"wg9hto9ej6owyn8","previousOperationId":"z9fl4jx9dcgimmx"}
{"type":"operationEnd","operationId":"z9fl4jx9dcgimmx","timestamp":1704993619844,"id":"pmxde7a28cxlh20","previousEventId":"d1km4e04t7gt5u0","previousOperationId":"z9fl4jx9dcgimmx"}
{"type":"log","timestamp":1704993619844,"level":"debug","message":"Skipping storing report.","meta":{"rootId":"qc3x1aratuj9npq","id":"qc3x1aratuj9npq"},"id":"tqe7ulhgury84ov","previousOperationId":"z9fl4jx9dcgimmx"}
{"type":"log","timestamp":1704993619844,"level":"info","message":"Rendering request 131 finished in 1427 ms","meta":{"rootId":"qc3x1aratuj9npq","id":"qc3x1aratuj9npq"},"id":"kn17oxzehcddye2","previousOperationId":"z9fl4jx9dcgimmx"}
{"type":"operationEnd","subtype":"render","operationId":"ozi9c6rfazzil2m","timestamp":1704993619844,"id":"ufl11z23fdnz3hu","previousEventId":"pmxde7a28cxlh20","previousOperationId":"z9fl4jx9dcgimmx"}
{"type":"operationEnd","doDiffs":false,"previousEventId":"ktujr76biru6ga8","previousOperationId":"8ndlzi82yevt3ci","operationId":"8ndlzi82yevt3ci","timestamp":1704993619847,"id":"igtz1dw2d42twwf"}
