{"type":"operationStart","subtype":"profile","data":{"_id":"wktism7baBDjtxVW","timestamp":"2024-01-11T17:20:34.706Z","state":"queued","mode":"standard","creationDate":"2024-01-11T17:20:34.707Z","modificationDate":"2024-01-11T17:20:34.707Z","shortid":"qdo1gyM","$entitySet":"profiles"},"doDiffs":false,"timestamp":1704993634707,"id":"4f0btz9g9uyfyub","previousOperationId":null,"operationId":"zi9hg8j62bv23yf"}
{"type":"log","level":"info","message":"Render request 133 queued for execution and waiting for available worker","previousOperationId":"zi9hg8j62bv23yf","timestamp":1704993634707,"id":"5fz2t0snlwi5gm6"}
{"type":"operationStart","subtype":"render","name":"User_project","previousOperationId":"zi9hg8j62bv23yf","timestamp":1704993634711,"id":"xxovr3kruu7qju6","previousEventId":"4f0btz9g9uyfyub","operationId":"boarnl1wi5j6nth"}
{"type":"log","timestamp":1704993634711,"level":"info","message":"Starting rendering request 133","meta":{"rootId":"qfiofeluaqupd5l","id":"qfiofeluaqupd5l"},"id":"mnfvrargej66ous","previousOperationId":"boarnl1wi5j6nth"}
{"type":"log","timestamp":1704993634711,"level":"info","message":"Rendering template { name: User_project, recipe: chrome-pdf, engine: handlebars, preview: true }","meta":{"rootId":"qfiofeluaqupd5l","id":"qfiofeluaqupd5l"},"id":"lgk4z2q0g5bex9q","previousOperationId":"boarnl1wi5j6nth"}
{"type":"log","timestamp":1704993634712,"level":"debug","message":"Data item not defined for this template.","meta":{"rootId":"qfiofeluaqupd5l","id":"qfiofeluaqupd5l"},"id":"iu7dll8h4pejvvc","previousOperationId":"boarnl1wi5j6nth"}
{"type":"log","timestamp":1704993634713,"level":"debug","message":"Executing script usabi-data (beforeRender)","meta":{"rootId":"qfiofeluaqupd5l","id":"qfiofeluaqupd5l"},"id":"5eox2z6fzzl41ck","previousOperationId":"boarnl1wi5j6nth"}
{"type":"operationStart","subtype":"scriptsBeforeRender","name":"scripts beforeRender","timestamp":1704993634718,"id":"gt3b4dtjthb01l6","previousEventId":"xxovr3kruu7qju6","operationId":"5irvw92tneaj4kc","previousOperationId":"boarnl1wi5j6nth"}
{"type":"operationStart","subtype":"script","name":"scripts usabi-data","previousOperationId":"5irvw92tneaj4kc","timestamp":1704993634718,"id":"9av8fe7qbs1ofa5","previousEventId":"gt3b4dtjthb01l6","operationId":"x6gmm62ez7bmre8"}
{"type":"operationEnd","operationId":"x6gmm62ez7bmre8","timestamp":1704993634779,"id":"eucv48my2p8uhwk","previousEventId":"xxovr3kruu7qju6","previousOperationId":"boarnl1wi5j6nth"}
{"type":"log","timestamp":1704993634779,"level":"debug","message":"Executing script orders-script (beforeRender)","meta":{"rootId":"qfiofeluaqupd5l","id":"qfiofeluaqupd5l"},"id":"0yyukc30ti2c7uo","previousOperationId":"boarnl1wi5j6nth"}
{"type":"operationStart","subtype":"script","name":"scripts orders-script","previousOperationId":"5irvw92tneaj4kc","timestamp":1704993634782,"id":"qydf1ha58zijij5","previousEventId":"eucv48my2p8uhwk","operationId":"o9ubvu086b7sn5p"}
{"type":"operationEnd","operationId":"o9ubvu086b7sn5p","timestamp":1704993636070,"id":"6o7irgyamkrhowz","previousEventId":"eucv48my2p8uhwk","previousOperationId":"boarnl1wi5j6nth"}
{"type":"operationEnd","operationId":"5irvw92tneaj4kc","timestamp":1704993636070,"id":"8pjmi7xngnmg9jr","previousEventId":"6o7irgyamkrhowz","previousOperationId":"boarnl1wi5j6nth"}
{"type":"log","timestamp":1704993636070,"level":"debug","message":"Base url not specified, skipping its injection.","meta":{"rootId":"qfiofeluaqupd5l","id":"qfiofeluaqupd5l"},"id":"dlgh4dwverinnp7","previousOperationId":"5irvw92tneaj4kc"}
{"type":"operationStart","subtype":"engine","name":"handlebars","timestamp":1704993636070,"id":"1bg7ktqamor9xih","previousEventId":"8pjmi7xngnmg9jr","operationId":"spp3zup2yi04dpx","previousOperationId":"5irvw92tneaj4kc"}
{"type":"log","timestamp":1704993636070,"level":"debug","message":"Rendering engine handlebars","meta":{"rootId":"qfiofeluaqupd5l","id":"qfiofeluaqupd5l"},"id":"fewo5k4p4udlqn2","previousOperationId":"spp3zup2yi04dpx"}
{"type":"operationEnd","operationId":"spp3zup2yi04dpx","timestamp":1704993636076,"id":"ehg2n01javr8i5j","previousEventId":"1bg7ktqamor9xih","previousOperationId":"spp3zup2yi04dpx"}
{"type":"operationStart","subtype":"recipe","name":"chrome-pdf","timestamp":1704993636076,"id":"ane89tc6dwgxakz","previousEventId":"ehg2n01javr8i5j","operationId":"xtkgrhebgwbsbof","previousOperationId":"spp3zup2yi04dpx"}
{"type":"log","timestamp":1704993636076,"level":"debug","message":"Executing recipe chrome-pdf","meta":{"rootId":"qfiofeluaqupd5l","id":"qfiofeluaqupd5l"},"id":"q4sk12cnrghcuq0","previousOperationId":"xtkgrhebgwbsbof"}
{"type":"log","timestamp":1704993636077,"level":"debug","message":"Converting with chrome HeadlessChrome/117.0.5938.149 using chrome-pool strategy","meta":{"rootId":"qfiofeluaqupd5l","id":"qfiofeluaqupd5l"},"id":"atjcqzwkkbby795","previousOperationId":"xtkgrhebgwbsbof"}
{"type":"log","timestamp":1704993636112,"level":"debug","message":"Page request: GET (document) file:///tmp/jsreport/autocleanup/d0cad691-cebb-4453-9343-56241fa2e027-chrome-pdf.html","meta":{"rootId":"qfiofeluaqupd5l","id":"qfiofeluaqupd5l"},"id":"39wp8c6ckvq8i1d","previousOperationId":"xtkgrhebgwbsbof"}
{"type":"log","timestamp":1704993636118,"level":"debug","message":"Page request: GET (script) https://cdn.jsdelivr.net/npm/chart.js","meta":{"rootId":"qfiofeluaqupd5l","id":"qfiofeluaqupd5l"},"id":"q616af14b3tf01k","previousOperationId":"xtkgrhebgwbsbof"}
{"type":"log","timestamp":1704993636118,"level":"debug","message":"Page request finished: GET (document) 200 file:///tmp/jsreport/autocleanup/d0cad691-cebb-4453-9343-56241fa2e027-chrome-pdf.html","meta":{"rootId":"qfiofeluaqupd5l","id":"qfiofeluaqupd5l"},"id":"o6o9jbbctwd75fy","previousOperationId":"xtkgrhebgwbsbof"}
{"type":"log","timestamp":1704993636122,"level":"debug","message":"Page request finished: GET (script) 200 https://cdn.jsdelivr.net/npm/chart.js","meta":{"rootId":"qfiofeluaqupd5l","id":"qfiofeluaqupd5l"},"id":"1jypxpmi9zxemqh","previousOperationId":"xtkgrhebgwbsbof"}
{"type":"log","timestamp":1704993636125,"level":"warn","message":"Page error: Unexpected identifier 'Object' , stack: SyntaxError: Unexpected identifier 'Object'","meta":{"rootId":"qfiofeluaqupd5l","id":"qfiofeluaqupd5l"},"id":"nvjbqwqnc74xc7e","previousOperationId":"xtkgrhebgwbsbof"}
{"type":"log","timestamp":1704993636128,"level":"debug","message":"Running chrome with params {\"printBackground\":true,\"timeout\":58629,\"margin\":{}}","meta":{"rootId":"qfiofeluaqupd5l","id":"qfiofeluaqupd5l"},"id":"nqy5kuduulrtqbo","previousOperationId":"xtkgrhebgwbsbof"}
{"type":"operationEnd","operationId":"xtkgrhebgwbsbof","timestamp":1704993636137,"id":"synbi1189otl7km","previousEventId":"ane89tc6dwgxakz","previousOperationId":"xtkgrhebgwbsbof"}
{"type":"log","timestamp":1704993636137,"level":"debug","message":"Skipping storing report.","meta":{"rootId":"qfiofeluaqupd5l","id":"qfiofeluaqupd5l"},"id":"bwgr2hrcpsyv3yt","previousOperationId":"xtkgrhebgwbsbof"}
{"type":"log","timestamp":1704993636138,"level":"info","message":"Rendering request 133 finished in 1432 ms","meta":{"rootId":"qfiofeluaqupd5l","id":"qfiofeluaqupd5l"},"id":"5tqwdwqoxyn0w56","previousOperationId":"xtkgrhebgwbsbof"}
{"type":"operationEnd","subtype":"render","operationId":"boarnl1wi5j6nth","timestamp":1704993636138,"id":"pzhzq1zesei431a","previousEventId":"synbi1189otl7km","previousOperationId":"xtkgrhebgwbsbof"}
{"type":"operationEnd","doDiffs":false,"previousEventId":"4f0btz9g9uyfyub","previousOperationId":"zi9hg8j62bv23yf","operationId":"zi9hg8j62bv23yf","timestamp":1704993636141,"id":"v0ze928ftl5fww0"}
