{"type":"operationStart","subtype":"profile","data":{"_id":"sAIXJ4CioU6mZPVp","timestamp":"2024-01-11T17:54:43.770Z","state":"queued","mode":"standard","creationDate":"2024-01-11T17:54:43.770Z","modificationDate":"2024-01-11T17:54:43.770Z","shortid":"JZcy_R3","$entitySet":"profiles"},"doDiffs":false,"timestamp":1704995683770,"id":"hfj9zyy0ye93mj0","previousOperationId":null,"operationId":"ei0yjfh2dy9o7xl"}
{"type":"log","level":"info","message":"Render request 21 queued for execution and waiting for available worker","previousOperationId":"ei0yjfh2dy9o7xl","timestamp":1704995683770,"id":"qlwtkpgo2rynqno"}
{"type":"operationStart","subtype":"render","name":"User_project","previousOperationId":"ei0yjfh2dy9o7xl","timestamp":1704995683774,"id":"36q5h78rcwuwkfd","previousEventId":"hfj9zyy0ye93mj0","operationId":"7vo1fzgska40ey1"}
{"type":"log","timestamp":1704995683774,"level":"info","message":"Starting rendering request 21","meta":{"rootId":"qhl5x19gvidwzh1","id":"qhl5x19gvidwzh1"},"id":"hiz6f5yto4zf1h1","previousOperationId":"7vo1fzgska40ey1"}
{"type":"log","timestamp":1704995683775,"level":"info","message":"Rendering template { name: User_project, recipe: chrome-pdf, engine: handlebars, preview: true }","meta":{"rootId":"qhl5x19gvidwzh1","id":"qhl5x19gvidwzh1"},"id":"cirlcw8du9dilkq","previousOperationId":"7vo1fzgska40ey1"}
{"type":"log","timestamp":1704995683775,"level":"debug","message":"Data item not defined for this template.","meta":{"rootId":"qhl5x19gvidwzh1","id":"qhl5x19gvidwzh1"},"id":"goba5wdl0af4o9s","previousOperationId":"7vo1fzgska40ey1"}
{"type":"log","timestamp":1704995683777,"level":"debug","message":"Executing script usabi-data (beforeRender)","meta":{"rootId":"qhl5x19gvidwzh1","id":"qhl5x19gvidwzh1"},"id":"g7v0q53zgnqpls6","previousOperationId":"7vo1fzgska40ey1"}
{"type":"operationStart","subtype":"scriptsBeforeRender","name":"scripts beforeRender","timestamp":1704995683781,"id":"tdiga2wcj8ql5g0","previousEventId":"36q5h78rcwuwkfd","operationId":"6dc319fp3c22amv","previousOperationId":"7vo1fzgska40ey1"}
{"type":"operationStart","subtype":"script","name":"scripts usabi-data","previousOperationId":"6dc319fp3c22amv","timestamp":1704995683781,"id":"fwqdsjqzk3wohbo","previousEventId":"tdiga2wcj8ql5g0","operationId":"slnbr7qmd3ftzz5"}
{"type":"operationEnd","operationId":"slnbr7qmd3ftzz5","timestamp":1704995683797,"id":"r8f86adem0f2ryd","previousEventId":"36q5h78rcwuwkfd","previousOperationId":"7vo1fzgska40ey1"}
{"type":"log","timestamp":1704995683797,"level":"debug","message":"Executing script orders-script (beforeRender)","meta":{"rootId":"qhl5x19gvidwzh1","id":"qhl5x19gvidwzh1"},"id":"1shtuo4923kjx2n","previousOperationId":"7vo1fzgska40ey1"}
{"type":"operationStart","subtype":"script","name":"scripts orders-script","previousOperationId":"6dc319fp3c22amv","timestamp":1704995683801,"id":"9gqnyjmz64s81qz","previousEventId":"r8f86adem0f2ryd","operationId":"fd62wlpbhwc1exy"}
{"type":"operationEnd","operationId":"fd62wlpbhwc1exy","timestamp":1704995685197,"id":"bb3mrafornpwvqk","previousEventId":"r8f86adem0f2ryd","previousOperationId":"7vo1fzgska40ey1"}
{"type":"operationEnd","operationId":"6dc319fp3c22amv","timestamp":1704995685198,"id":"1jsx207g0c20ikw","previousEventId":"bb3mrafornpwvqk","previousOperationId":"7vo1fzgska40ey1"}
{"type":"log","timestamp":1704995685198,"level":"debug","message":"Base url not specified, skipping its injection.","meta":{"rootId":"qhl5x19gvidwzh1","id":"qhl5x19gvidwzh1"},"id":"ktmi4t1eq4rttug","previousOperationId":"6dc319fp3c22amv"}
{"type":"operationStart","subtype":"engine","name":"handlebars","timestamp":1704995685198,"id":"f7k60qvexzwqpni","previousEventId":"1jsx207g0c20ikw","operationId":"i7u6dczac8zmzs6","previousOperationId":"6dc319fp3c22amv"}
{"type":"log","timestamp":1704995685198,"level":"debug","message":"Rendering engine handlebars","meta":{"rootId":"qhl5x19gvidwzh1","id":"qhl5x19gvidwzh1"},"id":"avjtyhg2jj89fxu","previousOperationId":"i7u6dczac8zmzs6"}
{"type":"operationEnd","operationId":"i7u6dczac8zmzs6","timestamp":1704995685226,"id":"4vpl49mp10gd17i","previousEventId":"f7k60qvexzwqpni","previousOperationId":"i7u6dczac8zmzs6"}
{"type":"operationStart","subtype":"recipe","name":"chrome-pdf","timestamp":1704995685226,"id":"7f2l3gdi8fp43b0","previousEventId":"4vpl49mp10gd17i","operationId":"i68xdu26hbz2fe3","previousOperationId":"i7u6dczac8zmzs6"}
{"type":"log","timestamp":1704995685226,"level":"debug","message":"Executing recipe chrome-pdf","meta":{"rootId":"qhl5x19gvidwzh1","id":"qhl5x19gvidwzh1"},"id":"fby493o580n8oz4","previousOperationId":"i68xdu26hbz2fe3"}
{"type":"log","timestamp":1704995685228,"level":"debug","message":"Converting with chrome HeadlessChrome/117.0.5938.149 using chrome-pool strategy","meta":{"rootId":"qhl5x19gvidwzh1","id":"qhl5x19gvidwzh1"},"id":"s7uya8ef23ne8yh","previousOperationId":"i68xdu26hbz2fe3"}
{"type":"log","timestamp":1704995685259,"level":"debug","message":"Page request: GET (document) file:///tmp/jsreport/autocleanup/84f2a85e-6335-4f2d-997c-b2499f4866ad-chrome-pdf.html","meta":{"rootId":"qhl5x19gvidwzh1","id":"qhl5x19gvidwzh1"},"id":"ddsuzkb3nt03m0v","previousOperationId":"i68xdu26hbz2fe3"}
{"type":"log","timestamp":1704995685266,"level":"debug","message":"Page request: GET (script) https://cdn.jsdelivr.net/npm/chart.js","meta":{"rootId":"qhl5x19gvidwzh1","id":"qhl5x19gvidwzh1"},"id":"87kcckz0qg57nqh","previousOperationId":"i68xdu26hbz2fe3"}
{"type":"log","timestamp":1704995685266,"level":"debug","message":"Page request finished: GET (document) 200 file:///tmp/jsreport/autocleanup/84f2a85e-6335-4f2d-997c-b2499f4866ad-chrome-pdf.html","meta":{"rootId":"qhl5x19gvidwzh1","id":"qhl5x19gvidwzh1"},"id":"7pdzewf0iczrdrw","previousOperationId":"i68xdu26hbz2fe3"}
{"type":"log","timestamp":1704995685270,"level":"debug","message":"Page request finished: GET (script) 200 https://cdn.jsdelivr.net/npm/chart.js","meta":{"rootId":"qhl5x19gvidwzh1","id":"qhl5x19gvidwzh1"},"id":"x6agdqvcqv55utx","previousOperationId":"i68xdu26hbz2fe3"}
{"type":"log","timestamp":1704995685274,"level":"warn","message":"Page error: Unexpected identifier 'Object' , stack: SyntaxError: Unexpected identifier 'Object'","meta":{"rootId":"qhl5x19gvidwzh1","id":"qhl5x19gvidwzh1"},"id":"dqaijb44hg18zwe","previousOperationId":"i68xdu26hbz2fe3"}
{"type":"log","timestamp":1704995685281,"level":"debug","message":"Running chrome with params {\"printBackground\":true,\"timeout\":58543,\"margin\":{}}","meta":{"rootId":"qhl5x19gvidwzh1","id":"qhl5x19gvidwzh1"},"id":"0x0tppyg9zz0sw3","previousOperationId":"i68xdu26hbz2fe3"}
{"type":"operationEnd","operationId":"i68xdu26hbz2fe3","timestamp":1704995685294,"id":"s88go2jjbp7w7g1","previousEventId":"7f2l3gdi8fp43b0","previousOperationId":"i68xdu26hbz2fe3"}
{"type":"log","timestamp":1704995685294,"level":"debug","message":"Skipping storing report.","meta":{"rootId":"qhl5x19gvidwzh1","id":"qhl5x19gvidwzh1"},"id":"2mgh44x18sjm9o0","previousOperationId":"i68xdu26hbz2fe3"}
{"type":"log","timestamp":1704995685294,"level":"info","message":"Rendering request 21 finished in 1524 ms","meta":{"rootId":"qhl5x19gvidwzh1","id":"qhl5x19gvidwzh1"},"id":"3g3pqs46t6dvaqg","previousOperationId":"i68xdu26hbz2fe3"}
{"type":"operationEnd","subtype":"render","operationId":"7vo1fzgska40ey1","timestamp":1704995685294,"id":"hw6rv8fv8bklpww","previousEventId":"s88go2jjbp7w7g1","previousOperationId":"i68xdu26hbz2fe3"}
{"type":"operationEnd","doDiffs":false,"previousEventId":"hfj9zyy0ye93mj0","previousOperationId":"ei0yjfh2dy9o7xl","operationId":"ei0yjfh2dy9o7xl","timestamp":1704995685297,"id":"87g0fukvtivk5ab"}
