{"type":"operationStart","subtype":"profile","data":{"_id":"BNuIt06NgdqLwfva","timestamp":"2024-01-11T17:36:17.897Z","state":"queued","mode":"standard","creationDate":"2024-01-11T17:36:17.898Z","modificationDate":"2024-01-11T17:36:17.898Z","shortid":"3jA7yOS","$entitySet":"profiles"},"doDiffs":false,"timestamp":1704994577897,"id":"hin2g4aoge2lzl2","previousOperationId":null,"operationId":"n3l9mt9k5echyk6"}
{"type":"log","level":"info","message":"Render request 157 queued for execution and waiting for available worker","previousOperationId":"n3l9mt9k5echyk6","timestamp":1704994577897,"id":"tj9gbb02lmctccb"}
{"type":"operationStart","subtype":"render","name":"User_project","previousOperationId":"n3l9mt9k5echyk6","timestamp":1704994577901,"id":"d8am9a55xf1w339","previousEventId":"hin2g4aoge2lzl2","operationId":"vnjzryydjiip1mu"}
{"type":"log","timestamp":1704994577901,"level":"info","message":"Starting rendering request 157","meta":{"rootId":"qudv2raunfquuia","id":"qudv2raunfquuia"},"id":"m052uroc4xcxhkt","previousOperationId":"vnjzryydjiip1mu"}
{"type":"log","timestamp":1704994577902,"level":"info","message":"Rendering template { name: User_project, recipe: chrome-pdf, engine: handlebars, preview: true }","meta":{"rootId":"qudv2raunfquuia","id":"qudv2raunfquuia"},"id":"cpf4fu8ufcty25k","previousOperationId":"vnjzryydjiip1mu"}
{"type":"log","timestamp":1704994577902,"level":"debug","message":"Data item not defined for this template.","meta":{"rootId":"qudv2raunfquuia","id":"qudv2raunfquuia"},"id":"lgiu1zxtlpepbxm","previousOperationId":"vnjzryydjiip1mu"}
{"type":"log","timestamp":1704994577903,"level":"debug","message":"Executing script usabi-data (beforeRender)","meta":{"rootId":"qudv2raunfquuia","id":"qudv2raunfquuia"},"id":"6ph0ekpi5fdxep5","previousOperationId":"vnjzryydjiip1mu"}
{"type":"operationStart","subtype":"scriptsBeforeRender","name":"scripts beforeRender","timestamp":1704994577906,"id":"lwtg5i9uyib50ww","previousEventId":"d8am9a55xf1w339","operationId":"wh5nlkds6v100j8","previousOperationId":"vnjzryydjiip1mu"}
{"type":"operationStart","subtype":"script","name":"scripts usabi-data","previousOperationId":"wh5nlkds6v100j8","timestamp":1704994577906,"id":"s3x98crml28a8hw","previousEventId":"lwtg5i9uyib50ww","operationId":"ihmz8ti1jlg53br"}
{"type":"operationEnd","operationId":"ihmz8ti1jlg53br","timestamp":1704994577920,"id":"0xzcw4cvnx8j6cw","previousEventId":"d8am9a55xf1w339","previousOperationId":"vnjzryydjiip1mu"}
{"type":"log","timestamp":1704994577920,"level":"debug","message":"Executing script orders-script (beforeRender)","meta":{"rootId":"qudv2raunfquuia","id":"qudv2raunfquuia"},"id":"p2pixw4feo9i9r3","previousOperationId":"vnjzryydjiip1mu"}
{"type":"operationStart","subtype":"script","name":"scripts orders-script","previousOperationId":"wh5nlkds6v100j8","timestamp":1704994577923,"id":"9bcnfqyhjqvfdbf","previousEventId":"0xzcw4cvnx8j6cw","operationId":"taf54ydrzqxw2k9"}
{"type":"operationEnd","operationId":"taf54ydrzqxw2k9","timestamp":1704994579312,"id":"dhzj498kptjjc5q","previousEventId":"0xzcw4cvnx8j6cw","previousOperationId":"vnjzryydjiip1mu"}
{"type":"operationEnd","operationId":"wh5nlkds6v100j8","timestamp":1704994579312,"id":"u15vvyvvf5mzanx","previousEventId":"dhzj498kptjjc5q","previousOperationId":"vnjzryydjiip1mu"}
{"type":"log","timestamp":1704994579312,"level":"debug","message":"Base url not specified, skipping its injection.","meta":{"rootId":"qudv2raunfquuia","id":"qudv2raunfquuia"},"id":"0q2xy5v7u4neqip","previousOperationId":"wh5nlkds6v100j8"}
{"type":"operationStart","subtype":"engine","name":"handlebars","timestamp":1704994579314,"id":"n0nj3q7r7m3xz67","previousEventId":"u15vvyvvf5mzanx","operationId":"kw46of99v6rfk1g","previousOperationId":"wh5nlkds6v100j8"}
{"type":"log","timestamp":1704994579314,"level":"debug","message":"Rendering engine handlebars","meta":{"rootId":"qudv2raunfquuia","id":"qudv2raunfquuia"},"id":"17tpx4r38psi088","previousOperationId":"kw46of99v6rfk1g"}
{"type":"operationEnd","operationId":"kw46of99v6rfk1g","timestamp":1704994579331,"id":"02xpztlymkmfuku","previousEventId":"n0nj3q7r7m3xz67","previousOperationId":"kw46of99v6rfk1g"}
{"type":"operationStart","subtype":"recipe","name":"chrome-pdf","timestamp":1704994579331,"id":"j8ref4huzl96azr","previousEventId":"02xpztlymkmfuku","operationId":"76u3t2u749b6kk6","previousOperationId":"kw46of99v6rfk1g"}
{"type":"log","timestamp":1704994579331,"level":"debug","message":"Executing recipe chrome-pdf","meta":{"rootId":"qudv2raunfquuia","id":"qudv2raunfquuia"},"id":"7a7xz1pbr6u52mg","previousOperationId":"76u3t2u749b6kk6"}
{"type":"log","timestamp":1704994579333,"level":"debug","message":"Converting with chrome HeadlessChrome/117.0.5938.149 using chrome-pool strategy","meta":{"rootId":"qudv2raunfquuia","id":"qudv2raunfquuia"},"id":"k1fy7ekibwegrg8","previousOperationId":"76u3t2u749b6kk6"}
{"type":"log","timestamp":1704994579367,"level":"debug","message":"Page request: GET (document) file:///tmp/jsreport/autocleanup/f371193d-556f-4d65-ad05-c47e0b7e2182-chrome-pdf.html","meta":{"rootId":"qudv2raunfquuia","id":"qudv2raunfquuia"},"id":"wtzaeg5moi6e18a","previousOperationId":"76u3t2u749b6kk6"}
{"type":"log","timestamp":1704994579374,"level":"debug","message":"Page request: GET (script) https://cdn.jsdelivr.net/npm/chart.js","meta":{"rootId":"qudv2raunfquuia","id":"qudv2raunfquuia"},"id":"gjxe3w7lnog700f","previousOperationId":"76u3t2u749b6kk6"}
{"type":"log","timestamp":1704994579374,"level":"debug","message":"Page request finished: GET (document) 200 file:///tmp/jsreport/autocleanup/f371193d-556f-4d65-ad05-c47e0b7e2182-chrome-pdf.html","meta":{"rootId":"qudv2raunfquuia","id":"qudv2raunfquuia"},"id":"vxljvpdsexri1n8","previousOperationId":"76u3t2u749b6kk6"}
{"type":"log","timestamp":1704994579377,"level":"debug","message":"Page request finished: GET (script) 200 https://cdn.jsdelivr.net/npm/chart.js","meta":{"rootId":"qudv2raunfquuia","id":"qudv2raunfquuia"},"id":"hghgjn6m0d7enjt","previousOperationId":"76u3t2u749b6kk6"}
{"type":"log","timestamp":1704994579380,"level":"warn","message":"Page error: Unexpected identifier 'Object' , stack: SyntaxError: Unexpected identifier 'Object'","meta":{"rootId":"qudv2raunfquuia","id":"qudv2raunfquuia"},"id":"wxj40em8qrlz05u","previousOperationId":"76u3t2u749b6kk6"}
{"type":"log","timestamp":1704994579385,"level":"debug","message":"Running chrome with params {\"printBackground\":true,\"timeout\":58565,\"margin\":{}}","meta":{"rootId":"qudv2raunfquuia","id":"qudv2raunfquuia"},"id":"duim86pn4ofewia","previousOperationId":"76u3t2u749b6kk6"}
{"type":"operationEnd","operationId":"76u3t2u749b6kk6","timestamp":1704994579398,"id":"hw2ehblf38t8yd4","previousEventId":"j8ref4huzl96azr","previousOperationId":"76u3t2u749b6kk6"}
{"type":"log","timestamp":1704994579398,"level":"debug","message":"Skipping storing report.","meta":{"rootId":"qudv2raunfquuia","id":"qudv2raunfquuia"},"id":"j3se2dqlpdcqb4a","previousOperationId":"76u3t2u749b6kk6"}
{"type":"log","timestamp":1704994579398,"level":"info","message":"Rendering request 157 finished in 1501 ms","meta":{"rootId":"qudv2raunfquuia","id":"qudv2raunfquuia"},"id":"gpd7xywlgvz8cfa","previousOperationId":"76u3t2u749b6kk6"}
{"type":"operationEnd","subtype":"render","operationId":"vnjzryydjiip1mu","timestamp":1704994579398,"id":"vk481vwnwrqilvn","previousEventId":"hw2ehblf38t8yd4","previousOperationId":"76u3t2u749b6kk6"}
{"type":"operationEnd","doDiffs":false,"previousEventId":"hin2g4aoge2lzl2","previousOperationId":"n3l9mt9k5echyk6","operationId":"n3l9mt9k5echyk6","timestamp":1704994579401,"id":"k3l6r90l8atj6cw"}
