{"type":"operationStart","subtype":"profile","data":{"_id":"iIYyMcyFfsa0CGqT","timestamp":"2024-01-11T16:30:04.587Z","state":"queued","mode":"standard","creationDate":"2024-01-11T16:30:04.588Z","modificationDate":"2024-01-11T16:30:04.588Z","shortid":"lnX_Xg9","$entitySet":"profiles"},"doDiffs":false,"timestamp":1704990604587,"id":"7ox7xi3k70drgfb","previousOperationId":null,"operationId":"mxfset65jt33449"}
{"type":"log","level":"info","message":"Render request 45 queued for execution and waiting for available worker","previousOperationId":"mxfset65jt33449","timestamp":1704990604588,"id":"67v36522g1opv1q"}
{"type":"operationStart","subtype":"render","name":"User_project","previousOperationId":"mxfset65jt33449","timestamp":1704990604591,"id":"n7ug02d6dai3z0z","previousEventId":"7ox7xi3k70drgfb","operationId":"ch6463986ir0ynl"}
{"type":"log","timestamp":1704990604592,"level":"info","message":"Starting rendering request 45","meta":{"rootId":"qvuc1ebh8xw8ylx","id":"qvuc1ebh8xw8ylx"},"id":"sc7zkfdoyqknn8i","previousOperationId":"ch6463986ir0ynl"}
{"type":"log","timestamp":1704990604592,"level":"info","message":"Rendering template { name: User_project, recipe: chrome-pdf, engine: handlebars, preview: true }","meta":{"rootId":"qvuc1ebh8xw8ylx","id":"qvuc1ebh8xw8ylx"},"id":"4e1n6pas80tgu13","previousOperationId":"ch6463986ir0ynl"}
{"type":"log","timestamp":1704990604592,"level":"debug","message":"Data item not defined for this template.","meta":{"rootId":"qvuc1ebh8xw8ylx","id":"qvuc1ebh8xw8ylx"},"id":"2hpi0uraiig6iew","previousOperationId":"ch6463986ir0ynl"}
{"type":"log","timestamp":1704990604593,"level":"debug","message":"Executing script usabi-data (beforeRender)","meta":{"rootId":"qvuc1ebh8xw8ylx","id":"qvuc1ebh8xw8ylx"},"id":"k0y72m4of7krsza","previousOperationId":"ch6463986ir0ynl"}
{"type":"operationStart","subtype":"scriptsBeforeRender","name":"scripts beforeRender","timestamp":1704990604596,"id":"fgapnhxxtf0xeji","previousEventId":"n7ug02d6dai3z0z","operationId":"w65t56013bm9hnb","previousOperationId":"ch6463986ir0ynl"}
{"type":"operationStart","subtype":"script","name":"scripts usabi-data","previousOperationId":"w65t56013bm9hnb","timestamp":1704990604596,"id":"o65vxsqrtg3vl61","previousEventId":"fgapnhxxtf0xeji","operationId":"cbhql9o57d5jadi"}
{"type":"operationEnd","operationId":"cbhql9o57d5jadi","timestamp":1704990604607,"id":"avy2z62hm1vu82j","previousEventId":"n7ug02d6dai3z0z","previousOperationId":"ch6463986ir0ynl"}
{"type":"operationEnd","operationId":"w65t56013bm9hnb","timestamp":1704990604607,"id":"bw5p86ndu0zh046","previousEventId":"avy2z62hm1vu82j","previousOperationId":"ch6463986ir0ynl"}
{"type":"log","timestamp":1704990604607,"level":"debug","message":"Base url not specified, skipping its injection.","meta":{"rootId":"qvuc1ebh8xw8ylx","id":"qvuc1ebh8xw8ylx"},"id":"x4gu1hc5z9k88ff","previousOperationId":"w65t56013bm9hnb"}
{"type":"operationStart","subtype":"engine","name":"handlebars","timestamp":1704990604607,"id":"0b4qg01wka442sp","previousEventId":"bw5p86ndu0zh046","operationId":"ae5ssfv1tojkplk","previousOperationId":"w65t56013bm9hnb"}
{"type":"log","timestamp":1704990604607,"level":"debug","message":"Rendering engine handlebars","meta":{"rootId":"qvuc1ebh8xw8ylx","id":"qvuc1ebh8xw8ylx"},"id":"eal708bt0i944cg","previousOperationId":"ae5ssfv1tojkplk"}
{"type":"operationEnd","operationId":"ae5ssfv1tojkplk","timestamp":1704990604618,"id":"imevoyc83nwpw6t","previousEventId":"0b4qg01wka442sp","previousOperationId":"ae5ssfv1tojkplk"}
{"type":"operationStart","subtype":"recipe","name":"chrome-pdf","timestamp":1704990604618,"id":"3xnn8b9mnsmsa95","previousEventId":"imevoyc83nwpw6t","operationId":"0qm5jt2rqtgw8k3","previousOperationId":"ae5ssfv1tojkplk"}
{"type":"log","timestamp":1704990604618,"level":"debug","message":"Executing recipe chrome-pdf","meta":{"rootId":"qvuc1ebh8xw8ylx","id":"qvuc1ebh8xw8ylx"},"id":"ow2izx2ziyb2438","previousOperationId":"0qm5jt2rqtgw8k3"}
{"type":"log","timestamp":1704990604619,"level":"debug","message":"Converting with chrome HeadlessChrome/117.0.5938.149 using chrome-pool strategy","meta":{"rootId":"qvuc1ebh8xw8ylx","id":"qvuc1ebh8xw8ylx"},"id":"lmmbtwluvyh7urx","previousOperationId":"0qm5jt2rqtgw8k3"}
{"type":"log","timestamp":1704990604651,"level":"debug","message":"Page request: GET (document) file:///tmp/jsreport/autocleanup/643c8dc1-1237-4190-8abf-f682e23b7586-chrome-pdf.html","meta":{"rootId":"qvuc1ebh8xw8ylx","id":"qvuc1ebh8xw8ylx"},"id":"9ylurjwcppla323","previousOperationId":"0qm5jt2rqtgw8k3"}
{"type":"log","timestamp":1704990604659,"level":"debug","message":"Page request: GET (script) https://cdn.jsdelivr.net/npm/chart.js","meta":{"rootId":"qvuc1ebh8xw8ylx","id":"qvuc1ebh8xw8ylx"},"id":"sycoq1p12vgrjkt","previousOperationId":"0qm5jt2rqtgw8k3"}
{"type":"log","timestamp":1704990604659,"level":"debug","message":"Page request finished: GET (document) 200 file:///tmp/jsreport/autocleanup/643c8dc1-1237-4190-8abf-f682e23b7586-chrome-pdf.html","meta":{"rootId":"qvuc1ebh8xw8ylx","id":"qvuc1ebh8xw8ylx"},"id":"t88nlsuclujat9c","previousOperationId":"0qm5jt2rqtgw8k3"}
{"type":"log","timestamp":1704990604663,"level":"debug","message":"Page request finished: GET (script) 200 https://cdn.jsdelivr.net/npm/chart.js","meta":{"rootId":"qvuc1ebh8xw8ylx","id":"qvuc1ebh8xw8ylx"},"id":"xvdumtvt120ujau","previousOperationId":"0qm5jt2rqtgw8k3"}
{"type":"log","timestamp":1704990604711,"level":"debug","message":"Running chrome with params {\"printBackground\":true,\"timeout\":59968,\"margin\":{}}","meta":{"rootId":"qvuc1ebh8xw8ylx","id":"qvuc1ebh8xw8ylx"},"id":"x20iizj5o88iq8e","previousOperationId":"0qm5jt2rqtgw8k3"}
{"type":"operationEnd","operationId":"0qm5jt2rqtgw8k3","timestamp":1704990604734,"id":"jzzcxkdjitk9wgq","previousEventId":"3xnn8b9mnsmsa95","previousOperationId":"0qm5jt2rqtgw8k3"}
{"type":"log","timestamp":1704990604734,"level":"debug","message":"Skipping storing report.","meta":{"rootId":"qvuc1ebh8xw8ylx","id":"qvuc1ebh8xw8ylx"},"id":"ct8qi5fd66kwdjq","previousOperationId":"0qm5jt2rqtgw8k3"}
{"type":"log","timestamp":1704990604734,"level":"info","message":"Rendering request 45 finished in 147 ms","meta":{"rootId":"qvuc1ebh8xw8ylx","id":"qvuc1ebh8xw8ylx"},"id":"seier8odc5iviq5","previousOperationId":"0qm5jt2rqtgw8k3"}
{"type":"operationEnd","subtype":"render","operationId":"ch6463986ir0ynl","timestamp":1704990604734,"id":"w2zjunffje887x3","previousEventId":"jzzcxkdjitk9wgq","previousOperationId":"0qm5jt2rqtgw8k3"}
{"type":"operationEnd","doDiffs":false,"previousEventId":"7ox7xi3k70drgfb","previousOperationId":"mxfset65jt33449","operationId":"mxfset65jt33449","timestamp":1704990604737,"id":"r5ot7y8pqh56fsd"}
