{"type":"operationStart","subtype":"profile","data":{"_id":"2FmsB2LoezMHE33x","timestamp":"2024-01-15T20:30:18.843Z","state":"queued","mode":"standard","creationDate":"2024-01-15T20:30:18.844Z","modificationDate":"2024-01-15T20:30:18.844Z","shortid":"kygcBkM","$entitySet":"profiles"},"doDiffs":false,"timestamp":1705350618843,"id":"s264cjsetrwku5e","previousOperationId":null,"operationId":"apkxew6tzgo3sdr"}
{"type":"log","level":"info","message":"Render request 11 queued for execution and waiting for available worker","previousOperationId":"apkxew6tzgo3sdr","timestamp":1705350618843,"id":"9j4aly2jhriwntq"}
{"type":"operationStart","subtype":"render","name":"User_project","previousOperationId":"apkxew6tzgo3sdr","timestamp":1705350618845,"id":"71d0ygtm848m5wl","previousEventId":"s264cjsetrwku5e","operationId":"qy6qgabrgoiwva1"}
{"type":"log","timestamp":1705350618846,"level":"info","message":"Starting rendering request 11","meta":{"rootId":"qybwfl9eej2s8z0","id":"qybwfl9eej2s8z0"},"id":"scdcpyyqh7vn929","previousOperationId":"qy6qgabrgoiwva1"}
{"type":"log","timestamp":1705350618846,"level":"info","message":"Rendering template { name: User_project, recipe: chrome-pdf, engine: handlebars, preview: false }","meta":{"rootId":"qybwfl9eej2s8z0","id":"qybwfl9eej2s8z0"},"id":"si0gnh7ikrwc1y9","previousOperationId":"qy6qgabrgoiwva1"}
{"type":"log","timestamp":1705350618846,"level":"debug","message":"Data item not defined for this template.","meta":{"rootId":"qybwfl9eej2s8z0","id":"qybwfl9eej2s8z0"},"id":"8r8icgsnm9468j8","previousOperationId":"qy6qgabrgoiwva1"}
{"type":"log","timestamp":1705350618848,"level":"debug","message":"Executing script usabi-data (beforeRender)","meta":{"rootId":"qybwfl9eej2s8z0","id":"qybwfl9eej2s8z0"},"id":"25qree2kogjynbg","previousOperationId":"qy6qgabrgoiwva1"}
{"type":"operationStart","subtype":"scriptsBeforeRender","name":"scripts beforeRender","timestamp":1705350618852,"id":"72vhgao768ubgbc","previousEventId":"71d0ygtm848m5wl","operationId":"fcva0u7cxbf68h7","previousOperationId":"qy6qgabrgoiwva1"}
{"type":"operationStart","subtype":"script","name":"scripts usabi-data","previousOperationId":"fcva0u7cxbf68h7","timestamp":1705350618852,"id":"gcy9ejxgeycqh8b","previousEventId":"72vhgao768ubgbc","operationId":"t08f2dnfzh22iro"}
{"type":"operationEnd","operationId":"t08f2dnfzh22iro","timestamp":1705350618874,"id":"lc0ir2j4n1wsr5y","previousEventId":"71d0ygtm848m5wl","previousOperationId":"qy6qgabrgoiwva1"}
{"type":"log","timestamp":1705350618874,"level":"debug","message":"Executing script orders-script (beforeRender)","meta":{"rootId":"qybwfl9eej2s8z0","id":"qybwfl9eej2s8z0"},"id":"0mhbyk0cr8fixdl","previousOperationId":"qy6qgabrgoiwva1"}
{"type":"operationStart","subtype":"script","name":"scripts orders-script","previousOperationId":"fcva0u7cxbf68h7","timestamp":1705350618877,"id":"q64wt001wkl552i","previousEventId":"lc0ir2j4n1wsr5y","operationId":"ndp71br9kgas3b7"}
{"type":"operationEnd","operationId":"ndp71br9kgas3b7","timestamp":1705350620176,"id":"ny4dhxh0iwxu7bq","previousEventId":"lc0ir2j4n1wsr5y","previousOperationId":"qy6qgabrgoiwva1"}
{"type":"operationEnd","operationId":"fcva0u7cxbf68h7","timestamp":1705350620176,"id":"kgokrnwzu5fe9c2","previousEventId":"ny4dhxh0iwxu7bq","previousOperationId":"qy6qgabrgoiwva1"}
{"type":"log","timestamp":1705350620176,"level":"debug","message":"Base url not specified, skipping its injection.","meta":{"rootId":"qybwfl9eej2s8z0","id":"qybwfl9eej2s8z0"},"id":"6caqmwvp0llexod","previousOperationId":"fcva0u7cxbf68h7"}
{"type":"operationStart","subtype":"engine","name":"handlebars","timestamp":1705350620176,"id":"orw64mpxse0cj3n","previousEventId":"kgokrnwzu5fe9c2","operationId":"4u99fugkkp63bci","previousOperationId":"fcva0u7cxbf68h7"}
{"type":"log","timestamp":1705350620176,"level":"debug","message":"Rendering engine handlebars","meta":{"rootId":"qybwfl9eej2s8z0","id":"qybwfl9eej2s8z0"},"id":"24z2gqexnunzvnf","previousOperationId":"4u99fugkkp63bci"}
{"type":"operationEnd","operationId":"4u99fugkkp63bci","timestamp":1705350620189,"id":"dp5horqbvdw8k5j","previousEventId":"orw64mpxse0cj3n","previousOperationId":"4u99fugkkp63bci"}
{"type":"operationStart","subtype":"recipe","name":"chrome-pdf","timestamp":1705350620189,"id":"1b9r3w3fks2y46r","previousEventId":"dp5horqbvdw8k5j","operationId":"x7mj96y27bdajd8","previousOperationId":"4u99fugkkp63bci"}
{"type":"log","timestamp":1705350620189,"level":"debug","message":"Executing recipe chrome-pdf","meta":{"rootId":"qybwfl9eej2s8z0","id":"qybwfl9eej2s8z0"},"id":"86kuwggvkhuy1aq","previousOperationId":"x7mj96y27bdajd8"}
{"type":"log","timestamp":1705350620193,"level":"debug","message":"Converting with chrome HeadlessChrome/117.0.5938.149 using chrome-pool strategy","meta":{"rootId":"qybwfl9eej2s8z0","id":"qybwfl9eej2s8z0"},"id":"w3udh7eytyzfosg","previousOperationId":"x7mj96y27bdajd8"}
{"type":"log","timestamp":1705350620222,"level":"debug","message":"Page request: GET (document) file:///tmp/jsreport/autocleanup/11fd79ad-1abe-41ec-8a1f-7f9ec99f3ba3-chrome-pdf.html","meta":{"rootId":"qybwfl9eej2s8z0","id":"qybwfl9eej2s8z0"},"id":"e07yo6o4q1tx8i3","previousOperationId":"x7mj96y27bdajd8"}
{"type":"log","timestamp":1705350620229,"level":"debug","message":"Page request: GET (script) https://cdn.jsdelivr.net/npm/chart.js","meta":{"rootId":"qybwfl9eej2s8z0","id":"qybwfl9eej2s8z0"},"id":"idydez21zk3yr8d","previousOperationId":"x7mj96y27bdajd8"}
{"type":"log","timestamp":1705350620229,"level":"debug","message":"Page request finished: GET (document) 200 file:///tmp/jsreport/autocleanup/11fd79ad-1abe-41ec-8a1f-7f9ec99f3ba3-chrome-pdf.html","meta":{"rootId":"qybwfl9eej2s8z0","id":"qybwfl9eej2s8z0"},"id":"rxilhr1k0xjgwen","previousOperationId":"x7mj96y27bdajd8"}
{"type":"log","timestamp":1705350620233,"level":"debug","message":"Page request finished: GET (script) 200 https://cdn.jsdelivr.net/npm/chart.js","meta":{"rootId":"qybwfl9eej2s8z0","id":"qybwfl9eej2s8z0"},"id":"of7tyanhf05o8o5","previousOperationId":"x7mj96y27bdajd8"}
{"type":"log","timestamp":1705350620272,"level":"debug","message":"Running chrome with params {\"printBackground\":true,\"timeout\":58652,\"margin\":{}}","meta":{"rootId":"qybwfl9eej2s8z0","id":"qybwfl9eej2s8z0"},"id":"4f5qiyxa3khjk3g","previousOperationId":"x7mj96y27bdajd8"}
{"type":"operationEnd","operationId":"x7mj96y27bdajd8","timestamp":1705350620318,"id":"ygeoe9bn93t6qwk","previousEventId":"1b9r3w3fks2y46r","previousOperationId":"x7mj96y27bdajd8"}
{"type":"log","timestamp":1705350620318,"level":"debug","message":"Skipping storing report.","meta":{"rootId":"qybwfl9eej2s8z0","id":"qybwfl9eej2s8z0"},"id":"w9su1ewjf4c2qdx","previousOperationId":"x7mj96y27bdajd8"}
{"type":"log","timestamp":1705350620318,"level":"info","message":"Rendering request 11 finished in 1476 ms","meta":{"rootId":"qybwfl9eej2s8z0","id":"qybwfl9eej2s8z0"},"id":"z62yqrtr1jwte2s","previousOperationId":"x7mj96y27bdajd8"}
{"type":"operationEnd","subtype":"render","operationId":"qy6qgabrgoiwva1","timestamp":1705350620318,"id":"46k3d69hzmf2tx7","previousEventId":"ygeoe9bn93t6qwk","previousOperationId":"x7mj96y27bdajd8"}
{"type":"operationEnd","doDiffs":false,"previousEventId":"s264cjsetrwku5e","previousOperationId":"apkxew6tzgo3sdr","operationId":"apkxew6tzgo3sdr","timestamp":1705350620319,"id":"aenn1vjwwzdt0sn"}
