{"type":"operationStart","subtype":"profile","data":{"_id":"O80qZ03xQBnfGnen","timestamp":"2024-01-11T17:13:01.877Z","state":"queued","mode":"standard","creationDate":"2024-01-11T17:13:01.878Z","modificationDate":"2024-01-11T17:13:01.878Z","shortid":"vSOCzvF","$entitySet":"profiles"},"doDiffs":false,"timestamp":1704993181877,"id":"k96yip5hy8jpyzu","previousOperationId":null,"operationId":"hxg2cky0w6sykjf"}
{"type":"log","level":"info","message":"Render request 116 queued for execution and waiting for available worker","previousOperationId":"hxg2cky0w6sykjf","timestamp":1704993181877,"id":"e1os8ai6e7tjg4b"}
{"type":"operationStart","subtype":"render","name":"User_project","previousOperationId":"hxg2cky0w6sykjf","timestamp":1704993181882,"id":"4i5phnufk14qga7","previousEventId":"k96yip5hy8jpyzu","operationId":"jf7n9u8xxcdeazo"}
{"type":"log","timestamp":1704993181882,"level":"info","message":"Starting rendering request 116","meta":{"rootId":"r56mrnl5x5yz70x","id":"r56mrnl5x5yz70x"},"id":"6ldv5kuv37lf35x","previousOperationId":"jf7n9u8xxcdeazo"}
{"type":"log","timestamp":1704993181883,"level":"info","message":"Rendering template { name: User_project, recipe: chrome-pdf, engine: handlebars, preview: true }","meta":{"rootId":"r56mrnl5x5yz70x","id":"r56mrnl5x5yz70x"},"id":"2tba66l46btfp9i","previousOperationId":"jf7n9u8xxcdeazo"}
{"type":"log","timestamp":1704993181883,"level":"debug","message":"Data item not defined for this template.","meta":{"rootId":"r56mrnl5x5yz70x","id":"r56mrnl5x5yz70x"},"id":"s4wtb20pm3zwgrj","previousOperationId":"jf7n9u8xxcdeazo"}
{"type":"log","timestamp":1704993181885,"level":"debug","message":"Executing script usabi-data (beforeRender)","meta":{"rootId":"r56mrnl5x5yz70x","id":"r56mrnl5x5yz70x"},"id":"7h2mdyqopctwq12","previousOperationId":"jf7n9u8xxcdeazo"}
{"type":"operationStart","subtype":"scriptsBeforeRender","name":"scripts beforeRender","timestamp":1704993181890,"id":"jjenqaf04e2h1x7","previousEventId":"4i5phnufk14qga7","operationId":"6qxwk89fbib5zlw","previousOperationId":"jf7n9u8xxcdeazo"}
{"type":"operationStart","subtype":"script","name":"scripts usabi-data","previousOperationId":"6qxwk89fbib5zlw","timestamp":1704993181890,"id":"oo0h4ddu7a5pkdz","previousEventId":"jjenqaf04e2h1x7","operationId":"dnvfpiy0mzz8ncn"}
{"type":"operationEnd","operationId":"dnvfpiy0mzz8ncn","timestamp":1704993181910,"id":"69b0ny3trlcgpbe","previousEventId":"4i5phnufk14qga7","previousOperationId":"jf7n9u8xxcdeazo"}
{"type":"log","timestamp":1704993181910,"level":"debug","message":"Executing script orders-script (beforeRender)","meta":{"rootId":"r56mrnl5x5yz70x","id":"r56mrnl5x5yz70x"},"id":"ebyc6ni3lu598cv","previousOperationId":"jf7n9u8xxcdeazo"}
{"type":"operationStart","subtype":"script","name":"scripts orders-script","previousOperationId":"6qxwk89fbib5zlw","timestamp":1704993181914,"id":"abidfyorn470qev","previousEventId":"69b0ny3trlcgpbe","operationId":"s6csolkz2flfwjj"}
{"type":"operationEnd","operationId":"s6csolkz2flfwjj","timestamp":1704993183272,"id":"xfvsfabjwngoar7","previousEventId":"69b0ny3trlcgpbe","previousOperationId":"jf7n9u8xxcdeazo"}
{"type":"operationEnd","operationId":"6qxwk89fbib5zlw","timestamp":1704993183272,"id":"b0vuz3dc5wtgjkl","previousEventId":"xfvsfabjwngoar7","previousOperationId":"jf7n9u8xxcdeazo"}
{"type":"log","timestamp":1704993183272,"level":"debug","message":"Base url not specified, skipping its injection.","meta":{"rootId":"r56mrnl5x5yz70x","id":"r56mrnl5x5yz70x"},"id":"66qrwtvyg8taq1g","previousOperationId":"6qxwk89fbib5zlw"}
{"type":"operationStart","subtype":"engine","name":"handlebars","timestamp":1704993183273,"id":"fsjni9ssaqortbi","previousEventId":"b0vuz3dc5wtgjkl","operationId":"ukftc8mf08ecu3x","previousOperationId":"6qxwk89fbib5zlw"}
{"type":"log","timestamp":1704993183273,"level":"debug","message":"Rendering engine handlebars","meta":{"rootId":"r56mrnl5x5yz70x","id":"r56mrnl5x5yz70x"},"id":"nn1rn3db4bp94zs","previousOperationId":"ukftc8mf08ecu3x"}
{"type":"operationEnd","operationId":"ukftc8mf08ecu3x","timestamp":1704993183294,"id":"z4tw9k77k5barfp","previousEventId":"fsjni9ssaqortbi","previousOperationId":"ukftc8mf08ecu3x"}
{"type":"operationStart","subtype":"recipe","name":"chrome-pdf","timestamp":1704993183295,"id":"429ooc45tdjj9pv","previousEventId":"z4tw9k77k5barfp","operationId":"c4y5pdipgqn5sys","previousOperationId":"ukftc8mf08ecu3x"}
{"type":"log","timestamp":1704993183295,"level":"debug","message":"Executing recipe chrome-pdf","meta":{"rootId":"r56mrnl5x5yz70x","id":"r56mrnl5x5yz70x"},"id":"kqyh4d6ch13y26x","previousOperationId":"c4y5pdipgqn5sys"}
{"type":"log","timestamp":1704993183299,"level":"debug","message":"Converting with chrome HeadlessChrome/117.0.5938.149 using chrome-pool strategy","meta":{"rootId":"r56mrnl5x5yz70x","id":"r56mrnl5x5yz70x"},"id":"2l06qs2ywnlqlei","previousOperationId":"c4y5pdipgqn5sys"}
{"type":"log","timestamp":1704993183332,"level":"debug","message":"Page request: GET (document) file:///tmp/jsreport/autocleanup/ed238c87-f3ac-497e-9158-52a3c757cdb9-chrome-pdf.html","meta":{"rootId":"r56mrnl5x5yz70x","id":"r56mrnl5x5yz70x"},"id":"559gfiiqwli78ma","previousOperationId":"c4y5pdipgqn5sys"}
{"type":"log","timestamp":1704993183339,"level":"debug","message":"Page request: GET (script) https://cdn.jsdelivr.net/npm/chart.js","meta":{"rootId":"r56mrnl5x5yz70x","id":"r56mrnl5x5yz70x"},"id":"ezkpyx635dvoqje","previousOperationId":"c4y5pdipgqn5sys"}
{"type":"log","timestamp":1704993183339,"level":"debug","message":"Page request finished: GET (document) 200 file:///tmp/jsreport/autocleanup/ed238c87-f3ac-497e-9158-52a3c757cdb9-chrome-pdf.html","meta":{"rootId":"r56mrnl5x5yz70x","id":"r56mrnl5x5yz70x"},"id":"q65zg2vjmlr8yfz","previousOperationId":"c4y5pdipgqn5sys"}
{"type":"log","timestamp":1704993183343,"level":"debug","message":"Page request finished: GET (script) 200 https://cdn.jsdelivr.net/npm/chart.js","meta":{"rootId":"r56mrnl5x5yz70x","id":"r56mrnl5x5yz70x"},"id":"3km1k7jzhvnxbq6","previousOperationId":"c4y5pdipgqn5sys"}
{"type":"log","timestamp":1704993183346,"level":"warn","message":"Page error: Unexpected token '<' , stack: SyntaxError: Unexpected token '<'","meta":{"rootId":"r56mrnl5x5yz70x","id":"r56mrnl5x5yz70x"},"id":"ozvkopskbl6xasm","previousOperationId":"c4y5pdipgqn5sys"}
{"type":"log","timestamp":1704993183350,"level":"debug","message":"Running chrome with params {\"printBackground\":true,\"timeout\":58580,\"margin\":{}}","meta":{"rootId":"r56mrnl5x5yz70x","id":"r56mrnl5x5yz70x"},"id":"etazn1gtfwgnlcy","previousOperationId":"c4y5pdipgqn5sys"}
{"type":"operationEnd","operationId":"c4y5pdipgqn5sys","timestamp":1704993183359,"id":"6pfiub9p1arm2b8","previousEventId":"429ooc45tdjj9pv","previousOperationId":"c4y5pdipgqn5sys"}
{"type":"log","timestamp":1704993183359,"level":"debug","message":"Skipping storing report.","meta":{"rootId":"r56mrnl5x5yz70x","id":"r56mrnl5x5yz70x"},"id":"5ytwwici0pb7vbc","previousOperationId":"c4y5pdipgqn5sys"}
{"type":"log","timestamp":1704993183359,"level":"info","message":"Rendering request 116 finished in 1482 ms","meta":{"rootId":"r56mrnl5x5yz70x","id":"r56mrnl5x5yz70x"},"id":"nnl1ag25ggh9h89","previousOperationId":"c4y5pdipgqn5sys"}
{"type":"operationEnd","subtype":"render","operationId":"jf7n9u8xxcdeazo","timestamp":1704993183359,"id":"i1uytub3i2ekfyd","previousEventId":"6pfiub9p1arm2b8","previousOperationId":"c4y5pdipgqn5sys"}
{"type":"operationEnd","doDiffs":false,"previousEventId":"k96yip5hy8jpyzu","previousOperationId":"hxg2cky0w6sykjf","operationId":"hxg2cky0w6sykjf","timestamp":1704993183363,"id":"pifbkflii0em3ih"}
