{"type":"operationStart","subtype":"profile","data":{"_id":"Y9S7rfNg9JUQOiWC","timestamp":"2024-01-11T16:41:29.506Z","state":"queued","mode":"standard","creationDate":"2024-01-11T16:41:29.506Z","modificationDate":"2024-01-11T16:41:29.506Z","shortid":"fJIxqTL","$entitySet":"profiles"},"doDiffs":false,"timestamp":1704991289506,"id":"5sw37w2u4s72wse","previousOperationId":null,"operationId":"ojg9mcygpwfe6kz"}
{"type":"log","level":"info","message":"Render request 68 queued for execution and waiting for available worker","previousOperationId":"ojg9mcygpwfe6kz","timestamp":1704991289506,"id":"cmikgwy2ihql4er"}
{"type":"operationStart","subtype":"render","name":"User_project","previousOperationId":"ojg9mcygpwfe6kz","timestamp":1704991289510,"id":"fhu1a1lr20pmdxz","previousEventId":"5sw37w2u4s72wse","operationId":"jjh3a6coj6ayn1x"}
{"type":"log","timestamp":1704991289510,"level":"info","message":"Starting rendering request 68","meta":{"rootId":"r6ie5t3ua59sxkh","id":"r6ie5t3ua59sxkh"},"id":"coy280oww10k0pl","previousOperationId":"jjh3a6coj6ayn1x"}
{"type":"log","timestamp":1704991289510,"level":"info","message":"Rendering template { name: User_project, recipe: chrome-pdf, engine: handlebars, preview: true }","meta":{"rootId":"r6ie5t3ua59sxkh","id":"r6ie5t3ua59sxkh"},"id":"m5byi7knthi35vo","previousOperationId":"jjh3a6coj6ayn1x"}
{"type":"log","timestamp":1704991289511,"level":"debug","message":"Data item not defined for this template.","meta":{"rootId":"r6ie5t3ua59sxkh","id":"r6ie5t3ua59sxkh"},"id":"mad3cuesbthre8q","previousOperationId":"jjh3a6coj6ayn1x"}
{"type":"log","timestamp":1704991289512,"level":"debug","message":"Executing script usabi-data (beforeRender)","meta":{"rootId":"r6ie5t3ua59sxkh","id":"r6ie5t3ua59sxkh"},"id":"k969ciszso8qpvn","previousOperationId":"jjh3a6coj6ayn1x"}
{"type":"operationStart","subtype":"scriptsBeforeRender","name":"scripts beforeRender","timestamp":1704991289516,"id":"gn4thsfv0ylzhi9","previousEventId":"fhu1a1lr20pmdxz","operationId":"dcyt5uasjjzdgm7","previousOperationId":"jjh3a6coj6ayn1x"}
{"type":"operationStart","subtype":"script","name":"scripts usabi-data","previousOperationId":"dcyt5uasjjzdgm7","timestamp":1704991289516,"id":"tcm286tkgs8mq2t","previousEventId":"gn4thsfv0ylzhi9","operationId":"sddm5s8dggvouo6"}
{"type":"operationEnd","operationId":"sddm5s8dggvouo6","timestamp":1704991289528,"id":"v157yow8q25s13p","previousEventId":"fhu1a1lr20pmdxz","previousOperationId":"jjh3a6coj6ayn1x"}
{"type":"operationEnd","operationId":"dcyt5uasjjzdgm7","timestamp":1704991289528,"id":"6cl8ga2g46olc5t","previousEventId":"v157yow8q25s13p","previousOperationId":"jjh3a6coj6ayn1x"}
{"type":"log","timestamp":1704991289528,"level":"debug","message":"Base url not specified, skipping its injection.","meta":{"rootId":"r6ie5t3ua59sxkh","id":"r6ie5t3ua59sxkh"},"id":"ucvba2ci3ics8hi","previousOperationId":"dcyt5uasjjzdgm7"}
{"type":"operationStart","subtype":"engine","name":"handlebars","timestamp":1704991289528,"id":"83njw5l0v9ycshv","previousEventId":"6cl8ga2g46olc5t","operationId":"mm6ygvjodtxpjct","previousOperationId":"dcyt5uasjjzdgm7"}
{"type":"log","timestamp":1704991289528,"level":"debug","message":"Rendering engine handlebars","meta":{"rootId":"r6ie5t3ua59sxkh","id":"r6ie5t3ua59sxkh"},"id":"qxtw19ccrfby9f4","previousOperationId":"mm6ygvjodtxpjct"}
{"type":"operationEnd","operationId":"mm6ygvjodtxpjct","timestamp":1704991289536,"id":"6p7scwpidmd5aoy","previousEventId":"83njw5l0v9ycshv","previousOperationId":"mm6ygvjodtxpjct"}
{"type":"operationStart","subtype":"recipe","name":"chrome-pdf","timestamp":1704991289536,"id":"ba71uvu7xt6kqjy","previousEventId":"6p7scwpidmd5aoy","operationId":"9b1zb99cwb6tuu9","previousOperationId":"mm6ygvjodtxpjct"}
{"type":"log","timestamp":1704991289536,"level":"debug","message":"Executing recipe chrome-pdf","meta":{"rootId":"r6ie5t3ua59sxkh","id":"r6ie5t3ua59sxkh"},"id":"a30oamcm0ljq4u6","previousOperationId":"9b1zb99cwb6tuu9"}
{"type":"log","timestamp":1704991289539,"level":"debug","message":"Converting with chrome HeadlessChrome/117.0.5938.149 using chrome-pool strategy","meta":{"rootId":"r6ie5t3ua59sxkh","id":"r6ie5t3ua59sxkh"},"id":"gl824t3h3gcxza8","previousOperationId":"9b1zb99cwb6tuu9"}
{"type":"log","timestamp":1704991289570,"level":"debug","message":"Page request: GET (document) file:///tmp/jsreport/autocleanup/4ffd68dc-a167-4c2e-b4d1-8b8b57863258-chrome-pdf.html","meta":{"rootId":"r6ie5t3ua59sxkh","id":"r6ie5t3ua59sxkh"},"id":"4mu0057s0wtafpy","previousOperationId":"9b1zb99cwb6tuu9"}
{"type":"log","timestamp":1704991289577,"level":"debug","message":"Page request: GET (script) https://cdn.jsdelivr.net/npm/chart.js","meta":{"rootId":"r6ie5t3ua59sxkh","id":"r6ie5t3ua59sxkh"},"id":"2nf0dt007demaft","previousOperationId":"9b1zb99cwb6tuu9"}
{"type":"log","timestamp":1704991289578,"level":"debug","message":"Page request finished: GET (document) 200 file:///tmp/jsreport/autocleanup/4ffd68dc-a167-4c2e-b4d1-8b8b57863258-chrome-pdf.html","meta":{"rootId":"r6ie5t3ua59sxkh","id":"r6ie5t3ua59sxkh"},"id":"u2grhdd386a2j52","previousOperationId":"9b1zb99cwb6tuu9"}
{"type":"log","timestamp":1704991289580,"level":"debug","message":"Page request finished: GET (script) 200 https://cdn.jsdelivr.net/npm/chart.js","meta":{"rootId":"r6ie5t3ua59sxkh","id":"r6ie5t3ua59sxkh"},"id":"babejtgxsne7jvm","previousOperationId":"9b1zb99cwb6tuu9"}
{"type":"log","timestamp":1704991289627,"level":"debug","message":"Running chrome with params {\"printBackground\":true,\"timeout\":59967,\"margin\":{}}","meta":{"rootId":"r6ie5t3ua59sxkh","id":"r6ie5t3ua59sxkh"},"id":"fc7rnbyv6jmna4u","previousOperationId":"9b1zb99cwb6tuu9"}
{"type":"operationEnd","operationId":"9b1zb99cwb6tuu9","timestamp":1704991289646,"id":"lwsm3h9o9nunq0e","previousEventId":"ba71uvu7xt6kqjy","previousOperationId":"9b1zb99cwb6tuu9"}
{"type":"log","timestamp":1704991289646,"level":"debug","message":"Skipping storing report.","meta":{"rootId":"r6ie5t3ua59sxkh","id":"r6ie5t3ua59sxkh"},"id":"ne9mza83xl0w0wj","previousOperationId":"9b1zb99cwb6tuu9"}
{"type":"log","timestamp":1704991289646,"level":"info","message":"Rendering request 68 finished in 141 ms","meta":{"rootId":"r6ie5t3ua59sxkh","id":"r6ie5t3ua59sxkh"},"id":"ym184lnmvt3c9a9","previousOperationId":"9b1zb99cwb6tuu9"}
{"type":"operationEnd","subtype":"render","operationId":"jjh3a6coj6ayn1x","timestamp":1704991289646,"id":"jgepeoz5u80hydq","previousEventId":"lwsm3h9o9nunq0e","previousOperationId":"9b1zb99cwb6tuu9"}
{"type":"operationEnd","doDiffs":false,"previousEventId":"5sw37w2u4s72wse","previousOperationId":"ojg9mcygpwfe6kz","operationId":"ojg9mcygpwfe6kz","timestamp":1704991289648,"id":"ey11s8edq2arnr0"}
