{"type":"operationStart","subtype":"profile","data":{"_id":"0GXpCqy9gMY3mcvk","timestamp":"2024-01-31T20:25:10.125Z","state":"queued","mode":"standard","creationDate":"2024-01-31T20:25:10.126Z","modificationDate":"2024-01-31T20:25:10.126Z","shortid":"S5Z0zbt","$entitySet":"profiles"},"doDiffs":false,"timestamp":1706732710125,"id":"vzpn5ok4e4ctn73","previousOperationId":null,"operationId":"3wdkyb15lea9t95"}
{"type":"log","level":"info","message":"Render request 7 queued for execution and waiting for available worker","previousOperationId":"3wdkyb15lea9t95","timestamp":1706732710125,"id":"crggsdc2feb8ibv"}
{"type":"operationStart","subtype":"render","name":"User_project","previousOperationId":"3wdkyb15lea9t95","timestamp":1706732710128,"id":"ptot49qs7lni9qa","previousEventId":"vzpn5ok4e4ctn73","operationId":"idsvldsvbgiiqk4"}
{"type":"log","timestamp":1706732710128,"level":"info","message":"Starting rendering request 7","meta":{"rootId":"r915kfl8ac78trp","id":"r915kfl8ac78trp"},"id":"mqmz139p3za6vuo","previousOperationId":"idsvldsvbgiiqk4"}
{"type":"log","timestamp":1706732710128,"level":"info","message":"Rendering template { name: User_project, recipe: chrome-pdf, engine: handlebars, preview: false }","meta":{"rootId":"r915kfl8ac78trp","id":"r915kfl8ac78trp"},"id":"xb1xmvjlldflvko","previousOperationId":"idsvldsvbgiiqk4"}
{"type":"log","timestamp":1706732710129,"level":"debug","message":"Data item not defined for this template.","meta":{"rootId":"r915kfl8ac78trp","id":"r915kfl8ac78trp"},"id":"3ajhfwq0426xl83","previousOperationId":"idsvldsvbgiiqk4"}
{"type":"log","timestamp":1706732710131,"level":"debug","message":"Executing script usabi-data (beforeRender)","meta":{"rootId":"r915kfl8ac78trp","id":"r915kfl8ac78trp"},"id":"v5wooesnlk6b17l","previousOperationId":"idsvldsvbgiiqk4"}
{"type":"operationStart","subtype":"scriptsBeforeRender","name":"scripts beforeRender","timestamp":1706732710135,"id":"uvioa41mdfr0pea","previousEventId":"ptot49qs7lni9qa","operationId":"rims1h9sqlx5jgw","previousOperationId":"idsvldsvbgiiqk4"}
{"type":"operationStart","subtype":"script","name":"scripts usabi-data","previousOperationId":"rims1h9sqlx5jgw","timestamp":1706732710135,"id":"r2oimz8jroiaps1","previousEventId":"uvioa41mdfr0pea","operationId":"jv1wiph35pup2fq"}
{"type":"operationEnd","operationId":"jv1wiph35pup2fq","timestamp":1706732710150,"id":"6l5c3wiiac7m6p9","previousEventId":"ptot49qs7lni9qa","previousOperationId":"idsvldsvbgiiqk4"}
{"type":"log","timestamp":1706732710150,"level":"debug","message":"Executing script orders-script (beforeRender)","meta":{"rootId":"r915kfl8ac78trp","id":"r915kfl8ac78trp"},"id":"f8i7xfhkakndld5","previousOperationId":"idsvldsvbgiiqk4"}
{"type":"operationStart","subtype":"script","name":"scripts orders-script","previousOperationId":"rims1h9sqlx5jgw","timestamp":1706732710154,"id":"qip9ic4iu18v3q2","previousEventId":"6l5c3wiiac7m6p9","operationId":"mx7a9nj5amij1pn"}
{"type":"operationEnd","operationId":"mx7a9nj5amij1pn","timestamp":1706732711566,"id":"9f6v4a1wz3jd28k","previousEventId":"6l5c3wiiac7m6p9","previousOperationId":"idsvldsvbgiiqk4"}
{"type":"operationEnd","operationId":"rims1h9sqlx5jgw","timestamp":1706732711566,"id":"9su1abeatustg42","previousEventId":"9f6v4a1wz3jd28k","previousOperationId":"idsvldsvbgiiqk4"}
{"type":"log","timestamp":1706732711566,"level":"debug","message":"Base url not specified, skipping its injection.","meta":{"rootId":"r915kfl8ac78trp","id":"r915kfl8ac78trp"},"id":"1kivmn0y7u9jid1","previousOperationId":"rims1h9sqlx5jgw"}
{"type":"operationStart","subtype":"engine","name":"handlebars","timestamp":1706732711567,"id":"elog7sjmiemb8fm","previousEventId":"9su1abeatustg42","operationId":"f5z4ivy8fh38n56","previousOperationId":"rims1h9sqlx5jgw"}
{"type":"log","timestamp":1706732711567,"level":"debug","message":"Rendering engine handlebars","meta":{"rootId":"r915kfl8ac78trp","id":"r915kfl8ac78trp"},"id":"ohpazh3bizhgc9z","previousOperationId":"f5z4ivy8fh38n56"}
{"type":"operationEnd","operationId":"f5z4ivy8fh38n56","timestamp":1706732711571,"id":"0b2eops4ncdug3g","previousEventId":"elog7sjmiemb8fm","previousOperationId":"f5z4ivy8fh38n56"}
{"type":"operationStart","subtype":"recipe","name":"chrome-pdf","timestamp":1706732711571,"id":"epj0atqkx8802v4","previousEventId":"0b2eops4ncdug3g","operationId":"9zw6z6jm541pmio","previousOperationId":"f5z4ivy8fh38n56"}
{"type":"log","timestamp":1706732711571,"level":"debug","message":"Executing recipe chrome-pdf","meta":{"rootId":"r915kfl8ac78trp","id":"r915kfl8ac78trp"},"id":"0fga9c2ahgmpt3r","previousOperationId":"9zw6z6jm541pmio"}
{"type":"log","timestamp":1706732711573,"level":"debug","message":"Converting with chrome HeadlessChrome/117.0.5938.149 using chrome-pool strategy","meta":{"rootId":"r915kfl8ac78trp","id":"r915kfl8ac78trp"},"id":"t6cmv9sek5xjzsy","previousOperationId":"9zw6z6jm541pmio"}
{"type":"log","timestamp":1706732711603,"level":"debug","message":"Page request: GET (document) file:///tmp/jsreport/autocleanup/f09c29ca-fff8-4c85-bcc8-2c3396968145-chrome-pdf.html","meta":{"rootId":"r915kfl8ac78trp","id":"r915kfl8ac78trp"},"id":"6om68rig25ecepx","previousOperationId":"9zw6z6jm541pmio"}
{"type":"log","timestamp":1706732711611,"level":"debug","message":"Page request: GET (script) https://cdn.jsdelivr.net/npm/chart.js","meta":{"rootId":"r915kfl8ac78trp","id":"r915kfl8ac78trp"},"id":"4kuzzuf73dzh1pv","previousOperationId":"9zw6z6jm541pmio"}
{"type":"log","timestamp":1706732711611,"level":"debug","message":"Page request finished: GET (document) 200 file:///tmp/jsreport/autocleanup/f09c29ca-fff8-4c85-bcc8-2c3396968145-chrome-pdf.html","meta":{"rootId":"r915kfl8ac78trp","id":"r915kfl8ac78trp"},"id":"seiw93e0q8fhxa9","previousOperationId":"9zw6z6jm541pmio"}
{"type":"log","timestamp":1706732711614,"level":"debug","message":"Page request finished: GET (script) 200 https://cdn.jsdelivr.net/npm/chart.js","meta":{"rootId":"r915kfl8ac78trp","id":"r915kfl8ac78trp"},"id":"qhhwu7kou7nm6rk","previousOperationId":"9zw6z6jm541pmio"}
{"type":"log","timestamp":1706732711653,"level":"debug","message":"Running chrome with params {\"printBackground\":true,\"timeout\":58552,\"margin\":{}}","meta":{"rootId":"r915kfl8ac78trp","id":"r915kfl8ac78trp"},"id":"eeuhivsfsgc5u24","previousOperationId":"9zw6z6jm541pmio"}
{"type":"operationEnd","operationId":"9zw6z6jm541pmio","timestamp":1706732711706,"id":"ltmyro0vhbpnn9m","previousEventId":"epj0atqkx8802v4","previousOperationId":"9zw6z6jm541pmio"}
{"type":"log","timestamp":1706732711706,"level":"debug","message":"Skipping storing report.","meta":{"rootId":"r915kfl8ac78trp","id":"r915kfl8ac78trp"},"id":"jy8zngo26o3k9b9","previousOperationId":"9zw6z6jm541pmio"}
{"type":"log","timestamp":1706732711707,"level":"info","message":"Rendering request 7 finished in 1583 ms","meta":{"rootId":"r915kfl8ac78trp","id":"r915kfl8ac78trp"},"id":"83hxtir06ds1el1","previousOperationId":"9zw6z6jm541pmio"}
{"type":"operationEnd","subtype":"render","operationId":"idsvldsvbgiiqk4","timestamp":1706732711707,"id":"j59t1t3clp16zt7","previousEventId":"ltmyro0vhbpnn9m","previousOperationId":"9zw6z6jm541pmio"}
{"type":"operationEnd","doDiffs":false,"previousEventId":"vzpn5ok4e4ctn73","previousOperationId":"3wdkyb15lea9t95","operationId":"3wdkyb15lea9t95","timestamp":1706732711708,"id":"i3n07dvnaqk552w"}
