{"type":"operationStart","subtype":"profile","data":{"_id":"PxwWxtgjQXr1jYPG","timestamp":"2024-01-11T17:59:08.461Z","state":"queued","mode":"standard","creationDate":"2024-01-11T17:59:08.462Z","modificationDate":"2024-01-11T17:59:08.462Z","shortid":"ke9FBHo","$entitySet":"profiles"},"doDiffs":false,"timestamp":1704995948462,"id":"j2nmwc47ou6tk2j","previousOperationId":null,"operationId":"dl2nz5zsmvohmn4"}
{"type":"log","level":"info","message":"Render request 31 queued for execution and waiting for available worker","previousOperationId":"dl2nz5zsmvohmn4","timestamp":1704995948462,"id":"25mqgpqse395jpr"}
{"type":"operationStart","subtype":"render","name":"User_project","previousOperationId":"dl2nz5zsmvohmn4","timestamp":1704995948466,"id":"ay5zl2flvny68jn","previousEventId":"j2nmwc47ou6tk2j","operationId":"j6xx06ybn4qdjbb"}
{"type":"log","timestamp":1704995948466,"level":"info","message":"Starting rendering request 31","meta":{"rootId":"ra20rpxguyl1dqs","id":"ra20rpxguyl1dqs"},"id":"d5j6zwgmauejwij","previousOperationId":"j6xx06ybn4qdjbb"}
{"type":"log","timestamp":1704995948466,"level":"info","message":"Rendering template { name: User_project, recipe: chrome-pdf, engine: handlebars, preview: true }","meta":{"rootId":"ra20rpxguyl1dqs","id":"ra20rpxguyl1dqs"},"id":"7e91j8uf69mvi2s","previousOperationId":"j6xx06ybn4qdjbb"}
{"type":"log","timestamp":1704995948467,"level":"debug","message":"Data item not defined for this template.","meta":{"rootId":"ra20rpxguyl1dqs","id":"ra20rpxguyl1dqs"},"id":"3z0ntsb7o0ws2an","previousOperationId":"j6xx06ybn4qdjbb"}
{"type":"log","timestamp":1704995948469,"level":"debug","message":"Executing script usabi-data (beforeRender)","meta":{"rootId":"ra20rpxguyl1dqs","id":"ra20rpxguyl1dqs"},"id":"e7m0ld780tugw6k","previousOperationId":"j6xx06ybn4qdjbb"}
{"type":"operationStart","subtype":"scriptsBeforeRender","name":"scripts beforeRender","timestamp":1704995948473,"id":"widddrdso6rdv56","previousEventId":"ay5zl2flvny68jn","operationId":"33y4ifqru8i2214","previousOperationId":"j6xx06ybn4qdjbb"}
{"type":"operationStart","subtype":"script","name":"scripts usabi-data","previousOperationId":"33y4ifqru8i2214","timestamp":1704995948473,"id":"p9ghn1ia13itq2q","previousEventId":"widddrdso6rdv56","operationId":"0a0j3xke3x6wmv0"}
{"type":"operationEnd","operationId":"0a0j3xke3x6wmv0","timestamp":1704995948488,"id":"73zuibi9bvwg9eo","previousEventId":"ay5zl2flvny68jn","previousOperationId":"j6xx06ybn4qdjbb"}
{"type":"log","timestamp":1704995948488,"level":"debug","message":"Executing script orders-script (beforeRender)","meta":{"rootId":"ra20rpxguyl1dqs","id":"ra20rpxguyl1dqs"},"id":"ew5vwofgt7wgger","previousOperationId":"j6xx06ybn4qdjbb"}
{"type":"operationStart","subtype":"script","name":"scripts orders-script","previousOperationId":"33y4ifqru8i2214","timestamp":1704995948491,"id":"qjvt5tix3mvfxnb","previousEventId":"73zuibi9bvwg9eo","operationId":"8mjbj13sauhsgbt"}
{"type":"operationEnd","operationId":"8mjbj13sauhsgbt","timestamp":1704995949781,"id":"moxbou470o4o98c","previousEventId":"73zuibi9bvwg9eo","previousOperationId":"j6xx06ybn4qdjbb"}
{"type":"operationEnd","operationId":"33y4ifqru8i2214","timestamp":1704995949781,"id":"f7ctzm0x4c3jhic","previousEventId":"moxbou470o4o98c","previousOperationId":"j6xx06ybn4qdjbb"}
{"type":"log","timestamp":1704995949782,"level":"debug","message":"Base url not specified, skipping its injection.","meta":{"rootId":"ra20rpxguyl1dqs","id":"ra20rpxguyl1dqs"},"id":"4au9hk7kp08oe4w","previousOperationId":"33y4ifqru8i2214"}
{"type":"operationStart","subtype":"engine","name":"handlebars","timestamp":1704995949782,"id":"yppii05ghm1d6y7","previousEventId":"f7ctzm0x4c3jhic","operationId":"uyjbvawy5cg0nmi","previousOperationId":"33y4ifqru8i2214"}
{"type":"log","timestamp":1704995949782,"level":"debug","message":"Rendering engine handlebars","meta":{"rootId":"ra20rpxguyl1dqs","id":"ra20rpxguyl1dqs"},"id":"di9igq9hkywrlqz","previousOperationId":"uyjbvawy5cg0nmi"}
{"type":"operationEnd","operationId":"uyjbvawy5cg0nmi","timestamp":1704995949822,"id":"yg3udyjt1la0yf8","previousEventId":"yppii05ghm1d6y7","previousOperationId":"uyjbvawy5cg0nmi"}
{"type":"operationStart","subtype":"recipe","name":"chrome-pdf","timestamp":1704995949822,"id":"ltcr401cthdasqq","previousEventId":"yg3udyjt1la0yf8","operationId":"bu6p357l75kye64","previousOperationId":"uyjbvawy5cg0nmi"}
{"type":"log","timestamp":1704995949822,"level":"debug","message":"Executing recipe chrome-pdf","meta":{"rootId":"ra20rpxguyl1dqs","id":"ra20rpxguyl1dqs"},"id":"1td5kilj4ttl7wj","previousOperationId":"bu6p357l75kye64"}
{"type":"log","timestamp":1704995949831,"level":"debug","message":"Converting with chrome HeadlessChrome/117.0.5938.149 using chrome-pool strategy","meta":{"rootId":"ra20rpxguyl1dqs","id":"ra20rpxguyl1dqs"},"id":"jym75fytaha41uc","previousOperationId":"bu6p357l75kye64"}
{"type":"log","timestamp":1704995949861,"level":"debug","message":"Page request: GET (document) file:///tmp/jsreport/autocleanup/03b688a5-bd84-4e4f-ac4c-02974f06239a-chrome-pdf.html","meta":{"rootId":"ra20rpxguyl1dqs","id":"ra20rpxguyl1dqs"},"id":"oh3gfcif3ibn6y4","previousOperationId":"bu6p357l75kye64"}
{"type":"log","timestamp":1704995949870,"level":"debug","message":"Page request: GET (script) https://cdn.jsdelivr.net/npm/chart.js","meta":{"rootId":"ra20rpxguyl1dqs","id":"ra20rpxguyl1dqs"},"id":"z0ieo5be5zs8wbo","previousOperationId":"bu6p357l75kye64"}
{"type":"log","timestamp":1704995949870,"level":"debug","message":"Page request finished: GET (document) 200 file:///tmp/jsreport/autocleanup/03b688a5-bd84-4e4f-ac4c-02974f06239a-chrome-pdf.html","meta":{"rootId":"ra20rpxguyl1dqs","id":"ra20rpxguyl1dqs"},"id":"h5m2plz2h3faft5","previousOperationId":"bu6p357l75kye64"}
{"type":"log","timestamp":1704995949873,"level":"debug","message":"Page request finished: GET (script) 200 https://cdn.jsdelivr.net/npm/chart.js","meta":{"rootId":"ra20rpxguyl1dqs","id":"ra20rpxguyl1dqs"},"id":"qgtpo3rvvtuw52y","previousOperationId":"bu6p357l75kye64"}
{"type":"log","timestamp":1704995949876,"level":"warn","message":"Page error: Unexpected identifier 'Object' , stack: SyntaxError: Unexpected identifier 'Object'","meta":{"rootId":"ra20rpxguyl1dqs","id":"ra20rpxguyl1dqs"},"id":"ihbxzeh3fnwh8qp","previousOperationId":"bu6p357l75kye64"}
{"type":"log","timestamp":1704995949880,"level":"debug","message":"Running chrome with params {\"printBackground\":true,\"timeout\":58631,\"margin\":{}}","meta":{"rootId":"ra20rpxguyl1dqs","id":"ra20rpxguyl1dqs"},"id":"tyjhbjidat4j4ch","previousOperationId":"bu6p357l75kye64"}
{"type":"operationEnd","operationId":"bu6p357l75kye64","timestamp":1704995949888,"id":"g3nry3nmh4ym2fq","previousEventId":"ltcr401cthdasqq","previousOperationId":"bu6p357l75kye64"}
{"type":"log","timestamp":1704995949888,"level":"debug","message":"Skipping storing report.","meta":{"rootId":"ra20rpxguyl1dqs","id":"ra20rpxguyl1dqs"},"id":"2dw4c53lkitjqfr","previousOperationId":"bu6p357l75kye64"}
{"type":"log","timestamp":1704995949888,"level":"info","message":"Rendering request 31 finished in 1427 ms","meta":{"rootId":"ra20rpxguyl1dqs","id":"ra20rpxguyl1dqs"},"id":"65wlxbcju3293hf","previousOperationId":"bu6p357l75kye64"}
{"type":"operationEnd","subtype":"render","operationId":"j6xx06ybn4qdjbb","timestamp":1704995949888,"id":"0jn18xni4857lb5","previousEventId":"g3nry3nmh4ym2fq","previousOperationId":"bu6p357l75kye64"}
{"type":"operationEnd","doDiffs":false,"previousEventId":"j2nmwc47ou6tk2j","previousOperationId":"dl2nz5zsmvohmn4","operationId":"dl2nz5zsmvohmn4","timestamp":1704995949892,"id":"n8w5mza0pc285pq"}
