{"type":"operationStart","subtype":"profile","data":{"_id":"LBG6KHEEXMf68351","timestamp":"2024-01-31T20:23:41.247Z","state":"queued","mode":"standard","creationDate":"2024-01-31T20:23:41.254Z","modificationDate":"2024-01-31T20:23:41.254Z","shortid":"WRU8uA8","$entitySet":"profiles"},"doDiffs":false,"timestamp":1706732621247,"id":"1m8x95sn19o9al5","previousOperationId":null,"operationId":"9nsw5vf6p1qtsd4"}
{"type":"log","level":"info","message":"Render request 6 queued for execution and waiting for available worker","previousOperationId":"9nsw5vf6p1qtsd4","timestamp":1706732621247,"id":"109p55tt1xcw0va"}
{"type":"operationStart","subtype":"render","name":"User_project","previousOperationId":"9nsw5vf6p1qtsd4","timestamp":1706732621257,"id":"mzsrwq0a57zm2xu","previousEventId":"1m8x95sn19o9al5","operationId":"2j8odl8mn6o8ojr"}
{"type":"log","timestamp":1706732621257,"level":"info","message":"Starting rendering request 6","meta":{"rootId":"rbfzecxman257gt","id":"rbfzecxman257gt"},"id":"gnwlp15g7lnwqjq","previousOperationId":"2j8odl8mn6o8ojr"}
{"type":"log","timestamp":1706732621257,"level":"info","message":"Rendering template { name: User_project, recipe: chrome-pdf, engine: handlebars, preview: false }","meta":{"rootId":"rbfzecxman257gt","id":"rbfzecxman257gt"},"id":"iarna1vbp6yficg","previousOperationId":"2j8odl8mn6o8ojr"}
{"type":"log","timestamp":1706732621258,"level":"debug","message":"Data item not defined for this template.","meta":{"rootId":"rbfzecxman257gt","id":"rbfzecxman257gt"},"id":"cd0o7ireulad3q0","previousOperationId":"2j8odl8mn6o8ojr"}
{"type":"log","timestamp":1706732621260,"level":"debug","message":"Executing script usabi-data (beforeRender)","meta":{"rootId":"rbfzecxman257gt","id":"rbfzecxman257gt"},"id":"0cy9poit6vm79cr","previousOperationId":"2j8odl8mn6o8ojr"}
{"type":"operationStart","subtype":"scriptsBeforeRender","name":"scripts beforeRender","timestamp":1706732621265,"id":"7ji5xjyibmlqghu","previousEventId":"mzsrwq0a57zm2xu","operationId":"xj1glk2gn025grm","previousOperationId":"2j8odl8mn6o8ojr"}
{"type":"operationStart","subtype":"script","name":"scripts usabi-data","previousOperationId":"xj1glk2gn025grm","timestamp":1706732621265,"id":"e43rur0hs9aelu5","previousEventId":"7ji5xjyibmlqghu","operationId":"n7g6ja3wgcyyaes"}
{"type":"operationEnd","operationId":"n7g6ja3wgcyyaes","timestamp":1706732621276,"id":"5dy4cq45qh8lulo","previousEventId":"mzsrwq0a57zm2xu","previousOperationId":"2j8odl8mn6o8ojr"}
{"type":"log","timestamp":1706732621276,"level":"debug","message":"Executing script orders-script (beforeRender)","meta":{"rootId":"rbfzecxman257gt","id":"rbfzecxman257gt"},"id":"y6g5qmemz1ft2dy","previousOperationId":"2j8odl8mn6o8ojr"}
{"type":"operationStart","subtype":"script","name":"scripts orders-script","previousOperationId":"xj1glk2gn025grm","timestamp":1706732621279,"id":"jf9ns7p8wxjinqx","previousEventId":"5dy4cq45qh8lulo","operationId":"3p66aw0d56b7jom"}
{"type":"operationEnd","operationId":"3p66aw0d56b7jom","timestamp":1706732622688,"id":"i4u8hlqif5fnu2i","previousEventId":"5dy4cq45qh8lulo","previousOperationId":"2j8odl8mn6o8ojr"}
{"type":"operationEnd","operationId":"xj1glk2gn025grm","timestamp":1706732622688,"id":"vhkjru6yyna79ot","previousEventId":"i4u8hlqif5fnu2i","previousOperationId":"2j8odl8mn6o8ojr"}
{"type":"log","timestamp":1706732622688,"level":"debug","message":"Base url not specified, skipping its injection.","meta":{"rootId":"rbfzecxman257gt","id":"rbfzecxman257gt"},"id":"fowolf64a4ajq6a","previousOperationId":"xj1glk2gn025grm"}
{"type":"operationStart","subtype":"engine","name":"handlebars","timestamp":1706732622688,"id":"sq2nm1d6yrp9eqf","previousEventId":"vhkjru6yyna79ot","operationId":"rng7d3kxdkl2fmu","previousOperationId":"xj1glk2gn025grm"}
{"type":"log","timestamp":1706732622688,"level":"debug","message":"Rendering engine handlebars","meta":{"rootId":"rbfzecxman257gt","id":"rbfzecxman257gt"},"id":"cb806pz44gzzdv9","previousOperationId":"rng7d3kxdkl2fmu"}
{"type":"operationEnd","operationId":"rng7d3kxdkl2fmu","timestamp":1706732622694,"id":"mgcp78wtkod14w5","previousEventId":"sq2nm1d6yrp9eqf","previousOperationId":"rng7d3kxdkl2fmu"}
{"type":"operationStart","subtype":"recipe","name":"chrome-pdf","timestamp":1706732622694,"id":"7p9c3x1rv1ve7xh","previousEventId":"mgcp78wtkod14w5","operationId":"56frcq4y1kkxkmy","previousOperationId":"rng7d3kxdkl2fmu"}
{"type":"log","timestamp":1706732622694,"level":"debug","message":"Executing recipe chrome-pdf","meta":{"rootId":"rbfzecxman257gt","id":"rbfzecxman257gt"},"id":"dnt4uhl2d58ekhi","previousOperationId":"56frcq4y1kkxkmy"}
{"type":"log","timestamp":1706732622696,"level":"debug","message":"Converting with chrome HeadlessChrome/117.0.5938.149 using chrome-pool strategy","meta":{"rootId":"rbfzecxman257gt","id":"rbfzecxman257gt"},"id":"we0r5q3pk5lyw0s","previousOperationId":"56frcq4y1kkxkmy"}
{"type":"log","timestamp":1706732622723,"level":"debug","message":"Page request: GET (document) file:///tmp/jsreport/autocleanup/febc0cd3-3718-46fa-924e-c91c47808c14-chrome-pdf.html","meta":{"rootId":"rbfzecxman257gt","id":"rbfzecxman257gt"},"id":"d5hb2efldnm1xia","previousOperationId":"56frcq4y1kkxkmy"}
{"type":"log","timestamp":1706732622730,"level":"debug","message":"Page request: GET (script) https://cdn.jsdelivr.net/npm/chart.js","meta":{"rootId":"rbfzecxman257gt","id":"rbfzecxman257gt"},"id":"koyce57r6jb3eig","previousOperationId":"56frcq4y1kkxkmy"}
{"type":"log","timestamp":1706732622730,"level":"debug","message":"Page request finished: GET (document) 200 file:///tmp/jsreport/autocleanup/febc0cd3-3718-46fa-924e-c91c47808c14-chrome-pdf.html","meta":{"rootId":"rbfzecxman257gt","id":"rbfzecxman257gt"},"id":"xhf9lcfr5tv53du","previousOperationId":"56frcq4y1kkxkmy"}
{"type":"log","timestamp":1706732622733,"level":"debug","message":"Page request finished: GET (script) 200 https://cdn.jsdelivr.net/npm/chart.js","meta":{"rootId":"rbfzecxman257gt","id":"rbfzecxman257gt"},"id":"9nkd2zc85rxvaf1","previousOperationId":"56frcq4y1kkxkmy"}
{"type":"log","timestamp":1706732622770,"level":"debug","message":"Running chrome with params {\"printBackground\":true,\"timeout\":58551,\"margin\":{}}","meta":{"rootId":"rbfzecxman257gt","id":"rbfzecxman257gt"},"id":"to2ofcgty8cznjp","previousOperationId":"56frcq4y1kkxkmy"}
{"type":"operationEnd","operationId":"56frcq4y1kkxkmy","timestamp":1706732622821,"id":"x28bix94i53b1i8","previousEventId":"7p9c3x1rv1ve7xh","previousOperationId":"56frcq4y1kkxkmy"}
{"type":"log","timestamp":1706732622821,"level":"debug","message":"Skipping storing report.","meta":{"rootId":"rbfzecxman257gt","id":"rbfzecxman257gt"},"id":"vabbdbutuuom7b2","previousOperationId":"56frcq4y1kkxkmy"}
{"type":"log","timestamp":1706732622821,"level":"info","message":"Rendering request 6 finished in 1575 ms","meta":{"rootId":"rbfzecxman257gt","id":"rbfzecxman257gt"},"id":"yl7no57jgmjrx3x","previousOperationId":"56frcq4y1kkxkmy"}
{"type":"operationEnd","subtype":"render","operationId":"2j8odl8mn6o8ojr","timestamp":1706732622821,"id":"ome87xmrkynyapu","previousEventId":"x28bix94i53b1i8","previousOperationId":"56frcq4y1kkxkmy"}
{"type":"operationEnd","doDiffs":false,"previousEventId":"1m8x95sn19o9al5","previousOperationId":"9nsw5vf6p1qtsd4","operationId":"9nsw5vf6p1qtsd4","timestamp":1706732622822,"id":"n9vb9blr5jpus6e"}
