{"type":"operationStart","subtype":"profile","data":{"_id":"VK4VGdfR4yZ0WvDT","timestamp":"2024-01-11T16:40:27.968Z","state":"queued","mode":"standard","creationDate":"2024-01-11T16:40:27.970Z","modificationDate":"2024-01-11T16:40:27.970Z","shortid":"JbXHYXK","$entitySet":"profiles"},"doDiffs":false,"timestamp":1704991227969,"id":"5k3ldg04819f2rm","previousOperationId":null,"operationId":"rww72z68yh8u8hv"}
{"type":"log","level":"info","message":"Render request 62 queued for execution and waiting for available worker","previousOperationId":"rww72z68yh8u8hv","timestamp":1704991227969,"id":"drooaos6a3w4pdw"}
{"type":"operationStart","subtype":"render","name":"User_project","previousOperationId":"rww72z68yh8u8hv","timestamp":1704991227974,"id":"u9hjwvxtsk7e4yv","previousEventId":"5k3ldg04819f2rm","operationId":"6vv7rh2a2v61v1v"}
{"type":"log","timestamp":1704991227974,"level":"info","message":"Starting rendering request 62","meta":{"rootId":"re85u6qf8w424kz","id":"re85u6qf8w424kz"},"id":"4fsvwv638dz3rke","previousOperationId":"6vv7rh2a2v61v1v"}
{"type":"log","timestamp":1704991227974,"level":"info","message":"Rendering template { name: User_project, recipe: chrome-pdf, engine: handlebars, preview: true }","meta":{"rootId":"re85u6qf8w424kz","id":"re85u6qf8w424kz"},"id":"r2ii2teo104fza5","previousOperationId":"6vv7rh2a2v61v1v"}
{"type":"log","timestamp":1704991227975,"level":"debug","message":"Data item not defined for this template.","meta":{"rootId":"re85u6qf8w424kz","id":"re85u6qf8w424kz"},"id":"ehykl1nkwgd0vc9","previousOperationId":"6vv7rh2a2v61v1v"}
{"type":"log","timestamp":1704991227976,"level":"debug","message":"Executing script usabi-data (beforeRender)","meta":{"rootId":"re85u6qf8w424kz","id":"re85u6qf8w424kz"},"id":"c3q4cgmr7xz93q4","previousOperationId":"6vv7rh2a2v61v1v"}
{"type":"operationStart","subtype":"scriptsBeforeRender","name":"scripts beforeRender","timestamp":1704991227980,"id":"fue44tx3ao6llzw","previousEventId":"u9hjwvxtsk7e4yv","operationId":"qfp1ezags8zfqi4","previousOperationId":"6vv7rh2a2v61v1v"}
{"type":"operationStart","subtype":"script","name":"scripts usabi-data","previousOperationId":"qfp1ezags8zfqi4","timestamp":1704991227980,"id":"okd38v27gujydps","previousEventId":"fue44tx3ao6llzw","operationId":"i1k7ejhbpmezh8j"}
{"type":"operationEnd","operationId":"i1k7ejhbpmezh8j","timestamp":1704991227990,"id":"nkpt7etidbav6bw","previousEventId":"u9hjwvxtsk7e4yv","previousOperationId":"6vv7rh2a2v61v1v"}
{"type":"operationEnd","operationId":"qfp1ezags8zfqi4","timestamp":1704991227990,"id":"n61bayi3mterlpo","previousEventId":"nkpt7etidbav6bw","previousOperationId":"6vv7rh2a2v61v1v"}
{"type":"log","timestamp":1704991227990,"level":"debug","message":"Base url not specified, skipping its injection.","meta":{"rootId":"re85u6qf8w424kz","id":"re85u6qf8w424kz"},"id":"bgxsugpzmkemswd","previousOperationId":"qfp1ezags8zfqi4"}
{"type":"operationStart","subtype":"engine","name":"handlebars","timestamp":1704991227990,"id":"t5mr995wk65zvij","previousEventId":"n61bayi3mterlpo","operationId":"j76ly1x0tg5jq09","previousOperationId":"qfp1ezags8zfqi4"}
{"type":"log","timestamp":1704991227990,"level":"debug","message":"Rendering engine handlebars","meta":{"rootId":"re85u6qf8w424kz","id":"re85u6qf8w424kz"},"id":"fmntjcisc9e06yg","previousOperationId":"j76ly1x0tg5jq09"}
{"type":"operationEnd","operationId":"j76ly1x0tg5jq09","timestamp":1704991227997,"id":"69q7azeb7syeuf3","previousEventId":"t5mr995wk65zvij","previousOperationId":"j76ly1x0tg5jq09"}
{"type":"operationStart","subtype":"recipe","name":"chrome-pdf","timestamp":1704991227997,"id":"2uigx9gq58rg1tf","previousEventId":"69q7azeb7syeuf3","operationId":"24wb80lqlfrveir","previousOperationId":"j76ly1x0tg5jq09"}
{"type":"log","timestamp":1704991227997,"level":"debug","message":"Executing recipe chrome-pdf","meta":{"rootId":"re85u6qf8w424kz","id":"re85u6qf8w424kz"},"id":"zbisim2gw21jhkj","previousOperationId":"24wb80lqlfrveir"}
{"type":"log","timestamp":1704991227999,"level":"debug","message":"Converting with chrome HeadlessChrome/117.0.5938.149 using chrome-pool strategy","meta":{"rootId":"re85u6qf8w424kz","id":"re85u6qf8w424kz"},"id":"huigseup2ybeydd","previousOperationId":"24wb80lqlfrveir"}
{"type":"log","timestamp":1704991228029,"level":"debug","message":"Page request: GET (document) file:///tmp/jsreport/autocleanup/af0bebe1-b4cc-43a9-94ff-930865c5d16a-chrome-pdf.html","meta":{"rootId":"re85u6qf8w424kz","id":"re85u6qf8w424kz"},"id":"ieey2plpcyls3q6","previousOperationId":"24wb80lqlfrveir"}
{"type":"log","timestamp":1704991228036,"level":"debug","message":"Page request: GET (script) https://cdn.jsdelivr.net/npm/chart.js","meta":{"rootId":"re85u6qf8w424kz","id":"re85u6qf8w424kz"},"id":"89vdkoagbkbu9cu","previousOperationId":"24wb80lqlfrveir"}
{"type":"log","timestamp":1704991228036,"level":"debug","message":"Page request finished: GET (document) 200 file:///tmp/jsreport/autocleanup/af0bebe1-b4cc-43a9-94ff-930865c5d16a-chrome-pdf.html","meta":{"rootId":"re85u6qf8w424kz","id":"re85u6qf8w424kz"},"id":"pkmgqus6jna3ain","previousOperationId":"24wb80lqlfrveir"}
{"type":"log","timestamp":1704991228039,"level":"debug","message":"Page request finished: GET (script) 200 https://cdn.jsdelivr.net/npm/chart.js","meta":{"rootId":"re85u6qf8w424kz","id":"re85u6qf8w424kz"},"id":"xqj24s6xd27ew04","previousOperationId":"24wb80lqlfrveir"}
{"type":"log","timestamp":1704991228085,"level":"debug","message":"Running chrome with params {\"printBackground\":true,\"timeout\":59970,\"margin\":{}}","meta":{"rootId":"re85u6qf8w424kz","id":"re85u6qf8w424kz"},"id":"gqylytuwluh2j7w","previousOperationId":"24wb80lqlfrveir"}
{"type":"operationEnd","operationId":"24wb80lqlfrveir","timestamp":1704991228106,"id":"slrwiv1mfyyo9un","previousEventId":"2uigx9gq58rg1tf","previousOperationId":"24wb80lqlfrveir"}
{"type":"log","timestamp":1704991228106,"level":"debug","message":"Skipping storing report.","meta":{"rootId":"re85u6qf8w424kz","id":"re85u6qf8w424kz"},"id":"s81t1cppo18562i","previousOperationId":"24wb80lqlfrveir"}
{"type":"log","timestamp":1704991228106,"level":"info","message":"Rendering request 62 finished in 138 ms","meta":{"rootId":"re85u6qf8w424kz","id":"re85u6qf8w424kz"},"id":"cfu3nztrge3i0yc","previousOperationId":"24wb80lqlfrveir"}
{"type":"operationEnd","subtype":"render","operationId":"6vv7rh2a2v61v1v","timestamp":1704991228106,"id":"vdw0ncgge0esfux","previousEventId":"slrwiv1mfyyo9un","previousOperationId":"24wb80lqlfrveir"}
{"type":"operationEnd","doDiffs":false,"previousEventId":"5k3ldg04819f2rm","previousOperationId":"rww72z68yh8u8hv","operationId":"rww72z68yh8u8hv","timestamp":1704991228108,"id":"pkyewncybunp1n7"}
