{"type":"operationStart","subtype":"profile","data":{"_id":"AqtUnh7P0PbnidIp","timestamp":"2024-01-15T20:28:30.813Z","state":"queued","mode":"standard","creationDate":"2024-01-15T20:28:30.814Z","modificationDate":"2024-01-15T20:28:30.814Z","shortid":"jcLT6JT","$entitySet":"profiles"},"doDiffs":false,"timestamp":1705350510813,"id":"t28ltlw5c9kjxd8","previousOperationId":null,"operationId":"wpm3707fy9ay8kn"}
{"type":"log","level":"info","message":"Render request 3 queued for execution and waiting for available worker","previousOperationId":"wpm3707fy9ay8kn","timestamp":1705350510813,"id":"e4fq62oq5ter43q"}
{"type":"operationStart","subtype":"render","name":"User_project","previousOperationId":"wpm3707fy9ay8kn","timestamp":1705350510816,"id":"509v7pi4huepgxa","previousEventId":"t28ltlw5c9kjxd8","operationId":"f8n4pnaw5oqeufh"}
{"type":"log","timestamp":1705350510816,"level":"info","message":"Starting rendering request 3","meta":{"rootId":"rilator9oxku0zt","id":"rilator9oxku0zt"},"id":"p0vglq1schly31b","previousOperationId":"f8n4pnaw5oqeufh"}
{"type":"log","timestamp":1705350510816,"level":"info","message":"Rendering template { name: User_project, recipe: chrome-pdf, engine: handlebars, preview: false }","meta":{"rootId":"rilator9oxku0zt","id":"rilator9oxku0zt"},"id":"jrf9y6ot24pmsog","previousOperationId":"f8n4pnaw5oqeufh"}
{"type":"log","timestamp":1705350510817,"level":"debug","message":"Data item not defined for this template.","meta":{"rootId":"rilator9oxku0zt","id":"rilator9oxku0zt"},"id":"78x9s8hlu068whp","previousOperationId":"f8n4pnaw5oqeufh"}
{"type":"log","timestamp":1705350510818,"level":"debug","message":"Executing script usabi-data (beforeRender)","meta":{"rootId":"rilator9oxku0zt","id":"rilator9oxku0zt"},"id":"2lseqqu8r50x98r","previousOperationId":"f8n4pnaw5oqeufh"}
{"type":"operationStart","subtype":"scriptsBeforeRender","name":"scripts beforeRender","timestamp":1705350510823,"id":"iqosuhml6s39ueo","previousEventId":"509v7pi4huepgxa","operationId":"5b8ujezdkje9izu","previousOperationId":"f8n4pnaw5oqeufh"}
{"type":"operationStart","subtype":"script","name":"scripts usabi-data","previousOperationId":"5b8ujezdkje9izu","timestamp":1705350510823,"id":"smcsp9mds3j7dpt","previousEventId":"iqosuhml6s39ueo","operationId":"mbmdkoy0v9y6ttw"}
{"type":"operationEnd","operationId":"mbmdkoy0v9y6ttw","timestamp":1705350510836,"id":"esxan7q6h5ws8sq","previousEventId":"509v7pi4huepgxa","previousOperationId":"f8n4pnaw5oqeufh"}
{"type":"log","timestamp":1705350510836,"level":"debug","message":"Executing script orders-script (beforeRender)","meta":{"rootId":"rilator9oxku0zt","id":"rilator9oxku0zt"},"id":"5j4zygzyec2usis","previousOperationId":"f8n4pnaw5oqeufh"}
{"type":"operationStart","subtype":"script","name":"scripts orders-script","previousOperationId":"5b8ujezdkje9izu","timestamp":1705350510839,"id":"d09k7a8hjy5ivem","previousEventId":"esxan7q6h5ws8sq","operationId":"7mpx31wdixiul5a"}
{"type":"operationEnd","operationId":"7mpx31wdixiul5a","timestamp":1705350512141,"id":"zwxr4rxudb7tc67","previousEventId":"esxan7q6h5ws8sq","previousOperationId":"f8n4pnaw5oqeufh"}
{"type":"operationEnd","operationId":"5b8ujezdkje9izu","timestamp":1705350512141,"id":"hswwfh941nwvuvg","previousEventId":"zwxr4rxudb7tc67","previousOperationId":"f8n4pnaw5oqeufh"}
{"type":"log","timestamp":1705350512141,"level":"debug","message":"Base url not specified, skipping its injection.","meta":{"rootId":"rilator9oxku0zt","id":"rilator9oxku0zt"},"id":"068zva2uulmpusm","previousOperationId":"5b8ujezdkje9izu"}
{"type":"operationStart","subtype":"engine","name":"handlebars","timestamp":1705350512141,"id":"hijzppan9ehwi61","previousEventId":"hswwfh941nwvuvg","operationId":"y8b4zvfzr8i3miu","previousOperationId":"5b8ujezdkje9izu"}
{"type":"log","timestamp":1705350512141,"level":"debug","message":"Rendering engine handlebars","meta":{"rootId":"rilator9oxku0zt","id":"rilator9oxku0zt"},"id":"4y9j1g1a62zmwmb","previousOperationId":"y8b4zvfzr8i3miu"}
{"type":"operationEnd","operationId":"y8b4zvfzr8i3miu","timestamp":1705350512149,"id":"43t6r47tguguvfg","previousEventId":"hijzppan9ehwi61","previousOperationId":"y8b4zvfzr8i3miu"}
{"type":"operationStart","subtype":"recipe","name":"chrome-pdf","timestamp":1705350512150,"id":"qn4pzyzka5iq9tt","previousEventId":"43t6r47tguguvfg","operationId":"cyhpwvpzsgafbhr","previousOperationId":"y8b4zvfzr8i3miu"}
{"type":"log","timestamp":1705350512150,"level":"debug","message":"Executing recipe chrome-pdf","meta":{"rootId":"rilator9oxku0zt","id":"rilator9oxku0zt"},"id":"6hrvgkkkfyzr3nq","previousOperationId":"cyhpwvpzsgafbhr"}
{"type":"log","timestamp":1705350512152,"level":"debug","message":"Converting with chrome HeadlessChrome/117.0.5938.149 using chrome-pool strategy","meta":{"rootId":"rilator9oxku0zt","id":"rilator9oxku0zt"},"id":"hdx7y0s93w02n7m","previousOperationId":"cyhpwvpzsgafbhr"}
{"type":"log","timestamp":1705350512193,"level":"debug","message":"Page request: GET (document) file:///tmp/jsreport/autocleanup/e959d46b-638e-448b-a636-42d9d96cfb5c-chrome-pdf.html","meta":{"rootId":"rilator9oxku0zt","id":"rilator9oxku0zt"},"id":"iy6jsx5msf22g1a","previousOperationId":"cyhpwvpzsgafbhr"}
{"type":"log","timestamp":1705350512200,"level":"debug","message":"Page request: GET (script) https://cdn.jsdelivr.net/npm/chart.js","meta":{"rootId":"rilator9oxku0zt","id":"rilator9oxku0zt"},"id":"pcf5tqij7qu6k63","previousOperationId":"cyhpwvpzsgafbhr"}
{"type":"log","timestamp":1705350512200,"level":"debug","message":"Page request finished: GET (document) 200 file:///tmp/jsreport/autocleanup/e959d46b-638e-448b-a636-42d9d96cfb5c-chrome-pdf.html","meta":{"rootId":"rilator9oxku0zt","id":"rilator9oxku0zt"},"id":"bgt9nysdfdkxhrh","previousOperationId":"cyhpwvpzsgafbhr"}
{"type":"log","timestamp":1705350512210,"level":"debug","message":"Page request finished: GET (script) 200 https://cdn.jsdelivr.net/npm/chart.js","meta":{"rootId":"rilator9oxku0zt","id":"rilator9oxku0zt"},"id":"527mpf5352bbbks","previousOperationId":"cyhpwvpzsgafbhr"}
{"type":"log","timestamp":1705350512253,"level":"debug","message":"Running chrome with params {\"printBackground\":true,\"timeout\":58662,\"margin\":{}}","meta":{"rootId":"rilator9oxku0zt","id":"rilator9oxku0zt"},"id":"v2m8liop9tohn5q","previousOperationId":"cyhpwvpzsgafbhr"}
{"type":"operationEnd","operationId":"cyhpwvpzsgafbhr","timestamp":1705350512305,"id":"trepj14yi5swnj0","previousEventId":"qn4pzyzka5iq9tt","previousOperationId":"cyhpwvpzsgafbhr"}
{"type":"log","timestamp":1705350512305,"level":"debug","message":"Skipping storing report.","meta":{"rootId":"rilator9oxku0zt","id":"rilator9oxku0zt"},"id":"ody893qumpgpva4","previousOperationId":"cyhpwvpzsgafbhr"}
{"type":"log","timestamp":1705350512305,"level":"info","message":"Rendering request 3 finished in 1492 ms","meta":{"rootId":"rilator9oxku0zt","id":"rilator9oxku0zt"},"id":"qms5w2in2mvcf56","previousOperationId":"cyhpwvpzsgafbhr"}
{"type":"operationEnd","subtype":"render","operationId":"f8n4pnaw5oqeufh","timestamp":1705350512305,"id":"udq0sr7uqp6ani6","previousEventId":"trepj14yi5swnj0","previousOperationId":"cyhpwvpzsgafbhr"}
{"type":"operationEnd","doDiffs":false,"previousEventId":"t28ltlw5c9kjxd8","previousOperationId":"wpm3707fy9ay8kn","operationId":"wpm3707fy9ay8kn","timestamp":1705350512307,"id":"759d5h03ftr55fo"}
