{"type":"operationStart","subtype":"profile","data":{"_id":"yTluZoLS7bDO48tk","timestamp":"2024-01-10T20:22:20.912Z","state":"queued","mode":"standard","creationDate":"2024-01-10T20:22:20.912Z","modificationDate":"2024-01-10T20:22:20.912Z","shortid":"sTYLrif","$entitySet":"profiles"},"doDiffs":false,"timestamp":1704918140912,"id":"n76ae46tjs2m63c","previousOperationId":null,"operationId":"ubcvg27j8a52rm9"}
{"type":"log","level":"info","message":"Render request 10 queued for execution and waiting for available worker","previousOperationId":"ubcvg27j8a52rm9","timestamp":1704918140912,"id":"6c870xz57pmsq7e"}
{"type":"operationStart","subtype":"render","name":"User_project","previousOperationId":"ubcvg27j8a52rm9","timestamp":1704918140917,"id":"dfmemhslyxorfcx","previousEventId":"n76ae46tjs2m63c","operationId":"0h9rpbhbwow8et4"}
{"type":"log","timestamp":1704918140917,"level":"info","message":"Starting rendering request 10","meta":{"rootId":"rlxmrson44klkti","id":"rlxmrson44klkti"},"id":"w97khf0p1q27nf0","previousOperationId":"0h9rpbhbwow8et4"}
{"type":"log","timestamp":1704918140917,"level":"info","message":"Rendering template { name: User_project, recipe: chrome-pdf, engine: handlebars, preview: true }","meta":{"rootId":"rlxmrson44klkti","id":"rlxmrson44klkti"},"id":"9dtgl2h1hevwxn1","previousOperationId":"0h9rpbhbwow8et4"}
{"type":"log","timestamp":1704918140917,"level":"debug","message":"Data item not defined for this template.","meta":{"rootId":"rlxmrson44klkti","id":"rlxmrson44klkti"},"id":"l7p0lyzgd33nuy2","previousOperationId":"0h9rpbhbwow8et4"}
{"type":"log","timestamp":1704918140919,"level":"debug","message":"Executing script usabi-data (beforeRender)","meta":{"rootId":"rlxmrson44klkti","id":"rlxmrson44klkti"},"id":"qbt17v5ytewcp6a","previousOperationId":"0h9rpbhbwow8et4"}
{"type":"operationStart","subtype":"scriptsBeforeRender","name":"scripts beforeRender","timestamp":1704918140923,"id":"hvbz759ljs3ilfq","previousEventId":"dfmemhslyxorfcx","operationId":"fvf74lsjx2m6i98","previousOperationId":"0h9rpbhbwow8et4"}
{"type":"operationStart","subtype":"script","name":"scripts usabi-data","previousOperationId":"fvf74lsjx2m6i98","timestamp":1704918140923,"id":"2io0cd4ipogpc9q","previousEventId":"hvbz759ljs3ilfq","operationId":"zya5jhb3qhtypa6"}
{"type":"operationEnd","operationId":"zya5jhb3qhtypa6","timestamp":1704918140933,"id":"gjrwyfgclft82eg","previousEventId":"dfmemhslyxorfcx","previousOperationId":"0h9rpbhbwow8et4"}
{"type":"operationEnd","operationId":"fvf74lsjx2m6i98","timestamp":1704918140933,"id":"pmfyjlj2i08kzwi","previousEventId":"gjrwyfgclft82eg","previousOperationId":"0h9rpbhbwow8et4"}
{"type":"log","timestamp":1704918140933,"level":"debug","message":"Base url not specified, skipping its injection.","meta":{"rootId":"rlxmrson44klkti","id":"rlxmrson44klkti"},"id":"dmu6uyfnnhyrbch","previousOperationId":"fvf74lsjx2m6i98"}
{"type":"operationStart","subtype":"engine","name":"handlebars","timestamp":1704918140934,"id":"qvp5p68gbf6is86","previousEventId":"pmfyjlj2i08kzwi","operationId":"rcgesgw9ygsf4rh","previousOperationId":"fvf74lsjx2m6i98"}
{"type":"log","timestamp":1704918140934,"level":"debug","message":"Rendering engine handlebars","meta":{"rootId":"rlxmrson44klkti","id":"rlxmrson44klkti"},"id":"9hvpjp48mb6hsut","previousOperationId":"rcgesgw9ygsf4rh"}
{"type":"operationEnd","operationId":"rcgesgw9ygsf4rh","timestamp":1704918140943,"id":"vzce4tkag1qmkje","previousEventId":"qvp5p68gbf6is86","previousOperationId":"rcgesgw9ygsf4rh"}
{"type":"operationStart","subtype":"recipe","name":"chrome-pdf","timestamp":1704918140943,"id":"jgxpqqdw92tc8fp","previousEventId":"vzce4tkag1qmkje","operationId":"m9jpm51xkaiqlxf","previousOperationId":"rcgesgw9ygsf4rh"}
{"type":"log","timestamp":1704918140943,"level":"debug","message":"Executing recipe chrome-pdf","meta":{"rootId":"rlxmrson44klkti","id":"rlxmrson44klkti"},"id":"60vgofzos33uk4p","previousOperationId":"m9jpm51xkaiqlxf"}
{"type":"log","timestamp":1704918140944,"level":"debug","message":"Converting with chrome HeadlessChrome/117.0.5938.149 using chrome-pool strategy","meta":{"rootId":"rlxmrson44klkti","id":"rlxmrson44klkti"},"id":"he6dskvmh3vu9fz","previousOperationId":"m9jpm51xkaiqlxf"}
{"type":"log","timestamp":1704918140976,"level":"debug","message":"Page request: GET (document) file:///tmp/jsreport/autocleanup/4387c702-6945-490c-9fc0-3e733124ff7c-chrome-pdf.html","meta":{"rootId":"rlxmrson44klkti","id":"rlxmrson44klkti"},"id":"9w8vhec65tijv98","previousOperationId":"m9jpm51xkaiqlxf"}
{"type":"log","timestamp":1704918140983,"level":"debug","message":"Page request finished: GET (document) 200 file:///tmp/jsreport/autocleanup/4387c702-6945-490c-9fc0-3e733124ff7c-chrome-pdf.html","meta":{"rootId":"rlxmrson44klkti","id":"rlxmrson44klkti"},"id":"nc6k1hxo8xyjf38","previousOperationId":"m9jpm51xkaiqlxf"}
{"type":"log","timestamp":1704918140986,"level":"debug","message":"Running chrome with params {\"printBackground\":true,\"timeout\":59968,\"margin\":{}}","meta":{"rootId":"rlxmrson44klkti","id":"rlxmrson44klkti"},"id":"6zftgrhe4d9dw0y","previousOperationId":"m9jpm51xkaiqlxf"}
{"type":"operationEnd","operationId":"m9jpm51xkaiqlxf","timestamp":1704918140994,"id":"3cbyy9t7i1a3fdc","previousEventId":"jgxpqqdw92tc8fp","previousOperationId":"m9jpm51xkaiqlxf"}
{"type":"log","timestamp":1704918140994,"level":"debug","message":"Skipping storing report.","meta":{"rootId":"rlxmrson44klkti","id":"rlxmrson44klkti"},"id":"0t4mpf2so2zt164","previousOperationId":"m9jpm51xkaiqlxf"}
{"type":"log","timestamp":1704918140994,"level":"info","message":"Rendering request 10 finished in 82 ms","meta":{"rootId":"rlxmrson44klkti","id":"rlxmrson44klkti"},"id":"fv1nend51fn3s0a","previousOperationId":"m9jpm51xkaiqlxf"}
{"type":"operationEnd","subtype":"render","operationId":"0h9rpbhbwow8et4","timestamp":1704918140994,"id":"jh1oopcvmqwuus2","previousEventId":"3cbyy9t7i1a3fdc","previousOperationId":"m9jpm51xkaiqlxf"}
{"type":"operationEnd","doDiffs":false,"previousEventId":"n76ae46tjs2m63c","previousOperationId":"ubcvg27j8a52rm9","operationId":"ubcvg27j8a52rm9","timestamp":1704918140997,"id":"3hk7mowmh2amlx1"}
