{"type":"operationStart","subtype":"profile","data":{"_id":"SR8wgRH1BI5YoPYs","timestamp":"2024-01-10T20:13:10.158Z","state":"queued","mode":"standard","creationDate":"2024-01-10T20:13:10.161Z","modificationDate":"2024-01-10T20:13:10.161Z","shortid":"eW_KG2H","$entitySet":"profiles"},"doDiffs":false,"timestamp":1704917590159,"id":"39b644npombi26a","previousOperationId":null,"operationId":"epaf7u87skqck0i"}
{"type":"log","level":"info","message":"Render request 1 queued for execution and waiting for available worker","previousOperationId":"epaf7u87skqck0i","timestamp":1704917590159,"id":"omoexaf96wjhzrg"}
{"type":"operationStart","subtype":"render","name":"User_project","previousOperationId":"epaf7u87skqck0i","timestamp":1704917590193,"id":"oie1v09fo7pcu8y","previousEventId":"39b644npombi26a","operationId":"hg2t625xb0eqs7v"}
{"type":"log","timestamp":1704917590193,"level":"info","message":"Starting rendering request 1","meta":{"rootId":"rprqhvt7pt2n4gc","id":"rprqhvt7pt2n4gc"},"id":"ky6dkwcgvt1lce4","previousOperationId":"hg2t625xb0eqs7v"}
{"type":"log","timestamp":1704917590194,"level":"info","message":"Rendering template { name: User_project, recipe: chrome-pdf, engine: handlebars, preview: true }","meta":{"rootId":"rprqhvt7pt2n4gc","id":"rprqhvt7pt2n4gc"},"id":"evqb24qd2jyvpjm","previousOperationId":"hg2t625xb0eqs7v"}
{"type":"log","timestamp":1704917590195,"level":"debug","message":"Data item not defined for this template.","meta":{"rootId":"rprqhvt7pt2n4gc","id":"rprqhvt7pt2n4gc"},"id":"z9e4lis0kwk6lxj","previousOperationId":"hg2t625xb0eqs7v"}
{"type":"log","timestamp":1704917590198,"level":"debug","message":"Executing script usabi-data (beforeRender)","meta":{"rootId":"rprqhvt7pt2n4gc","id":"rprqhvt7pt2n4gc"},"id":"boy6amti2iednvt","previousOperationId":"hg2t625xb0eqs7v"}
{"type":"operationStart","subtype":"scriptsBeforeRender","name":"scripts beforeRender","timestamp":1704917590386,"id":"1qsxdhlwbpi7ryk","previousEventId":"oie1v09fo7pcu8y","operationId":"nq2o8upg17uogau","previousOperationId":"hg2t625xb0eqs7v"}
{"type":"operationStart","subtype":"script","name":"scripts usabi-data","previousOperationId":"nq2o8upg17uogau","timestamp":1704917590386,"id":"ff1dpcfcclickcm","previousEventId":"1qsxdhlwbpi7ryk","operationId":"q9ldq65ew54wo09"}
{"type":"operationEnd","operationId":"q9ldq65ew54wo09","timestamp":1704917590787,"id":"6vt5t1yk1193z6l","previousEventId":"oie1v09fo7pcu8y","previousOperationId":"hg2t625xb0eqs7v"}
{"type":"operationEnd","operationId":"nq2o8upg17uogau","timestamp":1704917590787,"id":"bo2zbqlnn21fs6m","previousEventId":"6vt5t1yk1193z6l","previousOperationId":"hg2t625xb0eqs7v"}
{"type":"log","timestamp":1704917590787,"level":"debug","message":"Base url not specified, skipping its injection.","meta":{"rootId":"rprqhvt7pt2n4gc","id":"rprqhvt7pt2n4gc"},"id":"qcxk4ccygd4ptc1","previousOperationId":"nq2o8upg17uogau"}
{"type":"operationStart","subtype":"engine","name":"handlebars","timestamp":1704917590788,"id":"4b5rf55uz91nznj","previousEventId":"bo2zbqlnn21fs6m","operationId":"o7q92avj22w397e","previousOperationId":"nq2o8upg17uogau"}
{"type":"log","timestamp":1704917590788,"level":"debug","message":"Rendering engine handlebars","meta":{"rootId":"rprqhvt7pt2n4gc","id":"rprqhvt7pt2n4gc"},"id":"tmoq1sw1f1snr00","previousOperationId":"o7q92avj22w397e"}
{"type":"operationEnd","operationId":"o7q92avj22w397e","timestamp":1704917591033,"id":"ki6vz86tph2zyz6","previousEventId":"4b5rf55uz91nznj","previousOperationId":"o7q92avj22w397e"}
{"type":"operationStart","subtype":"recipe","name":"chrome-pdf","timestamp":1704917591033,"id":"u0o908nea6fnvgi","previousEventId":"ki6vz86tph2zyz6","operationId":"tg7uncraj4103dc","previousOperationId":"o7q92avj22w397e"}
{"type":"log","timestamp":1704917591033,"level":"debug","message":"Executing recipe chrome-pdf","meta":{"rootId":"rprqhvt7pt2n4gc","id":"rprqhvt7pt2n4gc"},"id":"joqxm1zcykz4ehv","previousOperationId":"tg7uncraj4103dc"}
{"type":"log","timestamp":1704917591581,"level":"debug","message":"Converting with chrome HeadlessChrome/117.0.5938.149 using chrome-pool strategy","meta":{"rootId":"rprqhvt7pt2n4gc","id":"rprqhvt7pt2n4gc"},"id":"hwvntp7xvrnfvbj","previousOperationId":"tg7uncraj4103dc"}
{"type":"log","timestamp":1704917591719,"level":"debug","message":"Page request: GET (document) file:///tmp/jsreport/autocleanup/c5fa75b2-a93d-42fc-95aa-9efbc32130a2-chrome-pdf.html","meta":{"rootId":"rprqhvt7pt2n4gc","id":"rprqhvt7pt2n4gc"},"id":"zddoknk1npln0qf","previousOperationId":"tg7uncraj4103dc"}
{"type":"log","timestamp":1704917591734,"level":"debug","message":"Page request finished: GET (document) 200 file:///tmp/jsreport/autocleanup/c5fa75b2-a93d-42fc-95aa-9efbc32130a2-chrome-pdf.html","meta":{"rootId":"rprqhvt7pt2n4gc","id":"rprqhvt7pt2n4gc"},"id":"bem0kwtegzhvb2a","previousOperationId":"tg7uncraj4103dc"}
{"type":"log","timestamp":1704917591747,"level":"debug","message":"Running chrome with params {\"printBackground\":true,\"timeout\":58976,\"margin\":{}}","meta":{"rootId":"rprqhvt7pt2n4gc","id":"rprqhvt7pt2n4gc"},"id":"ny0l1fmavbq4u87","previousOperationId":"tg7uncraj4103dc"}
{"type":"operationEnd","operationId":"tg7uncraj4103dc","timestamp":1704917591777,"id":"o7jn9d5k3jr8loz","previousEventId":"u0o908nea6fnvgi","previousOperationId":"tg7uncraj4103dc"}
{"type":"log","timestamp":1704917591777,"level":"debug","message":"Skipping storing report.","meta":{"rootId":"rprqhvt7pt2n4gc","id":"rprqhvt7pt2n4gc"},"id":"qimfskqzi0wrwd0","previousOperationId":"tg7uncraj4103dc"}
{"type":"log","timestamp":1704917591777,"level":"info","message":"Rendering request 1 finished in 1620 ms","meta":{"rootId":"rprqhvt7pt2n4gc","id":"rprqhvt7pt2n4gc"},"id":"21xkdkvo8770cns","previousOperationId":"tg7uncraj4103dc"}
{"type":"operationEnd","subtype":"render","operationId":"hg2t625xb0eqs7v","timestamp":1704917591777,"id":"r6arrj3kk95qi91","previousEventId":"o7jn9d5k3jr8loz","previousOperationId":"tg7uncraj4103dc"}
{"type":"operationEnd","doDiffs":false,"previousEventId":"39b644npombi26a","previousOperationId":"epaf7u87skqck0i","operationId":"epaf7u87skqck0i","timestamp":1704917591782,"id":"xx1yjwvq0s2n7rh"}
