{"type":"operationStart","subtype":"profile","data":{"_id":"lyf52PCVfTlbshVC","timestamp":"2024-01-11T17:10:08.827Z","state":"queued","mode":"standard","creationDate":"2024-01-11T17:10:08.828Z","modificationDate":"2024-01-11T17:10:08.828Z","shortid":"6Afudua","$entitySet":"profiles"},"doDiffs":false,"timestamp":1704993008828,"id":"nlgrldlkgfxyqzx","previousOperationId":null,"operationId":"rk44p4kkhzgz8a0"}
{"type":"log","level":"info","message":"Render request 114 queued for execution and waiting for available worker","previousOperationId":"rk44p4kkhzgz8a0","timestamp":1704993008828,"id":"kcglfuqkuebq4ny"}
{"type":"operationStart","subtype":"render","name":"User_project","previousOperationId":"rk44p4kkhzgz8a0","timestamp":1704993008833,"id":"s1jtrsf076mq1ag","previousEventId":"nlgrldlkgfxyqzx","operationId":"r6th9ktukd3sa5j"}
{"type":"log","timestamp":1704993008833,"level":"info","message":"Starting rendering request 114","meta":{"rootId":"ruib6yz6ub1rcqi","id":"ruib6yz6ub1rcqi"},"id":"0zp17fghp0igvnd","previousOperationId":"r6th9ktukd3sa5j"}
{"type":"log","timestamp":1704993008833,"level":"info","message":"Rendering template { name: User_project, recipe: chrome-pdf, engine: handlebars, preview: true }","meta":{"rootId":"ruib6yz6ub1rcqi","id":"ruib6yz6ub1rcqi"},"id":"33zz2mtjj8rfx3i","previousOperationId":"r6th9ktukd3sa5j"}
{"type":"log","timestamp":1704993008833,"level":"debug","message":"Data item not defined for this template.","meta":{"rootId":"ruib6yz6ub1rcqi","id":"ruib6yz6ub1rcqi"},"id":"imdo7ad3vq6xc31","previousOperationId":"r6th9ktukd3sa5j"}
{"type":"log","timestamp":1704993008834,"level":"debug","message":"Executing script usabi-data (beforeRender)","meta":{"rootId":"ruib6yz6ub1rcqi","id":"ruib6yz6ub1rcqi"},"id":"yk3fe14679vx1w1","previousOperationId":"r6th9ktukd3sa5j"}
{"type":"operationStart","subtype":"scriptsBeforeRender","name":"scripts beforeRender","timestamp":1704993008840,"id":"81xey2heghkfznb","previousEventId":"s1jtrsf076mq1ag","operationId":"c13o4td57inf8ai","previousOperationId":"r6th9ktukd3sa5j"}
{"type":"operationStart","subtype":"script","name":"scripts usabi-data","previousOperationId":"c13o4td57inf8ai","timestamp":1704993008840,"id":"t0r6z9lya02sbae","previousEventId":"81xey2heghkfznb","operationId":"y2t2and7j67njzk"}
{"type":"operationEnd","operationId":"y2t2and7j67njzk","timestamp":1704993008851,"id":"nv69ep6qnxxfrw2","previousEventId":"s1jtrsf076mq1ag","previousOperationId":"r6th9ktukd3sa5j"}
{"type":"log","timestamp":1704993008851,"level":"debug","message":"Executing script orders-script (beforeRender)","meta":{"rootId":"ruib6yz6ub1rcqi","id":"ruib6yz6ub1rcqi"},"id":"taum4jgy3ael1pc","previousOperationId":"r6th9ktukd3sa5j"}
{"type":"operationStart","subtype":"script","name":"scripts orders-script","previousOperationId":"c13o4td57inf8ai","timestamp":1704993008855,"id":"23tz2uil122730s","previousEventId":"nv69ep6qnxxfrw2","operationId":"beqh74r0gw3ua4d"}
{"type":"operationEnd","operationId":"beqh74r0gw3ua4d","timestamp":1704993010303,"id":"yo175vmucr65468","previousEventId":"nv69ep6qnxxfrw2","previousOperationId":"r6th9ktukd3sa5j"}
{"type":"operationEnd","operationId":"c13o4td57inf8ai","timestamp":1704993010303,"id":"grvx1emav6k6482","previousEventId":"yo175vmucr65468","previousOperationId":"r6th9ktukd3sa5j"}
{"type":"log","timestamp":1704993010303,"level":"debug","message":"Base url not specified, skipping its injection.","meta":{"rootId":"ruib6yz6ub1rcqi","id":"ruib6yz6ub1rcqi"},"id":"ftarwermjgo9x44","previousOperationId":"c13o4td57inf8ai"}
{"type":"operationStart","subtype":"engine","name":"handlebars","timestamp":1704993010303,"id":"mqv27n74l9ausrt","previousEventId":"grvx1emav6k6482","operationId":"lezpomuc92suysg","previousOperationId":"c13o4td57inf8ai"}
{"type":"log","timestamp":1704993010303,"level":"debug","message":"Rendering engine handlebars","meta":{"rootId":"ruib6yz6ub1rcqi","id":"ruib6yz6ub1rcqi"},"id":"tok76ju6xln3bgz","previousOperationId":"lezpomuc92suysg"}
{"type":"operationEnd","operationId":"lezpomuc92suysg","timestamp":1704993010329,"id":"vqkx8k1sx913k4d","previousEventId":"mqv27n74l9ausrt","previousOperationId":"lezpomuc92suysg"}
{"type":"operationStart","subtype":"recipe","name":"chrome-pdf","timestamp":1704993010330,"id":"z7d4h7lk6udryki","previousEventId":"vqkx8k1sx913k4d","operationId":"obo5w9xa8gfpikb","previousOperationId":"lezpomuc92suysg"}
{"type":"log","timestamp":1704993010330,"level":"debug","message":"Executing recipe chrome-pdf","meta":{"rootId":"ruib6yz6ub1rcqi","id":"ruib6yz6ub1rcqi"},"id":"soippuj1e0rogyp","previousOperationId":"obo5w9xa8gfpikb"}
{"type":"log","timestamp":1704993010331,"level":"debug","message":"Converting with chrome HeadlessChrome/117.0.5938.149 using chrome-pool strategy","meta":{"rootId":"ruib6yz6ub1rcqi","id":"ruib6yz6ub1rcqi"},"id":"ythqim3u5o0qtc6","previousOperationId":"obo5w9xa8gfpikb"}
{"type":"log","timestamp":1704993010357,"level":"debug","message":"Page request: GET (document) file:///tmp/jsreport/autocleanup/0dcb9752-43b8-4ccc-be51-a837fde02001-chrome-pdf.html","meta":{"rootId":"ruib6yz6ub1rcqi","id":"ruib6yz6ub1rcqi"},"id":"ibuo594hx0d7g0f","previousOperationId":"obo5w9xa8gfpikb"}
{"type":"log","timestamp":1704993010364,"level":"debug","message":"Page request: GET (script) https://cdn.jsdelivr.net/npm/chart.js","meta":{"rootId":"ruib6yz6ub1rcqi","id":"ruib6yz6ub1rcqi"},"id":"hm62j3etxbfu241","previousOperationId":"obo5w9xa8gfpikb"}
{"type":"log","timestamp":1704993010364,"level":"debug","message":"Page request finished: GET (document) 200 file:///tmp/jsreport/autocleanup/0dcb9752-43b8-4ccc-be51-a837fde02001-chrome-pdf.html","meta":{"rootId":"ruib6yz6ub1rcqi","id":"ruib6yz6ub1rcqi"},"id":"j1xmu89l1ubqyeg","previousOperationId":"obo5w9xa8gfpikb"}
{"type":"log","timestamp":1704993010371,"level":"debug","message":"Page request finished: GET (script) 200 https://cdn.jsdelivr.net/npm/chart.js","meta":{"rootId":"ruib6yz6ub1rcqi","id":"ruib6yz6ub1rcqi"},"id":"shotjceckrecpjh","previousOperationId":"obo5w9xa8gfpikb"}
{"type":"log","timestamp":1704993010374,"level":"warn","message":"Page error: Unexpected identifier 'Object' , stack: SyntaxError: Unexpected identifier 'Object'","meta":{"rootId":"ruib6yz6ub1rcqi","id":"ruib6yz6ub1rcqi"},"id":"c5uuq5aomiw9ab6","previousOperationId":"obo5w9xa8gfpikb"}
{"type":"log","timestamp":1704993010376,"level":"debug","message":"Running chrome with params {\"printBackground\":true,\"timeout\":58497,\"margin\":{}}","meta":{"rootId":"ruib6yz6ub1rcqi","id":"ruib6yz6ub1rcqi"},"id":"hotzktyjccs6unb","previousOperationId":"obo5w9xa8gfpikb"}
{"type":"operationEnd","operationId":"obo5w9xa8gfpikb","timestamp":1704993010387,"id":"lltet1diwju1yvf","previousEventId":"z7d4h7lk6udryki","previousOperationId":"obo5w9xa8gfpikb"}
{"type":"log","timestamp":1704993010387,"level":"debug","message":"Skipping storing report.","meta":{"rootId":"ruib6yz6ub1rcqi","id":"ruib6yz6ub1rcqi"},"id":"9k3hu6s8vxk93r7","previousOperationId":"obo5w9xa8gfpikb"}
{"type":"log","timestamp":1704993010387,"level":"info","message":"Rendering request 114 finished in 1560 ms","meta":{"rootId":"ruib6yz6ub1rcqi","id":"ruib6yz6ub1rcqi"},"id":"1xm29s9vwo8nt9z","previousOperationId":"obo5w9xa8gfpikb"}
{"type":"operationEnd","subtype":"render","operationId":"r6th9ktukd3sa5j","timestamp":1704993010387,"id":"bqchc54ndv159wd","previousEventId":"lltet1diwju1yvf","previousOperationId":"obo5w9xa8gfpikb"}
{"type":"operationEnd","doDiffs":false,"previousEventId":"nlgrldlkgfxyqzx","previousOperationId":"rk44p4kkhzgz8a0","operationId":"rk44p4kkhzgz8a0","timestamp":1704993010391,"id":"flz0zpyzqxtlyd7"}
