{"type":"operationStart","subtype":"profile","data":{"_id":"hgCIBcUskbd1q8HL","timestamp":"2024-01-11T18:01:27.681Z","state":"queued","mode":"standard","creationDate":"2024-01-11T18:01:27.682Z","modificationDate":"2024-01-11T18:01:27.682Z","shortid":"DG4hYJC","$entitySet":"profiles"},"doDiffs":false,"timestamp":1704996087682,"id":"tim9jw4iiw25s1v","previousOperationId":null,"operationId":"ens1hnxet7i413p"}
{"type":"log","level":"info","message":"Render request 35 queued for execution and waiting for available worker","previousOperationId":"ens1hnxet7i413p","timestamp":1704996087682,"id":"fxkif9760gufjas"}
{"type":"operationStart","subtype":"render","name":"User_project","previousOperationId":"ens1hnxet7i413p","timestamp":1704996087686,"id":"qt1p0jhlu20a0zs","previousEventId":"tim9jw4iiw25s1v","operationId":"8rbz3jk1z3z68i6"}
{"type":"log","timestamp":1704996087686,"level":"info","message":"Starting rendering request 35","meta":{"rootId":"rzec0fe7tfyxqwp","id":"rzec0fe7tfyxqwp"},"id":"1gnakky6csr6xdl","previousOperationId":"8rbz3jk1z3z68i6"}
{"type":"log","timestamp":1704996087687,"level":"info","message":"Rendering template { name: User_project, recipe: chrome-pdf, engine: handlebars, preview: true }","meta":{"rootId":"rzec0fe7tfyxqwp","id":"rzec0fe7tfyxqwp"},"id":"z0nimn4mxzsjepy","previousOperationId":"8rbz3jk1z3z68i6"}
{"type":"log","timestamp":1704996087687,"level":"debug","message":"Data item not defined for this template.","meta":{"rootId":"rzec0fe7tfyxqwp","id":"rzec0fe7tfyxqwp"},"id":"pvbk49gdyt59jv7","previousOperationId":"8rbz3jk1z3z68i6"}
{"type":"log","timestamp":1704996087689,"level":"debug","message":"Executing script usabi-data (beforeRender)","meta":{"rootId":"rzec0fe7tfyxqwp","id":"rzec0fe7tfyxqwp"},"id":"aeoujwuahxafd2a","previousOperationId":"8rbz3jk1z3z68i6"}
{"type":"operationStart","subtype":"scriptsBeforeRender","name":"scripts beforeRender","timestamp":1704996087692,"id":"n89s7oqt4tzg5cg","previousEventId":"qt1p0jhlu20a0zs","operationId":"fm9bqcfrbbd5tpj","previousOperationId":"8rbz3jk1z3z68i6"}
{"type":"operationStart","subtype":"script","name":"scripts usabi-data","previousOperationId":"fm9bqcfrbbd5tpj","timestamp":1704996087692,"id":"ns1vnqfiuqt950n","previousEventId":"n89s7oqt4tzg5cg","operationId":"uamvfclfgvnqp16"}
{"type":"operationEnd","operationId":"uamvfclfgvnqp16","timestamp":1704996087708,"id":"q9v7z8s37fqllr8","previousEventId":"qt1p0jhlu20a0zs","previousOperationId":"8rbz3jk1z3z68i6"}
{"type":"log","timestamp":1704996087708,"level":"debug","message":"Executing script orders-script (beforeRender)","meta":{"rootId":"rzec0fe7tfyxqwp","id":"rzec0fe7tfyxqwp"},"id":"bg6eiaf1pnhblhz","previousOperationId":"8rbz3jk1z3z68i6"}
{"type":"operationStart","subtype":"script","name":"scripts orders-script","previousOperationId":"fm9bqcfrbbd5tpj","timestamp":1704996087712,"id":"ajyftcunuwvzyjz","previousEventId":"q9v7z8s37fqllr8","operationId":"93ldgqrboakkfrf"}
{"type":"operationEnd","operationId":"93ldgqrboakkfrf","timestamp":1704996089036,"id":"q7yabwvo72jjzow","previousEventId":"q9v7z8s37fqllr8","previousOperationId":"8rbz3jk1z3z68i6"}
{"type":"operationEnd","operationId":"fm9bqcfrbbd5tpj","timestamp":1704996089036,"id":"gxshs99pdqr60uu","previousEventId":"q7yabwvo72jjzow","previousOperationId":"8rbz3jk1z3z68i6"}
{"type":"log","timestamp":1704996089036,"level":"debug","message":"Base url not specified, skipping its injection.","meta":{"rootId":"rzec0fe7tfyxqwp","id":"rzec0fe7tfyxqwp"},"id":"58a1c02q05t7rpn","previousOperationId":"fm9bqcfrbbd5tpj"}
{"type":"operationStart","subtype":"engine","name":"handlebars","timestamp":1704996089037,"id":"r6lx004k0zuh0ag","previousEventId":"gxshs99pdqr60uu","operationId":"fwnxlci0qt1lsit","previousOperationId":"fm9bqcfrbbd5tpj"}
{"type":"log","timestamp":1704996089037,"level":"debug","message":"Rendering engine handlebars","meta":{"rootId":"rzec0fe7tfyxqwp","id":"rzec0fe7tfyxqwp"},"id":"qyns4knyzxm9u3i","previousOperationId":"fwnxlci0qt1lsit"}
{"type":"operationEnd","operationId":"fwnxlci0qt1lsit","timestamp":1704996089053,"id":"mlecbqsfuc90dkb","previousEventId":"r6lx004k0zuh0ag","previousOperationId":"fwnxlci0qt1lsit"}
{"type":"operationStart","subtype":"recipe","name":"chrome-pdf","timestamp":1704996089053,"id":"i7prv43mffupv06","previousEventId":"mlecbqsfuc90dkb","operationId":"8p4ybrirncyh8om","previousOperationId":"fwnxlci0qt1lsit"}
{"type":"log","timestamp":1704996089053,"level":"debug","message":"Executing recipe chrome-pdf","meta":{"rootId":"rzec0fe7tfyxqwp","id":"rzec0fe7tfyxqwp"},"id":"ef2zh5hxyvwbty0","previousOperationId":"8p4ybrirncyh8om"}
{"type":"log","timestamp":1704996089055,"level":"debug","message":"Converting with chrome HeadlessChrome/117.0.5938.149 using chrome-pool strategy","meta":{"rootId":"rzec0fe7tfyxqwp","id":"rzec0fe7tfyxqwp"},"id":"3vrdvpl4snvdins","previousOperationId":"8p4ybrirncyh8om"}
{"type":"log","timestamp":1704996089088,"level":"debug","message":"Page request: GET (document) file:///tmp/jsreport/autocleanup/c0f04be5-e76c-46c8-b6bd-dabd942a1413-chrome-pdf.html","meta":{"rootId":"rzec0fe7tfyxqwp","id":"rzec0fe7tfyxqwp"},"id":"qoxpukpy41a5388","previousOperationId":"8p4ybrirncyh8om"}
{"type":"log","timestamp":1704996089094,"level":"debug","message":"Page request: GET (script) https://cdn.jsdelivr.net/npm/chart.js","meta":{"rootId":"rzec0fe7tfyxqwp","id":"rzec0fe7tfyxqwp"},"id":"tsb459nz8nibgwp","previousOperationId":"8p4ybrirncyh8om"}
{"type":"log","timestamp":1704996089094,"level":"debug","message":"Page request finished: GET (document) 200 file:///tmp/jsreport/autocleanup/c0f04be5-e76c-46c8-b6bd-dabd942a1413-chrome-pdf.html","meta":{"rootId":"rzec0fe7tfyxqwp","id":"rzec0fe7tfyxqwp"},"id":"orq8974k5om83gy","previousOperationId":"8p4ybrirncyh8om"}
{"type":"log","timestamp":1704996089097,"level":"debug","message":"Page request finished: GET (script) 200 https://cdn.jsdelivr.net/npm/chart.js","meta":{"rootId":"rzec0fe7tfyxqwp","id":"rzec0fe7tfyxqwp"},"id":"ipfkpiacvelzqfs","previousOperationId":"8p4ybrirncyh8om"}
{"type":"log","timestamp":1704996089101,"level":"warn","message":"Page error: Unexpected identifier 'Object' , stack: SyntaxError: Unexpected identifier 'Object'","meta":{"rootId":"rzec0fe7tfyxqwp","id":"rzec0fe7tfyxqwp"},"id":"zezxx8bmoh5kadx","previousOperationId":"8p4ybrirncyh8om"}
{"type":"log","timestamp":1704996089106,"level":"debug","message":"Running chrome with params {\"printBackground\":true,\"timeout\":58627,\"margin\":{}}","meta":{"rootId":"rzec0fe7tfyxqwp","id":"rzec0fe7tfyxqwp"},"id":"ufinglyyhc74ena","previousOperationId":"8p4ybrirncyh8om"}
{"type":"operationEnd","operationId":"8p4ybrirncyh8om","timestamp":1704996089114,"id":"dyhv1txvmcwhn3k","previousEventId":"i7prv43mffupv06","previousOperationId":"8p4ybrirncyh8om"}
{"type":"log","timestamp":1704996089115,"level":"debug","message":"Skipping storing report.","meta":{"rootId":"rzec0fe7tfyxqwp","id":"rzec0fe7tfyxqwp"},"id":"fnm0z3eduaqee9f","previousOperationId":"8p4ybrirncyh8om"}
{"type":"log","timestamp":1704996089115,"level":"info","message":"Rendering request 35 finished in 1434 ms","meta":{"rootId":"rzec0fe7tfyxqwp","id":"rzec0fe7tfyxqwp"},"id":"ogg68du2i3oez0b","previousOperationId":"8p4ybrirncyh8om"}
{"type":"operationEnd","subtype":"render","operationId":"8rbz3jk1z3z68i6","timestamp":1704996089115,"id":"p3z6z4ko5e7tyce","previousEventId":"dyhv1txvmcwhn3k","previousOperationId":"8p4ybrirncyh8om"}
{"type":"operationEnd","doDiffs":false,"previousEventId":"tim9jw4iiw25s1v","previousOperationId":"ens1hnxet7i413p","operationId":"ens1hnxet7i413p","timestamp":1704996089118,"id":"ixpod14ca2olr95"}
