{"type":"operationStart","subtype":"profile","data":{"_id":"tZfUbEq5djhYIOKA","timestamp":"2024-01-11T18:17:54.380Z","state":"queued","mode":"standard","creationDate":"2024-01-11T18:17:54.382Z","modificationDate":"2024-01-11T18:17:54.382Z","shortid":"LJi7qIJ","$entitySet":"profiles"},"doDiffs":false,"timestamp":1704997074381,"id":"k253osw9icchbc1","previousOperationId":null,"operationId":"oxvr05dnt7tol33"}
{"type":"log","level":"info","message":"Render request 2 queued for execution and waiting for available worker","previousOperationId":"oxvr05dnt7tol33","timestamp":1704997074381,"id":"48pcd0vgz4gbtn0"}
{"type":"operationStart","subtype":"render","name":"User_project","previousOperationId":"oxvr05dnt7tol33","timestamp":1704997074389,"id":"feyewj0ahqlktre","previousEventId":"k253osw9icchbc1","operationId":"y0eprjhlvki5itq"}
{"type":"log","timestamp":1704997074389,"level":"info","message":"Starting rendering request 2","meta":{"rootId":"s5l6bn71j897h01","id":"s5l6bn71j897h01"},"id":"vra2nh89zvfxuox","previousOperationId":"y0eprjhlvki5itq"}
{"type":"log","timestamp":1704997074390,"level":"info","message":"Rendering template { name: User_project, recipe: chrome-pdf, engine: handlebars, preview: true }","meta":{"rootId":"s5l6bn71j897h01","id":"s5l6bn71j897h01"},"id":"rkcyaaawhj1nohw","previousOperationId":"y0eprjhlvki5itq"}
{"type":"log","timestamp":1704997074392,"level":"debug","message":"Data item not defined for this template.","meta":{"rootId":"s5l6bn71j897h01","id":"s5l6bn71j897h01"},"id":"4a2onm05kjgdslr","previousOperationId":"y0eprjhlvki5itq"}
{"type":"log","timestamp":1704997074394,"level":"debug","message":"Executing script usabi-data (beforeRender)","meta":{"rootId":"s5l6bn71j897h01","id":"s5l6bn71j897h01"},"id":"y473o8ps2nqc48k","previousOperationId":"y0eprjhlvki5itq"}
{"type":"operationStart","subtype":"scriptsBeforeRender","name":"scripts beforeRender","timestamp":1704997074519,"id":"wble7vi7w1suej7","previousEventId":"feyewj0ahqlktre","operationId":"j8pniynvkcjsclg","previousOperationId":"y0eprjhlvki5itq"}
{"type":"operationStart","subtype":"script","name":"scripts usabi-data","previousOperationId":"j8pniynvkcjsclg","timestamp":1704997074519,"id":"7bhrgaorry0zvsm","previousEventId":"wble7vi7w1suej7","operationId":"b8fszl8fns13rhk"}
{"type":"operationEnd","operationId":"b8fszl8fns13rhk","timestamp":1704997074538,"id":"wo5hek63c8stym3","previousEventId":"feyewj0ahqlktre","previousOperationId":"y0eprjhlvki5itq"}
{"type":"log","timestamp":1704997074538,"level":"debug","message":"Executing script orders-script (beforeRender)","meta":{"rootId":"s5l6bn71j897h01","id":"s5l6bn71j897h01"},"id":"0eoh9chgaqw1s76","previousOperationId":"y0eprjhlvki5itq"}
{"type":"operationStart","subtype":"script","name":"scripts orders-script","previousOperationId":"j8pniynvkcjsclg","timestamp":1704997074552,"id":"bmncrpt9jrn7los","previousEventId":"wo5hek63c8stym3","operationId":"71ov28kdb7x8cn1"}
{"type":"operationEnd","operationId":"71ov28kdb7x8cn1","timestamp":1704997075952,"id":"t3mstf22x7uchab","previousEventId":"wo5hek63c8stym3","previousOperationId":"y0eprjhlvki5itq"}
{"type":"operationEnd","operationId":"j8pniynvkcjsclg","timestamp":1704997075953,"id":"y9b4tjupjo0d1dc","previousEventId":"t3mstf22x7uchab","previousOperationId":"y0eprjhlvki5itq"}
{"type":"log","timestamp":1704997075953,"level":"debug","message":"Base url not specified, skipping its injection.","meta":{"rootId":"s5l6bn71j897h01","id":"s5l6bn71j897h01"},"id":"gynb7jleza22jyr","previousOperationId":"j8pniynvkcjsclg"}
{"type":"operationStart","subtype":"engine","name":"handlebars","timestamp":1704997075954,"id":"0b80ut9njyjiqx0","previousEventId":"y9b4tjupjo0d1dc","operationId":"2fycjs00cptj1dw","previousOperationId":"j8pniynvkcjsclg"}
{"type":"log","timestamp":1704997075955,"level":"debug","message":"Rendering engine handlebars","meta":{"rootId":"s5l6bn71j897h01","id":"s5l6bn71j897h01"},"id":"cdc52yk1lfl4ym0","previousOperationId":"2fycjs00cptj1dw"}
{"type":"operationEnd","operationId":"2fycjs00cptj1dw","timestamp":1704997076143,"id":"w6nbv0ygq9dnb2i","previousEventId":"0b80ut9njyjiqx0","previousOperationId":"2fycjs00cptj1dw"}
{"type":"operationStart","subtype":"recipe","name":"chrome-pdf","timestamp":1704997076143,"id":"5e3z6rgmtl4s6ff","previousEventId":"w6nbv0ygq9dnb2i","operationId":"kpdlzm2cgyal90n","previousOperationId":"2fycjs00cptj1dw"}
{"type":"log","timestamp":1704997076143,"level":"debug","message":"Executing recipe chrome-pdf","meta":{"rootId":"s5l6bn71j897h01","id":"s5l6bn71j897h01"},"id":"nc63yb9yt79fqk2","previousOperationId":"kpdlzm2cgyal90n"}
{"type":"log","timestamp":1704997076402,"level":"debug","message":"Converting with chrome HeadlessChrome/117.0.5938.149 using chrome-pool strategy","meta":{"rootId":"s5l6bn71j897h01","id":"s5l6bn71j897h01"},"id":"o3qtfdshxqw3wuu","previousOperationId":"kpdlzm2cgyal90n"}
{"type":"log","timestamp":1704997076454,"level":"debug","message":"Page request: GET (document) file:///tmp/jsreport/autocleanup/00b360f4-39fb-4610-9648-7e99975ac3a2-chrome-pdf.html","meta":{"rootId":"s5l6bn71j897h01","id":"s5l6bn71j897h01"},"id":"qy0dzztc91tt7uy","previousOperationId":"kpdlzm2cgyal90n"}
{"type":"log","timestamp":1704997076461,"level":"debug","message":"Page request: GET (script) https://cdn.jsdelivr.net/npm/chart.js","meta":{"rootId":"s5l6bn71j897h01","id":"s5l6bn71j897h01"},"id":"6byencctnabryoh","previousOperationId":"kpdlzm2cgyal90n"}
{"type":"log","timestamp":1704997076461,"level":"debug","message":"Page request finished: GET (document) 200 file:///tmp/jsreport/autocleanup/00b360f4-39fb-4610-9648-7e99975ac3a2-chrome-pdf.html","meta":{"rootId":"s5l6bn71j897h01","id":"s5l6bn71j897h01"},"id":"b7p3lvakib5t8zs","previousOperationId":"kpdlzm2cgyal90n"}
{"type":"log","timestamp":1704997076663,"level":"debug","message":"Page request finished: GET (script) 200 https://cdn.jsdelivr.net/npm/chart.js","meta":{"rootId":"s5l6bn71j897h01","id":"s5l6bn71j897h01"},"id":"o4cn85wvc52d7xe","previousOperationId":"kpdlzm2cgyal90n"}
{"type":"log","timestamp":1704997076667,"level":"warn","message":"Page error: Unexpected identifier 'Object' , stack: SyntaxError: Unexpected identifier 'Object'","meta":{"rootId":"s5l6bn71j897h01","id":"s5l6bn71j897h01"},"id":"v9plt0pv4d3tjpv","previousOperationId":"kpdlzm2cgyal90n"}
{"type":"log","timestamp":1704997076674,"level":"debug","message":"Running chrome with params {\"printBackground\":true,\"timeout\":58106,\"margin\":{}}","meta":{"rootId":"s5l6bn71j897h01","id":"s5l6bn71j897h01"},"id":"gygbvw8lzw2n0x5","previousOperationId":"kpdlzm2cgyal90n"}
{"type":"operationEnd","operationId":"kpdlzm2cgyal90n","timestamp":1704997076692,"id":"lo9zt47d9pegsxn","previousEventId":"5e3z6rgmtl4s6ff","previousOperationId":"kpdlzm2cgyal90n"}
{"type":"log","timestamp":1704997076693,"level":"debug","message":"Skipping storing report.","meta":{"rootId":"s5l6bn71j897h01","id":"s5l6bn71j897h01"},"id":"7q3ozuuygrfs3vh","previousOperationId":"kpdlzm2cgyal90n"}
{"type":"log","timestamp":1704997076693,"level":"info","message":"Rendering request 2 finished in 2313 ms","meta":{"rootId":"s5l6bn71j897h01","id":"s5l6bn71j897h01"},"id":"4k6bqtcitvm2568","previousOperationId":"kpdlzm2cgyal90n"}
{"type":"operationEnd","subtype":"render","operationId":"y0eprjhlvki5itq","timestamp":1704997076694,"id":"t7uckejo5zhzfok","previousEventId":"lo9zt47d9pegsxn","previousOperationId":"kpdlzm2cgyal90n"}
{"type":"operationEnd","doDiffs":false,"previousEventId":"k253osw9icchbc1","previousOperationId":"oxvr05dnt7tol33","operationId":"oxvr05dnt7tol33","timestamp":1704997076699,"id":"xcidf6w72j9wcdd"}
