{"type":"operationStart","subtype":"profile","data":{"_id":"f0am2cXUqvHRsy3g","timestamp":"2024-01-11T18:49:07.687Z","state":"queued","mode":"standard","creationDate":"2024-01-11T18:49:07.688Z","modificationDate":"2024-01-11T18:49:07.688Z","shortid":"DWjeL_T","$entitySet":"profiles"},"doDiffs":false,"timestamp":1704998947687,"id":"fla6ntfxk6rj763","previousOperationId":null,"operationId":"l7ljuwn0eaxj0cn"}
{"type":"log","level":"info","message":"Render request 42 queued for execution and waiting for available worker","previousOperationId":"l7ljuwn0eaxj0cn","timestamp":1704998947687,"id":"70cxbb9qcjjzive"}
{"type":"operationStart","subtype":"render","name":"User_project","previousOperationId":"l7ljuwn0eaxj0cn","timestamp":1704998947692,"id":"0lictniixq4rg0v","previousEventId":"fla6ntfxk6rj763","operationId":"riuzbyuvddct8be"}
{"type":"log","timestamp":1704998947692,"level":"info","message":"Starting rendering request 42","meta":{"rootId":"s5li313psa128fg","id":"s5li313psa128fg"},"id":"cy70vgd3ujmjlbg","previousOperationId":"riuzbyuvddct8be"}
{"type":"log","timestamp":1704998947692,"level":"info","message":"Rendering template { name: User_project, recipe: chrome-pdf, engine: handlebars, preview: true }","meta":{"rootId":"s5li313psa128fg","id":"s5li313psa128fg"},"id":"ozgj3anwhiemyl6","previousOperationId":"riuzbyuvddct8be"}
{"type":"log","timestamp":1704998947692,"level":"debug","message":"Data item not defined for this template.","meta":{"rootId":"s5li313psa128fg","id":"s5li313psa128fg"},"id":"3coxgovwtxmm8c0","previousOperationId":"riuzbyuvddct8be"}
{"type":"log","timestamp":1704998947694,"level":"debug","message":"Executing script usabi-data (beforeRender)","meta":{"rootId":"s5li313psa128fg","id":"s5li313psa128fg"},"id":"j7wnzf1bhc08iss","previousOperationId":"riuzbyuvddct8be"}
{"type":"operationStart","subtype":"scriptsBeforeRender","name":"scripts beforeRender","timestamp":1704998947697,"id":"5wnw93gdrf34qhx","previousEventId":"0lictniixq4rg0v","operationId":"sjq32r39gcl7ev9","previousOperationId":"riuzbyuvddct8be"}
{"type":"operationStart","subtype":"script","name":"scripts usabi-data","previousOperationId":"sjq32r39gcl7ev9","timestamp":1704998947697,"id":"mheltzxoep64g6i","previousEventId":"5wnw93gdrf34qhx","operationId":"t3gb9cfz9zqrqss"}
{"type":"operationEnd","operationId":"t3gb9cfz9zqrqss","timestamp":1704998947715,"id":"jd440xhoyu418pu","previousEventId":"0lictniixq4rg0v","previousOperationId":"riuzbyuvddct8be"}
{"type":"log","timestamp":1704998947715,"level":"debug","message":"Executing script orders-script (beforeRender)","meta":{"rootId":"s5li313psa128fg","id":"s5li313psa128fg"},"id":"ijhq4pk7e0ibdly","previousOperationId":"riuzbyuvddct8be"}
{"type":"operationStart","subtype":"script","name":"scripts orders-script","previousOperationId":"sjq32r39gcl7ev9","timestamp":1704998947721,"id":"0dr3uvgy30pyxjc","previousEventId":"jd440xhoyu418pu","operationId":"5th92vdyuyachhd"}
{"type":"operationEnd","operationId":"5th92vdyuyachhd","timestamp":1704998948985,"id":"jh5w3v3ft02mags","previousEventId":"jd440xhoyu418pu","previousOperationId":"riuzbyuvddct8be"}
{"type":"operationEnd","operationId":"sjq32r39gcl7ev9","timestamp":1704998948985,"id":"nyw4vmv9mqen5i1","previousEventId":"jh5w3v3ft02mags","previousOperationId":"riuzbyuvddct8be"}
{"type":"log","timestamp":1704998948985,"level":"debug","message":"Base url not specified, skipping its injection.","meta":{"rootId":"s5li313psa128fg","id":"s5li313psa128fg"},"id":"rybkyw3cd4ybpzw","previousOperationId":"sjq32r39gcl7ev9"}
{"type":"operationStart","subtype":"engine","name":"handlebars","timestamp":1704998948986,"id":"ry7bcpvrcfzp5r4","previousEventId":"nyw4vmv9mqen5i1","operationId":"kqq79rys4kyldud","previousOperationId":"sjq32r39gcl7ev9"}
{"type":"log","timestamp":1704998948986,"level":"debug","message":"Rendering engine handlebars","meta":{"rootId":"s5li313psa128fg","id":"s5li313psa128fg"},"id":"5j4603ys5f3w6zc","previousOperationId":"kqq79rys4kyldud"}
{"type":"operationEnd","operationId":"kqq79rys4kyldud","timestamp":1704998949002,"id":"4vu20naef1wudlf","previousEventId":"ry7bcpvrcfzp5r4","previousOperationId":"kqq79rys4kyldud"}
{"type":"operationStart","subtype":"recipe","name":"chrome-pdf","timestamp":1704998949003,"id":"4zoqezd2ycpvep7","previousEventId":"4vu20naef1wudlf","operationId":"038pkns59ynlkok","previousOperationId":"kqq79rys4kyldud"}
{"type":"log","timestamp":1704998949003,"level":"debug","message":"Executing recipe chrome-pdf","meta":{"rootId":"s5li313psa128fg","id":"s5li313psa128fg"},"id":"mdxnjffzdqod25o","previousOperationId":"038pkns59ynlkok"}
{"type":"log","timestamp":1704998949005,"level":"debug","message":"Converting with chrome HeadlessChrome/117.0.5938.149 using chrome-pool strategy","meta":{"rootId":"s5li313psa128fg","id":"s5li313psa128fg"},"id":"lly60i2agdr3iih","previousOperationId":"038pkns59ynlkok"}
{"type":"log","timestamp":1704998949032,"level":"debug","message":"Page request: GET (document) file:///tmp/jsreport/autocleanup/ddd596e0-424d-4d52-a13e-b99ee487bfb2-chrome-pdf.html","meta":{"rootId":"s5li313psa128fg","id":"s5li313psa128fg"},"id":"k7foafh3ysrmx37","previousOperationId":"038pkns59ynlkok"}
{"type":"log","timestamp":1704998949039,"level":"debug","message":"Page request: GET (script) https://cdn.jsdelivr.net/npm/chart.js","meta":{"rootId":"s5li313psa128fg","id":"s5li313psa128fg"},"id":"to28lgiokrchvtk","previousOperationId":"038pkns59ynlkok"}
{"type":"log","timestamp":1704998949039,"level":"debug","message":"Page request finished: GET (document) 200 file:///tmp/jsreport/autocleanup/ddd596e0-424d-4d52-a13e-b99ee487bfb2-chrome-pdf.html","meta":{"rootId":"s5li313psa128fg","id":"s5li313psa128fg"},"id":"ztzx1ucmypv9nl4","previousOperationId":"038pkns59ynlkok"}
{"type":"log","timestamp":1704998949042,"level":"debug","message":"Page request finished: GET (script) 200 https://cdn.jsdelivr.net/npm/chart.js","meta":{"rootId":"s5li313psa128fg","id":"s5li313psa128fg"},"id":"cutssooyoue35ww","previousOperationId":"038pkns59ynlkok"}
{"type":"log","timestamp":1704998949086,"level":"debug","message":"Running chrome with params {\"printBackground\":true,\"timeout\":58682,\"margin\":{}}","meta":{"rootId":"s5li313psa128fg","id":"s5li313psa128fg"},"id":"0jaj588is5zpij3","previousOperationId":"038pkns59ynlkok"}
{"type":"operationEnd","operationId":"038pkns59ynlkok","timestamp":1704998949112,"id":"kuwz0siikw8imf9","previousEventId":"4zoqezd2ycpvep7","previousOperationId":"038pkns59ynlkok"}
{"type":"log","timestamp":1704998949112,"level":"debug","message":"Skipping storing report.","meta":{"rootId":"s5li313psa128fg","id":"s5li313psa128fg"},"id":"44pxh4smoszmn28","previousOperationId":"038pkns59ynlkok"}
{"type":"log","timestamp":1704998949112,"level":"info","message":"Rendering request 42 finished in 1426 ms","meta":{"rootId":"s5li313psa128fg","id":"s5li313psa128fg"},"id":"40rrywe7btmzanr","previousOperationId":"038pkns59ynlkok"}
{"type":"operationEnd","subtype":"render","operationId":"riuzbyuvddct8be","timestamp":1704998949112,"id":"irk4vd0w2c8e9iv","previousEventId":"kuwz0siikw8imf9","previousOperationId":"038pkns59ynlkok"}
{"type":"operationEnd","doDiffs":false,"previousEventId":"fla6ntfxk6rj763","previousOperationId":"l7ljuwn0eaxj0cn","operationId":"l7ljuwn0eaxj0cn","timestamp":1704998949115,"id":"66t8k3wdvlag145"}
