{"type":"operationStart","subtype":"profile","data":{"_id":"NvXnpzjk0SrFjUcY","timestamp":"2024-01-11T17:38:33.097Z","state":"queued","mode":"standard","creationDate":"2024-01-11T17:38:33.098Z","modificationDate":"2024-01-11T17:38:33.098Z","shortid":"ICJ8rpv","$entitySet":"profiles"},"doDiffs":false,"timestamp":1704994713098,"id":"1p8sswkyi47veco","previousOperationId":null,"operationId":"9vinyd85rwmh3ny"}
{"type":"log","level":"info","message":"Render request 3 queued for execution and waiting for available worker","previousOperationId":"9vinyd85rwmh3ny","timestamp":1704994713098,"id":"7p4lhu4om61lozu"}
{"type":"operationStart","subtype":"render","name":"User_project","previousOperationId":"9vinyd85rwmh3ny","timestamp":1704994713102,"id":"ummyf35h07cer63","previousEventId":"1p8sswkyi47veco","operationId":"mky98vb03eyzc22"}
{"type":"log","timestamp":1704994713103,"level":"info","message":"Starting rendering request 3","meta":{"rootId":"s61gnac166bvsg1","id":"s61gnac166bvsg1"},"id":"5fqh6pgg3qbps54","previousOperationId":"mky98vb03eyzc22"}
{"type":"log","timestamp":1704994713103,"level":"info","message":"Rendering template { name: User_project, recipe: chrome-pdf, engine: handlebars, preview: true }","meta":{"rootId":"s61gnac166bvsg1","id":"s61gnac166bvsg1"},"id":"dg9veltpzx43lsf","previousOperationId":"mky98vb03eyzc22"}
{"type":"log","timestamp":1704994713103,"level":"debug","message":"Data item not defined for this template.","meta":{"rootId":"s61gnac166bvsg1","id":"s61gnac166bvsg1"},"id":"oxzor8fuvvi22uz","previousOperationId":"mky98vb03eyzc22"}
{"type":"log","timestamp":1704994713105,"level":"debug","message":"Executing script usabi-data (beforeRender)","meta":{"rootId":"s61gnac166bvsg1","id":"s61gnac166bvsg1"},"id":"zvmqxjk0ryepdkk","previousOperationId":"mky98vb03eyzc22"}
{"type":"operationStart","subtype":"scriptsBeforeRender","name":"scripts beforeRender","timestamp":1704994713110,"id":"oiovkz1t0i6h0m7","previousEventId":"ummyf35h07cer63","operationId":"h0fgycd8fr0ulo1","previousOperationId":"mky98vb03eyzc22"}
{"type":"operationStart","subtype":"script","name":"scripts usabi-data","previousOperationId":"h0fgycd8fr0ulo1","timestamp":1704994713110,"id":"wh36uql5h0ufn65","previousEventId":"oiovkz1t0i6h0m7","operationId":"rdfm7utj43vddb8"}
{"type":"operationEnd","operationId":"rdfm7utj43vddb8","timestamp":1704994713129,"id":"eo502pc13ccnvqs","previousEventId":"ummyf35h07cer63","previousOperationId":"mky98vb03eyzc22"}
{"type":"log","timestamp":1704994713129,"level":"debug","message":"Executing script orders-script (beforeRender)","meta":{"rootId":"s61gnac166bvsg1","id":"s61gnac166bvsg1"},"id":"9mh4f050qi0iah1","previousOperationId":"mky98vb03eyzc22"}
{"type":"operationStart","subtype":"script","name":"scripts orders-script","previousOperationId":"h0fgycd8fr0ulo1","timestamp":1704994713133,"id":"j2csdz4gl4nm5pd","previousEventId":"eo502pc13ccnvqs","operationId":"c7ifn1xofnwxrgj"}
{"type":"operationEnd","operationId":"c7ifn1xofnwxrgj","timestamp":1704994714474,"id":"cs0ts2old48h898","previousEventId":"eo502pc13ccnvqs","previousOperationId":"mky98vb03eyzc22"}
{"type":"operationEnd","operationId":"h0fgycd8fr0ulo1","timestamp":1704994714474,"id":"ktnuvr0oc2o1lcx","previousEventId":"cs0ts2old48h898","previousOperationId":"mky98vb03eyzc22"}
{"type":"log","timestamp":1704994714474,"level":"debug","message":"Base url not specified, skipping its injection.","meta":{"rootId":"s61gnac166bvsg1","id":"s61gnac166bvsg1"},"id":"itg5qw3u0xuvq6s","previousOperationId":"h0fgycd8fr0ulo1"}
{"type":"operationStart","subtype":"engine","name":"handlebars","timestamp":1704994714474,"id":"w7xky8aoo4ffmr1","previousEventId":"ktnuvr0oc2o1lcx","operationId":"m9ocyfjnk2k3xag","previousOperationId":"h0fgycd8fr0ulo1"}
{"type":"log","timestamp":1704994714474,"level":"debug","message":"Rendering engine handlebars","meta":{"rootId":"s61gnac166bvsg1","id":"s61gnac166bvsg1"},"id":"lr7xyfefnua0hxg","previousOperationId":"m9ocyfjnk2k3xag"}
{"type":"operationEnd","operationId":"m9ocyfjnk2k3xag","timestamp":1704994714511,"id":"qbnpl21py25t4wi","previousEventId":"w7xky8aoo4ffmr1","previousOperationId":"m9ocyfjnk2k3xag"}
{"type":"operationStart","subtype":"recipe","name":"chrome-pdf","timestamp":1704994714511,"id":"tej7c2ikqexn1ej","previousEventId":"qbnpl21py25t4wi","operationId":"vjcjaz6d0lu8j43","previousOperationId":"m9ocyfjnk2k3xag"}
{"type":"log","timestamp":1704994714511,"level":"debug","message":"Executing recipe chrome-pdf","meta":{"rootId":"s61gnac166bvsg1","id":"s61gnac166bvsg1"},"id":"z6ry6mj3xy6u4ai","previousOperationId":"vjcjaz6d0lu8j43"}
{"type":"log","timestamp":1704994714513,"level":"debug","message":"Converting with chrome HeadlessChrome/117.0.5938.149 using chrome-pool strategy","meta":{"rootId":"s61gnac166bvsg1","id":"s61gnac166bvsg1"},"id":"n6dn101724j1khy","previousOperationId":"vjcjaz6d0lu8j43"}
{"type":"log","timestamp":1704994714542,"level":"debug","message":"Page request: GET (document) file:///tmp/jsreport/autocleanup/b244fb7e-bb40-41b2-a167-28d9ac743a07-chrome-pdf.html","meta":{"rootId":"s61gnac166bvsg1","id":"s61gnac166bvsg1"},"id":"wyq3t03nffwxquv","previousOperationId":"vjcjaz6d0lu8j43"}
{"type":"log","timestamp":1704994714549,"level":"debug","message":"Page request: GET (script) https://cdn.jsdelivr.net/npm/chart.js","meta":{"rootId":"s61gnac166bvsg1","id":"s61gnac166bvsg1"},"id":"jzag6fzydi0xhcv","previousOperationId":"vjcjaz6d0lu8j43"}
{"type":"log","timestamp":1704994714549,"level":"debug","message":"Page request finished: GET (document) 200 file:///tmp/jsreport/autocleanup/b244fb7e-bb40-41b2-a167-28d9ac743a07-chrome-pdf.html","meta":{"rootId":"s61gnac166bvsg1","id":"s61gnac166bvsg1"},"id":"5cp0i1y363bzxph","previousOperationId":"vjcjaz6d0lu8j43"}
{"type":"log","timestamp":1704994714553,"level":"debug","message":"Page request finished: GET (script) 200 https://cdn.jsdelivr.net/npm/chart.js","meta":{"rootId":"s61gnac166bvsg1","id":"s61gnac166bvsg1"},"id":"i3a6qwcycx0z8i7","previousOperationId":"vjcjaz6d0lu8j43"}
{"type":"log","timestamp":1704994714556,"level":"warn","message":"Page error: Unexpected identifier 'Object' , stack: SyntaxError: Unexpected identifier 'Object'","meta":{"rootId":"s61gnac166bvsg1","id":"s61gnac166bvsg1"},"id":"uokujmt8kbgnzqr","previousOperationId":"vjcjaz6d0lu8j43"}
{"type":"log","timestamp":1704994714561,"level":"debug","message":"Running chrome with params {\"printBackground\":true,\"timeout\":58585,\"margin\":{}}","meta":{"rootId":"s61gnac166bvsg1","id":"s61gnac166bvsg1"},"id":"suoffr6ewvinsfe","previousOperationId":"vjcjaz6d0lu8j43"}
{"type":"operationEnd","operationId":"vjcjaz6d0lu8j43","timestamp":1704994714575,"id":"zaeuvoy2t7facgw","previousEventId":"tej7c2ikqexn1ej","previousOperationId":"vjcjaz6d0lu8j43"}
{"type":"log","timestamp":1704994714575,"level":"debug","message":"Skipping storing report.","meta":{"rootId":"s61gnac166bvsg1","id":"s61gnac166bvsg1"},"id":"jdq0cczha0cn07s","previousOperationId":"vjcjaz6d0lu8j43"}
{"type":"log","timestamp":1704994714575,"level":"info","message":"Rendering request 3 finished in 1478 ms","meta":{"rootId":"s61gnac166bvsg1","id":"s61gnac166bvsg1"},"id":"l96smu86q325fhv","previousOperationId":"vjcjaz6d0lu8j43"}
{"type":"operationEnd","subtype":"render","operationId":"mky98vb03eyzc22","timestamp":1704994714575,"id":"3p07zwp9gje9xqu","previousEventId":"zaeuvoy2t7facgw","previousOperationId":"vjcjaz6d0lu8j43"}
{"type":"operationEnd","doDiffs":false,"previousEventId":"1p8sswkyi47veco","previousOperationId":"9vinyd85rwmh3ny","operationId":"9vinyd85rwmh3ny","timestamp":1704994714578,"id":"5c9m8mby6xe1cj4"}
