{"type":"operationStart","subtype":"profile","data":{"_id":"NTiBnihVaio3Try6","timestamp":"2024-01-11T16:55:49.567Z","state":"queued","mode":"standard","creationDate":"2024-01-11T16:55:49.567Z","modificationDate":"2024-01-11T16:55:49.567Z","shortid":"OwYqFYb","$entitySet":"profiles"},"doDiffs":false,"timestamp":1704992149567,"id":"sos3r4m3sja59v0","previousOperationId":null,"operationId":"nj52gwsza3s3yh9"}
{"type":"log","level":"info","message":"Render request 98 queued for execution and waiting for available worker","previousOperationId":"nj52gwsza3s3yh9","timestamp":1704992149567,"id":"tr6361b56vacc4k"}
{"type":"operationStart","subtype":"render","name":"User_project","previousOperationId":"nj52gwsza3s3yh9","timestamp":1704992149572,"id":"k3vrdkiwfreyhq9","previousEventId":"sos3r4m3sja59v0","operationId":"rkakubj23ovpw1g"}
{"type":"log","timestamp":1704992149572,"level":"info","message":"Starting rendering request 98","meta":{"rootId":"sdk1eczlm5e223e","id":"sdk1eczlm5e223e"},"id":"bssscrrltzg6pqg","previousOperationId":"rkakubj23ovpw1g"}
{"type":"log","timestamp":1704992149572,"level":"info","message":"Rendering template { name: User_project, recipe: chrome-pdf, engine: handlebars, preview: true }","meta":{"rootId":"sdk1eczlm5e223e","id":"sdk1eczlm5e223e"},"id":"eja378lxf9pltfy","previousOperationId":"rkakubj23ovpw1g"}
{"type":"log","timestamp":1704992149572,"level":"debug","message":"Data item not defined for this template.","meta":{"rootId":"sdk1eczlm5e223e","id":"sdk1eczlm5e223e"},"id":"17ypoaw05pns4f3","previousOperationId":"rkakubj23ovpw1g"}
{"type":"log","timestamp":1704992149573,"level":"debug","message":"Executing script usabi-data (beforeRender)","meta":{"rootId":"sdk1eczlm5e223e","id":"sdk1eczlm5e223e"},"id":"ohzyolzzqi9fqlc","previousOperationId":"rkakubj23ovpw1g"}
{"type":"operationStart","subtype":"scriptsBeforeRender","name":"scripts beforeRender","timestamp":1704992149576,"id":"xf9mr90fqegvl1n","previousEventId":"k3vrdkiwfreyhq9","operationId":"9jj48ur39z94q4d","previousOperationId":"rkakubj23ovpw1g"}
{"type":"operationStart","subtype":"script","name":"scripts usabi-data","previousOperationId":"9jj48ur39z94q4d","timestamp":1704992149576,"id":"fadjzisfxsz7ph9","previousEventId":"xf9mr90fqegvl1n","operationId":"m2jsbkbjx1n6iba"}
{"type":"operationEnd","operationId":"m2jsbkbjx1n6iba","timestamp":1704992149586,"id":"u57vaqxvlkc9m9f","previousEventId":"k3vrdkiwfreyhq9","previousOperationId":"rkakubj23ovpw1g"}
{"type":"log","timestamp":1704992149586,"level":"debug","message":"Executing script orders-script (beforeRender)","meta":{"rootId":"sdk1eczlm5e223e","id":"sdk1eczlm5e223e"},"id":"rc0xfpd0om52k1d","previousOperationId":"rkakubj23ovpw1g"}
{"type":"operationStart","subtype":"script","name":"scripts orders-script","previousOperationId":"9jj48ur39z94q4d","timestamp":1704992149589,"id":"ieerobow38dlkwp","previousEventId":"u57vaqxvlkc9m9f","operationId":"qsuyz13i37tcypu"}
{"type":"operationEnd","operationId":"qsuyz13i37tcypu","timestamp":1704992151100,"id":"xocbovr3q155e25","previousEventId":"u57vaqxvlkc9m9f","previousOperationId":"rkakubj23ovpw1g"}
{"type":"operationEnd","operationId":"9jj48ur39z94q4d","timestamp":1704992151100,"id":"olhj1bulz8odg40","previousEventId":"xocbovr3q155e25","previousOperationId":"rkakubj23ovpw1g"}
{"type":"log","timestamp":1704992151100,"level":"debug","message":"Base url not specified, skipping its injection.","meta":{"rootId":"sdk1eczlm5e223e","id":"sdk1eczlm5e223e"},"id":"34usv2gkutcd9cp","previousOperationId":"9jj48ur39z94q4d"}
{"type":"operationStart","subtype":"engine","name":"handlebars","timestamp":1704992151100,"id":"w6lzc5r77939iep","previousEventId":"olhj1bulz8odg40","operationId":"qz1pu906yns3khi","previousOperationId":"9jj48ur39z94q4d"}
{"type":"log","timestamp":1704992151100,"level":"debug","message":"Rendering engine handlebars","meta":{"rootId":"sdk1eczlm5e223e","id":"sdk1eczlm5e223e"},"id":"zvtsqm1965koajn","previousOperationId":"qz1pu906yns3khi"}
{"type":"operationEnd","operationId":"qz1pu906yns3khi","timestamp":1704992151105,"id":"32fmzoirojw7kh8","previousEventId":"w6lzc5r77939iep","previousOperationId":"qz1pu906yns3khi"}
{"type":"operationStart","subtype":"recipe","name":"chrome-pdf","timestamp":1704992151105,"id":"62rxokn51fu4e1k","previousEventId":"32fmzoirojw7kh8","operationId":"uwwwzm0wl2pn2j0","previousOperationId":"qz1pu906yns3khi"}
{"type":"log","timestamp":1704992151105,"level":"debug","message":"Executing recipe chrome-pdf","meta":{"rootId":"sdk1eczlm5e223e","id":"sdk1eczlm5e223e"},"id":"7onyab1sh7d1mrp","previousOperationId":"uwwwzm0wl2pn2j0"}
{"type":"log","timestamp":1704992151107,"level":"debug","message":"Converting with chrome HeadlessChrome/117.0.5938.149 using chrome-pool strategy","meta":{"rootId":"sdk1eczlm5e223e","id":"sdk1eczlm5e223e"},"id":"e32cwf3jp0akez1","previousOperationId":"uwwwzm0wl2pn2j0"}
{"type":"log","timestamp":1704992151143,"level":"debug","message":"Page request: GET (document) file:///tmp/jsreport/autocleanup/92e8e380-0f15-4cae-b8a7-43e75db7d008-chrome-pdf.html","meta":{"rootId":"sdk1eczlm5e223e","id":"sdk1eczlm5e223e"},"id":"qbjxuqymzq6o0z3","previousOperationId":"uwwwzm0wl2pn2j0"}
{"type":"log","timestamp":1704992151150,"level":"debug","message":"Page request finished: GET (document) 200 file:///tmp/jsreport/autocleanup/92e8e380-0f15-4cae-b8a7-43e75db7d008-chrome-pdf.html","meta":{"rootId":"sdk1eczlm5e223e","id":"sdk1eczlm5e223e"},"id":"tgd5zx5pz5rnolb","previousOperationId":"uwwwzm0wl2pn2j0"}
{"type":"log","timestamp":1704992151155,"level":"debug","message":"Running chrome with params {\"printBackground\":true,\"timeout\":58461,\"margin\":{}}","meta":{"rootId":"sdk1eczlm5e223e","id":"sdk1eczlm5e223e"},"id":"af5vonx30pteykp","previousOperationId":"uwwwzm0wl2pn2j0"}
{"type":"operationEnd","operationId":"uwwwzm0wl2pn2j0","timestamp":1704992151167,"id":"jc181fk4dwxk3ta","previousEventId":"62rxokn51fu4e1k","previousOperationId":"uwwwzm0wl2pn2j0"}
{"type":"log","timestamp":1704992151167,"level":"debug","message":"Skipping storing report.","meta":{"rootId":"sdk1eczlm5e223e","id":"sdk1eczlm5e223e"},"id":"iz9galy650e65hd","previousOperationId":"uwwwzm0wl2pn2j0"}
{"type":"log","timestamp":1704992151167,"level":"info","message":"Rendering request 98 finished in 1600 ms","meta":{"rootId":"sdk1eczlm5e223e","id":"sdk1eczlm5e223e"},"id":"t9vsoov44gv4kcv","previousOperationId":"uwwwzm0wl2pn2j0"}
{"type":"operationEnd","subtype":"render","operationId":"rkakubj23ovpw1g","timestamp":1704992151167,"id":"u73485zc5cxzltz","previousEventId":"jc181fk4dwxk3ta","previousOperationId":"uwwwzm0wl2pn2j0"}
{"type":"operationEnd","doDiffs":false,"previousEventId":"sos3r4m3sja59v0","previousOperationId":"nj52gwsza3s3yh9","operationId":"nj52gwsza3s3yh9","timestamp":1704992151170,"id":"45zax8zzxmtfazo"}
