{"type":"operationStart","subtype":"profile","data":{"_id":"ntYa63gzyXQlllzp","timestamp":"2024-01-10T20:28:11.203Z","state":"queued","mode":"standard","creationDate":"2024-01-10T20:28:11.204Z","modificationDate":"2024-01-10T20:28:11.204Z","shortid":"1m6ysQd","$entitySet":"profiles"},"doDiffs":false,"timestamp":1704918491203,"id":"0o4sgyu5cg5vqn0","previousOperationId":null,"operationId":"85kciedv1zbjgdg"}
{"type":"log","level":"info","message":"Render request 18 queued for execution and waiting for available worker","previousOperationId":"85kciedv1zbjgdg","timestamp":1704918491204,"id":"en8nlmw055rm159"}
{"type":"operationStart","subtype":"render","name":"User_project","previousOperationId":"85kciedv1zbjgdg","timestamp":1704918491210,"id":"o61fp7pufd80c9j","previousEventId":"0o4sgyu5cg5vqn0","operationId":"uf8wiaqp2dysj0e"}
{"type":"log","timestamp":1704918491211,"level":"info","message":"Starting rendering request 18","meta":{"rootId":"ss4phzl7fw0nya9","id":"ss4phzl7fw0nya9"},"id":"aryis14v3pazgxh","previousOperationId":"uf8wiaqp2dysj0e"}
{"type":"log","timestamp":1704918491211,"level":"info","message":"Rendering template { name: User_project, recipe: chrome-pdf, engine: handlebars, preview: true }","meta":{"rootId":"ss4phzl7fw0nya9","id":"ss4phzl7fw0nya9"},"id":"7x4h5t718mf2rtj","previousOperationId":"uf8wiaqp2dysj0e"}
{"type":"log","timestamp":1704918491211,"level":"debug","message":"Data item not defined for this template.","meta":{"rootId":"ss4phzl7fw0nya9","id":"ss4phzl7fw0nya9"},"id":"rlcr288fefaq9v2","previousOperationId":"uf8wiaqp2dysj0e"}
{"type":"log","timestamp":1704918491216,"level":"debug","message":"Executing script usabi-data (beforeRender)","meta":{"rootId":"ss4phzl7fw0nya9","id":"ss4phzl7fw0nya9"},"id":"rt8s7g1zm62tdaa","previousOperationId":"uf8wiaqp2dysj0e"}
{"type":"operationStart","subtype":"scriptsBeforeRender","name":"scripts beforeRender","timestamp":1704918491219,"id":"4jnkp299vubfg8q","previousEventId":"o61fp7pufd80c9j","operationId":"isiyendpcyx7e3t","previousOperationId":"uf8wiaqp2dysj0e"}
{"type":"operationStart","subtype":"script","name":"scripts usabi-data","previousOperationId":"isiyendpcyx7e3t","timestamp":1704918491219,"id":"3js7s6ne4us39rh","previousEventId":"4jnkp299vubfg8q","operationId":"7l2aqxrfu3l8ct2"}
{"type":"operationEnd","operationId":"7l2aqxrfu3l8ct2","timestamp":1704918491230,"id":"zjyh5w1p3x0ey0i","previousEventId":"o61fp7pufd80c9j","previousOperationId":"uf8wiaqp2dysj0e"}
{"type":"operationEnd","operationId":"isiyendpcyx7e3t","timestamp":1704918491230,"id":"93ir4ygfk5dxkik","previousEventId":"zjyh5w1p3x0ey0i","previousOperationId":"uf8wiaqp2dysj0e"}
{"type":"log","timestamp":1704918491230,"level":"debug","message":"Base url not specified, skipping its injection.","meta":{"rootId":"ss4phzl7fw0nya9","id":"ss4phzl7fw0nya9"},"id":"qv5y9vqraczbc0n","previousOperationId":"isiyendpcyx7e3t"}
{"type":"operationStart","subtype":"engine","name":"handlebars","timestamp":1704918491230,"id":"c1hm4sea6m7rfkc","previousEventId":"93ir4ygfk5dxkik","operationId":"fzaa1gu5wcnizg9","previousOperationId":"isiyendpcyx7e3t"}
{"type":"log","timestamp":1704918491230,"level":"debug","message":"Rendering engine handlebars","meta":{"rootId":"ss4phzl7fw0nya9","id":"ss4phzl7fw0nya9"},"id":"8rqdy4vh7tz4w5v","previousOperationId":"fzaa1gu5wcnizg9"}
{"type":"operationEnd","operationId":"fzaa1gu5wcnizg9","timestamp":1704918491239,"id":"ks24gngv97nv02u","previousEventId":"c1hm4sea6m7rfkc","previousOperationId":"fzaa1gu5wcnizg9"}
{"type":"operationStart","subtype":"recipe","name":"chrome-pdf","timestamp":1704918491239,"id":"dnev8lds5wa725c","previousEventId":"ks24gngv97nv02u","operationId":"yccwokhih5rh2im","previousOperationId":"fzaa1gu5wcnizg9"}
{"type":"log","timestamp":1704918491239,"level":"debug","message":"Executing recipe chrome-pdf","meta":{"rootId":"ss4phzl7fw0nya9","id":"ss4phzl7fw0nya9"},"id":"jqyb27kywu8hy3r","previousOperationId":"yccwokhih5rh2im"}
{"type":"log","timestamp":1704918491241,"level":"debug","message":"Converting with chrome HeadlessChrome/117.0.5938.149 using chrome-pool strategy","meta":{"rootId":"ss4phzl7fw0nya9","id":"ss4phzl7fw0nya9"},"id":"r78j2kfd6b5mhz3","previousOperationId":"yccwokhih5rh2im"}
{"type":"log","timestamp":1704918491267,"level":"debug","message":"Page request: GET (document) file:///tmp/jsreport/autocleanup/5dcd0de8-5a7a-49af-8ecf-af09d1722d20-chrome-pdf.html","meta":{"rootId":"ss4phzl7fw0nya9","id":"ss4phzl7fw0nya9"},"id":"897uvr5fwpza988","previousOperationId":"yccwokhih5rh2im"}
{"type":"log","timestamp":1704918491273,"level":"debug","message":"Page request finished: GET (document) 200 file:///tmp/jsreport/autocleanup/5dcd0de8-5a7a-49af-8ecf-af09d1722d20-chrome-pdf.html","meta":{"rootId":"ss4phzl7fw0nya9","id":"ss4phzl7fw0nya9"},"id":"08h0ho1fivuna2n","previousOperationId":"yccwokhih5rh2im"}
{"type":"log","timestamp":1704918491276,"level":"debug","message":"Running chrome with params {\"printBackground\":true,\"timeout\":59963,\"margin\":{}}","meta":{"rootId":"ss4phzl7fw0nya9","id":"ss4phzl7fw0nya9"},"id":"7gqg01poh6y0c46","previousOperationId":"yccwokhih5rh2im"}
{"type":"operationEnd","operationId":"yccwokhih5rh2im","timestamp":1704918491282,"id":"2eipi9uivx26lc4","previousEventId":"dnev8lds5wa725c","previousOperationId":"yccwokhih5rh2im"}
{"type":"log","timestamp":1704918491283,"level":"debug","message":"Skipping storing report.","meta":{"rootId":"ss4phzl7fw0nya9","id":"ss4phzl7fw0nya9"},"id":"g46frk6ac6abhus","previousOperationId":"yccwokhih5rh2im"}
{"type":"log","timestamp":1704918491283,"level":"info","message":"Rendering request 18 finished in 80 ms","meta":{"rootId":"ss4phzl7fw0nya9","id":"ss4phzl7fw0nya9"},"id":"uhdw1x5dv94p89g","previousOperationId":"yccwokhih5rh2im"}
{"type":"operationEnd","subtype":"render","operationId":"uf8wiaqp2dysj0e","timestamp":1704918491283,"id":"0txd7f3lui23mmp","previousEventId":"2eipi9uivx26lc4","previousOperationId":"yccwokhih5rh2im"}
{"type":"operationEnd","doDiffs":false,"previousEventId":"0o4sgyu5cg5vqn0","previousOperationId":"85kciedv1zbjgdg","operationId":"85kciedv1zbjgdg","timestamp":1704918491287,"id":"rpdlgkjyim898ni"}
