{"type":"operationStart","subtype":"profile","data":{"_id":"AsLxUoYaycSSAjGx","timestamp":"2024-01-11T18:49:23.108Z","state":"queued","mode":"standard","creationDate":"2024-01-11T18:49:23.109Z","modificationDate":"2024-01-11T18:49:23.109Z","shortid":"rThmWkR","$entitySet":"profiles"},"doDiffs":false,"timestamp":1704998963108,"id":"m4bggxqxlhgnf3z","previousOperationId":null,"operationId":"8t4fcwsiuom359b"}
{"type":"log","level":"info","message":"Render request 43 queued for execution and waiting for available worker","previousOperationId":"8t4fcwsiuom359b","timestamp":1704998963108,"id":"z2mgczg94vi8rtl"}
{"type":"operationStart","subtype":"render","name":"User_project","previousOperationId":"8t4fcwsiuom359b","timestamp":1704998963113,"id":"rjeu3hf1ft2uw0b","previousEventId":"m4bggxqxlhgnf3z","operationId":"6vj2gbe72d7lvlg"}
{"type":"log","timestamp":1704998963113,"level":"info","message":"Starting rendering request 43","meta":{"rootId":"st8v6kbltcnsga8","id":"st8v6kbltcnsga8"},"id":"76cxbraamn9jdjf","previousOperationId":"6vj2gbe72d7lvlg"}
{"type":"log","timestamp":1704998963113,"level":"info","message":"Rendering template { name: User_project, recipe: chrome-pdf, engine: handlebars, preview: true }","meta":{"rootId":"st8v6kbltcnsga8","id":"st8v6kbltcnsga8"},"id":"9znn08e0cnlnynr","previousOperationId":"6vj2gbe72d7lvlg"}
{"type":"log","timestamp":1704998963113,"level":"debug","message":"Data item not defined for this template.","meta":{"rootId":"st8v6kbltcnsga8","id":"st8v6kbltcnsga8"},"id":"rl90lz3k4nz52uq","previousOperationId":"6vj2gbe72d7lvlg"}
{"type":"log","timestamp":1704998963116,"level":"debug","message":"Executing script usabi-data (beforeRender)","meta":{"rootId":"st8v6kbltcnsga8","id":"st8v6kbltcnsga8"},"id":"x0hshosoi3w6fai","previousOperationId":"6vj2gbe72d7lvlg"}
{"type":"operationStart","subtype":"scriptsBeforeRender","name":"scripts beforeRender","timestamp":1704998963119,"id":"3jat2929lj5ygpn","previousEventId":"rjeu3hf1ft2uw0b","operationId":"u2xvy44siyj74ik","previousOperationId":"6vj2gbe72d7lvlg"}
{"type":"operationStart","subtype":"script","name":"scripts usabi-data","previousOperationId":"u2xvy44siyj74ik","timestamp":1704998963119,"id":"slhe3asfnxp2ghd","previousEventId":"3jat2929lj5ygpn","operationId":"cutbct4c8fgd74v"}
{"type":"operationEnd","operationId":"cutbct4c8fgd74v","timestamp":1704998963138,"id":"keehwt4g2dfssgz","previousEventId":"rjeu3hf1ft2uw0b","previousOperationId":"6vj2gbe72d7lvlg"}
{"type":"log","timestamp":1704998963138,"level":"debug","message":"Executing script orders-script (beforeRender)","meta":{"rootId":"st8v6kbltcnsga8","id":"st8v6kbltcnsga8"},"id":"gw9aymrng3ugq25","previousOperationId":"6vj2gbe72d7lvlg"}
{"type":"operationStart","subtype":"script","name":"scripts orders-script","previousOperationId":"u2xvy44siyj74ik","timestamp":1704998963141,"id":"510xv897p1i6tbz","previousEventId":"keehwt4g2dfssgz","operationId":"nt54nr3ntfoh0cb"}
{"type":"operationEnd","operationId":"nt54nr3ntfoh0cb","timestamp":1704998964404,"id":"rzqx476cxsaxcgg","previousEventId":"keehwt4g2dfssgz","previousOperationId":"6vj2gbe72d7lvlg"}
{"type":"operationEnd","operationId":"u2xvy44siyj74ik","timestamp":1704998964404,"id":"0pfgnztxyrlx0li","previousEventId":"rzqx476cxsaxcgg","previousOperationId":"6vj2gbe72d7lvlg"}
{"type":"log","timestamp":1704998964404,"level":"debug","message":"Base url not specified, skipping its injection.","meta":{"rootId":"st8v6kbltcnsga8","id":"st8v6kbltcnsga8"},"id":"w02me2j8bpizh3o","previousOperationId":"u2xvy44siyj74ik"}
{"type":"operationStart","subtype":"engine","name":"handlebars","timestamp":1704998964404,"id":"z1ocx06wkaojq1b","previousEventId":"0pfgnztxyrlx0li","operationId":"dfsp3wqh8oxq9vk","previousOperationId":"u2xvy44siyj74ik"}
{"type":"log","timestamp":1704998964404,"level":"debug","message":"Rendering engine handlebars","meta":{"rootId":"st8v6kbltcnsga8","id":"st8v6kbltcnsga8"},"id":"rum6f9rqdq62kdj","previousOperationId":"dfsp3wqh8oxq9vk"}
{"type":"operationEnd","operationId":"dfsp3wqh8oxq9vk","timestamp":1704998964423,"id":"qr9uihbwkh1cjft","previousEventId":"z1ocx06wkaojq1b","previousOperationId":"dfsp3wqh8oxq9vk"}
{"type":"operationStart","subtype":"recipe","name":"chrome-pdf","timestamp":1704998964424,"id":"slbx1l5zc8vctsl","previousEventId":"qr9uihbwkh1cjft","operationId":"s7k1xasnd476iry","previousOperationId":"dfsp3wqh8oxq9vk"}
{"type":"log","timestamp":1704998964424,"level":"debug","message":"Executing recipe chrome-pdf","meta":{"rootId":"st8v6kbltcnsga8","id":"st8v6kbltcnsga8"},"id":"3c56vyhm38155g7","previousOperationId":"s7k1xasnd476iry"}
{"type":"log","timestamp":1704998964426,"level":"debug","message":"Converting with chrome HeadlessChrome/117.0.5938.149 using chrome-pool strategy","meta":{"rootId":"st8v6kbltcnsga8","id":"st8v6kbltcnsga8"},"id":"a49n6oq4qg9wxem","previousOperationId":"s7k1xasnd476iry"}
{"type":"log","timestamp":1704998964458,"level":"debug","message":"Page request: GET (document) file:///tmp/jsreport/autocleanup/c34b9646-fc76-4af1-a8fb-15723eca6b18-chrome-pdf.html","meta":{"rootId":"st8v6kbltcnsga8","id":"st8v6kbltcnsga8"},"id":"j10f7vuxbof12uz","previousOperationId":"s7k1xasnd476iry"}
{"type":"log","timestamp":1704998964466,"level":"debug","message":"Page request: GET (script) https://cdn.jsdelivr.net/npm/chart.js","meta":{"rootId":"st8v6kbltcnsga8","id":"st8v6kbltcnsga8"},"id":"3euqmev9ij4zp6u","previousOperationId":"s7k1xasnd476iry"}
{"type":"log","timestamp":1704998964466,"level":"debug","message":"Page request finished: GET (document) 200 file:///tmp/jsreport/autocleanup/c34b9646-fc76-4af1-a8fb-15723eca6b18-chrome-pdf.html","meta":{"rootId":"st8v6kbltcnsga8","id":"st8v6kbltcnsga8"},"id":"2krvyg2fafep344","previousOperationId":"s7k1xasnd476iry"}
{"type":"log","timestamp":1704998964469,"level":"debug","message":"Page request finished: GET (script) 200 https://cdn.jsdelivr.net/npm/chart.js","meta":{"rootId":"st8v6kbltcnsga8","id":"st8v6kbltcnsga8"},"id":"u9b3e0hiumhnu0m","previousOperationId":"s7k1xasnd476iry"}
{"type":"log","timestamp":1704998964507,"level":"debug","message":"Running chrome with params {\"printBackground\":true,\"timeout\":58683,\"margin\":{}}","meta":{"rootId":"st8v6kbltcnsga8","id":"st8v6kbltcnsga8"},"id":"nt4b301h2m1tgvf","previousOperationId":"s7k1xasnd476iry"}
{"type":"operationEnd","operationId":"s7k1xasnd476iry","timestamp":1704998964525,"id":"uu7a5bs5zc7dztg","previousEventId":"slbx1l5zc8vctsl","previousOperationId":"s7k1xasnd476iry"}
{"type":"log","timestamp":1704998964525,"level":"debug","message":"Skipping storing report.","meta":{"rootId":"st8v6kbltcnsga8","id":"st8v6kbltcnsga8"},"id":"1g5st4fk4ga6bou","previousOperationId":"s7k1xasnd476iry"}
{"type":"log","timestamp":1704998964525,"level":"info","message":"Rendering request 43 finished in 1417 ms","meta":{"rootId":"st8v6kbltcnsga8","id":"st8v6kbltcnsga8"},"id":"22bdxfe85jz9pxu","previousOperationId":"s7k1xasnd476iry"}
{"type":"operationEnd","subtype":"render","operationId":"6vj2gbe72d7lvlg","timestamp":1704998964525,"id":"mvlf1afy39kexjt","previousEventId":"uu7a5bs5zc7dztg","previousOperationId":"s7k1xasnd476iry"}
{"type":"operationEnd","doDiffs":false,"previousEventId":"m4bggxqxlhgnf3z","previousOperationId":"8t4fcwsiuom359b","operationId":"8t4fcwsiuom359b","timestamp":1704998964529,"id":"sgr7ifba8bjaxvh"}
