{"type":"operationStart","subtype":"profile","data":{"_id":"ojfDfHY8kMkgzFwf","timestamp":"2024-01-11T18:24:42.057Z","state":"queued","mode":"standard","creationDate":"2024-01-11T18:24:42.057Z","modificationDate":"2024-01-11T18:24:42.057Z","shortid":"ZiOXsqK","$entitySet":"profiles"},"doDiffs":false,"timestamp":1704997482057,"id":"f0zjcvi3lolqmom","previousOperationId":null,"operationId":"kv9r9i349kledwn"}
{"type":"log","level":"info","message":"Render request 14 queued for execution and waiting for available worker","previousOperationId":"kv9r9i349kledwn","timestamp":1704997482057,"id":"118noqpm13bmb9s"}
{"type":"operationStart","subtype":"render","name":"User_project","previousOperationId":"kv9r9i349kledwn","timestamp":1704997482062,"id":"l3a41xrm27y252i","previousEventId":"f0zjcvi3lolqmom","operationId":"bddfd2bt15godhn"}
{"type":"log","timestamp":1704997482062,"level":"info","message":"Starting rendering request 14","meta":{"rootId":"swet3r6ck54ytt6","id":"swet3r6ck54ytt6"},"id":"m4hm27ga7fzg2jf","previousOperationId":"bddfd2bt15godhn"}
{"type":"log","timestamp":1704997482062,"level":"info","message":"Rendering template { name: User_project, recipe: chrome-pdf, engine: handlebars, preview: true }","meta":{"rootId":"swet3r6ck54ytt6","id":"swet3r6ck54ytt6"},"id":"azmjtlwhc0t1khv","previousOperationId":"bddfd2bt15godhn"}
{"type":"log","timestamp":1704997482063,"level":"debug","message":"Data item not defined for this template.","meta":{"rootId":"swet3r6ck54ytt6","id":"swet3r6ck54ytt6"},"id":"kdemtafn48mb3l9","previousOperationId":"bddfd2bt15godhn"}
{"type":"log","timestamp":1704997482064,"level":"debug","message":"Executing script usabi-data (beforeRender)","meta":{"rootId":"swet3r6ck54ytt6","id":"swet3r6ck54ytt6"},"id":"z7934mvraarkcl1","previousOperationId":"bddfd2bt15godhn"}
{"type":"operationStart","subtype":"scriptsBeforeRender","name":"scripts beforeRender","timestamp":1704997482068,"id":"6hdcyflzac4m19u","previousEventId":"l3a41xrm27y252i","operationId":"whor1tmituepj49","previousOperationId":"bddfd2bt15godhn"}
{"type":"operationStart","subtype":"script","name":"scripts usabi-data","previousOperationId":"whor1tmituepj49","timestamp":1704997482068,"id":"o3lne32sbdz8yge","previousEventId":"6hdcyflzac4m19u","operationId":"2vcp1o0ctmxc893"}
{"type":"operationEnd","operationId":"2vcp1o0ctmxc893","timestamp":1704997482091,"id":"lelbj48ro8xz9xe","previousEventId":"l3a41xrm27y252i","previousOperationId":"bddfd2bt15godhn"}
{"type":"log","timestamp":1704997482091,"level":"debug","message":"Executing script orders-script (beforeRender)","meta":{"rootId":"swet3r6ck54ytt6","id":"swet3r6ck54ytt6"},"id":"f3ein5fhew1c2dd","previousOperationId":"bddfd2bt15godhn"}
{"type":"operationStart","subtype":"script","name":"scripts orders-script","previousOperationId":"whor1tmituepj49","timestamp":1704997482095,"id":"6irde47dmt33mic","previousEventId":"lelbj48ro8xz9xe","operationId":"8qbf41ypk1ciu13"}
{"type":"operationEnd","operationId":"8qbf41ypk1ciu13","timestamp":1704997483421,"id":"g8nllvxp9aa397s","previousEventId":"lelbj48ro8xz9xe","previousOperationId":"bddfd2bt15godhn"}
{"type":"operationEnd","operationId":"whor1tmituepj49","timestamp":1704997483421,"id":"qo8l88tdg538py5","previousEventId":"g8nllvxp9aa397s","previousOperationId":"bddfd2bt15godhn"}
{"type":"log","timestamp":1704997483421,"level":"debug","message":"Base url not specified, skipping its injection.","meta":{"rootId":"swet3r6ck54ytt6","id":"swet3r6ck54ytt6"},"id":"xi9khgaf6vd00on","previousOperationId":"whor1tmituepj49"}
{"type":"operationStart","subtype":"engine","name":"handlebars","timestamp":1704997483423,"id":"usolycnygdwng36","previousEventId":"qo8l88tdg538py5","operationId":"j2xfyf5k8tblt90","previousOperationId":"whor1tmituepj49"}
{"type":"log","timestamp":1704997483423,"level":"debug","message":"Rendering engine handlebars","meta":{"rootId":"swet3r6ck54ytt6","id":"swet3r6ck54ytt6"},"id":"e26b7e8ardv6f6p","previousOperationId":"j2xfyf5k8tblt90"}
{"type":"operationEnd","operationId":"j2xfyf5k8tblt90","timestamp":1704997483438,"id":"p1wfxz2574ic52x","previousEventId":"usolycnygdwng36","previousOperationId":"j2xfyf5k8tblt90"}
{"type":"operationStart","subtype":"recipe","name":"chrome-pdf","timestamp":1704997483438,"id":"ivc59s8rfwhj60c","previousEventId":"p1wfxz2574ic52x","operationId":"7a5b8599k6l6g29","previousOperationId":"j2xfyf5k8tblt90"}
{"type":"log","timestamp":1704997483438,"level":"debug","message":"Executing recipe chrome-pdf","meta":{"rootId":"swet3r6ck54ytt6","id":"swet3r6ck54ytt6"},"id":"273irair1mjbkf3","previousOperationId":"7a5b8599k6l6g29"}
{"type":"log","timestamp":1704997483440,"level":"debug","message":"Converting with chrome HeadlessChrome/117.0.5938.149 using chrome-pool strategy","meta":{"rootId":"swet3r6ck54ytt6","id":"swet3r6ck54ytt6"},"id":"0oos92ytnfnty1z","previousOperationId":"7a5b8599k6l6g29"}
{"type":"log","timestamp":1704997483477,"level":"debug","message":"Page request: GET (document) file:///tmp/jsreport/autocleanup/98c72f7a-0256-41b4-a31e-c4fe9fd30ae3-chrome-pdf.html","meta":{"rootId":"swet3r6ck54ytt6","id":"swet3r6ck54ytt6"},"id":"4f5fkemiam1ayqr","previousOperationId":"7a5b8599k6l6g29"}
{"type":"log","timestamp":1704997483485,"level":"debug","message":"Page request: GET (script) https://cdn.jsdelivr.net/npm/chart.js","meta":{"rootId":"swet3r6ck54ytt6","id":"swet3r6ck54ytt6"},"id":"rfabia1p7ps6cz2","previousOperationId":"7a5b8599k6l6g29"}
{"type":"log","timestamp":1704997483488,"level":"debug","message":"Page request finished: GET (document) 200 file:///tmp/jsreport/autocleanup/98c72f7a-0256-41b4-a31e-c4fe9fd30ae3-chrome-pdf.html","meta":{"rootId":"swet3r6ck54ytt6","id":"swet3r6ck54ytt6"},"id":"33q60dx6wu4owex","previousOperationId":"7a5b8599k6l6g29"}
{"type":"log","timestamp":1704997483493,"level":"debug","message":"Page request finished: GET (script) 200 https://cdn.jsdelivr.net/npm/chart.js","meta":{"rootId":"swet3r6ck54ytt6","id":"swet3r6ck54ytt6"},"id":"3ok9lhoa7a9dfxm","previousOperationId":"7a5b8599k6l6g29"}
{"type":"log","timestamp":1704997483536,"level":"debug","message":"Running chrome with params {\"printBackground\":true,\"timeout\":58617,\"margin\":{}}","meta":{"rootId":"swet3r6ck54ytt6","id":"swet3r6ck54ytt6"},"id":"qbzd5dag9rpxny9","previousOperationId":"7a5b8599k6l6g29"}
{"type":"operationEnd","operationId":"7a5b8599k6l6g29","timestamp":1704997483556,"id":"cnqcb8ytjp6b2hm","previousEventId":"ivc59s8rfwhj60c","previousOperationId":"7a5b8599k6l6g29"}
{"type":"log","timestamp":1704997483556,"level":"debug","message":"Skipping storing report.","meta":{"rootId":"swet3r6ck54ytt6","id":"swet3r6ck54ytt6"},"id":"aufrabo39mhjg2g","previousOperationId":"7a5b8599k6l6g29"}
{"type":"log","timestamp":1704997483556,"level":"info","message":"Rendering request 14 finished in 1500 ms","meta":{"rootId":"swet3r6ck54ytt6","id":"swet3r6ck54ytt6"},"id":"l5kioxfed7x0j6e","previousOperationId":"7a5b8599k6l6g29"}
{"type":"operationEnd","subtype":"render","operationId":"bddfd2bt15godhn","timestamp":1704997483556,"id":"xejnezzk1ml3cyh","previousEventId":"cnqcb8ytjp6b2hm","previousOperationId":"7a5b8599k6l6g29"}
{"type":"operationEnd","doDiffs":false,"previousEventId":"f0zjcvi3lolqmom","previousOperationId":"kv9r9i349kledwn","operationId":"kv9r9i349kledwn","timestamp":1704997483563,"id":"m9bm4omx25uwvhn"}
