{"type":"operationStart","subtype":"profile","data":{"_id":"iK4bzL4E8WfqPVMk","timestamp":"2024-01-11T16:48:23.197Z","state":"queued","mode":"standard","creationDate":"2024-01-11T16:48:23.198Z","modificationDate":"2024-01-11T16:48:23.198Z","shortid":"ML54mr6","$entitySet":"profiles"},"doDiffs":false,"timestamp":1704991703197,"id":"1uhoj9u2busuxeg","previousOperationId":null,"operationId":"c1pzlas43fn2dkv"}
{"type":"log","level":"info","message":"Render request 78 queued for execution and waiting for available worker","previousOperationId":"c1pzlas43fn2dkv","timestamp":1704991703197,"id":"y71r49jnkll1gb7"}
{"type":"operationStart","subtype":"render","name":"User_project","previousOperationId":"c1pzlas43fn2dkv","timestamp":1704991703203,"id":"lgberv46l8ftftr","previousEventId":"1uhoj9u2busuxeg","operationId":"l5omi04fpiypvue"}
{"type":"log","timestamp":1704991703203,"level":"info","message":"Starting rendering request 78","meta":{"rootId":"t20bfjt0lme8ogr","id":"t20bfjt0lme8ogr"},"id":"ubr5ikdztd1pwyv","previousOperationId":"l5omi04fpiypvue"}
{"type":"log","timestamp":1704991703203,"level":"info","message":"Rendering template { name: User_project, recipe: chrome-pdf, engine: handlebars, preview: true }","meta":{"rootId":"t20bfjt0lme8ogr","id":"t20bfjt0lme8ogr"},"id":"cgrfyfd2f6u2j64","previousOperationId":"l5omi04fpiypvue"}
{"type":"log","timestamp":1704991703204,"level":"debug","message":"Data item not defined for this template.","meta":{"rootId":"t20bfjt0lme8ogr","id":"t20bfjt0lme8ogr"},"id":"47xw612u3r08hba","previousOperationId":"l5omi04fpiypvue"}
{"type":"log","timestamp":1704991703205,"level":"debug","message":"Executing script usabi-data (beforeRender)","meta":{"rootId":"t20bfjt0lme8ogr","id":"t20bfjt0lme8ogr"},"id":"ee1827nekwjdekk","previousOperationId":"l5omi04fpiypvue"}
{"type":"operationStart","subtype":"scriptsBeforeRender","name":"scripts beforeRender","timestamp":1704991703207,"id":"j5dgv2iab86r62f","previousEventId":"lgberv46l8ftftr","operationId":"mfs4z9txylwt9pz","previousOperationId":"l5omi04fpiypvue"}
{"type":"operationStart","subtype":"script","name":"scripts usabi-data","previousOperationId":"mfs4z9txylwt9pz","timestamp":1704991703207,"id":"arskcttncbfel99","previousEventId":"j5dgv2iab86r62f","operationId":"4ztn7qzlpz85ynb"}
{"type":"operationEnd","operationId":"4ztn7qzlpz85ynb","timestamp":1704991703219,"id":"aq4it6we7vde0p8","previousEventId":"lgberv46l8ftftr","previousOperationId":"l5omi04fpiypvue"}
{"type":"operationEnd","operationId":"mfs4z9txylwt9pz","timestamp":1704991703219,"id":"oqe4zm05or56d7w","previousEventId":"aq4it6we7vde0p8","previousOperationId":"l5omi04fpiypvue"}
{"type":"log","timestamp":1704991703219,"level":"debug","message":"Base url not specified, skipping its injection.","meta":{"rootId":"t20bfjt0lme8ogr","id":"t20bfjt0lme8ogr"},"id":"cvid2o0oiy5cn6i","previousOperationId":"mfs4z9txylwt9pz"}
{"type":"operationStart","subtype":"engine","name":"handlebars","timestamp":1704991703219,"id":"xt32rapxysu3124","previousEventId":"oqe4zm05or56d7w","operationId":"tfpby0ysx2m28l2","previousOperationId":"mfs4z9txylwt9pz"}
{"type":"log","timestamp":1704991703219,"level":"debug","message":"Rendering engine handlebars","meta":{"rootId":"t20bfjt0lme8ogr","id":"t20bfjt0lme8ogr"},"id":"yur0kxpx1zkyws4","previousOperationId":"tfpby0ysx2m28l2"}
{"type":"operationEnd","operationId":"tfpby0ysx2m28l2","timestamp":1704991703225,"id":"3nwkvucpaf9udej","previousEventId":"xt32rapxysu3124","previousOperationId":"tfpby0ysx2m28l2"}
{"type":"operationStart","subtype":"recipe","name":"chrome-pdf","timestamp":1704991703226,"id":"m5ipn9dnyelimsd","previousEventId":"3nwkvucpaf9udej","operationId":"0njow5801ivt1of","previousOperationId":"tfpby0ysx2m28l2"}
{"type":"log","timestamp":1704991703226,"level":"debug","message":"Executing recipe chrome-pdf","meta":{"rootId":"t20bfjt0lme8ogr","id":"t20bfjt0lme8ogr"},"id":"6n55zrjpp1lq3k9","previousOperationId":"0njow5801ivt1of"}
{"type":"log","timestamp":1704991703227,"level":"debug","message":"Converting with chrome HeadlessChrome/117.0.5938.149 using chrome-pool strategy","meta":{"rootId":"t20bfjt0lme8ogr","id":"t20bfjt0lme8ogr"},"id":"jlla8n9triim8o8","previousOperationId":"0njow5801ivt1of"}
{"type":"log","timestamp":1704991703258,"level":"debug","message":"Page request: GET (document) file:///tmp/jsreport/autocleanup/ad195d4b-2b39-46f1-8643-dc6690be0752-chrome-pdf.html","meta":{"rootId":"t20bfjt0lme8ogr","id":"t20bfjt0lme8ogr"},"id":"hcf5hiqrx1i9s7l","previousOperationId":"0njow5801ivt1of"}
{"type":"log","timestamp":1704991703265,"level":"debug","message":"Page request: GET (script) https://cdn.jsdelivr.net/npm/chart.js","meta":{"rootId":"t20bfjt0lme8ogr","id":"t20bfjt0lme8ogr"},"id":"ytedfx4tjyxy7vo","previousOperationId":"0njow5801ivt1of"}
{"type":"log","timestamp":1704991703265,"level":"debug","message":"Page request finished: GET (document) 200 file:///tmp/jsreport/autocleanup/ad195d4b-2b39-46f1-8643-dc6690be0752-chrome-pdf.html","meta":{"rootId":"t20bfjt0lme8ogr","id":"t20bfjt0lme8ogr"},"id":"ct8cpk2s5z0r4hl","previousOperationId":"0njow5801ivt1of"}
{"type":"log","timestamp":1704991703269,"level":"debug","message":"Page request finished: GET (script) 200 https://cdn.jsdelivr.net/npm/chart.js","meta":{"rootId":"t20bfjt0lme8ogr","id":"t20bfjt0lme8ogr"},"id":"mfihzpn9r155nag","previousOperationId":"0njow5801ivt1of"}
{"type":"log","timestamp":1704991703315,"level":"debug","message":"Running chrome with params {\"printBackground\":true,\"timeout\":59971,\"margin\":{}}","meta":{"rootId":"t20bfjt0lme8ogr","id":"t20bfjt0lme8ogr"},"id":"lfxp8duynsiime5","previousOperationId":"0njow5801ivt1of"}
{"type":"operationEnd","operationId":"0njow5801ivt1of","timestamp":1704991703332,"id":"vrf3izwq42m0osm","previousEventId":"m5ipn9dnyelimsd","previousOperationId":"0njow5801ivt1of"}
{"type":"log","timestamp":1704991703332,"level":"debug","message":"Skipping storing report.","meta":{"rootId":"t20bfjt0lme8ogr","id":"t20bfjt0lme8ogr"},"id":"engg8dyvn7qd3bp","previousOperationId":"0njow5801ivt1of"}
{"type":"log","timestamp":1704991703332,"level":"info","message":"Rendering request 78 finished in 135 ms","meta":{"rootId":"t20bfjt0lme8ogr","id":"t20bfjt0lme8ogr"},"id":"a45ekox365gsesb","previousOperationId":"0njow5801ivt1of"}
{"type":"operationEnd","subtype":"render","operationId":"l5omi04fpiypvue","timestamp":1704991703332,"id":"g04a7fx526v05bg","previousEventId":"vrf3izwq42m0osm","previousOperationId":"0njow5801ivt1of"}
{"type":"operationEnd","doDiffs":false,"previousEventId":"1uhoj9u2busuxeg","previousOperationId":"c1pzlas43fn2dkv","operationId":"c1pzlas43fn2dkv","timestamp":1704991703336,"id":"2k8gpdkpahi98vv"}
