{"type":"operationStart","subtype":"profile","data":{"_id":"QtFQpWOWi8sT6Btj","timestamp":"2024-01-11T16:25:20.896Z","state":"queued","mode":"standard","creationDate":"2024-01-11T16:25:20.897Z","modificationDate":"2024-01-11T16:25:20.897Z","shortid":"QpRYY3v","$entitySet":"profiles"},"doDiffs":false,"timestamp":1704990320897,"id":"f2srefbvj998o13","previousOperationId":null,"operationId":"xewc9kugg3n6khz"}
{"type":"log","level":"info","message":"Render request 30 queued for execution and waiting for available worker","previousOperationId":"xewc9kugg3n6khz","timestamp":1704990320897,"id":"z9pij8746qtgq5r"}
{"type":"operationStart","subtype":"render","name":"User_project","previousOperationId":"xewc9kugg3n6khz","timestamp":1704990320901,"id":"mx02qbrovtp1qjf","previousEventId":"f2srefbvj998o13","operationId":"ocdtgjikq1eu9oj"}
{"type":"log","timestamp":1704990320901,"level":"info","message":"Starting rendering request 30","meta":{"rootId":"t4ijy40wynor44u","id":"t4ijy40wynor44u"},"id":"k0oemkrfxglvpj1","previousOperationId":"ocdtgjikq1eu9oj"}
{"type":"log","timestamp":1704990320901,"level":"info","message":"Rendering template { name: User_project, recipe: chrome-pdf, engine: handlebars, preview: true }","meta":{"rootId":"t4ijy40wynor44u","id":"t4ijy40wynor44u"},"id":"u6mefz324u52nun","previousOperationId":"ocdtgjikq1eu9oj"}
{"type":"log","timestamp":1704990320901,"level":"debug","message":"Data item not defined for this template.","meta":{"rootId":"t4ijy40wynor44u","id":"t4ijy40wynor44u"},"id":"9gpzef81uqls064","previousOperationId":"ocdtgjikq1eu9oj"}
{"type":"log","timestamp":1704990320902,"level":"debug","message":"Executing script usabi-data (beforeRender)","meta":{"rootId":"t4ijy40wynor44u","id":"t4ijy40wynor44u"},"id":"5p2hrmtj9tuxq4k","previousOperationId":"ocdtgjikq1eu9oj"}
{"type":"operationStart","subtype":"scriptsBeforeRender","name":"scripts beforeRender","timestamp":1704990320907,"id":"lmcmj0trywc79hi","previousEventId":"mx02qbrovtp1qjf","operationId":"ioyb0yfti05gv86","previousOperationId":"ocdtgjikq1eu9oj"}
{"type":"operationStart","subtype":"script","name":"scripts usabi-data","previousOperationId":"ioyb0yfti05gv86","timestamp":1704990320907,"id":"qwblg1hdkfgawfw","previousEventId":"lmcmj0trywc79hi","operationId":"gw8m78zn2iztbs8"}
{"type":"operationEnd","operationId":"gw8m78zn2iztbs8","timestamp":1704990320920,"id":"g5grd2n7khli31n","previousEventId":"mx02qbrovtp1qjf","previousOperationId":"ocdtgjikq1eu9oj"}
{"type":"operationEnd","operationId":"ioyb0yfti05gv86","timestamp":1704990320920,"id":"rjfiq37nd3y3x75","previousEventId":"g5grd2n7khli31n","previousOperationId":"ocdtgjikq1eu9oj"}
{"type":"log","timestamp":1704990320920,"level":"debug","message":"Base url not specified, skipping its injection.","meta":{"rootId":"t4ijy40wynor44u","id":"t4ijy40wynor44u"},"id":"b7lfyj3v4neoc50","previousOperationId":"ioyb0yfti05gv86"}
{"type":"operationStart","subtype":"engine","name":"handlebars","timestamp":1704990320920,"id":"amqxe61fqu3dvmm","previousEventId":"rjfiq37nd3y3x75","operationId":"rxcxpwr3td4gp97","previousOperationId":"ioyb0yfti05gv86"}
{"type":"log","timestamp":1704990320920,"level":"debug","message":"Rendering engine handlebars","meta":{"rootId":"t4ijy40wynor44u","id":"t4ijy40wynor44u"},"id":"y8v9gg0aalvqvl7","previousOperationId":"rxcxpwr3td4gp97"}
{"type":"operationEnd","operationId":"rxcxpwr3td4gp97","timestamp":1704990320927,"id":"ano9qr1b40g0g5l","previousEventId":"amqxe61fqu3dvmm","previousOperationId":"rxcxpwr3td4gp97"}
{"type":"operationStart","subtype":"recipe","name":"chrome-pdf","timestamp":1704990320927,"id":"20jim2l265c4292","previousEventId":"ano9qr1b40g0g5l","operationId":"fr3098du1d1s3yb","previousOperationId":"rxcxpwr3td4gp97"}
{"type":"log","timestamp":1704990320927,"level":"debug","message":"Executing recipe chrome-pdf","meta":{"rootId":"t4ijy40wynor44u","id":"t4ijy40wynor44u"},"id":"ht90fccch3qsisl","previousOperationId":"fr3098du1d1s3yb"}
{"type":"log","timestamp":1704990320938,"level":"debug","message":"Converting with chrome HeadlessChrome/117.0.5938.149 using chrome-pool strategy","meta":{"rootId":"t4ijy40wynor44u","id":"t4ijy40wynor44u"},"id":"hshoy6retfv9vxg","previousOperationId":"fr3098du1d1s3yb"}
{"type":"log","timestamp":1704990320988,"level":"debug","message":"Page request: GET (document) file:///tmp/jsreport/autocleanup/13246623-6dcb-4deb-aea7-89bc8cc46fc9-chrome-pdf.html","meta":{"rootId":"t4ijy40wynor44u","id":"t4ijy40wynor44u"},"id":"trqf43pt2hxtmbq","previousOperationId":"fr3098du1d1s3yb"}
{"type":"log","timestamp":1704990320996,"level":"debug","message":"Page request: GET (script) https://cdn.jsdelivr.net/npm/chart.js","meta":{"rootId":"t4ijy40wynor44u","id":"t4ijy40wynor44u"},"id":"61npx7juei78ure","previousOperationId":"fr3098du1d1s3yb"}
{"type":"log","timestamp":1704990320996,"level":"debug","message":"Page request finished: GET (document) 200 file:///tmp/jsreport/autocleanup/13246623-6dcb-4deb-aea7-89bc8cc46fc9-chrome-pdf.html","meta":{"rootId":"t4ijy40wynor44u","id":"t4ijy40wynor44u"},"id":"087iqz7mcgb5zjf","previousOperationId":"fr3098du1d1s3yb"}
{"type":"log","timestamp":1704990320999,"level":"debug","message":"Page request finished: GET (script) 200 https://cdn.jsdelivr.net/npm/chart.js","meta":{"rootId":"t4ijy40wynor44u","id":"t4ijy40wynor44u"},"id":"22k3a6965un3qkr","previousOperationId":"fr3098du1d1s3yb"}
{"type":"log","timestamp":1704990321048,"level":"debug","message":"Running chrome with params {\"printBackground\":true,\"timeout\":59963,\"margin\":{}}","meta":{"rootId":"t4ijy40wynor44u","id":"t4ijy40wynor44u"},"id":"m1krmky44tnyspm","previousOperationId":"fr3098du1d1s3yb"}
{"type":"operationEnd","operationId":"fr3098du1d1s3yb","timestamp":1704990321095,"id":"777bht1j9ufql55","previousEventId":"20jim2l265c4292","previousOperationId":"fr3098du1d1s3yb"}
{"type":"log","timestamp":1704990321095,"level":"debug","message":"Skipping storing report.","meta":{"rootId":"t4ijy40wynor44u","id":"t4ijy40wynor44u"},"id":"aqsnju22f98yvzf","previousOperationId":"fr3098du1d1s3yb"}
{"type":"log","timestamp":1704990321095,"level":"info","message":"Rendering request 30 finished in 199 ms","meta":{"rootId":"t4ijy40wynor44u","id":"t4ijy40wynor44u"},"id":"vgdfv3gu9m8ww7e","previousOperationId":"fr3098du1d1s3yb"}
{"type":"operationEnd","subtype":"render","operationId":"ocdtgjikq1eu9oj","timestamp":1704990321095,"id":"0z38o7qoz4yura6","previousEventId":"777bht1j9ufql55","previousOperationId":"fr3098du1d1s3yb"}
{"type":"operationEnd","doDiffs":false,"previousEventId":"f2srefbvj998o13","previousOperationId":"xewc9kugg3n6khz","operationId":"xewc9kugg3n6khz","timestamp":1704990321097,"id":"fuqmdrlkcv30lgr"}
