{"type":"operationStart","subtype":"profile","data":{"_id":"C3K3sdd3mR76OA4c","timestamp":"2024-01-11T17:52:26.676Z","state":"queued","mode":"standard","creationDate":"2024-01-11T17:52:26.677Z","modificationDate":"2024-01-11T17:52:26.677Z","shortid":"h1ef69X","$entitySet":"profiles"},"doDiffs":false,"timestamp":1704995546677,"id":"inqwevji82hskin","previousOperationId":null,"operationId":"td3sonjcuy4y4yg"}
{"type":"log","level":"info","message":"Render request 17 queued for execution and waiting for available worker","previousOperationId":"td3sonjcuy4y4yg","timestamp":1704995546677,"id":"mdatde4r37h41sk"}
{"type":"operationStart","subtype":"render","name":"User_project","previousOperationId":"td3sonjcuy4y4yg","timestamp":1704995546681,"id":"nbzb8p6h63ig0tv","previousEventId":"inqwevji82hskin","operationId":"ljeq5pm9tjgygr9"}
{"type":"log","timestamp":1704995546682,"level":"info","message":"Starting rendering request 17","meta":{"rootId":"thkas03it1oqz30","id":"thkas03it1oqz30"},"id":"t3b7ed7ahmcajio","previousOperationId":"ljeq5pm9tjgygr9"}
{"type":"log","timestamp":1704995546682,"level":"info","message":"Rendering template { name: User_project, recipe: chrome-pdf, engine: handlebars, preview: true }","meta":{"rootId":"thkas03it1oqz30","id":"thkas03it1oqz30"},"id":"eixv8ymu0stuokb","previousOperationId":"ljeq5pm9tjgygr9"}
{"type":"log","timestamp":1704995546682,"level":"debug","message":"Data item not defined for this template.","meta":{"rootId":"thkas03it1oqz30","id":"thkas03it1oqz30"},"id":"wmzjfw043l79mq4","previousOperationId":"ljeq5pm9tjgygr9"}
{"type":"log","timestamp":1704995546684,"level":"debug","message":"Executing script usabi-data (beforeRender)","meta":{"rootId":"thkas03it1oqz30","id":"thkas03it1oqz30"},"id":"0bjw0blcpj16gvz","previousOperationId":"ljeq5pm9tjgygr9"}
{"type":"operationStart","subtype":"scriptsBeforeRender","name":"scripts beforeRender","timestamp":1704995546689,"id":"spbrz3zlxaqete0","previousEventId":"nbzb8p6h63ig0tv","operationId":"bq0k6xmap9zstxk","previousOperationId":"ljeq5pm9tjgygr9"}
{"type":"operationStart","subtype":"script","name":"scripts usabi-data","previousOperationId":"bq0k6xmap9zstxk","timestamp":1704995546689,"id":"pfe8c4fu3v98sff","previousEventId":"spbrz3zlxaqete0","operationId":"zfpsb2gpyy5v8ap"}
{"type":"operationEnd","operationId":"zfpsb2gpyy5v8ap","timestamp":1704995546710,"id":"w8q6rtw8t8bfuz1","previousEventId":"nbzb8p6h63ig0tv","previousOperationId":"ljeq5pm9tjgygr9"}
{"type":"log","timestamp":1704995546710,"level":"debug","message":"Executing script orders-script (beforeRender)","meta":{"rootId":"thkas03it1oqz30","id":"thkas03it1oqz30"},"id":"dygg2upzadclr9u","previousOperationId":"ljeq5pm9tjgygr9"}
{"type":"operationStart","subtype":"script","name":"scripts orders-script","previousOperationId":"bq0k6xmap9zstxk","timestamp":1704995546714,"id":"6gmamjx6atk2dny","previousEventId":"w8q6rtw8t8bfuz1","operationId":"pjk42trxp96qmg8"}
{"type":"operationEnd","operationId":"pjk42trxp96qmg8","timestamp":1704995549034,"id":"hgq5dpr4t4nf4xv","previousEventId":"w8q6rtw8t8bfuz1","previousOperationId":"ljeq5pm9tjgygr9"}
{"type":"operationEnd","operationId":"bq0k6xmap9zstxk","timestamp":1704995549034,"id":"r4h2jxvw6kuxjxl","previousEventId":"hgq5dpr4t4nf4xv","previousOperationId":"ljeq5pm9tjgygr9"}
{"type":"log","timestamp":1704995549034,"level":"debug","message":"Base url not specified, skipping its injection.","meta":{"rootId":"thkas03it1oqz30","id":"thkas03it1oqz30"},"id":"h71mk6nql0sqlef","previousOperationId":"bq0k6xmap9zstxk"}
{"type":"operationStart","subtype":"engine","name":"handlebars","timestamp":1704995549034,"id":"3qckw58tjqwalhj","previousEventId":"r4h2jxvw6kuxjxl","operationId":"9otzile2af10so4","previousOperationId":"bq0k6xmap9zstxk"}
{"type":"log","timestamp":1704995549034,"level":"debug","message":"Rendering engine handlebars","meta":{"rootId":"thkas03it1oqz30","id":"thkas03it1oqz30"},"id":"bao3dk7cshsplp8","previousOperationId":"9otzile2af10so4"}
{"type":"operationEnd","operationId":"9otzile2af10so4","timestamp":1704995549058,"id":"2dtb7o8okfrahft","previousEventId":"3qckw58tjqwalhj","previousOperationId":"9otzile2af10so4"}
{"type":"operationStart","subtype":"recipe","name":"chrome-pdf","timestamp":1704995549058,"id":"vw9fp6tv4xxk0wd","previousEventId":"2dtb7o8okfrahft","operationId":"lt7jq80oq9n90rg","previousOperationId":"9otzile2af10so4"}
{"type":"log","timestamp":1704995549058,"level":"debug","message":"Executing recipe chrome-pdf","meta":{"rootId":"thkas03it1oqz30","id":"thkas03it1oqz30"},"id":"bp29yxh8b6hvn9o","previousOperationId":"lt7jq80oq9n90rg"}
{"type":"log","timestamp":1704995549061,"level":"debug","message":"Converting with chrome HeadlessChrome/117.0.5938.149 using chrome-pool strategy","meta":{"rootId":"thkas03it1oqz30","id":"thkas03it1oqz30"},"id":"0qtbsw0r307f4b3","previousOperationId":"lt7jq80oq9n90rg"}
{"type":"log","timestamp":1704995549091,"level":"debug","message":"Page request: GET (document) file:///tmp/jsreport/autocleanup/dfab47fe-79f9-43e6-82be-887172b64caa-chrome-pdf.html","meta":{"rootId":"thkas03it1oqz30","id":"thkas03it1oqz30"},"id":"0sz1iscjs2thv92","previousOperationId":"lt7jq80oq9n90rg"}
{"type":"log","timestamp":1704995549098,"level":"debug","message":"Page request: GET (script) https://cdn.jsdelivr.net/npm/chart.js","meta":{"rootId":"thkas03it1oqz30","id":"thkas03it1oqz30"},"id":"ismnsg2yb7oyygi","previousOperationId":"lt7jq80oq9n90rg"}
{"type":"log","timestamp":1704995549098,"level":"debug","message":"Page request finished: GET (document) 200 file:///tmp/jsreport/autocleanup/dfab47fe-79f9-43e6-82be-887172b64caa-chrome-pdf.html","meta":{"rootId":"thkas03it1oqz30","id":"thkas03it1oqz30"},"id":"vbi3jifgydstlww","previousOperationId":"lt7jq80oq9n90rg"}
{"type":"log","timestamp":1704995549101,"level":"debug","message":"Page request finished: GET (script) 200 https://cdn.jsdelivr.net/npm/chart.js","meta":{"rootId":"thkas03it1oqz30","id":"thkas03it1oqz30"},"id":"emxlvm3pljdf1c7","previousOperationId":"lt7jq80oq9n90rg"}
{"type":"log","timestamp":1704995549104,"level":"warn","message":"Page error: Unexpected identifier 'Object' , stack: SyntaxError: Unexpected identifier 'Object'","meta":{"rootId":"thkas03it1oqz30","id":"thkas03it1oqz30"},"id":"oilxvo43nghresp","previousOperationId":"lt7jq80oq9n90rg"}
{"type":"log","timestamp":1704995549109,"level":"debug","message":"Running chrome with params {\"printBackground\":true,\"timeout\":57616,\"margin\":{}}","meta":{"rootId":"thkas03it1oqz30","id":"thkas03it1oqz30"},"id":"rkjluabp0ncwg5k","previousOperationId":"lt7jq80oq9n90rg"}
{"type":"operationEnd","operationId":"lt7jq80oq9n90rg","timestamp":1704995549119,"id":"4dno8ow90ypc9l7","previousEventId":"vw9fp6tv4xxk0wd","previousOperationId":"lt7jq80oq9n90rg"}
{"type":"log","timestamp":1704995549119,"level":"debug","message":"Skipping storing report.","meta":{"rootId":"thkas03it1oqz30","id":"thkas03it1oqz30"},"id":"a63hqxysf6nl97q","previousOperationId":"lt7jq80oq9n90rg"}
{"type":"log","timestamp":1704995549119,"level":"info","message":"Rendering request 17 finished in 2443 ms","meta":{"rootId":"thkas03it1oqz30","id":"thkas03it1oqz30"},"id":"tx70r4m69umt6aj","previousOperationId":"lt7jq80oq9n90rg"}
{"type":"operationEnd","subtype":"render","operationId":"ljeq5pm9tjgygr9","timestamp":1704995549119,"id":"trbmjyyrxjuoh74","previousEventId":"4dno8ow90ypc9l7","previousOperationId":"lt7jq80oq9n90rg"}
{"type":"operationEnd","doDiffs":false,"previousEventId":"inqwevji82hskin","previousOperationId":"td3sonjcuy4y4yg","operationId":"td3sonjcuy4y4yg","timestamp":1704995549124,"id":"r3c0gwp5lrwwqe3"}
