{"type":"operationStart","subtype":"profile","data":{"_id":"LvtnmNJ6z6uLFm09","timestamp":"2024-01-11T16:28:04.507Z","state":"queued","mode":"standard","creationDate":"2024-01-11T16:28:04.507Z","modificationDate":"2024-01-11T16:28:04.507Z","shortid":"QiXIB5c","$entitySet":"profiles"},"doDiffs":false,"timestamp":1704990484507,"id":"rlwoypja16sbkxr","previousOperationId":null,"operationId":"70g47tkkdnuoitp"}
{"type":"log","level":"info","message":"Render request 39 queued for execution and waiting for available worker","previousOperationId":"70g47tkkdnuoitp","timestamp":1704990484507,"id":"gtctzryta0izabm"}
{"type":"operationStart","subtype":"render","name":"User_project","previousOperationId":"70g47tkkdnuoitp","timestamp":1704990484511,"id":"upvbn1kunvze70n","previousEventId":"rlwoypja16sbkxr","operationId":"gb4c07fjwi5rea6"}
{"type":"log","timestamp":1704990484511,"level":"info","message":"Starting rendering request 39","meta":{"rootId":"tk1a8mrfyhz7wv9","id":"tk1a8mrfyhz7wv9"},"id":"68tmjzaalsn9z42","previousOperationId":"gb4c07fjwi5rea6"}
{"type":"log","timestamp":1704990484511,"level":"info","message":"Rendering template { name: User_project, recipe: chrome-pdf, engine: handlebars, preview: true }","meta":{"rootId":"tk1a8mrfyhz7wv9","id":"tk1a8mrfyhz7wv9"},"id":"cpr9d8nwxadwq5s","previousOperationId":"gb4c07fjwi5rea6"}
{"type":"log","timestamp":1704990484511,"level":"debug","message":"Data item not defined for this template.","meta":{"rootId":"tk1a8mrfyhz7wv9","id":"tk1a8mrfyhz7wv9"},"id":"p1wap2vzu5t410d","previousOperationId":"gb4c07fjwi5rea6"}
{"type":"log","timestamp":1704990484512,"level":"debug","message":"Executing script usabi-data (beforeRender)","meta":{"rootId":"tk1a8mrfyhz7wv9","id":"tk1a8mrfyhz7wv9"},"id":"2jdxq0hehkcy6ni","previousOperationId":"gb4c07fjwi5rea6"}
{"type":"operationStart","subtype":"scriptsBeforeRender","name":"scripts beforeRender","timestamp":1704990484515,"id":"mu9yrjssg3fb4se","previousEventId":"upvbn1kunvze70n","operationId":"w3kzcfayhlhuss1","previousOperationId":"gb4c07fjwi5rea6"}
{"type":"operationStart","subtype":"script","name":"scripts usabi-data","previousOperationId":"w3kzcfayhlhuss1","timestamp":1704990484515,"id":"od5ujs51n7jnrc2","previousEventId":"mu9yrjssg3fb4se","operationId":"oy9oodu0ooe961c"}
{"type":"operationEnd","operationId":"oy9oodu0ooe961c","timestamp":1704990484524,"id":"qvzh0g9sqfmjafh","previousEventId":"upvbn1kunvze70n","previousOperationId":"gb4c07fjwi5rea6"}
{"type":"operationEnd","operationId":"w3kzcfayhlhuss1","timestamp":1704990484524,"id":"sl16yacuhgv9pbl","previousEventId":"qvzh0g9sqfmjafh","previousOperationId":"gb4c07fjwi5rea6"}
{"type":"log","timestamp":1704990484524,"level":"debug","message":"Base url not specified, skipping its injection.","meta":{"rootId":"tk1a8mrfyhz7wv9","id":"tk1a8mrfyhz7wv9"},"id":"up716fvkq4ymsgb","previousOperationId":"w3kzcfayhlhuss1"}
{"type":"operationStart","subtype":"engine","name":"handlebars","timestamp":1704990484524,"id":"qq584y8kbgf7ljh","previousEventId":"sl16yacuhgv9pbl","operationId":"am2gsfqqcbeqxbz","previousOperationId":"w3kzcfayhlhuss1"}
{"type":"log","timestamp":1704990484524,"level":"debug","message":"Rendering engine handlebars","meta":{"rootId":"tk1a8mrfyhz7wv9","id":"tk1a8mrfyhz7wv9"},"id":"1leqcuod1364kyp","previousOperationId":"am2gsfqqcbeqxbz"}
{"type":"operationEnd","operationId":"am2gsfqqcbeqxbz","timestamp":1704990484534,"id":"z7ovpr8b2slss6r","previousEventId":"qq584y8kbgf7ljh","previousOperationId":"am2gsfqqcbeqxbz"}
{"type":"operationStart","subtype":"recipe","name":"chrome-pdf","timestamp":1704990484534,"id":"v8kpg15rxjnh6v8","previousEventId":"z7ovpr8b2slss6r","operationId":"jtsvscnjalojgfd","previousOperationId":"am2gsfqqcbeqxbz"}
{"type":"log","timestamp":1704990484534,"level":"debug","message":"Executing recipe chrome-pdf","meta":{"rootId":"tk1a8mrfyhz7wv9","id":"tk1a8mrfyhz7wv9"},"id":"uwp99j7s6eimklw","previousOperationId":"jtsvscnjalojgfd"}
{"type":"log","timestamp":1704990484535,"level":"debug","message":"Converting with chrome HeadlessChrome/117.0.5938.149 using chrome-pool strategy","meta":{"rootId":"tk1a8mrfyhz7wv9","id":"tk1a8mrfyhz7wv9"},"id":"97xdwl7c4jfppud","previousOperationId":"jtsvscnjalojgfd"}
{"type":"log","timestamp":1704990484563,"level":"debug","message":"Page request: GET (document) file:///tmp/jsreport/autocleanup/4c4a8a28-4231-41fd-b6a5-693f8e0287c7-chrome-pdf.html","meta":{"rootId":"tk1a8mrfyhz7wv9","id":"tk1a8mrfyhz7wv9"},"id":"5oezyy25ljaipn6","previousOperationId":"jtsvscnjalojgfd"}
{"type":"log","timestamp":1704990484572,"level":"debug","message":"Page request: GET (script) https://cdn.jsdelivr.net/npm/chart.js","meta":{"rootId":"tk1a8mrfyhz7wv9","id":"tk1a8mrfyhz7wv9"},"id":"zo233a8nogyy10v","previousOperationId":"jtsvscnjalojgfd"}
{"type":"log","timestamp":1704990484572,"level":"debug","message":"Page request finished: GET (document) 200 file:///tmp/jsreport/autocleanup/4c4a8a28-4231-41fd-b6a5-693f8e0287c7-chrome-pdf.html","meta":{"rootId":"tk1a8mrfyhz7wv9","id":"tk1a8mrfyhz7wv9"},"id":"e2ulagf956a6hco","previousOperationId":"jtsvscnjalojgfd"}
{"type":"log","timestamp":1704990484577,"level":"debug","message":"Page request finished: GET (script) 200 https://cdn.jsdelivr.net/npm/chart.js","meta":{"rootId":"tk1a8mrfyhz7wv9","id":"tk1a8mrfyhz7wv9"},"id":"c5qt4eyibhaecri","previousOperationId":"jtsvscnjalojgfd"}
{"type":"log","timestamp":1704990484632,"level":"debug","message":"Running chrome with params {\"printBackground\":true,\"timeout\":59972,\"margin\":{}}","meta":{"rootId":"tk1a8mrfyhz7wv9","id":"tk1a8mrfyhz7wv9"},"id":"j2e7dzi9hes7qbs","previousOperationId":"jtsvscnjalojgfd"}
{"type":"operationEnd","operationId":"jtsvscnjalojgfd","timestamp":1704990484653,"id":"8evef9h3v49vvvv","previousEventId":"v8kpg15rxjnh6v8","previousOperationId":"jtsvscnjalojgfd"}
{"type":"log","timestamp":1704990484653,"level":"debug","message":"Skipping storing report.","meta":{"rootId":"tk1a8mrfyhz7wv9","id":"tk1a8mrfyhz7wv9"},"id":"5n9vde5v44e25r1","previousOperationId":"jtsvscnjalojgfd"}
{"type":"log","timestamp":1704990484653,"level":"info","message":"Rendering request 39 finished in 146 ms","meta":{"rootId":"tk1a8mrfyhz7wv9","id":"tk1a8mrfyhz7wv9"},"id":"t0q8vii0jj7h0nh","previousOperationId":"jtsvscnjalojgfd"}
{"type":"operationEnd","subtype":"render","operationId":"gb4c07fjwi5rea6","timestamp":1704990484653,"id":"f0kaz1mo2ys640h","previousEventId":"8evef9h3v49vvvv","previousOperationId":"jtsvscnjalojgfd"}
{"type":"operationEnd","doDiffs":false,"previousEventId":"rlwoypja16sbkxr","previousOperationId":"70g47tkkdnuoitp","operationId":"70g47tkkdnuoitp","timestamp":1704990484656,"id":"ujrrdmek2zvr65r"}
