{"type":"operationStart","subtype":"profile","data":{"_id":"k6SYKfZA9dHxkCIS","timestamp":"2024-01-10T20:31:47.807Z","state":"queued","mode":"standard","creationDate":"2024-01-10T20:31:47.808Z","modificationDate":"2024-01-10T20:31:47.808Z","shortid":"VElYLpT","$entitySet":"profiles"},"doDiffs":false,"timestamp":1704918707808,"id":"8epvk0rka70gku8","previousOperationId":null,"operationId":"bm04x9k9wdjbtoy"}
{"type":"log","level":"info","message":"Render request 20 queued for execution and waiting for available worker","previousOperationId":"bm04x9k9wdjbtoy","timestamp":1704918707808,"id":"247edda7ipou1vf"}
{"type":"operationStart","subtype":"render","name":"User_project","previousOperationId":"bm04x9k9wdjbtoy","timestamp":1704918707812,"id":"ultadv9wo7ymxcx","previousEventId":"8epvk0rka70gku8","operationId":"pub3h3k37xah60b"}
{"type":"log","timestamp":1704918707812,"level":"info","message":"Starting rendering request 20","meta":{"rootId":"touh85erdz2jr21","id":"touh85erdz2jr21"},"id":"s2ky3w3rgnwy5v1","previousOperationId":"pub3h3k37xah60b"}
{"type":"log","timestamp":1704918707812,"level":"info","message":"Rendering template { name: User_project, recipe: chrome-pdf, engine: handlebars, preview: true }","meta":{"rootId":"touh85erdz2jr21","id":"touh85erdz2jr21"},"id":"cjpxzkrcunh6wo0","previousOperationId":"pub3h3k37xah60b"}
{"type":"log","timestamp":1704918707812,"level":"debug","message":"Data item not defined for this template.","meta":{"rootId":"touh85erdz2jr21","id":"touh85erdz2jr21"},"id":"6znjtwmp1tw15x5","previousOperationId":"pub3h3k37xah60b"}
{"type":"log","timestamp":1704918707814,"level":"debug","message":"Executing script usabi-data (beforeRender)","meta":{"rootId":"touh85erdz2jr21","id":"touh85erdz2jr21"},"id":"q9ka7fq6pthzx1c","previousOperationId":"pub3h3k37xah60b"}
{"type":"operationStart","subtype":"scriptsBeforeRender","name":"scripts beforeRender","timestamp":1704918707818,"id":"su8a42el75pfqr4","previousEventId":"ultadv9wo7ymxcx","operationId":"w5g3ge0ehjt73lt","previousOperationId":"pub3h3k37xah60b"}
{"type":"operationStart","subtype":"script","name":"scripts usabi-data","previousOperationId":"w5g3ge0ehjt73lt","timestamp":1704918707818,"id":"z0d3oxi279b9y3g","previousEventId":"su8a42el75pfqr4","operationId":"jx5fking3zm33we"}
{"type":"operationEnd","operationId":"jx5fking3zm33we","timestamp":1704918707832,"id":"8axaoiq8oru02r3","previousEventId":"ultadv9wo7ymxcx","previousOperationId":"pub3h3k37xah60b"}
{"type":"operationEnd","operationId":"w5g3ge0ehjt73lt","timestamp":1704918707832,"id":"ssoox4rso4bu8wj","previousEventId":"8axaoiq8oru02r3","previousOperationId":"pub3h3k37xah60b"}
{"type":"log","timestamp":1704918707832,"level":"debug","message":"Base url not specified, skipping its injection.","meta":{"rootId":"touh85erdz2jr21","id":"touh85erdz2jr21"},"id":"5ypzpdij2kpm8ex","previousOperationId":"w5g3ge0ehjt73lt"}
{"type":"operationStart","subtype":"engine","name":"handlebars","timestamp":1704918707832,"id":"weyuz35j4twog0y","previousEventId":"ssoox4rso4bu8wj","operationId":"n83fwcwl9r4k1b1","previousOperationId":"w5g3ge0ehjt73lt"}
{"type":"log","timestamp":1704918707832,"level":"debug","message":"Rendering engine handlebars","meta":{"rootId":"touh85erdz2jr21","id":"touh85erdz2jr21"},"id":"h490ldob2q8yk87","previousOperationId":"n83fwcwl9r4k1b1"}
{"type":"operationEnd","operationId":"n83fwcwl9r4k1b1","timestamp":1704918707838,"id":"1mj41ge74qx0c1w","previousEventId":"weyuz35j4twog0y","previousOperationId":"n83fwcwl9r4k1b1"}
{"type":"operationStart","subtype":"recipe","name":"chrome-pdf","timestamp":1704918707838,"id":"8u0h9otvuvt9f1k","previousEventId":"1mj41ge74qx0c1w","operationId":"f8ju5oz6hdewvtj","previousOperationId":"n83fwcwl9r4k1b1"}
{"type":"log","timestamp":1704918707838,"level":"debug","message":"Executing recipe chrome-pdf","meta":{"rootId":"touh85erdz2jr21","id":"touh85erdz2jr21"},"id":"ltt6a9uq12nfj0o","previousOperationId":"f8ju5oz6hdewvtj"}
{"type":"log","timestamp":1704918707840,"level":"debug","message":"Converting with chrome HeadlessChrome/117.0.5938.149 using chrome-pool strategy","meta":{"rootId":"touh85erdz2jr21","id":"touh85erdz2jr21"},"id":"1fu7280zamxsuql","previousOperationId":"f8ju5oz6hdewvtj"}
{"type":"log","timestamp":1704918707879,"level":"debug","message":"Page request: GET (document) file:///tmp/jsreport/autocleanup/28d7eb20-e9d4-4d3e-a9b3-43fff04c14b6-chrome-pdf.html","meta":{"rootId":"touh85erdz2jr21","id":"touh85erdz2jr21"},"id":"3ixzc6p9kouqi27","previousOperationId":"f8ju5oz6hdewvtj"}
{"type":"log","timestamp":1704918707886,"level":"debug","message":"Page request finished: GET (document) 200 file:///tmp/jsreport/autocleanup/28d7eb20-e9d4-4d3e-a9b3-43fff04c14b6-chrome-pdf.html","meta":{"rootId":"touh85erdz2jr21","id":"touh85erdz2jr21"},"id":"8kv7kkg08n2xr8n","previousOperationId":"f8ju5oz6hdewvtj"}
{"type":"log","timestamp":1704918707889,"level":"debug","message":"Running chrome with params {\"printBackground\":true,\"timeout\":59968,\"margin\":{}}","meta":{"rootId":"touh85erdz2jr21","id":"touh85erdz2jr21"},"id":"qq5mk64yol69l4c","previousOperationId":"f8ju5oz6hdewvtj"}
{"type":"operationEnd","operationId":"f8ju5oz6hdewvtj","timestamp":1704918707898,"id":"2sitemeo8zv9j0q","previousEventId":"8u0h9otvuvt9f1k","previousOperationId":"f8ju5oz6hdewvtj"}
{"type":"log","timestamp":1704918707898,"level":"debug","message":"Skipping storing report.","meta":{"rootId":"touh85erdz2jr21","id":"touh85erdz2jr21"},"id":"4orlefa4pljnjxj","previousOperationId":"f8ju5oz6hdewvtj"}
{"type":"log","timestamp":1704918707898,"level":"info","message":"Rendering request 20 finished in 91 ms","meta":{"rootId":"touh85erdz2jr21","id":"touh85erdz2jr21"},"id":"ji9fc2pz9zrzyo9","previousOperationId":"f8ju5oz6hdewvtj"}
{"type":"operationEnd","subtype":"render","operationId":"pub3h3k37xah60b","timestamp":1704918707898,"id":"a9laiskyoq0cu9s","previousEventId":"2sitemeo8zv9j0q","previousOperationId":"f8ju5oz6hdewvtj"}
{"type":"operationEnd","doDiffs":false,"previousEventId":"8epvk0rka70gku8","previousOperationId":"bm04x9k9wdjbtoy","operationId":"bm04x9k9wdjbtoy","timestamp":1704918707902,"id":"yprbipfq6khe43m"}
