{"type":"operationStart","subtype":"profile","data":{"_id":"Lbt77q4bL3b5k1Gd","timestamp":"2024-01-11T17:30:53.706Z","state":"queued","mode":"standard","creationDate":"2024-01-11T17:30:53.707Z","modificationDate":"2024-01-11T17:30:53.707Z","shortid":"3iYeUwy","$entitySet":"profiles"},"doDiffs":false,"timestamp":1704994253707,"id":"4zyzi6qwrw6ipzl","previousOperationId":null,"operationId":"ikc8akth7xsypzg"}
{"type":"log","level":"info","message":"Render request 148 queued for execution and waiting for available worker","previousOperationId":"ikc8akth7xsypzg","timestamp":1704994253707,"id":"u6i7sska6d43xxm"}
{"type":"operationStart","subtype":"render","name":"User_project","previousOperationId":"ikc8akth7xsypzg","timestamp":1704994253712,"id":"68ztxy7kjicv081","previousEventId":"4zyzi6qwrw6ipzl","operationId":"chof2465jbuwewj"}
{"type":"log","timestamp":1704994253712,"level":"info","message":"Starting rendering request 148","meta":{"rootId":"tqdkyg5m6w7lswf","id":"tqdkyg5m6w7lswf"},"id":"89pszpo8hh083fq","previousOperationId":"chof2465jbuwewj"}
{"type":"log","timestamp":1704994253712,"level":"info","message":"Rendering template { name: User_project, recipe: chrome-pdf, engine: handlebars, preview: true }","meta":{"rootId":"tqdkyg5m6w7lswf","id":"tqdkyg5m6w7lswf"},"id":"j5zco0czx5cenpn","previousOperationId":"chof2465jbuwewj"}
{"type":"log","timestamp":1704994253712,"level":"debug","message":"Data item not defined for this template.","meta":{"rootId":"tqdkyg5m6w7lswf","id":"tqdkyg5m6w7lswf"},"id":"c5bhgee6p1v6nog","previousOperationId":"chof2465jbuwewj"}
{"type":"log","timestamp":1704994253714,"level":"debug","message":"Executing script usabi-data (beforeRender)","meta":{"rootId":"tqdkyg5m6w7lswf","id":"tqdkyg5m6w7lswf"},"id":"2sqfj8lr89gom01","previousOperationId":"chof2465jbuwewj"}
{"type":"operationStart","subtype":"scriptsBeforeRender","name":"scripts beforeRender","timestamp":1704994253720,"id":"tdjscepiakpuz52","previousEventId":"68ztxy7kjicv081","operationId":"7plz7402ls82ht2","previousOperationId":"chof2465jbuwewj"}
{"type":"operationStart","subtype":"script","name":"scripts usabi-data","previousOperationId":"7plz7402ls82ht2","timestamp":1704994253720,"id":"cgds0s1yl819wx8","previousEventId":"tdjscepiakpuz52","operationId":"7jcqgl94c4k90ou"}
{"type":"operationEnd","operationId":"7jcqgl94c4k90ou","timestamp":1704994253735,"id":"i3b4ceufon2qeb6","previousEventId":"68ztxy7kjicv081","previousOperationId":"chof2465jbuwewj"}
{"type":"log","timestamp":1704994253735,"level":"debug","message":"Executing script orders-script (beforeRender)","meta":{"rootId":"tqdkyg5m6w7lswf","id":"tqdkyg5m6w7lswf"},"id":"ncfqjipki8y3cr0","previousOperationId":"chof2465jbuwewj"}
{"type":"operationStart","subtype":"script","name":"scripts orders-script","previousOperationId":"7plz7402ls82ht2","timestamp":1704994253739,"id":"t84rk4qkylp5eza","previousEventId":"i3b4ceufon2qeb6","operationId":"ccx456he75vv9i6"}
{"type":"operationEnd","operationId":"ccx456he75vv9i6","timestamp":1704994255018,"id":"5twj0rvns6bqb6b","previousEventId":"i3b4ceufon2qeb6","previousOperationId":"chof2465jbuwewj"}
{"type":"operationEnd","operationId":"7plz7402ls82ht2","timestamp":1704994255018,"id":"se8niqihb8i0znu","previousEventId":"5twj0rvns6bqb6b","previousOperationId":"chof2465jbuwewj"}
{"type":"log","timestamp":1704994255018,"level":"debug","message":"Base url not specified, skipping its injection.","meta":{"rootId":"tqdkyg5m6w7lswf","id":"tqdkyg5m6w7lswf"},"id":"41f7gzs04o50wx3","previousOperationId":"7plz7402ls82ht2"}
{"type":"operationStart","subtype":"engine","name":"handlebars","timestamp":1704994255018,"id":"xky5jwbcv9308fd","previousEventId":"se8niqihb8i0znu","operationId":"8ft3gdoqey64tsh","previousOperationId":"7plz7402ls82ht2"}
{"type":"log","timestamp":1704994255018,"level":"debug","message":"Rendering engine handlebars","meta":{"rootId":"tqdkyg5m6w7lswf","id":"tqdkyg5m6w7lswf"},"id":"03icu9e7td9ar74","previousOperationId":"8ft3gdoqey64tsh"}
{"type":"operationEnd","operationId":"8ft3gdoqey64tsh","timestamp":1704994255038,"id":"jdxog6d8w3s82tn","previousEventId":"xky5jwbcv9308fd","previousOperationId":"8ft3gdoqey64tsh"}
{"type":"operationStart","subtype":"recipe","name":"chrome-pdf","timestamp":1704994255039,"id":"78ml0l7rwci4tvp","previousEventId":"jdxog6d8w3s82tn","operationId":"z2dlo6wr8e7oz4g","previousOperationId":"8ft3gdoqey64tsh"}
{"type":"log","timestamp":1704994255039,"level":"debug","message":"Executing recipe chrome-pdf","meta":{"rootId":"tqdkyg5m6w7lswf","id":"tqdkyg5m6w7lswf"},"id":"gy92but4b09e2l9","previousOperationId":"z2dlo6wr8e7oz4g"}
{"type":"log","timestamp":1704994255040,"level":"debug","message":"Converting with chrome HeadlessChrome/117.0.5938.149 using chrome-pool strategy","meta":{"rootId":"tqdkyg5m6w7lswf","id":"tqdkyg5m6w7lswf"},"id":"mvqmhxg4kxxtvpf","previousOperationId":"z2dlo6wr8e7oz4g"}
{"type":"log","timestamp":1704994255071,"level":"debug","message":"Page request: GET (document) file:///tmp/jsreport/autocleanup/c146de03-f6de-4fd9-8191-a9106beacbb7-chrome-pdf.html","meta":{"rootId":"tqdkyg5m6w7lswf","id":"tqdkyg5m6w7lswf"},"id":"bkkf7u6lkcpg2xr","previousOperationId":"z2dlo6wr8e7oz4g"}
{"type":"log","timestamp":1704994255077,"level":"debug","message":"Page request: GET (script) https://cdn.jsdelivr.net/npm/chart.js","meta":{"rootId":"tqdkyg5m6w7lswf","id":"tqdkyg5m6w7lswf"},"id":"njar7kvvgv84q1e","previousOperationId":"z2dlo6wr8e7oz4g"}
{"type":"log","timestamp":1704994255077,"level":"debug","message":"Page request finished: GET (document) 200 file:///tmp/jsreport/autocleanup/c146de03-f6de-4fd9-8191-a9106beacbb7-chrome-pdf.html","meta":{"rootId":"tqdkyg5m6w7lswf","id":"tqdkyg5m6w7lswf"},"id":"w66fcpb1dmsgs2w","previousOperationId":"z2dlo6wr8e7oz4g"}
{"type":"log","timestamp":1704994255080,"level":"debug","message":"Page request finished: GET (script) 200 https://cdn.jsdelivr.net/npm/chart.js","meta":{"rootId":"tqdkyg5m6w7lswf","id":"tqdkyg5m6w7lswf"},"id":"lbjc0scw6tkajhe","previousOperationId":"z2dlo6wr8e7oz4g"}
{"type":"log","timestamp":1704994255082,"level":"warn","message":"Page error: Unexpected identifier 'Object' , stack: SyntaxError: Unexpected identifier 'Object'","meta":{"rootId":"tqdkyg5m6w7lswf","id":"tqdkyg5m6w7lswf"},"id":"kw47xkrp0gqs1qs","previousOperationId":"z2dlo6wr8e7oz4g"}
{"type":"log","timestamp":1704994255085,"level":"debug","message":"Running chrome with params {\"printBackground\":true,\"timeout\":58667,\"margin\":{}}","meta":{"rootId":"tqdkyg5m6w7lswf","id":"tqdkyg5m6w7lswf"},"id":"8w1bqp0bka11zg8","previousOperationId":"z2dlo6wr8e7oz4g"}
{"type":"operationEnd","operationId":"z2dlo6wr8e7oz4g","timestamp":1704994255093,"id":"q63csinxzmzg1i1","previousEventId":"78ml0l7rwci4tvp","previousOperationId":"z2dlo6wr8e7oz4g"}
{"type":"log","timestamp":1704994255093,"level":"debug","message":"Skipping storing report.","meta":{"rootId":"tqdkyg5m6w7lswf","id":"tqdkyg5m6w7lswf"},"id":"uk0krjt7qxwoddc","previousOperationId":"z2dlo6wr8e7oz4g"}
{"type":"log","timestamp":1704994255093,"level":"info","message":"Rendering request 148 finished in 1387 ms","meta":{"rootId":"tqdkyg5m6w7lswf","id":"tqdkyg5m6w7lswf"},"id":"atm9zzrze097p3o","previousOperationId":"z2dlo6wr8e7oz4g"}
{"type":"operationEnd","subtype":"render","operationId":"chof2465jbuwewj","timestamp":1704994255093,"id":"72f5x92ufs6w2js","previousEventId":"q63csinxzmzg1i1","previousOperationId":"z2dlo6wr8e7oz4g"}
{"type":"operationEnd","doDiffs":false,"previousEventId":"4zyzi6qwrw6ipzl","previousOperationId":"ikc8akth7xsypzg","operationId":"ikc8akth7xsypzg","timestamp":1704994255096,"id":"y8rarf1dxy1muzx"}
