{"type":"operationStart","subtype":"profile","data":{"_id":"rE6mUcMmD4Td8M9w","timestamp":"2024-01-11T17:00:25.396Z","state":"queued","mode":"standard","creationDate":"2024-01-11T17:00:25.396Z","modificationDate":"2024-01-11T17:00:25.396Z","shortid":"au_G8SI","$entitySet":"profiles"},"doDiffs":false,"timestamp":1704992425396,"id":"zwhom7d9boketrd","previousOperationId":null,"operationId":"cocyq37zzom1f65"}
{"type":"log","level":"info","message":"Render request 104 queued for execution and waiting for available worker","previousOperationId":"cocyq37zzom1f65","timestamp":1704992425396,"id":"1x51tdgm0uqxfm4"}
{"type":"operationStart","subtype":"render","name":"User_project","previousOperationId":"cocyq37zzom1f65","timestamp":1704992425401,"id":"r15lykl0t96eelh","previousEventId":"zwhom7d9boketrd","operationId":"09w6vjq84a845ez"}
{"type":"log","timestamp":1704992425401,"level":"info","message":"Starting rendering request 104","meta":{"rootId":"ty2suv7tsj7abms","id":"ty2suv7tsj7abms"},"id":"mx9cqhjx231o90a","previousOperationId":"09w6vjq84a845ez"}
{"type":"log","timestamp":1704992425401,"level":"info","message":"Rendering template { name: User_project, recipe: chrome-pdf, engine: handlebars, preview: true }","meta":{"rootId":"ty2suv7tsj7abms","id":"ty2suv7tsj7abms"},"id":"kucub4sws0knaf2","previousOperationId":"09w6vjq84a845ez"}
{"type":"log","timestamp":1704992425402,"level":"debug","message":"Data item not defined for this template.","meta":{"rootId":"ty2suv7tsj7abms","id":"ty2suv7tsj7abms"},"id":"kugx4cvxf89lghu","previousOperationId":"09w6vjq84a845ez"}
{"type":"log","timestamp":1704992425403,"level":"debug","message":"Executing script usabi-data (beforeRender)","meta":{"rootId":"ty2suv7tsj7abms","id":"ty2suv7tsj7abms"},"id":"ywtoxww4aw6ursb","previousOperationId":"09w6vjq84a845ez"}
{"type":"operationStart","subtype":"scriptsBeforeRender","name":"scripts beforeRender","timestamp":1704992425408,"id":"pywnunbyxpxs8eo","previousEventId":"r15lykl0t96eelh","operationId":"qnnshfwvkb87qsw","previousOperationId":"09w6vjq84a845ez"}
{"type":"operationStart","subtype":"script","name":"scripts usabi-data","previousOperationId":"qnnshfwvkb87qsw","timestamp":1704992425408,"id":"1zthnigz2fmw7hy","previousEventId":"pywnunbyxpxs8eo","operationId":"l9pdk9yht3z6e2a"}
{"type":"operationEnd","operationId":"l9pdk9yht3z6e2a","timestamp":1704992425421,"id":"2bz6q3s23i5u2eq","previousEventId":"r15lykl0t96eelh","previousOperationId":"09w6vjq84a845ez"}
{"type":"log","timestamp":1704992425421,"level":"debug","message":"Executing script orders-script (beforeRender)","meta":{"rootId":"ty2suv7tsj7abms","id":"ty2suv7tsj7abms"},"id":"oeiezmia3591mbk","previousOperationId":"09w6vjq84a845ez"}
{"type":"operationStart","subtype":"script","name":"scripts orders-script","previousOperationId":"qnnshfwvkb87qsw","timestamp":1704992425424,"id":"5b42cb36s090j6d","previousEventId":"2bz6q3s23i5u2eq","operationId":"rfe0pme5c3r66ea"}
{"type":"operationEnd","operationId":"rfe0pme5c3r66ea","timestamp":1704992428136,"id":"g0ic129v1gucwri","previousEventId":"2bz6q3s23i5u2eq","previousOperationId":"09w6vjq84a845ez"}
{"type":"operationEnd","operationId":"qnnshfwvkb87qsw","timestamp":1704992428136,"id":"qe5xqkwmxhyjngx","previousEventId":"g0ic129v1gucwri","previousOperationId":"09w6vjq84a845ez"}
{"type":"log","timestamp":1704992428136,"level":"debug","message":"Base url not specified, skipping its injection.","meta":{"rootId":"ty2suv7tsj7abms","id":"ty2suv7tsj7abms"},"id":"017la41m9hodzsu","previousOperationId":"qnnshfwvkb87qsw"}
{"type":"operationStart","subtype":"engine","name":"handlebars","timestamp":1704992428136,"id":"l5lw37qy1of2fkj","previousEventId":"qe5xqkwmxhyjngx","operationId":"ccmwq4u3m8nljf8","previousOperationId":"qnnshfwvkb87qsw"}
{"type":"log","timestamp":1704992428136,"level":"debug","message":"Rendering engine handlebars","meta":{"rootId":"ty2suv7tsj7abms","id":"ty2suv7tsj7abms"},"id":"kgx7ptsp57ob96k","previousOperationId":"ccmwq4u3m8nljf8"}
{"type":"operationEnd","operationId":"ccmwq4u3m8nljf8","timestamp":1704992428156,"id":"ieocre3de5v57v4","previousEventId":"l5lw37qy1of2fkj","previousOperationId":"ccmwq4u3m8nljf8"}
{"type":"operationStart","subtype":"recipe","name":"chrome-pdf","timestamp":1704992428156,"id":"tss46e0oc4pofil","previousEventId":"ieocre3de5v57v4","operationId":"ubngh14vomvbc9d","previousOperationId":"ccmwq4u3m8nljf8"}
{"type":"log","timestamp":1704992428156,"level":"debug","message":"Executing recipe chrome-pdf","meta":{"rootId":"ty2suv7tsj7abms","id":"ty2suv7tsj7abms"},"id":"lufn66g9oh4td7n","previousOperationId":"ubngh14vomvbc9d"}
{"type":"log","timestamp":1704992428191,"level":"debug","message":"Converting with chrome HeadlessChrome/117.0.5938.149 using chrome-pool strategy","meta":{"rootId":"ty2suv7tsj7abms","id":"ty2suv7tsj7abms"},"id":"8o985gj1nspeq4y","previousOperationId":"ubngh14vomvbc9d"}
{"type":"log","timestamp":1704992428238,"level":"debug","message":"Page request: GET (document) file:///tmp/jsreport/autocleanup/06b3db04-9256-4949-9440-d6ef33c3857a-chrome-pdf.html","meta":{"rootId":"ty2suv7tsj7abms","id":"ty2suv7tsj7abms"},"id":"fwq9j6tqy6s2owy","previousOperationId":"ubngh14vomvbc9d"}
{"type":"log","timestamp":1704992428244,"level":"debug","message":"Page request finished: GET (document) 200 file:///tmp/jsreport/autocleanup/06b3db04-9256-4949-9440-d6ef33c3857a-chrome-pdf.html","meta":{"rootId":"ty2suv7tsj7abms","id":"ty2suv7tsj7abms"},"id":"ra5msqjxoac6pwz","previousOperationId":"ubngh14vomvbc9d"}
{"type":"log","timestamp":1704992428245,"level":"warn","message":"Page error: Chart is not defined , stack: ReferenceError: Chart is not defined\n    at <anonymous> (file:///tmp/jsreport/autocleanup/06b3db04-9256-4949-9440-d6ef33c3857a-chrome-pdf.html:22:13)","meta":{"rootId":"ty2suv7tsj7abms","id":"ty2suv7tsj7abms"},"id":"n3f7g9vl0k1rzt0","previousOperationId":"ubngh14vomvbc9d"}
{"type":"log","timestamp":1704992428245,"level":"warn","message":"Page error: Chart is not defined , stack: ReferenceError: Chart is not defined\n    at <anonymous> (file:///tmp/jsreport/autocleanup/06b3db04-9256-4949-9440-d6ef33c3857a-chrome-pdf.html:63:13)","meta":{"rootId":"ty2suv7tsj7abms","id":"ty2suv7tsj7abms"},"id":"ynwn1xm6jdyddlj","previousOperationId":"ubngh14vomvbc9d"}
{"type":"log","timestamp":1704992428245,"level":"warn","message":"Page error: Chart is not defined , stack: ReferenceError: Chart is not defined\n    at <anonymous> (file:///tmp/jsreport/autocleanup/06b3db04-9256-4949-9440-d6ef33c3857a-chrome-pdf.html:103:13)","meta":{"rootId":"ty2suv7tsj7abms","id":"ty2suv7tsj7abms"},"id":"42qlv6k5evyj5xg","previousOperationId":"ubngh14vomvbc9d"}
{"type":"log","timestamp":1704992428246,"level":"warn","message":"Page error: Chart is not defined , stack: ReferenceError: Chart is not defined\n    at <anonymous> (file:///tmp/jsreport/autocleanup/06b3db04-9256-4949-9440-d6ef33c3857a-chrome-pdf.html:141:13)","meta":{"rootId":"ty2suv7tsj7abms","id":"ty2suv7tsj7abms"},"id":"an6lgi317nh5niq","previousOperationId":"ubngh14vomvbc9d"}
{"type":"log","timestamp":1704992428249,"level":"debug","message":"Running chrome with params {\"printBackground\":true,\"timeout\":57215,\"margin\":{}}","meta":{"rootId":"ty2suv7tsj7abms","id":"ty2suv7tsj7abms"},"id":"3ajmw9rj97ko722","previousOperationId":"ubngh14vomvbc9d"}
{"type":"operationEnd","operationId":"ubngh14vomvbc9d","timestamp":1704992428261,"id":"s0j6hd892akml43","previousEventId":"tss46e0oc4pofil","previousOperationId":"ubngh14vomvbc9d"}
{"type":"log","timestamp":1704992428261,"level":"debug","message":"Skipping storing report.","meta":{"rootId":"ty2suv7tsj7abms","id":"ty2suv7tsj7abms"},"id":"c1crp1g88qhe5n7","previousOperationId":"ubngh14vomvbc9d"}
{"type":"log","timestamp":1704992428261,"level":"info","message":"Rendering request 104 finished in 2865 ms","meta":{"rootId":"ty2suv7tsj7abms","id":"ty2suv7tsj7abms"},"id":"sdql5ty5lvbo2oy","previousOperationId":"ubngh14vomvbc9d"}
{"type":"operationEnd","subtype":"render","operationId":"09w6vjq84a845ez","timestamp":1704992428261,"id":"ibd333rqphsax5v","previousEventId":"s0j6hd892akml43","previousOperationId":"ubngh14vomvbc9d"}
{"type":"operationEnd","doDiffs":false,"previousEventId":"zwhom7d9boketrd","previousOperationId":"cocyq37zzom1f65","operationId":"cocyq37zzom1f65","timestamp":1704992428263,"id":"w78nu1154z7h226"}
