{"type":"operationStart","subtype":"profile","data":{"_id":"afXxHp1WoCcikuxD","timestamp":"2024-01-11T18:41:49.688Z","state":"queued","mode":"standard","creationDate":"2024-01-11T18:41:49.692Z","modificationDate":"2024-01-11T18:41:49.692Z","shortid":"lrYCegP","$entitySet":"profiles"},"doDiffs":false,"timestamp":1704998509690,"id":"888k7mfyiwbq8ei","previousOperationId":null,"operationId":"birqktx2orzonvz"}
{"type":"log","level":"info","message":"Render request 30 queued for execution and waiting for available worker","previousOperationId":"birqktx2orzonvz","timestamp":1704998509690,"id":"7bn0ta9uuztfejr"}
{"type":"operationStart","subtype":"render","name":"User_project","previousOperationId":"birqktx2orzonvz","timestamp":1704998509724,"id":"4h39jocz37blgjj","previousEventId":"888k7mfyiwbq8ei","operationId":"q14qdr88yqsr47s"}
{"type":"log","timestamp":1704998509725,"level":"info","message":"Starting rendering request 30","meta":{"rootId":"tyv8xb0vb0vy7da","id":"tyv8xb0vb0vy7da"},"id":"n99edj3jwkh83uv","previousOperationId":"q14qdr88yqsr47s"}
{"type":"log","timestamp":1704998509726,"level":"info","message":"Rendering template { name: User_project, recipe: chrome-pdf, engine: handlebars, preview: true }","meta":{"rootId":"tyv8xb0vb0vy7da","id":"tyv8xb0vb0vy7da"},"id":"humkonwjwlgyywl","previousOperationId":"q14qdr88yqsr47s"}
{"type":"log","timestamp":1704998509726,"level":"debug","message":"Data item not defined for this template.","meta":{"rootId":"tyv8xb0vb0vy7da","id":"tyv8xb0vb0vy7da"},"id":"6tzoxoh4zqx7qni","previousOperationId":"q14qdr88yqsr47s"}
{"type":"log","timestamp":1704998509729,"level":"debug","message":"Executing script usabi-data (beforeRender)","meta":{"rootId":"tyv8xb0vb0vy7da","id":"tyv8xb0vb0vy7da"},"id":"s6urliglk4s964m","previousOperationId":"q14qdr88yqsr47s"}
{"type":"operationStart","subtype":"scriptsBeforeRender","name":"scripts beforeRender","timestamp":1704998509737,"id":"onycdasuh29vbtn","previousEventId":"4h39jocz37blgjj","operationId":"uqs7j71jf1txmcg","previousOperationId":"q14qdr88yqsr47s"}
{"type":"operationStart","subtype":"script","name":"scripts usabi-data","previousOperationId":"uqs7j71jf1txmcg","timestamp":1704998509737,"id":"cbsv9i34h73y8wb","previousEventId":"onycdasuh29vbtn","operationId":"f6gu00do9prqypl"}
{"type":"operationEnd","operationId":"f6gu00do9prqypl","timestamp":1704998509780,"id":"8xo4as4mrxctow8","previousEventId":"4h39jocz37blgjj","previousOperationId":"q14qdr88yqsr47s"}
{"type":"log","timestamp":1704998509780,"level":"debug","message":"Executing script orders-script (beforeRender)","meta":{"rootId":"tyv8xb0vb0vy7da","id":"tyv8xb0vb0vy7da"},"id":"9xhbxtbqfr7z2c7","previousOperationId":"q14qdr88yqsr47s"}
{"type":"operationStart","subtype":"script","name":"scripts orders-script","previousOperationId":"uqs7j71jf1txmcg","timestamp":1704998509784,"id":"ynuc347p7p5ic1m","previousEventId":"8xo4as4mrxctow8","operationId":"5imy2ysa8qslsm1"}
{"type":"operationEnd","operationId":"5imy2ysa8qslsm1","timestamp":1704998511109,"id":"qt61dc7td64qdmj","previousEventId":"8xo4as4mrxctow8","previousOperationId":"q14qdr88yqsr47s"}
{"type":"operationEnd","operationId":"uqs7j71jf1txmcg","timestamp":1704998511109,"id":"aah0a8n9ciyb7pu","previousEventId":"qt61dc7td64qdmj","previousOperationId":"q14qdr88yqsr47s"}
{"type":"log","timestamp":1704998511109,"level":"debug","message":"Base url not specified, skipping its injection.","meta":{"rootId":"tyv8xb0vb0vy7da","id":"tyv8xb0vb0vy7da"},"id":"v8w8zvuhjxjd4l0","previousOperationId":"uqs7j71jf1txmcg"}
{"type":"operationStart","subtype":"engine","name":"handlebars","timestamp":1704998511109,"id":"7gddxmziz3w47rx","previousEventId":"aah0a8n9ciyb7pu","operationId":"ymcb9ke5wjyndd1","previousOperationId":"uqs7j71jf1txmcg"}
{"type":"log","timestamp":1704998511109,"level":"debug","message":"Rendering engine handlebars","meta":{"rootId":"tyv8xb0vb0vy7da","id":"tyv8xb0vb0vy7da"},"id":"egarbwo3et57gjs","previousOperationId":"ymcb9ke5wjyndd1"}
{"type":"operationEnd","operationId":"ymcb9ke5wjyndd1","timestamp":1704998511117,"id":"9l3mlkku33tootp","previousEventId":"7gddxmziz3w47rx","previousOperationId":"ymcb9ke5wjyndd1"}
{"type":"operationStart","subtype":"recipe","name":"chrome-pdf","timestamp":1704998511117,"id":"dormskjsre7j95v","previousEventId":"9l3mlkku33tootp","operationId":"ydh7k2lygz9hoqk","previousOperationId":"ymcb9ke5wjyndd1"}
{"type":"log","timestamp":1704998511117,"level":"debug","message":"Executing recipe chrome-pdf","meta":{"rootId":"tyv8xb0vb0vy7da","id":"tyv8xb0vb0vy7da"},"id":"1kww76fcdtzgl9n","previousOperationId":"ydh7k2lygz9hoqk"}
{"type":"log","timestamp":1704998511119,"level":"debug","message":"Converting with chrome HeadlessChrome/117.0.5938.149 using chrome-pool strategy","meta":{"rootId":"tyv8xb0vb0vy7da","id":"tyv8xb0vb0vy7da"},"id":"te3pirydphevnm7","previousOperationId":"ydh7k2lygz9hoqk"}
{"type":"log","timestamp":1704998511172,"level":"debug","message":"Page request: GET (document) file:///tmp/jsreport/autocleanup/78cfc0f4-4d6a-4313-b1af-3b40283c8078-chrome-pdf.html","meta":{"rootId":"tyv8xb0vb0vy7da","id":"tyv8xb0vb0vy7da"},"id":"w2t9ia9zsyeylbv","previousOperationId":"ydh7k2lygz9hoqk"}
{"type":"log","timestamp":1704998511179,"level":"debug","message":"Page request: GET (script) https://cdn.jsdelivr.net/npm/chart.js","meta":{"rootId":"tyv8xb0vb0vy7da","id":"tyv8xb0vb0vy7da"},"id":"yp12d2453iez0m9","previousOperationId":"ydh7k2lygz9hoqk"}
{"type":"log","timestamp":1704998511179,"level":"debug","message":"Page request finished: GET (document) 200 file:///tmp/jsreport/autocleanup/78cfc0f4-4d6a-4313-b1af-3b40283c8078-chrome-pdf.html","meta":{"rootId":"tyv8xb0vb0vy7da","id":"tyv8xb0vb0vy7da"},"id":"t3cu8tewkz8232j","previousOperationId":"ydh7k2lygz9hoqk"}
{"type":"log","timestamp":1704998511183,"level":"debug","message":"Page request finished: GET (script) 200 https://cdn.jsdelivr.net/npm/chart.js","meta":{"rootId":"tyv8xb0vb0vy7da","id":"tyv8xb0vb0vy7da"},"id":"uavkck6ivei9jw5","previousOperationId":"ydh7k2lygz9hoqk"}
{"type":"log","timestamp":1704998511221,"level":"debug","message":"Running chrome with params {\"printBackground\":true,\"timeout\":58570,\"margin\":{}}","meta":{"rootId":"tyv8xb0vb0vy7da","id":"tyv8xb0vb0vy7da"},"id":"jcv00vr8ibo52we","previousOperationId":"ydh7k2lygz9hoqk"}
{"type":"operationEnd","operationId":"ydh7k2lygz9hoqk","timestamp":1704998511275,"id":"07jvmva51ln0bfn","previousEventId":"dormskjsre7j95v","previousOperationId":"ydh7k2lygz9hoqk"}
{"type":"log","timestamp":1704998511275,"level":"debug","message":"Skipping storing report.","meta":{"rootId":"tyv8xb0vb0vy7da","id":"tyv8xb0vb0vy7da"},"id":"xcj5wk3rgyd6npb","previousOperationId":"ydh7k2lygz9hoqk"}
{"type":"log","timestamp":1704998511275,"level":"info","message":"Rendering request 30 finished in 1587 ms","meta":{"rootId":"tyv8xb0vb0vy7da","id":"tyv8xb0vb0vy7da"},"id":"yu0stlis8e58gnw","previousOperationId":"ydh7k2lygz9hoqk"}
{"type":"operationEnd","subtype":"render","operationId":"q14qdr88yqsr47s","timestamp":1704998511275,"id":"imlva2ql331lzht","previousEventId":"07jvmva51ln0bfn","previousOperationId":"ydh7k2lygz9hoqk"}
{"type":"operationEnd","doDiffs":false,"previousEventId":"888k7mfyiwbq8ei","previousOperationId":"birqktx2orzonvz","operationId":"birqktx2orzonvz","timestamp":1704998511277,"id":"hl2z8fttfpog5wv"}
