{"type":"operationStart","subtype":"profile","data":{"_id":"ImE1aclOWQCDGy33","timestamp":"2024-01-11T20:09:01.177Z","state":"queued","mode":"standard","creationDate":"2024-01-11T20:09:01.178Z","modificationDate":"2024-01-11T20:09:01.178Z","shortid":"ftqNkGf","$entitySet":"profiles"},"doDiffs":false,"timestamp":1705003741178,"id":"fnzfb027keut317","previousOperationId":null,"operationId":"c130lf3xdnusin2"}
{"type":"log","level":"info","message":"Render request 5 queued for execution and waiting for available worker","previousOperationId":"c130lf3xdnusin2","timestamp":1705003741178,"id":"bf7h58lxavetz3e"}
{"type":"operationStart","subtype":"render","name":"User_project","previousOperationId":"c130lf3xdnusin2","timestamp":1705003741180,"id":"bfzez2wvhbk5oi4","previousEventId":"fnzfb027keut317","operationId":"0jijseo0qpne1bi"}
{"type":"log","timestamp":1705003741180,"level":"info","message":"Starting rendering request 5","meta":{"rootId":"u1fe21t60pn9whb","id":"u1fe21t60pn9whb"},"id":"mvvyfigr4ezaqya","previousOperationId":"0jijseo0qpne1bi"}
{"type":"log","timestamp":1705003741181,"level":"info","message":"Rendering template { name: User_project, recipe: chrome-pdf, engine: handlebars, preview: false }","meta":{"rootId":"u1fe21t60pn9whb","id":"u1fe21t60pn9whb"},"id":"f0gn8swidfycamr","previousOperationId":"0jijseo0qpne1bi"}
{"type":"log","timestamp":1705003741181,"level":"debug","message":"Data item not defined for this template.","meta":{"rootId":"u1fe21t60pn9whb","id":"u1fe21t60pn9whb"},"id":"6rzpkzut7o74ta9","previousOperationId":"0jijseo0qpne1bi"}
{"type":"log","timestamp":1705003741182,"level":"debug","message":"Executing script usabi-data (beforeRender)","meta":{"rootId":"u1fe21t60pn9whb","id":"u1fe21t60pn9whb"},"id":"5g27xiwyum5qyca","previousOperationId":"0jijseo0qpne1bi"}
{"type":"operationStart","subtype":"scriptsBeforeRender","name":"scripts beforeRender","timestamp":1705003741186,"id":"n7oyibih8n4b6vi","previousEventId":"bfzez2wvhbk5oi4","operationId":"1paoia82akizzkm","previousOperationId":"0jijseo0qpne1bi"}
{"type":"operationStart","subtype":"script","name":"scripts usabi-data","previousOperationId":"1paoia82akizzkm","timestamp":1705003741186,"id":"qsnmcl7t60v1aad","previousEventId":"n7oyibih8n4b6vi","operationId":"g3y5bngysmlgugh"}
{"type":"operationEnd","operationId":"g3y5bngysmlgugh","timestamp":1705003741201,"id":"cpe764hr6kgnbel","previousEventId":"bfzez2wvhbk5oi4","previousOperationId":"0jijseo0qpne1bi"}
{"type":"log","timestamp":1705003741201,"level":"debug","message":"Executing script orders-script (beforeRender)","meta":{"rootId":"u1fe21t60pn9whb","id":"u1fe21t60pn9whb"},"id":"ozzqgi23kzt7zcf","previousOperationId":"0jijseo0qpne1bi"}
{"type":"operationStart","subtype":"script","name":"scripts orders-script","previousOperationId":"1paoia82akizzkm","timestamp":1705003741205,"id":"7xtv8xpe80wok9s","previousEventId":"cpe764hr6kgnbel","operationId":"hwpv1z1io0q9inn"}
{"type":"operationEnd","operationId":"hwpv1z1io0q9inn","timestamp":1705003742500,"id":"7rxtm2hc3rkdcmo","previousEventId":"cpe764hr6kgnbel","previousOperationId":"0jijseo0qpne1bi"}
{"type":"operationEnd","operationId":"1paoia82akizzkm","timestamp":1705003742500,"id":"84bbqgsc3x64j7i","previousEventId":"7rxtm2hc3rkdcmo","previousOperationId":"0jijseo0qpne1bi"}
{"type":"log","timestamp":1705003742500,"level":"debug","message":"Base url not specified, skipping its injection.","meta":{"rootId":"u1fe21t60pn9whb","id":"u1fe21t60pn9whb"},"id":"fjuopkiw3orv6yl","previousOperationId":"1paoia82akizzkm"}
{"type":"operationStart","subtype":"engine","name":"handlebars","timestamp":1705003742500,"id":"qkrbtlobv7vl14i","previousEventId":"84bbqgsc3x64j7i","operationId":"wg3g2nzdw5mtv4j","previousOperationId":"1paoia82akizzkm"}
{"type":"log","timestamp":1705003742500,"level":"debug","message":"Rendering engine handlebars","meta":{"rootId":"u1fe21t60pn9whb","id":"u1fe21t60pn9whb"},"id":"alyzqexvyfew2h5","previousOperationId":"wg3g2nzdw5mtv4j"}
{"type":"operationEnd","operationId":"wg3g2nzdw5mtv4j","timestamp":1705003742520,"id":"46lc8139w67lmrp","previousEventId":"qkrbtlobv7vl14i","previousOperationId":"wg3g2nzdw5mtv4j"}
{"type":"operationStart","subtype":"recipe","name":"chrome-pdf","timestamp":1705003742520,"id":"uday9rebrbff8yn","previousEventId":"46lc8139w67lmrp","operationId":"tibed3nc2vdka0p","previousOperationId":"wg3g2nzdw5mtv4j"}
{"type":"log","timestamp":1705003742520,"level":"debug","message":"Executing recipe chrome-pdf","meta":{"rootId":"u1fe21t60pn9whb","id":"u1fe21t60pn9whb"},"id":"dgltaxmrtf570kw","previousOperationId":"tibed3nc2vdka0p"}
{"type":"log","timestamp":1705003742523,"level":"debug","message":"Converting with chrome HeadlessChrome/117.0.5938.149 using chrome-pool strategy","meta":{"rootId":"u1fe21t60pn9whb","id":"u1fe21t60pn9whb"},"id":"24k9qzs47hbz2td","previousOperationId":"tibed3nc2vdka0p"}
{"type":"log","timestamp":1705003742557,"level":"debug","message":"Page request: GET (document) file:///tmp/jsreport/autocleanup/6bb8d501-d897-43b3-9853-2e4cab6ba83f-chrome-pdf.html","meta":{"rootId":"u1fe21t60pn9whb","id":"u1fe21t60pn9whb"},"id":"ysi7jfrguiuxktk","previousOperationId":"tibed3nc2vdka0p"}
{"type":"log","timestamp":1705003742564,"level":"debug","message":"Page request: GET (script) https://cdn.jsdelivr.net/npm/chart.js","meta":{"rootId":"u1fe21t60pn9whb","id":"u1fe21t60pn9whb"},"id":"hw6f23607zs3kyr","previousOperationId":"tibed3nc2vdka0p"}
{"type":"log","timestamp":1705003742565,"level":"debug","message":"Page request finished: GET (document) 200 file:///tmp/jsreport/autocleanup/6bb8d501-d897-43b3-9853-2e4cab6ba83f-chrome-pdf.html","meta":{"rootId":"u1fe21t60pn9whb","id":"u1fe21t60pn9whb"},"id":"wselluzrh154fa1","previousOperationId":"tibed3nc2vdka0p"}
{"type":"log","timestamp":1705003742569,"level":"debug","message":"Page request finished: GET (script) 200 https://cdn.jsdelivr.net/npm/chart.js","meta":{"rootId":"u1fe21t60pn9whb","id":"u1fe21t60pn9whb"},"id":"bqva7fppj2ptyjp","previousOperationId":"tibed3nc2vdka0p"}
{"type":"log","timestamp":1705003742611,"level":"debug","message":"Running chrome with params {\"printBackground\":true,\"timeout\":58655,\"margin\":{}}","meta":{"rootId":"u1fe21t60pn9whb","id":"u1fe21t60pn9whb"},"id":"9lnoamnennvarak","previousOperationId":"tibed3nc2vdka0p"}
{"type":"operationEnd","operationId":"tibed3nc2vdka0p","timestamp":1705003742669,"id":"aboydafxosnda3r","previousEventId":"uday9rebrbff8yn","previousOperationId":"tibed3nc2vdka0p"}
{"type":"log","timestamp":1705003742669,"level":"debug","message":"Skipping storing report.","meta":{"rootId":"u1fe21t60pn9whb","id":"u1fe21t60pn9whb"},"id":"7cfcj23pwsz5ya5","previousOperationId":"tibed3nc2vdka0p"}
{"type":"log","timestamp":1705003742669,"level":"info","message":"Rendering request 5 finished in 1492 ms","meta":{"rootId":"u1fe21t60pn9whb","id":"u1fe21t60pn9whb"},"id":"zekoyr7qqx0n9hl","previousOperationId":"tibed3nc2vdka0p"}
{"type":"operationEnd","subtype":"render","operationId":"0jijseo0qpne1bi","timestamp":1705003742669,"id":"md5x01ws5bma63k","previousEventId":"aboydafxosnda3r","previousOperationId":"tibed3nc2vdka0p"}
{"type":"operationEnd","doDiffs":false,"previousEventId":"fnzfb027keut317","previousOperationId":"c130lf3xdnusin2","operationId":"c130lf3xdnusin2","timestamp":1705003742671,"id":"4cpx3aoa88dwgqn"}
