{"type":"operationStart","subtype":"profile","data":{"_id":"uejDykQ890kJtVrA","timestamp":"2024-01-11T16:49:26.457Z","state":"queued","mode":"standard","creationDate":"2024-01-11T16:49:26.458Z","modificationDate":"2024-01-11T16:49:26.458Z","shortid":"doOnYfd","$entitySet":"profiles"},"doDiffs":false,"timestamp":1704991766457,"id":"6pfegus6v1ngl0l","previousOperationId":null,"operationId":"e540d6zr9yeans9"}
{"type":"log","level":"info","message":"Render request 85 queued for execution and waiting for available worker","previousOperationId":"e540d6zr9yeans9","timestamp":1704991766457,"id":"hhsfr1h432wh6fv"}
{"type":"operationStart","subtype":"render","name":"User_project","previousOperationId":"e540d6zr9yeans9","timestamp":1704991766462,"id":"vlqh55wbqercx1o","previousEventId":"6pfegus6v1ngl0l","operationId":"8osgy426ihu24wg"}
{"type":"log","timestamp":1704991766462,"level":"info","message":"Starting rendering request 85","meta":{"rootId":"u2coup0640upqaz","id":"u2coup0640upqaz"},"id":"wnpuyyaco88htze","previousOperationId":"8osgy426ihu24wg"}
{"type":"log","timestamp":1704991766462,"level":"info","message":"Rendering template { name: User_project, recipe: chrome-pdf, engine: handlebars, preview: true }","meta":{"rootId":"u2coup0640upqaz","id":"u2coup0640upqaz"},"id":"jvigyq6ob9l1edu","previousOperationId":"8osgy426ihu24wg"}
{"type":"log","timestamp":1704991766462,"level":"debug","message":"Data item not defined for this template.","meta":{"rootId":"u2coup0640upqaz","id":"u2coup0640upqaz"},"id":"m4vm73354p1nbgu","previousOperationId":"8osgy426ihu24wg"}
{"type":"log","timestamp":1704991766464,"level":"debug","message":"Executing script usabi-data (beforeRender)","meta":{"rootId":"u2coup0640upqaz","id":"u2coup0640upqaz"},"id":"9efczmoasfdg2fv","previousOperationId":"8osgy426ihu24wg"}
{"type":"operationStart","subtype":"scriptsBeforeRender","name":"scripts beforeRender","timestamp":1704991766467,"id":"7ucal9t5eyxrunh","previousEventId":"vlqh55wbqercx1o","operationId":"xgtrg2vop63lxhl","previousOperationId":"8osgy426ihu24wg"}
{"type":"operationStart","subtype":"script","name":"scripts usabi-data","previousOperationId":"xgtrg2vop63lxhl","timestamp":1704991766467,"id":"iigotp2mzfydtgp","previousEventId":"7ucal9t5eyxrunh","operationId":"5fb2ibrl57tychc"}
{"type":"operationEnd","operationId":"5fb2ibrl57tychc","timestamp":1704991766478,"id":"037voyfv7zlnaqv","previousEventId":"vlqh55wbqercx1o","previousOperationId":"8osgy426ihu24wg"}
{"type":"operationEnd","operationId":"xgtrg2vop63lxhl","timestamp":1704991766478,"id":"h6fys4rpsojb2gk","previousEventId":"037voyfv7zlnaqv","previousOperationId":"8osgy426ihu24wg"}
{"type":"log","timestamp":1704991766478,"level":"debug","message":"Base url not specified, skipping its injection.","meta":{"rootId":"u2coup0640upqaz","id":"u2coup0640upqaz"},"id":"o32i9bhmkal38p2","previousOperationId":"xgtrg2vop63lxhl"}
{"type":"operationStart","subtype":"engine","name":"handlebars","timestamp":1704991766478,"id":"1wm9mrtbo17qqjw","previousEventId":"h6fys4rpsojb2gk","operationId":"1ormshdlasx2l0n","previousOperationId":"xgtrg2vop63lxhl"}
{"type":"log","timestamp":1704991766478,"level":"debug","message":"Rendering engine handlebars","meta":{"rootId":"u2coup0640upqaz","id":"u2coup0640upqaz"},"id":"lv9v4cp8wiersrg","previousOperationId":"1ormshdlasx2l0n"}
{"type":"operationEnd","operationId":"1ormshdlasx2l0n","timestamp":1704991766485,"id":"pc8sk0jy751udnv","previousEventId":"1wm9mrtbo17qqjw","previousOperationId":"1ormshdlasx2l0n"}
{"type":"operationStart","subtype":"recipe","name":"chrome-pdf","timestamp":1704991766485,"id":"rz57awa6ibpwbal","previousEventId":"pc8sk0jy751udnv","operationId":"b5n17wk4354jytd","previousOperationId":"1ormshdlasx2l0n"}
{"type":"log","timestamp":1704991766485,"level":"debug","message":"Executing recipe chrome-pdf","meta":{"rootId":"u2coup0640upqaz","id":"u2coup0640upqaz"},"id":"7upg01xw8s4ktd8","previousOperationId":"b5n17wk4354jytd"}
{"type":"log","timestamp":1704991766487,"level":"debug","message":"Converting with chrome HeadlessChrome/117.0.5938.149 using chrome-pool strategy","meta":{"rootId":"u2coup0640upqaz","id":"u2coup0640upqaz"},"id":"b1yhs1eioit182m","previousOperationId":"b5n17wk4354jytd"}
{"type":"log","timestamp":1704991766517,"level":"debug","message":"Page request: GET (document) file:///tmp/jsreport/autocleanup/53ba7aab-da10-444c-abfe-50a0d792b5e3-chrome-pdf.html","meta":{"rootId":"u2coup0640upqaz","id":"u2coup0640upqaz"},"id":"p2cag3xkzpcr375","previousOperationId":"b5n17wk4354jytd"}
{"type":"log","timestamp":1704991766524,"level":"debug","message":"Page request: GET (script) https://cdn.jsdelivr.net/npm/chart.js","meta":{"rootId":"u2coup0640upqaz","id":"u2coup0640upqaz"},"id":"uugvquuvhdbrri3","previousOperationId":"b5n17wk4354jytd"}
{"type":"log","timestamp":1704991766524,"level":"debug","message":"Page request finished: GET (document) 200 file:///tmp/jsreport/autocleanup/53ba7aab-da10-444c-abfe-50a0d792b5e3-chrome-pdf.html","meta":{"rootId":"u2coup0640upqaz","id":"u2coup0640upqaz"},"id":"37yuhy3x3ucfajx","previousOperationId":"b5n17wk4354jytd"}
{"type":"log","timestamp":1704991766528,"level":"debug","message":"Page request finished: GET (script) 200 https://cdn.jsdelivr.net/npm/chart.js","meta":{"rootId":"u2coup0640upqaz","id":"u2coup0640upqaz"},"id":"o2kg9ch0w3qurpi","previousOperationId":"b5n17wk4354jytd"}
{"type":"log","timestamp":1704991766573,"level":"debug","message":"Running chrome with params {\"printBackground\":true,\"timeout\":59971,\"margin\":{}}","meta":{"rootId":"u2coup0640upqaz","id":"u2coup0640upqaz"},"id":"qxgsxzlfh4ncam5","previousOperationId":"b5n17wk4354jytd"}
{"type":"operationEnd","operationId":"b5n17wk4354jytd","timestamp":1704991766591,"id":"ulgdzlrl816kcce","previousEventId":"rz57awa6ibpwbal","previousOperationId":"b5n17wk4354jytd"}
{"type":"log","timestamp":1704991766591,"level":"debug","message":"Skipping storing report.","meta":{"rootId":"u2coup0640upqaz","id":"u2coup0640upqaz"},"id":"mqdhzr63cedgkd1","previousOperationId":"b5n17wk4354jytd"}
{"type":"log","timestamp":1704991766591,"level":"info","message":"Rendering request 85 finished in 134 ms","meta":{"rootId":"u2coup0640upqaz","id":"u2coup0640upqaz"},"id":"brn13deted0mu2x","previousOperationId":"b5n17wk4354jytd"}
{"type":"operationEnd","subtype":"render","operationId":"8osgy426ihu24wg","timestamp":1704991766591,"id":"d65wsk59usp2s2s","previousEventId":"ulgdzlrl816kcce","previousOperationId":"b5n17wk4354jytd"}
{"type":"operationEnd","doDiffs":false,"previousEventId":"6pfegus6v1ngl0l","previousOperationId":"e540d6zr9yeans9","operationId":"e540d6zr9yeans9","timestamp":1704991766593,"id":"z4m8oxa2h249jd7"}
