{"type":"operationStart","subtype":"profile","data":{"_id":"19KQn53zTxwy9oAR","timestamp":"2024-01-11T17:56:49.119Z","state":"queued","mode":"standard","creationDate":"2024-01-11T17:56:49.121Z","modificationDate":"2024-01-11T17:56:49.121Z","shortid":"mgjyTax","$entitySet":"profiles"},"doDiffs":false,"timestamp":1704995809120,"id":"rwsbjow509kdjl7","previousOperationId":null,"operationId":"osmvfdtc7t37caf"}
{"type":"log","level":"info","message":"Render request 26 queued for execution and waiting for available worker","previousOperationId":"osmvfdtc7t37caf","timestamp":1704995809120,"id":"qmvswp22siigotw"}
{"type":"operationStart","subtype":"render","name":"User_project","previousOperationId":"osmvfdtc7t37caf","timestamp":1704995809126,"id":"39c49n3w1h55q51","previousEventId":"rwsbjow509kdjl7","operationId":"m43cb0acc4lf1lx"}
{"type":"log","timestamp":1704995809126,"level":"info","message":"Starting rendering request 26","meta":{"rootId":"u8hf6ab2ijukmxl","id":"u8hf6ab2ijukmxl"},"id":"9hv4le7xboy4lqt","previousOperationId":"m43cb0acc4lf1lx"}
{"type":"log","timestamp":1704995809126,"level":"info","message":"Rendering template { name: User_project, recipe: chrome-pdf, engine: handlebars, preview: true }","meta":{"rootId":"u8hf6ab2ijukmxl","id":"u8hf6ab2ijukmxl"},"id":"tf5mppi8r82gpuh","previousOperationId":"m43cb0acc4lf1lx"}
{"type":"log","timestamp":1704995809127,"level":"debug","message":"Data item not defined for this template.","meta":{"rootId":"u8hf6ab2ijukmxl","id":"u8hf6ab2ijukmxl"},"id":"mm5nn3fwhbwmlo2","previousOperationId":"m43cb0acc4lf1lx"}
{"type":"log","timestamp":1704995809128,"level":"debug","message":"Executing script usabi-data (beforeRender)","meta":{"rootId":"u8hf6ab2ijukmxl","id":"u8hf6ab2ijukmxl"},"id":"4zd0bzu8z3wnqkn","previousOperationId":"m43cb0acc4lf1lx"}
{"type":"operationStart","subtype":"scriptsBeforeRender","name":"scripts beforeRender","timestamp":1704995809132,"id":"si7ra7zl06bebce","previousEventId":"39c49n3w1h55q51","operationId":"109jwj3jqussbij","previousOperationId":"m43cb0acc4lf1lx"}
{"type":"operationStart","subtype":"script","name":"scripts usabi-data","previousOperationId":"109jwj3jqussbij","timestamp":1704995809132,"id":"a8ukmc1nnwyrpq6","previousEventId":"si7ra7zl06bebce","operationId":"11uxojf0q5s2sn6"}
{"type":"operationEnd","operationId":"11uxojf0q5s2sn6","timestamp":1704995809149,"id":"6g50qjgyjusieav","previousEventId":"39c49n3w1h55q51","previousOperationId":"m43cb0acc4lf1lx"}
{"type":"log","timestamp":1704995809149,"level":"debug","message":"Executing script orders-script (beforeRender)","meta":{"rootId":"u8hf6ab2ijukmxl","id":"u8hf6ab2ijukmxl"},"id":"pffyyxylfls5c0o","previousOperationId":"m43cb0acc4lf1lx"}
{"type":"operationStart","subtype":"script","name":"scripts orders-script","previousOperationId":"109jwj3jqussbij","timestamp":1704995809153,"id":"nkby9mrkdjjy55d","previousEventId":"6g50qjgyjusieav","operationId":"b5bprzsejmms4ay"}
{"type":"operationEnd","operationId":"b5bprzsejmms4ay","timestamp":1704995810548,"id":"q41hsh55latf78t","previousEventId":"6g50qjgyjusieav","previousOperationId":"m43cb0acc4lf1lx"}
{"type":"operationEnd","operationId":"109jwj3jqussbij","timestamp":1704995810548,"id":"ut54ynxo4df7fi4","previousEventId":"q41hsh55latf78t","previousOperationId":"m43cb0acc4lf1lx"}
{"type":"log","timestamp":1704995810548,"level":"debug","message":"Base url not specified, skipping its injection.","meta":{"rootId":"u8hf6ab2ijukmxl","id":"u8hf6ab2ijukmxl"},"id":"7caih6e3mmbf4y7","previousOperationId":"109jwj3jqussbij"}
{"type":"operationStart","subtype":"engine","name":"handlebars","timestamp":1704995810548,"id":"plg7nk75p84dcqi","previousEventId":"ut54ynxo4df7fi4","operationId":"yb5ewp5fdiov7ip","previousOperationId":"109jwj3jqussbij"}
{"type":"log","timestamp":1704995810548,"level":"debug","message":"Rendering engine handlebars","meta":{"rootId":"u8hf6ab2ijukmxl","id":"u8hf6ab2ijukmxl"},"id":"g1bqa6yxdyhtb0e","previousOperationId":"yb5ewp5fdiov7ip"}
{"type":"operationEnd","operationId":"yb5ewp5fdiov7ip","timestamp":1704995810555,"id":"14kgq7wq0he5j1z","previousEventId":"plg7nk75p84dcqi","previousOperationId":"yb5ewp5fdiov7ip"}
{"type":"operationStart","subtype":"recipe","name":"chrome-pdf","timestamp":1704995810555,"id":"9hc1wc3vllvxloh","previousEventId":"14kgq7wq0he5j1z","operationId":"lci98b46jphm6vw","previousOperationId":"yb5ewp5fdiov7ip"}
{"type":"log","timestamp":1704995810555,"level":"debug","message":"Executing recipe chrome-pdf","meta":{"rootId":"u8hf6ab2ijukmxl","id":"u8hf6ab2ijukmxl"},"id":"e3pryi464c1sdkk","previousOperationId":"lci98b46jphm6vw"}
{"type":"log","timestamp":1704995810558,"level":"debug","message":"Converting with chrome HeadlessChrome/117.0.5938.149 using chrome-pool strategy","meta":{"rootId":"u8hf6ab2ijukmxl","id":"u8hf6ab2ijukmxl"},"id":"8b3bdmqryp9erj4","previousOperationId":"lci98b46jphm6vw"}
{"type":"log","timestamp":1704995810591,"level":"debug","message":"Page request: GET (document) file:///tmp/jsreport/autocleanup/f1322b17-aa3c-42f6-be50-a03938e2bf6d-chrome-pdf.html","meta":{"rootId":"u8hf6ab2ijukmxl","id":"u8hf6ab2ijukmxl"},"id":"72rxo47qmtg8yij","previousOperationId":"lci98b46jphm6vw"}
{"type":"log","timestamp":1704995810598,"level":"debug","message":"Page request: GET (script) https://cdn.jsdelivr.net/npm/chart.js","meta":{"rootId":"u8hf6ab2ijukmxl","id":"u8hf6ab2ijukmxl"},"id":"xa79ej5w7wmq2f2","previousOperationId":"lci98b46jphm6vw"}
{"type":"log","timestamp":1704995810598,"level":"debug","message":"Page request finished: GET (document) 200 file:///tmp/jsreport/autocleanup/f1322b17-aa3c-42f6-be50-a03938e2bf6d-chrome-pdf.html","meta":{"rootId":"u8hf6ab2ijukmxl","id":"u8hf6ab2ijukmxl"},"id":"6imrccy2xlnw9d1","previousOperationId":"lci98b46jphm6vw"}
{"type":"log","timestamp":1704995810602,"level":"debug","message":"Page request finished: GET (script) 200 https://cdn.jsdelivr.net/npm/chart.js","meta":{"rootId":"u8hf6ab2ijukmxl","id":"u8hf6ab2ijukmxl"},"id":"iwifblz5h2t8s9d","previousOperationId":"lci98b46jphm6vw"}
{"type":"log","timestamp":1704995810604,"level":"warn","message":"Page error: Unexpected identifier 'Object' , stack: SyntaxError: Unexpected identifier 'Object'","meta":{"rootId":"u8hf6ab2ijukmxl","id":"u8hf6ab2ijukmxl"},"id":"8yjcowtqmde9mym","previousOperationId":"lci98b46jphm6vw"}
{"type":"log","timestamp":1704995810608,"level":"debug","message":"Running chrome with params {\"printBackground\":true,\"timeout\":58563,\"margin\":{}}","meta":{"rootId":"u8hf6ab2ijukmxl","id":"u8hf6ab2ijukmxl"},"id":"dwg5icqb4ddf9fj","previousOperationId":"lci98b46jphm6vw"}
{"type":"operationEnd","operationId":"lci98b46jphm6vw","timestamp":1704995810617,"id":"o00r77n1d5e8hda","previousEventId":"9hc1wc3vllvxloh","previousOperationId":"lci98b46jphm6vw"}
{"type":"log","timestamp":1704995810618,"level":"debug","message":"Skipping storing report.","meta":{"rootId":"u8hf6ab2ijukmxl","id":"u8hf6ab2ijukmxl"},"id":"z53xrtqv8f06r67","previousOperationId":"lci98b46jphm6vw"}
{"type":"log","timestamp":1704995810618,"level":"info","message":"Rendering request 26 finished in 1499 ms","meta":{"rootId":"u8hf6ab2ijukmxl","id":"u8hf6ab2ijukmxl"},"id":"vdojnlvg0jvaj2z","previousOperationId":"lci98b46jphm6vw"}
{"type":"operationEnd","subtype":"render","operationId":"m43cb0acc4lf1lx","timestamp":1704995810618,"id":"b99e6q08ad24jr2","previousEventId":"o00r77n1d5e8hda","previousOperationId":"lci98b46jphm6vw"}
{"type":"operationEnd","doDiffs":false,"previousEventId":"rwsbjow509kdjl7","previousOperationId":"osmvfdtc7t37caf","operationId":"osmvfdtc7t37caf","timestamp":1704995810622,"id":"59jr7tg7kpzmy5v"}
