{"type":"operationStart","subtype":"profile","data":{"_id":"EpQikNoDYSwW3qX4","timestamp":"2024-01-11T16:33:33.187Z","state":"queued","mode":"standard","creationDate":"2024-01-11T16:33:33.188Z","modificationDate":"2024-01-11T16:33:33.188Z","shortid":"RW_iAKb","$entitySet":"profiles"},"doDiffs":false,"timestamp":1704990813187,"id":"nlzt3737q4k8gp7","previousOperationId":null,"operationId":"auc43g8nu0qri8s"}
{"type":"log","level":"info","message":"Render request 50 queued for execution and waiting for available worker","previousOperationId":"auc43g8nu0qri8s","timestamp":1704990813187,"id":"l159owpdgp616lv"}
{"type":"operationStart","subtype":"render","name":"User_project","previousOperationId":"auc43g8nu0qri8s","timestamp":1704990813192,"id":"necpggiwocojzei","previousEventId":"nlzt3737q4k8gp7","operationId":"vpknu1puv914rzd"}
{"type":"log","timestamp":1704990813192,"level":"info","message":"Starting rendering request 50","meta":{"rootId":"uchi2fb9rxb915p","id":"uchi2fb9rxb915p"},"id":"uy1wcemmnt4jz6a","previousOperationId":"vpknu1puv914rzd"}
{"type":"log","timestamp":1704990813192,"level":"info","message":"Rendering template { name: User_project, recipe: chrome-pdf, engine: handlebars, preview: true }","meta":{"rootId":"uchi2fb9rxb915p","id":"uchi2fb9rxb915p"},"id":"7dkqw4adkevvrmk","previousOperationId":"vpknu1puv914rzd"}
{"type":"log","timestamp":1704990813192,"level":"debug","message":"Data item not defined for this template.","meta":{"rootId":"uchi2fb9rxb915p","id":"uchi2fb9rxb915p"},"id":"jtijei7o1jask48","previousOperationId":"vpknu1puv914rzd"}
{"type":"log","timestamp":1704990813193,"level":"debug","message":"Executing script usabi-data (beforeRender)","meta":{"rootId":"uchi2fb9rxb915p","id":"uchi2fb9rxb915p"},"id":"3eoo5nsm2f0faf8","previousOperationId":"vpknu1puv914rzd"}
{"type":"operationStart","subtype":"scriptsBeforeRender","name":"scripts beforeRender","timestamp":1704990813197,"id":"twdtz0rl80dho38","previousEventId":"necpggiwocojzei","operationId":"93lhtritq4uba4i","previousOperationId":"vpknu1puv914rzd"}
{"type":"operationStart","subtype":"script","name":"scripts usabi-data","previousOperationId":"93lhtritq4uba4i","timestamp":1704990813197,"id":"zphmb9ujy839h1h","previousEventId":"twdtz0rl80dho38","operationId":"0oj5adrzucg2rys"}
{"type":"operationEnd","operationId":"0oj5adrzucg2rys","timestamp":1704990813209,"id":"gczgtykphzgcvyj","previousEventId":"necpggiwocojzei","previousOperationId":"vpknu1puv914rzd"}
{"type":"operationEnd","operationId":"93lhtritq4uba4i","timestamp":1704990813209,"id":"1idhvfkaqqabxs7","previousEventId":"gczgtykphzgcvyj","previousOperationId":"vpknu1puv914rzd"}
{"type":"log","timestamp":1704990813209,"level":"debug","message":"Base url not specified, skipping its injection.","meta":{"rootId":"uchi2fb9rxb915p","id":"uchi2fb9rxb915p"},"id":"8exy0jugh63qxw6","previousOperationId":"93lhtritq4uba4i"}
{"type":"operationStart","subtype":"engine","name":"handlebars","timestamp":1704990813209,"id":"4oswd6fh49so4uo","previousEventId":"1idhvfkaqqabxs7","operationId":"jkvmbr7tvauqpe8","previousOperationId":"93lhtritq4uba4i"}
{"type":"log","timestamp":1704990813209,"level":"debug","message":"Rendering engine handlebars","meta":{"rootId":"uchi2fb9rxb915p","id":"uchi2fb9rxb915p"},"id":"vts6artrsh5dhv8","previousOperationId":"jkvmbr7tvauqpe8"}
{"type":"operationEnd","operationId":"jkvmbr7tvauqpe8","timestamp":1704990813217,"id":"5newr1pf3i4ld3r","previousEventId":"4oswd6fh49so4uo","previousOperationId":"jkvmbr7tvauqpe8"}
{"type":"operationStart","subtype":"recipe","name":"chrome-pdf","timestamp":1704990813218,"id":"v786exajr2q04ev","previousEventId":"5newr1pf3i4ld3r","operationId":"lmhz1kycvbip322","previousOperationId":"jkvmbr7tvauqpe8"}
{"type":"log","timestamp":1704990813218,"level":"debug","message":"Executing recipe chrome-pdf","meta":{"rootId":"uchi2fb9rxb915p","id":"uchi2fb9rxb915p"},"id":"35fr47zd1lw4mil","previousOperationId":"lmhz1kycvbip322"}
{"type":"log","timestamp":1704990813219,"level":"debug","message":"Converting with chrome HeadlessChrome/117.0.5938.149 using chrome-pool strategy","meta":{"rootId":"uchi2fb9rxb915p","id":"uchi2fb9rxb915p"},"id":"05rp0imkwjloy1z","previousOperationId":"lmhz1kycvbip322"}
{"type":"log","timestamp":1704990813251,"level":"debug","message":"Page request: GET (document) file:///tmp/jsreport/autocleanup/6e96160a-3b7c-4dd4-be13-743b07be0fd3-chrome-pdf.html","meta":{"rootId":"uchi2fb9rxb915p","id":"uchi2fb9rxb915p"},"id":"bivl7d3ypntbn1b","previousOperationId":"lmhz1kycvbip322"}
{"type":"log","timestamp":1704990813258,"level":"debug","message":"Page request: GET (script) https://cdn.jsdelivr.net/npm/chart.js","meta":{"rootId":"uchi2fb9rxb915p","id":"uchi2fb9rxb915p"},"id":"xr3jislgtljzvgc","previousOperationId":"lmhz1kycvbip322"}
{"type":"log","timestamp":1704990813258,"level":"debug","message":"Page request finished: GET (document) 200 file:///tmp/jsreport/autocleanup/6e96160a-3b7c-4dd4-be13-743b07be0fd3-chrome-pdf.html","meta":{"rootId":"uchi2fb9rxb915p","id":"uchi2fb9rxb915p"},"id":"kvb8i6dsjgc6gak","previousOperationId":"lmhz1kycvbip322"}
{"type":"log","timestamp":1704990813261,"level":"debug","message":"Page request finished: GET (script) 200 https://cdn.jsdelivr.net/npm/chart.js","meta":{"rootId":"uchi2fb9rxb915p","id":"uchi2fb9rxb915p"},"id":"s5e4g7n1j6l61z4","previousOperationId":"lmhz1kycvbip322"}
{"type":"log","timestamp":1704990813309,"level":"debug","message":"Running chrome with params {\"printBackground\":true,\"timeout\":59969,\"margin\":{}}","meta":{"rootId":"uchi2fb9rxb915p","id":"uchi2fb9rxb915p"},"id":"mbztfhynd4id5qp","previousOperationId":"lmhz1kycvbip322"}
{"type":"operationEnd","operationId":"lmhz1kycvbip322","timestamp":1704990813335,"id":"l9u438epzxq3b2k","previousEventId":"v786exajr2q04ev","previousOperationId":"lmhz1kycvbip322"}
{"type":"log","timestamp":1704990813335,"level":"debug","message":"Skipping storing report.","meta":{"rootId":"uchi2fb9rxb915p","id":"uchi2fb9rxb915p"},"id":"5dteb3xeqwuj2gi","previousOperationId":"lmhz1kycvbip322"}
{"type":"log","timestamp":1704990813335,"level":"info","message":"Rendering request 50 finished in 148 ms","meta":{"rootId":"uchi2fb9rxb915p","id":"uchi2fb9rxb915p"},"id":"gswhdc08m0ccump","previousOperationId":"lmhz1kycvbip322"}
{"type":"operationEnd","subtype":"render","operationId":"vpknu1puv914rzd","timestamp":1704990813335,"id":"szhbi235vug8w2k","previousEventId":"l9u438epzxq3b2k","previousOperationId":"lmhz1kycvbip322"}
{"type":"operationEnd","doDiffs":false,"previousEventId":"nlzt3737q4k8gp7","previousOperationId":"auc43g8nu0qri8s","operationId":"auc43g8nu0qri8s","timestamp":1704990813337,"id":"mub7ru3eylnm2ht"}
