{"type":"operationStart","subtype":"profile","data":{"_id":"0J27Gpt71h3aR6qD","timestamp":"2024-01-11T16:30:15.317Z","state":"queued","mode":"standard","creationDate":"2024-01-11T16:30:15.317Z","modificationDate":"2024-01-11T16:30:15.317Z","shortid":"NWg5dZO","$entitySet":"profiles"},"doDiffs":false,"timestamp":1704990615317,"id":"9vv7799ajdaom9m","previousOperationId":null,"operationId":"byljid1n8uabsxx"}
{"type":"log","level":"info","message":"Render request 46 queued for execution and waiting for available worker","previousOperationId":"byljid1n8uabsxx","timestamp":1704990615317,"id":"sus2b4a7suaaryn"}
{"type":"operationStart","subtype":"render","name":"User_project","previousOperationId":"byljid1n8uabsxx","timestamp":1704990615322,"id":"j5jyj4jlat65lgv","previousEventId":"9vv7799ajdaom9m","operationId":"r1a2yeg2h2w2lmg"}
{"type":"log","timestamp":1704990615322,"level":"info","message":"Starting rendering request 46","meta":{"rootId":"uk86h9jvulag3at","id":"uk86h9jvulag3at"},"id":"i9bq0sz94joo5j7","previousOperationId":"r1a2yeg2h2w2lmg"}
{"type":"log","timestamp":1704990615322,"level":"info","message":"Rendering template { name: User_project, recipe: chrome-pdf, engine: handlebars, preview: true }","meta":{"rootId":"uk86h9jvulag3at","id":"uk86h9jvulag3at"},"id":"orfvyx0vs72bii1","previousOperationId":"r1a2yeg2h2w2lmg"}
{"type":"log","timestamp":1704990615322,"level":"debug","message":"Data item not defined for this template.","meta":{"rootId":"uk86h9jvulag3at","id":"uk86h9jvulag3at"},"id":"kl5vq0y9teu223w","previousOperationId":"r1a2yeg2h2w2lmg"}
{"type":"log","timestamp":1704990615323,"level":"debug","message":"Executing script usabi-data (beforeRender)","meta":{"rootId":"uk86h9jvulag3at","id":"uk86h9jvulag3at"},"id":"v3vr967n3r7z0pa","previousOperationId":"r1a2yeg2h2w2lmg"}
{"type":"operationStart","subtype":"scriptsBeforeRender","name":"scripts beforeRender","timestamp":1704990615327,"id":"2mn7qvg1fxm2bxo","previousEventId":"j5jyj4jlat65lgv","operationId":"ashex7y64mvbfqy","previousOperationId":"r1a2yeg2h2w2lmg"}
{"type":"operationStart","subtype":"script","name":"scripts usabi-data","previousOperationId":"ashex7y64mvbfqy","timestamp":1704990615327,"id":"td7fv8l13ct8zb8","previousEventId":"2mn7qvg1fxm2bxo","operationId":"n6c7lt4y8oa7vzh"}
{"type":"operationEnd","operationId":"n6c7lt4y8oa7vzh","timestamp":1704990615338,"id":"5z48pwh4ent3cay","previousEventId":"j5jyj4jlat65lgv","previousOperationId":"r1a2yeg2h2w2lmg"}
{"type":"operationEnd","operationId":"ashex7y64mvbfqy","timestamp":1704990615338,"id":"4uin3ubsnwfyke4","previousEventId":"5z48pwh4ent3cay","previousOperationId":"r1a2yeg2h2w2lmg"}
{"type":"log","timestamp":1704990615338,"level":"debug","message":"Base url not specified, skipping its injection.","meta":{"rootId":"uk86h9jvulag3at","id":"uk86h9jvulag3at"},"id":"m6390hx3060wx8h","previousOperationId":"ashex7y64mvbfqy"}
{"type":"operationStart","subtype":"engine","name":"handlebars","timestamp":1704990615338,"id":"wf8mseipwap5ixj","previousEventId":"4uin3ubsnwfyke4","operationId":"8h9amjerttt6o8r","previousOperationId":"ashex7y64mvbfqy"}
{"type":"log","timestamp":1704990615338,"level":"debug","message":"Rendering engine handlebars","meta":{"rootId":"uk86h9jvulag3at","id":"uk86h9jvulag3at"},"id":"9qvfg0ecx40qg7c","previousOperationId":"8h9amjerttt6o8r"}
{"type":"operationEnd","operationId":"8h9amjerttt6o8r","timestamp":1704990615350,"id":"h787oj2kcxosbyz","previousEventId":"wf8mseipwap5ixj","previousOperationId":"8h9amjerttt6o8r"}
{"type":"operationStart","subtype":"recipe","name":"chrome-pdf","timestamp":1704990615350,"id":"fsy89n0muo7w5rj","previousEventId":"h787oj2kcxosbyz","operationId":"g4xzwhom4z23ttv","previousOperationId":"8h9amjerttt6o8r"}
{"type":"log","timestamp":1704990615350,"level":"debug","message":"Executing recipe chrome-pdf","meta":{"rootId":"uk86h9jvulag3at","id":"uk86h9jvulag3at"},"id":"zvgwh0y1vh5gndf","previousOperationId":"g4xzwhom4z23ttv"}
{"type":"log","timestamp":1704990615352,"level":"debug","message":"Converting with chrome HeadlessChrome/117.0.5938.149 using chrome-pool strategy","meta":{"rootId":"uk86h9jvulag3at","id":"uk86h9jvulag3at"},"id":"y2py9cad648t892","previousOperationId":"g4xzwhom4z23ttv"}
{"type":"log","timestamp":1704990615383,"level":"debug","message":"Page request: GET (document) file:///tmp/jsreport/autocleanup/2c86e116-6b55-4e3c-838b-203c770c793c-chrome-pdf.html","meta":{"rootId":"uk86h9jvulag3at","id":"uk86h9jvulag3at"},"id":"8w624uhvldvm1u9","previousOperationId":"g4xzwhom4z23ttv"}
{"type":"log","timestamp":1704990615390,"level":"debug","message":"Page request: GET (script) https://cdn.jsdelivr.net/npm/chart.js","meta":{"rootId":"uk86h9jvulag3at","id":"uk86h9jvulag3at"},"id":"e49j4jgtbetfr4o","previousOperationId":"g4xzwhom4z23ttv"}
{"type":"log","timestamp":1704990615391,"level":"debug","message":"Page request finished: GET (document) 200 file:///tmp/jsreport/autocleanup/2c86e116-6b55-4e3c-838b-203c770c793c-chrome-pdf.html","meta":{"rootId":"uk86h9jvulag3at","id":"uk86h9jvulag3at"},"id":"mwbn6cjbslg1581","previousOperationId":"g4xzwhom4z23ttv"}
{"type":"log","timestamp":1704990615395,"level":"debug","message":"Page request finished: GET (script) 200 https://cdn.jsdelivr.net/npm/chart.js","meta":{"rootId":"uk86h9jvulag3at","id":"uk86h9jvulag3at"},"id":"pl7xqdfvuqhodcc","previousOperationId":"g4xzwhom4z23ttv"}
{"type":"log","timestamp":1704990615442,"level":"debug","message":"Running chrome with params {\"printBackground\":true,\"timeout\":59966,\"margin\":{}}","meta":{"rootId":"uk86h9jvulag3at","id":"uk86h9jvulag3at"},"id":"9oplngywis8na8o","previousOperationId":"g4xzwhom4z23ttv"}
{"type":"operationEnd","operationId":"g4xzwhom4z23ttv","timestamp":1704990615460,"id":"1s1prwqgofbuzhu","previousEventId":"fsy89n0muo7w5rj","previousOperationId":"g4xzwhom4z23ttv"}
{"type":"log","timestamp":1704990615461,"level":"debug","message":"Skipping storing report.","meta":{"rootId":"uk86h9jvulag3at","id":"uk86h9jvulag3at"},"id":"rr21f5uj22o0b9e","previousOperationId":"g4xzwhom4z23ttv"}
{"type":"log","timestamp":1704990615461,"level":"info","message":"Rendering request 46 finished in 144 ms","meta":{"rootId":"uk86h9jvulag3at","id":"uk86h9jvulag3at"},"id":"hi7g8v1ly8h37pz","previousOperationId":"g4xzwhom4z23ttv"}
{"type":"operationEnd","subtype":"render","operationId":"r1a2yeg2h2w2lmg","timestamp":1704990615461,"id":"zph7anidsc43z45","previousEventId":"1s1prwqgofbuzhu","previousOperationId":"g4xzwhom4z23ttv"}
{"type":"operationEnd","doDiffs":false,"previousEventId":"9vv7799ajdaom9m","previousOperationId":"byljid1n8uabsxx","operationId":"byljid1n8uabsxx","timestamp":1704990615463,"id":"lmzcn2jmyakpq01"}
