{"type":"operationStart","subtype":"profile","data":{"_id":"oy2eIIIAhvAghtWA","timestamp":"2024-01-11T18:04:29.267Z","state":"queued","mode":"standard","creationDate":"2024-01-11T18:04:29.268Z","modificationDate":"2024-01-11T18:04:29.268Z","shortid":"WEIQZ7u","$entitySet":"profiles"},"doDiffs":false,"timestamp":1704996269267,"id":"sy3el4vcyuaddit","previousOperationId":null,"operationId":"9s4p3ysn5ycx9uy"}
{"type":"log","level":"info","message":"Render request 39 queued for execution and waiting for available worker","previousOperationId":"9s4p3ysn5ycx9uy","timestamp":1704996269267,"id":"rutd0w43dwqnqdu"}
{"type":"operationStart","subtype":"render","name":"User_project","previousOperationId":"9s4p3ysn5ycx9uy","timestamp":1704996269272,"id":"9619jddphz3tgio","previousEventId":"sy3el4vcyuaddit","operationId":"itvyn6wlr3wf0cu"}
{"type":"log","timestamp":1704996269272,"level":"info","message":"Starting rendering request 39","meta":{"rootId":"um0xq6g4v4j6k34","id":"um0xq6g4v4j6k34"},"id":"e3ksd7177eiy8ur","previousOperationId":"itvyn6wlr3wf0cu"}
{"type":"log","timestamp":1704996269272,"level":"info","message":"Rendering template { name: User_project, recipe: chrome-pdf, engine: handlebars, preview: true }","meta":{"rootId":"um0xq6g4v4j6k34","id":"um0xq6g4v4j6k34"},"id":"m9anmn92akq8ws6","previousOperationId":"itvyn6wlr3wf0cu"}
{"type":"log","timestamp":1704996269272,"level":"debug","message":"Data item not defined for this template.","meta":{"rootId":"um0xq6g4v4j6k34","id":"um0xq6g4v4j6k34"},"id":"ison142jeotq7gz","previousOperationId":"itvyn6wlr3wf0cu"}
{"type":"log","timestamp":1704996269274,"level":"debug","message":"Executing script usabi-data (beforeRender)","meta":{"rootId":"um0xq6g4v4j6k34","id":"um0xq6g4v4j6k34"},"id":"m4diltit0vhcz15","previousOperationId":"itvyn6wlr3wf0cu"}
{"type":"operationStart","subtype":"scriptsBeforeRender","name":"scripts beforeRender","timestamp":1704996269277,"id":"uy1j9010xr4wlnx","previousEventId":"9619jddphz3tgio","operationId":"qmdwqt065hhb2b0","previousOperationId":"itvyn6wlr3wf0cu"}
{"type":"operationStart","subtype":"script","name":"scripts usabi-data","previousOperationId":"qmdwqt065hhb2b0","timestamp":1704996269277,"id":"alviu45xhqkbhfc","previousEventId":"uy1j9010xr4wlnx","operationId":"ge7mi9jvtc4o8e1"}
{"type":"operationEnd","operationId":"ge7mi9jvtc4o8e1","timestamp":1704996269292,"id":"6erx8a6rz9uea2o","previousEventId":"9619jddphz3tgio","previousOperationId":"itvyn6wlr3wf0cu"}
{"type":"log","timestamp":1704996269292,"level":"debug","message":"Executing script orders-script (beforeRender)","meta":{"rootId":"um0xq6g4v4j6k34","id":"um0xq6g4v4j6k34"},"id":"s9g3apxad1rg6s1","previousOperationId":"itvyn6wlr3wf0cu"}
{"type":"operationStart","subtype":"script","name":"scripts orders-script","previousOperationId":"qmdwqt065hhb2b0","timestamp":1704996269295,"id":"yasw4qoymt6ypqx","previousEventId":"6erx8a6rz9uea2o","operationId":"z555s66os7wqpe5"}
{"type":"operationEnd","operationId":"z555s66os7wqpe5","timestamp":1704996270673,"id":"u0gpd9b4c0686kg","previousEventId":"6erx8a6rz9uea2o","previousOperationId":"itvyn6wlr3wf0cu"}
{"type":"operationEnd","operationId":"qmdwqt065hhb2b0","timestamp":1704996270673,"id":"o7db5ptoyxohodl","previousEventId":"u0gpd9b4c0686kg","previousOperationId":"itvyn6wlr3wf0cu"}
{"type":"log","timestamp":1704996270673,"level":"debug","message":"Base url not specified, skipping its injection.","meta":{"rootId":"um0xq6g4v4j6k34","id":"um0xq6g4v4j6k34"},"id":"lgkoozn3hktmqlj","previousOperationId":"qmdwqt065hhb2b0"}
{"type":"operationStart","subtype":"engine","name":"handlebars","timestamp":1704996270674,"id":"k75w6wahrn141uu","previousEventId":"o7db5ptoyxohodl","operationId":"r4xaaf1t2v4n96e","previousOperationId":"qmdwqt065hhb2b0"}
{"type":"log","timestamp":1704996270674,"level":"debug","message":"Rendering engine handlebars","meta":{"rootId":"um0xq6g4v4j6k34","id":"um0xq6g4v4j6k34"},"id":"e2vvhvrl7gjepca","previousOperationId":"r4xaaf1t2v4n96e"}
{"type":"operationEnd","operationId":"r4xaaf1t2v4n96e","timestamp":1704996270693,"id":"cllqyh2cdma6llg","previousEventId":"k75w6wahrn141uu","previousOperationId":"r4xaaf1t2v4n96e"}
{"type":"operationStart","subtype":"recipe","name":"chrome-pdf","timestamp":1704996270693,"id":"zx4z1cdw0qtp712","previousEventId":"cllqyh2cdma6llg","operationId":"rsye0hqg0icm882","previousOperationId":"r4xaaf1t2v4n96e"}
{"type":"log","timestamp":1704996270693,"level":"debug","message":"Executing recipe chrome-pdf","meta":{"rootId":"um0xq6g4v4j6k34","id":"um0xq6g4v4j6k34"},"id":"x6ozd7ao652mo66","previousOperationId":"rsye0hqg0icm882"}
{"type":"log","timestamp":1704996270695,"level":"debug","message":"Converting with chrome HeadlessChrome/117.0.5938.149 using chrome-pool strategy","meta":{"rootId":"um0xq6g4v4j6k34","id":"um0xq6g4v4j6k34"},"id":"qqgpf3t7o68douv","previousOperationId":"rsye0hqg0icm882"}
{"type":"log","timestamp":1704996270726,"level":"debug","message":"Page request: GET (document) file:///tmp/jsreport/autocleanup/bb38a0a4-cb59-4d1d-9021-df3ef630b44a-chrome-pdf.html","meta":{"rootId":"um0xq6g4v4j6k34","id":"um0xq6g4v4j6k34"},"id":"770ldg16q1pw920","previousOperationId":"rsye0hqg0icm882"}
{"type":"log","timestamp":1704996270734,"level":"debug","message":"Page request: GET (script) https://cdn.jsdelivr.net/npm/chart.js","meta":{"rootId":"um0xq6g4v4j6k34","id":"um0xq6g4v4j6k34"},"id":"uw3l91qowmznyxu","previousOperationId":"rsye0hqg0icm882"}
{"type":"log","timestamp":1704996270734,"level":"debug","message":"Page request finished: GET (document) 200 file:///tmp/jsreport/autocleanup/bb38a0a4-cb59-4d1d-9021-df3ef630b44a-chrome-pdf.html","meta":{"rootId":"um0xq6g4v4j6k34","id":"um0xq6g4v4j6k34"},"id":"1r4spn47dise5gw","previousOperationId":"rsye0hqg0icm882"}
{"type":"log","timestamp":1704996270738,"level":"debug","message":"Page request finished: GET (script) 200 https://cdn.jsdelivr.net/npm/chart.js","meta":{"rootId":"um0xq6g4v4j6k34","id":"um0xq6g4v4j6k34"},"id":"tm46fy46ypqhds1","previousOperationId":"rsye0hqg0icm882"}
{"type":"log","timestamp":1704996270798,"level":"debug","message":"Running chrome with params {\"printBackground\":true,\"timeout\":58573,\"margin\":{}}","meta":{"rootId":"um0xq6g4v4j6k34","id":"um0xq6g4v4j6k34"},"id":"icaatmmidp37xt5","previousOperationId":"rsye0hqg0icm882"}
{"type":"operationEnd","operationId":"rsye0hqg0icm882","timestamp":1704996270843,"id":"ziocus3y66e8g38","previousEventId":"zx4z1cdw0qtp712","previousOperationId":"rsye0hqg0icm882"}
{"type":"log","timestamp":1704996270843,"level":"debug","message":"Skipping storing report.","meta":{"rootId":"um0xq6g4v4j6k34","id":"um0xq6g4v4j6k34"},"id":"wfw0mpanjsuuarz","previousOperationId":"rsye0hqg0icm882"}
{"type":"log","timestamp":1704996270843,"level":"info","message":"Rendering request 39 finished in 1576 ms","meta":{"rootId":"um0xq6g4v4j6k34","id":"um0xq6g4v4j6k34"},"id":"gyrm3gzkr8n99mb","previousOperationId":"rsye0hqg0icm882"}
{"type":"operationEnd","subtype":"render","operationId":"itvyn6wlr3wf0cu","timestamp":1704996270843,"id":"msjcfvr5ke1p4xa","previousEventId":"ziocus3y66e8g38","previousOperationId":"rsye0hqg0icm882"}
{"type":"operationEnd","doDiffs":false,"previousEventId":"sy3el4vcyuaddit","previousOperationId":"9s4p3ysn5ycx9uy","operationId":"9s4p3ysn5ycx9uy","timestamp":1704996270845,"id":"1fe4nxdzp9ra7u9"}
