{"type":"operationStart","subtype":"profile","data":{"_id":"SbXbrXapsT0kZIjo","timestamp":"2024-01-11T16:23:19.977Z","state":"queued","mode":"standard","creationDate":"2024-01-11T16:23:19.978Z","modificationDate":"2024-01-11T16:23:19.978Z","shortid":"VXA79_C","$entitySet":"profiles"},"doDiffs":false,"timestamp":1704990199978,"id":"wgm8gv1vckbzqxl","previousOperationId":null,"operationId":"qqop9kkhecitid7"}
{"type":"log","level":"info","message":"Render request 28 queued for execution and waiting for available worker","previousOperationId":"qqop9kkhecitid7","timestamp":1704990199978,"id":"l1i2e6rfmufmgg0"}
{"type":"operationStart","subtype":"render","name":"User_project","previousOperationId":"qqop9kkhecitid7","timestamp":1704990199985,"id":"w7mxc4mx9wv74cc","previousEventId":"wgm8gv1vckbzqxl","operationId":"ymylf7enak740oc"}
{"type":"log","timestamp":1704990199985,"level":"info","message":"Starting rendering request 28","meta":{"rootId":"upxt1797s78d8gm","id":"upxt1797s78d8gm"},"id":"8t6sosqi3t59rgl","previousOperationId":"ymylf7enak740oc"}
{"type":"log","timestamp":1704990199985,"level":"info","message":"Rendering template { name: User_project, recipe: chrome-pdf, engine: handlebars, preview: true }","meta":{"rootId":"upxt1797s78d8gm","id":"upxt1797s78d8gm"},"id":"rp6suw7fkqha6it","previousOperationId":"ymylf7enak740oc"}
{"type":"log","timestamp":1704990199986,"level":"debug","message":"Data item not defined for this template.","meta":{"rootId":"upxt1797s78d8gm","id":"upxt1797s78d8gm"},"id":"1uj4o6f91gpxlae","previousOperationId":"ymylf7enak740oc"}
{"type":"log","timestamp":1704990199988,"level":"debug","message":"Executing script usabi-data (beforeRender)","meta":{"rootId":"upxt1797s78d8gm","id":"upxt1797s78d8gm"},"id":"mbfzbvjkpix02lh","previousOperationId":"ymylf7enak740oc"}
{"type":"operationStart","subtype":"scriptsBeforeRender","name":"scripts beforeRender","timestamp":1704990199994,"id":"kxeda2vtbf83mlo","previousEventId":"w7mxc4mx9wv74cc","operationId":"l57z0p4bfql9t27","previousOperationId":"ymylf7enak740oc"}
{"type":"operationStart","subtype":"script","name":"scripts usabi-data","previousOperationId":"l57z0p4bfql9t27","timestamp":1704990199994,"id":"c2jydl4b4lphifr","previousEventId":"kxeda2vtbf83mlo","operationId":"su8xnann0mocljd"}
{"type":"operationEnd","operationId":"su8xnann0mocljd","timestamp":1704990200009,"id":"uti51f1ungnirm4","previousEventId":"w7mxc4mx9wv74cc","previousOperationId":"ymylf7enak740oc"}
{"type":"operationEnd","operationId":"l57z0p4bfql9t27","timestamp":1704990200009,"id":"jlajxbr0l39v64v","previousEventId":"uti51f1ungnirm4","previousOperationId":"ymylf7enak740oc"}
{"type":"log","timestamp":1704990200009,"level":"debug","message":"Base url not specified, skipping its injection.","meta":{"rootId":"upxt1797s78d8gm","id":"upxt1797s78d8gm"},"id":"dvz7s2uviz7kjbq","previousOperationId":"l57z0p4bfql9t27"}
{"type":"operationStart","subtype":"engine","name":"handlebars","timestamp":1704990200009,"id":"hay76v0ehkrt2f2","previousEventId":"jlajxbr0l39v64v","operationId":"svglsuheu9b6f73","previousOperationId":"l57z0p4bfql9t27"}
{"type":"log","timestamp":1704990200009,"level":"debug","message":"Rendering engine handlebars","meta":{"rootId":"upxt1797s78d8gm","id":"upxt1797s78d8gm"},"id":"1vlr2hz1k90engj","previousOperationId":"svglsuheu9b6f73"}
{"type":"operationEnd","operationId":"svglsuheu9b6f73","timestamp":1704990200022,"id":"9fxifsx3tmjptg6","previousEventId":"hay76v0ehkrt2f2","previousOperationId":"svglsuheu9b6f73"}
{"type":"operationStart","subtype":"recipe","name":"chrome-pdf","timestamp":1704990200023,"id":"wtdzdhq331ya38e","previousEventId":"9fxifsx3tmjptg6","operationId":"iyw7p2xhtghn539","previousOperationId":"svglsuheu9b6f73"}
{"type":"log","timestamp":1704990200023,"level":"debug","message":"Executing recipe chrome-pdf","meta":{"rootId":"upxt1797s78d8gm","id":"upxt1797s78d8gm"},"id":"mxvm2vufqkf4x88","previousOperationId":"iyw7p2xhtghn539"}
{"type":"log","timestamp":1704990200025,"level":"debug","message":"Converting with chrome HeadlessChrome/117.0.5938.149 using chrome-pool strategy","meta":{"rootId":"upxt1797s78d8gm","id":"upxt1797s78d8gm"},"id":"1sbtyb5db3k4g68","previousOperationId":"iyw7p2xhtghn539"}
{"type":"log","timestamp":1704990200058,"level":"debug","message":"Page request: GET (document) file:///tmp/jsreport/autocleanup/1f9628a9-ec01-4144-ba75-8caef11c01bc-chrome-pdf.html","meta":{"rootId":"upxt1797s78d8gm","id":"upxt1797s78d8gm"},"id":"k8ucum8u4x3z9ia","previousOperationId":"iyw7p2xhtghn539"}
{"type":"log","timestamp":1704990200065,"level":"debug","message":"Page request: GET (script) https://cdn.jsdelivr.net/npm/chart.js","meta":{"rootId":"upxt1797s78d8gm","id":"upxt1797s78d8gm"},"id":"rohpiw9ul1o4gen","previousOperationId":"iyw7p2xhtghn539"}
{"type":"log","timestamp":1704990200066,"level":"debug","message":"Page request finished: GET (document) 200 file:///tmp/jsreport/autocleanup/1f9628a9-ec01-4144-ba75-8caef11c01bc-chrome-pdf.html","meta":{"rootId":"upxt1797s78d8gm","id":"upxt1797s78d8gm"},"id":"7chb4d7phivofr8","previousOperationId":"iyw7p2xhtghn539"}
{"type":"log","timestamp":1704990200068,"level":"debug","message":"Page request finished: GET (script) 200 https://cdn.jsdelivr.net/npm/chart.js","meta":{"rootId":"upxt1797s78d8gm","id":"upxt1797s78d8gm"},"id":"gkhtfx56pmi62xq","previousOperationId":"iyw7p2xhtghn539"}
{"type":"log","timestamp":1704990200116,"level":"debug","message":"Running chrome with params {\"printBackground\":true,\"timeout\":59953,\"margin\":{}}","meta":{"rootId":"upxt1797s78d8gm","id":"upxt1797s78d8gm"},"id":"zlfhp3zsil1l157","previousOperationId":"iyw7p2xhtghn539"}
{"type":"operationEnd","operationId":"iyw7p2xhtghn539","timestamp":1704990200138,"id":"zfxamrsrtecue90","previousEventId":"wtdzdhq331ya38e","previousOperationId":"iyw7p2xhtghn539"}
{"type":"log","timestamp":1704990200138,"level":"debug","message":"Skipping storing report.","meta":{"rootId":"upxt1797s78d8gm","id":"upxt1797s78d8gm"},"id":"a8e2agxrzos69ug","previousOperationId":"iyw7p2xhtghn539"}
{"type":"log","timestamp":1704990200138,"level":"info","message":"Rendering request 28 finished in 161 ms","meta":{"rootId":"upxt1797s78d8gm","id":"upxt1797s78d8gm"},"id":"12dle3ncg1jlnd0","previousOperationId":"iyw7p2xhtghn539"}
{"type":"operationEnd","subtype":"render","operationId":"ymylf7enak740oc","timestamp":1704990200138,"id":"7ndf1pj79yoapj4","previousEventId":"zfxamrsrtecue90","previousOperationId":"iyw7p2xhtghn539"}
{"type":"operationEnd","doDiffs":false,"previousEventId":"wgm8gv1vckbzqxl","previousOperationId":"qqop9kkhecitid7","operationId":"qqop9kkhecitid7","timestamp":1704990200142,"id":"ysuw5o5dbseoc8q"}
