{"type":"operationStart","subtype":"profile","data":{"_id":"9G1cjCjzqWbrWqFB","timestamp":"2024-01-11T17:56:56.697Z","state":"queued","mode":"standard","creationDate":"2024-01-11T17:56:56.698Z","modificationDate":"2024-01-11T17:56:56.698Z","shortid":"08CSI6N","$entitySet":"profiles"},"doDiffs":false,"timestamp":1704995816697,"id":"9s1nos11wu3xstm","previousOperationId":null,"operationId":"bppx92qywe01npl"}
{"type":"log","level":"info","message":"Render request 27 queued for execution and waiting for available worker","previousOperationId":"bppx92qywe01npl","timestamp":1704995816698,"id":"rep34hinhxsqlmr"}
{"type":"operationStart","subtype":"render","name":"User_project","previousOperationId":"bppx92qywe01npl","timestamp":1704995816702,"id":"9lavhjouxay7tbj","previousEventId":"9s1nos11wu3xstm","operationId":"v521mnfsgh6wx0d"}
{"type":"log","timestamp":1704995816702,"level":"info","message":"Starting rendering request 27","meta":{"rootId":"uqd183ffm7ewzib","id":"uqd183ffm7ewzib"},"id":"onh5v9nm5hunf1z","previousOperationId":"v521mnfsgh6wx0d"}
{"type":"log","timestamp":1704995816702,"level":"info","message":"Rendering template { name: User_project, recipe: chrome-pdf, engine: handlebars, preview: true }","meta":{"rootId":"uqd183ffm7ewzib","id":"uqd183ffm7ewzib"},"id":"zel87ld7aguv72b","previousOperationId":"v521mnfsgh6wx0d"}
{"type":"log","timestamp":1704995816702,"level":"debug","message":"Data item not defined for this template.","meta":{"rootId":"uqd183ffm7ewzib","id":"uqd183ffm7ewzib"},"id":"kz7y3x6234jahs3","previousOperationId":"v521mnfsgh6wx0d"}
{"type":"log","timestamp":1704995816703,"level":"debug","message":"Executing script usabi-data (beforeRender)","meta":{"rootId":"uqd183ffm7ewzib","id":"uqd183ffm7ewzib"},"id":"lkz34lpgazh7b6u","previousOperationId":"v521mnfsgh6wx0d"}
{"type":"operationStart","subtype":"scriptsBeforeRender","name":"scripts beforeRender","timestamp":1704995816707,"id":"vpasv436d4ny6vu","previousEventId":"9lavhjouxay7tbj","operationId":"waxhwlnra7g6jxb","previousOperationId":"v521mnfsgh6wx0d"}
{"type":"operationStart","subtype":"script","name":"scripts usabi-data","previousOperationId":"waxhwlnra7g6jxb","timestamp":1704995816707,"id":"q9j2c54pupet69v","previousEventId":"vpasv436d4ny6vu","operationId":"c7w82zdt9urm9kg"}
{"type":"operationEnd","operationId":"c7w82zdt9urm9kg","timestamp":1704995816723,"id":"tqlfvzicd3ddl5a","previousEventId":"9lavhjouxay7tbj","previousOperationId":"v521mnfsgh6wx0d"}
{"type":"log","timestamp":1704995816724,"level":"debug","message":"Executing script orders-script (beforeRender)","meta":{"rootId":"uqd183ffm7ewzib","id":"uqd183ffm7ewzib"},"id":"ambxszro8zgy3d9","previousOperationId":"v521mnfsgh6wx0d"}
{"type":"operationStart","subtype":"script","name":"scripts orders-script","previousOperationId":"waxhwlnra7g6jxb","timestamp":1704995816727,"id":"54ff6od09ohx4qc","previousEventId":"tqlfvzicd3ddl5a","operationId":"e7gon0f1q1qd5w2"}
{"type":"operationEnd","operationId":"e7gon0f1q1qd5w2","timestamp":1704995818000,"id":"5hd6e980i66rkjg","previousEventId":"tqlfvzicd3ddl5a","previousOperationId":"v521mnfsgh6wx0d"}
{"type":"operationEnd","operationId":"waxhwlnra7g6jxb","timestamp":1704995818000,"id":"o6mw43ru60nhqhd","previousEventId":"5hd6e980i66rkjg","previousOperationId":"v521mnfsgh6wx0d"}
{"type":"log","timestamp":1704995818000,"level":"debug","message":"Base url not specified, skipping its injection.","meta":{"rootId":"uqd183ffm7ewzib","id":"uqd183ffm7ewzib"},"id":"m9zte7mwml0g8mv","previousOperationId":"waxhwlnra7g6jxb"}
{"type":"operationStart","subtype":"engine","name":"handlebars","timestamp":1704995818000,"id":"3to4p1vpcm4ut3q","previousEventId":"o6mw43ru60nhqhd","operationId":"w46h4ozihvq1rjz","previousOperationId":"waxhwlnra7g6jxb"}
{"type":"log","timestamp":1704995818000,"level":"debug","message":"Rendering engine handlebars","meta":{"rootId":"uqd183ffm7ewzib","id":"uqd183ffm7ewzib"},"id":"8j1ur9kyiqt9pis","previousOperationId":"w46h4ozihvq1rjz"}
{"type":"operationEnd","operationId":"w46h4ozihvq1rjz","timestamp":1704995818014,"id":"3enk92diyixqicr","previousEventId":"3to4p1vpcm4ut3q","previousOperationId":"w46h4ozihvq1rjz"}
{"type":"operationStart","subtype":"recipe","name":"chrome-pdf","timestamp":1704995818014,"id":"1ysh1ia7lu50ols","previousEventId":"3enk92diyixqicr","operationId":"c41msxgjxjv0bbu","previousOperationId":"w46h4ozihvq1rjz"}
{"type":"log","timestamp":1704995818014,"level":"debug","message":"Executing recipe chrome-pdf","meta":{"rootId":"uqd183ffm7ewzib","id":"uqd183ffm7ewzib"},"id":"04s9buv1c7koeru","previousOperationId":"c41msxgjxjv0bbu"}
{"type":"log","timestamp":1704995818041,"level":"debug","message":"Converting with chrome HeadlessChrome/117.0.5938.149 using chrome-pool strategy","meta":{"rootId":"uqd183ffm7ewzib","id":"uqd183ffm7ewzib"},"id":"5aexn9cwolvwbvz","previousOperationId":"c41msxgjxjv0bbu"}
{"type":"log","timestamp":1704995818077,"level":"debug","message":"Page request: GET (document) file:///tmp/jsreport/autocleanup/22c72eef-a58e-4a57-a7f2-5780853662f5-chrome-pdf.html","meta":{"rootId":"uqd183ffm7ewzib","id":"uqd183ffm7ewzib"},"id":"7gs2ez5einoeqw7","previousOperationId":"c41msxgjxjv0bbu"}
{"type":"log","timestamp":1704995818087,"level":"debug","message":"Page request: GET (script) https://cdn.jsdelivr.net/npm/chart.js","meta":{"rootId":"uqd183ffm7ewzib","id":"uqd183ffm7ewzib"},"id":"yv7id24gz7l2f8w","previousOperationId":"c41msxgjxjv0bbu"}
{"type":"log","timestamp":1704995818087,"level":"debug","message":"Page request finished: GET (document) 200 file:///tmp/jsreport/autocleanup/22c72eef-a58e-4a57-a7f2-5780853662f5-chrome-pdf.html","meta":{"rootId":"uqd183ffm7ewzib","id":"uqd183ffm7ewzib"},"id":"805zq9h9yxgga9o","previousOperationId":"c41msxgjxjv0bbu"}
{"type":"log","timestamp":1704995818091,"level":"debug","message":"Page request finished: GET (script) 200 https://cdn.jsdelivr.net/npm/chart.js","meta":{"rootId":"uqd183ffm7ewzib","id":"uqd183ffm7ewzib"},"id":"1yvgw12q4d8twqj","previousOperationId":"c41msxgjxjv0bbu"}
{"type":"log","timestamp":1704995818093,"level":"warn","message":"Page error: Unexpected identifier 'Object' , stack: SyntaxError: Unexpected identifier 'Object'","meta":{"rootId":"uqd183ffm7ewzib","id":"uqd183ffm7ewzib"},"id":"mapgejm60a48noz","previousOperationId":"c41msxgjxjv0bbu"}
{"type":"log","timestamp":1704995818097,"level":"debug","message":"Running chrome with params {\"printBackground\":true,\"timeout\":58657,\"margin\":{}}","meta":{"rootId":"uqd183ffm7ewzib","id":"uqd183ffm7ewzib"},"id":"aji4f95pi2bn5l4","previousOperationId":"c41msxgjxjv0bbu"}
{"type":"operationEnd","operationId":"c41msxgjxjv0bbu","timestamp":1704995818107,"id":"733cqfl6spoyd9w","previousEventId":"1ysh1ia7lu50ols","previousOperationId":"c41msxgjxjv0bbu"}
{"type":"log","timestamp":1704995818107,"level":"debug","message":"Skipping storing report.","meta":{"rootId":"uqd183ffm7ewzib","id":"uqd183ffm7ewzib"},"id":"dw0z8klt4uguaeo","previousOperationId":"c41msxgjxjv0bbu"}
{"type":"log","timestamp":1704995818107,"level":"info","message":"Rendering request 27 finished in 1410 ms","meta":{"rootId":"uqd183ffm7ewzib","id":"uqd183ffm7ewzib"},"id":"598nqwv67ec9ah2","previousOperationId":"c41msxgjxjv0bbu"}
{"type":"operationEnd","subtype":"render","operationId":"v521mnfsgh6wx0d","timestamp":1704995818107,"id":"1tndh5ap7gsj745","previousEventId":"733cqfl6spoyd9w","previousOperationId":"c41msxgjxjv0bbu"}
{"type":"operationEnd","doDiffs":false,"previousEventId":"9s1nos11wu3xstm","previousOperationId":"bppx92qywe01npl","operationId":"bppx92qywe01npl","timestamp":1704995818112,"id":"ou225gfi12hoenj"}
