{"type":"operationStart","subtype":"profile","data":{"_id":"kpdmy5UWtf0Ag8j9","timestamp":"2024-01-11T16:45:12.616Z","state":"queued","mode":"standard","creationDate":"2024-01-11T16:45:12.617Z","modificationDate":"2024-01-11T16:45:12.617Z","shortid":"3ktL6FU","$entitySet":"profiles"},"doDiffs":false,"timestamp":1704991512617,"id":"u2q62mo2iabwnxg","previousOperationId":null,"operationId":"125nk8nvrnxjrud"}
{"type":"log","level":"info","message":"Render request 73 queued for execution and waiting for available worker","previousOperationId":"125nk8nvrnxjrud","timestamp":1704991512617,"id":"gdtafu3nk4pttxr"}
{"type":"operationStart","subtype":"render","name":"User_project","previousOperationId":"125nk8nvrnxjrud","timestamp":1704991512623,"id":"lp447wu8wr74o3m","previousEventId":"u2q62mo2iabwnxg","operationId":"48gvgm2mtgd31f6"}
{"type":"log","timestamp":1704991512623,"level":"info","message":"Starting rendering request 73","meta":{"rootId":"uz7fy8ao0lc0bex","id":"uz7fy8ao0lc0bex"},"id":"tjr3eidu3w2e0t0","previousOperationId":"48gvgm2mtgd31f6"}
{"type":"log","timestamp":1704991512623,"level":"info","message":"Rendering template { name: User_project, recipe: chrome-pdf, engine: handlebars, preview: true }","meta":{"rootId":"uz7fy8ao0lc0bex","id":"uz7fy8ao0lc0bex"},"id":"5w05k9slnkayfen","previousOperationId":"48gvgm2mtgd31f6"}
{"type":"log","timestamp":1704991512624,"level":"debug","message":"Data item not defined for this template.","meta":{"rootId":"uz7fy8ao0lc0bex","id":"uz7fy8ao0lc0bex"},"id":"47u6l254h24594e","previousOperationId":"48gvgm2mtgd31f6"}
{"type":"log","timestamp":1704991512625,"level":"debug","message":"Executing script usabi-data (beforeRender)","meta":{"rootId":"uz7fy8ao0lc0bex","id":"uz7fy8ao0lc0bex"},"id":"v7m7dzr0zpjdgmq","previousOperationId":"48gvgm2mtgd31f6"}
{"type":"operationStart","subtype":"scriptsBeforeRender","name":"scripts beforeRender","timestamp":1704991512629,"id":"12pyzevlqlbuig5","previousEventId":"lp447wu8wr74o3m","operationId":"l81eybx0dx6chnw","previousOperationId":"48gvgm2mtgd31f6"}
{"type":"operationStart","subtype":"script","name":"scripts usabi-data","previousOperationId":"l81eybx0dx6chnw","timestamp":1704991512629,"id":"ds5usang6lfy5vg","previousEventId":"12pyzevlqlbuig5","operationId":"pukuxz9s9pd1vod"}
{"type":"operationEnd","operationId":"pukuxz9s9pd1vod","timestamp":1704991512643,"id":"ua3l7hw2l8euu6p","previousEventId":"lp447wu8wr74o3m","previousOperationId":"48gvgm2mtgd31f6"}
{"type":"operationEnd","operationId":"l81eybx0dx6chnw","timestamp":1704991512643,"id":"yuacxui6u0tah0d","previousEventId":"ua3l7hw2l8euu6p","previousOperationId":"48gvgm2mtgd31f6"}
{"type":"log","timestamp":1704991512643,"level":"debug","message":"Base url not specified, skipping its injection.","meta":{"rootId":"uz7fy8ao0lc0bex","id":"uz7fy8ao0lc0bex"},"id":"gkhlqq1yte3efu0","previousOperationId":"l81eybx0dx6chnw"}
{"type":"operationStart","subtype":"engine","name":"handlebars","timestamp":1704991512643,"id":"lqdhz2ohxzjnh0p","previousEventId":"yuacxui6u0tah0d","operationId":"c3793jufm8lmv77","previousOperationId":"l81eybx0dx6chnw"}
{"type":"log","timestamp":1704991512643,"level":"debug","message":"Rendering engine handlebars","meta":{"rootId":"uz7fy8ao0lc0bex","id":"uz7fy8ao0lc0bex"},"id":"n8mhsh1qm3ks5k7","previousOperationId":"c3793jufm8lmv77"}
{"type":"operationEnd","operationId":"c3793jufm8lmv77","timestamp":1704991512656,"id":"80kaafvzz5540a0","previousEventId":"lqdhz2ohxzjnh0p","previousOperationId":"c3793jufm8lmv77"}
{"type":"operationStart","subtype":"recipe","name":"chrome-pdf","timestamp":1704991512657,"id":"9vwmlis2q2u35ml","previousEventId":"80kaafvzz5540a0","operationId":"5okvvxh2tutnuft","previousOperationId":"c3793jufm8lmv77"}
{"type":"log","timestamp":1704991512657,"level":"debug","message":"Executing recipe chrome-pdf","meta":{"rootId":"uz7fy8ao0lc0bex","id":"uz7fy8ao0lc0bex"},"id":"qchqr66tgiktolg","previousOperationId":"5okvvxh2tutnuft"}
{"type":"log","timestamp":1704991512658,"level":"debug","message":"Converting with chrome HeadlessChrome/117.0.5938.149 using chrome-pool strategy","meta":{"rootId":"uz7fy8ao0lc0bex","id":"uz7fy8ao0lc0bex"},"id":"dc8t4n22ta9q9h0","previousOperationId":"5okvvxh2tutnuft"}
{"type":"log","timestamp":1704991512689,"level":"debug","message":"Page request: GET (document) file:///tmp/jsreport/autocleanup/1ef18aa6-3242-44df-a75f-3d38bc5f9c6a-chrome-pdf.html","meta":{"rootId":"uz7fy8ao0lc0bex","id":"uz7fy8ao0lc0bex"},"id":"xbm1ok1t6pta5ky","previousOperationId":"5okvvxh2tutnuft"}
{"type":"log","timestamp":1704991512695,"level":"debug","message":"Page request: GET (stylesheet) https://cdnjs.cloudflare.com/ajax/libs/metro/4.1.5/css/metro.min.css","meta":{"rootId":"uz7fy8ao0lc0bex","id":"uz7fy8ao0lc0bex"},"id":"93se86bp339y5xt","previousOperationId":"5okvvxh2tutnuft"}
{"type":"log","timestamp":1704991512696,"level":"debug","message":"Page request: GET (script) https://cdnjs.cloudflare.com/ajax/libs/Chart.js/2.7.2/Chart.min.js","meta":{"rootId":"uz7fy8ao0lc0bex","id":"uz7fy8ao0lc0bex"},"id":"5959q0yo7d8dclc","previousOperationId":"5okvvxh2tutnuft"}
{"type":"log","timestamp":1704991512696,"level":"debug","message":"Page request finished: GET (document) 200 file:///tmp/jsreport/autocleanup/1ef18aa6-3242-44df-a75f-3d38bc5f9c6a-chrome-pdf.html","meta":{"rootId":"uz7fy8ao0lc0bex","id":"uz7fy8ao0lc0bex"},"id":"kkcwqv1s1x16jxz","previousOperationId":"5okvvxh2tutnuft"}
{"type":"log","timestamp":1704991512889,"level":"debug","message":"Page request finished: GET (stylesheet) 200 https://cdnjs.cloudflare.com/ajax/libs/metro/4.1.5/css/metro.min.css","meta":{"rootId":"uz7fy8ao0lc0bex","id":"uz7fy8ao0lc0bex"},"id":"zdi3jv1cwm0yrbe","previousOperationId":"5okvvxh2tutnuft"}
{"type":"log","timestamp":1704991512914,"level":"debug","message":"Page request finished: GET (script) 200 https://cdnjs.cloudflare.com/ajax/libs/Chart.js/2.7.2/Chart.min.js","meta":{"rootId":"uz7fy8ao0lc0bex","id":"uz7fy8ao0lc0bex"},"id":"tvgk895kc8w03k8","previousOperationId":"5okvvxh2tutnuft"}
{"type":"log","timestamp":1704991512925,"level":"debug","message":"Running chrome with params {\"printBackground\":true,\"timeout\":59959,\"margin\":{}}","meta":{"rootId":"uz7fy8ao0lc0bex","id":"uz7fy8ao0lc0bex"},"id":"58s8bmzamidhpc7","previousOperationId":"5okvvxh2tutnuft"}
{"type":"operationEnd","operationId":"5okvvxh2tutnuft","timestamp":1704991512939,"id":"a3fjqagd1nkssy3","previousEventId":"9vwmlis2q2u35ml","previousOperationId":"5okvvxh2tutnuft"}
{"type":"log","timestamp":1704991512939,"level":"debug","message":"Skipping storing report.","meta":{"rootId":"uz7fy8ao0lc0bex","id":"uz7fy8ao0lc0bex"},"id":"qh15zbzholevols","previousOperationId":"5okvvxh2tutnuft"}
{"type":"log","timestamp":1704991512939,"level":"info","message":"Rendering request 73 finished in 323 ms","meta":{"rootId":"uz7fy8ao0lc0bex","id":"uz7fy8ao0lc0bex"},"id":"ap0kaf1jjpa2n7p","previousOperationId":"5okvvxh2tutnuft"}
{"type":"operationEnd","subtype":"render","operationId":"48gvgm2mtgd31f6","timestamp":1704991512939,"id":"cka8gq3ye66pnk4","previousEventId":"a3fjqagd1nkssy3","previousOperationId":"5okvvxh2tutnuft"}
{"type":"operationEnd","doDiffs":false,"previousEventId":"u2q62mo2iabwnxg","previousOperationId":"125nk8nvrnxjrud","operationId":"125nk8nvrnxjrud","timestamp":1704991512942,"id":"pm15rt9jou29une"}
