{"type":"operationStart","subtype":"profile","data":{"_id":"5MvhKrnPxCXl3dQr","timestamp":"2024-01-11T14:42:02.355Z","state":"queued","mode":"standard","creationDate":"2024-01-11T14:42:02.358Z","modificationDate":"2024-01-11T14:42:02.358Z","shortid":"ycK2m0q","$entitySet":"profiles"},"doDiffs":false,"timestamp":1704984122356,"id":"csp7hb9pk86enf2","previousOperationId":null,"operationId":"ym2ae3tnsdyj63k"}
{"type":"log","level":"info","message":"Render request 1 queued for execution and waiting for available worker","previousOperationId":"ym2ae3tnsdyj63k","timestamp":1704984122357,"id":"7w4wp27ce2yoe51"}
{"type":"operationStart","subtype":"render","name":"User_project","previousOperationId":"ym2ae3tnsdyj63k","timestamp":1704984122386,"id":"ryin2eohj8bg8wj","previousEventId":"csp7hb9pk86enf2","operationId":"fkxdk1jdx1v7n5k"}
{"type":"log","timestamp":1704984122386,"level":"info","message":"Starting rendering request 1","meta":{"rootId":"v7zcnaa2bhmly60","id":"v7zcnaa2bhmly60"},"id":"fynqmqfepa22yp1","previousOperationId":"fkxdk1jdx1v7n5k"}
{"type":"log","timestamp":1704984122387,"level":"info","message":"Rendering template { name: User_project, recipe: chrome-pdf, engine: handlebars, preview: true }","meta":{"rootId":"v7zcnaa2bhmly60","id":"v7zcnaa2bhmly60"},"id":"66hyqz8060bgzny","previousOperationId":"fkxdk1jdx1v7n5k"}
{"type":"log","timestamp":1704984122389,"level":"debug","message":"Data item not defined for this template.","meta":{"rootId":"v7zcnaa2bhmly60","id":"v7zcnaa2bhmly60"},"id":"3h3nlqyap80d6k3","previousOperationId":"fkxdk1jdx1v7n5k"}
{"type":"log","timestamp":1704984122392,"level":"debug","message":"Executing script usabi-data (beforeRender)","meta":{"rootId":"v7zcnaa2bhmly60","id":"v7zcnaa2bhmly60"},"id":"vvxiafx7unhqkch","previousOperationId":"fkxdk1jdx1v7n5k"}
{"type":"operationStart","subtype":"scriptsBeforeRender","name":"scripts beforeRender","timestamp":1704984122622,"id":"950lmtij80e7dsx","previousEventId":"ryin2eohj8bg8wj","operationId":"s10nztckbewc7wc","previousOperationId":"fkxdk1jdx1v7n5k"}
{"type":"operationStart","subtype":"script","name":"scripts usabi-data","previousOperationId":"s10nztckbewc7wc","timestamp":1704984122622,"id":"gtzx7urtpe7kylm","previousEventId":"950lmtij80e7dsx","operationId":"q2yoixn3afcfv8x"}
{"type":"operationEnd","operationId":"q2yoixn3afcfv8x","timestamp":1704984123249,"id":"v7aulvzjbtdr9yw","previousEventId":"ryin2eohj8bg8wj","previousOperationId":"fkxdk1jdx1v7n5k"}
{"type":"operationEnd","operationId":"s10nztckbewc7wc","timestamp":1704984123249,"id":"y29b591vt3ifzhu","previousEventId":"v7aulvzjbtdr9yw","previousOperationId":"fkxdk1jdx1v7n5k"}
{"type":"log","timestamp":1704984123249,"level":"debug","message":"Base url not specified, skipping its injection.","meta":{"rootId":"v7zcnaa2bhmly60","id":"v7zcnaa2bhmly60"},"id":"cs866r2m3rjim8y","previousOperationId":"s10nztckbewc7wc"}
{"type":"operationStart","subtype":"engine","name":"handlebars","timestamp":1704984123250,"id":"fzeicse809jp2mn","previousEventId":"y29b591vt3ifzhu","operationId":"38fkc805vofp95e","previousOperationId":"s10nztckbewc7wc"}
{"type":"log","timestamp":1704984123250,"level":"debug","message":"Rendering engine handlebars","meta":{"rootId":"v7zcnaa2bhmly60","id":"v7zcnaa2bhmly60"},"id":"e6c5u0zglelq3v6","previousOperationId":"38fkc805vofp95e"}
{"type":"operationEnd","operationId":"38fkc805vofp95e","timestamp":1704984123527,"id":"ppreizxm91mduln","previousEventId":"fzeicse809jp2mn","previousOperationId":"38fkc805vofp95e"}
{"type":"operationStart","subtype":"recipe","name":"chrome-pdf","timestamp":1704984123527,"id":"o5zpulkf75mgk0e","previousEventId":"ppreizxm91mduln","operationId":"w3djt2euvyzt5y4","previousOperationId":"38fkc805vofp95e"}
{"type":"log","timestamp":1704984123527,"level":"debug","message":"Executing recipe chrome-pdf","meta":{"rootId":"v7zcnaa2bhmly60","id":"v7zcnaa2bhmly60"},"id":"zixm2pjuts3rydq","previousOperationId":"w3djt2euvyzt5y4"}
{"type":"log","timestamp":1704984124226,"level":"debug","message":"Converting with chrome HeadlessChrome/117.0.5938.149 using chrome-pool strategy","meta":{"rootId":"v7zcnaa2bhmly60","id":"v7zcnaa2bhmly60"},"id":"5z1ew26mq9a8ay1","previousOperationId":"w3djt2euvyzt5y4"}
{"type":"log","timestamp":1704984124394,"level":"debug","message":"Page request: GET (document) file:///tmp/jsreport/autocleanup/3081dd0f-5cbe-49e4-975e-c1f85f9c6ac0-chrome-pdf.html","meta":{"rootId":"v7zcnaa2bhmly60","id":"v7zcnaa2bhmly60"},"id":"v7fzs1ljj454bue","previousOperationId":"w3djt2euvyzt5y4"}
{"type":"log","timestamp":1704984124413,"level":"debug","message":"Page request finished: GET (document) 200 file:///tmp/jsreport/autocleanup/3081dd0f-5cbe-49e4-975e-c1f85f9c6ac0-chrome-pdf.html","meta":{"rootId":"v7zcnaa2bhmly60","id":"v7zcnaa2bhmly60"},"id":"ycp23oh9h3pxqj6","previousOperationId":"w3djt2euvyzt5y4"}
{"type":"log","timestamp":1704984124434,"level":"debug","message":"Running chrome with params {\"printBackground\":true,\"timeout\":58665,\"margin\":{}}","meta":{"rootId":"v7zcnaa2bhmly60","id":"v7zcnaa2bhmly60"},"id":"xbwf5dp6a4fascr","previousOperationId":"w3djt2euvyzt5y4"}
{"type":"operationEnd","operationId":"w3djt2euvyzt5y4","timestamp":1704984124476,"id":"9n8j913ak6h7uko","previousEventId":"o5zpulkf75mgk0e","previousOperationId":"w3djt2euvyzt5y4"}
{"type":"log","timestamp":1704984124477,"level":"debug","message":"Skipping storing report.","meta":{"rootId":"v7zcnaa2bhmly60","id":"v7zcnaa2bhmly60"},"id":"69d1c5aabaqgtuz","previousOperationId":"w3djt2euvyzt5y4"}
{"type":"log","timestamp":1704984124477,"level":"info","message":"Rendering request 1 finished in 2122 ms","meta":{"rootId":"v7zcnaa2bhmly60","id":"v7zcnaa2bhmly60"},"id":"m8q85558lkb8r76","previousOperationId":"w3djt2euvyzt5y4"}
{"type":"operationEnd","subtype":"render","operationId":"fkxdk1jdx1v7n5k","timestamp":1704984124477,"id":"tnwzjdyo4kxqbl3","previousEventId":"9n8j913ak6h7uko","previousOperationId":"w3djt2euvyzt5y4"}
{"type":"operationEnd","doDiffs":false,"previousEventId":"csp7hb9pk86enf2","previousOperationId":"ym2ae3tnsdyj63k","operationId":"ym2ae3tnsdyj63k","timestamp":1704984124483,"id":"9io5a50hswintmq"}
