{"type":"operationStart","subtype":"profile","data":{"_id":"OqyWPVt9XjlJEfc8","timestamp":"2024-01-11T17:04:14.456Z","state":"queued","mode":"standard","creationDate":"2024-01-11T17:04:14.457Z","modificationDate":"2024-01-11T17:04:14.457Z","shortid":"3kEoDhG","$entitySet":"profiles"},"doDiffs":false,"timestamp":1704992654457,"id":"08arqitu9gvny68","previousOperationId":null,"operationId":"53rnm5bos8k0ncq"}
{"type":"log","level":"info","message":"Render request 107 queued for execution and waiting for available worker","previousOperationId":"53rnm5bos8k0ncq","timestamp":1704992654457,"id":"1pl4di1dygta4t6"}
{"type":"operationStart","subtype":"render","name":"User_project","previousOperationId":"53rnm5bos8k0ncq","timestamp":1704992654460,"id":"0gk2w3mgzh4hvu7","previousEventId":"08arqitu9gvny68","operationId":"sqvpovvbl3ddi59"}
{"type":"log","timestamp":1704992654460,"level":"info","message":"Starting rendering request 107","meta":{"rootId":"v8lheligeeisdj4","id":"v8lheligeeisdj4"},"id":"iqjw0ltrrcy0p7z","previousOperationId":"sqvpovvbl3ddi59"}
{"type":"log","timestamp":1704992654461,"level":"info","message":"Rendering template { name: User_project, recipe: chrome-pdf, engine: handlebars, preview: true }","meta":{"rootId":"v8lheligeeisdj4","id":"v8lheligeeisdj4"},"id":"gi05g6555pb7q7j","previousOperationId":"sqvpovvbl3ddi59"}
{"type":"log","timestamp":1704992654461,"level":"debug","message":"Data item not defined for this template.","meta":{"rootId":"v8lheligeeisdj4","id":"v8lheligeeisdj4"},"id":"26xr5q29meshsdy","previousOperationId":"sqvpovvbl3ddi59"}
{"type":"log","timestamp":1704992654462,"level":"debug","message":"Executing script usabi-data (beforeRender)","meta":{"rootId":"v8lheligeeisdj4","id":"v8lheligeeisdj4"},"id":"dv3hpbrnjqokig6","previousOperationId":"sqvpovvbl3ddi59"}
{"type":"operationStart","subtype":"scriptsBeforeRender","name":"scripts beforeRender","timestamp":1704992654471,"id":"6r9rju48dnewu7c","previousEventId":"0gk2w3mgzh4hvu7","operationId":"m85lny0d9ta0xpl","previousOperationId":"sqvpovvbl3ddi59"}
{"type":"operationStart","subtype":"script","name":"scripts usabi-data","previousOperationId":"m85lny0d9ta0xpl","timestamp":1704992654471,"id":"qt91q15zv4lh5rd","previousEventId":"6r9rju48dnewu7c","operationId":"67mrolz0jzyrnyb"}
{"type":"operationEnd","operationId":"67mrolz0jzyrnyb","timestamp":1704992654484,"id":"p9tdw5g3sa03rc6","previousEventId":"0gk2w3mgzh4hvu7","previousOperationId":"sqvpovvbl3ddi59"}
{"type":"log","timestamp":1704992654484,"level":"debug","message":"Executing script orders-script (beforeRender)","meta":{"rootId":"v8lheligeeisdj4","id":"v8lheligeeisdj4"},"id":"1mbxhy8sr22tbhk","previousOperationId":"sqvpovvbl3ddi59"}
{"type":"operationStart","subtype":"script","name":"scripts orders-script","previousOperationId":"m85lny0d9ta0xpl","timestamp":1704992654494,"id":"sgkawvmn3eexoc2","previousEventId":"p9tdw5g3sa03rc6","operationId":"jmyb5f3j8i2qoj7"}
{"type":"operationEnd","operationId":"jmyb5f3j8i2qoj7","timestamp":1704992655877,"id":"h0agw0fpohd4g33","previousEventId":"p9tdw5g3sa03rc6","previousOperationId":"sqvpovvbl3ddi59"}
{"type":"operationEnd","operationId":"m85lny0d9ta0xpl","timestamp":1704992655877,"id":"lzabfkbbytklpuo","previousEventId":"h0agw0fpohd4g33","previousOperationId":"sqvpovvbl3ddi59"}
{"type":"log","timestamp":1704992655877,"level":"debug","message":"Base url not specified, skipping its injection.","meta":{"rootId":"v8lheligeeisdj4","id":"v8lheligeeisdj4"},"id":"mmo8mb7f2anwg42","previousOperationId":"m85lny0d9ta0xpl"}
{"type":"operationStart","subtype":"engine","name":"handlebars","timestamp":1704992655878,"id":"d4su0r2v04f3vkz","previousEventId":"lzabfkbbytklpuo","operationId":"2t969ia4inzk04q","previousOperationId":"m85lny0d9ta0xpl"}
{"type":"log","timestamp":1704992655878,"level":"debug","message":"Rendering engine handlebars","meta":{"rootId":"v8lheligeeisdj4","id":"v8lheligeeisdj4"},"id":"7m79k9tl4xviue3","previousOperationId":"2t969ia4inzk04q"}
{"type":"operationEnd","operationId":"2t969ia4inzk04q","timestamp":1704992655884,"id":"aemnwq31k9prgd5","previousEventId":"d4su0r2v04f3vkz","previousOperationId":"2t969ia4inzk04q"}
{"type":"operationStart","subtype":"recipe","name":"chrome-pdf","timestamp":1704992655884,"id":"k8l34wkvbigk3z2","previousEventId":"aemnwq31k9prgd5","operationId":"9p1n2i10l7omz9i","previousOperationId":"2t969ia4inzk04q"}
{"type":"log","timestamp":1704992655884,"level":"debug","message":"Executing recipe chrome-pdf","meta":{"rootId":"v8lheligeeisdj4","id":"v8lheligeeisdj4"},"id":"0drgzdejhmhto8o","previousOperationId":"9p1n2i10l7omz9i"}
{"type":"log","timestamp":1704992655886,"level":"debug","message":"Converting with chrome HeadlessChrome/117.0.5938.149 using chrome-pool strategy","meta":{"rootId":"v8lheligeeisdj4","id":"v8lheligeeisdj4"},"id":"ayd2df1cvqhn5ou","previousOperationId":"9p1n2i10l7omz9i"}
{"type":"log","timestamp":1704992655917,"level":"debug","message":"Page request: GET (document) file:///tmp/jsreport/autocleanup/40a1c78e-449f-4abb-b550-87902f9b63c7-chrome-pdf.html","meta":{"rootId":"v8lheligeeisdj4","id":"v8lheligeeisdj4"},"id":"06rlmsm3yaqmxki","previousOperationId":"9p1n2i10l7omz9i"}
{"type":"log","timestamp":1704992655924,"level":"debug","message":"Page request: GET (script) https://cdn.jsdelivr.net/npm/chart.js","meta":{"rootId":"v8lheligeeisdj4","id":"v8lheligeeisdj4"},"id":"omoshqy1gcbc3em","previousOperationId":"9p1n2i10l7omz9i"}
{"type":"log","timestamp":1704992655924,"level":"debug","message":"Page request finished: GET (document) 200 file:///tmp/jsreport/autocleanup/40a1c78e-449f-4abb-b550-87902f9b63c7-chrome-pdf.html","meta":{"rootId":"v8lheligeeisdj4","id":"v8lheligeeisdj4"},"id":"icm2rsgqsy1fgp1","previousOperationId":"9p1n2i10l7omz9i"}
{"type":"log","timestamp":1704992655928,"level":"debug","message":"Page request finished: GET (script) 200 https://cdn.jsdelivr.net/npm/chart.js","meta":{"rootId":"v8lheligeeisdj4","id":"v8lheligeeisdj4"},"id":"kn6sx9qfaxvo0in","previousOperationId":"9p1n2i10l7omz9i"}
{"type":"log","timestamp":1704992655932,"level":"warn","message":"Page error: Unexpected identifier 'Object' , stack: SyntaxError: Unexpected identifier 'Object'","meta":{"rootId":"v8lheligeeisdj4","id":"v8lheligeeisdj4"},"id":"5euc9tozxvvkaa5","previousOperationId":"9p1n2i10l7omz9i"}
{"type":"log","timestamp":1704992655934,"level":"debug","message":"Running chrome with params {\"printBackground\":true,\"timeout\":58571,\"margin\":{}}","meta":{"rootId":"v8lheligeeisdj4","id":"v8lheligeeisdj4"},"id":"7jda82e3a6zblg8","previousOperationId":"9p1n2i10l7omz9i"}
{"type":"operationEnd","operationId":"9p1n2i10l7omz9i","timestamp":1704992655942,"id":"kynutznjzpuklev","previousEventId":"k8l34wkvbigk3z2","previousOperationId":"9p1n2i10l7omz9i"}
{"type":"log","timestamp":1704992655942,"level":"debug","message":"Skipping storing report.","meta":{"rootId":"v8lheligeeisdj4","id":"v8lheligeeisdj4"},"id":"pzbzz5yubwlyrj2","previousOperationId":"9p1n2i10l7omz9i"}
{"type":"log","timestamp":1704992655943,"level":"info","message":"Rendering request 107 finished in 1487 ms","meta":{"rootId":"v8lheligeeisdj4","id":"v8lheligeeisdj4"},"id":"wbj9xwta7ukonzi","previousOperationId":"9p1n2i10l7omz9i"}
{"type":"operationEnd","subtype":"render","operationId":"sqvpovvbl3ddi59","timestamp":1704992655943,"id":"k1oal2yivctj8sa","previousEventId":"kynutznjzpuklev","previousOperationId":"9p1n2i10l7omz9i"}
{"type":"operationEnd","doDiffs":false,"previousEventId":"08arqitu9gvny68","previousOperationId":"53rnm5bos8k0ncq","operationId":"53rnm5bos8k0ncq","timestamp":1704992655947,"id":"h832tfi9anhyayd"}
