{"type":"operationStart","subtype":"profile","data":{"_id":"rKLmQiIUrH2P5aCq","timestamp":"2024-01-10T20:27:02.000Z","state":"queued","mode":"standard","creationDate":"2024-01-10T20:27:02.001Z","modificationDate":"2024-01-10T20:27:02.001Z","shortid":"OyZrkJZ","$entitySet":"profiles"},"doDiffs":false,"timestamp":1704918422001,"id":"45y8ca508aicy6q","previousOperationId":null,"operationId":"2v43fx9n8fyihwd"}
{"type":"log","level":"info","message":"Render request 17 queued for execution and waiting for available worker","previousOperationId":"2v43fx9n8fyihwd","timestamp":1704918422001,"id":"tb9m9zyicvojva5"}
{"type":"operationStart","subtype":"render","name":"User_project","previousOperationId":"2v43fx9n8fyihwd","timestamp":1704918422006,"id":"464lwc3z144clqk","previousEventId":"45y8ca508aicy6q","operationId":"3f7wo1ylg04dbh5"}
{"type":"log","timestamp":1704918422006,"level":"info","message":"Starting rendering request 17","meta":{"rootId":"vefklp4j1ldmm1f","id":"vefklp4j1ldmm1f"},"id":"jq58bqeimlhpfgi","previousOperationId":"3f7wo1ylg04dbh5"}
{"type":"log","timestamp":1704918422006,"level":"info","message":"Rendering template { name: User_project, recipe: chrome-pdf, engine: handlebars, preview: true }","meta":{"rootId":"vefklp4j1ldmm1f","id":"vefklp4j1ldmm1f"},"id":"5t3gzoxa36zixe2","previousOperationId":"3f7wo1ylg04dbh5"}
{"type":"log","timestamp":1704918422006,"level":"debug","message":"Data item not defined for this template.","meta":{"rootId":"vefklp4j1ldmm1f","id":"vefklp4j1ldmm1f"},"id":"q9txorm1vivzj7x","previousOperationId":"3f7wo1ylg04dbh5"}
{"type":"log","timestamp":1704918422008,"level":"debug","message":"Executing script usabi-data (beforeRender)","meta":{"rootId":"vefklp4j1ldmm1f","id":"vefklp4j1ldmm1f"},"id":"zuyz2th4cjvuxaq","previousOperationId":"3f7wo1ylg04dbh5"}
{"type":"operationStart","subtype":"scriptsBeforeRender","name":"scripts beforeRender","timestamp":1704918422013,"id":"o7d4lg5caitu0ff","previousEventId":"464lwc3z144clqk","operationId":"mwnbr0gtg0ee5di","previousOperationId":"3f7wo1ylg04dbh5"}
{"type":"operationStart","subtype":"script","name":"scripts usabi-data","previousOperationId":"mwnbr0gtg0ee5di","timestamp":1704918422013,"id":"ivhqsn3semrael9","previousEventId":"o7d4lg5caitu0ff","operationId":"znispjfqjuap2ff"}
{"type":"operationEnd","operationId":"znispjfqjuap2ff","timestamp":1704918422030,"id":"18sqs800yhw6oda","previousEventId":"464lwc3z144clqk","previousOperationId":"3f7wo1ylg04dbh5"}
{"type":"operationEnd","operationId":"mwnbr0gtg0ee5di","timestamp":1704918422030,"id":"iq99pfv72z7okaa","previousEventId":"18sqs800yhw6oda","previousOperationId":"3f7wo1ylg04dbh5"}
{"type":"log","timestamp":1704918422030,"level":"debug","message":"Base url not specified, skipping its injection.","meta":{"rootId":"vefklp4j1ldmm1f","id":"vefklp4j1ldmm1f"},"id":"vc35giu77ato6r7","previousOperationId":"mwnbr0gtg0ee5di"}
{"type":"operationStart","subtype":"engine","name":"handlebars","timestamp":1704918422030,"id":"t0ope07s241pd9j","previousEventId":"iq99pfv72z7okaa","operationId":"xf79k1rq4hhp613","previousOperationId":"mwnbr0gtg0ee5di"}
{"type":"log","timestamp":1704918422030,"level":"debug","message":"Rendering engine handlebars","meta":{"rootId":"vefklp4j1ldmm1f","id":"vefklp4j1ldmm1f"},"id":"2oauuk4kcfl1t7p","previousOperationId":"xf79k1rq4hhp613"}
{"type":"operationEnd","operationId":"xf79k1rq4hhp613","timestamp":1704918422039,"id":"6ao7ni53ri2eo6m","previousEventId":"t0ope07s241pd9j","previousOperationId":"xf79k1rq4hhp613"}
{"type":"operationStart","subtype":"recipe","name":"chrome-pdf","timestamp":1704918422039,"id":"c8eg3azb0ixqdbd","previousEventId":"6ao7ni53ri2eo6m","operationId":"xkk78wu5shti47x","previousOperationId":"xf79k1rq4hhp613"}
{"type":"log","timestamp":1704918422039,"level":"debug","message":"Executing recipe chrome-pdf","meta":{"rootId":"vefklp4j1ldmm1f","id":"vefklp4j1ldmm1f"},"id":"my30omy68k877y6","previousOperationId":"xkk78wu5shti47x"}
{"type":"log","timestamp":1704918422042,"level":"debug","message":"Converting with chrome HeadlessChrome/117.0.5938.149 using chrome-pool strategy","meta":{"rootId":"vefklp4j1ldmm1f","id":"vefklp4j1ldmm1f"},"id":"z94x1yp9yl5jatr","previousOperationId":"xkk78wu5shti47x"}
{"type":"log","timestamp":1704918422115,"level":"debug","message":"Page request: GET (document) file:///tmp/jsreport/autocleanup/6a6518f0-0143-4409-ae89-13ee3cbb2a1f-chrome-pdf.html","meta":{"rootId":"vefklp4j1ldmm1f","id":"vefklp4j1ldmm1f"},"id":"nmrh3fv7gzm1t58","previousOperationId":"xkk78wu5shti47x"}
{"type":"log","timestamp":1704918422122,"level":"debug","message":"Page request finished: GET (document) 200 file:///tmp/jsreport/autocleanup/6a6518f0-0143-4409-ae89-13ee3cbb2a1f-chrome-pdf.html","meta":{"rootId":"vefklp4j1ldmm1f","id":"vefklp4j1ldmm1f"},"id":"si8d0vbo44ls8po","previousOperationId":"xkk78wu5shti47x"}
{"type":"log","timestamp":1704918422127,"level":"debug","message":"Running chrome with params {\"printBackground\":true,\"timeout\":59960,\"margin\":{}}","meta":{"rootId":"vefklp4j1ldmm1f","id":"vefklp4j1ldmm1f"},"id":"srlu078r1qzpjel","previousOperationId":"xkk78wu5shti47x"}
{"type":"operationEnd","operationId":"xkk78wu5shti47x","timestamp":1704918422136,"id":"a5zkmdtn72sy53f","previousEventId":"c8eg3azb0ixqdbd","previousOperationId":"xkk78wu5shti47x"}
{"type":"log","timestamp":1704918422136,"level":"debug","message":"Skipping storing report.","meta":{"rootId":"vefklp4j1ldmm1f","id":"vefklp4j1ldmm1f"},"id":"wbqfkxqmzj3s7p7","previousOperationId":"xkk78wu5shti47x"}
{"type":"log","timestamp":1704918422136,"level":"info","message":"Rendering request 17 finished in 136 ms","meta":{"rootId":"vefklp4j1ldmm1f","id":"vefklp4j1ldmm1f"},"id":"9iu9kivyw0amzup","previousOperationId":"xkk78wu5shti47x"}
{"type":"operationEnd","subtype":"render","operationId":"3f7wo1ylg04dbh5","timestamp":1704918422136,"id":"rwdhwk8q154mh4e","previousEventId":"a5zkmdtn72sy53f","previousOperationId":"xkk78wu5shti47x"}
{"type":"operationEnd","doDiffs":false,"previousEventId":"45y8ca508aicy6q","previousOperationId":"2v43fx9n8fyihwd","operationId":"2v43fx9n8fyihwd","timestamp":1704918422139,"id":"ax03s99yhl7vrhz"}
