{"type":"operationStart","subtype":"profile","data":{"_id":"RyPWoTyFeGsvLbZb","timestamp":"2024-01-11T16:30:25.717Z","state":"queued","mode":"standard","creationDate":"2024-01-11T16:30:25.717Z","modificationDate":"2024-01-11T16:30:25.717Z","shortid":"kd40_sC","$entitySet":"profiles"},"doDiffs":false,"timestamp":1704990625717,"id":"upsvwhprngpp89t","previousOperationId":null,"operationId":"0kka4zc27jxixk0"}
{"type":"log","level":"info","message":"Render request 47 queued for execution and waiting for available worker","previousOperationId":"0kka4zc27jxixk0","timestamp":1704990625717,"id":"h6alwuvqvezrsxy"}
{"type":"operationStart","subtype":"render","name":"User_project","previousOperationId":"0kka4zc27jxixk0","timestamp":1704990625722,"id":"wy6zqd73y891ubn","previousEventId":"upsvwhprngpp89t","operationId":"5q7nyolptw4ikjo"}
{"type":"log","timestamp":1704990625722,"level":"info","message":"Starting rendering request 47","meta":{"rootId":"vj6lns6fnr5vdu9","id":"vj6lns6fnr5vdu9"},"id":"9hv3krfzdl4kxqa","previousOperationId":"5q7nyolptw4ikjo"}
{"type":"log","timestamp":1704990625722,"level":"info","message":"Rendering template { name: User_project, recipe: chrome-pdf, engine: handlebars, preview: true }","meta":{"rootId":"vj6lns6fnr5vdu9","id":"vj6lns6fnr5vdu9"},"id":"om71riadqiy6359","previousOperationId":"5q7nyolptw4ikjo"}
{"type":"log","timestamp":1704990625722,"level":"debug","message":"Data item not defined for this template.","meta":{"rootId":"vj6lns6fnr5vdu9","id":"vj6lns6fnr5vdu9"},"id":"xtdg11lx2rt2hex","previousOperationId":"5q7nyolptw4ikjo"}
{"type":"log","timestamp":1704990625723,"level":"debug","message":"Executing script usabi-data (beforeRender)","meta":{"rootId":"vj6lns6fnr5vdu9","id":"vj6lns6fnr5vdu9"},"id":"jdwwaix61pb135o","previousOperationId":"5q7nyolptw4ikjo"}
{"type":"operationStart","subtype":"scriptsBeforeRender","name":"scripts beforeRender","timestamp":1704990625726,"id":"tmmnftrr1chzy2o","previousEventId":"wy6zqd73y891ubn","operationId":"999n2n1uysiqxao","previousOperationId":"5q7nyolptw4ikjo"}
{"type":"operationStart","subtype":"script","name":"scripts usabi-data","previousOperationId":"999n2n1uysiqxao","timestamp":1704990625726,"id":"u5r7bsl1equ79qp","previousEventId":"tmmnftrr1chzy2o","operationId":"shmjhqfzasnoypy"}
{"type":"operationEnd","operationId":"shmjhqfzasnoypy","timestamp":1704990625738,"id":"b8r4g3qo3xmcnvf","previousEventId":"wy6zqd73y891ubn","previousOperationId":"5q7nyolptw4ikjo"}
{"type":"operationEnd","operationId":"999n2n1uysiqxao","timestamp":1704990625738,"id":"p3h25jd2wj1a01f","previousEventId":"b8r4g3qo3xmcnvf","previousOperationId":"5q7nyolptw4ikjo"}
{"type":"log","timestamp":1704990625738,"level":"debug","message":"Base url not specified, skipping its injection.","meta":{"rootId":"vj6lns6fnr5vdu9","id":"vj6lns6fnr5vdu9"},"id":"hqnhwnh7qd8nfng","previousOperationId":"999n2n1uysiqxao"}
{"type":"operationStart","subtype":"engine","name":"handlebars","timestamp":1704990625738,"id":"i7df61gtehhlbol","previousEventId":"p3h25jd2wj1a01f","operationId":"3hgiug40t5fcki2","previousOperationId":"999n2n1uysiqxao"}
{"type":"log","timestamp":1704990625738,"level":"debug","message":"Rendering engine handlebars","meta":{"rootId":"vj6lns6fnr5vdu9","id":"vj6lns6fnr5vdu9"},"id":"0amgnv86uq8jx9f","previousOperationId":"3hgiug40t5fcki2"}
{"type":"operationEnd","operationId":"3hgiug40t5fcki2","timestamp":1704990625744,"id":"rajmvi8xpc8ccp9","previousEventId":"i7df61gtehhlbol","previousOperationId":"3hgiug40t5fcki2"}
{"type":"operationStart","subtype":"recipe","name":"chrome-pdf","timestamp":1704990625744,"id":"yahq22mrpm5n7cj","previousEventId":"rajmvi8xpc8ccp9","operationId":"73n364mhkqrdjpt","previousOperationId":"3hgiug40t5fcki2"}
{"type":"log","timestamp":1704990625744,"level":"debug","message":"Executing recipe chrome-pdf","meta":{"rootId":"vj6lns6fnr5vdu9","id":"vj6lns6fnr5vdu9"},"id":"y9tl0wj70d4ea74","previousOperationId":"73n364mhkqrdjpt"}
{"type":"log","timestamp":1704990625745,"level":"debug","message":"Converting with chrome HeadlessChrome/117.0.5938.149 using chrome-pool strategy","meta":{"rootId":"vj6lns6fnr5vdu9","id":"vj6lns6fnr5vdu9"},"id":"ahfu19gtckl3v8s","previousOperationId":"73n364mhkqrdjpt"}
{"type":"log","timestamp":1704990625775,"level":"debug","message":"Page request: GET (document) file:///tmp/jsreport/autocleanup/61cd1613-84dd-4f02-a192-76c94d1eb038-chrome-pdf.html","meta":{"rootId":"vj6lns6fnr5vdu9","id":"vj6lns6fnr5vdu9"},"id":"e1ih52ispizxhdf","previousOperationId":"73n364mhkqrdjpt"}
{"type":"log","timestamp":1704990625784,"level":"debug","message":"Page request: GET (script) https://cdn.jsdelivr.net/npm/chart.js","meta":{"rootId":"vj6lns6fnr5vdu9","id":"vj6lns6fnr5vdu9"},"id":"yp7xp18cw2uowap","previousOperationId":"73n364mhkqrdjpt"}
{"type":"log","timestamp":1704990625784,"level":"debug","message":"Page request finished: GET (document) 200 file:///tmp/jsreport/autocleanup/61cd1613-84dd-4f02-a192-76c94d1eb038-chrome-pdf.html","meta":{"rootId":"vj6lns6fnr5vdu9","id":"vj6lns6fnr5vdu9"},"id":"f37qvkpe0o95o8e","previousOperationId":"73n364mhkqrdjpt"}
{"type":"log","timestamp":1704990625788,"level":"debug","message":"Page request finished: GET (script) 200 https://cdn.jsdelivr.net/npm/chart.js","meta":{"rootId":"vj6lns6fnr5vdu9","id":"vj6lns6fnr5vdu9"},"id":"i4otid8smk6lnpc","previousOperationId":"73n364mhkqrdjpt"}
{"type":"log","timestamp":1704990625837,"level":"debug","message":"Running chrome with params {\"printBackground\":true,\"timeout\":59972,\"margin\":{}}","meta":{"rootId":"vj6lns6fnr5vdu9","id":"vj6lns6fnr5vdu9"},"id":"tcuzxihiw2b28jw","previousOperationId":"73n364mhkqrdjpt"}
{"type":"operationEnd","operationId":"73n364mhkqrdjpt","timestamp":1704990625858,"id":"iuxirfky2luhsfr","previousEventId":"yahq22mrpm5n7cj","previousOperationId":"73n364mhkqrdjpt"}
{"type":"log","timestamp":1704990625858,"level":"debug","message":"Skipping storing report.","meta":{"rootId":"vj6lns6fnr5vdu9","id":"vj6lns6fnr5vdu9"},"id":"ohlnbhwjcslufwj","previousOperationId":"73n364mhkqrdjpt"}
{"type":"log","timestamp":1704990625858,"level":"info","message":"Rendering request 47 finished in 141 ms","meta":{"rootId":"vj6lns6fnr5vdu9","id":"vj6lns6fnr5vdu9"},"id":"190ietmxfug20k8","previousOperationId":"73n364mhkqrdjpt"}
{"type":"operationEnd","subtype":"render","operationId":"5q7nyolptw4ikjo","timestamp":1704990625858,"id":"wuvtstazhyv70c7","previousEventId":"iuxirfky2luhsfr","previousOperationId":"73n364mhkqrdjpt"}
{"type":"operationEnd","doDiffs":false,"previousEventId":"upsvwhprngpp89t","previousOperationId":"0kka4zc27jxixk0","operationId":"0kka4zc27jxixk0","timestamp":1704990625862,"id":"q2rgu391dzlt6e6"}
