{"type":"operationStart","subtype":"profile","data":{"_id":"yQZOveuHT9lHnY8k","timestamp":"2024-01-11T16:51:50.104Z","state":"queued","mode":"standard","creationDate":"2024-01-11T16:51:50.104Z","modificationDate":"2024-01-11T16:51:50.104Z","shortid":"iYFJIQ3","$entitySet":"profiles"},"doDiffs":false,"timestamp":1704991910104,"id":"y1gda6n3n95h55d","previousOperationId":null,"operationId":"87b9n4pkmjfkewf"}
{"type":"log","level":"info","message":"Render request 93 queued for execution and waiting for available worker","previousOperationId":"87b9n4pkmjfkewf","timestamp":1704991910104,"id":"f4l9418xq47b303"}
{"type":"operationStart","subtype":"render","name":"User_project","previousOperationId":"87b9n4pkmjfkewf","timestamp":1704991910108,"id":"1e59uaoykehsmge","previousEventId":"y1gda6n3n95h55d","operationId":"mxxio9h8bxdf9yp"}
{"type":"log","timestamp":1704991910108,"level":"info","message":"Starting rendering request 93","meta":{"rootId":"vmrhattjs2977hm","id":"vmrhattjs2977hm"},"id":"mtdgdnxd8ju0hc5","previousOperationId":"mxxio9h8bxdf9yp"}
{"type":"log","timestamp":1704991910108,"level":"info","message":"Rendering template { name: User_project, recipe: chrome-pdf, engine: handlebars, preview: true }","meta":{"rootId":"vmrhattjs2977hm","id":"vmrhattjs2977hm"},"id":"y1s8rgdag6ssw4x","previousOperationId":"mxxio9h8bxdf9yp"}
{"type":"log","timestamp":1704991910109,"level":"debug","message":"Data item not defined for this template.","meta":{"rootId":"vmrhattjs2977hm","id":"vmrhattjs2977hm"},"id":"twuhjbicbvqbexj","previousOperationId":"mxxio9h8bxdf9yp"}
{"type":"log","timestamp":1704991910110,"level":"debug","message":"Executing script usabi-data (beforeRender)","meta":{"rootId":"vmrhattjs2977hm","id":"vmrhattjs2977hm"},"id":"79r55kfshda5iyu","previousOperationId":"mxxio9h8bxdf9yp"}
{"type":"operationStart","subtype":"scriptsBeforeRender","name":"scripts beforeRender","timestamp":1704991910114,"id":"1ztzn265tmx2tgl","previousEventId":"1e59uaoykehsmge","operationId":"8k9m7gmvyw99maq","previousOperationId":"mxxio9h8bxdf9yp"}
{"type":"operationStart","subtype":"script","name":"scripts usabi-data","previousOperationId":"8k9m7gmvyw99maq","timestamp":1704991910114,"id":"pr0xm4wdrd11lz5","previousEventId":"1ztzn265tmx2tgl","operationId":"gsiyque3w3ntgqh"}
{"type":"operationEnd","operationId":"gsiyque3w3ntgqh","timestamp":1704991910126,"id":"ehfv361eh12k13x","previousEventId":"1e59uaoykehsmge","previousOperationId":"mxxio9h8bxdf9yp"}
{"type":"operationEnd","operationId":"8k9m7gmvyw99maq","timestamp":1704991910126,"id":"6umu662smx2j61n","previousEventId":"ehfv361eh12k13x","previousOperationId":"mxxio9h8bxdf9yp"}
{"type":"log","timestamp":1704991910126,"level":"debug","message":"Base url not specified, skipping its injection.","meta":{"rootId":"vmrhattjs2977hm","id":"vmrhattjs2977hm"},"id":"2kkd80fg1m75j17","previousOperationId":"8k9m7gmvyw99maq"}
{"type":"operationStart","subtype":"engine","name":"handlebars","timestamp":1704991910126,"id":"7ayr0cg4pzi9xid","previousEventId":"6umu662smx2j61n","operationId":"ht4170wtwzk4cj8","previousOperationId":"8k9m7gmvyw99maq"}
{"type":"log","timestamp":1704991910126,"level":"debug","message":"Rendering engine handlebars","meta":{"rootId":"vmrhattjs2977hm","id":"vmrhattjs2977hm"},"id":"xfw8y3eie7203o6","previousOperationId":"ht4170wtwzk4cj8"}
{"type":"operationEnd","operationId":"ht4170wtwzk4cj8","timestamp":1704991910138,"id":"0nuli4uzdk1zli1","previousEventId":"7ayr0cg4pzi9xid","previousOperationId":"ht4170wtwzk4cj8"}
{"type":"operationStart","subtype":"recipe","name":"chrome-pdf","timestamp":1704991910139,"id":"4isaih0zggit58x","previousEventId":"0nuli4uzdk1zli1","operationId":"cqbzai7s1h4vbu0","previousOperationId":"ht4170wtwzk4cj8"}
{"type":"log","timestamp":1704991910139,"level":"debug","message":"Executing recipe chrome-pdf","meta":{"rootId":"vmrhattjs2977hm","id":"vmrhattjs2977hm"},"id":"e28wzqmez2knobr","previousOperationId":"cqbzai7s1h4vbu0"}
{"type":"log","timestamp":1704991910140,"level":"debug","message":"Converting with chrome HeadlessChrome/117.0.5938.149 using chrome-pool strategy","meta":{"rootId":"vmrhattjs2977hm","id":"vmrhattjs2977hm"},"id":"i5q53brhech4ust","previousOperationId":"cqbzai7s1h4vbu0"}
{"type":"log","timestamp":1704991910177,"level":"debug","message":"Page request: GET (document) file:///tmp/jsreport/autocleanup/bfb8a10a-86aa-47f6-a241-7c58df243588-chrome-pdf.html","meta":{"rootId":"vmrhattjs2977hm","id":"vmrhattjs2977hm"},"id":"l9m9d89oownux8g","previousOperationId":"cqbzai7s1h4vbu0"}
{"type":"log","timestamp":1704991910184,"level":"debug","message":"Page request finished: GET (document) 200 file:///tmp/jsreport/autocleanup/bfb8a10a-86aa-47f6-a241-7c58df243588-chrome-pdf.html","meta":{"rootId":"vmrhattjs2977hm","id":"vmrhattjs2977hm"},"id":"02s0ln1wqu4zsih","previousOperationId":"cqbzai7s1h4vbu0"}
{"type":"log","timestamp":1704991910189,"level":"debug","message":"Running chrome with params {\"printBackground\":true,\"timeout\":59965,\"margin\":{}}","meta":{"rootId":"vmrhattjs2977hm","id":"vmrhattjs2977hm"},"id":"s63rx1ycus6flc0","previousOperationId":"cqbzai7s1h4vbu0"}
{"type":"operationEnd","operationId":"cqbzai7s1h4vbu0","timestamp":1704991910197,"id":"w31f199v1p5yky7","previousEventId":"4isaih0zggit58x","previousOperationId":"cqbzai7s1h4vbu0"}
{"type":"log","timestamp":1704991910197,"level":"debug","message":"Skipping storing report.","meta":{"rootId":"vmrhattjs2977hm","id":"vmrhattjs2977hm"},"id":"yix2nx5ziyfobqh","previousOperationId":"cqbzai7s1h4vbu0"}
{"type":"log","timestamp":1704991910197,"level":"info","message":"Rendering request 93 finished in 93 ms","meta":{"rootId":"vmrhattjs2977hm","id":"vmrhattjs2977hm"},"id":"28e9xi8xevtnk6o","previousOperationId":"cqbzai7s1h4vbu0"}
{"type":"operationEnd","subtype":"render","operationId":"mxxio9h8bxdf9yp","timestamp":1704991910197,"id":"lehnkmtd95u6mk9","previousEventId":"w31f199v1p5yky7","previousOperationId":"cqbzai7s1h4vbu0"}
{"type":"operationEnd","doDiffs":false,"previousEventId":"y1gda6n3n95h55d","previousOperationId":"87b9n4pkmjfkewf","operationId":"87b9n4pkmjfkewf","timestamp":1704991910200,"id":"cwfw8smz7ozbiys"}
