{"type":"operationStart","subtype":"profile","data":{"_id":"3zsT9Pm4q7LdWkIi","timestamp":"2024-01-11T16:34:33.767Z","state":"queued","mode":"standard","creationDate":"2024-01-11T16:34:33.767Z","modificationDate":"2024-01-11T16:34:33.767Z","shortid":"aRk_73h","$entitySet":"profiles"},"doDiffs":false,"timestamp":1704990873767,"id":"n1abqron2kb350l","previousOperationId":null,"operationId":"qvisr0pbz4hj5r3"}
{"type":"log","level":"info","message":"Render request 51 queued for execution and waiting for available worker","previousOperationId":"qvisr0pbz4hj5r3","timestamp":1704990873767,"id":"72d8furl4by93az"}
{"type":"operationStart","subtype":"render","name":"User_project","previousOperationId":"qvisr0pbz4hj5r3","timestamp":1704990873771,"id":"sn8tgttiglsc9vw","previousEventId":"n1abqron2kb350l","operationId":"xlunue2yrfitet0"}
{"type":"log","timestamp":1704990873771,"level":"info","message":"Starting rendering request 51","meta":{"rootId":"vz30dd4wr8ts7ha","id":"vz30dd4wr8ts7ha"},"id":"gaaq5vdi3gfdhmh","previousOperationId":"xlunue2yrfitet0"}
{"type":"log","timestamp":1704990873771,"level":"info","message":"Rendering template { name: User_project, recipe: chrome-pdf, engine: handlebars, preview: true }","meta":{"rootId":"vz30dd4wr8ts7ha","id":"vz30dd4wr8ts7ha"},"id":"i98mpkloey92vor","previousOperationId":"xlunue2yrfitet0"}
{"type":"log","timestamp":1704990873772,"level":"debug","message":"Data item not defined for this template.","meta":{"rootId":"vz30dd4wr8ts7ha","id":"vz30dd4wr8ts7ha"},"id":"f3b58kgexitdf9v","previousOperationId":"xlunue2yrfitet0"}
{"type":"log","timestamp":1704990873773,"level":"debug","message":"Executing script usabi-data (beforeRender)","meta":{"rootId":"vz30dd4wr8ts7ha","id":"vz30dd4wr8ts7ha"},"id":"00wqu84s6qdmisa","previousOperationId":"xlunue2yrfitet0"}
{"type":"operationStart","subtype":"scriptsBeforeRender","name":"scripts beforeRender","timestamp":1704990873776,"id":"o6nsosgtw36z2d5","previousEventId":"sn8tgttiglsc9vw","operationId":"9xvypydj8ksjic2","previousOperationId":"xlunue2yrfitet0"}
{"type":"operationStart","subtype":"script","name":"scripts usabi-data","previousOperationId":"9xvypydj8ksjic2","timestamp":1704990873776,"id":"o1lj7kayxfw4h6m","previousEventId":"o6nsosgtw36z2d5","operationId":"t9r217gfj9aigmu"}
{"type":"operationEnd","operationId":"t9r217gfj9aigmu","timestamp":1704990873788,"id":"a49ds0mt1sdcb0j","previousEventId":"sn8tgttiglsc9vw","previousOperationId":"xlunue2yrfitet0"}
{"type":"operationEnd","operationId":"9xvypydj8ksjic2","timestamp":1704990873788,"id":"jaopzizi81jqgab","previousEventId":"a49ds0mt1sdcb0j","previousOperationId":"xlunue2yrfitet0"}
{"type":"log","timestamp":1704990873788,"level":"debug","message":"Base url not specified, skipping its injection.","meta":{"rootId":"vz30dd4wr8ts7ha","id":"vz30dd4wr8ts7ha"},"id":"cwx6iqlp5p0uio6","previousOperationId":"9xvypydj8ksjic2"}
{"type":"operationStart","subtype":"engine","name":"handlebars","timestamp":1704990873788,"id":"j1125umkcpp2qhy","previousEventId":"jaopzizi81jqgab","operationId":"56bc7yz3agkfyj0","previousOperationId":"9xvypydj8ksjic2"}
{"type":"log","timestamp":1704990873788,"level":"debug","message":"Rendering engine handlebars","meta":{"rootId":"vz30dd4wr8ts7ha","id":"vz30dd4wr8ts7ha"},"id":"rdfmxaovu082h5u","previousOperationId":"56bc7yz3agkfyj0"}
{"type":"operationEnd","operationId":"56bc7yz3agkfyj0","timestamp":1704990873797,"id":"96un37jzgf9limx","previousEventId":"j1125umkcpp2qhy","previousOperationId":"56bc7yz3agkfyj0"}
{"type":"operationStart","subtype":"recipe","name":"chrome-pdf","timestamp":1704990873797,"id":"fswzkmigya9hchq","previousEventId":"96un37jzgf9limx","operationId":"gjt40ckk2j2j7rc","previousOperationId":"56bc7yz3agkfyj0"}
{"type":"log","timestamp":1704990873797,"level":"debug","message":"Executing recipe chrome-pdf","meta":{"rootId":"vz30dd4wr8ts7ha","id":"vz30dd4wr8ts7ha"},"id":"9731fpgyg37zz4l","previousOperationId":"gjt40ckk2j2j7rc"}
{"type":"log","timestamp":1704990873798,"level":"debug","message":"Converting with chrome HeadlessChrome/117.0.5938.149 using chrome-pool strategy","meta":{"rootId":"vz30dd4wr8ts7ha","id":"vz30dd4wr8ts7ha"},"id":"e7qycwd32w3wkl6","previousOperationId":"gjt40ckk2j2j7rc"}
{"type":"log","timestamp":1704990873832,"level":"debug","message":"Page request: GET (document) file:///tmp/jsreport/autocleanup/946c778e-3e81-4bd7-b5d8-0252ace82b43-chrome-pdf.html","meta":{"rootId":"vz30dd4wr8ts7ha","id":"vz30dd4wr8ts7ha"},"id":"6vml7zw9mg7z55t","previousOperationId":"gjt40ckk2j2j7rc"}
{"type":"log","timestamp":1704990873842,"level":"debug","message":"Page request finished: GET (document) 200 file:///tmp/jsreport/autocleanup/946c778e-3e81-4bd7-b5d8-0252ace82b43-chrome-pdf.html","meta":{"rootId":"vz30dd4wr8ts7ha","id":"vz30dd4wr8ts7ha"},"id":"2j77ds1ybqajijq","previousOperationId":"gjt40ckk2j2j7rc"}
{"type":"log","timestamp":1704990873843,"level":"debug","message":"Page request: GET (script) https://cdn.jsdelivr.net/npm/chart.js","meta":{"rootId":"vz30dd4wr8ts7ha","id":"vz30dd4wr8ts7ha"},"id":"s87pnxkfowiqr8j","previousOperationId":"gjt40ckk2j2j7rc"}
{"type":"log","timestamp":1704990873848,"level":"debug","message":"Page request finished: GET (script) 200 https://cdn.jsdelivr.net/npm/chart.js","meta":{"rootId":"vz30dd4wr8ts7ha","id":"vz30dd4wr8ts7ha"},"id":"mag8wrlgu2ioetj","previousOperationId":"gjt40ckk2j2j7rc"}
{"type":"log","timestamp":1704990873903,"level":"debug","message":"Running chrome with params {\"printBackground\":true,\"timeout\":59968,\"margin\":{}}","meta":{"rootId":"vz30dd4wr8ts7ha","id":"vz30dd4wr8ts7ha"},"id":"5s044ngjwmhc1e6","previousOperationId":"gjt40ckk2j2j7rc"}
{"type":"operationEnd","operationId":"gjt40ckk2j2j7rc","timestamp":1704990873922,"id":"gn0zcy9bxdlwrjh","previousEventId":"fswzkmigya9hchq","previousOperationId":"gjt40ckk2j2j7rc"}
{"type":"log","timestamp":1704990873922,"level":"debug","message":"Skipping storing report.","meta":{"rootId":"vz30dd4wr8ts7ha","id":"vz30dd4wr8ts7ha"},"id":"zzyxrpjx7as28vt","previousOperationId":"gjt40ckk2j2j7rc"}
{"type":"log","timestamp":1704990873922,"level":"info","message":"Rendering request 51 finished in 156 ms","meta":{"rootId":"vz30dd4wr8ts7ha","id":"vz30dd4wr8ts7ha"},"id":"8gxuh35nfcpxl8v","previousOperationId":"gjt40ckk2j2j7rc"}
{"type":"operationEnd","subtype":"render","operationId":"xlunue2yrfitet0","timestamp":1704990873922,"id":"lg6c554x6ey1pbh","previousEventId":"gn0zcy9bxdlwrjh","previousOperationId":"gjt40ckk2j2j7rc"}
{"type":"operationEnd","doDiffs":false,"previousEventId":"n1abqron2kb350l","previousOperationId":"qvisr0pbz4hj5r3","operationId":"qvisr0pbz4hj5r3","timestamp":1704990873924,"id":"wc9yl58d7j1abtc"}
