{"type":"operationStart","subtype":"profile","data":{"_id":"EG6ghH4FCQqPUl3J","timestamp":"2024-01-11T17:33:49.518Z","state":"queued","mode":"standard","creationDate":"2024-01-11T17:33:49.519Z","modificationDate":"2024-01-11T17:33:49.519Z","shortid":"6Eza-Pc","$entitySet":"profiles"},"doDiffs":false,"timestamp":1704994429519,"id":"r8eyflhlaompd4z","previousOperationId":null,"operationId":"wbvx66fqrm1vig9"}
{"type":"log","level":"info","message":"Render request 155 queued for execution and waiting for available worker","previousOperationId":"wbvx66fqrm1vig9","timestamp":1704994429519,"id":"9ofcoamwm68pqnn"}
{"type":"operationStart","subtype":"render","name":"User_project","previousOperationId":"wbvx66fqrm1vig9","timestamp":1704994429523,"id":"gv9doaecgkbojj2","previousEventId":"r8eyflhlaompd4z","operationId":"rjkdki09pr180wa"}
{"type":"log","timestamp":1704994429523,"level":"info","message":"Starting rendering request 155","meta":{"rootId":"w01md3a98bijmpv","id":"w01md3a98bijmpv"},"id":"uooq4670ojyqhse","previousOperationId":"rjkdki09pr180wa"}
{"type":"log","timestamp":1704994429523,"level":"info","message":"Rendering template { name: User_project, recipe: chrome-pdf, engine: handlebars, preview: true }","meta":{"rootId":"w01md3a98bijmpv","id":"w01md3a98bijmpv"},"id":"5nbxa731rl2w053","previousOperationId":"rjkdki09pr180wa"}
{"type":"log","timestamp":1704994429523,"level":"debug","message":"Data item not defined for this template.","meta":{"rootId":"w01md3a98bijmpv","id":"w01md3a98bijmpv"},"id":"cefcv5wwnamuxrp","previousOperationId":"rjkdki09pr180wa"}
{"type":"log","timestamp":1704994429525,"level":"debug","message":"Executing script usabi-data (beforeRender)","meta":{"rootId":"w01md3a98bijmpv","id":"w01md3a98bijmpv"},"id":"0tt2i3iogehr6ru","previousOperationId":"rjkdki09pr180wa"}
{"type":"operationStart","subtype":"scriptsBeforeRender","name":"scripts beforeRender","timestamp":1704994429529,"id":"v15eboh1zwyq7qz","previousEventId":"gv9doaecgkbojj2","operationId":"yn3sv1yoms3gw6k","previousOperationId":"rjkdki09pr180wa"}
{"type":"operationStart","subtype":"script","name":"scripts usabi-data","previousOperationId":"yn3sv1yoms3gw6k","timestamp":1704994429529,"id":"tjgavhw6gyssqcy","previousEventId":"v15eboh1zwyq7qz","operationId":"v87lb9dbdm78kql"}
{"type":"operationEnd","operationId":"v87lb9dbdm78kql","timestamp":1704994429544,"id":"pws4vbtyb269s99","previousEventId":"gv9doaecgkbojj2","previousOperationId":"rjkdki09pr180wa"}
{"type":"log","timestamp":1704994429544,"level":"debug","message":"Executing script orders-script (beforeRender)","meta":{"rootId":"w01md3a98bijmpv","id":"w01md3a98bijmpv"},"id":"dtu9le1tqru1or0","previousOperationId":"rjkdki09pr180wa"}
{"type":"operationStart","subtype":"script","name":"scripts orders-script","previousOperationId":"yn3sv1yoms3gw6k","timestamp":1704994429546,"id":"hbyx53v8s2y96ve","previousEventId":"pws4vbtyb269s99","operationId":"6ahim9tkgq8y2dr"}
{"type":"operationEnd","operationId":"6ahim9tkgq8y2dr","timestamp":1704994430839,"id":"lmlkrauu439lz17","previousEventId":"pws4vbtyb269s99","previousOperationId":"rjkdki09pr180wa"}
{"type":"operationEnd","operationId":"yn3sv1yoms3gw6k","timestamp":1704994430839,"id":"z9znovmqw7z36cr","previousEventId":"lmlkrauu439lz17","previousOperationId":"rjkdki09pr180wa"}
{"type":"log","timestamp":1704994430839,"level":"debug","message":"Base url not specified, skipping its injection.","meta":{"rootId":"w01md3a98bijmpv","id":"w01md3a98bijmpv"},"id":"1ca9e53zmkg5yep","previousOperationId":"yn3sv1yoms3gw6k"}
{"type":"operationStart","subtype":"engine","name":"handlebars","timestamp":1704994430839,"id":"fyrgkegysibzvzc","previousEventId":"z9znovmqw7z36cr","operationId":"o7cwj2iljawibps","previousOperationId":"yn3sv1yoms3gw6k"}
{"type":"log","timestamp":1704994430839,"level":"debug","message":"Rendering engine handlebars","meta":{"rootId":"w01md3a98bijmpv","id":"w01md3a98bijmpv"},"id":"x4gpa32j34ggxau","previousOperationId":"o7cwj2iljawibps"}
{"type":"operationEnd","operationId":"o7cwj2iljawibps","timestamp":1704994430846,"id":"3996cn9wb5o6sek","previousEventId":"fyrgkegysibzvzc","previousOperationId":"o7cwj2iljawibps"}
{"type":"operationStart","subtype":"recipe","name":"chrome-pdf","timestamp":1704994430846,"id":"eyvo1oe2plh8f16","previousEventId":"3996cn9wb5o6sek","operationId":"h17a0d24fz76aaw","previousOperationId":"o7cwj2iljawibps"}
{"type":"log","timestamp":1704994430846,"level":"debug","message":"Executing recipe chrome-pdf","meta":{"rootId":"w01md3a98bijmpv","id":"w01md3a98bijmpv"},"id":"arf7kxoh9yz4em4","previousOperationId":"h17a0d24fz76aaw"}
{"type":"log","timestamp":1704994430847,"level":"debug","message":"Converting with chrome HeadlessChrome/117.0.5938.149 using chrome-pool strategy","meta":{"rootId":"w01md3a98bijmpv","id":"w01md3a98bijmpv"},"id":"wzmo2xby4quqo4e","previousOperationId":"h17a0d24fz76aaw"}
{"type":"log","timestamp":1704994430881,"level":"debug","message":"Page request: GET (document) file:///tmp/jsreport/autocleanup/1631fc45-a7a7-4e68-9b0a-99645f039356-chrome-pdf.html","meta":{"rootId":"w01md3a98bijmpv","id":"w01md3a98bijmpv"},"id":"07c3xrxk40qfe9u","previousOperationId":"h17a0d24fz76aaw"}
{"type":"log","timestamp":1704994430887,"level":"debug","message":"Page request: GET (script) https://cdn.jsdelivr.net/npm/chart.js","meta":{"rootId":"w01md3a98bijmpv","id":"w01md3a98bijmpv"},"id":"ozlj3sl1fdmrblr","previousOperationId":"h17a0d24fz76aaw"}
{"type":"log","timestamp":1704994430887,"level":"debug","message":"Page request finished: GET (document) 200 file:///tmp/jsreport/autocleanup/1631fc45-a7a7-4e68-9b0a-99645f039356-chrome-pdf.html","meta":{"rootId":"w01md3a98bijmpv","id":"w01md3a98bijmpv"},"id":"5gdfses0gyvugus","previousOperationId":"h17a0d24fz76aaw"}
{"type":"log","timestamp":1704994430891,"level":"debug","message":"Page request finished: GET (script) 200 https://cdn.jsdelivr.net/npm/chart.js","meta":{"rootId":"w01md3a98bijmpv","id":"w01md3a98bijmpv"},"id":"9aho9r0thphiqve","previousOperationId":"h17a0d24fz76aaw"}
{"type":"log","timestamp":1704994430893,"level":"warn","message":"Page error: Unexpected identifier 'Object' , stack: SyntaxError: Unexpected identifier 'Object'","meta":{"rootId":"w01md3a98bijmpv","id":"w01md3a98bijmpv"},"id":"l8sl5souxgkgegl","previousOperationId":"h17a0d24fz76aaw"}
{"type":"log","timestamp":1704994430898,"level":"debug","message":"Running chrome with params {\"printBackground\":true,\"timeout\":58671,\"margin\":{}}","meta":{"rootId":"w01md3a98bijmpv","id":"w01md3a98bijmpv"},"id":"b61p2q9p18la6g1","previousOperationId":"h17a0d24fz76aaw"}
{"type":"operationEnd","operationId":"h17a0d24fz76aaw","timestamp":1704994430905,"id":"wtbac2nvj1hiygr","previousEventId":"eyvo1oe2plh8f16","previousOperationId":"h17a0d24fz76aaw"}
{"type":"log","timestamp":1704994430905,"level":"debug","message":"Skipping storing report.","meta":{"rootId":"w01md3a98bijmpv","id":"w01md3a98bijmpv"},"id":"ufa8wk6adg4nnaj","previousOperationId":"h17a0d24fz76aaw"}
{"type":"log","timestamp":1704994430905,"level":"info","message":"Rendering request 155 finished in 1387 ms","meta":{"rootId":"w01md3a98bijmpv","id":"w01md3a98bijmpv"},"id":"cqsjywdsg84cft5","previousOperationId":"h17a0d24fz76aaw"}
{"type":"operationEnd","subtype":"render","operationId":"rjkdki09pr180wa","timestamp":1704994430906,"id":"3jc92wx8wr0zlwt","previousEventId":"wtbac2nvj1hiygr","previousOperationId":"h17a0d24fz76aaw"}
{"type":"operationEnd","doDiffs":false,"previousEventId":"r8eyflhlaompd4z","previousOperationId":"wbvx66fqrm1vig9","operationId":"wbvx66fqrm1vig9","timestamp":1704994430910,"id":"fkrk2mmtf835dai"}
