{"type":"operationStart","subtype":"profile","data":{"_id":"8gxjbaKbVT3jIQxv","timestamp":"2024-01-11T17:42:21.312Z","state":"queued","mode":"standard","creationDate":"2024-01-11T17:42:21.313Z","modificationDate":"2024-01-11T17:42:21.313Z","shortid":"_KCMDoo","$entitySet":"profiles"},"doDiffs":false,"timestamp":1704994941313,"id":"3t9ohlob1984noi","previousOperationId":null,"operationId":"o5cr5bzfcj0o4y5"}
{"type":"log","level":"info","message":"Render request 10 queued for execution and waiting for available worker","previousOperationId":"o5cr5bzfcj0o4y5","timestamp":1704994941313,"id":"qtr8nu8sbwjqrkz"}
{"type":"operationStart","subtype":"render","name":"User_project","previousOperationId":"o5cr5bzfcj0o4y5","timestamp":1704994941318,"id":"5r7etm9y3u7ptq2","previousEventId":"3t9ohlob1984noi","operationId":"wegggcsf4rmy6zw"}
{"type":"log","timestamp":1704994941318,"level":"info","message":"Starting rendering request 10","meta":{"rootId":"w4hwt7qttg7hri3","id":"w4hwt7qttg7hri3"},"id":"4h00h1t0y1unqru","previousOperationId":"wegggcsf4rmy6zw"}
{"type":"log","timestamp":1704994941319,"level":"info","message":"Rendering template { name: User_project, recipe: chrome-pdf, engine: handlebars, preview: true }","meta":{"rootId":"w4hwt7qttg7hri3","id":"w4hwt7qttg7hri3"},"id":"qrf7tuyyna68k5l","previousOperationId":"wegggcsf4rmy6zw"}
{"type":"log","timestamp":1704994941319,"level":"debug","message":"Data item not defined for this template.","meta":{"rootId":"w4hwt7qttg7hri3","id":"w4hwt7qttg7hri3"},"id":"faqxt7x7uu6z9hx","previousOperationId":"wegggcsf4rmy6zw"}
{"type":"log","timestamp":1704994941321,"level":"debug","message":"Executing script usabi-data (beforeRender)","meta":{"rootId":"w4hwt7qttg7hri3","id":"w4hwt7qttg7hri3"},"id":"7scqslp0imn3ipf","previousOperationId":"wegggcsf4rmy6zw"}
{"type":"operationStart","subtype":"scriptsBeforeRender","name":"scripts beforeRender","timestamp":1704994941325,"id":"0vyz4m7nw5mudpy","previousEventId":"5r7etm9y3u7ptq2","operationId":"c84nvbv0vk6n20k","previousOperationId":"wegggcsf4rmy6zw"}
{"type":"operationStart","subtype":"script","name":"scripts usabi-data","previousOperationId":"c84nvbv0vk6n20k","timestamp":1704994941325,"id":"dceirxd90masofk","previousEventId":"0vyz4m7nw5mudpy","operationId":"ihl7losrh34by8d"}
{"type":"operationEnd","operationId":"ihl7losrh34by8d","timestamp":1704994941348,"id":"cykv7pv6din469d","previousEventId":"5r7etm9y3u7ptq2","previousOperationId":"wegggcsf4rmy6zw"}
{"type":"log","timestamp":1704994941348,"level":"debug","message":"Executing script orders-script (beforeRender)","meta":{"rootId":"w4hwt7qttg7hri3","id":"w4hwt7qttg7hri3"},"id":"whsgqj77r5aro7p","previousOperationId":"wegggcsf4rmy6zw"}
{"type":"operationStart","subtype":"script","name":"scripts orders-script","previousOperationId":"c84nvbv0vk6n20k","timestamp":1704994941352,"id":"pwgzkd0uezyod3e","previousEventId":"cykv7pv6din469d","operationId":"tjeegbpfdwffxcz"}
{"type":"operationEnd","operationId":"tjeegbpfdwffxcz","timestamp":1704994942711,"id":"7yuffjo220ohllb","previousEventId":"cykv7pv6din469d","previousOperationId":"wegggcsf4rmy6zw"}
{"type":"operationEnd","operationId":"c84nvbv0vk6n20k","timestamp":1704994942711,"id":"4bl89s0bhr4xqr1","previousEventId":"7yuffjo220ohllb","previousOperationId":"wegggcsf4rmy6zw"}
{"type":"log","timestamp":1704994942711,"level":"debug","message":"Base url not specified, skipping its injection.","meta":{"rootId":"w4hwt7qttg7hri3","id":"w4hwt7qttg7hri3"},"id":"5m5ck7gxr49uhtl","previousOperationId":"c84nvbv0vk6n20k"}
{"type":"operationStart","subtype":"engine","name":"handlebars","timestamp":1704994942711,"id":"tz1uiie6tbijm6u","previousEventId":"4bl89s0bhr4xqr1","operationId":"i4koffln7ebsy5s","previousOperationId":"c84nvbv0vk6n20k"}
{"type":"log","timestamp":1704994942711,"level":"debug","message":"Rendering engine handlebars","meta":{"rootId":"w4hwt7qttg7hri3","id":"w4hwt7qttg7hri3"},"id":"4fxvzpizcecnzvf","previousOperationId":"i4koffln7ebsy5s"}
{"type":"operationEnd","operationId":"i4koffln7ebsy5s","timestamp":1704994942728,"id":"0ytl2d92wk1uynw","previousEventId":"tz1uiie6tbijm6u","previousOperationId":"i4koffln7ebsy5s"}
{"type":"operationStart","subtype":"recipe","name":"chrome-pdf","timestamp":1704994942728,"id":"iw3660zkpoxas55","previousEventId":"0ytl2d92wk1uynw","operationId":"t6l7n7vlikimwrl","previousOperationId":"i4koffln7ebsy5s"}
{"type":"log","timestamp":1704994942728,"level":"debug","message":"Executing recipe chrome-pdf","meta":{"rootId":"w4hwt7qttg7hri3","id":"w4hwt7qttg7hri3"},"id":"4c9g2o72mzceo8e","previousOperationId":"t6l7n7vlikimwrl"}
{"type":"log","timestamp":1704994942737,"level":"debug","message":"Converting with chrome HeadlessChrome/117.0.5938.149 using chrome-pool strategy","meta":{"rootId":"w4hwt7qttg7hri3","id":"w4hwt7qttg7hri3"},"id":"i04mc77ijyvhtra","previousOperationId":"t6l7n7vlikimwrl"}
{"type":"log","timestamp":1704994942790,"level":"debug","message":"Page request: GET (document) file:///tmp/jsreport/autocleanup/d2322945-5f6f-445f-adaf-3095da61d272-chrome-pdf.html","meta":{"rootId":"w4hwt7qttg7hri3","id":"w4hwt7qttg7hri3"},"id":"v7dyi97rdrmdhd7","previousOperationId":"t6l7n7vlikimwrl"}
{"type":"log","timestamp":1704994942798,"level":"debug","message":"Page request: GET (script) https://cdn.jsdelivr.net/npm/chart.js","meta":{"rootId":"w4hwt7qttg7hri3","id":"w4hwt7qttg7hri3"},"id":"ak0z2etl5qv5k86","previousOperationId":"t6l7n7vlikimwrl"}
{"type":"log","timestamp":1704994942799,"level":"debug","message":"Page request finished: GET (document) 200 file:///tmp/jsreport/autocleanup/d2322945-5f6f-445f-adaf-3095da61d272-chrome-pdf.html","meta":{"rootId":"w4hwt7qttg7hri3","id":"w4hwt7qttg7hri3"},"id":"y0703qkdfd4imc2","previousOperationId":"t6l7n7vlikimwrl"}
{"type":"log","timestamp":1704994942804,"level":"debug","message":"Page request finished: GET (script) 200 https://cdn.jsdelivr.net/npm/chart.js","meta":{"rootId":"w4hwt7qttg7hri3","id":"w4hwt7qttg7hri3"},"id":"amehll0qmtk1jkx","previousOperationId":"t6l7n7vlikimwrl"}
{"type":"log","timestamp":1704994942807,"level":"warn","message":"Page error: Unexpected identifier 'Object' , stack: SyntaxError: Unexpected identifier 'Object'","meta":{"rootId":"w4hwt7qttg7hri3","id":"w4hwt7qttg7hri3"},"id":"53b2a4aaiwjh5od","previousOperationId":"t6l7n7vlikimwrl"}
{"type":"log","timestamp":1704994942811,"level":"debug","message":"Running chrome with params {\"printBackground\":true,\"timeout\":58583,\"margin\":{}}","meta":{"rootId":"w4hwt7qttg7hri3","id":"w4hwt7qttg7hri3"},"id":"1c8v26rfsh3bl9t","previousOperationId":"t6l7n7vlikimwrl"}
{"type":"operationEnd","operationId":"t6l7n7vlikimwrl","timestamp":1704994942819,"id":"l3ufyo87y8u8eua","previousEventId":"iw3660zkpoxas55","previousOperationId":"t6l7n7vlikimwrl"}
{"type":"log","timestamp":1704994942819,"level":"debug","message":"Skipping storing report.","meta":{"rootId":"w4hwt7qttg7hri3","id":"w4hwt7qttg7hri3"},"id":"9xn6ulqs5z256ai","previousOperationId":"t6l7n7vlikimwrl"}
{"type":"log","timestamp":1704994942819,"level":"info","message":"Rendering request 10 finished in 1507 ms","meta":{"rootId":"w4hwt7qttg7hri3","id":"w4hwt7qttg7hri3"},"id":"o0i8gbtkapmi6fe","previousOperationId":"t6l7n7vlikimwrl"}
{"type":"operationEnd","subtype":"render","operationId":"wegggcsf4rmy6zw","timestamp":1704994942819,"id":"b8g4j4ch8e2g93h","previousEventId":"l3ufyo87y8u8eua","previousOperationId":"t6l7n7vlikimwrl"}
{"type":"operationEnd","doDiffs":false,"previousEventId":"3t9ohlob1984noi","previousOperationId":"o5cr5bzfcj0o4y5","operationId":"o5cr5bzfcj0o4y5","timestamp":1704994942825,"id":"u3sban5k2pq7gpr"}
