{"type":"operationStart","subtype":"profile","data":{"_id":"GcZjQCtFyva3t1Vl","timestamp":"2024-01-11T17:32:38.067Z","state":"queued","mode":"standard","creationDate":"2024-01-11T17:32:38.067Z","modificationDate":"2024-01-11T17:32:38.067Z","shortid":"mKWu6Rl","$entitySet":"profiles"},"doDiffs":false,"timestamp":1704994358067,"id":"c3545at2ipm9svn","previousOperationId":null,"operationId":"kulevdru8r5fwe0"}
{"type":"log","level":"info","message":"Render request 152 queued for execution and waiting for available worker","previousOperationId":"kulevdru8r5fwe0","timestamp":1704994358067,"id":"rp85e6qr98z8m8w"}
{"type":"operationStart","subtype":"render","name":"User_project","previousOperationId":"kulevdru8r5fwe0","timestamp":1704994358072,"id":"mq00odwqmftg7c6","previousEventId":"c3545at2ipm9svn","operationId":"37hxkw2xitsm82y"}
{"type":"log","timestamp":1704994358072,"level":"info","message":"Starting rendering request 152","meta":{"rootId":"wbj79p1i2naowmw","id":"wbj79p1i2naowmw"},"id":"zav88df8qckhq08","previousOperationId":"37hxkw2xitsm82y"}
{"type":"log","timestamp":1704994358072,"level":"info","message":"Rendering template { name: User_project, recipe: chrome-pdf, engine: handlebars, preview: true }","meta":{"rootId":"wbj79p1i2naowmw","id":"wbj79p1i2naowmw"},"id":"qe75y6gn471jovx","previousOperationId":"37hxkw2xitsm82y"}
{"type":"log","timestamp":1704994358072,"level":"debug","message":"Data item not defined for this template.","meta":{"rootId":"wbj79p1i2naowmw","id":"wbj79p1i2naowmw"},"id":"dpfpd84bussvh9h","previousOperationId":"37hxkw2xitsm82y"}
{"type":"log","timestamp":1704994358074,"level":"debug","message":"Executing script usabi-data (beforeRender)","meta":{"rootId":"wbj79p1i2naowmw","id":"wbj79p1i2naowmw"},"id":"ggo5slg6a2vddyc","previousOperationId":"37hxkw2xitsm82y"}
{"type":"operationStart","subtype":"scriptsBeforeRender","name":"scripts beforeRender","timestamp":1704994358077,"id":"my5rxnfb7kitlf8","previousEventId":"mq00odwqmftg7c6","operationId":"hpbkn2i851h9p0z","previousOperationId":"37hxkw2xitsm82y"}
{"type":"operationStart","subtype":"script","name":"scripts usabi-data","previousOperationId":"hpbkn2i851h9p0z","timestamp":1704994358077,"id":"n5huv21n926dakn","previousEventId":"my5rxnfb7kitlf8","operationId":"fl19lqrf3aflqt3"}
{"type":"operationEnd","operationId":"fl19lqrf3aflqt3","timestamp":1704994358090,"id":"dvvta5l02sial8b","previousEventId":"mq00odwqmftg7c6","previousOperationId":"37hxkw2xitsm82y"}
{"type":"log","timestamp":1704994358090,"level":"debug","message":"Executing script orders-script (beforeRender)","meta":{"rootId":"wbj79p1i2naowmw","id":"wbj79p1i2naowmw"},"id":"0eo4c36h45100ss","previousOperationId":"37hxkw2xitsm82y"}
{"type":"operationStart","subtype":"script","name":"scripts orders-script","previousOperationId":"hpbkn2i851h9p0z","timestamp":1704994358093,"id":"kpv60thsao2grd6","previousEventId":"dvvta5l02sial8b","operationId":"vyt37dcg7vcb9fr"}
{"type":"operationEnd","operationId":"vyt37dcg7vcb9fr","timestamp":1704994359399,"id":"ccfingz67qui1xn","previousEventId":"dvvta5l02sial8b","previousOperationId":"37hxkw2xitsm82y"}
{"type":"operationEnd","operationId":"hpbkn2i851h9p0z","timestamp":1704994359399,"id":"1o2urvctuu0p2lz","previousEventId":"ccfingz67qui1xn","previousOperationId":"37hxkw2xitsm82y"}
{"type":"log","timestamp":1704994359399,"level":"debug","message":"Base url not specified, skipping its injection.","meta":{"rootId":"wbj79p1i2naowmw","id":"wbj79p1i2naowmw"},"id":"9n5a3maq1d4ebm9","previousOperationId":"hpbkn2i851h9p0z"}
{"type":"operationStart","subtype":"engine","name":"handlebars","timestamp":1704994359399,"id":"yghom003citopfe","previousEventId":"1o2urvctuu0p2lz","operationId":"tyi4j9gxtx16isn","previousOperationId":"hpbkn2i851h9p0z"}
{"type":"log","timestamp":1704994359399,"level":"debug","message":"Rendering engine handlebars","meta":{"rootId":"wbj79p1i2naowmw","id":"wbj79p1i2naowmw"},"id":"yc0nkns7fh8015z","previousOperationId":"tyi4j9gxtx16isn"}
{"type":"operationEnd","operationId":"tyi4j9gxtx16isn","timestamp":1704994359406,"id":"l2ti2kproto00nh","previousEventId":"yghom003citopfe","previousOperationId":"tyi4j9gxtx16isn"}
{"type":"operationStart","subtype":"recipe","name":"chrome-pdf","timestamp":1704994359406,"id":"zg7jdp26pvv3iai","previousEventId":"l2ti2kproto00nh","operationId":"4f3jivujnhyzb1d","previousOperationId":"tyi4j9gxtx16isn"}
{"type":"log","timestamp":1704994359406,"level":"debug","message":"Executing recipe chrome-pdf","meta":{"rootId":"wbj79p1i2naowmw","id":"wbj79p1i2naowmw"},"id":"wjdlz8trtxcgi6e","previousOperationId":"4f3jivujnhyzb1d"}
{"type":"log","timestamp":1704994359408,"level":"debug","message":"Converting with chrome HeadlessChrome/117.0.5938.149 using chrome-pool strategy","meta":{"rootId":"wbj79p1i2naowmw","id":"wbj79p1i2naowmw"},"id":"xa3pnwsjiuukh1h","previousOperationId":"4f3jivujnhyzb1d"}
{"type":"log","timestamp":1704994359455,"level":"debug","message":"Page request: GET (document) file:///tmp/jsreport/autocleanup/47362848-06b7-4ee7-bc73-ba19cb6e8aa7-chrome-pdf.html","meta":{"rootId":"wbj79p1i2naowmw","id":"wbj79p1i2naowmw"},"id":"o6eiluhog6rdnv2","previousOperationId":"4f3jivujnhyzb1d"}
{"type":"log","timestamp":1704994359463,"level":"debug","message":"Page request: GET (script) https://cdn.jsdelivr.net/npm/chart.js","meta":{"rootId":"wbj79p1i2naowmw","id":"wbj79p1i2naowmw"},"id":"s9l7ljsxbkndozk","previousOperationId":"4f3jivujnhyzb1d"}
{"type":"log","timestamp":1704994359464,"level":"debug","message":"Page request finished: GET (document) 200 file:///tmp/jsreport/autocleanup/47362848-06b7-4ee7-bc73-ba19cb6e8aa7-chrome-pdf.html","meta":{"rootId":"wbj79p1i2naowmw","id":"wbj79p1i2naowmw"},"id":"h9j31jdyiduutt6","previousOperationId":"4f3jivujnhyzb1d"}
{"type":"log","timestamp":1704994359468,"level":"debug","message":"Page request finished: GET (script) 200 https://cdn.jsdelivr.net/npm/chart.js","meta":{"rootId":"wbj79p1i2naowmw","id":"wbj79p1i2naowmw"},"id":"kg91r2bz2sjc7op","previousOperationId":"4f3jivujnhyzb1d"}
{"type":"log","timestamp":1704994359470,"level":"warn","message":"Page error: Unexpected identifier 'Object' , stack: SyntaxError: Unexpected identifier 'Object'","meta":{"rootId":"wbj79p1i2naowmw","id":"wbj79p1i2naowmw"},"id":"2ro0pygwmxvau42","previousOperationId":"4f3jivujnhyzb1d"}
{"type":"log","timestamp":1704994359477,"level":"debug","message":"Running chrome with params {\"printBackground\":true,\"timeout\":58659,\"margin\":{}}","meta":{"rootId":"wbj79p1i2naowmw","id":"wbj79p1i2naowmw"},"id":"ba1t9ikvykn6p5v","previousOperationId":"4f3jivujnhyzb1d"}
{"type":"operationEnd","operationId":"4f3jivujnhyzb1d","timestamp":1704994359488,"id":"c4atf17y5s8zath","previousEventId":"zg7jdp26pvv3iai","previousOperationId":"4f3jivujnhyzb1d"}
{"type":"log","timestamp":1704994359488,"level":"debug","message":"Skipping storing report.","meta":{"rootId":"wbj79p1i2naowmw","id":"wbj79p1i2naowmw"},"id":"r9tsxvutt8l3n6r","previousOperationId":"4f3jivujnhyzb1d"}
{"type":"log","timestamp":1704994359488,"level":"info","message":"Rendering request 152 finished in 1422 ms","meta":{"rootId":"wbj79p1i2naowmw","id":"wbj79p1i2naowmw"},"id":"2ilo8t3qvjk27qc","previousOperationId":"4f3jivujnhyzb1d"}
{"type":"operationEnd","subtype":"render","operationId":"37hxkw2xitsm82y","timestamp":1704994359488,"id":"76o3k0e67tx20iy","previousEventId":"c4atf17y5s8zath","previousOperationId":"4f3jivujnhyzb1d"}
{"type":"operationEnd","doDiffs":false,"previousEventId":"c3545at2ipm9svn","previousOperationId":"kulevdru8r5fwe0","operationId":"kulevdru8r5fwe0","timestamp":1704994359491,"id":"m851ia3x6jjpc6v"}
