{"type":"operationStart","subtype":"profile","data":{"_id":"sL6FbeLPyZa6KdGP","timestamp":"2024-01-11T16:16:51.786Z","state":"queued","mode":"standard","creationDate":"2024-01-11T16:16:51.787Z","modificationDate":"2024-01-11T16:16:51.787Z","shortid":"QYMYONB","$entitySet":"profiles"},"doDiffs":false,"timestamp":1704989811787,"id":"31rba61le0o99gx","previousOperationId":null,"operationId":"yfrj3wdahqq9ua0"}
{"type":"log","level":"info","message":"Render request 19 queued for execution and waiting for available worker","previousOperationId":"yfrj3wdahqq9ua0","timestamp":1704989811787,"id":"96jxw6iwdj747pn"}
{"type":"operationStart","subtype":"render","name":"User_project","previousOperationId":"yfrj3wdahqq9ua0","timestamp":1704989811791,"id":"fnjztxwzs6xvujy","previousEventId":"31rba61le0o99gx","operationId":"d2i4gi91mhfxodq"}
{"type":"log","timestamp":1704989811791,"level":"info","message":"Starting rendering request 19","meta":{"rootId":"wh8gwqalz0nvjum","id":"wh8gwqalz0nvjum"},"id":"yqreqn52qvivgg1","previousOperationId":"d2i4gi91mhfxodq"}
{"type":"log","timestamp":1704989811791,"level":"info","message":"Rendering template { name: User_project, recipe: chrome-pdf, engine: handlebars, preview: true }","meta":{"rootId":"wh8gwqalz0nvjum","id":"wh8gwqalz0nvjum"},"id":"0zbnhk5v5wjz8uz","previousOperationId":"d2i4gi91mhfxodq"}
{"type":"log","timestamp":1704989811791,"level":"debug","message":"Data item not defined for this template.","meta":{"rootId":"wh8gwqalz0nvjum","id":"wh8gwqalz0nvjum"},"id":"v0nyepga0kbb8r5","previousOperationId":"d2i4gi91mhfxodq"}
{"type":"log","timestamp":1704989811792,"level":"debug","message":"Executing script usabi-data (beforeRender)","meta":{"rootId":"wh8gwqalz0nvjum","id":"wh8gwqalz0nvjum"},"id":"4b4wstyqrhlw46a","previousOperationId":"d2i4gi91mhfxodq"}
{"type":"operationStart","subtype":"scriptsBeforeRender","name":"scripts beforeRender","timestamp":1704989811796,"id":"8i45r06mo58sscw","previousEventId":"fnjztxwzs6xvujy","operationId":"6bil5hu8psr6ltd","previousOperationId":"d2i4gi91mhfxodq"}
{"type":"operationStart","subtype":"script","name":"scripts usabi-data","previousOperationId":"6bil5hu8psr6ltd","timestamp":1704989811796,"id":"5t4al3ryx39nty1","previousEventId":"8i45r06mo58sscw","operationId":"401fi4b20cw38lp"}
{"type":"operationEnd","operationId":"401fi4b20cw38lp","timestamp":1704989811807,"id":"s0gpv5vcj47mvng","previousEventId":"fnjztxwzs6xvujy","previousOperationId":"d2i4gi91mhfxodq"}
{"type":"operationEnd","operationId":"6bil5hu8psr6ltd","timestamp":1704989811807,"id":"ppxusg33p67rx18","previousEventId":"s0gpv5vcj47mvng","previousOperationId":"d2i4gi91mhfxodq"}
{"type":"log","timestamp":1704989811807,"level":"debug","message":"Base url not specified, skipping its injection.","meta":{"rootId":"wh8gwqalz0nvjum","id":"wh8gwqalz0nvjum"},"id":"1rwhkax8mrcqr4f","previousOperationId":"6bil5hu8psr6ltd"}
{"type":"operationStart","subtype":"engine","name":"handlebars","timestamp":1704989811807,"id":"coekswk1q8wr3b6","previousEventId":"ppxusg33p67rx18","operationId":"xv7yvah8uygkxkv","previousOperationId":"6bil5hu8psr6ltd"}
{"type":"log","timestamp":1704989811807,"level":"debug","message":"Rendering engine handlebars","meta":{"rootId":"wh8gwqalz0nvjum","id":"wh8gwqalz0nvjum"},"id":"93edtz7ewwtcve1","previousOperationId":"xv7yvah8uygkxkv"}
{"type":"operationEnd","operationId":"xv7yvah8uygkxkv","timestamp":1704989811817,"id":"62w63ecf4unko8s","previousEventId":"coekswk1q8wr3b6","previousOperationId":"xv7yvah8uygkxkv"}
{"type":"operationStart","subtype":"recipe","name":"chrome-pdf","timestamp":1704989811817,"id":"dyxordkum2ltc3m","previousEventId":"62w63ecf4unko8s","operationId":"gx1sxvwjl29j4oq","previousOperationId":"xv7yvah8uygkxkv"}
{"type":"log","timestamp":1704989811817,"level":"debug","message":"Executing recipe chrome-pdf","meta":{"rootId":"wh8gwqalz0nvjum","id":"wh8gwqalz0nvjum"},"id":"9mmnkr7f6e0bse6","previousOperationId":"gx1sxvwjl29j4oq"}
{"type":"log","timestamp":1704989811819,"level":"debug","message":"Converting with chrome HeadlessChrome/117.0.5938.149 using chrome-pool strategy","meta":{"rootId":"wh8gwqalz0nvjum","id":"wh8gwqalz0nvjum"},"id":"vzf41miw834vtr1","previousOperationId":"gx1sxvwjl29j4oq"}
{"type":"log","timestamp":1704989811852,"level":"debug","message":"Page request: GET (document) file:///tmp/jsreport/autocleanup/e0b3eaa0-87f5-4ac8-9d69-21c72a0ff53b-chrome-pdf.html","meta":{"rootId":"wh8gwqalz0nvjum","id":"wh8gwqalz0nvjum"},"id":"nlcbv3pfoj74d5v","previousOperationId":"gx1sxvwjl29j4oq"}
{"type":"log","timestamp":1704989811859,"level":"debug","message":"Page request: GET (script) https://cdn.jsdelivr.net/npm/chart.js","meta":{"rootId":"wh8gwqalz0nvjum","id":"wh8gwqalz0nvjum"},"id":"fclvilpbtwysn6t","previousOperationId":"gx1sxvwjl29j4oq"}
{"type":"log","timestamp":1704989811859,"level":"debug","message":"Page request finished: GET (document) 200 file:///tmp/jsreport/autocleanup/e0b3eaa0-87f5-4ac8-9d69-21c72a0ff53b-chrome-pdf.html","meta":{"rootId":"wh8gwqalz0nvjum","id":"wh8gwqalz0nvjum"},"id":"zgg1ctrdrxgvv3u","previousOperationId":"gx1sxvwjl29j4oq"}
{"type":"log","timestamp":1704989811862,"level":"debug","message":"Page request finished: GET (script) 200 https://cdn.jsdelivr.net/npm/chart.js","meta":{"rootId":"wh8gwqalz0nvjum","id":"wh8gwqalz0nvjum"},"id":"8pgsotdn83ugqq7","previousOperationId":"gx1sxvwjl29j4oq"}
{"type":"log","timestamp":1704989811913,"level":"debug","message":"Running chrome with params {\"printBackground\":true,\"timeout\":59968,\"margin\":{}}","meta":{"rootId":"wh8gwqalz0nvjum","id":"wh8gwqalz0nvjum"},"id":"vqiaibfd9nmp8nn","previousOperationId":"gx1sxvwjl29j4oq"}
{"type":"operationEnd","operationId":"gx1sxvwjl29j4oq","timestamp":1704989811933,"id":"af7la9jjjwhgp1z","previousEventId":"dyxordkum2ltc3m","previousOperationId":"gx1sxvwjl29j4oq"}
{"type":"log","timestamp":1704989811933,"level":"debug","message":"Skipping storing report.","meta":{"rootId":"wh8gwqalz0nvjum","id":"wh8gwqalz0nvjum"},"id":"p5n7y63oi9q5swm","previousOperationId":"gx1sxvwjl29j4oq"}
{"type":"log","timestamp":1704989811933,"level":"info","message":"Rendering request 19 finished in 147 ms","meta":{"rootId":"wh8gwqalz0nvjum","id":"wh8gwqalz0nvjum"},"id":"q7tevw57or5gv0d","previousOperationId":"gx1sxvwjl29j4oq"}
{"type":"operationEnd","subtype":"render","operationId":"d2i4gi91mhfxodq","timestamp":1704989811933,"id":"utbigipukfgntid","previousEventId":"af7la9jjjwhgp1z","previousOperationId":"gx1sxvwjl29j4oq"}
{"type":"operationEnd","doDiffs":false,"previousEventId":"31rba61le0o99gx","previousOperationId":"yfrj3wdahqq9ua0","operationId":"yfrj3wdahqq9ua0","timestamp":1704989811936,"id":"6tvhmktezfsocnq"}
