{"type":"operationStart","subtype":"profile","data":{"_id":"Po4vkYkKHUBpUnRz","timestamp":"2024-01-11T17:38:15.877Z","state":"queued","mode":"standard","creationDate":"2024-01-11T17:38:15.879Z","modificationDate":"2024-01-11T17:38:15.879Z","shortid":"V2WqnbI","$entitySet":"profiles"},"doDiffs":false,"timestamp":1704994695878,"id":"1j9rnv2y3v4b2x1","previousOperationId":null,"operationId":"kd3djp2un7m2ddp"}
{"type":"log","level":"info","message":"Render request 2 queued for execution and waiting for available worker","previousOperationId":"kd3djp2un7m2ddp","timestamp":1704994695878,"id":"f8knjc56u032blc"}
{"type":"operationStart","subtype":"render","name":"User_project","previousOperationId":"kd3djp2un7m2ddp","timestamp":1704994695884,"id":"ec40uykazrq6fcb","previousEventId":"1j9rnv2y3v4b2x1","operationId":"4oo0fg80z1ha87r"}
{"type":"log","timestamp":1704994695885,"level":"info","message":"Starting rendering request 2","meta":{"rootId":"wmcs3bpishx62xa","id":"wmcs3bpishx62xa"},"id":"oehdi2xg8dedin8","previousOperationId":"4oo0fg80z1ha87r"}
{"type":"log","timestamp":1704994695885,"level":"info","message":"Rendering template { name: User_project, recipe: chrome-pdf, engine: handlebars, preview: true }","meta":{"rootId":"wmcs3bpishx62xa","id":"wmcs3bpishx62xa"},"id":"o544ar3gj7073r1","previousOperationId":"4oo0fg80z1ha87r"}
{"type":"log","timestamp":1704994695886,"level":"debug","message":"Data item not defined for this template.","meta":{"rootId":"wmcs3bpishx62xa","id":"wmcs3bpishx62xa"},"id":"o1f6ciu4ufehjd7","previousOperationId":"4oo0fg80z1ha87r"}
{"type":"log","timestamp":1704994695888,"level":"debug","message":"Executing script usabi-data (beforeRender)","meta":{"rootId":"wmcs3bpishx62xa","id":"wmcs3bpishx62xa"},"id":"o2ebxbji48nqf0p","previousOperationId":"4oo0fg80z1ha87r"}
{"type":"operationStart","subtype":"scriptsBeforeRender","name":"scripts beforeRender","timestamp":1704994696006,"id":"u37k6d7v4vkpg3d","previousEventId":"ec40uykazrq6fcb","operationId":"f726dhrapslvmhn","previousOperationId":"4oo0fg80z1ha87r"}
{"type":"operationStart","subtype":"script","name":"scripts usabi-data","previousOperationId":"f726dhrapslvmhn","timestamp":1704994696006,"id":"qbwfwuszyg4863c","previousEventId":"u37k6d7v4vkpg3d","operationId":"1hcp1fvwmnf3r74"}
{"type":"operationEnd","operationId":"1hcp1fvwmnf3r74","timestamp":1704994696029,"id":"7ispdko3b4vlofi","previousEventId":"ec40uykazrq6fcb","previousOperationId":"4oo0fg80z1ha87r"}
{"type":"log","timestamp":1704994696029,"level":"debug","message":"Executing script orders-script (beforeRender)","meta":{"rootId":"wmcs3bpishx62xa","id":"wmcs3bpishx62xa"},"id":"oimviufha5d9nvf","previousOperationId":"4oo0fg80z1ha87r"}
{"type":"operationStart","subtype":"script","name":"scripts orders-script","previousOperationId":"f726dhrapslvmhn","timestamp":1704994696040,"id":"5xy7d9bd0x141a3","previousEventId":"7ispdko3b4vlofi","operationId":"43nvzsdrout3fs4"}
{"type":"operationEnd","operationId":"43nvzsdrout3fs4","timestamp":1704994697328,"id":"yd77fh6imdmnxrx","previousEventId":"7ispdko3b4vlofi","previousOperationId":"4oo0fg80z1ha87r"}
{"type":"operationEnd","operationId":"f726dhrapslvmhn","timestamp":1704994697328,"id":"arqlccpsrr11tmw","previousEventId":"yd77fh6imdmnxrx","previousOperationId":"4oo0fg80z1ha87r"}
{"type":"log","timestamp":1704994697328,"level":"debug","message":"Base url not specified, skipping its injection.","meta":{"rootId":"wmcs3bpishx62xa","id":"wmcs3bpishx62xa"},"id":"chx8depg9k0lucs","previousOperationId":"f726dhrapslvmhn"}
{"type":"operationStart","subtype":"engine","name":"handlebars","timestamp":1704994697329,"id":"s5qr9nsgjmxy97l","previousEventId":"arqlccpsrr11tmw","operationId":"7do15cdnlu7dzcz","previousOperationId":"f726dhrapslvmhn"}
{"type":"log","timestamp":1704994697329,"level":"debug","message":"Rendering engine handlebars","meta":{"rootId":"wmcs3bpishx62xa","id":"wmcs3bpishx62xa"},"id":"minnmzeatx0c9l4","previousOperationId":"7do15cdnlu7dzcz"}
{"type":"operationEnd","operationId":"7do15cdnlu7dzcz","timestamp":1704994697573,"id":"2l5nzkvb0h0uxde","previousEventId":"s5qr9nsgjmxy97l","previousOperationId":"7do15cdnlu7dzcz"}
{"type":"operationStart","subtype":"recipe","name":"chrome-pdf","timestamp":1704994697573,"id":"7w4dbew35hazok3","previousEventId":"2l5nzkvb0h0uxde","operationId":"x85h1m2b8sxr4tm","previousOperationId":"7do15cdnlu7dzcz"}
{"type":"log","timestamp":1704994697573,"level":"debug","message":"Executing recipe chrome-pdf","meta":{"rootId":"wmcs3bpishx62xa","id":"wmcs3bpishx62xa"},"id":"97fgyj4zewdl07v","previousOperationId":"x85h1m2b8sxr4tm"}
{"type":"log","timestamp":1704994697871,"level":"debug","message":"Converting with chrome HeadlessChrome/117.0.5938.149 using chrome-pool strategy","meta":{"rootId":"wmcs3bpishx62xa","id":"wmcs3bpishx62xa"},"id":"oec63cvttic8899","previousOperationId":"x85h1m2b8sxr4tm"}
{"type":"log","timestamp":1704994697917,"level":"debug","message":"Page request: GET (document) file:///tmp/jsreport/autocleanup/37a24e70-c91a-4cea-978d-f939aa7635f8-chrome-pdf.html","meta":{"rootId":"wmcs3bpishx62xa","id":"wmcs3bpishx62xa"},"id":"g3ed3s13p9m8g2b","previousOperationId":"x85h1m2b8sxr4tm"}
{"type":"log","timestamp":1704994697924,"level":"debug","message":"Page request: GET (script) https://cdn.jsdelivr.net/npm/chart.js","meta":{"rootId":"wmcs3bpishx62xa","id":"wmcs3bpishx62xa"},"id":"06fl0q7tco1vt9n","previousOperationId":"x85h1m2b8sxr4tm"}
{"type":"log","timestamp":1704994697924,"level":"debug","message":"Page request finished: GET (document) 200 file:///tmp/jsreport/autocleanup/37a24e70-c91a-4cea-978d-f939aa7635f8-chrome-pdf.html","meta":{"rootId":"wmcs3bpishx62xa","id":"wmcs3bpishx62xa"},"id":"lr0k74u22jbm67z","previousOperationId":"x85h1m2b8sxr4tm"}
{"type":"log","timestamp":1704994698107,"level":"debug","message":"Page request finished: GET (script) 200 https://cdn.jsdelivr.net/npm/chart.js","meta":{"rootId":"wmcs3bpishx62xa","id":"wmcs3bpishx62xa"},"id":"7m6hnzf0dsw6tzu","previousOperationId":"x85h1m2b8sxr4tm"}
{"type":"log","timestamp":1704994698113,"level":"warn","message":"Page error: Unexpected identifier 'Object' , stack: SyntaxError: Unexpected identifier 'Object'","meta":{"rootId":"wmcs3bpishx62xa","id":"wmcs3bpishx62xa"},"id":"g1sitczgvypptap","previousOperationId":"x85h1m2b8sxr4tm"}
{"type":"log","timestamp":1704994698118,"level":"warn","message":"Page error: Unexpected identifier 'Object' , stack: SyntaxError: Unexpected identifier 'Object'","meta":{"rootId":"wmcs3bpishx62xa","id":"wmcs3bpishx62xa"},"id":"nvah57jjkav7blx","previousOperationId":"x85h1m2b8sxr4tm"}
{"type":"log","timestamp":1704994698131,"level":"debug","message":"Running chrome with params {\"printBackground\":true,\"timeout\":58157,\"margin\":{}}","meta":{"rootId":"wmcs3bpishx62xa","id":"wmcs3bpishx62xa"},"id":"kijrjrftgyq1ibt","previousOperationId":"x85h1m2b8sxr4tm"}
{"type":"operationEnd","operationId":"x85h1m2b8sxr4tm","timestamp":1704994698154,"id":"qn3ccaj1sy97u3w","previousEventId":"7w4dbew35hazok3","previousOperationId":"x85h1m2b8sxr4tm"}
{"type":"log","timestamp":1704994698155,"level":"debug","message":"Skipping storing report.","meta":{"rootId":"wmcs3bpishx62xa","id":"wmcs3bpishx62xa"},"id":"f189u95kb4aqqll","previousOperationId":"x85h1m2b8sxr4tm"}
{"type":"log","timestamp":1704994698155,"level":"info","message":"Rendering request 2 finished in 2278 ms","meta":{"rootId":"wmcs3bpishx62xa","id":"wmcs3bpishx62xa"},"id":"wjw7f0aguvdrsbx","previousOperationId":"x85h1m2b8sxr4tm"}
{"type":"operationEnd","subtype":"render","operationId":"4oo0fg80z1ha87r","timestamp":1704994698155,"id":"nt9vn468maegv6z","previousEventId":"qn3ccaj1sy97u3w","previousOperationId":"x85h1m2b8sxr4tm"}
{"type":"operationEnd","doDiffs":false,"previousEventId":"1j9rnv2y3v4b2x1","previousOperationId":"kd3djp2un7m2ddp","operationId":"kd3djp2un7m2ddp","timestamp":1704994698161,"id":"gd41rnj64ocx4o8"}
