{"type":"operationStart","subtype":"profile","data":{"_id":"QOvQL6NUm5Gvnf3S","timestamp":"2024-01-11T18:56:04.987Z","state":"queued","mode":"standard","creationDate":"2024-01-11T18:56:04.988Z","modificationDate":"2024-01-11T18:56:04.988Z","shortid":"BN9yO8t","$entitySet":"profiles"},"doDiffs":false,"timestamp":1704999364987,"id":"2cxz09ucphihahf","previousOperationId":null,"operationId":"5sm040y855dy5p6"}
{"type":"log","level":"info","message":"Render request 51 queued for execution and waiting for available worker","previousOperationId":"5sm040y855dy5p6","timestamp":1704999364987,"id":"s76xo08hpdva9hr"}
{"type":"operationStart","subtype":"render","name":"User_project","previousOperationId":"5sm040y855dy5p6","timestamp":1704999364992,"id":"d4nl05w2xbgo2d3","previousEventId":"2cxz09ucphihahf","operationId":"2yjm4cwomfb6gzi"}
{"type":"log","timestamp":1704999364992,"level":"info","message":"Starting rendering request 51","meta":{"rootId":"wpne5jq63wwu3wd","id":"wpne5jq63wwu3wd"},"id":"atp43un6obv4nwv","previousOperationId":"2yjm4cwomfb6gzi"}
{"type":"log","timestamp":1704999364992,"level":"info","message":"Rendering template { name: User_project, recipe: chrome-pdf, engine: handlebars, preview: true }","meta":{"rootId":"wpne5jq63wwu3wd","id":"wpne5jq63wwu3wd"},"id":"owlqt7st24et1sn","previousOperationId":"2yjm4cwomfb6gzi"}
{"type":"log","timestamp":1704999364992,"level":"debug","message":"Data item not defined for this template.","meta":{"rootId":"wpne5jq63wwu3wd","id":"wpne5jq63wwu3wd"},"id":"6j7ucyajpfdrawm","previousOperationId":"2yjm4cwomfb6gzi"}
{"type":"log","timestamp":1704999364993,"level":"debug","message":"Executing script usabi-data (beforeRender)","meta":{"rootId":"wpne5jq63wwu3wd","id":"wpne5jq63wwu3wd"},"id":"ac4utrjl52ky72t","previousOperationId":"2yjm4cwomfb6gzi"}
{"type":"operationStart","subtype":"scriptsBeforeRender","name":"scripts beforeRender","timestamp":1704999364996,"id":"8uw35ors333j09v","previousEventId":"d4nl05w2xbgo2d3","operationId":"jr3hmo2h3ud26u7","previousOperationId":"2yjm4cwomfb6gzi"}
{"type":"operationStart","subtype":"script","name":"scripts usabi-data","previousOperationId":"jr3hmo2h3ud26u7","timestamp":1704999364996,"id":"f59kxtlui1gqmh6","previousEventId":"8uw35ors333j09v","operationId":"8u5lkyipy8218vj"}
{"type":"operationEnd","operationId":"8u5lkyipy8218vj","timestamp":1704999365013,"id":"rw1yxxlf7pqqcl6","previousEventId":"d4nl05w2xbgo2d3","previousOperationId":"2yjm4cwomfb6gzi"}
{"type":"log","timestamp":1704999365013,"level":"debug","message":"Executing script orders-script (beforeRender)","meta":{"rootId":"wpne5jq63wwu3wd","id":"wpne5jq63wwu3wd"},"id":"zduujqgt23w7yod","previousOperationId":"2yjm4cwomfb6gzi"}
{"type":"operationStart","subtype":"script","name":"scripts orders-script","previousOperationId":"jr3hmo2h3ud26u7","timestamp":1704999365017,"id":"la02rcnmbqdcbt8","previousEventId":"rw1yxxlf7pqqcl6","operationId":"zzpn8ltcn1eapkx"}
{"type":"operationEnd","operationId":"zzpn8ltcn1eapkx","timestamp":1704999366356,"id":"68vjy5gn1fczecn","previousEventId":"rw1yxxlf7pqqcl6","previousOperationId":"2yjm4cwomfb6gzi"}
{"type":"operationEnd","operationId":"jr3hmo2h3ud26u7","timestamp":1704999366356,"id":"lde20j03y1qxioh","previousEventId":"68vjy5gn1fczecn","previousOperationId":"2yjm4cwomfb6gzi"}
{"type":"log","timestamp":1704999366356,"level":"debug","message":"Base url not specified, skipping its injection.","meta":{"rootId":"wpne5jq63wwu3wd","id":"wpne5jq63wwu3wd"},"id":"itjf6z974oh2ibn","previousOperationId":"jr3hmo2h3ud26u7"}
{"type":"operationStart","subtype":"engine","name":"handlebars","timestamp":1704999366356,"id":"75g13e5ukcclu9p","previousEventId":"lde20j03y1qxioh","operationId":"493b6z06mkp46k8","previousOperationId":"jr3hmo2h3ud26u7"}
{"type":"log","timestamp":1704999366356,"level":"debug","message":"Rendering engine handlebars","meta":{"rootId":"wpne5jq63wwu3wd","id":"wpne5jq63wwu3wd"},"id":"cnrdnri9zivskhv","previousOperationId":"493b6z06mkp46k8"}
{"type":"operationEnd","operationId":"493b6z06mkp46k8","timestamp":1704999366362,"id":"cou2gjrmty81xvv","previousEventId":"75g13e5ukcclu9p","previousOperationId":"493b6z06mkp46k8"}
{"type":"operationStart","subtype":"recipe","name":"chrome-pdf","timestamp":1704999366362,"id":"sqwyhjgp9jhjqrk","previousEventId":"cou2gjrmty81xvv","operationId":"49929lyfj9j1fdn","previousOperationId":"493b6z06mkp46k8"}
{"type":"log","timestamp":1704999366362,"level":"debug","message":"Executing recipe chrome-pdf","meta":{"rootId":"wpne5jq63wwu3wd","id":"wpne5jq63wwu3wd"},"id":"6tx6iz9c3whd2nx","previousOperationId":"49929lyfj9j1fdn"}
{"type":"log","timestamp":1704999366364,"level":"debug","message":"Converting with chrome HeadlessChrome/117.0.5938.149 using chrome-pool strategy","meta":{"rootId":"wpne5jq63wwu3wd","id":"wpne5jq63wwu3wd"},"id":"r9uwvtojd00x62f","previousOperationId":"49929lyfj9j1fdn"}
{"type":"log","timestamp":1704999366399,"level":"debug","message":"Page request: GET (document) file:///tmp/jsreport/autocleanup/ec05d2ee-4af7-4c3f-bc0e-6edadd573ac9-chrome-pdf.html","meta":{"rootId":"wpne5jq63wwu3wd","id":"wpne5jq63wwu3wd"},"id":"jgpa01tjvyop0e2","previousOperationId":"49929lyfj9j1fdn"}
{"type":"log","timestamp":1704999366407,"level":"debug","message":"Page request: GET (script) https://cdn.jsdelivr.net/npm/chart.js","meta":{"rootId":"wpne5jq63wwu3wd","id":"wpne5jq63wwu3wd"},"id":"pm3b4h6v5t6mhiu","previousOperationId":"49929lyfj9j1fdn"}
{"type":"log","timestamp":1704999366407,"level":"debug","message":"Page request finished: GET (document) 200 file:///tmp/jsreport/autocleanup/ec05d2ee-4af7-4c3f-bc0e-6edadd573ac9-chrome-pdf.html","meta":{"rootId":"wpne5jq63wwu3wd","id":"wpne5jq63wwu3wd"},"id":"mt0eltqaokxdnel","previousOperationId":"49929lyfj9j1fdn"}
{"type":"log","timestamp":1704999366410,"level":"debug","message":"Page request finished: GET (script) 200 https://cdn.jsdelivr.net/npm/chart.js","meta":{"rootId":"wpne5jq63wwu3wd","id":"wpne5jq63wwu3wd"},"id":"qkxqdia7b46ykeo","previousOperationId":"49929lyfj9j1fdn"}
{"type":"log","timestamp":1704999366454,"level":"debug","message":"Running chrome with params {\"printBackground\":true,\"timeout\":58624,\"margin\":{}}","meta":{"rootId":"wpne5jq63wwu3wd","id":"wpne5jq63wwu3wd"},"id":"qa37rtqwm0d9xxw","previousOperationId":"49929lyfj9j1fdn"}
{"type":"operationEnd","operationId":"49929lyfj9j1fdn","timestamp":1704999366506,"id":"p0d3lq9kskvmtje","previousEventId":"sqwyhjgp9jhjqrk","previousOperationId":"49929lyfj9j1fdn"}
{"type":"log","timestamp":1704999366506,"level":"debug","message":"Skipping storing report.","meta":{"rootId":"wpne5jq63wwu3wd","id":"wpne5jq63wwu3wd"},"id":"eq8lnb7cu9g6gta","previousOperationId":"49929lyfj9j1fdn"}
{"type":"log","timestamp":1704999366506,"level":"info","message":"Rendering request 51 finished in 1519 ms","meta":{"rootId":"wpne5jq63wwu3wd","id":"wpne5jq63wwu3wd"},"id":"muphd0frjzd6iif","previousOperationId":"49929lyfj9j1fdn"}
{"type":"operationEnd","subtype":"render","operationId":"2yjm4cwomfb6gzi","timestamp":1704999366506,"id":"nl3j0noz4mn6lgh","previousEventId":"p0d3lq9kskvmtje","previousOperationId":"49929lyfj9j1fdn"}
{"type":"operationEnd","doDiffs":false,"previousEventId":"2cxz09ucphihahf","previousOperationId":"5sm040y855dy5p6","operationId":"5sm040y855dy5p6","timestamp":1704999366508,"id":"nqxley2ngcw6srt"}
