{"type":"operationStart","subtype":"profile","data":{"_id":"bVwhHeovts3YhOPK","timestamp":"2024-01-11T16:28:15.097Z","state":"queued","mode":"standard","creationDate":"2024-01-11T16:28:15.097Z","modificationDate":"2024-01-11T16:28:15.097Z","shortid":"6s18Fjo","$entitySet":"profiles"},"doDiffs":false,"timestamp":1704990495097,"id":"pm10w9qj2zd2wif","previousOperationId":null,"operationId":"b2hz5rluy5y8g3h"}
{"type":"log","level":"info","message":"Render request 40 queued for execution and waiting for available worker","previousOperationId":"b2hz5rluy5y8g3h","timestamp":1704990495097,"id":"cnzqxctz7mco9gm"}
{"type":"operationStart","subtype":"render","name":"User_project","previousOperationId":"b2hz5rluy5y8g3h","timestamp":1704990495101,"id":"b9464wzsg4c35yj","previousEventId":"pm10w9qj2zd2wif","operationId":"i0xocqrz39vhskm"}
{"type":"log","timestamp":1704990495101,"level":"info","message":"Starting rendering request 40","meta":{"rootId":"wq0i9prh5n32d5y","id":"wq0i9prh5n32d5y"},"id":"yi6uoeq729plssm","previousOperationId":"i0xocqrz39vhskm"}
{"type":"log","timestamp":1704990495101,"level":"info","message":"Rendering template { name: User_project, recipe: chrome-pdf, engine: handlebars, preview: true }","meta":{"rootId":"wq0i9prh5n32d5y","id":"wq0i9prh5n32d5y"},"id":"ll6tpttghkfpjwt","previousOperationId":"i0xocqrz39vhskm"}
{"type":"log","timestamp":1704990495101,"level":"debug","message":"Data item not defined for this template.","meta":{"rootId":"wq0i9prh5n32d5y","id":"wq0i9prh5n32d5y"},"id":"22kd91r5ogov7b5","previousOperationId":"i0xocqrz39vhskm"}
{"type":"log","timestamp":1704990495102,"level":"debug","message":"Executing script usabi-data (beforeRender)","meta":{"rootId":"wq0i9prh5n32d5y","id":"wq0i9prh5n32d5y"},"id":"a74f13dfbvtnfc6","previousOperationId":"i0xocqrz39vhskm"}
{"type":"operationStart","subtype":"scriptsBeforeRender","name":"scripts beforeRender","timestamp":1704990495105,"id":"8w0kt5sw6g8685p","previousEventId":"b9464wzsg4c35yj","operationId":"szg8l9gnm11mu5m","previousOperationId":"i0xocqrz39vhskm"}
{"type":"operationStart","subtype":"script","name":"scripts usabi-data","previousOperationId":"szg8l9gnm11mu5m","timestamp":1704990495105,"id":"3gladhe2szrfbz8","previousEventId":"8w0kt5sw6g8685p","operationId":"pf7gco32h91h2s9"}
{"type":"operationEnd","operationId":"pf7gco32h91h2s9","timestamp":1704990495116,"id":"dnsu6g6jun5cwpx","previousEventId":"b9464wzsg4c35yj","previousOperationId":"i0xocqrz39vhskm"}
{"type":"operationEnd","operationId":"szg8l9gnm11mu5m","timestamp":1704990495116,"id":"fjei0ehem9qfa5o","previousEventId":"dnsu6g6jun5cwpx","previousOperationId":"i0xocqrz39vhskm"}
{"type":"log","timestamp":1704990495116,"level":"debug","message":"Base url not specified, skipping its injection.","meta":{"rootId":"wq0i9prh5n32d5y","id":"wq0i9prh5n32d5y"},"id":"qgrikelhvpleeiy","previousOperationId":"szg8l9gnm11mu5m"}
{"type":"operationStart","subtype":"engine","name":"handlebars","timestamp":1704990495116,"id":"5u8cbarrw1p2l4w","previousEventId":"fjei0ehem9qfa5o","operationId":"88oefkp7f5bkyx4","previousOperationId":"szg8l9gnm11mu5m"}
{"type":"log","timestamp":1704990495116,"level":"debug","message":"Rendering engine handlebars","meta":{"rootId":"wq0i9prh5n32d5y","id":"wq0i9prh5n32d5y"},"id":"inzdh9vipbi97q6","previousOperationId":"88oefkp7f5bkyx4"}
{"type":"operationEnd","operationId":"88oefkp7f5bkyx4","timestamp":1704990495124,"id":"dsh9o7468qoux2r","previousEventId":"5u8cbarrw1p2l4w","previousOperationId":"88oefkp7f5bkyx4"}
{"type":"operationStart","subtype":"recipe","name":"chrome-pdf","timestamp":1704990495124,"id":"8q6244v2pvzk1e8","previousEventId":"dsh9o7468qoux2r","operationId":"iszyd9912q27fle","previousOperationId":"88oefkp7f5bkyx4"}
{"type":"log","timestamp":1704990495124,"level":"debug","message":"Executing recipe chrome-pdf","meta":{"rootId":"wq0i9prh5n32d5y","id":"wq0i9prh5n32d5y"},"id":"34esqgl6l49pi5p","previousOperationId":"iszyd9912q27fle"}
{"type":"log","timestamp":1704990495126,"level":"debug","message":"Converting with chrome HeadlessChrome/117.0.5938.149 using chrome-pool strategy","meta":{"rootId":"wq0i9prh5n32d5y","id":"wq0i9prh5n32d5y"},"id":"nwkilthnr64rctw","previousOperationId":"iszyd9912q27fle"}
{"type":"log","timestamp":1704990495158,"level":"debug","message":"Page request: GET (document) file:///tmp/jsreport/autocleanup/5db1150b-502e-4d64-b3e7-44a5d57ea1bd-chrome-pdf.html","meta":{"rootId":"wq0i9prh5n32d5y","id":"wq0i9prh5n32d5y"},"id":"9vrm2sp7hn9mh05","previousOperationId":"iszyd9912q27fle"}
{"type":"log","timestamp":1704990495167,"level":"debug","message":"Page request: GET (script) https://cdn.jsdelivr.net/npm/chart.js","meta":{"rootId":"wq0i9prh5n32d5y","id":"wq0i9prh5n32d5y"},"id":"3xnzjwflo8q6rlo","previousOperationId":"iszyd9912q27fle"}
{"type":"log","timestamp":1704990495167,"level":"debug","message":"Page request finished: GET (document) 200 file:///tmp/jsreport/autocleanup/5db1150b-502e-4d64-b3e7-44a5d57ea1bd-chrome-pdf.html","meta":{"rootId":"wq0i9prh5n32d5y","id":"wq0i9prh5n32d5y"},"id":"m2jfniah3sr7ujx","previousOperationId":"iszyd9912q27fle"}
{"type":"log","timestamp":1704990495171,"level":"debug","message":"Page request finished: GET (script) 200 https://cdn.jsdelivr.net/npm/chart.js","meta":{"rootId":"wq0i9prh5n32d5y","id":"wq0i9prh5n32d5y"},"id":"3jeqsn6c4spnz8b","previousOperationId":"iszyd9912q27fle"}
{"type":"log","timestamp":1704990495229,"level":"debug","message":"Running chrome with params {\"printBackground\":true,\"timeout\":59971,\"margin\":{}}","meta":{"rootId":"wq0i9prh5n32d5y","id":"wq0i9prh5n32d5y"},"id":"dl6wnel099pz4rm","previousOperationId":"iszyd9912q27fle"}
{"type":"operationEnd","operationId":"iszyd9912q27fle","timestamp":1704990495248,"id":"3245gopa7ydvb8s","previousEventId":"8q6244v2pvzk1e8","previousOperationId":"iszyd9912q27fle"}
{"type":"log","timestamp":1704990495248,"level":"debug","message":"Skipping storing report.","meta":{"rootId":"wq0i9prh5n32d5y","id":"wq0i9prh5n32d5y"},"id":"dw0bn84x6fjds3w","previousOperationId":"iszyd9912q27fle"}
{"type":"log","timestamp":1704990495248,"level":"info","message":"Rendering request 40 finished in 152 ms","meta":{"rootId":"wq0i9prh5n32d5y","id":"wq0i9prh5n32d5y"},"id":"b4go2oc2a3f5pu9","previousOperationId":"iszyd9912q27fle"}
{"type":"operationEnd","subtype":"render","operationId":"i0xocqrz39vhskm","timestamp":1704990495248,"id":"slo46zywr621vtp","previousEventId":"3245gopa7ydvb8s","previousOperationId":"iszyd9912q27fle"}
{"type":"operationEnd","doDiffs":false,"previousEventId":"pm10w9qj2zd2wif","previousOperationId":"b2hz5rluy5y8g3h","operationId":"b2hz5rluy5y8g3h","timestamp":1704990495250,"id":"da3b2vxibsrsahe"}
