{"type":"operationStart","subtype":"profile","data":{"_id":"1Dg2AZeDht7o0bbG","timestamp":"2024-01-11T16:42:38.356Z","state":"queued","mode":"standard","creationDate":"2024-01-11T16:42:38.357Z","modificationDate":"2024-01-11T16:42:38.357Z","shortid":"34AMq96","$entitySet":"profiles"},"doDiffs":false,"timestamp":1704991358357,"id":"gofu7ht6ge85n1x","previousOperationId":null,"operationId":"kelnt8tfy247eoe"}
{"type":"log","level":"info","message":"Render request 71 queued for execution and waiting for available worker","previousOperationId":"kelnt8tfy247eoe","timestamp":1704991358357,"id":"ioc3ovmj3e8jels"}
{"type":"operationStart","subtype":"render","name":"User_project","previousOperationId":"kelnt8tfy247eoe","timestamp":1704991358361,"id":"8onqmyn8dd2tjaf","previousEventId":"gofu7ht6ge85n1x","operationId":"t63rad1xt6sfnrq"}
{"type":"log","timestamp":1704991358361,"level":"info","message":"Starting rendering request 71","meta":{"rootId":"wqkao6euithjkca","id":"wqkao6euithjkca"},"id":"19393zl71p96wtn","previousOperationId":"t63rad1xt6sfnrq"}
{"type":"log","timestamp":1704991358361,"level":"info","message":"Rendering template { name: User_project, recipe: chrome-pdf, engine: handlebars, preview: true }","meta":{"rootId":"wqkao6euithjkca","id":"wqkao6euithjkca"},"id":"y93udnhu4ik9df0","previousOperationId":"t63rad1xt6sfnrq"}
{"type":"log","timestamp":1704991358361,"level":"debug","message":"Data item not defined for this template.","meta":{"rootId":"wqkao6euithjkca","id":"wqkao6euithjkca"},"id":"voahygmtgwo6ele","previousOperationId":"t63rad1xt6sfnrq"}
{"type":"log","timestamp":1704991358362,"level":"debug","message":"Executing script usabi-data (beforeRender)","meta":{"rootId":"wqkao6euithjkca","id":"wqkao6euithjkca"},"id":"uw4djjx9bj7785g","previousOperationId":"t63rad1xt6sfnrq"}
{"type":"operationStart","subtype":"scriptsBeforeRender","name":"scripts beforeRender","timestamp":1704991358365,"id":"qizt4p9ls5hvya7","previousEventId":"8onqmyn8dd2tjaf","operationId":"8o98mo7ic6aamns","previousOperationId":"t63rad1xt6sfnrq"}
{"type":"operationStart","subtype":"script","name":"scripts usabi-data","previousOperationId":"8o98mo7ic6aamns","timestamp":1704991358365,"id":"xsppruqpphskpxv","previousEventId":"qizt4p9ls5hvya7","operationId":"2msrf6yxh4g6q94"}
{"type":"operationEnd","operationId":"2msrf6yxh4g6q94","timestamp":1704991358374,"id":"spr8as3qlatzmkg","previousEventId":"8onqmyn8dd2tjaf","previousOperationId":"t63rad1xt6sfnrq"}
{"type":"operationEnd","operationId":"8o98mo7ic6aamns","timestamp":1704991358374,"id":"1o6decaqn2gpnvm","previousEventId":"spr8as3qlatzmkg","previousOperationId":"t63rad1xt6sfnrq"}
{"type":"log","timestamp":1704991358374,"level":"debug","message":"Base url not specified, skipping its injection.","meta":{"rootId":"wqkao6euithjkca","id":"wqkao6euithjkca"},"id":"wckiayeynjw57sv","previousOperationId":"8o98mo7ic6aamns"}
{"type":"operationStart","subtype":"engine","name":"handlebars","timestamp":1704991358374,"id":"jqhbf33p9ymnk2o","previousEventId":"1o6decaqn2gpnvm","operationId":"woomtpws4tdkynt","previousOperationId":"8o98mo7ic6aamns"}
{"type":"log","timestamp":1704991358374,"level":"debug","message":"Rendering engine handlebars","meta":{"rootId":"wqkao6euithjkca","id":"wqkao6euithjkca"},"id":"51wydpdzu6k7g6y","previousOperationId":"woomtpws4tdkynt"}
{"type":"operationEnd","operationId":"woomtpws4tdkynt","timestamp":1704991358384,"id":"gk3crjtd3mv560l","previousEventId":"jqhbf33p9ymnk2o","previousOperationId":"woomtpws4tdkynt"}
{"type":"operationStart","subtype":"recipe","name":"chrome-pdf","timestamp":1704991358384,"id":"71wgprl8gt57lpc","previousEventId":"gk3crjtd3mv560l","operationId":"qihddda3tixg85c","previousOperationId":"woomtpws4tdkynt"}
{"type":"log","timestamp":1704991358384,"level":"debug","message":"Executing recipe chrome-pdf","meta":{"rootId":"wqkao6euithjkca","id":"wqkao6euithjkca"},"id":"0zbgt9cg0bwqt69","previousOperationId":"qihddda3tixg85c"}
{"type":"log","timestamp":1704991358386,"level":"debug","message":"Converting with chrome HeadlessChrome/117.0.5938.149 using chrome-pool strategy","meta":{"rootId":"wqkao6euithjkca","id":"wqkao6euithjkca"},"id":"rpnpzuzedtgyqkt","previousOperationId":"qihddda3tixg85c"}
{"type":"log","timestamp":1704991358417,"level":"debug","message":"Page request: GET (document) file:///tmp/jsreport/autocleanup/3abeae43-02b3-4b93-aed4-ff6808ac9d79-chrome-pdf.html","meta":{"rootId":"wqkao6euithjkca","id":"wqkao6euithjkca"},"id":"yr2bpa5j40noiza","previousOperationId":"qihddda3tixg85c"}
{"type":"log","timestamp":1704991358425,"level":"debug","message":"Page request: GET (script) https://cdn.jsdelivr.net/npm/chart.js","meta":{"rootId":"wqkao6euithjkca","id":"wqkao6euithjkca"},"id":"hy8m46schwupuik","previousOperationId":"qihddda3tixg85c"}
{"type":"log","timestamp":1704991358425,"level":"debug","message":"Page request finished: GET (document) 200 file:///tmp/jsreport/autocleanup/3abeae43-02b3-4b93-aed4-ff6808ac9d79-chrome-pdf.html","meta":{"rootId":"wqkao6euithjkca","id":"wqkao6euithjkca"},"id":"r4ig66vgnblibpe","previousOperationId":"qihddda3tixg85c"}
{"type":"log","timestamp":1704991358428,"level":"debug","message":"Page request finished: GET (script) 200 https://cdn.jsdelivr.net/npm/chart.js","meta":{"rootId":"wqkao6euithjkca","id":"wqkao6euithjkca"},"id":"hn4pg2ej7gukgtj","previousOperationId":"qihddda3tixg85c"}
{"type":"log","timestamp":1704991358475,"level":"debug","message":"Running chrome with params {\"printBackground\":true,\"timeout\":59971,\"margin\":{}}","meta":{"rootId":"wqkao6euithjkca","id":"wqkao6euithjkca"},"id":"73y78tv7dkcp01e","previousOperationId":"qihddda3tixg85c"}
{"type":"operationEnd","operationId":"qihddda3tixg85c","timestamp":1704991358494,"id":"iqmicdni92wzmsp","previousEventId":"71wgprl8gt57lpc","previousOperationId":"qihddda3tixg85c"}
{"type":"log","timestamp":1704991358494,"level":"debug","message":"Skipping storing report.","meta":{"rootId":"wqkao6euithjkca","id":"wqkao6euithjkca"},"id":"21rdbf2u3o0llum","previousOperationId":"qihddda3tixg85c"}
{"type":"log","timestamp":1704991358494,"level":"info","message":"Rendering request 71 finished in 138 ms","meta":{"rootId":"wqkao6euithjkca","id":"wqkao6euithjkca"},"id":"a2fza49nvk4xy5s","previousOperationId":"qihddda3tixg85c"}
{"type":"operationEnd","subtype":"render","operationId":"t63rad1xt6sfnrq","timestamp":1704991358494,"id":"3cmk0obkzz7yzv7","previousEventId":"iqmicdni92wzmsp","previousOperationId":"qihddda3tixg85c"}
{"type":"operationEnd","doDiffs":false,"previousEventId":"gofu7ht6ge85n1x","previousOperationId":"kelnt8tfy247eoe","operationId":"kelnt8tfy247eoe","timestamp":1704991358496,"id":"024ehw8i9ei0dd3"}
