{"type":"operationStart","subtype":"profile","data":{"_id":"QVuw1rKYXWC24Bez","timestamp":"2024-01-11T18:44:44.633Z","state":"queued","mode":"standard","creationDate":"2024-01-11T18:44:44.634Z","modificationDate":"2024-01-11T18:44:44.634Z","shortid":"zTlQQof","$entitySet":"profiles"},"doDiffs":false,"timestamp":1704998684634,"id":"wuozgr0wgmnazuk","previousOperationId":null,"operationId":"j1yo5yno5ppn7zq"}
{"type":"log","level":"info","message":"Render request 34 queued for execution and waiting for available worker","previousOperationId":"j1yo5yno5ppn7zq","timestamp":1704998684634,"id":"07fc1poibg1jdfy"}
{"type":"operationStart","subtype":"render","name":"User_project","previousOperationId":"j1yo5yno5ppn7zq","timestamp":1704998684639,"id":"x307ooga7spay6r","previousEventId":"wuozgr0wgmnazuk","operationId":"3gt723s7n3ev3gy"}
{"type":"log","timestamp":1704998684639,"level":"info","message":"Starting rendering request 34","meta":{"rootId":"wrs0epb6smhqa4c","id":"wrs0epb6smhqa4c"},"id":"ac0ugbcf7j6qp9c","previousOperationId":"3gt723s7n3ev3gy"}
{"type":"log","timestamp":1704998684639,"level":"info","message":"Rendering template { name: User_project, recipe: chrome-pdf, engine: handlebars, preview: true }","meta":{"rootId":"wrs0epb6smhqa4c","id":"wrs0epb6smhqa4c"},"id":"xzhhb44oht4uc0f","previousOperationId":"3gt723s7n3ev3gy"}
{"type":"log","timestamp":1704998684639,"level":"debug","message":"Data item not defined for this template.","meta":{"rootId":"wrs0epb6smhqa4c","id":"wrs0epb6smhqa4c"},"id":"v8g2a1a6jd4qkzt","previousOperationId":"3gt723s7n3ev3gy"}
{"type":"log","timestamp":1704998684641,"level":"debug","message":"Executing script usabi-data (beforeRender)","meta":{"rootId":"wrs0epb6smhqa4c","id":"wrs0epb6smhqa4c"},"id":"t6kgxdkecve12v9","previousOperationId":"3gt723s7n3ev3gy"}
{"type":"operationStart","subtype":"scriptsBeforeRender","name":"scripts beforeRender","timestamp":1704998684644,"id":"7iefbegodrutlyn","previousEventId":"x307ooga7spay6r","operationId":"vf0rde8q5zjm69e","previousOperationId":"3gt723s7n3ev3gy"}
{"type":"operationStart","subtype":"script","name":"scripts usabi-data","previousOperationId":"vf0rde8q5zjm69e","timestamp":1704998684644,"id":"95avaam4i31hsqr","previousEventId":"7iefbegodrutlyn","operationId":"0bcyjfpl2niwyg8"}
{"type":"operationEnd","operationId":"0bcyjfpl2niwyg8","timestamp":1704998684659,"id":"o9c830rtc5sn424","previousEventId":"x307ooga7spay6r","previousOperationId":"3gt723s7n3ev3gy"}
{"type":"log","timestamp":1704998684659,"level":"debug","message":"Executing script orders-script (beforeRender)","meta":{"rootId":"wrs0epb6smhqa4c","id":"wrs0epb6smhqa4c"},"id":"ee41mudzva9z909","previousOperationId":"3gt723s7n3ev3gy"}
{"type":"operationStart","subtype":"script","name":"scripts orders-script","previousOperationId":"vf0rde8q5zjm69e","timestamp":1704998684662,"id":"evkfg9gp007czsa","previousEventId":"o9c830rtc5sn424","operationId":"uqpuky4vep1lppy"}
{"type":"operationEnd","operationId":"uqpuky4vep1lppy","timestamp":1704998686217,"id":"q1qjulsk4f8fq6c","previousEventId":"o9c830rtc5sn424","previousOperationId":"3gt723s7n3ev3gy"}
{"type":"operationEnd","operationId":"vf0rde8q5zjm69e","timestamp":1704998686217,"id":"vzv03sns8a22bgi","previousEventId":"q1qjulsk4f8fq6c","previousOperationId":"3gt723s7n3ev3gy"}
{"type":"log","timestamp":1704998686217,"level":"debug","message":"Base url not specified, skipping its injection.","meta":{"rootId":"wrs0epb6smhqa4c","id":"wrs0epb6smhqa4c"},"id":"ehctsz4tadjvbkv","previousOperationId":"vf0rde8q5zjm69e"}
{"type":"operationStart","subtype":"engine","name":"handlebars","timestamp":1704998686217,"id":"u3hnjqht4cf9qit","previousEventId":"vzv03sns8a22bgi","operationId":"5c43b8mi9ku2ib0","previousOperationId":"vf0rde8q5zjm69e"}
{"type":"log","timestamp":1704998686217,"level":"debug","message":"Rendering engine handlebars","meta":{"rootId":"wrs0epb6smhqa4c","id":"wrs0epb6smhqa4c"},"id":"rlz89u12e7904na","previousOperationId":"5c43b8mi9ku2ib0"}
{"type":"operationEnd","operationId":"5c43b8mi9ku2ib0","timestamp":1704998686229,"id":"w8v34c6zmg4fja8","previousEventId":"u3hnjqht4cf9qit","previousOperationId":"5c43b8mi9ku2ib0"}
{"type":"operationStart","subtype":"recipe","name":"chrome-pdf","timestamp":1704998686229,"id":"3i0tfgq8uqoe2e5","previousEventId":"w8v34c6zmg4fja8","operationId":"0u8l1v62pfqfu1t","previousOperationId":"5c43b8mi9ku2ib0"}
{"type":"log","timestamp":1704998686232,"level":"debug","message":"Executing recipe chrome-pdf","meta":{"rootId":"wrs0epb6smhqa4c","id":"wrs0epb6smhqa4c"},"id":"5ob3odmg1z0a0w4","previousOperationId":"0u8l1v62pfqfu1t"}
{"type":"log","timestamp":1704998686242,"level":"debug","message":"Converting with chrome HeadlessChrome/117.0.5938.149 using chrome-pool strategy","meta":{"rootId":"wrs0epb6smhqa4c","id":"wrs0epb6smhqa4c"},"id":"xfyc9vqv1pfxc9e","previousOperationId":"0u8l1v62pfqfu1t"}
{"type":"log","timestamp":1704998686271,"level":"debug","message":"Page request: GET (document) file:///tmp/jsreport/autocleanup/89598637-3211-49bf-9f5c-26bccd47b181-chrome-pdf.html","meta":{"rootId":"wrs0epb6smhqa4c","id":"wrs0epb6smhqa4c"},"id":"2scwvxhhrmhvvz5","previousOperationId":"0u8l1v62pfqfu1t"}
{"type":"log","timestamp":1704998686278,"level":"debug","message":"Page request: GET (script) https://cdn.jsdelivr.net/npm/chart.js","meta":{"rootId":"wrs0epb6smhqa4c","id":"wrs0epb6smhqa4c"},"id":"g9ht4xs1qyn65oj","previousOperationId":"0u8l1v62pfqfu1t"}
{"type":"log","timestamp":1704998686278,"level":"debug","message":"Page request finished: GET (document) 200 file:///tmp/jsreport/autocleanup/89598637-3211-49bf-9f5c-26bccd47b181-chrome-pdf.html","meta":{"rootId":"wrs0epb6smhqa4c","id":"wrs0epb6smhqa4c"},"id":"beyrsjk1s7hzlfs","previousOperationId":"0u8l1v62pfqfu1t"}
{"type":"log","timestamp":1704998686283,"level":"debug","message":"Page request finished: GET (script) 200 https://cdn.jsdelivr.net/npm/chart.js","meta":{"rootId":"wrs0epb6smhqa4c","id":"wrs0epb6smhqa4c"},"id":"80ov4eg7q8onfh8","previousOperationId":"0u8l1v62pfqfu1t"}
{"type":"log","timestamp":1704998686322,"level":"debug","message":"Running chrome with params {\"printBackground\":true,\"timeout\":58392,\"margin\":{}}","meta":{"rootId":"wrs0epb6smhqa4c","id":"wrs0epb6smhqa4c"},"id":"128e4iclbmktuau","previousOperationId":"0u8l1v62pfqfu1t"}
{"type":"operationEnd","operationId":"0u8l1v62pfqfu1t","timestamp":1704998686374,"id":"qax6fkwmh5wr9pk","previousEventId":"3i0tfgq8uqoe2e5","previousOperationId":"0u8l1v62pfqfu1t"}
{"type":"log","timestamp":1704998686374,"level":"debug","message":"Skipping storing report.","meta":{"rootId":"wrs0epb6smhqa4c","id":"wrs0epb6smhqa4c"},"id":"pgy7z0h98vveo2r","previousOperationId":"0u8l1v62pfqfu1t"}
{"type":"log","timestamp":1704998686374,"level":"info","message":"Rendering request 34 finished in 1741 ms","meta":{"rootId":"wrs0epb6smhqa4c","id":"wrs0epb6smhqa4c"},"id":"nogeifrqwej2a16","previousOperationId":"0u8l1v62pfqfu1t"}
{"type":"operationEnd","subtype":"render","operationId":"3gt723s7n3ev3gy","timestamp":1704998686374,"id":"c7pzjv3jrzgkdwz","previousEventId":"qax6fkwmh5wr9pk","previousOperationId":"0u8l1v62pfqfu1t"}
{"type":"operationEnd","doDiffs":false,"previousEventId":"wuozgr0wgmnazuk","previousOperationId":"j1yo5yno5ppn7zq","operationId":"j1yo5yno5ppn7zq","timestamp":1704998686376,"id":"kglrmq6qc89hkig"}
