{"type":"operationStart","subtype":"profile","data":{"_id":"OhXBy5tufC1ckvJ0","timestamp":"2024-01-11T18:19:07.338Z","state":"queued","mode":"standard","creationDate":"2024-01-11T18:19:07.339Z","modificationDate":"2024-01-11T18:19:07.339Z","shortid":"SO5b7U1","$entitySet":"profiles"},"doDiffs":false,"timestamp":1704997147338,"id":"pyq99udm6whx2xo","previousOperationId":null,"operationId":"skwwvcmswamlkwq"}
{"type":"log","level":"info","message":"Render request 4 queued for execution and waiting for available worker","previousOperationId":"skwwvcmswamlkwq","timestamp":1704997147338,"id":"md6942uma521hem"}
{"type":"operationStart","subtype":"render","name":"User_project","previousOperationId":"skwwvcmswamlkwq","timestamp":1704997147343,"id":"377s5fxd5046x7z","previousEventId":"pyq99udm6whx2xo","operationId":"ct8xowoqlpldyuq"}
{"type":"log","timestamp":1704997147344,"level":"info","message":"Starting rendering request 4","meta":{"rootId":"x2ljxwall4na6kg","id":"x2ljxwall4na6kg"},"id":"g1wclazcj5k2uzx","previousOperationId":"ct8xowoqlpldyuq"}
{"type":"log","timestamp":1704997147344,"level":"info","message":"Rendering template { name: User_project, recipe: chrome-pdf, engine: handlebars, preview: true }","meta":{"rootId":"x2ljxwall4na6kg","id":"x2ljxwall4na6kg"},"id":"hvfnlacsnfirqsx","previousOperationId":"ct8xowoqlpldyuq"}
{"type":"log","timestamp":1704997147344,"level":"debug","message":"Data item not defined for this template.","meta":{"rootId":"x2ljxwall4na6kg","id":"x2ljxwall4na6kg"},"id":"zopyebw1q2ti9dj","previousOperationId":"ct8xowoqlpldyuq"}
{"type":"log","timestamp":1704997147346,"level":"debug","message":"Executing script usabi-data (beforeRender)","meta":{"rootId":"x2ljxwall4na6kg","id":"x2ljxwall4na6kg"},"id":"b0qeinrp7bo5x8u","previousOperationId":"ct8xowoqlpldyuq"}
{"type":"operationStart","subtype":"scriptsBeforeRender","name":"scripts beforeRender","timestamp":1704997147353,"id":"r9mnuvmnh4x6xbe","previousEventId":"377s5fxd5046x7z","operationId":"0qodadrubzterff","previousOperationId":"ct8xowoqlpldyuq"}
{"type":"operationStart","subtype":"script","name":"scripts usabi-data","previousOperationId":"0qodadrubzterff","timestamp":1704997147353,"id":"bvo4l39b54w2whp","previousEventId":"r9mnuvmnh4x6xbe","operationId":"ubp30phayjmuezs"}
{"type":"operationEnd","operationId":"ubp30phayjmuezs","timestamp":1704997147368,"id":"4jxgtq3d6h3x64b","previousEventId":"377s5fxd5046x7z","previousOperationId":"ct8xowoqlpldyuq"}
{"type":"log","timestamp":1704997147368,"level":"debug","message":"Executing script orders-script (beforeRender)","meta":{"rootId":"x2ljxwall4na6kg","id":"x2ljxwall4na6kg"},"id":"iq8xlw72x4zvekb","previousOperationId":"ct8xowoqlpldyuq"}
{"type":"operationStart","subtype":"script","name":"scripts orders-script","previousOperationId":"0qodadrubzterff","timestamp":1704997147372,"id":"9g451i8negrjvj6","previousEventId":"4jxgtq3d6h3x64b","operationId":"gkn966i1ahvs49z"}
{"type":"operationEnd","operationId":"gkn966i1ahvs49z","timestamp":1704997148776,"id":"vwtg0ounbxxkhcp","previousEventId":"4jxgtq3d6h3x64b","previousOperationId":"ct8xowoqlpldyuq"}
{"type":"operationEnd","operationId":"0qodadrubzterff","timestamp":1704997148776,"id":"tyr6ms9cbiyxl1e","previousEventId":"vwtg0ounbxxkhcp","previousOperationId":"ct8xowoqlpldyuq"}
{"type":"log","timestamp":1704997148776,"level":"debug","message":"Base url not specified, skipping its injection.","meta":{"rootId":"x2ljxwall4na6kg","id":"x2ljxwall4na6kg"},"id":"m6r30j5ue3wxg8a","previousOperationId":"0qodadrubzterff"}
{"type":"operationStart","subtype":"engine","name":"handlebars","timestamp":1704997148776,"id":"dhu9khgip2zobcz","previousEventId":"tyr6ms9cbiyxl1e","operationId":"zyrmgvsbi4lb1yr","previousOperationId":"0qodadrubzterff"}
{"type":"log","timestamp":1704997148776,"level":"debug","message":"Rendering engine handlebars","meta":{"rootId":"x2ljxwall4na6kg","id":"x2ljxwall4na6kg"},"id":"o1nat4r6pntire5","previousOperationId":"zyrmgvsbi4lb1yr"}
{"type":"operationEnd","operationId":"zyrmgvsbi4lb1yr","timestamp":1704997148797,"id":"22rwr3yvooz0wbi","previousEventId":"dhu9khgip2zobcz","previousOperationId":"zyrmgvsbi4lb1yr"}
{"type":"operationStart","subtype":"recipe","name":"chrome-pdf","timestamp":1704997148798,"id":"oprr7nsw8vfayvh","previousEventId":"22rwr3yvooz0wbi","operationId":"ehytjzd8ds97pq9","previousOperationId":"zyrmgvsbi4lb1yr"}
{"type":"log","timestamp":1704997148798,"level":"debug","message":"Executing recipe chrome-pdf","meta":{"rootId":"x2ljxwall4na6kg","id":"x2ljxwall4na6kg"},"id":"drfknvr6dmseqyh","previousOperationId":"ehytjzd8ds97pq9"}
{"type":"log","timestamp":1704997148801,"level":"debug","message":"Converting with chrome HeadlessChrome/117.0.5938.149 using chrome-pool strategy","meta":{"rootId":"x2ljxwall4na6kg","id":"x2ljxwall4na6kg"},"id":"13z3v9yiw0uhgeo","previousOperationId":"ehytjzd8ds97pq9"}
{"type":"log","timestamp":1704997148833,"level":"debug","message":"Page request: GET (document) file:///tmp/jsreport/autocleanup/58d1ca58-04c6-48c3-a07b-c8220156faf9-chrome-pdf.html","meta":{"rootId":"x2ljxwall4na6kg","id":"x2ljxwall4na6kg"},"id":"myube2p7cmgnazc","previousOperationId":"ehytjzd8ds97pq9"}
{"type":"log","timestamp":1704997148840,"level":"debug","message":"Page request: GET (script) https://cdn.jsdelivr.net/npm/chart.js","meta":{"rootId":"x2ljxwall4na6kg","id":"x2ljxwall4na6kg"},"id":"61kuiax11agfoup","previousOperationId":"ehytjzd8ds97pq9"}
{"type":"log","timestamp":1704997148840,"level":"debug","message":"Page request finished: GET (document) 200 file:///tmp/jsreport/autocleanup/58d1ca58-04c6-48c3-a07b-c8220156faf9-chrome-pdf.html","meta":{"rootId":"x2ljxwall4na6kg","id":"x2ljxwall4na6kg"},"id":"ovzj2gk059sky7n","previousOperationId":"ehytjzd8ds97pq9"}
{"type":"log","timestamp":1704997148848,"level":"debug","message":"Page request finished: GET (script) 200 https://cdn.jsdelivr.net/npm/chart.js","meta":{"rootId":"x2ljxwall4na6kg","id":"x2ljxwall4na6kg"},"id":"qt36gdx9cf2bepn","previousOperationId":"ehytjzd8ds97pq9"}
{"type":"log","timestamp":1704997148854,"level":"warn","message":"Page error: Unexpected identifier 'Object' , stack: SyntaxError: Unexpected identifier 'Object'","meta":{"rootId":"x2ljxwall4na6kg","id":"x2ljxwall4na6kg"},"id":"vaodo65whtqxxrm","previousOperationId":"ehytjzd8ds97pq9"}
{"type":"log","timestamp":1704997148857,"level":"debug","message":"Running chrome with params {\"printBackground\":true,\"timeout\":58539,\"margin\":{}}","meta":{"rootId":"x2ljxwall4na6kg","id":"x2ljxwall4na6kg"},"id":"uhfrppe88f4wa0l","previousOperationId":"ehytjzd8ds97pq9"}
{"type":"operationEnd","operationId":"ehytjzd8ds97pq9","timestamp":1704997148868,"id":"lioszyir3gfxdxg","previousEventId":"oprr7nsw8vfayvh","previousOperationId":"ehytjzd8ds97pq9"}
{"type":"log","timestamp":1704997148868,"level":"debug","message":"Skipping storing report.","meta":{"rootId":"x2ljxwall4na6kg","id":"x2ljxwall4na6kg"},"id":"bq8y2zkr67yhaf7","previousOperationId":"ehytjzd8ds97pq9"}
{"type":"log","timestamp":1704997148869,"level":"info","message":"Rendering request 4 finished in 1531 ms","meta":{"rootId":"x2ljxwall4na6kg","id":"x2ljxwall4na6kg"},"id":"u7avbb943fd32ep","previousOperationId":"ehytjzd8ds97pq9"}
{"type":"operationEnd","subtype":"render","operationId":"ct8xowoqlpldyuq","timestamp":1704997148869,"id":"6itoxzw719ho1xf","previousEventId":"lioszyir3gfxdxg","previousOperationId":"ehytjzd8ds97pq9"}
{"type":"operationEnd","doDiffs":false,"previousEventId":"pyq99udm6whx2xo","previousOperationId":"skwwvcmswamlkwq","operationId":"skwwvcmswamlkwq","timestamp":1704997148875,"id":"x6qdy25zeapmohc"}
