{"type":"operationStart","subtype":"profile","data":{"_id":"ePlazfgAomNYShyy","timestamp":"2024-01-11T16:50:09.736Z","state":"queued","mode":"standard","creationDate":"2024-01-11T16:50:09.737Z","modificationDate":"2024-01-11T16:50:09.737Z","shortid":"WF9w6IO","$entitySet":"profiles"},"doDiffs":false,"timestamp":1704991809737,"id":"325g6kf7zxoynwf","previousOperationId":null,"operationId":"gwhvonjln0ewwyc"}
{"type":"log","level":"info","message":"Render request 90 queued for execution and waiting for available worker","previousOperationId":"gwhvonjln0ewwyc","timestamp":1704991809737,"id":"ph3k6d788w1qhyd"}
{"type":"operationStart","subtype":"render","name":"User_project","previousOperationId":"gwhvonjln0ewwyc","timestamp":1704991809741,"id":"lojgoyzdzie0ygo","previousEventId":"325g6kf7zxoynwf","operationId":"47o3e5hyw2yhn8j"}
{"type":"log","timestamp":1704991809741,"level":"info","message":"Starting rendering request 90","meta":{"rootId":"x5as2dg19622uj8","id":"x5as2dg19622uj8"},"id":"rg5du9vi8ag00cg","previousOperationId":"47o3e5hyw2yhn8j"}
{"type":"log","timestamp":1704991809741,"level":"info","message":"Rendering template { name: User_project, recipe: chrome-pdf, engine: handlebars, preview: true }","meta":{"rootId":"x5as2dg19622uj8","id":"x5as2dg19622uj8"},"id":"y7hzcnjqi34p91u","previousOperationId":"47o3e5hyw2yhn8j"}
{"type":"log","timestamp":1704991809742,"level":"debug","message":"Data item not defined for this template.","meta":{"rootId":"x5as2dg19622uj8","id":"x5as2dg19622uj8"},"id":"yuxpdv3ft06vj7c","previousOperationId":"47o3e5hyw2yhn8j"}
{"type":"log","timestamp":1704991809743,"level":"debug","message":"Executing script usabi-data (beforeRender)","meta":{"rootId":"x5as2dg19622uj8","id":"x5as2dg19622uj8"},"id":"jsmealzc520q0rr","previousOperationId":"47o3e5hyw2yhn8j"}
{"type":"operationStart","subtype":"scriptsBeforeRender","name":"scripts beforeRender","timestamp":1704991809745,"id":"4tb4auc51g9cs5g","previousEventId":"lojgoyzdzie0ygo","operationId":"7clm76cmxteo3vf","previousOperationId":"47o3e5hyw2yhn8j"}
{"type":"operationStart","subtype":"script","name":"scripts usabi-data","previousOperationId":"7clm76cmxteo3vf","timestamp":1704991809745,"id":"03y6dji75i2smak","previousEventId":"4tb4auc51g9cs5g","operationId":"yl4mzg490ahqe0o"}
{"type":"operationEnd","operationId":"yl4mzg490ahqe0o","timestamp":1704991809755,"id":"x9tbxl0wfzu3owt","previousEventId":"lojgoyzdzie0ygo","previousOperationId":"47o3e5hyw2yhn8j"}
{"type":"operationEnd","operationId":"7clm76cmxteo3vf","timestamp":1704991809755,"id":"40wunbgnnhcmeju","previousEventId":"x9tbxl0wfzu3owt","previousOperationId":"47o3e5hyw2yhn8j"}
{"type":"log","timestamp":1704991809755,"level":"debug","message":"Base url not specified, skipping its injection.","meta":{"rootId":"x5as2dg19622uj8","id":"x5as2dg19622uj8"},"id":"v8f9nuefuvl9k7l","previousOperationId":"7clm76cmxteo3vf"}
{"type":"operationStart","subtype":"engine","name":"handlebars","timestamp":1704991809755,"id":"e2fs292fchgcmgj","previousEventId":"40wunbgnnhcmeju","operationId":"4lyg6grpxjvrmlc","previousOperationId":"7clm76cmxteo3vf"}
{"type":"log","timestamp":1704991809755,"level":"debug","message":"Rendering engine handlebars","meta":{"rootId":"x5as2dg19622uj8","id":"x5as2dg19622uj8"},"id":"jog22227wzwwdbw","previousOperationId":"4lyg6grpxjvrmlc"}
{"type":"operationEnd","operationId":"4lyg6grpxjvrmlc","timestamp":1704991809761,"id":"50z125z9secwpy1","previousEventId":"e2fs292fchgcmgj","previousOperationId":"4lyg6grpxjvrmlc"}
{"type":"operationStart","subtype":"recipe","name":"chrome-pdf","timestamp":1704991809761,"id":"fq9d4yitxqx9dvp","previousEventId":"50z125z9secwpy1","operationId":"j62q833bd52sdrc","previousOperationId":"4lyg6grpxjvrmlc"}
{"type":"log","timestamp":1704991809761,"level":"debug","message":"Executing recipe chrome-pdf","meta":{"rootId":"x5as2dg19622uj8","id":"x5as2dg19622uj8"},"id":"hljvcdsdyg8u7ak","previousOperationId":"j62q833bd52sdrc"}
{"type":"log","timestamp":1704991809764,"level":"debug","message":"Converting with chrome HeadlessChrome/117.0.5938.149 using chrome-pool strategy","meta":{"rootId":"x5as2dg19622uj8","id":"x5as2dg19622uj8"},"id":"gra7fuyx1zpj1pc","previousOperationId":"j62q833bd52sdrc"}
{"type":"log","timestamp":1704991809797,"level":"debug","message":"Page request: GET (document) file:///tmp/jsreport/autocleanup/93bf6e55-0a8d-4d0e-9e63-4129ffd2acc0-chrome-pdf.html","meta":{"rootId":"x5as2dg19622uj8","id":"x5as2dg19622uj8"},"id":"gru95nnef3qy20b","previousOperationId":"j62q833bd52sdrc"}
{"type":"log","timestamp":1704991809804,"level":"debug","message":"Page request: GET (script) https://cdn.jsdelivr.net/npm/chart.js","meta":{"rootId":"x5as2dg19622uj8","id":"x5as2dg19622uj8"},"id":"6gm81e229q6szqr","previousOperationId":"j62q833bd52sdrc"}
{"type":"log","timestamp":1704991809804,"level":"debug","message":"Page request finished: GET (document) 200 file:///tmp/jsreport/autocleanup/93bf6e55-0a8d-4d0e-9e63-4129ffd2acc0-chrome-pdf.html","meta":{"rootId":"x5as2dg19622uj8","id":"x5as2dg19622uj8"},"id":"lf2qp269jb7jkkv","previousOperationId":"j62q833bd52sdrc"}
{"type":"log","timestamp":1704991809807,"level":"debug","message":"Page request finished: GET (script) 200 https://cdn.jsdelivr.net/npm/chart.js","meta":{"rootId":"x5as2dg19622uj8","id":"x5as2dg19622uj8"},"id":"m1ce61592k52a8o","previousOperationId":"j62q833bd52sdrc"}
{"type":"log","timestamp":1704991809849,"level":"debug","message":"Running chrome with params {\"printBackground\":true,\"timeout\":59972,\"margin\":{}}","meta":{"rootId":"x5as2dg19622uj8","id":"x5as2dg19622uj8"},"id":"rvbza0axbk0argx","previousOperationId":"j62q833bd52sdrc"}
{"type":"operationEnd","operationId":"j62q833bd52sdrc","timestamp":1704991809867,"id":"wrj5tx4sn1bcero","previousEventId":"fq9d4yitxqx9dvp","previousOperationId":"j62q833bd52sdrc"}
{"type":"log","timestamp":1704991809867,"level":"debug","message":"Skipping storing report.","meta":{"rootId":"x5as2dg19622uj8","id":"x5as2dg19622uj8"},"id":"hjeqpe4dr3zar46","previousOperationId":"j62q833bd52sdrc"}
{"type":"log","timestamp":1704991809867,"level":"info","message":"Rendering request 90 finished in 131 ms","meta":{"rootId":"x5as2dg19622uj8","id":"x5as2dg19622uj8"},"id":"riv34pz4r2pv3si","previousOperationId":"j62q833bd52sdrc"}
{"type":"operationEnd","subtype":"render","operationId":"47o3e5hyw2yhn8j","timestamp":1704991809867,"id":"fn0yhafvzjzj1o7","previousEventId":"wrj5tx4sn1bcero","previousOperationId":"j62q833bd52sdrc"}
{"type":"operationEnd","doDiffs":false,"previousEventId":"325g6kf7zxoynwf","previousOperationId":"gwhvonjln0ewwyc","operationId":"gwhvonjln0ewwyc","timestamp":1704991809869,"id":"63tawu65znsbpl1"}
