{"type":"operationStart","subtype":"profile","data":{"_id":"dXoqxM2yYISBxaRx","timestamp":"2024-01-11T17:26:23.917Z","state":"queued","mode":"standard","creationDate":"2024-01-11T17:26:23.918Z","modificationDate":"2024-01-11T17:26:23.918Z","shortid":"YX3poDQ","$entitySet":"profiles"},"doDiffs":false,"timestamp":1704993983917,"id":"pylgo4l719nyy7p","previousOperationId":null,"operationId":"i1p32qqldtm6nda"}
{"type":"log","level":"info","message":"Render request 140 queued for execution and waiting for available worker","previousOperationId":"i1p32qqldtm6nda","timestamp":1704993983917,"id":"wvgcycx8acfzqbv"}
{"type":"operationStart","subtype":"render","name":"User_project","previousOperationId":"i1p32qqldtm6nda","timestamp":1704993983922,"id":"ygwle6a6ngp3uy9","previousEventId":"pylgo4l719nyy7p","operationId":"1ttdxz193ko0tuk"}
{"type":"log","timestamp":1704993983922,"level":"info","message":"Starting rendering request 140","meta":{"rootId":"x6ej4y4fc0cbwl0","id":"x6ej4y4fc0cbwl0"},"id":"x0kkntzl5sz14ba","previousOperationId":"1ttdxz193ko0tuk"}
{"type":"log","timestamp":1704993983922,"level":"info","message":"Rendering template { name: User_project, recipe: chrome-pdf, engine: handlebars, preview: true }","meta":{"rootId":"x6ej4y4fc0cbwl0","id":"x6ej4y4fc0cbwl0"},"id":"fe493ibtrw7w8z0","previousOperationId":"1ttdxz193ko0tuk"}
{"type":"log","timestamp":1704993983922,"level":"debug","message":"Data item not defined for this template.","meta":{"rootId":"x6ej4y4fc0cbwl0","id":"x6ej4y4fc0cbwl0"},"id":"c5785xch9ywe41w","previousOperationId":"1ttdxz193ko0tuk"}
{"type":"log","timestamp":1704993983923,"level":"debug","message":"Executing script usabi-data (beforeRender)","meta":{"rootId":"x6ej4y4fc0cbwl0","id":"x6ej4y4fc0cbwl0"},"id":"dkoxexbbz1sge9n","previousOperationId":"1ttdxz193ko0tuk"}
{"type":"operationStart","subtype":"scriptsBeforeRender","name":"scripts beforeRender","timestamp":1704993983929,"id":"iclyjkgtnnrlkjl","previousEventId":"ygwle6a6ngp3uy9","operationId":"nv0lypv7tmsfdkg","previousOperationId":"1ttdxz193ko0tuk"}
{"type":"operationStart","subtype":"script","name":"scripts usabi-data","previousOperationId":"nv0lypv7tmsfdkg","timestamp":1704993983929,"id":"f5fslj2dtiemyoe","previousEventId":"iclyjkgtnnrlkjl","operationId":"3oz8tr32obexfp4"}
{"type":"log","timestamp":1704993983948,"level":"debug","message":"(console:log) Datos obtenidos correctamente: {\n  user_project_data: [\n    { user_name: 'admin', projects: [Array] },\n    { user_name: 'aisha', projects: [Array] },\n    { user_name: 'carlos', projects: [Array] },\n    { user_name: 'adrian', projects: [Array] }\n  ]\n}","meta":{"userLevel":true,"rootId":"x6ej4y4fc0cbwl0","id":"x6ej4y4fc0cbwl0"},"id":"iaru2j7kjfrx12k","previousOperationId":"3oz8tr32obexfp4"}
{"type":"log","timestamp":1704993983948,"level":"debug","message":"(console:log) Datos transformados: {\n  usabiData: [\n    { user_name: 'admin', projects: [Array] },\n    { user_name: 'aisha', projects: [Array] },\n    { user_name: 'carlos', projects: [Array] },\n    { user_name: 'adrian', projects: [Array] }\n  ]\n}","meta":{"userLevel":true,"rootId":"x6ej4y4fc0cbwl0","id":"x6ej4y4fc0cbwl0"},"id":"6kmw8s1zy8r0t2m","previousOperationId":"3oz8tr32obexfp4"}
{"type":"operationEnd","operationId":"3oz8tr32obexfp4","timestamp":1704993983948,"id":"0wg0q5lxeu220g4","previousEventId":"ygwle6a6ngp3uy9","previousOperationId":"1ttdxz193ko0tuk"}
{"type":"log","timestamp":1704993983948,"level":"debug","message":"Executing script orders-script (beforeRender)","meta":{"rootId":"x6ej4y4fc0cbwl0","id":"x6ej4y4fc0cbwl0"},"id":"g56byubyhac2xgf","previousOperationId":"1ttdxz193ko0tuk"}
{"type":"operationStart","subtype":"script","name":"scripts orders-script","previousOperationId":"nv0lypv7tmsfdkg","timestamp":1704993983953,"id":"tx0ei921qcoj2od","previousEventId":"0wg0q5lxeu220g4","operationId":"upj8r5nl40l3w61"}
{"type":"operationEnd","operationId":"upj8r5nl40l3w61","timestamp":1704993985378,"id":"eklb24dm24hmc1b","previousEventId":"0wg0q5lxeu220g4","previousOperationId":"1ttdxz193ko0tuk"}
{"type":"operationEnd","operationId":"nv0lypv7tmsfdkg","timestamp":1704993985378,"id":"3bd7irokbkaunk1","previousEventId":"eklb24dm24hmc1b","previousOperationId":"1ttdxz193ko0tuk"}
{"type":"log","timestamp":1704993985378,"level":"debug","message":"Base url not specified, skipping its injection.","meta":{"rootId":"x6ej4y4fc0cbwl0","id":"x6ej4y4fc0cbwl0"},"id":"lhazgmm0nmje6km","previousOperationId":"nv0lypv7tmsfdkg"}
{"type":"operationStart","subtype":"engine","name":"handlebars","timestamp":1704993985378,"id":"yarklftp1q9lmgd","previousEventId":"3bd7irokbkaunk1","operationId":"abux9635d6sr973","previousOperationId":"nv0lypv7tmsfdkg"}
{"type":"log","timestamp":1704993985378,"level":"debug","message":"Rendering engine handlebars","meta":{"rootId":"x6ej4y4fc0cbwl0","id":"x6ej4y4fc0cbwl0"},"id":"niiqxxrb7e85von","previousOperationId":"abux9635d6sr973"}
{"type":"operationEnd","operationId":"abux9635d6sr973","timestamp":1704993985386,"id":"dib7q0pw1zepiaf","previousEventId":"yarklftp1q9lmgd","previousOperationId":"abux9635d6sr973"}
{"type":"operationStart","subtype":"recipe","name":"chrome-pdf","timestamp":1704993985386,"id":"vtr07x2pj0qq84e","previousEventId":"dib7q0pw1zepiaf","operationId":"bc5y369y5xpllnl","previousOperationId":"abux9635d6sr973"}
{"type":"log","timestamp":1704993985386,"level":"debug","message":"Executing recipe chrome-pdf","meta":{"rootId":"x6ej4y4fc0cbwl0","id":"x6ej4y4fc0cbwl0"},"id":"wh1wzl8vfak50nm","previousOperationId":"bc5y369y5xpllnl"}
{"type":"log","timestamp":1704993985392,"level":"debug","message":"Converting with chrome HeadlessChrome/117.0.5938.149 using chrome-pool strategy","meta":{"rootId":"x6ej4y4fc0cbwl0","id":"x6ej4y4fc0cbwl0"},"id":"i5clowk349e8lwo","previousOperationId":"bc5y369y5xpllnl"}
{"type":"log","timestamp":1704993985420,"level":"debug","message":"Page request: GET (document) file:///tmp/jsreport/autocleanup/d9be18fc-5585-4477-ba24-8d46f14c201d-chrome-pdf.html","meta":{"rootId":"x6ej4y4fc0cbwl0","id":"x6ej4y4fc0cbwl0"},"id":"wlsxl52a5bx5h34","previousOperationId":"bc5y369y5xpllnl"}
{"type":"log","timestamp":1704993985427,"level":"debug","message":"Page request: GET (script) https://cdn.jsdelivr.net/npm/chart.js","meta":{"rootId":"x6ej4y4fc0cbwl0","id":"x6ej4y4fc0cbwl0"},"id":"sa6uu2q9gagc5qo","previousOperationId":"bc5y369y5xpllnl"}
{"type":"log","timestamp":1704993985427,"level":"debug","message":"Page request finished: GET (document) 200 file:///tmp/jsreport/autocleanup/d9be18fc-5585-4477-ba24-8d46f14c201d-chrome-pdf.html","meta":{"rootId":"x6ej4y4fc0cbwl0","id":"x6ej4y4fc0cbwl0"},"id":"b9b6ikg5kn81wp6","previousOperationId":"bc5y369y5xpllnl"}
{"type":"log","timestamp":1704993985431,"level":"debug","message":"Page request finished: GET (script) 200 https://cdn.jsdelivr.net/npm/chart.js","meta":{"rootId":"x6ej4y4fc0cbwl0","id":"x6ej4y4fc0cbwl0"},"id":"3igwnilhzp9lg5o","previousOperationId":"bc5y369y5xpllnl"}
{"type":"log","timestamp":1704993985434,"level":"warn","message":"Page error: Unexpected token ';' , stack: SyntaxError: Unexpected token ';'","meta":{"rootId":"x6ej4y4fc0cbwl0","id":"x6ej4y4fc0cbwl0"},"id":"efcmm2dhmhyjowi","previousOperationId":"bc5y369y5xpllnl"}
{"type":"log","timestamp":1704993985438,"level":"debug","message":"Running chrome with params {\"printBackground\":true,\"timeout\":58526,\"margin\":{}}","meta":{"rootId":"x6ej4y4fc0cbwl0","id":"x6ej4y4fc0cbwl0"},"id":"fverzarecapx6ms","previousOperationId":"bc5y369y5xpllnl"}
{"type":"operationEnd","operationId":"bc5y369y5xpllnl","timestamp":1704993985445,"id":"2q6mo10orya9lw5","previousEventId":"vtr07x2pj0qq84e","previousOperationId":"bc5y369y5xpllnl"}
{"type":"log","timestamp":1704993985445,"level":"debug","message":"Skipping storing report.","meta":{"rootId":"x6ej4y4fc0cbwl0","id":"x6ej4y4fc0cbwl0"},"id":"n0cjk5fw2i7jxjh","previousOperationId":"bc5y369y5xpllnl"}
{"type":"log","timestamp":1704993985445,"level":"info","message":"Rendering request 140 finished in 1528 ms","meta":{"rootId":"x6ej4y4fc0cbwl0","id":"x6ej4y4fc0cbwl0"},"id":"md2rcr5bodl53jo","previousOperationId":"bc5y369y5xpllnl"}
{"type":"operationEnd","subtype":"render","operationId":"1ttdxz193ko0tuk","timestamp":1704993985445,"id":"v5je5myguusvva3","previousEventId":"2q6mo10orya9lw5","previousOperationId":"bc5y369y5xpllnl"}
{"type":"operationEnd","doDiffs":false,"previousEventId":"pylgo4l719nyy7p","previousOperationId":"i1p32qqldtm6nda","operationId":"i1p32qqldtm6nda","timestamp":1704993985449,"id":"5nhy1ipjriehn1e"}
