{"type":"operationStart","subtype":"profile","data":{"_id":"1LSD25U9rxY8ZWM7","timestamp":"2024-01-10T20:35:26.861Z","state":"queued","mode":"standard","creationDate":"2024-01-10T20:35:26.862Z","modificationDate":"2024-01-10T20:35:26.862Z","shortid":"KYF5qk3","$entitySet":"profiles"},"doDiffs":false,"timestamp":1704918926862,"id":"xpv4air9q16myod","previousOperationId":null,"operationId":"tq5jq3djtctx3cv"}
{"type":"log","level":"info","message":"Render request 24 queued for execution and waiting for available worker","previousOperationId":"tq5jq3djtctx3cv","timestamp":1704918926862,"id":"7ejc050tjytk2vr"}
{"type":"operationStart","subtype":"render","name":"User_project","previousOperationId":"tq5jq3djtctx3cv","timestamp":1704918926866,"id":"oqwmn69c7ou96a3","previousEventId":"xpv4air9q16myod","operationId":"rsz7fsdhdqbpahw"}
{"type":"log","timestamp":1704918926866,"level":"info","message":"Starting rendering request 24","meta":{"rootId":"x9k6edppaholp1p","id":"x9k6edppaholp1p"},"id":"vnsjxqqxal18dp2","previousOperationId":"rsz7fsdhdqbpahw"}
{"type":"log","timestamp":1704918926866,"level":"info","message":"Rendering template { name: User_project, recipe: chrome-pdf, engine: handlebars, preview: true }","meta":{"rootId":"x9k6edppaholp1p","id":"x9k6edppaholp1p"},"id":"2fk8xuzzvl4ucpl","previousOperationId":"rsz7fsdhdqbpahw"}
{"type":"log","timestamp":1704918926866,"level":"debug","message":"Data item not defined for this template.","meta":{"rootId":"x9k6edppaholp1p","id":"x9k6edppaholp1p"},"id":"eolsbmji01jjd10","previousOperationId":"rsz7fsdhdqbpahw"}
{"type":"log","timestamp":1704918926867,"level":"debug","message":"Executing script usabi-data (beforeRender)","meta":{"rootId":"x9k6edppaholp1p","id":"x9k6edppaholp1p"},"id":"xdrcbebn7kmpp62","previousOperationId":"rsz7fsdhdqbpahw"}
{"type":"operationStart","subtype":"scriptsBeforeRender","name":"scripts beforeRender","timestamp":1704918926870,"id":"oojh1v0auwxgmux","previousEventId":"oqwmn69c7ou96a3","operationId":"zdfb2ds7y542c1s","previousOperationId":"rsz7fsdhdqbpahw"}
{"type":"operationStart","subtype":"script","name":"scripts usabi-data","previousOperationId":"zdfb2ds7y542c1s","timestamp":1704918926870,"id":"unxf5ihqsaq6e70","previousEventId":"oojh1v0auwxgmux","operationId":"08afwv9w2hqqhlr"}
{"type":"operationEnd","operationId":"08afwv9w2hqqhlr","timestamp":1704918926880,"id":"03xe45kuukhkslf","previousEventId":"oqwmn69c7ou96a3","previousOperationId":"rsz7fsdhdqbpahw"}
{"type":"operationEnd","operationId":"zdfb2ds7y542c1s","timestamp":1704918926880,"id":"191ej7kifeb8796","previousEventId":"03xe45kuukhkslf","previousOperationId":"rsz7fsdhdqbpahw"}
{"type":"log","timestamp":1704918926880,"level":"debug","message":"Base url not specified, skipping its injection.","meta":{"rootId":"x9k6edppaholp1p","id":"x9k6edppaholp1p"},"id":"rzv5qt3buwr0udh","previousOperationId":"zdfb2ds7y542c1s"}
{"type":"operationStart","subtype":"engine","name":"handlebars","timestamp":1704918926880,"id":"vcoljhgwg7ivhba","previousEventId":"191ej7kifeb8796","operationId":"0hl76v372rpuveh","previousOperationId":"zdfb2ds7y542c1s"}
{"type":"log","timestamp":1704918926880,"level":"debug","message":"Rendering engine handlebars","meta":{"rootId":"x9k6edppaholp1p","id":"x9k6edppaholp1p"},"id":"xgzaf32qp0oio9o","previousOperationId":"0hl76v372rpuveh"}
{"type":"operationEnd","operationId":"0hl76v372rpuveh","timestamp":1704918926887,"id":"o2gn16el0zgnsmu","previousEventId":"vcoljhgwg7ivhba","previousOperationId":"0hl76v372rpuveh"}
{"type":"operationStart","subtype":"recipe","name":"chrome-pdf","timestamp":1704918926887,"id":"211hg2jlwxztxfb","previousEventId":"o2gn16el0zgnsmu","operationId":"3mryrxke9zmjt7m","previousOperationId":"0hl76v372rpuveh"}
{"type":"log","timestamp":1704918926887,"level":"debug","message":"Executing recipe chrome-pdf","meta":{"rootId":"x9k6edppaholp1p","id":"x9k6edppaholp1p"},"id":"3788w8eeus2ogh5","previousOperationId":"3mryrxke9zmjt7m"}
{"type":"log","timestamp":1704918926889,"level":"debug","message":"Converting with chrome HeadlessChrome/117.0.5938.149 using chrome-pool strategy","meta":{"rootId":"x9k6edppaholp1p","id":"x9k6edppaholp1p"},"id":"ugj1fa1qqhpa5iw","previousOperationId":"3mryrxke9zmjt7m"}
{"type":"log","timestamp":1704918926920,"level":"debug","message":"Page request: GET (document) file:///tmp/jsreport/autocleanup/51ef374d-9930-4ae1-afdf-1103fb208f94-chrome-pdf.html","meta":{"rootId":"x9k6edppaholp1p","id":"x9k6edppaholp1p"},"id":"8rodfrb976rizve","previousOperationId":"3mryrxke9zmjt7m"}
{"type":"log","timestamp":1704918926931,"level":"debug","message":"Page request finished: GET (document) 200 file:///tmp/jsreport/autocleanup/51ef374d-9930-4ae1-afdf-1103fb208f94-chrome-pdf.html","meta":{"rootId":"x9k6edppaholp1p","id":"x9k6edppaholp1p"},"id":"e3zsa0loaxg4qfr","previousOperationId":"3mryrxke9zmjt7m"}
{"type":"log","timestamp":1704918926936,"level":"debug","message":"Running chrome with params {\"printBackground\":true,\"timeout\":59972,\"margin\":{}}","meta":{"rootId":"x9k6edppaholp1p","id":"x9k6edppaholp1p"},"id":"pitqdq34ma8b983","previousOperationId":"3mryrxke9zmjt7m"}
{"type":"operationEnd","operationId":"3mryrxke9zmjt7m","timestamp":1704918926946,"id":"mdgiwfwyozkt8kx","previousEventId":"211hg2jlwxztxfb","previousOperationId":"3mryrxke9zmjt7m"}
{"type":"log","timestamp":1704918926946,"level":"debug","message":"Skipping storing report.","meta":{"rootId":"x9k6edppaholp1p","id":"x9k6edppaholp1p"},"id":"noh69v2uena1fpr","previousOperationId":"3mryrxke9zmjt7m"}
{"type":"log","timestamp":1704918926946,"level":"info","message":"Rendering request 24 finished in 85 ms","meta":{"rootId":"x9k6edppaholp1p","id":"x9k6edppaholp1p"},"id":"nwsrp90lfy6uemv","previousOperationId":"3mryrxke9zmjt7m"}
{"type":"operationEnd","subtype":"render","operationId":"rsz7fsdhdqbpahw","timestamp":1704918926946,"id":"w3wx01iiju725c5","previousEventId":"mdgiwfwyozkt8kx","previousOperationId":"3mryrxke9zmjt7m"}
{"type":"operationEnd","doDiffs":false,"previousEventId":"xpv4air9q16myod","previousOperationId":"tq5jq3djtctx3cv","operationId":"tq5jq3djtctx3cv","timestamp":1704918926949,"id":"s91kkysgljvuuei"}
