{"type":"operationStart","subtype":"profile","data":{"_id":"qFsRI8Hz0VAiIOOH","timestamp":"2024-01-11T17:53:27.086Z","state":"queued","mode":"standard","creationDate":"2024-01-11T17:53:27.087Z","modificationDate":"2024-01-11T17:53:27.087Z","shortid":"QL6Pc1Q","$entitySet":"profiles"},"doDiffs":false,"timestamp":1704995607087,"id":"tkua9s5mpnowy3o","previousOperationId":null,"operationId":"cepy97yzh94igt9"}
{"type":"log","level":"info","message":"Render request 18 queued for execution and waiting for available worker","previousOperationId":"cepy97yzh94igt9","timestamp":1704995607087,"id":"fspnx2a1dmu9boe"}
{"type":"operationStart","subtype":"render","name":"User_project","previousOperationId":"cepy97yzh94igt9","timestamp":1704995607092,"id":"bvfpnzb4dvao865","previousEventId":"tkua9s5mpnowy3o","operationId":"kes3bpfly4r7xcj"}
{"type":"log","timestamp":1704995607092,"level":"info","message":"Starting rendering request 18","meta":{"rootId":"xcrdj0h5ujbger0","id":"xcrdj0h5ujbger0"},"id":"qklkgdr2nijkb9r","previousOperationId":"kes3bpfly4r7xcj"}
{"type":"log","timestamp":1704995607092,"level":"info","message":"Rendering template { name: User_project, recipe: chrome-pdf, engine: handlebars, preview: true }","meta":{"rootId":"xcrdj0h5ujbger0","id":"xcrdj0h5ujbger0"},"id":"tffimddato4sd31","previousOperationId":"kes3bpfly4r7xcj"}
{"type":"log","timestamp":1704995607092,"level":"debug","message":"Data item not defined for this template.","meta":{"rootId":"xcrdj0h5ujbger0","id":"xcrdj0h5ujbger0"},"id":"0rvo1pjdnftpjpi","previousOperationId":"kes3bpfly4r7xcj"}
{"type":"log","timestamp":1704995607094,"level":"debug","message":"Executing script usabi-data (beforeRender)","meta":{"rootId":"xcrdj0h5ujbger0","id":"xcrdj0h5ujbger0"},"id":"jqmfr4yqtw005jk","previousOperationId":"kes3bpfly4r7xcj"}
{"type":"operationStart","subtype":"scriptsBeforeRender","name":"scripts beforeRender","timestamp":1704995607098,"id":"708ext9wzo8rh8l","previousEventId":"bvfpnzb4dvao865","operationId":"jz5ajg9se8a5ur7","previousOperationId":"kes3bpfly4r7xcj"}
{"type":"operationStart","subtype":"script","name":"scripts usabi-data","previousOperationId":"jz5ajg9se8a5ur7","timestamp":1704995607098,"id":"bd953mbgifgfxoz","previousEventId":"708ext9wzo8rh8l","operationId":"3984ag569uev5p7"}
{"type":"operationEnd","operationId":"3984ag569uev5p7","timestamp":1704995607111,"id":"npiavcbdy0plkpm","previousEventId":"bvfpnzb4dvao865","previousOperationId":"kes3bpfly4r7xcj"}
{"type":"log","timestamp":1704995607111,"level":"debug","message":"Executing script orders-script (beforeRender)","meta":{"rootId":"xcrdj0h5ujbger0","id":"xcrdj0h5ujbger0"},"id":"zpu0n5twjmnbakc","previousOperationId":"kes3bpfly4r7xcj"}
{"type":"operationStart","subtype":"script","name":"scripts orders-script","previousOperationId":"jz5ajg9se8a5ur7","timestamp":1704995607115,"id":"x672hv795a1zwee","previousEventId":"npiavcbdy0plkpm","operationId":"bo0j28a51k4v7k5"}
{"type":"operationEnd","operationId":"bo0j28a51k4v7k5","timestamp":1704995608521,"id":"zmugddtx4yu1ajb","previousEventId":"npiavcbdy0plkpm","previousOperationId":"kes3bpfly4r7xcj"}
{"type":"operationEnd","operationId":"jz5ajg9se8a5ur7","timestamp":1704995608521,"id":"0ms7pmq31a09hgp","previousEventId":"zmugddtx4yu1ajb","previousOperationId":"kes3bpfly4r7xcj"}
{"type":"log","timestamp":1704995608521,"level":"debug","message":"Base url not specified, skipping its injection.","meta":{"rootId":"xcrdj0h5ujbger0","id":"xcrdj0h5ujbger0"},"id":"s6qe36qagnfcob1","previousOperationId":"jz5ajg9se8a5ur7"}
{"type":"operationStart","subtype":"engine","name":"handlebars","timestamp":1704995608522,"id":"6tu5wkac1rrwhzg","previousEventId":"0ms7pmq31a09hgp","operationId":"7q3ne3z4tfiv59v","previousOperationId":"jz5ajg9se8a5ur7"}
{"type":"log","timestamp":1704995608522,"level":"debug","message":"Rendering engine handlebars","meta":{"rootId":"xcrdj0h5ujbger0","id":"xcrdj0h5ujbger0"},"id":"pqgimv2egli82ir","previousOperationId":"7q3ne3z4tfiv59v"}
{"type":"operationEnd","operationId":"7q3ne3z4tfiv59v","timestamp":1704995608535,"id":"tp2ypyb14w3h34c","previousEventId":"6tu5wkac1rrwhzg","previousOperationId":"7q3ne3z4tfiv59v"}
{"type":"operationStart","subtype":"recipe","name":"chrome-pdf","timestamp":1704995608535,"id":"jxabghss9kwayyw","previousEventId":"tp2ypyb14w3h34c","operationId":"tsx2m15ips8bm78","previousOperationId":"7q3ne3z4tfiv59v"}
{"type":"log","timestamp":1704995608535,"level":"debug","message":"Executing recipe chrome-pdf","meta":{"rootId":"xcrdj0h5ujbger0","id":"xcrdj0h5ujbger0"},"id":"odx3x3ynn0o0kjz","previousOperationId":"tsx2m15ips8bm78"}
{"type":"log","timestamp":1704995608538,"level":"debug","message":"Converting with chrome HeadlessChrome/117.0.5938.149 using chrome-pool strategy","meta":{"rootId":"xcrdj0h5ujbger0","id":"xcrdj0h5ujbger0"},"id":"f89s1hf72oc0p3d","previousOperationId":"tsx2m15ips8bm78"}
{"type":"log","timestamp":1704995608569,"level":"debug","message":"Page request: GET (document) file:///tmp/jsreport/autocleanup/2f27e464-a8d3-4099-8a45-e039e9ec36cd-chrome-pdf.html","meta":{"rootId":"xcrdj0h5ujbger0","id":"xcrdj0h5ujbger0"},"id":"83qpfthjub94jxw","previousOperationId":"tsx2m15ips8bm78"}
{"type":"log","timestamp":1704995608578,"level":"debug","message":"Page request: GET (script) https://cdn.jsdelivr.net/npm/chart.js","meta":{"rootId":"xcrdj0h5ujbger0","id":"xcrdj0h5ujbger0"},"id":"vknbm5ce5i0vulv","previousOperationId":"tsx2m15ips8bm78"}
{"type":"log","timestamp":1704995608578,"level":"debug","message":"Page request finished: GET (document) 200 file:///tmp/jsreport/autocleanup/2f27e464-a8d3-4099-8a45-e039e9ec36cd-chrome-pdf.html","meta":{"rootId":"xcrdj0h5ujbger0","id":"xcrdj0h5ujbger0"},"id":"bghhifr6fnc09af","previousOperationId":"tsx2m15ips8bm78"}
{"type":"log","timestamp":1704995608581,"level":"debug","message":"Page request finished: GET (script) 200 https://cdn.jsdelivr.net/npm/chart.js","meta":{"rootId":"xcrdj0h5ujbger0","id":"xcrdj0h5ujbger0"},"id":"txe8xa82hkt3yqu","previousOperationId":"tsx2m15ips8bm78"}
{"type":"log","timestamp":1704995608585,"level":"warn","message":"Page error: Unexpected identifier 'Object' , stack: SyntaxError: Unexpected identifier 'Object'","meta":{"rootId":"xcrdj0h5ujbger0","id":"xcrdj0h5ujbger0"},"id":"x3uqlrq8h1kqg8n","previousOperationId":"tsx2m15ips8bm78"}
{"type":"log","timestamp":1704995608589,"level":"debug","message":"Running chrome with params {\"printBackground\":true,\"timeout\":58549,\"margin\":{}}","meta":{"rootId":"xcrdj0h5ujbger0","id":"xcrdj0h5ujbger0"},"id":"4fsdkp9favcsan6","previousOperationId":"tsx2m15ips8bm78"}
{"type":"operationEnd","operationId":"tsx2m15ips8bm78","timestamp":1704995608602,"id":"ha901eby22eolvg","previousEventId":"jxabghss9kwayyw","previousOperationId":"tsx2m15ips8bm78"}
{"type":"log","timestamp":1704995608602,"level":"debug","message":"Skipping storing report.","meta":{"rootId":"xcrdj0h5ujbger0","id":"xcrdj0h5ujbger0"},"id":"4t931djwozl09w3","previousOperationId":"tsx2m15ips8bm78"}
{"type":"log","timestamp":1704995608602,"level":"info","message":"Rendering request 18 finished in 1516 ms","meta":{"rootId":"xcrdj0h5ujbger0","id":"xcrdj0h5ujbger0"},"id":"jq6zr2dgcoqqeen","previousOperationId":"tsx2m15ips8bm78"}
{"type":"operationEnd","subtype":"render","operationId":"kes3bpfly4r7xcj","timestamp":1704995608602,"id":"qu0htuov62ehrhs","previousEventId":"ha901eby22eolvg","previousOperationId":"tsx2m15ips8bm78"}
{"type":"operationEnd","doDiffs":false,"previousEventId":"tkua9s5mpnowy3o","previousOperationId":"cepy97yzh94igt9","operationId":"cepy97yzh94igt9","timestamp":1704995608607,"id":"s4qwuxunginc4ip"}
