{"type":"operationStart","subtype":"profile","data":{"_id":"gfD81gdjM3k67yK1","timestamp":"2024-01-11T17:18:27.216Z","state":"queued","mode":"standard","creationDate":"2024-01-11T17:18:27.217Z","modificationDate":"2024-01-11T17:18:27.217Z","shortid":"CXY4Do6","$entitySet":"profiles"},"doDiffs":false,"timestamp":1704993507217,"id":"m6iyjl524v34dby","previousOperationId":null,"operationId":"oz2h3dam2o7rw5z"}
{"type":"log","level":"info","message":"Render request 127 queued for execution and waiting for available worker","previousOperationId":"oz2h3dam2o7rw5z","timestamp":1704993507217,"id":"evijc5vs6wgjb2y"}
{"type":"operationStart","subtype":"render","name":"User_project","previousOperationId":"oz2h3dam2o7rw5z","timestamp":1704993507220,"id":"v7s7zruofjrbpkr","previousEventId":"m6iyjl524v34dby","operationId":"mjvg2tbvguxquou"}
{"type":"log","timestamp":1704993507220,"level":"info","message":"Starting rendering request 127","meta":{"rootId":"xj97ssqs9wkditv","id":"xj97ssqs9wkditv"},"id":"c54d05bdq35sydp","previousOperationId":"mjvg2tbvguxquou"}
{"type":"log","timestamp":1704993507220,"level":"info","message":"Rendering template { name: User_project, recipe: chrome-pdf, engine: handlebars, preview: true }","meta":{"rootId":"xj97ssqs9wkditv","id":"xj97ssqs9wkditv"},"id":"43jmp6yazk4vz5d","previousOperationId":"mjvg2tbvguxquou"}
{"type":"log","timestamp":1704993507221,"level":"debug","message":"Data item not defined for this template.","meta":{"rootId":"xj97ssqs9wkditv","id":"xj97ssqs9wkditv"},"id":"lw4cxmifi1vn1uj","previousOperationId":"mjvg2tbvguxquou"}
{"type":"log","timestamp":1704993507222,"level":"debug","message":"Executing script usabi-data (beforeRender)","meta":{"rootId":"xj97ssqs9wkditv","id":"xj97ssqs9wkditv"},"id":"8hlw1qecffoyk32","previousOperationId":"mjvg2tbvguxquou"}
{"type":"operationStart","subtype":"scriptsBeforeRender","name":"scripts beforeRender","timestamp":1704993507224,"id":"t8zpefogufafb0h","previousEventId":"v7s7zruofjrbpkr","operationId":"0qfe7ew3t4q9t54","previousOperationId":"mjvg2tbvguxquou"}
{"type":"operationStart","subtype":"script","name":"scripts usabi-data","previousOperationId":"0qfe7ew3t4q9t54","timestamp":1704993507224,"id":"u91jfi6j3royic8","previousEventId":"t8zpefogufafb0h","operationId":"f92m3cpbr013gg4"}
{"type":"operationEnd","operationId":"f92m3cpbr013gg4","timestamp":1704993507233,"id":"w4snt46mixbgvgo","previousEventId":"v7s7zruofjrbpkr","previousOperationId":"mjvg2tbvguxquou"}
{"type":"log","timestamp":1704993507233,"level":"debug","message":"Executing script orders-script (beforeRender)","meta":{"rootId":"xj97ssqs9wkditv","id":"xj97ssqs9wkditv"},"id":"wbe3fwudk6it6jz","previousOperationId":"mjvg2tbvguxquou"}
{"type":"operationStart","subtype":"script","name":"scripts orders-script","previousOperationId":"0qfe7ew3t4q9t54","timestamp":1704993507237,"id":"rppsvzpm44onxba","previousEventId":"w4snt46mixbgvgo","operationId":"clnp4ur8p06tdyg"}
{"type":"operationEnd","operationId":"clnp4ur8p06tdyg","timestamp":1704993508707,"id":"7odddba88d4fcy5","previousEventId":"w4snt46mixbgvgo","previousOperationId":"mjvg2tbvguxquou"}
{"type":"operationEnd","operationId":"0qfe7ew3t4q9t54","timestamp":1704993508707,"id":"vrz89ehngnoudjm","previousEventId":"7odddba88d4fcy5","previousOperationId":"mjvg2tbvguxquou"}
{"type":"log","timestamp":1704993508707,"level":"debug","message":"Base url not specified, skipping its injection.","meta":{"rootId":"xj97ssqs9wkditv","id":"xj97ssqs9wkditv"},"id":"3zialp46jtfxhhj","previousOperationId":"0qfe7ew3t4q9t54"}
{"type":"operationStart","subtype":"engine","name":"handlebars","timestamp":1704993508707,"id":"64s7am387tnmuu5","previousEventId":"vrz89ehngnoudjm","operationId":"ujymlh2c09n3cg6","previousOperationId":"0qfe7ew3t4q9t54"}
{"type":"log","timestamp":1704993508707,"level":"debug","message":"Rendering engine handlebars","meta":{"rootId":"xj97ssqs9wkditv","id":"xj97ssqs9wkditv"},"id":"6ujcyn4dbkibj95","previousOperationId":"ujymlh2c09n3cg6"}
{"type":"operationEnd","operationId":"ujymlh2c09n3cg6","timestamp":1704993508712,"id":"ql5xm04wxtsutfk","previousEventId":"64s7am387tnmuu5","previousOperationId":"ujymlh2c09n3cg6"}
{"type":"operationStart","subtype":"recipe","name":"chrome-pdf","timestamp":1704993508712,"id":"q7blzkzn1k4n8kw","previousEventId":"ql5xm04wxtsutfk","operationId":"knx4gsm2kf94sit","previousOperationId":"ujymlh2c09n3cg6"}
{"type":"log","timestamp":1704993508712,"level":"debug","message":"Executing recipe chrome-pdf","meta":{"rootId":"xj97ssqs9wkditv","id":"xj97ssqs9wkditv"},"id":"b3043h8v2sg1jg2","previousOperationId":"knx4gsm2kf94sit"}
{"type":"log","timestamp":1704993508713,"level":"debug","message":"Converting with chrome HeadlessChrome/117.0.5938.149 using chrome-pool strategy","meta":{"rootId":"xj97ssqs9wkditv","id":"xj97ssqs9wkditv"},"id":"4xl2lkdffvxnm7u","previousOperationId":"knx4gsm2kf94sit"}
{"type":"log","timestamp":1704993508741,"level":"debug","message":"Page request: GET (document) file:///tmp/jsreport/autocleanup/e39c06ca-e7be-44dd-942c-67513062bbbd-chrome-pdf.html","meta":{"rootId":"xj97ssqs9wkditv","id":"xj97ssqs9wkditv"},"id":"hnifmk3yh95ow34","previousOperationId":"knx4gsm2kf94sit"}
{"type":"log","timestamp":1704993508746,"level":"debug","message":"Page request finished: GET (document) 200 file:///tmp/jsreport/autocleanup/e39c06ca-e7be-44dd-942c-67513062bbbd-chrome-pdf.html","meta":{"rootId":"xj97ssqs9wkditv","id":"xj97ssqs9wkditv"},"id":"d3e44jlj31fs4w7","previousOperationId":"knx4gsm2kf94sit"}
{"type":"log","timestamp":1704993508750,"level":"debug","message":"Running chrome with params {\"printBackground\":true,\"timeout\":58503,\"margin\":{}}","meta":{"rootId":"xj97ssqs9wkditv","id":"xj97ssqs9wkditv"},"id":"d42lrq5e6g99e5z","previousOperationId":"knx4gsm2kf94sit"}
{"type":"operationEnd","operationId":"knx4gsm2kf94sit","timestamp":1704993508761,"id":"ekqr5dt2ios9yzn","previousEventId":"q7blzkzn1k4n8kw","previousOperationId":"knx4gsm2kf94sit"}
{"type":"log","timestamp":1704993508761,"level":"debug","message":"Skipping storing report.","meta":{"rootId":"xj97ssqs9wkditv","id":"xj97ssqs9wkditv"},"id":"e5k7f64zhef9c74","previousOperationId":"knx4gsm2kf94sit"}
{"type":"log","timestamp":1704993508761,"level":"info","message":"Rendering request 127 finished in 1545 ms","meta":{"rootId":"xj97ssqs9wkditv","id":"xj97ssqs9wkditv"},"id":"ru0r6kqy46mhkcg","previousOperationId":"knx4gsm2kf94sit"}
{"type":"operationEnd","subtype":"render","operationId":"mjvg2tbvguxquou","timestamp":1704993508761,"id":"64oldn2jm1q28oj","previousEventId":"ekqr5dt2ios9yzn","previousOperationId":"knx4gsm2kf94sit"}
{"type":"operationEnd","doDiffs":false,"previousEventId":"m6iyjl524v34dby","previousOperationId":"oz2h3dam2o7rw5z","operationId":"oz2h3dam2o7rw5z","timestamp":1704993508764,"id":"nnqivc7fr82pg00"}
