{"type":"operationStart","subtype":"profile","data":{"_id":"ie1FdafWOmhxgWxs","timestamp":"2024-01-10T20:24:08.268Z","state":"queued","mode":"standard","creationDate":"2024-01-10T20:24:08.269Z","modificationDate":"2024-01-10T20:24:08.269Z","shortid":"R3m_BQR","$entitySet":"profiles"},"doDiffs":false,"timestamp":1704918248268,"id":"hlb86xrbnznxw7o","previousOperationId":null,"operationId":"9hki03cmb1n6qm0"}
{"type":"log","level":"info","message":"Render request 13 queued for execution and waiting for available worker","previousOperationId":"9hki03cmb1n6qm0","timestamp":1704918248269,"id":"2ab65h8vvnbacz8"}
{"type":"operationStart","subtype":"render","name":"User_project","previousOperationId":"9hki03cmb1n6qm0","timestamp":1704918248274,"id":"rc258o048jgvmm1","previousEventId":"hlb86xrbnznxw7o","operationId":"36297rcu3wbb82y"}
{"type":"log","timestamp":1704918248274,"level":"info","message":"Starting rendering request 13","meta":{"rootId":"xl6mj2qya2hocnq","id":"xl6mj2qya2hocnq"},"id":"j64ry5qrr3vrn8h","previousOperationId":"36297rcu3wbb82y"}
{"type":"log","timestamp":1704918248274,"level":"info","message":"Rendering template { name: User_project, recipe: chrome-pdf, engine: handlebars, preview: true }","meta":{"rootId":"xl6mj2qya2hocnq","id":"xl6mj2qya2hocnq"},"id":"znrnowuo1b7xvup","previousOperationId":"36297rcu3wbb82y"}
{"type":"log","timestamp":1704918248274,"level":"debug","message":"Data item not defined for this template.","meta":{"rootId":"xl6mj2qya2hocnq","id":"xl6mj2qya2hocnq"},"id":"ooct497wxw26uu1","previousOperationId":"36297rcu3wbb82y"}
{"type":"log","timestamp":1704918248276,"level":"debug","message":"Executing script usabi-data (beforeRender)","meta":{"rootId":"xl6mj2qya2hocnq","id":"xl6mj2qya2hocnq"},"id":"sryirj6ynfalftb","previousOperationId":"36297rcu3wbb82y"}
{"type":"operationStart","subtype":"scriptsBeforeRender","name":"scripts beforeRender","timestamp":1704918248279,"id":"0evode64omhlwka","previousEventId":"rc258o048jgvmm1","operationId":"tam655fu5hwez9a","previousOperationId":"36297rcu3wbb82y"}
{"type":"operationStart","subtype":"script","name":"scripts usabi-data","previousOperationId":"tam655fu5hwez9a","timestamp":1704918248279,"id":"fy9plird5r4k3sp","previousEventId":"0evode64omhlwka","operationId":"lho5oik4641qycz"}
{"type":"operationEnd","operationId":"lho5oik4641qycz","timestamp":1704918248385,"id":"rigvrf5ebfgcgho","previousEventId":"rc258o048jgvmm1","previousOperationId":"36297rcu3wbb82y"}
{"type":"operationEnd","operationId":"tam655fu5hwez9a","timestamp":1704918248385,"id":"0rv1a6w7gmh71mb","previousEventId":"rigvrf5ebfgcgho","previousOperationId":"36297rcu3wbb82y"}
{"type":"log","timestamp":1704918248385,"level":"debug","message":"Base url not specified, skipping its injection.","meta":{"rootId":"xl6mj2qya2hocnq","id":"xl6mj2qya2hocnq"},"id":"qbfgmnuo6c7yh8i","previousOperationId":"tam655fu5hwez9a"}
{"type":"operationStart","subtype":"engine","name":"handlebars","timestamp":1704918248385,"id":"4p9f9e2gd69rp11","previousEventId":"0rv1a6w7gmh71mb","operationId":"joxnn7uzl7y3z0m","previousOperationId":"tam655fu5hwez9a"}
{"type":"log","timestamp":1704918248385,"level":"debug","message":"Rendering engine handlebars","meta":{"rootId":"xl6mj2qya2hocnq","id":"xl6mj2qya2hocnq"},"id":"ynx93mqk0wmjnbc","previousOperationId":"joxnn7uzl7y3z0m"}
{"type":"operationEnd","operationId":"joxnn7uzl7y3z0m","timestamp":1704918248397,"id":"0yawno648kdr052","previousEventId":"4p9f9e2gd69rp11","previousOperationId":"joxnn7uzl7y3z0m"}
{"type":"operationStart","subtype":"recipe","name":"chrome-pdf","timestamp":1704918248398,"id":"v6dus94v326g285","previousEventId":"0yawno648kdr052","operationId":"qshlqlaae4iybg6","previousOperationId":"joxnn7uzl7y3z0m"}
{"type":"log","timestamp":1704918248398,"level":"debug","message":"Executing recipe chrome-pdf","meta":{"rootId":"xl6mj2qya2hocnq","id":"xl6mj2qya2hocnq"},"id":"2xz2jsajdts2kn0","previousOperationId":"qshlqlaae4iybg6"}
{"type":"log","timestamp":1704918248399,"level":"debug","message":"Converting with chrome HeadlessChrome/117.0.5938.149 using chrome-pool strategy","meta":{"rootId":"xl6mj2qya2hocnq","id":"xl6mj2qya2hocnq"},"id":"7vd4x8hdf67e2cv","previousOperationId":"qshlqlaae4iybg6"}
{"type":"log","timestamp":1704918248435,"level":"debug","message":"Page request: GET (document) file:///tmp/jsreport/autocleanup/6ee7d52f-4427-494c-80fe-af40f4badb67-chrome-pdf.html","meta":{"rootId":"xl6mj2qya2hocnq","id":"xl6mj2qya2hocnq"},"id":"wmbgarytmq2webr","previousOperationId":"qshlqlaae4iybg6"}
{"type":"log","timestamp":1704918248441,"level":"debug","message":"Page request finished: GET (document) 200 file:///tmp/jsreport/autocleanup/6ee7d52f-4427-494c-80fe-af40f4badb67-chrome-pdf.html","meta":{"rootId":"xl6mj2qya2hocnq","id":"xl6mj2qya2hocnq"},"id":"4xyrogv5iho47if","previousOperationId":"qshlqlaae4iybg6"}
{"type":"log","timestamp":1704918248445,"level":"debug","message":"Running chrome with params {\"printBackground\":true,\"timeout\":59869,\"margin\":{}}","meta":{"rootId":"xl6mj2qya2hocnq","id":"xl6mj2qya2hocnq"},"id":"bwuug4g3f5s7bvx","previousOperationId":"qshlqlaae4iybg6"}
{"type":"operationEnd","operationId":"qshlqlaae4iybg6","timestamp":1704918248452,"id":"6s3bao3pmm7slrc","previousEventId":"v6dus94v326g285","previousOperationId":"qshlqlaae4iybg6"}
{"type":"log","timestamp":1704918248452,"level":"debug","message":"Skipping storing report.","meta":{"rootId":"xl6mj2qya2hocnq","id":"xl6mj2qya2hocnq"},"id":"wzkwaoo1qr62l3f","previousOperationId":"qshlqlaae4iybg6"}
{"type":"log","timestamp":1704918248452,"level":"info","message":"Rendering request 13 finished in 184 ms","meta":{"rootId":"xl6mj2qya2hocnq","id":"xl6mj2qya2hocnq"},"id":"28pn7qkwbcuep3y","previousOperationId":"qshlqlaae4iybg6"}
{"type":"operationEnd","subtype":"render","operationId":"36297rcu3wbb82y","timestamp":1704918248452,"id":"qk9uhir47o17jg8","previousEventId":"6s3bao3pmm7slrc","previousOperationId":"qshlqlaae4iybg6"}
{"type":"operationEnd","doDiffs":false,"previousEventId":"hlb86xrbnznxw7o","previousOperationId":"9hki03cmb1n6qm0","operationId":"9hki03cmb1n6qm0","timestamp":1704918248455,"id":"k8npyavgnv5zys0"}
