{"type":"operationStart","subtype":"profile","data":{"_id":"XNXndwBqOtU2m3WA","timestamp":"2024-01-11T17:21:23.456Z","state":"queued","mode":"standard","creationDate":"2024-01-11T17:21:23.457Z","modificationDate":"2024-01-11T17:21:23.457Z","shortid":"Olnqc60","$entitySet":"profiles"},"doDiffs":false,"timestamp":1704993683457,"id":"1kshrbqce18mn71","previousOperationId":null,"operationId":"q9pr7g9rhnlj4mu"}
{"type":"log","level":"info","message":"Render request 135 queued for execution and waiting for available worker","previousOperationId":"q9pr7g9rhnlj4mu","timestamp":1704993683457,"id":"pw9bttnaqykrue1"}
{"type":"operationStart","subtype":"render","name":"User_project","previousOperationId":"q9pr7g9rhnlj4mu","timestamp":1704993683460,"id":"llcogxj5m3oeim8","previousEventId":"1kshrbqce18mn71","operationId":"ihjy63d5hldavmv"}
{"type":"log","timestamp":1704993683460,"level":"info","message":"Starting rendering request 135","meta":{"rootId":"xmpbzp2k4yvj786","id":"xmpbzp2k4yvj786"},"id":"or5vwpkqcss81n8","previousOperationId":"ihjy63d5hldavmv"}
{"type":"log","timestamp":1704993683460,"level":"info","message":"Rendering template { name: User_project, recipe: chrome-pdf, engine: handlebars, preview: true }","meta":{"rootId":"xmpbzp2k4yvj786","id":"xmpbzp2k4yvj786"},"id":"bnqc0uha1iaxkcz","previousOperationId":"ihjy63d5hldavmv"}
{"type":"log","timestamp":1704993683461,"level":"debug","message":"Data item not defined for this template.","meta":{"rootId":"xmpbzp2k4yvj786","id":"xmpbzp2k4yvj786"},"id":"lzi1rnh4okarmgr","previousOperationId":"ihjy63d5hldavmv"}
{"type":"log","timestamp":1704993683463,"level":"debug","message":"Executing script usabi-data (beforeRender)","meta":{"rootId":"xmpbzp2k4yvj786","id":"xmpbzp2k4yvj786"},"id":"hdda9mgi8swhjsk","previousOperationId":"ihjy63d5hldavmv"}
{"type":"operationStart","subtype":"scriptsBeforeRender","name":"scripts beforeRender","timestamp":1704993683466,"id":"6hpr0vp40niejds","previousEventId":"llcogxj5m3oeim8","operationId":"3lj9ki5qzrsg5al","previousOperationId":"ihjy63d5hldavmv"}
{"type":"operationStart","subtype":"script","name":"scripts usabi-data","previousOperationId":"3lj9ki5qzrsg5al","timestamp":1704993683466,"id":"5ep54k595aiu06q","previousEventId":"6hpr0vp40niejds","operationId":"9wo2p849ebtk6sr"}
{"type":"operationEnd","operationId":"9wo2p849ebtk6sr","timestamp":1704993683491,"id":"r47o076b8mnt9lz","previousEventId":"llcogxj5m3oeim8","previousOperationId":"ihjy63d5hldavmv"}
{"type":"log","timestamp":1704993683491,"level":"debug","message":"Executing script orders-script (beforeRender)","meta":{"rootId":"xmpbzp2k4yvj786","id":"xmpbzp2k4yvj786"},"id":"e7d9ly51w77mu3x","previousOperationId":"ihjy63d5hldavmv"}
{"type":"operationStart","subtype":"script","name":"scripts orders-script","previousOperationId":"3lj9ki5qzrsg5al","timestamp":1704993683494,"id":"snng0j5bbkj9xxq","previousEventId":"r47o076b8mnt9lz","operationId":"3pdsmazwbpfiyy0"}
{"type":"operationEnd","operationId":"3pdsmazwbpfiyy0","timestamp":1704993685147,"id":"wvpqazp2cssf462","previousEventId":"r47o076b8mnt9lz","previousOperationId":"ihjy63d5hldavmv"}
{"type":"operationEnd","operationId":"3lj9ki5qzrsg5al","timestamp":1704993685147,"id":"1trbl9qmj52gyak","previousEventId":"wvpqazp2cssf462","previousOperationId":"ihjy63d5hldavmv"}
{"type":"log","timestamp":1704993685147,"level":"debug","message":"Base url not specified, skipping its injection.","meta":{"rootId":"xmpbzp2k4yvj786","id":"xmpbzp2k4yvj786"},"id":"i4kosb6vkwo2hz3","previousOperationId":"3lj9ki5qzrsg5al"}
{"type":"operationStart","subtype":"engine","name":"handlebars","timestamp":1704993685147,"id":"w7iuf42iaq36cms","previousEventId":"1trbl9qmj52gyak","operationId":"a5024l97ey5tfw1","previousOperationId":"3lj9ki5qzrsg5al"}
{"type":"log","timestamp":1704993685147,"level":"debug","message":"Rendering engine handlebars","meta":{"rootId":"xmpbzp2k4yvj786","id":"xmpbzp2k4yvj786"},"id":"wi6sfrojhjdhu5b","previousOperationId":"a5024l97ey5tfw1"}
{"type":"operationEnd","operationId":"a5024l97ey5tfw1","timestamp":1704993685155,"id":"z0i06blawba64wi","previousEventId":"w7iuf42iaq36cms","previousOperationId":"a5024l97ey5tfw1"}
{"type":"operationStart","subtype":"recipe","name":"chrome-pdf","timestamp":1704993685155,"id":"jgv9j63ddn8atsr","previousEventId":"z0i06blawba64wi","operationId":"xn8ty6yv38sw6gl","previousOperationId":"a5024l97ey5tfw1"}
{"type":"log","timestamp":1704993685155,"level":"debug","message":"Executing recipe chrome-pdf","meta":{"rootId":"xmpbzp2k4yvj786","id":"xmpbzp2k4yvj786"},"id":"h3gpde1dk2aiyc0","previousOperationId":"xn8ty6yv38sw6gl"}
{"type":"log","timestamp":1704993685156,"level":"debug","message":"Converting with chrome HeadlessChrome/117.0.5938.149 using chrome-pool strategy","meta":{"rootId":"xmpbzp2k4yvj786","id":"xmpbzp2k4yvj786"},"id":"8k799xy19em4oiy","previousOperationId":"xn8ty6yv38sw6gl"}
{"type":"log","timestamp":1704993685194,"level":"debug","message":"Page request: GET (document) file:///tmp/jsreport/autocleanup/4f096957-da7b-478a-b218-2f1e086ca736-chrome-pdf.html","meta":{"rootId":"xmpbzp2k4yvj786","id":"xmpbzp2k4yvj786"},"id":"3xh2fke8hee0bkm","previousOperationId":"xn8ty6yv38sw6gl"}
{"type":"log","timestamp":1704993685203,"level":"debug","message":"Page request: GET (script) https://cdn.jsdelivr.net/npm/chart.js","meta":{"rootId":"xmpbzp2k4yvj786","id":"xmpbzp2k4yvj786"},"id":"oxulx1ltf5do2jc","previousOperationId":"xn8ty6yv38sw6gl"}
{"type":"log","timestamp":1704993685203,"level":"debug","message":"Page request finished: GET (document) 200 file:///tmp/jsreport/autocleanup/4f096957-da7b-478a-b218-2f1e086ca736-chrome-pdf.html","meta":{"rootId":"xmpbzp2k4yvj786","id":"xmpbzp2k4yvj786"},"id":"u8ei3p3oyd3hghi","previousOperationId":"xn8ty6yv38sw6gl"}
{"type":"log","timestamp":1704993685208,"level":"debug","message":"Page request finished: GET (script) 200 https://cdn.jsdelivr.net/npm/chart.js","meta":{"rootId":"xmpbzp2k4yvj786","id":"xmpbzp2k4yvj786"},"id":"29e28zm8r84dxu7","previousOperationId":"xn8ty6yv38sw6gl"}
{"type":"log","timestamp":1704993685220,"level":"warn","message":"Page error: Unexpected identifier 'Object' , stack: SyntaxError: Unexpected identifier 'Object'","meta":{"rootId":"xmpbzp2k4yvj786","id":"xmpbzp2k4yvj786"},"id":"btoya6nc0zq2mha","previousOperationId":"xn8ty6yv38sw6gl"}
{"type":"log","timestamp":1704993685225,"level":"debug","message":"Running chrome with params {\"printBackground\":true,\"timeout\":58300,\"margin\":{}}","meta":{"rootId":"xmpbzp2k4yvj786","id":"xmpbzp2k4yvj786"},"id":"wvp6hba1eogyftb","previousOperationId":"xn8ty6yv38sw6gl"}
{"type":"operationEnd","operationId":"xn8ty6yv38sw6gl","timestamp":1704993685241,"id":"diutjfg7kkzycne","previousEventId":"jgv9j63ddn8atsr","previousOperationId":"xn8ty6yv38sw6gl"}
{"type":"log","timestamp":1704993685241,"level":"debug","message":"Skipping storing report.","meta":{"rootId":"xmpbzp2k4yvj786","id":"xmpbzp2k4yvj786"},"id":"7r6p656pxf7lh9n","previousOperationId":"xn8ty6yv38sw6gl"}
{"type":"log","timestamp":1704993685241,"level":"info","message":"Rendering request 135 finished in 1785 ms","meta":{"rootId":"xmpbzp2k4yvj786","id":"xmpbzp2k4yvj786"},"id":"js2f1mfk9ajfy82","previousOperationId":"xn8ty6yv38sw6gl"}
{"type":"operationEnd","subtype":"render","operationId":"ihjy63d5hldavmv","timestamp":1704993685241,"id":"y7ojnqkilrgt1d3","previousEventId":"diutjfg7kkzycne","previousOperationId":"xn8ty6yv38sw6gl"}
{"type":"operationEnd","doDiffs":false,"previousEventId":"1kshrbqce18mn71","previousOperationId":"q9pr7g9rhnlj4mu","operationId":"q9pr7g9rhnlj4mu","timestamp":1704993685244,"id":"0qu5kl3ul583mmp"}
