{"type":"operationStart","subtype":"profile","data":{"_id":"Iw36ZnkOfeedxHug","timestamp":"2024-01-11T16:49:20.383Z","state":"queued","mode":"standard","creationDate":"2024-01-11T16:49:20.383Z","modificationDate":"2024-01-11T16:49:20.383Z","shortid":"PAps0tz","$entitySet":"profiles"},"doDiffs":false,"timestamp":1704991760383,"id":"lametqiwh86h7x6","previousOperationId":null,"operationId":"tz4gdbfj0zdqxpk"}
{"type":"log","level":"info","message":"Render request 84 queued for execution and waiting for available worker","previousOperationId":"tz4gdbfj0zdqxpk","timestamp":1704991760383,"id":"vsd4s0t1wtg7aqz"}
{"type":"operationStart","subtype":"render","name":"User_project","previousOperationId":"tz4gdbfj0zdqxpk","timestamp":1704991760387,"id":"my8l5gy4lay4x3o","previousEventId":"lametqiwh86h7x6","operationId":"u5ilte2yzqo7yty"}
{"type":"log","timestamp":1704991760387,"level":"info","message":"Starting rendering request 84","meta":{"rootId":"xplu7fzks1dx7kt","id":"xplu7fzks1dx7kt"},"id":"t2uisbgd3q3lizm","previousOperationId":"u5ilte2yzqo7yty"}
{"type":"log","timestamp":1704991760387,"level":"info","message":"Rendering template { name: User_project, recipe: chrome-pdf, engine: handlebars, preview: true }","meta":{"rootId":"xplu7fzks1dx7kt","id":"xplu7fzks1dx7kt"},"id":"pechxgh5m0hj6mk","previousOperationId":"u5ilte2yzqo7yty"}
{"type":"log","timestamp":1704991760388,"level":"debug","message":"Data item not defined for this template.","meta":{"rootId":"xplu7fzks1dx7kt","id":"xplu7fzks1dx7kt"},"id":"4twd9px2jm29d18","previousOperationId":"u5ilte2yzqo7yty"}
{"type":"log","timestamp":1704991760389,"level":"debug","message":"Executing script usabi-data (beforeRender)","meta":{"rootId":"xplu7fzks1dx7kt","id":"xplu7fzks1dx7kt"},"id":"efhqovg1m0601ql","previousOperationId":"u5ilte2yzqo7yty"}
{"type":"operationStart","subtype":"scriptsBeforeRender","name":"scripts beforeRender","timestamp":1704991760393,"id":"dyeifog8bl3sqwd","previousEventId":"my8l5gy4lay4x3o","operationId":"79hlbvb24y4q0nq","previousOperationId":"u5ilte2yzqo7yty"}
{"type":"operationStart","subtype":"script","name":"scripts usabi-data","previousOperationId":"79hlbvb24y4q0nq","timestamp":1704991760393,"id":"jx5gtj2uqg4homy","previousEventId":"dyeifog8bl3sqwd","operationId":"jxcu7rqvkbojocz"}
{"type":"operationEnd","operationId":"jxcu7rqvkbojocz","timestamp":1704991760407,"id":"6goe41a67jjmmbo","previousEventId":"my8l5gy4lay4x3o","previousOperationId":"u5ilte2yzqo7yty"}
{"type":"operationEnd","operationId":"79hlbvb24y4q0nq","timestamp":1704991760407,"id":"b2ysfmv65hk1eal","previousEventId":"6goe41a67jjmmbo","previousOperationId":"u5ilte2yzqo7yty"}
{"type":"log","timestamp":1704991760408,"level":"debug","message":"Base url not specified, skipping its injection.","meta":{"rootId":"xplu7fzks1dx7kt","id":"xplu7fzks1dx7kt"},"id":"0ywymx8a0tsg07x","previousOperationId":"79hlbvb24y4q0nq"}
{"type":"operationStart","subtype":"engine","name":"handlebars","timestamp":1704991760408,"id":"yzezqh1fmkb74z2","previousEventId":"b2ysfmv65hk1eal","operationId":"288jk2c6s435xbq","previousOperationId":"79hlbvb24y4q0nq"}
{"type":"log","timestamp":1704991760408,"level":"debug","message":"Rendering engine handlebars","meta":{"rootId":"xplu7fzks1dx7kt","id":"xplu7fzks1dx7kt"},"id":"zmdhx6ilpe1d0y7","previousOperationId":"288jk2c6s435xbq"}
{"type":"operationEnd","operationId":"288jk2c6s435xbq","timestamp":1704991760420,"id":"philk27wc6hkcik","previousEventId":"yzezqh1fmkb74z2","previousOperationId":"288jk2c6s435xbq"}
{"type":"operationStart","subtype":"recipe","name":"chrome-pdf","timestamp":1704991760420,"id":"kohgktq9zf9xjcq","previousEventId":"philk27wc6hkcik","operationId":"s7kogh527vexti0","previousOperationId":"288jk2c6s435xbq"}
{"type":"log","timestamp":1704991760420,"level":"debug","message":"Executing recipe chrome-pdf","meta":{"rootId":"xplu7fzks1dx7kt","id":"xplu7fzks1dx7kt"},"id":"if3yh80oyz72bsi","previousOperationId":"s7kogh527vexti0"}
{"type":"log","timestamp":1704991760422,"level":"debug","message":"Converting with chrome HeadlessChrome/117.0.5938.149 using chrome-pool strategy","meta":{"rootId":"xplu7fzks1dx7kt","id":"xplu7fzks1dx7kt"},"id":"nowbc5j5nw8om6n","previousOperationId":"s7kogh527vexti0"}
{"type":"log","timestamp":1704991760452,"level":"debug","message":"Page request: GET (document) file:///tmp/jsreport/autocleanup/7eca69d6-5824-4fa8-b3dd-51ef57d53a98-chrome-pdf.html","meta":{"rootId":"xplu7fzks1dx7kt","id":"xplu7fzks1dx7kt"},"id":"1jgi4wm4nu8lv71","previousOperationId":"s7kogh527vexti0"}
{"type":"log","timestamp":1704991760458,"level":"debug","message":"Page request: GET (script) https://cdn.jsdelivr.net/npm/chart.js","meta":{"rootId":"xplu7fzks1dx7kt","id":"xplu7fzks1dx7kt"},"id":"7gwlu3nwvx5b0rj","previousOperationId":"s7kogh527vexti0"}
{"type":"log","timestamp":1704991760458,"level":"debug","message":"Page request finished: GET (document) 200 file:///tmp/jsreport/autocleanup/7eca69d6-5824-4fa8-b3dd-51ef57d53a98-chrome-pdf.html","meta":{"rootId":"xplu7fzks1dx7kt","id":"xplu7fzks1dx7kt"},"id":"e8f4oi1vls8rc3d","previousOperationId":"s7kogh527vexti0"}
{"type":"log","timestamp":1704991760462,"level":"debug","message":"Page request finished: GET (script) 200 https://cdn.jsdelivr.net/npm/chart.js","meta":{"rootId":"xplu7fzks1dx7kt","id":"xplu7fzks1dx7kt"},"id":"j3rdurf7j8byoa2","previousOperationId":"s7kogh527vexti0"}
{"type":"log","timestamp":1704991760503,"level":"debug","message":"Running chrome with params {\"printBackground\":true,\"timeout\":59962,\"margin\":{}}","meta":{"rootId":"xplu7fzks1dx7kt","id":"xplu7fzks1dx7kt"},"id":"z9ax88w28j0ojo8","previousOperationId":"s7kogh527vexti0"}
{"type":"operationEnd","operationId":"s7kogh527vexti0","timestamp":1704991760521,"id":"q1t9psnsj9zc5zx","previousEventId":"kohgktq9zf9xjcq","previousOperationId":"s7kogh527vexti0"}
{"type":"log","timestamp":1704991760521,"level":"debug","message":"Skipping storing report.","meta":{"rootId":"xplu7fzks1dx7kt","id":"xplu7fzks1dx7kt"},"id":"mhaz5npun26oou2","previousOperationId":"s7kogh527vexti0"}
{"type":"log","timestamp":1704991760521,"level":"info","message":"Rendering request 84 finished in 138 ms","meta":{"rootId":"xplu7fzks1dx7kt","id":"xplu7fzks1dx7kt"},"id":"wbmjz775rm093zt","previousOperationId":"s7kogh527vexti0"}
{"type":"operationEnd","subtype":"render","operationId":"u5ilte2yzqo7yty","timestamp":1704991760521,"id":"62rozuv6auispix","previousEventId":"q1t9psnsj9zc5zx","previousOperationId":"s7kogh527vexti0"}
{"type":"operationEnd","doDiffs":false,"previousEventId":"lametqiwh86h7x6","previousOperationId":"tz4gdbfj0zdqxpk","operationId":"tz4gdbfj0zdqxpk","timestamp":1704991760522,"id":"1y0i0ptlkuvgbwc"}
