{"type":"operationStart","subtype":"profile","data":{"_id":"IN3JbFMtbeGATWGb","timestamp":"2024-01-10T20:22:29.116Z","state":"queued","mode":"standard","creationDate":"2024-01-10T20:22:29.117Z","modificationDate":"2024-01-10T20:22:29.117Z","shortid":"ZKVJevh","$entitySet":"profiles"},"doDiffs":false,"timestamp":1704918149117,"id":"mlu75attnht45m0","previousOperationId":null,"operationId":"zly7985fku18uzc"}
{"type":"log","level":"info","message":"Render request 11 queued for execution and waiting for available worker","previousOperationId":"zly7985fku18uzc","timestamp":1704918149117,"id":"f19z5ryia2evm2s"}
{"type":"operationStart","subtype":"render","name":"User_project","previousOperationId":"zly7985fku18uzc","timestamp":1704918149122,"id":"8gakvseky7m8b0b","previousEventId":"mlu75attnht45m0","operationId":"k2zc3eht1h7z3te"}
{"type":"log","timestamp":1704918149122,"level":"info","message":"Starting rendering request 11","meta":{"rootId":"xu82u2gyp4u9ffs","id":"xu82u2gyp4u9ffs"},"id":"t1imjf9s7l9qs1e","previousOperationId":"k2zc3eht1h7z3te"}
{"type":"log","timestamp":1704918149122,"level":"info","message":"Rendering template { name: User_project, recipe: chrome-pdf, engine: handlebars, preview: true }","meta":{"rootId":"xu82u2gyp4u9ffs","id":"xu82u2gyp4u9ffs"},"id":"au8ijvoku9apb41","previousOperationId":"k2zc3eht1h7z3te"}
{"type":"log","timestamp":1704918149122,"level":"debug","message":"Data item not defined for this template.","meta":{"rootId":"xu82u2gyp4u9ffs","id":"xu82u2gyp4u9ffs"},"id":"dvk1kx1xcwzxw39","previousOperationId":"k2zc3eht1h7z3te"}
{"type":"log","timestamp":1704918149124,"level":"debug","message":"Executing script usabi-data (beforeRender)","meta":{"rootId":"xu82u2gyp4u9ffs","id":"xu82u2gyp4u9ffs"},"id":"05pkzroug1saisf","previousOperationId":"k2zc3eht1h7z3te"}
{"type":"operationStart","subtype":"scriptsBeforeRender","name":"scripts beforeRender","timestamp":1704918149128,"id":"ppeqd0pfu3zzp13","previousEventId":"8gakvseky7m8b0b","operationId":"vhrlly7rj14ir31","previousOperationId":"k2zc3eht1h7z3te"}
{"type":"operationStart","subtype":"script","name":"scripts usabi-data","previousOperationId":"vhrlly7rj14ir31","timestamp":1704918149128,"id":"bqizwqp24elv6q1","previousEventId":"ppeqd0pfu3zzp13","operationId":"6jhal5alvqwtqup"}
{"type":"operationEnd","operationId":"6jhal5alvqwtqup","timestamp":1704918149140,"id":"a9v8yyvt69rhj4t","previousEventId":"8gakvseky7m8b0b","previousOperationId":"k2zc3eht1h7z3te"}
{"type":"operationEnd","operationId":"vhrlly7rj14ir31","timestamp":1704918149140,"id":"mi8oxdg3t6bgk3k","previousEventId":"a9v8yyvt69rhj4t","previousOperationId":"k2zc3eht1h7z3te"}
{"type":"log","timestamp":1704918149140,"level":"debug","message":"Base url not specified, skipping its injection.","meta":{"rootId":"xu82u2gyp4u9ffs","id":"xu82u2gyp4u9ffs"},"id":"qig3zfs24np2arp","previousOperationId":"vhrlly7rj14ir31"}
{"type":"operationStart","subtype":"engine","name":"handlebars","timestamp":1704918149140,"id":"lwsnzu5jsv49k1v","previousEventId":"mi8oxdg3t6bgk3k","operationId":"qppqziec62slpxm","previousOperationId":"vhrlly7rj14ir31"}
{"type":"log","timestamp":1704918149140,"level":"debug","message":"Rendering engine handlebars","meta":{"rootId":"xu82u2gyp4u9ffs","id":"xu82u2gyp4u9ffs"},"id":"pwq3q50w3r81eah","previousOperationId":"qppqziec62slpxm"}
{"type":"operationEnd","operationId":"qppqziec62slpxm","timestamp":1704918149147,"id":"om7tz4zn0triv4v","previousEventId":"lwsnzu5jsv49k1v","previousOperationId":"qppqziec62slpxm"}
{"type":"operationStart","subtype":"recipe","name":"chrome-pdf","timestamp":1704918149147,"id":"ml1plf8nttxe2pk","previousEventId":"om7tz4zn0triv4v","operationId":"sny7v30ja8c67ky","previousOperationId":"qppqziec62slpxm"}
{"type":"log","timestamp":1704918149147,"level":"debug","message":"Executing recipe chrome-pdf","meta":{"rootId":"xu82u2gyp4u9ffs","id":"xu82u2gyp4u9ffs"},"id":"vtw4n7zvgj3r5km","previousOperationId":"sny7v30ja8c67ky"}
{"type":"log","timestamp":1704918149149,"level":"debug","message":"Converting with chrome HeadlessChrome/117.0.5938.149 using chrome-pool strategy","meta":{"rootId":"xu82u2gyp4u9ffs","id":"xu82u2gyp4u9ffs"},"id":"aqaaxwlp94jemlz","previousOperationId":"sny7v30ja8c67ky"}
{"type":"log","timestamp":1704918149178,"level":"debug","message":"Page request: GET (document) file:///tmp/jsreport/autocleanup/44e3788e-a384-49d1-9a64-10d3c0be273e-chrome-pdf.html","meta":{"rootId":"xu82u2gyp4u9ffs","id":"xu82u2gyp4u9ffs"},"id":"ntw5er0je7bzw5c","previousOperationId":"sny7v30ja8c67ky"}
{"type":"log","timestamp":1704918149184,"level":"debug","message":"Page request finished: GET (document) 200 file:///tmp/jsreport/autocleanup/44e3788e-a384-49d1-9a64-10d3c0be273e-chrome-pdf.html","meta":{"rootId":"xu82u2gyp4u9ffs","id":"xu82u2gyp4u9ffs"},"id":"gmxsz0rbe1anya5","previousOperationId":"sny7v30ja8c67ky"}
{"type":"log","timestamp":1704918149188,"level":"debug","message":"Running chrome with params {\"printBackground\":true,\"timeout\":59968,\"margin\":{}}","meta":{"rootId":"xu82u2gyp4u9ffs","id":"xu82u2gyp4u9ffs"},"id":"kmiicynr6qrhcj5","previousOperationId":"sny7v30ja8c67ky"}
{"type":"operationEnd","operationId":"sny7v30ja8c67ky","timestamp":1704918149196,"id":"audx1s228h7g6xs","previousEventId":"ml1plf8nttxe2pk","previousOperationId":"sny7v30ja8c67ky"}
{"type":"log","timestamp":1704918149196,"level":"debug","message":"Skipping storing report.","meta":{"rootId":"xu82u2gyp4u9ffs","id":"xu82u2gyp4u9ffs"},"id":"dolkgx0wxi4mljs","previousOperationId":"sny7v30ja8c67ky"}
{"type":"log","timestamp":1704918149196,"level":"info","message":"Rendering request 11 finished in 80 ms","meta":{"rootId":"xu82u2gyp4u9ffs","id":"xu82u2gyp4u9ffs"},"id":"9xmfjlhwpzkkzbe","previousOperationId":"sny7v30ja8c67ky"}
{"type":"operationEnd","subtype":"render","operationId":"k2zc3eht1h7z3te","timestamp":1704918149196,"id":"f6k5mrkgu2eudiv","previousEventId":"audx1s228h7g6xs","previousOperationId":"sny7v30ja8c67ky"}
{"type":"operationEnd","doDiffs":false,"previousEventId":"mlu75attnht45m0","previousOperationId":"zly7985fku18uzc","operationId":"zly7985fku18uzc","timestamp":1704918149206,"id":"v3b1iwrfudodwgb"}
