{"type":"operationStart","subtype":"profile","data":{"_id":"Ka6PYJNLTvz11XU5","timestamp":"2024-01-11T17:48:15.937Z","state":"queued","mode":"standard","creationDate":"2024-01-11T17:48:15.937Z","modificationDate":"2024-01-11T17:48:15.937Z","shortid":"N55mZut","$entitySet":"profiles"},"doDiffs":false,"timestamp":1704995295937,"id":"v3uk8r5tt47vkch","previousOperationId":null,"operationId":"y1cwg8iazrs3t4t"}
{"type":"log","level":"info","message":"Render request 13 queued for execution and waiting for available worker","previousOperationId":"y1cwg8iazrs3t4t","timestamp":1704995295937,"id":"p7z1cveij3ehru1"}
{"type":"operationStart","subtype":"render","name":"User_project","previousOperationId":"y1cwg8iazrs3t4t","timestamp":1704995295942,"id":"vfw9ibw91br6aq9","previousEventId":"v3uk8r5tt47vkch","operationId":"dsdb8t80g8gh0hx"}
{"type":"log","timestamp":1704995295942,"level":"info","message":"Starting rendering request 13","meta":{"rootId":"xxf06gmf3gv88vm","id":"xxf06gmf3gv88vm"},"id":"5c34blm0zsy0gjn","previousOperationId":"dsdb8t80g8gh0hx"}
{"type":"log","timestamp":1704995295942,"level":"info","message":"Rendering template { name: User_project, recipe: chrome-pdf, engine: handlebars, preview: true }","meta":{"rootId":"xxf06gmf3gv88vm","id":"xxf06gmf3gv88vm"},"id":"ndmx26t9edownpq","previousOperationId":"dsdb8t80g8gh0hx"}
{"type":"log","timestamp":1704995295942,"level":"debug","message":"Data item not defined for this template.","meta":{"rootId":"xxf06gmf3gv88vm","id":"xxf06gmf3gv88vm"},"id":"kbbv0ae25taodll","previousOperationId":"dsdb8t80g8gh0hx"}
{"type":"log","timestamp":1704995295944,"level":"debug","message":"Executing script usabi-data (beforeRender)","meta":{"rootId":"xxf06gmf3gv88vm","id":"xxf06gmf3gv88vm"},"id":"hiahk9nk84ow0vt","previousOperationId":"dsdb8t80g8gh0hx"}
{"type":"operationStart","subtype":"scriptsBeforeRender","name":"scripts beforeRender","timestamp":1704995295949,"id":"1yuc2dhp1n07ndn","previousEventId":"vfw9ibw91br6aq9","operationId":"ynry27eray8vc3r","previousOperationId":"dsdb8t80g8gh0hx"}
{"type":"operationStart","subtype":"script","name":"scripts usabi-data","previousOperationId":"ynry27eray8vc3r","timestamp":1704995295949,"id":"b8j9gklglbtte7y","previousEventId":"1yuc2dhp1n07ndn","operationId":"taoouzb3xy8l7ik"}
{"type":"operationEnd","operationId":"taoouzb3xy8l7ik","timestamp":1704995295977,"id":"nehg8so0b1k33vz","previousEventId":"vfw9ibw91br6aq9","previousOperationId":"dsdb8t80g8gh0hx"}
{"type":"log","timestamp":1704995295977,"level":"debug","message":"Executing script orders-script (beforeRender)","meta":{"rootId":"xxf06gmf3gv88vm","id":"xxf06gmf3gv88vm"},"id":"8k8qrly8itvpahx","previousOperationId":"dsdb8t80g8gh0hx"}
{"type":"operationStart","subtype":"script","name":"scripts orders-script","previousOperationId":"ynry27eray8vc3r","timestamp":1704995295982,"id":"6gqtqxvbsbe0lte","previousEventId":"nehg8so0b1k33vz","operationId":"z9afu9serqdd760"}
{"type":"operationEnd","operationId":"z9afu9serqdd760","timestamp":1704995297291,"id":"97y6995h280j7vv","previousEventId":"nehg8so0b1k33vz","previousOperationId":"dsdb8t80g8gh0hx"}
{"type":"operationEnd","operationId":"ynry27eray8vc3r","timestamp":1704995297291,"id":"8pq6a66z6xzgxhd","previousEventId":"97y6995h280j7vv","previousOperationId":"dsdb8t80g8gh0hx"}
{"type":"log","timestamp":1704995297291,"level":"debug","message":"Base url not specified, skipping its injection.","meta":{"rootId":"xxf06gmf3gv88vm","id":"xxf06gmf3gv88vm"},"id":"6lmt7knu5h4uuhi","previousOperationId":"ynry27eray8vc3r"}
{"type":"operationStart","subtype":"engine","name":"handlebars","timestamp":1704995297291,"id":"dz5h4iumntp3y1w","previousEventId":"8pq6a66z6xzgxhd","operationId":"br4s74f9pv4jqco","previousOperationId":"ynry27eray8vc3r"}
{"type":"log","timestamp":1704995297291,"level":"debug","message":"Rendering engine handlebars","meta":{"rootId":"xxf06gmf3gv88vm","id":"xxf06gmf3gv88vm"},"id":"942rxallc4jc7t0","previousOperationId":"br4s74f9pv4jqco"}
{"type":"operationEnd","operationId":"br4s74f9pv4jqco","timestamp":1704995297312,"id":"7829puxh5hm0jre","previousEventId":"dz5h4iumntp3y1w","previousOperationId":"br4s74f9pv4jqco"}
{"type":"operationStart","subtype":"recipe","name":"chrome-pdf","timestamp":1704995297313,"id":"ksqvj8btzg6vfzn","previousEventId":"7829puxh5hm0jre","operationId":"mxjsj2c8cn8xymx","previousOperationId":"br4s74f9pv4jqco"}
{"type":"log","timestamp":1704995297313,"level":"debug","message":"Executing recipe chrome-pdf","meta":{"rootId":"xxf06gmf3gv88vm","id":"xxf06gmf3gv88vm"},"id":"zpmzkd2h1x06dmg","previousOperationId":"mxjsj2c8cn8xymx"}
{"type":"log","timestamp":1704995297321,"level":"debug","message":"Converting with chrome HeadlessChrome/117.0.5938.149 using chrome-pool strategy","meta":{"rootId":"xxf06gmf3gv88vm","id":"xxf06gmf3gv88vm"},"id":"gxdxnfa09ae70kc","previousOperationId":"mxjsj2c8cn8xymx"}
{"type":"log","timestamp":1704995297356,"level":"debug","message":"Page request: GET (document) file:///tmp/jsreport/autocleanup/939363e1-6b77-48b7-a361-193ed351d45b-chrome-pdf.html","meta":{"rootId":"xxf06gmf3gv88vm","id":"xxf06gmf3gv88vm"},"id":"z8foqqtuvzwr3rm","previousOperationId":"mxjsj2c8cn8xymx"}
{"type":"log","timestamp":1704995297368,"level":"debug","message":"Page request: GET (script) https://cdn.jsdelivr.net/npm/chart.js","meta":{"rootId":"xxf06gmf3gv88vm","id":"xxf06gmf3gv88vm"},"id":"vr27c5ubloquw44","previousOperationId":"mxjsj2c8cn8xymx"}
{"type":"log","timestamp":1704995297368,"level":"debug","message":"Page request finished: GET (document) 200 file:///tmp/jsreport/autocleanup/939363e1-6b77-48b7-a361-193ed351d45b-chrome-pdf.html","meta":{"rootId":"xxf06gmf3gv88vm","id":"xxf06gmf3gv88vm"},"id":"y291ftqdw00g6g9","previousOperationId":"mxjsj2c8cn8xymx"}
{"type":"log","timestamp":1704995297377,"level":"debug","message":"Page request finished: GET (script) 200 https://cdn.jsdelivr.net/npm/chart.js","meta":{"rootId":"xxf06gmf3gv88vm","id":"xxf06gmf3gv88vm"},"id":"657xmqiprwkbjv1","previousOperationId":"mxjsj2c8cn8xymx"}
{"type":"log","timestamp":1704995297381,"level":"warn","message":"Page error: Unexpected identifier 'Object' , stack: SyntaxError: Unexpected identifier 'Object'","meta":{"rootId":"xxf06gmf3gv88vm","id":"xxf06gmf3gv88vm"},"id":"rgjup0ffhk3guke","previousOperationId":"mxjsj2c8cn8xymx"}
{"type":"log","timestamp":1704995297386,"level":"debug","message":"Running chrome with params {\"printBackground\":true,\"timeout\":58617,\"margin\":{}}","meta":{"rootId":"xxf06gmf3gv88vm","id":"xxf06gmf3gv88vm"},"id":"7hrhyl7gfdhtzrq","previousOperationId":"mxjsj2c8cn8xymx"}
{"type":"operationEnd","operationId":"mxjsj2c8cn8xymx","timestamp":1704995297397,"id":"1z2qkdvg0wa6jlm","previousEventId":"ksqvj8btzg6vfzn","previousOperationId":"mxjsj2c8cn8xymx"}
{"type":"log","timestamp":1704995297397,"level":"debug","message":"Skipping storing report.","meta":{"rootId":"xxf06gmf3gv88vm","id":"xxf06gmf3gv88vm"},"id":"0bhkrge9njtacz5","previousOperationId":"mxjsj2c8cn8xymx"}
{"type":"log","timestamp":1704995297397,"level":"info","message":"Rendering request 13 finished in 1460 ms","meta":{"rootId":"xxf06gmf3gv88vm","id":"xxf06gmf3gv88vm"},"id":"tsrzcdvmr57lv3c","previousOperationId":"mxjsj2c8cn8xymx"}
{"type":"operationEnd","subtype":"render","operationId":"dsdb8t80g8gh0hx","timestamp":1704995297397,"id":"0y6gw0lzdvnsrpj","previousEventId":"1z2qkdvg0wa6jlm","previousOperationId":"mxjsj2c8cn8xymx"}
{"type":"operationEnd","doDiffs":false,"previousEventId":"v3uk8r5tt47vkch","previousOperationId":"y1cwg8iazrs3t4t","operationId":"y1cwg8iazrs3t4t","timestamp":1704995297403,"id":"qw20bfxosw19n2y"}
