{"type":"operationStart","subtype":"profile","data":{"_id":"OSFZAAeEEn0r66HP","timestamp":"2024-01-10T20:20:11.325Z","state":"queued","mode":"standard","creationDate":"2024-01-10T20:20:11.327Z","modificationDate":"2024-01-10T20:20:11.327Z","shortid":"Su9bU_n","$entitySet":"profiles"},"doDiffs":false,"timestamp":1704918011326,"id":"ut5aytjqf2gfr4g","previousOperationId":null,"operationId":"3kpo36hofl8d049"}
{"type":"log","level":"info","message":"Render request 3 queued for execution and waiting for available worker","previousOperationId":"3kpo36hofl8d049","timestamp":1704918011326,"id":"3mkqdtbwmjkss09"}
{"type":"operationStart","subtype":"render","name":"User_project","previousOperationId":"3kpo36hofl8d049","timestamp":1704918011331,"id":"rh9mcypl0x13foo","previousEventId":"ut5aytjqf2gfr4g","operationId":"v3woa0qj391qbha"}
{"type":"log","timestamp":1704918011331,"level":"info","message":"Starting rendering request 3","meta":{"rootId":"y1aj88vz4n1ft0f","id":"y1aj88vz4n1ft0f"},"id":"el6r7xzavv8456i","previousOperationId":"v3woa0qj391qbha"}
{"type":"log","timestamp":1704918011331,"level":"info","message":"Rendering template { name: User_project, recipe: chrome-pdf, engine: handlebars, preview: true }","meta":{"rootId":"y1aj88vz4n1ft0f","id":"y1aj88vz4n1ft0f"},"id":"s2cfaym5gxphogt","previousOperationId":"v3woa0qj391qbha"}
{"type":"log","timestamp":1704918011332,"level":"debug","message":"Data item not defined for this template.","meta":{"rootId":"y1aj88vz4n1ft0f","id":"y1aj88vz4n1ft0f"},"id":"c6jepj2qr1fklxb","previousOperationId":"v3woa0qj391qbha"}
{"type":"log","timestamp":1704918011333,"level":"debug","message":"Executing script usabi-data (beforeRender)","meta":{"rootId":"y1aj88vz4n1ft0f","id":"y1aj88vz4n1ft0f"},"id":"jimxnvpu6dibhnm","previousOperationId":"v3woa0qj391qbha"}
{"type":"operationStart","subtype":"scriptsBeforeRender","name":"scripts beforeRender","timestamp":1704918011338,"id":"f1kj62mrd0mhn4l","previousEventId":"rh9mcypl0x13foo","operationId":"n3g3wmzada3lzpk","previousOperationId":"v3woa0qj391qbha"}
{"type":"operationStart","subtype":"script","name":"scripts usabi-data","previousOperationId":"n3g3wmzada3lzpk","timestamp":1704918011338,"id":"bplvmubttqs8exq","previousEventId":"f1kj62mrd0mhn4l","operationId":"3joxrbuy9qbwpex"}
{"type":"operationEnd","operationId":"3joxrbuy9qbwpex","timestamp":1704918011352,"id":"aei8j8rl6lyh3vp","previousEventId":"rh9mcypl0x13foo","previousOperationId":"v3woa0qj391qbha"}
{"type":"operationEnd","operationId":"n3g3wmzada3lzpk","timestamp":1704918011352,"id":"gheyun1151apc6h","previousEventId":"aei8j8rl6lyh3vp","previousOperationId":"v3woa0qj391qbha"}
{"type":"log","timestamp":1704918011352,"level":"debug","message":"Base url not specified, skipping its injection.","meta":{"rootId":"y1aj88vz4n1ft0f","id":"y1aj88vz4n1ft0f"},"id":"sg48klgfa3rvwao","previousOperationId":"n3g3wmzada3lzpk"}
{"type":"operationStart","subtype":"engine","name":"handlebars","timestamp":1704918011352,"id":"0i9gbix23kwx97v","previousEventId":"gheyun1151apc6h","operationId":"8h09txsvwkdh2b1","previousOperationId":"n3g3wmzada3lzpk"}
{"type":"log","timestamp":1704918011352,"level":"debug","message":"Rendering engine handlebars","meta":{"rootId":"y1aj88vz4n1ft0f","id":"y1aj88vz4n1ft0f"},"id":"7csf62ei6hqmn7j","previousOperationId":"8h09txsvwkdh2b1"}
{"type":"operationEnd","operationId":"8h09txsvwkdh2b1","timestamp":1704918011363,"id":"w250t1mynrco1kw","previousEventId":"0i9gbix23kwx97v","previousOperationId":"8h09txsvwkdh2b1"}
{"type":"operationStart","subtype":"recipe","name":"chrome-pdf","timestamp":1704918011364,"id":"ke3vsc77h7tzu5n","previousEventId":"w250t1mynrco1kw","operationId":"c17636orjcc3bym","previousOperationId":"8h09txsvwkdh2b1"}
{"type":"log","timestamp":1704918011364,"level":"debug","message":"Executing recipe chrome-pdf","meta":{"rootId":"y1aj88vz4n1ft0f","id":"y1aj88vz4n1ft0f"},"id":"xx50zfwfd65otja","previousOperationId":"c17636orjcc3bym"}
{"type":"log","timestamp":1704918011365,"level":"debug","message":"Converting with chrome HeadlessChrome/117.0.5938.149 using chrome-pool strategy","meta":{"rootId":"y1aj88vz4n1ft0f","id":"y1aj88vz4n1ft0f"},"id":"c661gkrheb59lf6","previousOperationId":"c17636orjcc3bym"}
{"type":"log","timestamp":1704918011415,"level":"debug","message":"Page request: GET (document) file:///tmp/jsreport/autocleanup/33a255d0-594f-4226-b6c7-0c21c85dec93-chrome-pdf.html","meta":{"rootId":"y1aj88vz4n1ft0f","id":"y1aj88vz4n1ft0f"},"id":"tpfn1mn2wwt6ggk","previousOperationId":"c17636orjcc3bym"}
{"type":"log","timestamp":1704918011424,"level":"debug","message":"Page request finished: GET (document) 200 file:///tmp/jsreport/autocleanup/33a255d0-594f-4226-b6c7-0c21c85dec93-chrome-pdf.html","meta":{"rootId":"y1aj88vz4n1ft0f","id":"y1aj88vz4n1ft0f"},"id":"9i1z040xe3rjhos","previousOperationId":"c17636orjcc3bym"}
{"type":"log","timestamp":1704918011427,"level":"debug","message":"Running chrome with params {\"printBackground\":true,\"timeout\":59960,\"margin\":{}}","meta":{"rootId":"y1aj88vz4n1ft0f","id":"y1aj88vz4n1ft0f"},"id":"9soxpqr8i0qnqoj","previousOperationId":"c17636orjcc3bym"}
{"type":"operationEnd","operationId":"c17636orjcc3bym","timestamp":1704918011437,"id":"lr6uvhfo5l6fip1","previousEventId":"ke3vsc77h7tzu5n","previousOperationId":"c17636orjcc3bym"}
{"type":"log","timestamp":1704918011437,"level":"debug","message":"Skipping storing report.","meta":{"rootId":"y1aj88vz4n1ft0f","id":"y1aj88vz4n1ft0f"},"id":"e6p7q7s6cickymz","previousOperationId":"c17636orjcc3bym"}
{"type":"log","timestamp":1704918011437,"level":"info","message":"Rendering request 3 finished in 112 ms","meta":{"rootId":"y1aj88vz4n1ft0f","id":"y1aj88vz4n1ft0f"},"id":"hr1ktn51d5qknm8","previousOperationId":"c17636orjcc3bym"}
{"type":"operationEnd","subtype":"render","operationId":"v3woa0qj391qbha","timestamp":1704918011437,"id":"vqnj6z0nzl7bww3","previousEventId":"lr6uvhfo5l6fip1","previousOperationId":"c17636orjcc3bym"}
{"type":"operationEnd","doDiffs":false,"previousEventId":"ut5aytjqf2gfr4g","previousOperationId":"3kpo36hofl8d049","operationId":"3kpo36hofl8d049","timestamp":1704918011441,"id":"6d82cvkyyg9jwfa"}
