{"type":"operationStart","subtype":"profile","data":{"_id":"B34frmTUodYg7aSX","timestamp":"2024-01-12T16:00:14.682Z","state":"queued","mode":"standard","creationDate":"2024-01-12T16:00:14.684Z","modificationDate":"2024-01-12T16:00:14.684Z","shortid":"e2T0oGY","$entitySet":"profiles"},"doDiffs":false,"timestamp":1705075214683,"id":"23ninm2xjvsvogv","previousOperationId":null,"operationId":"3u0vec53vcde1qn"}
{"type":"log","level":"info","message":"Render request 3 queued for execution and waiting for available worker","previousOperationId":"3u0vec53vcde1qn","timestamp":1705075214683,"id":"bl7f1ththmn53dn"}
{"type":"operationStart","subtype":"render","name":"User_project","previousOperationId":"3u0vec53vcde1qn","timestamp":1705075214708,"id":"mh9cf8ysaey50sf","previousEventId":"23ninm2xjvsvogv","operationId":"1oez386l2x20xos"}
{"type":"log","timestamp":1705075214708,"level":"info","message":"Starting rendering request 3","meta":{"rootId":"yea8ku8paytq7jz","id":"yea8ku8paytq7jz"},"id":"3gqw7uclc4mlgh2","previousOperationId":"1oez386l2x20xos"}
{"type":"log","timestamp":1705075214708,"level":"info","message":"Rendering template { name: User_project, recipe: chrome-pdf, engine: handlebars, preview: true }","meta":{"rootId":"yea8ku8paytq7jz","id":"yea8ku8paytq7jz"},"id":"ebdakgsmklaroa5","previousOperationId":"1oez386l2x20xos"}
{"type":"log","timestamp":1705075214710,"level":"debug","message":"Data item not defined for this template.","meta":{"rootId":"yea8ku8paytq7jz","id":"yea8ku8paytq7jz"},"id":"uud3fmvvdwabhs2","previousOperationId":"1oez386l2x20xos"}
{"type":"log","timestamp":1705075214712,"level":"debug","message":"Executing script usabi-data (beforeRender)","meta":{"rootId":"yea8ku8paytq7jz","id":"yea8ku8paytq7jz"},"id":"9l54nfqhwpz8z3t","previousOperationId":"1oez386l2x20xos"}
{"type":"operationStart","subtype":"scriptsBeforeRender","name":"scripts beforeRender","timestamp":1705075214717,"id":"0imrrx6pymp6gjf","previousEventId":"mh9cf8ysaey50sf","operationId":"mwfegsovt7wb0zn","previousOperationId":"1oez386l2x20xos"}
{"type":"operationStart","subtype":"script","name":"scripts usabi-data","previousOperationId":"mwfegsovt7wb0zn","timestamp":1705075214717,"id":"4ej52h2ifa0uq26","previousEventId":"0imrrx6pymp6gjf","operationId":"6me0cmjkxbaqnse"}
{"type":"log","timestamp":1705075214718,"level":"debug","message":"(console:error) Error en la solicitud: Error: connect ECONNREFUSED 127.0.0.1:4000\n    at TCPConnectWrap.afterConnect [as oncomplete] (node:net:1595:16) {\n  errno: -111,\n  code: 'ECONNREFUSED',\n  syscall: 'connect',\n  address: '127.0.0.1',\n  port: 4000\n}","meta":{"userLevel":true,"rootId":"yea8ku8paytq7jz","id":"yea8ku8paytq7jz"},"id":"t959x38ityvosp5","previousOperationId":"6me0cmjkxbaqnse"}
{"type":"operationEnd","operationId":"6me0cmjkxbaqnse","timestamp":1705075214718,"id":"xkkp9r1nprd5uzu","previousEventId":"mh9cf8ysaey50sf","previousOperationId":"1oez386l2x20xos"}
{"type":"log","timestamp":1705075214718,"level":"debug","message":"Executing script orders-script (beforeRender)","meta":{"rootId":"yea8ku8paytq7jz","id":"yea8ku8paytq7jz"},"id":"cigt6qzbt4pledq","previousOperationId":"1oez386l2x20xos"}
{"type":"operationStart","subtype":"script","name":"scripts orders-script","previousOperationId":"mwfegsovt7wb0zn","timestamp":1705075214722,"id":"52b0xkyg88gptk5","previousEventId":"xkkp9r1nprd5uzu","operationId":"wjcnzy44piexmwv"}
{"type":"operationEnd","operationId":"wjcnzy44piexmwv","timestamp":1705075216169,"id":"inenjyh2wvbzqwa","previousEventId":"xkkp9r1nprd5uzu","previousOperationId":"1oez386l2x20xos"}
{"type":"operationEnd","operationId":"mwfegsovt7wb0zn","timestamp":1705075216169,"id":"o1n6qpzwi4e0n0q","previousEventId":"inenjyh2wvbzqwa","previousOperationId":"1oez386l2x20xos"}
{"type":"log","timestamp":1705075216169,"level":"debug","message":"Base url not specified, skipping its injection.","meta":{"rootId":"yea8ku8paytq7jz","id":"yea8ku8paytq7jz"},"id":"7o95z17pkkkemgc","previousOperationId":"mwfegsovt7wb0zn"}
{"type":"operationStart","subtype":"engine","name":"handlebars","timestamp":1705075216169,"id":"p8a040abmtypw4p","previousEventId":"o1n6qpzwi4e0n0q","operationId":"y87ao8c4qepzv96","previousOperationId":"mwfegsovt7wb0zn"}
{"type":"log","timestamp":1705075216169,"level":"debug","message":"Rendering engine handlebars","meta":{"rootId":"yea8ku8paytq7jz","id":"yea8ku8paytq7jz"},"id":"fkv7e99k532tu8m","previousOperationId":"y87ao8c4qepzv96"}
{"type":"operationEnd","operationId":"y87ao8c4qepzv96","timestamp":1705075216185,"id":"q2vmoqmvriznsvj","previousEventId":"p8a040abmtypw4p","previousOperationId":"y87ao8c4qepzv96"}
{"type":"operationStart","subtype":"recipe","name":"chrome-pdf","timestamp":1705075216185,"id":"wukzf2jlu3huo6m","previousEventId":"q2vmoqmvriznsvj","operationId":"vaecumfwsuq1hwr","previousOperationId":"y87ao8c4qepzv96"}
{"type":"log","timestamp":1705075216185,"level":"debug","message":"Executing recipe chrome-pdf","meta":{"rootId":"yea8ku8paytq7jz","id":"yea8ku8paytq7jz"},"id":"cuco20ztm3wwpz3","previousOperationId":"vaecumfwsuq1hwr"}
{"type":"log","timestamp":1705075216190,"level":"debug","message":"Converting with chrome HeadlessChrome/117.0.5938.149 using chrome-pool strategy","meta":{"rootId":"yea8ku8paytq7jz","id":"yea8ku8paytq7jz"},"id":"s7x829g5phbkdd9","previousOperationId":"vaecumfwsuq1hwr"}
{"type":"log","timestamp":1705075216228,"level":"debug","message":"Page request: GET (document) file:///tmp/jsreport/autocleanup/e3a76e8c-2378-4739-846d-f7f1f51b5846-chrome-pdf.html","meta":{"rootId":"yea8ku8paytq7jz","id":"yea8ku8paytq7jz"},"id":"i81iad510jsaj3s","previousOperationId":"vaecumfwsuq1hwr"}
{"type":"log","timestamp":1705075216238,"level":"debug","message":"Page request finished: GET (document) 200 file:///tmp/jsreport/autocleanup/e3a76e8c-2378-4739-846d-f7f1f51b5846-chrome-pdf.html","meta":{"rootId":"yea8ku8paytq7jz","id":"yea8ku8paytq7jz"},"id":"cgk8uk9pxfgxgja","previousOperationId":"vaecumfwsuq1hwr"}
{"type":"log","timestamp":1705075216238,"level":"debug","message":"Page request: GET (script) https://cdn.jsdelivr.net/npm/chart.js","meta":{"rootId":"yea8ku8paytq7jz","id":"yea8ku8paytq7jz"},"id":"cwr9oibyl1r1up8","previousOperationId":"vaecumfwsuq1hwr"}
{"type":"log","timestamp":1705075216252,"level":"debug","message":"Page request finished: GET (script) 200 https://cdn.jsdelivr.net/npm/chart.js","meta":{"rootId":"yea8ku8paytq7jz","id":"yea8ku8paytq7jz"},"id":"49flbnyw4nysk6a","previousOperationId":"vaecumfwsuq1hwr"}
{"type":"log","timestamp":1705075216302,"level":"debug","message":"Running chrome with params {\"printBackground\":true,\"timeout\":58494,\"margin\":{}}","meta":{"rootId":"yea8ku8paytq7jz","id":"yea8ku8paytq7jz"},"id":"y3pmpfgnfb3ckna","previousOperationId":"vaecumfwsuq1hwr"}
{"type":"operationEnd","operationId":"vaecumfwsuq1hwr","timestamp":1705075216355,"id":"oireavxhjoawmoz","previousEventId":"wukzf2jlu3huo6m","previousOperationId":"vaecumfwsuq1hwr"}
{"type":"log","timestamp":1705075216355,"level":"debug","message":"Skipping storing report.","meta":{"rootId":"yea8ku8paytq7jz","id":"yea8ku8paytq7jz"},"id":"l6u7spx6kpnls9y","previousOperationId":"vaecumfwsuq1hwr"}
{"type":"log","timestamp":1705075216355,"level":"info","message":"Rendering request 3 finished in 1673 ms","meta":{"rootId":"yea8ku8paytq7jz","id":"yea8ku8paytq7jz"},"id":"ep2brzthji1nq31","previousOperationId":"vaecumfwsuq1hwr"}
{"type":"operationEnd","subtype":"render","operationId":"1oez386l2x20xos","timestamp":1705075216355,"id":"hccx5aq20iyzkvv","previousEventId":"oireavxhjoawmoz","previousOperationId":"vaecumfwsuq1hwr"}
{"type":"operationEnd","doDiffs":false,"previousEventId":"23ninm2xjvsvogv","previousOperationId":"3u0vec53vcde1qn","operationId":"3u0vec53vcde1qn","timestamp":1705075216358,"id":"ds255vh5d8gqpli"}
