{"type":"operationStart","subtype":"profile","data":{"_id":"p0BHmuj9NUCAVPvy","timestamp":"2024-01-11T16:29:16.947Z","state":"queued","mode":"standard","creationDate":"2024-01-11T16:29:16.947Z","modificationDate":"2024-01-11T16:29:16.947Z","shortid":"I6WNBav","$entitySet":"profiles"},"doDiffs":false,"timestamp":1704990556947,"id":"xql18wjkcymexsw","previousOperationId":null,"operationId":"8tkvtzf3tommme8"}
{"type":"log","level":"info","message":"Render request 44 queued for execution and waiting for available worker","previousOperationId":"8tkvtzf3tommme8","timestamp":1704990556947,"id":"jecees0nginpo3r"}
{"type":"operationStart","subtype":"render","name":"User_project","previousOperationId":"8tkvtzf3tommme8","timestamp":1704990556951,"id":"qi6h459wl4zhi6s","previousEventId":"xql18wjkcymexsw","operationId":"eyv0pynrp7je6t5"}
{"type":"log","timestamp":1704990556951,"level":"info","message":"Starting rendering request 44","meta":{"rootId":"yfj6qzz9xvru34k","id":"yfj6qzz9xvru34k"},"id":"erbxxsttp17ha3r","previousOperationId":"eyv0pynrp7je6t5"}
{"type":"log","timestamp":1704990556951,"level":"info","message":"Rendering template { name: User_project, recipe: chrome-pdf, engine: handlebars, preview: true }","meta":{"rootId":"yfj6qzz9xvru34k","id":"yfj6qzz9xvru34k"},"id":"z06314rdcc0kkx3","previousOperationId":"eyv0pynrp7je6t5"}
{"type":"log","timestamp":1704990556952,"level":"debug","message":"Data item not defined for this template.","meta":{"rootId":"yfj6qzz9xvru34k","id":"yfj6qzz9xvru34k"},"id":"xtto10fw26nrqeb","previousOperationId":"eyv0pynrp7je6t5"}
{"type":"log","timestamp":1704990556952,"level":"debug","message":"Executing script usabi-data (beforeRender)","meta":{"rootId":"yfj6qzz9xvru34k","id":"yfj6qzz9xvru34k"},"id":"c63s3jv6uez1g7s","previousOperationId":"eyv0pynrp7je6t5"}
{"type":"operationStart","subtype":"scriptsBeforeRender","name":"scripts beforeRender","timestamp":1704990556955,"id":"azrrerv26q3247o","previousEventId":"qi6h459wl4zhi6s","operationId":"9yvuz371bgz16nc","previousOperationId":"eyv0pynrp7je6t5"}
{"type":"operationStart","subtype":"script","name":"scripts usabi-data","previousOperationId":"9yvuz371bgz16nc","timestamp":1704990556955,"id":"nb90tzzzdcwja7c","previousEventId":"azrrerv26q3247o","operationId":"z1me34xeubnd87n"}
{"type":"operationEnd","operationId":"z1me34xeubnd87n","timestamp":1704990556968,"id":"mo9xm8eoevxdr2l","previousEventId":"qi6h459wl4zhi6s","previousOperationId":"eyv0pynrp7je6t5"}
{"type":"operationEnd","operationId":"9yvuz371bgz16nc","timestamp":1704990556968,"id":"l3gedi54f2lsh8k","previousEventId":"mo9xm8eoevxdr2l","previousOperationId":"eyv0pynrp7je6t5"}
{"type":"log","timestamp":1704990556968,"level":"debug","message":"Base url not specified, skipping its injection.","meta":{"rootId":"yfj6qzz9xvru34k","id":"yfj6qzz9xvru34k"},"id":"tadoinlx08xjgzp","previousOperationId":"9yvuz371bgz16nc"}
{"type":"operationStart","subtype":"engine","name":"handlebars","timestamp":1704990556968,"id":"vohnrrpol6fd0wm","previousEventId":"l3gedi54f2lsh8k","operationId":"biqm484fm8vhxqi","previousOperationId":"9yvuz371bgz16nc"}
{"type":"log","timestamp":1704990556968,"level":"debug","message":"Rendering engine handlebars","meta":{"rootId":"yfj6qzz9xvru34k","id":"yfj6qzz9xvru34k"},"id":"gzbx62s6wnqy6wr","previousOperationId":"biqm484fm8vhxqi"}
{"type":"operationEnd","operationId":"biqm484fm8vhxqi","timestamp":1704990556977,"id":"ad8o2r5on9oa517","previousEventId":"vohnrrpol6fd0wm","previousOperationId":"biqm484fm8vhxqi"}
{"type":"operationStart","subtype":"recipe","name":"chrome-pdf","timestamp":1704990556977,"id":"dsvokpz5hirhixp","previousEventId":"ad8o2r5on9oa517","operationId":"x6ysoe6dcf0neqv","previousOperationId":"biqm484fm8vhxqi"}
{"type":"log","timestamp":1704990556977,"level":"debug","message":"Executing recipe chrome-pdf","meta":{"rootId":"yfj6qzz9xvru34k","id":"yfj6qzz9xvru34k"},"id":"t8d8fzfwea28j39","previousOperationId":"x6ysoe6dcf0neqv"}
{"type":"log","timestamp":1704990556979,"level":"debug","message":"Converting with chrome HeadlessChrome/117.0.5938.149 using chrome-pool strategy","meta":{"rootId":"yfj6qzz9xvru34k","id":"yfj6qzz9xvru34k"},"id":"gih0704j3o4lol7","previousOperationId":"x6ysoe6dcf0neqv"}
{"type":"log","timestamp":1704990557016,"level":"debug","message":"Page request: GET (document) file:///tmp/jsreport/autocleanup/039b6c66-3b65-419f-83e0-4bc205745cbc-chrome-pdf.html","meta":{"rootId":"yfj6qzz9xvru34k","id":"yfj6qzz9xvru34k"},"id":"xsph18ljksyvykd","previousOperationId":"x6ysoe6dcf0neqv"}
{"type":"log","timestamp":1704990557022,"level":"debug","message":"Page request: GET (script) https://cdn.jsdelivr.net/npm/chart.js","meta":{"rootId":"yfj6qzz9xvru34k","id":"yfj6qzz9xvru34k"},"id":"44gx9899tbxd73j","previousOperationId":"x6ysoe6dcf0neqv"}
{"type":"log","timestamp":1704990557022,"level":"debug","message":"Page request finished: GET (document) 200 file:///tmp/jsreport/autocleanup/039b6c66-3b65-419f-83e0-4bc205745cbc-chrome-pdf.html","meta":{"rootId":"yfj6qzz9xvru34k","id":"yfj6qzz9xvru34k"},"id":"9913la8ba3jkbih","previousOperationId":"x6ysoe6dcf0neqv"}
{"type":"log","timestamp":1704990557026,"level":"debug","message":"Page request finished: GET (script) 200 https://cdn.jsdelivr.net/npm/chart.js","meta":{"rootId":"yfj6qzz9xvru34k","id":"yfj6qzz9xvru34k"},"id":"cfctu6ms3c82db1","previousOperationId":"x6ysoe6dcf0neqv"}
{"type":"log","timestamp":1704990557076,"level":"debug","message":"Running chrome with params {\"printBackground\":true,\"timeout\":59969,\"margin\":{}}","meta":{"rootId":"yfj6qzz9xvru34k","id":"yfj6qzz9xvru34k"},"id":"k0dxxlurovo6unx","previousOperationId":"x6ysoe6dcf0neqv"}
{"type":"operationEnd","operationId":"x6ysoe6dcf0neqv","timestamp":1704990557098,"id":"0y5eqdoydl7sph7","previousEventId":"dsvokpz5hirhixp","previousOperationId":"x6ysoe6dcf0neqv"}
{"type":"log","timestamp":1704990557098,"level":"debug","message":"Skipping storing report.","meta":{"rootId":"yfj6qzz9xvru34k","id":"yfj6qzz9xvru34k"},"id":"vl3rxdvc4s30jww","previousOperationId":"x6ysoe6dcf0neqv"}
{"type":"log","timestamp":1704990557098,"level":"info","message":"Rendering request 44 finished in 151 ms","meta":{"rootId":"yfj6qzz9xvru34k","id":"yfj6qzz9xvru34k"},"id":"bnuiphwlxbz043a","previousOperationId":"x6ysoe6dcf0neqv"}
{"type":"operationEnd","subtype":"render","operationId":"eyv0pynrp7je6t5","timestamp":1704990557098,"id":"6xhpf1gi7fdkphl","previousEventId":"0y5eqdoydl7sph7","previousOperationId":"x6ysoe6dcf0neqv"}
{"type":"operationEnd","doDiffs":false,"previousEventId":"xql18wjkcymexsw","previousOperationId":"8tkvtzf3tommme8","operationId":"8tkvtzf3tommme8","timestamp":1704990557100,"id":"og5ujh0gpkbazkx"}
