{"type":"operationStart","subtype":"profile","data":{"_id":"Oy2aOFoTg7fXZi9D","timestamp":"2024-01-11T16:50:04.913Z","state":"queued","mode":"standard","creationDate":"2024-01-11T16:50:04.914Z","modificationDate":"2024-01-11T16:50:04.914Z","shortid":"-_iXqCP","$entitySet":"profiles"},"doDiffs":false,"timestamp":1704991804913,"id":"xclfe6l5u4yy00m","previousOperationId":null,"operationId":"j0idj534qn4wkz4"}
{"type":"log","level":"info","message":"Render request 89 queued for execution and waiting for available worker","previousOperationId":"j0idj534qn4wkz4","timestamp":1704991804913,"id":"b2w2oia90knex80"}
{"type":"operationStart","subtype":"render","name":"User_project","previousOperationId":"j0idj534qn4wkz4","timestamp":1704991804918,"id":"xdumwif4dfs6nzd","previousEventId":"xclfe6l5u4yy00m","operationId":"zne588euc6bo92o"}
{"type":"log","timestamp":1704991804918,"level":"info","message":"Starting rendering request 89","meta":{"rootId":"ygt2zwumv4crcnr","id":"ygt2zwumv4crcnr"},"id":"orzzumrnakukjdi","previousOperationId":"zne588euc6bo92o"}
{"type":"log","timestamp":1704991804918,"level":"info","message":"Rendering template { name: User_project, recipe: chrome-pdf, engine: handlebars, preview: true }","meta":{"rootId":"ygt2zwumv4crcnr","id":"ygt2zwumv4crcnr"},"id":"8ka030b03gkkyfd","previousOperationId":"zne588euc6bo92o"}
{"type":"log","timestamp":1704991804919,"level":"debug","message":"Data item not defined for this template.","meta":{"rootId":"ygt2zwumv4crcnr","id":"ygt2zwumv4crcnr"},"id":"rnqdesd9tk2bgry","previousOperationId":"zne588euc6bo92o"}
{"type":"log","timestamp":1704991804920,"level":"debug","message":"Executing script usabi-data (beforeRender)","meta":{"rootId":"ygt2zwumv4crcnr","id":"ygt2zwumv4crcnr"},"id":"xczwaxqks067h9p","previousOperationId":"zne588euc6bo92o"}
{"type":"operationStart","subtype":"scriptsBeforeRender","name":"scripts beforeRender","timestamp":1704991804923,"id":"uw9pmg5ffom7x4d","previousEventId":"xdumwif4dfs6nzd","operationId":"6872k87muwu2pjn","previousOperationId":"zne588euc6bo92o"}
{"type":"operationStart","subtype":"script","name":"scripts usabi-data","previousOperationId":"6872k87muwu2pjn","timestamp":1704991804923,"id":"vnz011bhvxzilo9","previousEventId":"uw9pmg5ffom7x4d","operationId":"scq616gkule8yy8"}
{"type":"operationEnd","operationId":"scq616gkule8yy8","timestamp":1704991804934,"id":"datjfdpexfmb6cv","previousEventId":"xdumwif4dfs6nzd","previousOperationId":"zne588euc6bo92o"}
{"type":"operationEnd","operationId":"6872k87muwu2pjn","timestamp":1704991804934,"id":"2rtju0c498tqxil","previousEventId":"datjfdpexfmb6cv","previousOperationId":"zne588euc6bo92o"}
{"type":"log","timestamp":1704991804934,"level":"debug","message":"Base url not specified, skipping its injection.","meta":{"rootId":"ygt2zwumv4crcnr","id":"ygt2zwumv4crcnr"},"id":"ck5ym0uweucborx","previousOperationId":"6872k87muwu2pjn"}
{"type":"operationStart","subtype":"engine","name":"handlebars","timestamp":1704991804934,"id":"4zkxpj2bodc5vty","previousEventId":"2rtju0c498tqxil","operationId":"aauaoy85pzpdjv6","previousOperationId":"6872k87muwu2pjn"}
{"type":"log","timestamp":1704991804934,"level":"debug","message":"Rendering engine handlebars","meta":{"rootId":"ygt2zwumv4crcnr","id":"ygt2zwumv4crcnr"},"id":"fpn0qpwzst9vn1v","previousOperationId":"aauaoy85pzpdjv6"}
{"type":"operationEnd","operationId":"aauaoy85pzpdjv6","timestamp":1704991804942,"id":"ir7wgyi9v26wxw7","previousEventId":"4zkxpj2bodc5vty","previousOperationId":"aauaoy85pzpdjv6"}
{"type":"operationStart","subtype":"recipe","name":"chrome-pdf","timestamp":1704991804942,"id":"cb7h6kg9j5zqi0q","previousEventId":"ir7wgyi9v26wxw7","operationId":"vf85inmiv9u0yck","previousOperationId":"aauaoy85pzpdjv6"}
{"type":"log","timestamp":1704991804942,"level":"debug","message":"Executing recipe chrome-pdf","meta":{"rootId":"ygt2zwumv4crcnr","id":"ygt2zwumv4crcnr"},"id":"w4umxrh26nnj24i","previousOperationId":"vf85inmiv9u0yck"}
{"type":"log","timestamp":1704991804944,"level":"debug","message":"Converting with chrome HeadlessChrome/117.0.5938.149 using chrome-pool strategy","meta":{"rootId":"ygt2zwumv4crcnr","id":"ygt2zwumv4crcnr"},"id":"vtwfc597uyk81fb","previousOperationId":"vf85inmiv9u0yck"}
{"type":"log","timestamp":1704991804981,"level":"debug","message":"Page request: GET (document) file:///tmp/jsreport/autocleanup/df167f74-092d-4394-bd80-97d8d4be457c-chrome-pdf.html","meta":{"rootId":"ygt2zwumv4crcnr","id":"ygt2zwumv4crcnr"},"id":"dryunel7kypq17u","previousOperationId":"vf85inmiv9u0yck"}
{"type":"log","timestamp":1704991804988,"level":"debug","message":"Page request: GET (script) https://cdn.jsdelivr.net/npm/chart.js","meta":{"rootId":"ygt2zwumv4crcnr","id":"ygt2zwumv4crcnr"},"id":"c9hze36dybaz3c1","previousOperationId":"vf85inmiv9u0yck"}
{"type":"log","timestamp":1704991804988,"level":"debug","message":"Page request finished: GET (document) 200 file:///tmp/jsreport/autocleanup/df167f74-092d-4394-bd80-97d8d4be457c-chrome-pdf.html","meta":{"rootId":"ygt2zwumv4crcnr","id":"ygt2zwumv4crcnr"},"id":"obyfvipr646add2","previousOperationId":"vf85inmiv9u0yck"}
{"type":"log","timestamp":1704991804991,"level":"debug","message":"Page request finished: GET (script) 200 https://cdn.jsdelivr.net/npm/chart.js","meta":{"rootId":"ygt2zwumv4crcnr","id":"ygt2zwumv4crcnr"},"id":"flj65mxc4rat6bb","previousOperationId":"vf85inmiv9u0yck"}
{"type":"log","timestamp":1704991805034,"level":"debug","message":"Running chrome with params {\"printBackground\":true,\"timeout\":59970,\"margin\":{}}","meta":{"rootId":"ygt2zwumv4crcnr","id":"ygt2zwumv4crcnr"},"id":"q1rn114x0cingc5","previousOperationId":"vf85inmiv9u0yck"}
{"type":"operationEnd","operationId":"vf85inmiv9u0yck","timestamp":1704991805051,"id":"frrzh1msl0jyiba","previousEventId":"cb7h6kg9j5zqi0q","previousOperationId":"vf85inmiv9u0yck"}
{"type":"log","timestamp":1704991805051,"level":"debug","message":"Skipping storing report.","meta":{"rootId":"ygt2zwumv4crcnr","id":"ygt2zwumv4crcnr"},"id":"unhar020kynd9fo","previousOperationId":"vf85inmiv9u0yck"}
{"type":"log","timestamp":1704991805052,"level":"info","message":"Rendering request 89 finished in 139 ms","meta":{"rootId":"ygt2zwumv4crcnr","id":"ygt2zwumv4crcnr"},"id":"m7zpay9z4y6vyez","previousOperationId":"vf85inmiv9u0yck"}
{"type":"operationEnd","subtype":"render","operationId":"zne588euc6bo92o","timestamp":1704991805052,"id":"pzpm41lp7e6wa2x","previousEventId":"frrzh1msl0jyiba","previousOperationId":"vf85inmiv9u0yck"}
{"type":"operationEnd","doDiffs":false,"previousEventId":"xclfe6l5u4yy00m","previousOperationId":"j0idj534qn4wkz4","operationId":"j0idj534qn4wkz4","timestamp":1704991805053,"id":"6b2jkpkvkuvbvyd"}
