{"type":"operationStart","subtype":"profile","data":{"_id":"fN9Uoj035Z0yy8eK","timestamp":"2024-01-11T17:21:35.486Z","state":"queued","mode":"standard","creationDate":"2024-01-11T17:21:35.487Z","modificationDate":"2024-01-11T17:21:35.487Z","shortid":"h90FY48","$entitySet":"profiles"},"doDiffs":false,"timestamp":1704993695487,"id":"apgwslhn88ugjkh","previousOperationId":null,"operationId":"sayxlf8npaahj4l"}
{"type":"log","level":"info","message":"Render request 136 queued for execution and waiting for available worker","previousOperationId":"sayxlf8npaahj4l","timestamp":1704993695487,"id":"ij0r9ymct47fm5m"}
{"type":"operationStart","subtype":"render","name":"User_project","previousOperationId":"sayxlf8npaahj4l","timestamp":1704993695491,"id":"9k2eex4gvk8n5rm","previousEventId":"apgwslhn88ugjkh","operationId":"yq5vgy5ln8wz3yi"}
{"type":"log","timestamp":1704993695491,"level":"info","message":"Starting rendering request 136","meta":{"rootId":"yqpwbu3nvjdvmcn","id":"yqpwbu3nvjdvmcn"},"id":"9nt6ltn55rb31hr","previousOperationId":"yq5vgy5ln8wz3yi"}
{"type":"log","timestamp":1704993695491,"level":"info","message":"Rendering template { name: User_project, recipe: chrome-pdf, engine: handlebars, preview: true }","meta":{"rootId":"yqpwbu3nvjdvmcn","id":"yqpwbu3nvjdvmcn"},"id":"vjzje2rgrdlk7pm","previousOperationId":"yq5vgy5ln8wz3yi"}
{"type":"log","timestamp":1704993695492,"level":"debug","message":"Data item not defined for this template.","meta":{"rootId":"yqpwbu3nvjdvmcn","id":"yqpwbu3nvjdvmcn"},"id":"cxtg6ixmieg2ovx","previousOperationId":"yq5vgy5ln8wz3yi"}
{"type":"log","timestamp":1704993695494,"level":"debug","message":"Executing script usabi-data (beforeRender)","meta":{"rootId":"yqpwbu3nvjdvmcn","id":"yqpwbu3nvjdvmcn"},"id":"2c5upg3di1p5ohf","previousOperationId":"yq5vgy5ln8wz3yi"}
{"type":"operationStart","subtype":"scriptsBeforeRender","name":"scripts beforeRender","timestamp":1704993695497,"id":"9uu0q785270820i","previousEventId":"9k2eex4gvk8n5rm","operationId":"bt3bplbvrq8ew3z","previousOperationId":"yq5vgy5ln8wz3yi"}
{"type":"operationStart","subtype":"script","name":"scripts usabi-data","previousOperationId":"bt3bplbvrq8ew3z","timestamp":1704993695498,"id":"18fcykpt3xx2w1j","previousEventId":"9uu0q785270820i","operationId":"ouimuokkob7qzda"}
{"type":"operationEnd","operationId":"ouimuokkob7qzda","timestamp":1704993695522,"id":"4fmmlpsj0q4dt01","previousEventId":"9k2eex4gvk8n5rm","previousOperationId":"yq5vgy5ln8wz3yi"}
{"type":"log","timestamp":1704993695522,"level":"debug","message":"Executing script orders-script (beforeRender)","meta":{"rootId":"yqpwbu3nvjdvmcn","id":"yqpwbu3nvjdvmcn"},"id":"4iiby7b09nupw5r","previousOperationId":"yq5vgy5ln8wz3yi"}
{"type":"operationStart","subtype":"script","name":"scripts orders-script","previousOperationId":"bt3bplbvrq8ew3z","timestamp":1704993695526,"id":"j4y384auuvs245n","previousEventId":"4fmmlpsj0q4dt01","operationId":"7ji59py9sht9i2m"}
{"type":"operationEnd","operationId":"7ji59py9sht9i2m","timestamp":1704993696805,"id":"in2gookkk65efx6","previousEventId":"4fmmlpsj0q4dt01","previousOperationId":"yq5vgy5ln8wz3yi"}
{"type":"operationEnd","operationId":"bt3bplbvrq8ew3z","timestamp":1704993696805,"id":"wx60ebf1nmy4qur","previousEventId":"in2gookkk65efx6","previousOperationId":"yq5vgy5ln8wz3yi"}
{"type":"log","timestamp":1704993696805,"level":"debug","message":"Base url not specified, skipping its injection.","meta":{"rootId":"yqpwbu3nvjdvmcn","id":"yqpwbu3nvjdvmcn"},"id":"r7jcgwmcfu31xjc","previousOperationId":"bt3bplbvrq8ew3z"}
{"type":"operationStart","subtype":"engine","name":"handlebars","timestamp":1704993696805,"id":"p69qq27y1jjrpqo","previousEventId":"wx60ebf1nmy4qur","operationId":"bqo7mj9lkid3by0","previousOperationId":"bt3bplbvrq8ew3z"}
{"type":"log","timestamp":1704993696805,"level":"debug","message":"Rendering engine handlebars","meta":{"rootId":"yqpwbu3nvjdvmcn","id":"yqpwbu3nvjdvmcn"},"id":"khh5tziqallz5g5","previousOperationId":"bqo7mj9lkid3by0"}
{"type":"operationEnd","operationId":"bqo7mj9lkid3by0","timestamp":1704993696813,"id":"j1oreffbxyhm6nq","previousEventId":"p69qq27y1jjrpqo","previousOperationId":"bqo7mj9lkid3by0"}
{"type":"operationStart","subtype":"recipe","name":"chrome-pdf","timestamp":1704993696814,"id":"sliyhn0gh1anwqr","previousEventId":"j1oreffbxyhm6nq","operationId":"nslru93idlf8qqk","previousOperationId":"bqo7mj9lkid3by0"}
{"type":"log","timestamp":1704993696814,"level":"debug","message":"Executing recipe chrome-pdf","meta":{"rootId":"yqpwbu3nvjdvmcn","id":"yqpwbu3nvjdvmcn"},"id":"gkotxqhc0bfxd2u","previousOperationId":"nslru93idlf8qqk"}
{"type":"log","timestamp":1704993696820,"level":"debug","message":"Converting with chrome HeadlessChrome/117.0.5938.149 using chrome-pool strategy","meta":{"rootId":"yqpwbu3nvjdvmcn","id":"yqpwbu3nvjdvmcn"},"id":"0v7u1e12yvxh5qn","previousOperationId":"nslru93idlf8qqk"}
{"type":"log","timestamp":1704993696855,"level":"debug","message":"Page request: GET (document) file:///tmp/jsreport/autocleanup/fb684651-aa51-47a9-8cb3-ad054512d72f-chrome-pdf.html","meta":{"rootId":"yqpwbu3nvjdvmcn","id":"yqpwbu3nvjdvmcn"},"id":"120ok0cuf9570ig","previousOperationId":"nslru93idlf8qqk"}
{"type":"log","timestamp":1704993696863,"level":"debug","message":"Page request finished: GET (document) 200 file:///tmp/jsreport/autocleanup/fb684651-aa51-47a9-8cb3-ad054512d72f-chrome-pdf.html","meta":{"rootId":"yqpwbu3nvjdvmcn","id":"yqpwbu3nvjdvmcn"},"id":"s6pk5a49pyj0a1j","previousOperationId":"nslru93idlf8qqk"}
{"type":"log","timestamp":1704993696864,"level":"debug","message":"Page request: GET (script) https://cdn.jsdelivr.net/npm/chart.js","meta":{"rootId":"yqpwbu3nvjdvmcn","id":"yqpwbu3nvjdvmcn"},"id":"s7ledjy0dabr2dj","previousOperationId":"nslru93idlf8qqk"}
{"type":"log","timestamp":1704993696868,"level":"debug","message":"Page request finished: GET (script) 200 https://cdn.jsdelivr.net/npm/chart.js","meta":{"rootId":"yqpwbu3nvjdvmcn","id":"yqpwbu3nvjdvmcn"},"id":"jeppth6cjax2t3k","previousOperationId":"nslru93idlf8qqk"}
{"type":"log","timestamp":1704993696873,"level":"warn","message":"Page error: Unexpected identifier 'Object' , stack: SyntaxError: Unexpected identifier 'Object'","meta":{"rootId":"yqpwbu3nvjdvmcn","id":"yqpwbu3nvjdvmcn"},"id":"boy4kmwtm7ensw9","previousOperationId":"nslru93idlf8qqk"}
{"type":"log","timestamp":1704993696878,"level":"debug","message":"Running chrome with params {\"printBackground\":true,\"timeout\":58667,\"margin\":{}}","meta":{"rootId":"yqpwbu3nvjdvmcn","id":"yqpwbu3nvjdvmcn"},"id":"9ou0s2tgad6pse0","previousOperationId":"nslru93idlf8qqk"}
{"type":"operationEnd","operationId":"nslru93idlf8qqk","timestamp":1704993696890,"id":"7wuo45rm9j9cdxm","previousEventId":"sliyhn0gh1anwqr","previousOperationId":"nslru93idlf8qqk"}
{"type":"log","timestamp":1704993696890,"level":"debug","message":"Skipping storing report.","meta":{"rootId":"yqpwbu3nvjdvmcn","id":"yqpwbu3nvjdvmcn"},"id":"orepajxd08bl3pc","previousOperationId":"nslru93idlf8qqk"}
{"type":"log","timestamp":1704993696890,"level":"info","message":"Rendering request 136 finished in 1404 ms","meta":{"rootId":"yqpwbu3nvjdvmcn","id":"yqpwbu3nvjdvmcn"},"id":"bocoi8mbpdeokwe","previousOperationId":"nslru93idlf8qqk"}
{"type":"operationEnd","subtype":"render","operationId":"yq5vgy5ln8wz3yi","timestamp":1704993696890,"id":"5juygvwagu1ro4g","previousEventId":"7wuo45rm9j9cdxm","previousOperationId":"nslru93idlf8qqk"}
{"type":"operationEnd","doDiffs":false,"previousEventId":"apgwslhn88ugjkh","previousOperationId":"sayxlf8npaahj4l","operationId":"sayxlf8npaahj4l","timestamp":1704993696894,"id":"tomaxdgpzm2ygzc"}
