{"type":"operationStart","subtype":"profile","data":{"_id":"bK2OWMA4avCUjVAV","timestamp":"2024-01-12T15:59:09.869Z","state":"queued","mode":"standard","creationDate":"2024-01-12T15:59:09.871Z","modificationDate":"2024-01-12T15:59:09.871Z","shortid":"jmODLue","$entitySet":"profiles"},"doDiffs":false,"timestamp":1705075149870,"id":"vannb1mk53w5a20","previousOperationId":null,"operationId":"1sdmuweh42rpc5f"}
{"type":"log","level":"info","message":"Render request 1 queued for execution and waiting for available worker","previousOperationId":"1sdmuweh42rpc5f","timestamp":1705075149870,"id":"xfiu6pz1arfbylr"}
{"type":"operationStart","subtype":"render","name":"User_project","previousOperationId":"1sdmuweh42rpc5f","timestamp":1705075149890,"id":"dchm9pgt3jo4t1y","previousEventId":"vannb1mk53w5a20","operationId":"u8bi77l5869rmwr"}
{"type":"log","timestamp":1705075149890,"level":"info","message":"Starting rendering request 1","meta":{"rootId":"z3222es5ti063a8","id":"z3222es5ti063a8"},"id":"r9dhrf46gkqkcfc","previousOperationId":"u8bi77l5869rmwr"}
{"type":"log","timestamp":1705075149891,"level":"info","message":"Rendering template { name: User_project, recipe: chrome-pdf, engine: handlebars, preview: true }","meta":{"rootId":"z3222es5ti063a8","id":"z3222es5ti063a8"},"id":"21ooji8yj27l3qx","previousOperationId":"u8bi77l5869rmwr"}
{"type":"log","timestamp":1705075149892,"level":"debug","message":"Data item not defined for this template.","meta":{"rootId":"z3222es5ti063a8","id":"z3222es5ti063a8"},"id":"fyowocrgf1c481g","previousOperationId":"u8bi77l5869rmwr"}
{"type":"log","timestamp":1705075149895,"level":"debug","message":"Executing script usabi-data (beforeRender)","meta":{"rootId":"z3222es5ti063a8","id":"z3222es5ti063a8"},"id":"7uqm3o2la8sjsf1","previousOperationId":"u8bi77l5869rmwr"}
{"type":"operationStart","subtype":"scriptsBeforeRender","name":"scripts beforeRender","timestamp":1705075150084,"id":"rjganhnvoqiy5zl","previousEventId":"dchm9pgt3jo4t1y","operationId":"lyc436eo38syglh","previousOperationId":"u8bi77l5869rmwr"}
{"type":"operationStart","subtype":"script","name":"scripts usabi-data","previousOperationId":"lyc436eo38syglh","timestamp":1705075150085,"id":"lfxaheq7aaa2owr","previousEventId":"rjganhnvoqiy5zl","operationId":"ih5jz60ycg76f3i"}
{"type":"log","timestamp":1705075150094,"level":"debug","message":"(console:error) Error en la solicitud: Error: connect ECONNREFUSED 127.0.0.1:4000\n    at TCPConnectWrap.afterConnect [as oncomplete] (node:net:1595:16) {\n  errno: -111,\n  code: 'ECONNREFUSED',\n  syscall: 'connect',\n  address: '127.0.0.1',\n  port: 4000\n}","meta":{"userLevel":true,"rootId":"z3222es5ti063a8","id":"z3222es5ti063a8"},"id":"1l9nh3rbth7a60y","previousOperationId":"ih5jz60ycg76f3i"}
{"type":"operationEnd","operationId":"ih5jz60ycg76f3i","timestamp":1705075150094,"id":"9onk0hinnpzm61c","previousEventId":"dchm9pgt3jo4t1y","previousOperationId":"u8bi77l5869rmwr"}
{"type":"log","timestamp":1705075150094,"level":"debug","message":"Executing script orders-script (beforeRender)","meta":{"rootId":"z3222es5ti063a8","id":"z3222es5ti063a8"},"id":"mfr7xep6pp1wd1j","previousOperationId":"u8bi77l5869rmwr"}
{"type":"operationStart","subtype":"script","name":"scripts orders-script","previousOperationId":"lyc436eo38syglh","timestamp":1705075150108,"id":"2b9zpj7oq8gbszf","previousEventId":"9onk0hinnpzm61c","operationId":"3vadpd4k37l4yw5"}
{"type":"operationEnd","operationId":"3vadpd4k37l4yw5","timestamp":1705075151514,"id":"hpd85z588evjnly","previousEventId":"9onk0hinnpzm61c","previousOperationId":"u8bi77l5869rmwr"}
{"type":"operationEnd","operationId":"lyc436eo38syglh","timestamp":1705075151514,"id":"0x1247it4md0a8z","previousEventId":"hpd85z588evjnly","previousOperationId":"u8bi77l5869rmwr"}
{"type":"log","timestamp":1705075151514,"level":"debug","message":"Base url not specified, skipping its injection.","meta":{"rootId":"z3222es5ti063a8","id":"z3222es5ti063a8"},"id":"zc9enpfhq98vzqi","previousOperationId":"lyc436eo38syglh"}
{"type":"operationStart","subtype":"engine","name":"handlebars","timestamp":1705075151515,"id":"zdm2gcn0wgxgqrp","previousEventId":"0x1247it4md0a8z","operationId":"4w4edqfx6d2aw3i","previousOperationId":"lyc436eo38syglh"}
{"type":"log","timestamp":1705075151515,"level":"debug","message":"Rendering engine handlebars","meta":{"rootId":"z3222es5ti063a8","id":"z3222es5ti063a8"},"id":"n58yjjvjyvg84hf","previousOperationId":"4w4edqfx6d2aw3i"}
{"type":"operationEnd","operationId":"4w4edqfx6d2aw3i","timestamp":1705075151727,"id":"gkqgx7qe1nd55pa","previousEventId":"zdm2gcn0wgxgqrp","previousOperationId":"4w4edqfx6d2aw3i"}
{"type":"operationStart","subtype":"recipe","name":"chrome-pdf","timestamp":1705075151727,"id":"naolqi6y3yibc3v","previousEventId":"gkqgx7qe1nd55pa","operationId":"y88vngl18086fph","previousOperationId":"4w4edqfx6d2aw3i"}
{"type":"log","timestamp":1705075151727,"level":"debug","message":"Executing recipe chrome-pdf","meta":{"rootId":"z3222es5ti063a8","id":"z3222es5ti063a8"},"id":"fmnew267snla7fl","previousOperationId":"y88vngl18086fph"}
{"type":"log","timestamp":1705075152264,"level":"debug","message":"Converting with chrome HeadlessChrome/117.0.5938.149 using chrome-pool strategy","meta":{"rootId":"z3222es5ti063a8","id":"z3222es5ti063a8"},"id":"jw528i62g3ldzrv","previousOperationId":"y88vngl18086fph"}
{"type":"log","timestamp":1705075152408,"level":"debug","message":"Page request: GET (document) file:///tmp/jsreport/autocleanup/3ee9a81e-2da6-47cf-9496-085d91d05f86-chrome-pdf.html","meta":{"rootId":"z3222es5ti063a8","id":"z3222es5ti063a8"},"id":"37krc77a9b5e274","previousOperationId":"y88vngl18086fph"}
{"type":"log","timestamp":1705075152429,"level":"debug","message":"Page request: GET (script) https://cdn.jsdelivr.net/npm/chart.js","meta":{"rootId":"z3222es5ti063a8","id":"z3222es5ti063a8"},"id":"uwzwrsqokhp2cm5","previousOperationId":"y88vngl18086fph"}
{"type":"log","timestamp":1705075152429,"level":"debug","message":"Page request finished: GET (document) 200 file:///tmp/jsreport/autocleanup/3ee9a81e-2da6-47cf-9496-085d91d05f86-chrome-pdf.html","meta":{"rootId":"z3222es5ti063a8","id":"z3222es5ti063a8"},"id":"xqrhder37t18mq8","previousOperationId":"y88vngl18086fph"}
{"type":"log","timestamp":1705075152669,"level":"debug","message":"Page request finished: GET (script) 200 https://cdn.jsdelivr.net/npm/chart.js","meta":{"rootId":"z3222es5ti063a8","id":"z3222es5ti063a8"},"id":"fhjcb5gyhu0iwb6","previousOperationId":"y88vngl18086fph"}
{"type":"log","timestamp":1705075152752,"level":"debug","message":"Running chrome with params {\"printBackground\":true,\"timeout\":57997,\"margin\":{}}","meta":{"rootId":"z3222es5ti063a8","id":"z3222es5ti063a8"},"id":"65p72ub07jjk71f","previousOperationId":"y88vngl18086fph"}
{"type":"operationEnd","operationId":"y88vngl18086fph","timestamp":1705075152836,"id":"x5mbnfyqyrasfas","previousEventId":"naolqi6y3yibc3v","previousOperationId":"y88vngl18086fph"}
{"type":"log","timestamp":1705075152837,"level":"debug","message":"Skipping storing report.","meta":{"rootId":"z3222es5ti063a8","id":"z3222es5ti063a8"},"id":"2h66e1p5yrweebp","previousOperationId":"y88vngl18086fph"}
{"type":"log","timestamp":1705075152837,"level":"info","message":"Rendering request 1 finished in 2969 ms","meta":{"rootId":"z3222es5ti063a8","id":"z3222es5ti063a8"},"id":"hajaarcsfvvajvp","previousOperationId":"y88vngl18086fph"}
{"type":"operationEnd","subtype":"render","operationId":"u8bi77l5869rmwr","timestamp":1705075152837,"id":"5gxavzejf2et51x","previousEventId":"x5mbnfyqyrasfas","previousOperationId":"y88vngl18086fph"}
{"type":"operationEnd","doDiffs":false,"previousEventId":"vannb1mk53w5a20","previousOperationId":"1sdmuweh42rpc5f","operationId":"1sdmuweh42rpc5f","timestamp":1705075152842,"id":"icwvhjxk9h0s2so"}
