{"type":"operationStart","subtype":"profile","data":{"_id":"pEB4jWZf1QNKxe2s","timestamp":"2024-01-31T20:17:53.224Z","state":"queued","mode":"standard","creationDate":"2024-01-31T20:17:53.228Z","modificationDate":"2024-01-31T20:17:53.228Z","shortid":"vinaO_s","$entitySet":"profiles"},"doDiffs":false,"timestamp":1706732273227,"id":"xye5vs26rxb45jj","previousOperationId":null,"operationId":"cfd5pq2mo0bgc4f"}
{"type":"log","level":"info","message":"Render request 4 queued for execution and waiting for available worker","previousOperationId":"cfd5pq2mo0bgc4f","timestamp":1706732273227,"id":"wfijltbxpj1s1z0"}
{"type":"operationStart","subtype":"render","name":"User_project","previousOperationId":"cfd5pq2mo0bgc4f","timestamp":1706732273230,"id":"gyjt0xi0fp48vl5","previousEventId":"xye5vs26rxb45jj","operationId":"9139oxvothfs7jw"}
{"type":"log","timestamp":1706732273230,"level":"info","message":"Starting rendering request 4","meta":{"rootId":"zmq2qjjns7wlb73","id":"zmq2qjjns7wlb73"},"id":"fc6shb9lgfjpgw1","previousOperationId":"9139oxvothfs7jw"}
{"type":"log","timestamp":1706732273230,"level":"info","message":"Rendering template { name: User_project, recipe: chrome-pdf, engine: handlebars, preview: false }","meta":{"rootId":"zmq2qjjns7wlb73","id":"zmq2qjjns7wlb73"},"id":"zuqgvjqt149xv6u","previousOperationId":"9139oxvothfs7jw"}
{"type":"log","timestamp":1706732273231,"level":"debug","message":"Data item not defined for this template.","meta":{"rootId":"zmq2qjjns7wlb73","id":"zmq2qjjns7wlb73"},"id":"y8icvvzyjwbbo5a","previousOperationId":"9139oxvothfs7jw"}
{"type":"log","timestamp":1706732273232,"level":"debug","message":"Executing script usabi-data (beforeRender)","meta":{"rootId":"zmq2qjjns7wlb73","id":"zmq2qjjns7wlb73"},"id":"hvb91vehwe3oar5","previousOperationId":"9139oxvothfs7jw"}
{"type":"operationStart","subtype":"scriptsBeforeRender","name":"scripts beforeRender","timestamp":1706732273238,"id":"vtod5o9tnpscrhc","previousEventId":"gyjt0xi0fp48vl5","operationId":"r103c1zbu60y8nm","previousOperationId":"9139oxvothfs7jw"}
{"type":"operationStart","subtype":"script","name":"scripts usabi-data","previousOperationId":"r103c1zbu60y8nm","timestamp":1706732273238,"id":"rlpqz4zm3lrtjsh","previousEventId":"vtod5o9tnpscrhc","operationId":"uk8o9g9xd96v4m8"}
{"type":"operationEnd","operationId":"uk8o9g9xd96v4m8","timestamp":1706732273253,"id":"vbfzx2ypa1kffi6","previousEventId":"gyjt0xi0fp48vl5","previousOperationId":"9139oxvothfs7jw"}
{"type":"log","timestamp":1706732273253,"level":"debug","message":"Executing script orders-script (beforeRender)","meta":{"rootId":"zmq2qjjns7wlb73","id":"zmq2qjjns7wlb73"},"id":"t976zqrx8t2mgv7","previousOperationId":"9139oxvothfs7jw"}
{"type":"operationStart","subtype":"script","name":"scripts orders-script","previousOperationId":"r103c1zbu60y8nm","timestamp":1706732273257,"id":"d6wq8fpv87wv2bf","previousEventId":"vbfzx2ypa1kffi6","operationId":"flcdwybdiwoxerw"}
{"type":"operationEnd","operationId":"flcdwybdiwoxerw","timestamp":1706732274656,"id":"cwwgwddrso41zk6","previousEventId":"vbfzx2ypa1kffi6","previousOperationId":"9139oxvothfs7jw"}
{"type":"operationEnd","operationId":"r103c1zbu60y8nm","timestamp":1706732274657,"id":"3upc51sw33q2lea","previousEventId":"cwwgwddrso41zk6","previousOperationId":"9139oxvothfs7jw"}
{"type":"log","timestamp":1706732274657,"level":"debug","message":"Base url not specified, skipping its injection.","meta":{"rootId":"zmq2qjjns7wlb73","id":"zmq2qjjns7wlb73"},"id":"3fou08cxjm15spm","previousOperationId":"r103c1zbu60y8nm"}
{"type":"operationStart","subtype":"engine","name":"handlebars","timestamp":1706732274657,"id":"4duiv6ekmna3zmv","previousEventId":"3upc51sw33q2lea","operationId":"dup4rh4nsk71p04","previousOperationId":"r103c1zbu60y8nm"}
{"type":"log","timestamp":1706732274657,"level":"debug","message":"Rendering engine handlebars","meta":{"rootId":"zmq2qjjns7wlb73","id":"zmq2qjjns7wlb73"},"id":"3sryzkxj4qm89zg","previousOperationId":"dup4rh4nsk71p04"}
{"type":"operationEnd","operationId":"dup4rh4nsk71p04","timestamp":1706732274677,"id":"bqs7e08tcpu5v1b","previousEventId":"4duiv6ekmna3zmv","previousOperationId":"dup4rh4nsk71p04"}
{"type":"operationStart","subtype":"recipe","name":"chrome-pdf","timestamp":1706732274677,"id":"gj7skv2hmke7gmz","previousEventId":"bqs7e08tcpu5v1b","operationId":"qrzaajs714ru4od","previousOperationId":"dup4rh4nsk71p04"}
{"type":"log","timestamp":1706732274677,"level":"debug","message":"Executing recipe chrome-pdf","meta":{"rootId":"zmq2qjjns7wlb73","id":"zmq2qjjns7wlb73"},"id":"anodf50vmxfloar","previousOperationId":"qrzaajs714ru4od"}
{"type":"log","timestamp":1706732274679,"level":"debug","message":"Converting with chrome HeadlessChrome/117.0.5938.149 using chrome-pool strategy","meta":{"rootId":"zmq2qjjns7wlb73","id":"zmq2qjjns7wlb73"},"id":"jl5bf0fljggmzhx","previousOperationId":"qrzaajs714ru4od"}
{"type":"log","timestamp":1706732274709,"level":"debug","message":"Page request: GET (document) file:///tmp/jsreport/autocleanup/1850bc2e-795e-419b-b1de-010a152e7714-chrome-pdf.html","meta":{"rootId":"zmq2qjjns7wlb73","id":"zmq2qjjns7wlb73"},"id":"7fmsftbug010pdf","previousOperationId":"qrzaajs714ru4od"}
{"type":"log","timestamp":1706732274717,"level":"debug","message":"Page request: GET (script) https://cdn.jsdelivr.net/npm/chart.js","meta":{"rootId":"zmq2qjjns7wlb73","id":"zmq2qjjns7wlb73"},"id":"tmp6f2eqhvftx4t","previousOperationId":"qrzaajs714ru4od"}
{"type":"log","timestamp":1706732274717,"level":"debug","message":"Page request finished: GET (document) 200 file:///tmp/jsreport/autocleanup/1850bc2e-795e-419b-b1de-010a152e7714-chrome-pdf.html","meta":{"rootId":"zmq2qjjns7wlb73","id":"zmq2qjjns7wlb73"},"id":"txuj9tx4tw7ensp","previousOperationId":"qrzaajs714ru4od"}
{"type":"log","timestamp":1706732274726,"level":"debug","message":"Page request finished: GET (script) 200 https://cdn.jsdelivr.net/npm/chart.js","meta":{"rootId":"zmq2qjjns7wlb73","id":"zmq2qjjns7wlb73"},"id":"i00v5rgonksupgg","previousOperationId":"qrzaajs714ru4od"}
{"type":"log","timestamp":1706732274784,"level":"debug","message":"Running chrome with params {\"printBackground\":true,\"timeout\":58545,\"margin\":{}}","meta":{"rootId":"zmq2qjjns7wlb73","id":"zmq2qjjns7wlb73"},"id":"7h8d25i5qps37mj","previousOperationId":"qrzaajs714ru4od"}
{"type":"operationEnd","operationId":"qrzaajs714ru4od","timestamp":1706732274852,"id":"6wpvb0sj84hr1j7","previousEventId":"gj7skv2hmke7gmz","previousOperationId":"qrzaajs714ru4od"}
{"type":"log","timestamp":1706732274852,"level":"debug","message":"Skipping storing report.","meta":{"rootId":"zmq2qjjns7wlb73","id":"zmq2qjjns7wlb73"},"id":"zvkvyefvaa40xgw","previousOperationId":"qrzaajs714ru4od"}
{"type":"log","timestamp":1706732274852,"level":"info","message":"Rendering request 4 finished in 1629 ms","meta":{"rootId":"zmq2qjjns7wlb73","id":"zmq2qjjns7wlb73"},"id":"03wqlscujdj7nb2","previousOperationId":"qrzaajs714ru4od"}
{"type":"operationEnd","subtype":"render","operationId":"9139oxvothfs7jw","timestamp":1706732274852,"id":"lc4l9f6kwdq5yfk","previousEventId":"6wpvb0sj84hr1j7","previousOperationId":"qrzaajs714ru4od"}
{"type":"operationEnd","doDiffs":false,"previousEventId":"xye5vs26rxb45jj","previousOperationId":"cfd5pq2mo0bgc4f","operationId":"cfd5pq2mo0bgc4f","timestamp":1706732274854,"id":"msd7wy7zzpdgnot"}
