{"type":"operationStart","subtype":"profile","data":{"_id":"1KaPL7xT33HMu7K2","timestamp":"2024-01-11T17:49:57.590Z","state":"queued","mode":"standard","creationDate":"2024-01-11T17:49:57.590Z","modificationDate":"2024-01-11T17:49:57.590Z","shortid":"JEucIEN","$entitySet":"profiles"},"doDiffs":false,"timestamp":1704995397590,"id":"pbkumu67mn2qqcu","previousOperationId":null,"operationId":"qaf5iczzqd2p302"}
{"type":"log","level":"info","message":"Render request 15 queued for execution and waiting for available worker","previousOperationId":"qaf5iczzqd2p302","timestamp":1704995397590,"id":"fjed1mqnb69q5lj"}
{"type":"operationStart","subtype":"render","name":"User_project","previousOperationId":"qaf5iczzqd2p302","timestamp":1704995397596,"id":"5g14bzqop5lt2og","previousEventId":"pbkumu67mn2qqcu","operationId":"dwzq6finhrylxm0"}
{"type":"log","timestamp":1704995397596,"level":"info","message":"Starting rendering request 15","meta":{"rootId":"zvkhocoowjud134","id":"zvkhocoowjud134"},"id":"73g0bbgymsob6lh","previousOperationId":"dwzq6finhrylxm0"}
{"type":"log","timestamp":1704995397596,"level":"info","message":"Rendering template { name: User_project, recipe: chrome-pdf, engine: handlebars, preview: true }","meta":{"rootId":"zvkhocoowjud134","id":"zvkhocoowjud134"},"id":"ixzjw7eapqpoe94","previousOperationId":"dwzq6finhrylxm0"}
{"type":"log","timestamp":1704995397597,"level":"debug","message":"Data item not defined for this template.","meta":{"rootId":"zvkhocoowjud134","id":"zvkhocoowjud134"},"id":"bvpa389eqh0xhim","previousOperationId":"dwzq6finhrylxm0"}
{"type":"log","timestamp":1704995397598,"level":"debug","message":"Executing script usabi-data (beforeRender)","meta":{"rootId":"zvkhocoowjud134","id":"zvkhocoowjud134"},"id":"nw8thn3qkan49zh","previousOperationId":"dwzq6finhrylxm0"}
{"type":"operationStart","subtype":"scriptsBeforeRender","name":"scripts beforeRender","timestamp":1704995397602,"id":"5r9hcmnw010t12h","previousEventId":"5g14bzqop5lt2og","operationId":"zq6xkva2lh4mf61","previousOperationId":"dwzq6finhrylxm0"}
{"type":"operationStart","subtype":"script","name":"scripts usabi-data","previousOperationId":"zq6xkva2lh4mf61","timestamp":1704995397602,"id":"7tyamfy5j56gv4h","previousEventId":"5r9hcmnw010t12h","operationId":"gap5du8sbrlwvf5"}
{"type":"operationEnd","operationId":"gap5du8sbrlwvf5","timestamp":1704995397617,"id":"j9xl1jrfhx2uboe","previousEventId":"5g14bzqop5lt2og","previousOperationId":"dwzq6finhrylxm0"}
{"type":"log","timestamp":1704995397617,"level":"debug","message":"Executing script orders-script (beforeRender)","meta":{"rootId":"zvkhocoowjud134","id":"zvkhocoowjud134"},"id":"mc2dwqj61cbngia","previousOperationId":"dwzq6finhrylxm0"}
{"type":"operationStart","subtype":"script","name":"scripts orders-script","previousOperationId":"zq6xkva2lh4mf61","timestamp":1704995397621,"id":"ibb1hsn8ec9v8th","previousEventId":"j9xl1jrfhx2uboe","operationId":"nbxzt6g30zdxdwq"}
{"type":"operationEnd","operationId":"nbxzt6g30zdxdwq","timestamp":1704995398944,"id":"gr50iwtfyf3plwn","previousEventId":"j9xl1jrfhx2uboe","previousOperationId":"dwzq6finhrylxm0"}
{"type":"operationEnd","operationId":"zq6xkva2lh4mf61","timestamp":1704995398944,"id":"rzf1zqmq5nioflj","previousEventId":"gr50iwtfyf3plwn","previousOperationId":"dwzq6finhrylxm0"}
{"type":"log","timestamp":1704995398944,"level":"debug","message":"Base url not specified, skipping its injection.","meta":{"rootId":"zvkhocoowjud134","id":"zvkhocoowjud134"},"id":"yzczqcycdy36i4l","previousOperationId":"zq6xkva2lh4mf61"}
{"type":"operationStart","subtype":"engine","name":"handlebars","timestamp":1704995398944,"id":"8uaer2odaos7xcj","previousEventId":"rzf1zqmq5nioflj","operationId":"2h2ws22bq26it27","previousOperationId":"zq6xkva2lh4mf61"}
{"type":"log","timestamp":1704995398944,"level":"debug","message":"Rendering engine handlebars","meta":{"rootId":"zvkhocoowjud134","id":"zvkhocoowjud134"},"id":"mjbyg3wcha5txv8","previousOperationId":"2h2ws22bq26it27"}
{"type":"operationEnd","operationId":"2h2ws22bq26it27","timestamp":1704995398969,"id":"ljat2311umjl844","previousEventId":"8uaer2odaos7xcj","previousOperationId":"2h2ws22bq26it27"}
{"type":"operationStart","subtype":"recipe","name":"chrome-pdf","timestamp":1704995398969,"id":"yzyjygr2p81rke7","previousEventId":"ljat2311umjl844","operationId":"uh44exum3u2coor","previousOperationId":"2h2ws22bq26it27"}
{"type":"log","timestamp":1704995398969,"level":"debug","message":"Executing recipe chrome-pdf","meta":{"rootId":"zvkhocoowjud134","id":"zvkhocoowjud134"},"id":"t00dirmaonm9bf4","previousOperationId":"uh44exum3u2coor"}
{"type":"log","timestamp":1704995398970,"level":"debug","message":"Converting with chrome HeadlessChrome/117.0.5938.149 using chrome-pool strategy","meta":{"rootId":"zvkhocoowjud134","id":"zvkhocoowjud134"},"id":"pga77vnoopf0r6l","previousOperationId":"uh44exum3u2coor"}
{"type":"log","timestamp":1704995399006,"level":"debug","message":"Page request: GET (document) file:///tmp/jsreport/autocleanup/c80f500f-9366-4ae8-a0bc-ea02ad9cbe04-chrome-pdf.html","meta":{"rootId":"zvkhocoowjud134","id":"zvkhocoowjud134"},"id":"n3q20qi20rq0zzn","previousOperationId":"uh44exum3u2coor"}
{"type":"log","timestamp":1704995399013,"level":"debug","message":"Page request: GET (script) https://cdn.jsdelivr.net/npm/chart.js","meta":{"rootId":"zvkhocoowjud134","id":"zvkhocoowjud134"},"id":"zbhqkxleqguy99b","previousOperationId":"uh44exum3u2coor"}
{"type":"log","timestamp":1704995399014,"level":"debug","message":"Page request finished: GET (document) 200 file:///tmp/jsreport/autocleanup/c80f500f-9366-4ae8-a0bc-ea02ad9cbe04-chrome-pdf.html","meta":{"rootId":"zvkhocoowjud134","id":"zvkhocoowjud134"},"id":"vgkmr6usoywryhf","previousOperationId":"uh44exum3u2coor"}
{"type":"log","timestamp":1704995399019,"level":"debug","message":"Page request finished: GET (script) 200 https://cdn.jsdelivr.net/npm/chart.js","meta":{"rootId":"zvkhocoowjud134","id":"zvkhocoowjud134"},"id":"5se8j4l0s604c76","previousOperationId":"uh44exum3u2coor"}
{"type":"log","timestamp":1704995399061,"level":"warn","message":"Page error: Canvas is already in use. Chart with ID '0' must be destroyed before the canvas with ID '' can be reused. , stack: Error: Canvas is already in use. Chart with ID '0' must be destroyed before the canvas with ID '' can be reused.\n    at An (https://cdn.jsdelivr.net/npm/chart.js:19:89653)\n    at <anonymous> (file:///tmp/jsreport/autocleanup/c80f500f-9366-4ae8-a0bc-ea02ad9cbe04-chrome-pdf.html:77:9)","meta":{"rootId":"zvkhocoowjud134","id":"zvkhocoowjud134"},"id":"0j7wdistjmflu9j","previousOperationId":"uh44exum3u2coor"}
{"type":"log","timestamp":1704995399062,"level":"debug","message":"Running chrome with params {\"printBackground\":true,\"timeout\":58620,\"margin\":{}}","meta":{"rootId":"zvkhocoowjud134","id":"zvkhocoowjud134"},"id":"z26eb9b3wwpkn5n","previousOperationId":"uh44exum3u2coor"}
{"type":"operationEnd","operationId":"uh44exum3u2coor","timestamp":1704995399084,"id":"6kcviij0rs6wc5c","previousEventId":"yzyjygr2p81rke7","previousOperationId":"uh44exum3u2coor"}
{"type":"log","timestamp":1704995399084,"level":"debug","message":"Skipping storing report.","meta":{"rootId":"zvkhocoowjud134","id":"zvkhocoowjud134"},"id":"qsw0avuu1s8qkkw","previousOperationId":"uh44exum3u2coor"}
{"type":"log","timestamp":1704995399084,"level":"info","message":"Rendering request 15 finished in 1494 ms","meta":{"rootId":"zvkhocoowjud134","id":"zvkhocoowjud134"},"id":"gu43uhm9djw0r34","previousOperationId":"uh44exum3u2coor"}
{"type":"operationEnd","subtype":"render","operationId":"dwzq6finhrylxm0","timestamp":1704995399084,"id":"wxzjf7j8kpmuos8","previousEventId":"6kcviij0rs6wc5c","previousOperationId":"uh44exum3u2coor"}
{"type":"operationEnd","doDiffs":false,"previousEventId":"pbkumu67mn2qqcu","previousOperationId":"qaf5iczzqd2p302","operationId":"qaf5iczzqd2p302","timestamp":1704995399089,"id":"lql4ha115ce4eqr"}
