{"type":"operationStart","subtype":"profile","data":{"_id":"RQOz0OMbsA4eYAlq","timestamp":"2024-01-11T17:56:20.639Z","state":"queued","mode":"standard","creationDate":"2024-01-11T17:56:20.640Z","modificationDate":"2024-01-11T17:56:20.640Z","shortid":"Jb1tg6A","$entitySet":"profiles"},"doDiffs":false,"timestamp":1704995780639,"id":"9kefj9s5fiizqil","previousOperationId":null,"operationId":"m01qqe46mrui64a"}
{"type":"log","level":"info","message":"Render request 24 queued for execution and waiting for available worker","previousOperationId":"m01qqe46mrui64a","timestamp":1704995780639,"id":"dnsi1ta7227kl8r"}
{"type":"operationStart","subtype":"render","name":"User_project","previousOperationId":"m01qqe46mrui64a","timestamp":1704995780646,"id":"crsyuobiuzd2qsu","previousEventId":"9kefj9s5fiizqil","operationId":"vu2pze5m6h3daob"}
{"type":"log","timestamp":1704995780646,"level":"info","message":"Starting rendering request 24","meta":{"rootId":"zvp072dtk53gvp7","id":"zvp072dtk53gvp7"},"id":"wbu37z9j5uaztqk","previousOperationId":"vu2pze5m6h3daob"}
{"type":"log","timestamp":1704995780646,"level":"info","message":"Rendering template { name: User_project, recipe: chrome-pdf, engine: handlebars, preview: true }","meta":{"rootId":"zvp072dtk53gvp7","id":"zvp072dtk53gvp7"},"id":"qgbnyhdf2f1nmie","previousOperationId":"vu2pze5m6h3daob"}
{"type":"log","timestamp":1704995780647,"level":"debug","message":"Data item not defined for this template.","meta":{"rootId":"zvp072dtk53gvp7","id":"zvp072dtk53gvp7"},"id":"moq7fyxqo08pz6i","previousOperationId":"vu2pze5m6h3daob"}
{"type":"log","timestamp":1704995780648,"level":"debug","message":"Executing script usabi-data (beforeRender)","meta":{"rootId":"zvp072dtk53gvp7","id":"zvp072dtk53gvp7"},"id":"3d7of7zlbvheuhl","previousOperationId":"vu2pze5m6h3daob"}
{"type":"operationStart","subtype":"scriptsBeforeRender","name":"scripts beforeRender","timestamp":1704995780653,"id":"seddvggfe1iu6cb","previousEventId":"crsyuobiuzd2qsu","operationId":"2fn1hfdrzcbz8nu","previousOperationId":"vu2pze5m6h3daob"}
{"type":"operationStart","subtype":"script","name":"scripts usabi-data","previousOperationId":"2fn1hfdrzcbz8nu","timestamp":1704995780653,"id":"lwo4n5jmyvw45r3","previousEventId":"seddvggfe1iu6cb","operationId":"ep2io8uyx4qhj1b"}
{"type":"operationEnd","operationId":"ep2io8uyx4qhj1b","timestamp":1704995780678,"id":"7hyka52b7bhmurl","previousEventId":"crsyuobiuzd2qsu","previousOperationId":"vu2pze5m6h3daob"}
{"type":"log","timestamp":1704995780678,"level":"debug","message":"Executing script orders-script (beforeRender)","meta":{"rootId":"zvp072dtk53gvp7","id":"zvp072dtk53gvp7"},"id":"vvpnduv2n59v5bd","previousOperationId":"vu2pze5m6h3daob"}
{"type":"operationStart","subtype":"script","name":"scripts orders-script","previousOperationId":"2fn1hfdrzcbz8nu","timestamp":1704995780681,"id":"ol07zcnzjnul2i6","previousEventId":"7hyka52b7bhmurl","operationId":"sp8efloqutsmsqs"}
{"type":"operationEnd","operationId":"sp8efloqutsmsqs","timestamp":1704995781945,"id":"lgqur72tggugpi7","previousEventId":"7hyka52b7bhmurl","previousOperationId":"vu2pze5m6h3daob"}
{"type":"operationEnd","operationId":"2fn1hfdrzcbz8nu","timestamp":1704995781945,"id":"4qiv0fwbm3fx858","previousEventId":"lgqur72tggugpi7","previousOperationId":"vu2pze5m6h3daob"}
{"type":"log","timestamp":1704995781945,"level":"debug","message":"Base url not specified, skipping its injection.","meta":{"rootId":"zvp072dtk53gvp7","id":"zvp072dtk53gvp7"},"id":"f8p922dsjvzubv8","previousOperationId":"2fn1hfdrzcbz8nu"}
{"type":"operationStart","subtype":"engine","name":"handlebars","timestamp":1704995781945,"id":"956w6s72yj940oz","previousEventId":"4qiv0fwbm3fx858","operationId":"e52120qiazvoc2i","previousOperationId":"2fn1hfdrzcbz8nu"}
{"type":"log","timestamp":1704995781945,"level":"debug","message":"Rendering engine handlebars","meta":{"rootId":"zvp072dtk53gvp7","id":"zvp072dtk53gvp7"},"id":"mwqk6q8wgbfjk0c","previousOperationId":"e52120qiazvoc2i"}
{"type":"operationEnd","operationId":"e52120qiazvoc2i","timestamp":1704995781955,"id":"g3lliu58kcvduul","previousEventId":"956w6s72yj940oz","previousOperationId":"e52120qiazvoc2i"}
{"type":"operationStart","subtype":"recipe","name":"chrome-pdf","timestamp":1704995781955,"id":"2rzvt73m12bhl7l","previousEventId":"g3lliu58kcvduul","operationId":"q97su08aszhtn9n","previousOperationId":"e52120qiazvoc2i"}
{"type":"log","timestamp":1704995781955,"level":"debug","message":"Executing recipe chrome-pdf","meta":{"rootId":"zvp072dtk53gvp7","id":"zvp072dtk53gvp7"},"id":"y4528g9o1r0ia8c","previousOperationId":"q97su08aszhtn9n"}
{"type":"log","timestamp":1704995781957,"level":"debug","message":"Converting with chrome HeadlessChrome/117.0.5938.149 using chrome-pool strategy","meta":{"rootId":"zvp072dtk53gvp7","id":"zvp072dtk53gvp7"},"id":"bff4bv4fqzjmdzk","previousOperationId":"q97su08aszhtn9n"}
{"type":"log","timestamp":1704995781989,"level":"debug","message":"Page request: GET (document) file:///tmp/jsreport/autocleanup/1a2edcd9-c65e-4483-993f-62c6b57748f4-chrome-pdf.html","meta":{"rootId":"zvp072dtk53gvp7","id":"zvp072dtk53gvp7"},"id":"b97klm8kxwqhvtx","previousOperationId":"q97su08aszhtn9n"}
{"type":"log","timestamp":1704995781997,"level":"debug","message":"Page request: GET (script) https://cdn.jsdelivr.net/npm/chart.js","meta":{"rootId":"zvp072dtk53gvp7","id":"zvp072dtk53gvp7"},"id":"0rxhxur2wvpwxrm","previousOperationId":"q97su08aszhtn9n"}
{"type":"log","timestamp":1704995781997,"level":"debug","message":"Page request finished: GET (document) 200 file:///tmp/jsreport/autocleanup/1a2edcd9-c65e-4483-993f-62c6b57748f4-chrome-pdf.html","meta":{"rootId":"zvp072dtk53gvp7","id":"zvp072dtk53gvp7"},"id":"gf2sd3t57aekjsb","previousOperationId":"q97su08aszhtn9n"}
{"type":"log","timestamp":1704995782001,"level":"debug","message":"Page request finished: GET (script) 200 https://cdn.jsdelivr.net/npm/chart.js","meta":{"rootId":"zvp072dtk53gvp7","id":"zvp072dtk53gvp7"},"id":"s1zgd3zamvabdyd","previousOperationId":"q97su08aszhtn9n"}
{"type":"log","timestamp":1704995782004,"level":"warn","message":"Page error: Unexpected identifier 'Object' , stack: SyntaxError: Unexpected identifier 'Object'","meta":{"rootId":"zvp072dtk53gvp7","id":"zvp072dtk53gvp7"},"id":"vhcr7ybl7ac93tz","previousOperationId":"q97su08aszhtn9n"}
{"type":"log","timestamp":1704995782009,"level":"debug","message":"Running chrome with params {\"printBackground\":true,\"timeout\":58683,\"margin\":{}}","meta":{"rootId":"zvp072dtk53gvp7","id":"zvp072dtk53gvp7"},"id":"djkk4tyre2gy267","previousOperationId":"q97su08aszhtn9n"}
{"type":"operationEnd","operationId":"q97su08aszhtn9n","timestamp":1704995782019,"id":"2r1drhnpq9qbcqb","previousEventId":"2rzvt73m12bhl7l","previousOperationId":"q97su08aszhtn9n"}
{"type":"log","timestamp":1704995782019,"level":"debug","message":"Skipping storing report.","meta":{"rootId":"zvp072dtk53gvp7","id":"zvp072dtk53gvp7"},"id":"q1z3yo5efijewuj","previousOperationId":"q97su08aszhtn9n"}
{"type":"log","timestamp":1704995782019,"level":"info","message":"Rendering request 24 finished in 1380 ms","meta":{"rootId":"zvp072dtk53gvp7","id":"zvp072dtk53gvp7"},"id":"qx9812vai53gh5d","previousOperationId":"q97su08aszhtn9n"}
{"type":"operationEnd","subtype":"render","operationId":"vu2pze5m6h3daob","timestamp":1704995782019,"id":"0o102uc95b4azog","previousEventId":"2r1drhnpq9qbcqb","previousOperationId":"q97su08aszhtn9n"}
{"type":"operationEnd","doDiffs":false,"previousEventId":"9kefj9s5fiizqil","previousOperationId":"m01qqe46mrui64a","operationId":"m01qqe46mrui64a","timestamp":1704995782024,"id":"26e08686ys3pqy2"}
