{"type":"operationStart","subtype":"profile","data":{"_id":"x9w6JM4iK7QLDGP0","timestamp":"2024-01-08T20:36:04.855Z","state":"queued","mode":"standard","creationDate":"2024-01-08T20:36:04.858Z","modificationDate":"2024-01-08T20:36:04.858Z","shortid":"c0SK9u5","$entitySet":"profiles"},"doDiffs":false,"timestamp":1704746164856,"id":"mqtvu6yqptbhce9","previousOperationId":null,"operationId":"pbx3wtcnk2a3uov"}
{"type":"log","level":"info","message":"Render request 1 queued for execution and waiting for available worker","previousOperationId":"pbx3wtcnk2a3uov","timestamp":1704746164857,"id":"y1edwlfepn82cx3"}
{"type":"operationStart","subtype":"render","name":"orders-main","previousOperationId":"pbx3wtcnk2a3uov","timestamp":1704746164880,"id":"yb8un0ksx5g28sy","previousEventId":"mqtvu6yqptbhce9","operationId":"uly8u63wm5j67l7"}
{"type":"log","timestamp":1704746164880,"level":"info","message":"Starting rendering request 1","meta":{"rootId":"50ak33457ccitm5","id":"50ak33457ccitm5"},"id":"miwydyn96x2hldm","previousOperationId":"uly8u63wm5j67l7"}
{"type":"log","timestamp":1704746164881,"level":"info","message":"Rendering template { name: orders-main, recipe: chrome-pdf, engine: handlebars, preview: true }","meta":{"rootId":"50ak33457ccitm5","id":"50ak33457ccitm5"},"id":"76o5silnzgiyv1x","previousOperationId":"uly8u63wm5j67l7"}
{"type":"log","timestamp":1704746164883,"level":"debug","message":"Data item not defined for this template.","meta":{"rootId":"50ak33457ccitm5","id":"50ak33457ccitm5"},"id":"yekk85pcg6dxkln","previousOperationId":"uly8u63wm5j67l7"}
{"type":"log","timestamp":1704746164887,"level":"debug","message":"Executing script orders-script (beforeRender)","meta":{"rootId":"50ak33457ccitm5","id":"50ak33457ccitm5"},"id":"q4g1x84575h3x1o","previousOperationId":"uly8u63wm5j67l7"}
{"type":"operationStart","subtype":"scriptsBeforeRender","name":"scripts beforeRender","timestamp":1704746165043,"id":"2y4sq5699m64a75","previousEventId":"yb8un0ksx5g28sy","operationId":"x6ghgbbq8n4gsni","previousOperationId":"uly8u63wm5j67l7"}
{"type":"operationStart","subtype":"script","name":"scripts orders-script","previousOperationId":"x6ghgbbq8n4gsni","timestamp":1704746165043,"id":"cokqgko3p5ejqkq","previousEventId":"2y4sq5699m64a75","operationId":"wf0orvasrg08dqd"}
{"type":"operationEnd","operationId":"wf0orvasrg08dqd","timestamp":1704746166360,"id":"8lv162vtdcl0sum","previousEventId":"yb8un0ksx5g28sy","previousOperationId":"uly8u63wm5j67l7"}
{"type":"operationEnd","operationId":"x6ghgbbq8n4gsni","timestamp":1704746166360,"id":"75xd5wz4prkjren","previousEventId":"8lv162vtdcl0sum","previousOperationId":"uly8u63wm5j67l7"}
{"type":"log","timestamp":1704746166360,"level":"debug","message":"Base url not specified, skipping its injection.","meta":{"rootId":"50ak33457ccitm5","id":"50ak33457ccitm5"},"id":"k9gqakytpoi5rsm","previousOperationId":"x6ghgbbq8n4gsni"}
{"type":"operationStart","subtype":"engine","name":"handlebars","timestamp":1704746166361,"id":"8i6v4c5ngisl9am","previousEventId":"75xd5wz4prkjren","operationId":"rc4e4xvz0rz2s05","previousOperationId":"x6ghgbbq8n4gsni"}
{"type":"log","timestamp":1704746166361,"level":"debug","message":"Rendering engine handlebars","meta":{"rootId":"50ak33457ccitm5","id":"50ak33457ccitm5"},"id":"snjsa0usinu3lqe","previousOperationId":"rc4e4xvz0rz2s05"}
{"type":"log","timestamp":1704746166553,"level":"debug","message":"(console:log) Pdf utils adding group field, value: \"France\"","meta":{"userLevel":true,"rootId":"50ak33457ccitm5","id":"50ak33457ccitm5"},"id":"xs8ds5geoyeonlq","previousOperationId":"rc4e4xvz0rz2s05"}
{"type":"log","timestamp":1704746166554,"level":"debug","message":"(console:log) Pdf utils adding group field, value: \"Germany\"","meta":{"userLevel":true,"rootId":"50ak33457ccitm5","id":"50ak33457ccitm5"},"id":"effsb9274baxnfa","previousOperationId":"rc4e4xvz0rz2s05"}
{"type":"operationEnd","operationId":"rc4e4xvz0rz2s05","timestamp":1704746166554,"id":"x94spmentq8zw1c","previousEventId":"8i6v4c5ngisl9am","previousOperationId":"rc4e4xvz0rz2s05"}
{"type":"operationStart","subtype":"recipe","name":"chrome-pdf","timestamp":1704746166555,"id":"xp4ik7410w19q5b","previousEventId":"x94spmentq8zw1c","operationId":"n5slg7toydmm20j","previousOperationId":"rc4e4xvz0rz2s05"}
{"type":"log","timestamp":1704746166555,"level":"debug","message":"Executing recipe chrome-pdf","meta":{"rootId":"50ak33457ccitm5","id":"50ak33457ccitm5"},"id":"c926tt0plltt4nz","previousOperationId":"n5slg7toydmm20j"}
{"type":"log","timestamp":1704746166855,"level":"debug","message":"Converting with chrome HeadlessChrome/117.0.5938.149 using chrome-pool strategy","meta":{"rootId":"50ak33457ccitm5","id":"50ak33457ccitm5"},"id":"mvyz579b5vmisjc","previousOperationId":"n5slg7toydmm20j"}
{"type":"log","timestamp":1704746166994,"level":"debug","message":"Page request: GET (document) file:///tmp/jsreport/autocleanup/ef1dd322-fd07-4883-8530-401b05eda372-chrome-pdf.html","meta":{"rootId":"50ak33457ccitm5","id":"50ak33457ccitm5"},"id":"vtn9rk6qeonn93i","previousOperationId":"n5slg7toydmm20j"}
{"type":"log","timestamp":1704746167002,"level":"debug","message":"Page request: GET (stylesheet) https://cdnjs.cloudflare.com/ajax/libs/metro/4.1.5/css/metro.min.css","meta":{"rootId":"50ak33457ccitm5","id":"50ak33457ccitm5"},"id":"fiz6weygzibf6zs","previousOperationId":"n5slg7toydmm20j"}
{"type":"log","timestamp":1704746167003,"level":"debug","message":"Page request: GET (script) https://cdnjs.cloudflare.com/ajax/libs/Chart.js/2.7.2/Chart.min.js","meta":{"rootId":"50ak33457ccitm5","id":"50ak33457ccitm5"},"id":"ij7an7sef6i7n5u","previousOperationId":"n5slg7toydmm20j"}
{"type":"log","timestamp":1704746167003,"level":"debug","message":"Page request finished: GET (document) 200 file:///tmp/jsreport/autocleanup/ef1dd322-fd07-4883-8530-401b05eda372-chrome-pdf.html","meta":{"rootId":"50ak33457ccitm5","id":"50ak33457ccitm5"},"id":"mup2lwx8yi1kbpx","previousOperationId":"n5slg7toydmm20j"}
{"type":"log","timestamp":1704746167252,"level":"debug","message":"Page request finished: GET (stylesheet) 200 https://cdnjs.cloudflare.com/ajax/libs/metro/4.1.5/css/metro.min.css","meta":{"rootId":"50ak33457ccitm5","id":"50ak33457ccitm5"},"id":"n5zfocr13dr0444","previousOperationId":"n5slg7toydmm20j"}
{"type":"log","timestamp":1704746167279,"level":"debug","message":"Page request finished: GET (script) 200 https://cdnjs.cloudflare.com/ajax/libs/Chart.js/2.7.2/Chart.min.js","meta":{"rootId":"50ak33457ccitm5","id":"50ak33457ccitm5"},"id":"q3wsogng8c02n4g","previousOperationId":"n5slg7toydmm20j"}
{"type":"log","timestamp":1704746167346,"level":"debug","message":"Running chrome with params {\"printBackground\":true,\"marginTop\":\"4cm\",\"marginRight\":\"1.5cm\",\"marginBottom\":\"1.5cm\",\"marginLeft\":\"1.5cm\",\"waitForJS\":false,\"timeout\":58147,\"margin\":{\"top\":\"4cm\",\"right\":\"1.5cm\",\"bottom\":\"1.5cm\",\"left\":\"1.5cm\"}}","meta":{"rootId":"50ak33457ccitm5","id":"50ak33457ccitm5"},"id":"hjecol985mjy8cq","previousOperationId":"n5slg7toydmm20j"}
{"type":"operationEnd","operationId":"n5slg7toydmm20j","timestamp":1704746167433,"id":"nxbvx4wep1xl2r1","previousEventId":"xp4ik7410w19q5b","previousOperationId":"n5slg7toydmm20j"}
{"type":"log","timestamp":1704746167434,"level":"info","message":"pdf-utils is starting pdf processing","meta":{"rootId":"50ak33457ccitm5","id":"50ak33457ccitm5"},"id":"nc5ec8i6br2tv8v","previousOperationId":"n5slg7toydmm20j"}
{"type":"operationStart","subtype":"pdfUtils","name":"pdf utils","timestamp":1704746167577,"id":"ydf9e8z6hoil32o","previousEventId":"nxbvx4wep1xl2r1","operationId":"5x6xcn4t3ffybdn","previousOperationId":"n5slg7toydmm20j"}
{"type":"log","timestamp":1704746167577,"level":"debug","message":"pdf-utils detected 1 pdf operation(s) to process","meta":{"rootId":"50ak33457ccitm5","id":"50ak33457ccitm5"},"id":"gbcx3km4ox9qqji","previousOperationId":"5x6xcn4t3ffybdn"}
{"type":"log","timestamp":1704746167753,"level":"debug","message":"pdf-utils running pdf operation merge","meta":{"rootId":"50ak33457ccitm5","id":"50ak33457ccitm5"},"id":"2vs6gm6e4hzwcps","previousOperationId":"5x6xcn4t3ffybdn"}
{"type":"operationStart","subtype":"pdfUtilsMerge","name":"pdf utils merge","previousOperationId":"5x6xcn4t3ffybdn","timestamp":1704746167753,"id":"u3gdcloe4suxtj2","previousEventId":"ydf9e8z6hoil32o","operationId":"g991bjqemyw1kp2"}
{"type":"operationStart","subtype":"render","name":"orders-header","previousOperationId":"g991bjqemyw1kp2","timestamp":1704746167754,"id":"e56vmadgrfd6bwp","previousEventId":"u3gdcloe4suxtj2","operationId":"8vg8wmr01s8wd9x"}
{"type":"log","timestamp":1704746167754,"level":"info","message":"Starting rendering (child) request","meta":{"rootId":"50ak33457ccitm5","id":"cs3eaaiab3last0"},"id":"r7ydfx23914icx7","previousOperationId":"8vg8wmr01s8wd9x"}
{"type":"log","timestamp":1704746167754,"level":"info","message":"Rendering template { name: orders-header, recipe: chrome-pdf, engine: handlebars, preview: true }","meta":{"rootId":"50ak33457ccitm5","id":"cs3eaaiab3last0"},"id":"liir63ehejmxphh","previousOperationId":"8vg8wmr01s8wd9x"}
{"type":"log","timestamp":1704746167760,"level":"debug","message":"Inline data specified.","meta":{"rootId":"50ak33457ccitm5","id":"cs3eaaiab3last0"},"id":"4uqv0vhz99x586m","previousOperationId":"8vg8wmr01s8wd9x"}
{"type":"log","timestamp":1704746167762,"level":"debug","message":"Base url not specified, skipping its injection.","meta":{"rootId":"50ak33457ccitm5","id":"cs3eaaiab3last0"},"id":"qacm0rnk8gi14xl","previousOperationId":"8vg8wmr01s8wd9x"}
{"type":"operationStart","subtype":"engine","name":"handlebars","timestamp":1704746167762,"id":"k2qgstdfi40ju4v","previousEventId":"e56vmadgrfd6bwp","operationId":"ewpege95x58q5v7","previousOperationId":"8vg8wmr01s8wd9x"}
{"type":"log","timestamp":1704746167762,"level":"debug","message":"Rendering engine handlebars","meta":{"rootId":"50ak33457ccitm5","id":"cs3eaaiab3last0"},"id":"9j5y2lv3dl3p76u","previousOperationId":"ewpege95x58q5v7"}
{"type":"operationEnd","operationId":"ewpege95x58q5v7","timestamp":1704746167816,"id":"3zclo0o7owdrzr0","previousEventId":"k2qgstdfi40ju4v","previousOperationId":"ewpege95x58q5v7"}
{"type":"operationStart","subtype":"recipe","name":"chrome-pdf","timestamp":1704746167816,"id":"gn3huvsv7ztphz1","previousEventId":"3zclo0o7owdrzr0","operationId":"iqgewybps2xl41p","previousOperationId":"ewpege95x58q5v7"}
{"type":"log","timestamp":1704746167816,"level":"debug","message":"Executing recipe chrome-pdf","meta":{"rootId":"50ak33457ccitm5","id":"cs3eaaiab3last0"},"id":"8vwp2w74i1u14zk","previousOperationId":"iqgewybps2xl41p"}
{"type":"log","timestamp":1704746167817,"level":"debug","message":"Converting with chrome HeadlessChrome/117.0.5938.149 using chrome-pool strategy","meta":{"rootId":"50ak33457ccitm5","id":"cs3eaaiab3last0"},"id":"0ciytpmf77b7vce","previousOperationId":"iqgewybps2xl41p"}
{"type":"log","timestamp":1704746167850,"level":"debug","message":"Page request: GET (document) file:///tmp/jsreport/autocleanup/50b4c410-0adf-44e5-9677-506ac3f53336-chrome-pdf.html","meta":{"rootId":"50ak33457ccitm5","id":"cs3eaaiab3last0"},"id":"hcvzyew3sq0ss6q","previousOperationId":"iqgewybps2xl41p"}
{"type":"log","timestamp":1704746167860,"level":"debug","message":"Page request: GET (stylesheet) https://cdnjs.cloudflare.com/ajax/libs/metro/4.1.5/css/metro.min.css","meta":{"rootId":"50ak33457ccitm5","id":"cs3eaaiab3last0"},"id":"n8x6mccgg38l3ud","previousOperationId":"iqgewybps2xl41p"}
{"type":"log","timestamp":1704746167860,"level":"debug","message":"Page request finished: GET (document) 200 file:///tmp/jsreport/autocleanup/50b4c410-0adf-44e5-9677-506ac3f53336-chrome-pdf.html","meta":{"rootId":"50ak33457ccitm5","id":"cs3eaaiab3last0"},"id":"uoowvq4uudwfgvn","previousOperationId":"iqgewybps2xl41p"}
{"type":"log","timestamp":1704746167877,"level":"debug","message":"Page request finished: GET (stylesheet) 200 https://cdnjs.cloudflare.com/ajax/libs/metro/4.1.5/css/metro.min.css","meta":{"rootId":"50ak33457ccitm5","id":"cs3eaaiab3last0"},"id":"zc5d807yettt4w9","previousOperationId":"iqgewybps2xl41p"}
{"type":"log","timestamp":1704746167887,"level":"debug","message":"Running chrome with params {\"printBackground\":true,\"marginTop\":\"1.5cm\",\"marginRight\":\"1.5cm\",\"marginLeft\":\"1.cm\",\"timeout\":57038,\"margin\":{\"top\":\"1.5cm\",\"right\":\"1.5cm\",\"left\":\"1.cm\"}}","meta":{"rootId":"50ak33457ccitm5","id":"cs3eaaiab3last0"},"id":"r2cwxyuxk0wpykz","previousOperationId":"iqgewybps2xl41p"}
{"type":"operationEnd","operationId":"iqgewybps2xl41p","timestamp":1704746167910,"id":"6vfw57ga8pqvvs1","previousEventId":"gn3huvsv7ztphz1","previousOperationId":"iqgewybps2xl41p"}
{"type":"log","timestamp":1704746167910,"level":"debug","message":"Skipping storing report.","meta":{"rootId":"50ak33457ccitm5","id":"cs3eaaiab3last0"},"id":"vwpvqthdhee3k40","previousOperationId":"iqgewybps2xl41p"}
{"type":"log","timestamp":1704746167911,"level":"info","message":"Rendering (child) request finished in 3056 ms","meta":{"rootId":"50ak33457ccitm5","id":"cs3eaaiab3last0"},"id":"86xd7g5wi1ljp10","previousOperationId":"iqgewybps2xl41p"}
{"type":"operationEnd","subtype":"render","operationId":"8vg8wmr01s8wd9x","timestamp":1704746167911,"id":"6ksr6vxv8vzkr8p","previousEventId":"6vfw57ga8pqvvs1","previousOperationId":"iqgewybps2xl41p"}
{"type":"operationEnd","operationId":"g991bjqemyw1kp2","timestamp":1704746167938,"id":"636f6tlpn28c58r","previousEventId":"u3gdcloe4suxtj2","previousOperationId":"g991bjqemyw1kp2"}
{"type":"log","timestamp":1704746167938,"level":"debug","message":"pdf-utils postproces start","meta":{"rootId":"50ak33457ccitm5","id":"50ak33457ccitm5"},"id":"512e7cr1jdp9gyh","previousOperationId":"g991bjqemyw1kp2"}
{"type":"log","timestamp":1704746167960,"level":"debug","message":"pdf-utils postproces end","meta":{"rootId":"50ak33457ccitm5","id":"50ak33457ccitm5"},"id":"seexc98vl87ir5w","previousOperationId":"g991bjqemyw1kp2"}
{"type":"operationEnd","operationId":"5x6xcn4t3ffybdn","timestamp":1704746167961,"id":"bg2p14uzkihtto4","previousEventId":"636f6tlpn28c58r","previousOperationId":"g991bjqemyw1kp2"}
{"type":"log","timestamp":1704746167961,"level":"info","message":"pdf-utils pdf processing was finished","meta":{"rootId":"50ak33457ccitm5","id":"50ak33457ccitm5"},"id":"s8024euq36gvecf","previousOperationId":"5x6xcn4t3ffybdn"}
{"type":"log","timestamp":1704746167961,"level":"debug","message":"Skipping storing report.","meta":{"rootId":"50ak33457ccitm5","id":"50ak33457ccitm5"},"id":"9g77chi73yylx9g","previousOperationId":"5x6xcn4t3ffybdn"}
{"type":"log","timestamp":1704746167961,"level":"info","message":"Rendering request 1 finished in 3106 ms","meta":{"rootId":"50ak33457ccitm5","id":"50ak33457ccitm5"},"id":"j12de53rgon60wx","previousOperationId":"5x6xcn4t3ffybdn"}
{"type":"operationEnd","subtype":"render","operationId":"uly8u63wm5j67l7","timestamp":1704746167961,"id":"d4a7r561ngjyywu","previousEventId":"bg2p14uzkihtto4","previousOperationId":"5x6xcn4t3ffybdn"}
{"type":"operationEnd","doDiffs":false,"previousEventId":"mqtvu6yqptbhce9","previousOperationId":"pbx3wtcnk2a3uov","operationId":"pbx3wtcnk2a3uov","timestamp":1704746167977,"id":"mm835l3r6b9qg13"}
