{"type":"operationStart","subtype":"profile","data":{"_id":"mcQEx5NzlUVD81SJ","timestamp":"2024-01-10T20:31:14.361Z","state":"queued","mode":"standard","creationDate":"2024-01-10T20:31:14.362Z","modificationDate":"2024-01-10T20:31:14.362Z","shortid":"Bo4V5YS","$entitySet":"profiles"},"doDiffs":false,"timestamp":1704918674362,"id":"4htlfkwxqqlmyr1","previousOperationId":null,"operationId":"d9tyic4inrz259w"}
{"type":"log","level":"info","message":"Render request 19 queued for execution and waiting for available worker","previousOperationId":"d9tyic4inrz259w","timestamp":1704918674362,"id":"npxs65s3oplbf25"}
{"type":"operationStart","subtype":"render","name":"orders-main","previousOperationId":"d9tyic4inrz259w","timestamp":1704918674366,"id":"v6benwvj9i5lv0q","previousEventId":"4htlfkwxqqlmyr1","operationId":"0x3cyguvsk0027n"}
{"type":"log","timestamp":1704918674367,"level":"info","message":"Starting rendering request 19","meta":{"rootId":"5yyo5a1xyx7uli4","id":"5yyo5a1xyx7uli4"},"id":"m50gl6pma5b84cw","previousOperationId":"0x3cyguvsk0027n"}
{"type":"log","timestamp":1704918674367,"level":"info","message":"Rendering template { name: orders-main, recipe: chrome-pdf, engine: handlebars, preview: true }","meta":{"rootId":"5yyo5a1xyx7uli4","id":"5yyo5a1xyx7uli4"},"id":"5zisq77k8mklzqt","previousOperationId":"0x3cyguvsk0027n"}
{"type":"log","timestamp":1704918674367,"level":"debug","message":"Data item not defined for this template.","meta":{"rootId":"5yyo5a1xyx7uli4","id":"5yyo5a1xyx7uli4"},"id":"y7qv3s34rdwpqj6","previousOperationId":"0x3cyguvsk0027n"}
{"type":"log","timestamp":1704918674369,"level":"debug","message":"Executing script usabi-data (beforeRender)","meta":{"rootId":"5yyo5a1xyx7uli4","id":"5yyo5a1xyx7uli4"},"id":"kkiwg8rmyrt41i5","previousOperationId":"0x3cyguvsk0027n"}
{"type":"operationStart","subtype":"scriptsBeforeRender","name":"scripts beforeRender","timestamp":1704918674373,"id":"8grrvljkycjpfns","previousEventId":"v6benwvj9i5lv0q","operationId":"mu83etos9zjlqkb","previousOperationId":"0x3cyguvsk0027n"}
{"type":"operationStart","subtype":"script","name":"scripts usabi-data","previousOperationId":"mu83etos9zjlqkb","timestamp":1704918674373,"id":"4yw6xwfm997fx30","previousEventId":"8grrvljkycjpfns","operationId":"2ntmlr8b0fdfajm"}
{"type":"operationEnd","operationId":"2ntmlr8b0fdfajm","timestamp":1704918674383,"id":"xeoijk624q1y0sr","previousEventId":"v6benwvj9i5lv0q","previousOperationId":"0x3cyguvsk0027n"}
{"type":"log","timestamp":1704918674383,"level":"debug","message":"Executing script orders-script (beforeRender)","meta":{"rootId":"5yyo5a1xyx7uli4","id":"5yyo5a1xyx7uli4"},"id":"ig04kjde4ldk5w0","previousOperationId":"0x3cyguvsk0027n"}
{"type":"operationStart","subtype":"script","name":"scripts orders-script","previousOperationId":"mu83etos9zjlqkb","timestamp":1704918674396,"id":"nm3lbdjqwg2hzhp","previousEventId":"xeoijk624q1y0sr","operationId":"jlp0emb3kox4bv7"}
{"type":"operationEnd","operationId":"jlp0emb3kox4bv7","timestamp":1704918676203,"id":"0fw7n8hj0a9dd64","previousEventId":"xeoijk624q1y0sr","previousOperationId":"0x3cyguvsk0027n"}
{"type":"operationEnd","operationId":"mu83etos9zjlqkb","timestamp":1704918676203,"id":"nfriwtb8h5bpeps","previousEventId":"0fw7n8hj0a9dd64","previousOperationId":"0x3cyguvsk0027n"}
{"type":"log","timestamp":1704918676204,"level":"debug","message":"Base url not specified, skipping its injection.","meta":{"rootId":"5yyo5a1xyx7uli4","id":"5yyo5a1xyx7uli4"},"id":"poe6sqfazvmcvao","previousOperationId":"mu83etos9zjlqkb"}
{"type":"operationStart","subtype":"engine","name":"handlebars","timestamp":1704918676204,"id":"d8550yk8zfa90qw","previousEventId":"nfriwtb8h5bpeps","operationId":"9f6viyl4trfw5c9","previousOperationId":"mu83etos9zjlqkb"}
{"type":"log","timestamp":1704918676204,"level":"debug","message":"Rendering engine handlebars","meta":{"rootId":"5yyo5a1xyx7uli4","id":"5yyo5a1xyx7uli4"},"id":"i7ko1qxibhorxu4","previousOperationId":"9f6viyl4trfw5c9"}
{"type":"log","timestamp":1704918676236,"level":"debug","message":"(console:log) Pdf utils adding group field, value: \"France\"","meta":{"userLevel":true,"rootId":"5yyo5a1xyx7uli4","id":"5yyo5a1xyx7uli4"},"id":"o9lwd8v4pmoqqjs","previousOperationId":"9f6viyl4trfw5c9"}
{"type":"log","timestamp":1704918676237,"level":"debug","message":"(console:log) Pdf utils adding group field, value: \"Germany\"","meta":{"userLevel":true,"rootId":"5yyo5a1xyx7uli4","id":"5yyo5a1xyx7uli4"},"id":"qdlb5gakvkosat3","previousOperationId":"9f6viyl4trfw5c9"}
{"type":"operationEnd","operationId":"9f6viyl4trfw5c9","timestamp":1704918676238,"id":"i7k4cx31sit4omx","previousEventId":"d8550yk8zfa90qw","previousOperationId":"9f6viyl4trfw5c9"}
{"type":"operationStart","subtype":"recipe","name":"chrome-pdf","timestamp":1704918676238,"id":"7xlxuz8xeqkpy7l","previousEventId":"i7k4cx31sit4omx","operationId":"5wdstfegrkov9gu","previousOperationId":"9f6viyl4trfw5c9"}
{"type":"log","timestamp":1704918676238,"level":"debug","message":"Executing recipe chrome-pdf","meta":{"rootId":"5yyo5a1xyx7uli4","id":"5yyo5a1xyx7uli4"},"id":"ova5izigoe5is69","previousOperationId":"5wdstfegrkov9gu"}
{"type":"log","timestamp":1704918676241,"level":"debug","message":"Converting with chrome HeadlessChrome/117.0.5938.149 using chrome-pool strategy","meta":{"rootId":"5yyo5a1xyx7uli4","id":"5yyo5a1xyx7uli4"},"id":"dyn6t5kdg8khrsu","previousOperationId":"5wdstfegrkov9gu"}
{"type":"log","timestamp":1704918676267,"level":"debug","message":"Page request: GET (document) file:///tmp/jsreport/autocleanup/a44d88f1-a1d6-455d-856d-5ba3d96ee596-chrome-pdf.html","meta":{"rootId":"5yyo5a1xyx7uli4","id":"5yyo5a1xyx7uli4"},"id":"x6dqr2rcqvokt26","previousOperationId":"5wdstfegrkov9gu"}
{"type":"log","timestamp":1704918676275,"level":"debug","message":"Page request finished: GET (document) 200 file:///tmp/jsreport/autocleanup/a44d88f1-a1d6-455d-856d-5ba3d96ee596-chrome-pdf.html","meta":{"rootId":"5yyo5a1xyx7uli4","id":"5yyo5a1xyx7uli4"},"id":"c3k84f3hgitf1yp","previousOperationId":"5wdstfegrkov9gu"}
{"type":"log","timestamp":1704918676275,"level":"debug","message":"Page request: GET (stylesheet) https://cdnjs.cloudflare.com/ajax/libs/metro/4.1.5/css/metro.min.css","meta":{"rootId":"5yyo5a1xyx7uli4","id":"5yyo5a1xyx7uli4"},"id":"1zxys112y7z0aqx","previousOperationId":"5wdstfegrkov9gu"}
{"type":"log","timestamp":1704918676275,"level":"debug","message":"Page request: GET (script) https://cdnjs.cloudflare.com/ajax/libs/Chart.js/2.7.2/Chart.min.js","meta":{"rootId":"5yyo5a1xyx7uli4","id":"5yyo5a1xyx7uli4"},"id":"zsynnw74h1zs4rp","previousOperationId":"5wdstfegrkov9gu"}
{"type":"log","timestamp":1704918676477,"level":"debug","message":"Page request finished: GET (script) 200 https://cdnjs.cloudflare.com/ajax/libs/Chart.js/2.7.2/Chart.min.js","meta":{"rootId":"5yyo5a1xyx7uli4","id":"5yyo5a1xyx7uli4"},"id":"k7xowluye0kvjgl","previousOperationId":"5wdstfegrkov9gu"}
{"type":"log","timestamp":1704918676514,"level":"debug","message":"Page request finished: GET (stylesheet) 200 https://cdnjs.cloudflare.com/ajax/libs/metro/4.1.5/css/metro.min.css","meta":{"rootId":"5yyo5a1xyx7uli4","id":"5yyo5a1xyx7uli4"},"id":"ryb2lwi3dn5zav0","previousOperationId":"5wdstfegrkov9gu"}
{"type":"log","timestamp":1704918676568,"level":"debug","message":"Running chrome with params {\"printBackground\":true,\"marginTop\":\"4cm\",\"marginRight\":\"1.5cm\",\"marginBottom\":\"1.5cm\",\"marginLeft\":\"1.5cm\",\"waitForJS\":false,\"timeout\":58121,\"margin\":{\"top\":\"4cm\",\"right\":\"1.5cm\",\"bottom\":\"1.5cm\",\"left\":\"1.5cm\"}}","meta":{"rootId":"5yyo5a1xyx7uli4","id":"5yyo5a1xyx7uli4"},"id":"qo4y77lppm3o73p","previousOperationId":"5wdstfegrkov9gu"}
{"type":"operationEnd","operationId":"5wdstfegrkov9gu","timestamp":1704918676630,"id":"yf82rro1jcd1k65","previousEventId":"7xlxuz8xeqkpy7l","previousOperationId":"5wdstfegrkov9gu"}
{"type":"log","timestamp":1704918676630,"level":"info","message":"pdf-utils is starting pdf processing","meta":{"rootId":"5yyo5a1xyx7uli4","id":"5yyo5a1xyx7uli4"},"id":"76xilu40m6u98ny","previousOperationId":"5wdstfegrkov9gu"}
{"type":"operationStart","subtype":"pdfUtils","name":"pdf utils","timestamp":1704918676787,"id":"jw34g2w5dphlsam","previousEventId":"yf82rro1jcd1k65","operationId":"8jeijfyf8iwb1iv","previousOperationId":"5wdstfegrkov9gu"}
{"type":"log","timestamp":1704918676787,"level":"debug","message":"pdf-utils detected 1 pdf operation(s) to process","meta":{"rootId":"5yyo5a1xyx7uli4","id":"5yyo5a1xyx7uli4"},"id":"w2v4x4ekn0c7if3","previousOperationId":"8jeijfyf8iwb1iv"}
{"type":"log","timestamp":1704918676964,"level":"debug","message":"pdf-utils running pdf operation merge","meta":{"rootId":"5yyo5a1xyx7uli4","id":"5yyo5a1xyx7uli4"},"id":"2520t2zh3c24zim","previousOperationId":"8jeijfyf8iwb1iv"}
{"type":"operationStart","subtype":"pdfUtilsMerge","name":"pdf utils merge","previousOperationId":"8jeijfyf8iwb1iv","timestamp":1704918676964,"id":"ws0dmd3x56jw9qk","previousEventId":"jw34g2w5dphlsam","operationId":"yepfk5iybqi2z7z"}
{"type":"operationStart","subtype":"render","name":"orders-header","previousOperationId":"yepfk5iybqi2z7z","timestamp":1704918676966,"id":"9wt4d8w7n7w3554","previousEventId":"ws0dmd3x56jw9qk","operationId":"fkxv360m4fm80di"}
{"type":"log","timestamp":1704918676966,"level":"info","message":"Starting rendering (child) request","meta":{"rootId":"5yyo5a1xyx7uli4","id":"s8edfrv28p1p37i"},"id":"kirrp85p447pws4","previousOperationId":"fkxv360m4fm80di"}
{"type":"log","timestamp":1704918676966,"level":"info","message":"Rendering template { name: orders-header, recipe: chrome-pdf, engine: handlebars, preview: true }","meta":{"rootId":"5yyo5a1xyx7uli4","id":"s8edfrv28p1p37i"},"id":"wn8rgxetdqx9nuv","previousOperationId":"fkxv360m4fm80di"}
{"type":"log","timestamp":1704918676968,"level":"debug","message":"Inline data specified.","meta":{"rootId":"5yyo5a1xyx7uli4","id":"s8edfrv28p1p37i"},"id":"drgepb4s39ihvxh","previousOperationId":"fkxv360m4fm80di"}
{"type":"log","timestamp":1704918676970,"level":"debug","message":"Executing script usabi-data (beforeRender)","meta":{"rootId":"5yyo5a1xyx7uli4","id":"s8edfrv28p1p37i"},"id":"08e7o6ygtfv92xd","previousOperationId":"fkxv360m4fm80di"}
{"type":"operationStart","subtype":"scriptsBeforeRender","name":"scripts beforeRender","timestamp":1704918676980,"id":"sk3eklhsd7egcfq","previousEventId":"9wt4d8w7n7w3554","operationId":"2ytkjc63aujddz8","previousOperationId":"fkxv360m4fm80di"}
{"type":"operationStart","subtype":"script","name":"scripts usabi-data","previousOperationId":"2ytkjc63aujddz8","timestamp":1704918676980,"id":"hwfrzch2zda4scb","previousEventId":"sk3eklhsd7egcfq","operationId":"6zyo8t8pcvwuau7"}
{"type":"operationEnd","operationId":"6zyo8t8pcvwuau7","timestamp":1704918677000,"id":"cbwfgqdrfvmfixq","previousEventId":"9wt4d8w7n7w3554","previousOperationId":"fkxv360m4fm80di"}
{"type":"operationEnd","operationId":"2ytkjc63aujddz8","timestamp":1704918677000,"id":"hsg3uksnbiibzaq","previousEventId":"cbwfgqdrfvmfixq","previousOperationId":"fkxv360m4fm80di"}
{"type":"log","timestamp":1704918677000,"level":"debug","message":"Base url not specified, skipping its injection.","meta":{"rootId":"5yyo5a1xyx7uli4","id":"s8edfrv28p1p37i"},"id":"9waqbusx8jg15bx","previousOperationId":"2ytkjc63aujddz8"}
{"type":"operationStart","subtype":"engine","name":"handlebars","timestamp":1704918677000,"id":"ig3x5z2687dy3rz","previousEventId":"hsg3uksnbiibzaq","operationId":"za6dfuznre4wypz","previousOperationId":"2ytkjc63aujddz8"}
{"type":"log","timestamp":1704918677000,"level":"debug","message":"Rendering engine handlebars","meta":{"rootId":"5yyo5a1xyx7uli4","id":"s8edfrv28p1p37i"},"id":"rf1z7em6vx8c53b","previousOperationId":"za6dfuznre4wypz"}
{"type":"operationEnd","operationId":"za6dfuznre4wypz","timestamp":1704918677019,"id":"i8zpd1bw5f479la","previousEventId":"ig3x5z2687dy3rz","previousOperationId":"za6dfuznre4wypz"}
{"type":"operationStart","subtype":"recipe","name":"chrome-pdf","timestamp":1704918677020,"id":"n0uhoa3wivtt9dt","previousEventId":"i8zpd1bw5f479la","operationId":"it4zoaackfnf87w","previousOperationId":"za6dfuznre4wypz"}
{"type":"log","timestamp":1704918677020,"level":"debug","message":"Executing recipe chrome-pdf","meta":{"rootId":"5yyo5a1xyx7uli4","id":"s8edfrv28p1p37i"},"id":"e5zjkua0fr09l9r","previousOperationId":"it4zoaackfnf87w"}
{"type":"log","timestamp":1704918677021,"level":"debug","message":"Converting with chrome HeadlessChrome/117.0.5938.149 using chrome-pool strategy","meta":{"rootId":"5yyo5a1xyx7uli4","id":"s8edfrv28p1p37i"},"id":"9v2d42q0i5bmu92","previousOperationId":"it4zoaackfnf87w"}
{"type":"log","timestamp":1704918677050,"level":"debug","message":"Page request: GET (document) file:///tmp/jsreport/autocleanup/56dccf4b-6f63-42c6-b935-0da593cf6eb5-chrome-pdf.html","meta":{"rootId":"5yyo5a1xyx7uli4","id":"s8edfrv28p1p37i"},"id":"w2x2jqos1ahw7yl","previousOperationId":"it4zoaackfnf87w"}
{"type":"log","timestamp":1704918677060,"level":"debug","message":"Page request: GET (stylesheet) https://cdnjs.cloudflare.com/ajax/libs/metro/4.1.5/css/metro.min.css","meta":{"rootId":"5yyo5a1xyx7uli4","id":"s8edfrv28p1p37i"},"id":"2tiqwk0ie6hqcd0","previousOperationId":"it4zoaackfnf87w"}
{"type":"log","timestamp":1704918677060,"level":"debug","message":"Page request finished: GET (document) 200 file:///tmp/jsreport/autocleanup/56dccf4b-6f63-42c6-b935-0da593cf6eb5-chrome-pdf.html","meta":{"rootId":"5yyo5a1xyx7uli4","id":"s8edfrv28p1p37i"},"id":"ashid4rx34n0lqq","previousOperationId":"it4zoaackfnf87w"}
{"type":"log","timestamp":1704918677076,"level":"debug","message":"Page request finished: GET (stylesheet) 200 https://cdnjs.cloudflare.com/ajax/libs/metro/4.1.5/css/metro.min.css","meta":{"rootId":"5yyo5a1xyx7uli4","id":"s8edfrv28p1p37i"},"id":"uxab043nvxb5szh","previousOperationId":"it4zoaackfnf87w"}
{"type":"log","timestamp":1704918677080,"level":"debug","message":"Running chrome with params {\"printBackground\":true,\"marginTop\":\"1.5cm\",\"marginRight\":\"1.5cm\",\"marginLeft\":\"1.cm\",\"timeout\":57341,\"margin\":{\"top\":\"1.5cm\",\"right\":\"1.5cm\",\"left\":\"1.cm\"}}","meta":{"rootId":"5yyo5a1xyx7uli4","id":"s8edfrv28p1p37i"},"id":"c222teal6m1vn52","previousOperationId":"it4zoaackfnf87w"}
{"type":"operationEnd","operationId":"it4zoaackfnf87w","timestamp":1704918677095,"id":"gkz0ar343dgvkxs","previousEventId":"n0uhoa3wivtt9dt","previousOperationId":"it4zoaackfnf87w"}
{"type":"log","timestamp":1704918677095,"level":"debug","message":"Skipping storing report.","meta":{"rootId":"5yyo5a1xyx7uli4","id":"s8edfrv28p1p37i"},"id":"gbkiksk6cocvgct","previousOperationId":"it4zoaackfnf87w"}
{"type":"log","timestamp":1704918677095,"level":"info","message":"Rendering (child) request finished in 2734 ms","meta":{"rootId":"5yyo5a1xyx7uli4","id":"s8edfrv28p1p37i"},"id":"cfm6hr33ued71l5","previousOperationId":"it4zoaackfnf87w"}
{"type":"operationEnd","subtype":"render","operationId":"fkxv360m4fm80di","timestamp":1704918677095,"id":"e01un2dyu1bdurl","previousEventId":"gkz0ar343dgvkxs","previousOperationId":"it4zoaackfnf87w"}
{"type":"operationEnd","operationId":"yepfk5iybqi2z7z","timestamp":1704918677111,"id":"8resylf1va8m5mm","previousEventId":"ws0dmd3x56jw9qk","previousOperationId":"yepfk5iybqi2z7z"}
{"type":"log","timestamp":1704918677111,"level":"debug","message":"pdf-utils postproces start","meta":{"rootId":"5yyo5a1xyx7uli4","id":"5yyo5a1xyx7uli4"},"id":"fcbzyyy4jggmz6p","previousOperationId":"yepfk5iybqi2z7z"}
{"type":"log","timestamp":1704918677126,"level":"debug","message":"pdf-utils postproces end","meta":{"rootId":"5yyo5a1xyx7uli4","id":"5yyo5a1xyx7uli4"},"id":"l1jkw19nv1k0dqb","previousOperationId":"yepfk5iybqi2z7z"}
{"type":"operationEnd","operationId":"8jeijfyf8iwb1iv","timestamp":1704918677126,"id":"h131hz6p9vl1vnb","previousEventId":"8resylf1va8m5mm","previousOperationId":"yepfk5iybqi2z7z"}
{"type":"log","timestamp":1704918677126,"level":"info","message":"pdf-utils pdf processing was finished","meta":{"rootId":"5yyo5a1xyx7uli4","id":"5yyo5a1xyx7uli4"},"id":"8xxeca36diat50i","previousOperationId":"8jeijfyf8iwb1iv"}
{"type":"log","timestamp":1704918677126,"level":"debug","message":"Skipping storing report.","meta":{"rootId":"5yyo5a1xyx7uli4","id":"5yyo5a1xyx7uli4"},"id":"wjgfx10lrr34la9","previousOperationId":"8jeijfyf8iwb1iv"}
{"type":"log","timestamp":1704918677127,"level":"info","message":"Rendering request 19 finished in 2766 ms","meta":{"rootId":"5yyo5a1xyx7uli4","id":"5yyo5a1xyx7uli4"},"id":"jp6hulc52aw3qf2","previousOperationId":"8jeijfyf8iwb1iv"}
{"type":"operationEnd","subtype":"render","operationId":"0x3cyguvsk0027n","timestamp":1704918677127,"id":"czsa5z7wl9zviqh","previousEventId":"h131hz6p9vl1vnb","previousOperationId":"8jeijfyf8iwb1iv"}
{"type":"operationEnd","doDiffs":false,"previousEventId":"4htlfkwxqqlmyr1","previousOperationId":"d9tyic4inrz259w","operationId":"d9tyic4inrz259w","timestamp":1704918677131,"id":"dzmb1c4cvy4kvdz"}
