{"type":"operationStart","subtype":"profile","data":{"_id":"94dyrbZblXNVCH7J","timestamp":"2024-01-09T19:12:24.160Z","state":"queued","mode":"standard","creationDate":"2024-01-09T19:12:24.162Z","modificationDate":"2024-01-09T19:12:24.162Z","shortid":"zDEDlcJ","$entitySet":"profiles"},"doDiffs":false,"timestamp":1704827544161,"id":"ftegwfum67zuyds","previousOperationId":null,"operationId":"beg33y49qet115g"}
{"type":"log","level":"info","message":"Render request 1 queued for execution and waiting for available worker","previousOperationId":"beg33y49qet115g","timestamp":1704827544161,"id":"gy0grzlre7tf6x7"}
{"type":"operationStart","subtype":"render","name":"orders-main","previousOperationId":"beg33y49qet115g","timestamp":1704827544185,"id":"3gimx86xzwaxs40","previousEventId":"ftegwfum67zuyds","operationId":"hkeb0yzvgo0r857"}
{"type":"log","timestamp":1704827544186,"level":"info","message":"Starting rendering request 1","meta":{"rootId":"cgyvlhz486slsv7","id":"cgyvlhz486slsv7"},"id":"9du1rl1oys765qw","previousOperationId":"hkeb0yzvgo0r857"}
{"type":"log","timestamp":1704827544187,"level":"info","message":"Rendering template { name: orders-main, recipe: chrome-pdf, engine: handlebars, preview: true }","meta":{"rootId":"cgyvlhz486slsv7","id":"cgyvlhz486slsv7"},"id":"0jkisei5puct7bo","previousOperationId":"hkeb0yzvgo0r857"}
{"type":"log","timestamp":1704827544189,"level":"debug","message":"Data item not defined for this template.","meta":{"rootId":"cgyvlhz486slsv7","id":"cgyvlhz486slsv7"},"id":"m51623vg92g27s2","previousOperationId":"hkeb0yzvgo0r857"}
{"type":"log","timestamp":1704827544193,"level":"debug","message":"Executing script orders-script (beforeRender)","meta":{"rootId":"cgyvlhz486slsv7","id":"cgyvlhz486slsv7"},"id":"6e08dcyp2zjq59g","previousOperationId":"hkeb0yzvgo0r857"}
{"type":"operationStart","subtype":"scriptsBeforeRender","name":"scripts beforeRender","timestamp":1704827544388,"id":"j4dv3vrziq4czvn","previousEventId":"3gimx86xzwaxs40","operationId":"sxp84o016ha33cp","previousOperationId":"hkeb0yzvgo0r857"}
{"type":"operationStart","subtype":"script","name":"scripts orders-script","previousOperationId":"sxp84o016ha33cp","timestamp":1704827544388,"id":"2m80npe03siiaia","previousEventId":"j4dv3vrziq4czvn","operationId":"blmikmrp3nw36f5"}
{"type":"operationEnd","operationId":"blmikmrp3nw36f5","timestamp":1704827545883,"id":"o1s0g7kr37arqlh","previousEventId":"3gimx86xzwaxs40","previousOperationId":"hkeb0yzvgo0r857"}
{"type":"operationEnd","operationId":"sxp84o016ha33cp","timestamp":1704827545883,"id":"l31o2gkuwny9g78","previousEventId":"o1s0g7kr37arqlh","previousOperationId":"hkeb0yzvgo0r857"}
{"type":"log","timestamp":1704827545883,"level":"debug","message":"Base url not specified, skipping its injection.","meta":{"rootId":"cgyvlhz486slsv7","id":"cgyvlhz486slsv7"},"id":"nwo0xqqe0eijx3d","previousOperationId":"sxp84o016ha33cp"}
{"type":"operationStart","subtype":"engine","name":"handlebars","timestamp":1704827545883,"id":"09a735u1fpuz2iv","previousEventId":"l31o2gkuwny9g78","operationId":"l4orffxubedptk3","previousOperationId":"sxp84o016ha33cp"}
{"type":"log","timestamp":1704827545883,"level":"debug","message":"Rendering engine handlebars","meta":{"rootId":"cgyvlhz486slsv7","id":"cgyvlhz486slsv7"},"id":"jaw6c3zgflrl0rx","previousOperationId":"l4orffxubedptk3"}
{"type":"log","timestamp":1704827546125,"level":"debug","message":"(console:log) Pdf utils adding group field, value: \"France\"","meta":{"userLevel":true,"rootId":"cgyvlhz486slsv7","id":"cgyvlhz486slsv7"},"id":"egjjn94r9s12u23","previousOperationId":"l4orffxubedptk3"}
{"type":"log","timestamp":1704827546126,"level":"debug","message":"(console:log) Pdf utils adding group field, value: \"Germany\"","meta":{"userLevel":true,"rootId":"cgyvlhz486slsv7","id":"cgyvlhz486slsv7"},"id":"hna1x02dxhym22n","previousOperationId":"l4orffxubedptk3"}
{"type":"operationEnd","operationId":"l4orffxubedptk3","timestamp":1704827546126,"id":"8huradu16sx8xui","previousEventId":"09a735u1fpuz2iv","previousOperationId":"l4orffxubedptk3"}
{"type":"operationStart","subtype":"recipe","name":"chrome-pdf","timestamp":1704827546127,"id":"osens3bfggvxfi9","previousEventId":"8huradu16sx8xui","operationId":"gvuurqfd00ntqcx","previousOperationId":"l4orffxubedptk3"}
{"type":"log","timestamp":1704827546127,"level":"debug","message":"Executing recipe chrome-pdf","meta":{"rootId":"cgyvlhz486slsv7","id":"cgyvlhz486slsv7"},"id":"ui6la1rk0wo4and","previousOperationId":"gvuurqfd00ntqcx"}
{"type":"log","timestamp":1704827546696,"level":"debug","message":"Converting with chrome HeadlessChrome/117.0.5938.149 using chrome-pool strategy","meta":{"rootId":"cgyvlhz486slsv7","id":"cgyvlhz486slsv7"},"id":"1rpt5l1mgcw7lp4","previousOperationId":"gvuurqfd00ntqcx"}
{"type":"log","timestamp":1704827546796,"level":"debug","message":"Page request: GET (document) file:///tmp/jsreport/autocleanup/fa2a37ec-3010-4c45-b669-2a47c127b227-chrome-pdf.html","meta":{"rootId":"cgyvlhz486slsv7","id":"cgyvlhz486slsv7"},"id":"lvkwmpt87k4myl3","previousOperationId":"gvuurqfd00ntqcx"}
{"type":"log","timestamp":1704827546810,"level":"debug","message":"Page request: GET (stylesheet) https://cdnjs.cloudflare.com/ajax/libs/metro/4.1.5/css/metro.min.css","meta":{"rootId":"cgyvlhz486slsv7","id":"cgyvlhz486slsv7"},"id":"5neirkpljs47zwc","previousOperationId":"gvuurqfd00ntqcx"}
{"type":"log","timestamp":1704827546811,"level":"debug","message":"Page request: GET (script) https://cdnjs.cloudflare.com/ajax/libs/Chart.js/2.7.2/Chart.min.js","meta":{"rootId":"cgyvlhz486slsv7","id":"cgyvlhz486slsv7"},"id":"yc4y4rvg5ezasqq","previousOperationId":"gvuurqfd00ntqcx"}
{"type":"log","timestamp":1704827546812,"level":"debug","message":"Page request finished: GET (document) 200 file:///tmp/jsreport/autocleanup/fa2a37ec-3010-4c45-b669-2a47c127b227-chrome-pdf.html","meta":{"rootId":"cgyvlhz486slsv7","id":"cgyvlhz486slsv7"},"id":"o6vvm0ax24gkzwd","previousOperationId":"gvuurqfd00ntqcx"}
{"type":"log","timestamp":1704827547021,"level":"debug","message":"Page request finished: GET (stylesheet) 200 https://cdnjs.cloudflare.com/ajax/libs/metro/4.1.5/css/metro.min.css","meta":{"rootId":"cgyvlhz486slsv7","id":"cgyvlhz486slsv7"},"id":"l972h8357accck9","previousOperationId":"gvuurqfd00ntqcx"}
{"type":"log","timestamp":1704827547048,"level":"debug","message":"Page request finished: GET (script) 200 https://cdnjs.cloudflare.com/ajax/libs/Chart.js/2.7.2/Chart.min.js","meta":{"rootId":"cgyvlhz486slsv7","id":"cgyvlhz486slsv7"},"id":"j0csrux89il12s5","previousOperationId":"gvuurqfd00ntqcx"}
{"type":"log","timestamp":1704827547127,"level":"debug","message":"Running chrome with params {\"printBackground\":true,\"marginTop\":\"4cm\",\"marginRight\":\"1.5cm\",\"marginBottom\":\"1.5cm\",\"marginLeft\":\"1.5cm\",\"waitForJS\":false,\"timeout\":57896,\"margin\":{\"top\":\"4cm\",\"right\":\"1.5cm\",\"bottom\":\"1.5cm\",\"left\":\"1.5cm\"}}","meta":{"rootId":"cgyvlhz486slsv7","id":"cgyvlhz486slsv7"},"id":"rmpbxctc64d7b5z","previousOperationId":"gvuurqfd00ntqcx"}
{"type":"operationEnd","operationId":"gvuurqfd00ntqcx","timestamp":1704827547224,"id":"0wetw1d3k3d6heq","previousEventId":"osens3bfggvxfi9","previousOperationId":"gvuurqfd00ntqcx"}
{"type":"log","timestamp":1704827547224,"level":"info","message":"pdf-utils is starting pdf processing","meta":{"rootId":"cgyvlhz486slsv7","id":"cgyvlhz486slsv7"},"id":"4fgi7mahj0g9yxn","previousOperationId":"gvuurqfd00ntqcx"}
{"type":"operationStart","subtype":"pdfUtils","name":"pdf utils","timestamp":1704827547394,"id":"t7v39tshiv3rwru","previousEventId":"0wetw1d3k3d6heq","operationId":"znpc9zeqwk5uycy","previousOperationId":"gvuurqfd00ntqcx"}
{"type":"log","timestamp":1704827547394,"level":"debug","message":"pdf-utils detected 1 pdf operation(s) to process","meta":{"rootId":"cgyvlhz486slsv7","id":"cgyvlhz486slsv7"},"id":"6n13aoha9bg43ke","previousOperationId":"znpc9zeqwk5uycy"}
{"type":"log","timestamp":1704827547584,"level":"debug","message":"pdf-utils running pdf operation merge","meta":{"rootId":"cgyvlhz486slsv7","id":"cgyvlhz486slsv7"},"id":"vw8u67hzkpt8alp","previousOperationId":"znpc9zeqwk5uycy"}
{"type":"operationStart","subtype":"pdfUtilsMerge","name":"pdf utils merge","previousOperationId":"znpc9zeqwk5uycy","timestamp":1704827547585,"id":"gdg5qy8wrggyvj7","previousEventId":"t7v39tshiv3rwru","operationId":"l08ydgrec5pbb13"}
{"type":"operationStart","subtype":"render","name":"orders-header","previousOperationId":"l08ydgrec5pbb13","timestamp":1704827547586,"id":"5ei0gasopu06fdt","previousEventId":"gdg5qy8wrggyvj7","operationId":"om39z1f6t360l10"}
{"type":"log","timestamp":1704827547586,"level":"info","message":"Starting rendering (child) request","meta":{"rootId":"cgyvlhz486slsv7","id":"6zcatkk6llt0jcz"},"id":"3legkpqlqwlypyz","previousOperationId":"om39z1f6t360l10"}
{"type":"log","timestamp":1704827547586,"level":"info","message":"Rendering template { name: orders-header, recipe: chrome-pdf, engine: handlebars, preview: true }","meta":{"rootId":"cgyvlhz486slsv7","id":"6zcatkk6llt0jcz"},"id":"gq08eu6uyg93jn0","previousOperationId":"om39z1f6t360l10"}
{"type":"log","timestamp":1704827547590,"level":"debug","message":"Inline data specified.","meta":{"rootId":"cgyvlhz486slsv7","id":"6zcatkk6llt0jcz"},"id":"93ijp3auizj2997","previousOperationId":"om39z1f6t360l10"}
{"type":"log","timestamp":1704827547592,"level":"debug","message":"Base url not specified, skipping its injection.","meta":{"rootId":"cgyvlhz486slsv7","id":"6zcatkk6llt0jcz"},"id":"6l41q77jref780h","previousOperationId":"om39z1f6t360l10"}
{"type":"operationStart","subtype":"engine","name":"handlebars","timestamp":1704827547592,"id":"gd624wze9rrkp2d","previousEventId":"5ei0gasopu06fdt","operationId":"0kyapdr9avefwxt","previousOperationId":"om39z1f6t360l10"}
{"type":"log","timestamp":1704827547592,"level":"debug","message":"Rendering engine handlebars","meta":{"rootId":"cgyvlhz486slsv7","id":"6zcatkk6llt0jcz"},"id":"g22tti7k1xa2d50","previousOperationId":"0kyapdr9avefwxt"}
{"type":"operationEnd","operationId":"0kyapdr9avefwxt","timestamp":1704827547649,"id":"n1x0v38qv9jbo0k","previousEventId":"gd624wze9rrkp2d","previousOperationId":"0kyapdr9avefwxt"}
{"type":"operationStart","subtype":"recipe","name":"chrome-pdf","timestamp":1704827547649,"id":"3ona6fm8c8a4yc1","previousEventId":"n1x0v38qv9jbo0k","operationId":"cbfjlolbhhzmuso","previousOperationId":"0kyapdr9avefwxt"}
{"type":"log","timestamp":1704827547649,"level":"debug","message":"Executing recipe chrome-pdf","meta":{"rootId":"cgyvlhz486slsv7","id":"6zcatkk6llt0jcz"},"id":"vhi4qmjejwve9ps","previousOperationId":"cbfjlolbhhzmuso"}
{"type":"log","timestamp":1704827547650,"level":"debug","message":"Converting with chrome HeadlessChrome/117.0.5938.149 using chrome-pool strategy","meta":{"rootId":"cgyvlhz486slsv7","id":"6zcatkk6llt0jcz"},"id":"ikv2nf0u8p9oh23","previousOperationId":"cbfjlolbhhzmuso"}
{"type":"log","timestamp":1704827547679,"level":"debug","message":"Page request: GET (document) file:///tmp/jsreport/autocleanup/6029c001-ed1f-4631-a352-aaa9ca89b140-chrome-pdf.html","meta":{"rootId":"cgyvlhz486slsv7","id":"6zcatkk6llt0jcz"},"id":"yu2neso4uxljbgb","previousOperationId":"cbfjlolbhhzmuso"}
{"type":"log","timestamp":1704827547689,"level":"debug","message":"Page request: GET (stylesheet) https://cdnjs.cloudflare.com/ajax/libs/metro/4.1.5/css/metro.min.css","meta":{"rootId":"cgyvlhz486slsv7","id":"6zcatkk6llt0jcz"},"id":"nsbpbc3fjok34nf","previousOperationId":"cbfjlolbhhzmuso"}
{"type":"log","timestamp":1704827547689,"level":"debug","message":"Page request finished: GET (document) 200 file:///tmp/jsreport/autocleanup/6029c001-ed1f-4631-a352-aaa9ca89b140-chrome-pdf.html","meta":{"rootId":"cgyvlhz486slsv7","id":"6zcatkk6llt0jcz"},"id":"fsijl707m5hqhqf","previousOperationId":"cbfjlolbhhzmuso"}
{"type":"log","timestamp":1704827547704,"level":"debug","message":"Page request finished: GET (stylesheet) 200 https://cdnjs.cloudflare.com/ajax/libs/metro/4.1.5/css/metro.min.css","meta":{"rootId":"cgyvlhz486slsv7","id":"6zcatkk6llt0jcz"},"id":"loa2nutwvvu37zp","previousOperationId":"cbfjlolbhhzmuso"}
{"type":"log","timestamp":1704827547714,"level":"debug","message":"Running chrome with params {\"printBackground\":true,\"marginTop\":\"1.5cm\",\"marginRight\":\"1.5cm\",\"marginLeft\":\"1.cm\",\"timeout\":56510,\"margin\":{\"top\":\"1.5cm\",\"right\":\"1.5cm\",\"left\":\"1.cm\"}}","meta":{"rootId":"cgyvlhz486slsv7","id":"6zcatkk6llt0jcz"},"id":"m19dv1sn4gorqsq","previousOperationId":"cbfjlolbhhzmuso"}
{"type":"operationEnd","operationId":"cbfjlolbhhzmuso","timestamp":1704827547738,"id":"htbucygshbocpu1","previousEventId":"3ona6fm8c8a4yc1","previousOperationId":"cbfjlolbhhzmuso"}
{"type":"log","timestamp":1704827547738,"level":"debug","message":"Skipping storing report.","meta":{"rootId":"cgyvlhz486slsv7","id":"6zcatkk6llt0jcz"},"id":"rywdr07h19libkq","previousOperationId":"cbfjlolbhhzmuso"}
{"type":"log","timestamp":1704827547738,"level":"info","message":"Rendering (child) request finished in 3578 ms","meta":{"rootId":"cgyvlhz486slsv7","id":"6zcatkk6llt0jcz"},"id":"02bucm78tvppobz","previousOperationId":"cbfjlolbhhzmuso"}
{"type":"operationEnd","subtype":"render","operationId":"om39z1f6t360l10","timestamp":1704827547738,"id":"0845je78xpirqaq","previousEventId":"htbucygshbocpu1","previousOperationId":"cbfjlolbhhzmuso"}
{"type":"operationEnd","operationId":"l08ydgrec5pbb13","timestamp":1704827547762,"id":"kqnqts7r27xk0qm","previousEventId":"gdg5qy8wrggyvj7","previousOperationId":"l08ydgrec5pbb13"}
{"type":"log","timestamp":1704827547762,"level":"debug","message":"pdf-utils postproces start","meta":{"rootId":"cgyvlhz486slsv7","id":"cgyvlhz486slsv7"},"id":"njtux8bo10qky4y","previousOperationId":"l08ydgrec5pbb13"}
{"type":"log","timestamp":1704827547783,"level":"debug","message":"pdf-utils postproces end","meta":{"rootId":"cgyvlhz486slsv7","id":"cgyvlhz486slsv7"},"id":"rex04i16p3ldqjk","previousOperationId":"l08ydgrec5pbb13"}
{"type":"operationEnd","operationId":"znpc9zeqwk5uycy","timestamp":1704827547783,"id":"kattg0ajwyv69zs","previousEventId":"kqnqts7r27xk0qm","previousOperationId":"l08ydgrec5pbb13"}
{"type":"log","timestamp":1704827547783,"level":"info","message":"pdf-utils pdf processing was finished","meta":{"rootId":"cgyvlhz486slsv7","id":"cgyvlhz486slsv7"},"id":"sbwmubtfi7yc8ut","previousOperationId":"znpc9zeqwk5uycy"}
{"type":"log","timestamp":1704827547783,"level":"debug","message":"Skipping storing report.","meta":{"rootId":"cgyvlhz486slsv7","id":"cgyvlhz486slsv7"},"id":"uog17oxcqdou9fl","previousOperationId":"znpc9zeqwk5uycy"}
{"type":"log","timestamp":1704827547783,"level":"info","message":"Rendering request 1 finished in 3623 ms","meta":{"rootId":"cgyvlhz486slsv7","id":"cgyvlhz486slsv7"},"id":"kg8564mpcwjnpaw","previousOperationId":"znpc9zeqwk5uycy"}
{"type":"operationEnd","subtype":"render","operationId":"hkeb0yzvgo0r857","timestamp":1704827547783,"id":"f6udw4emtzk3cbt","previousEventId":"kattg0ajwyv69zs","previousOperationId":"znpc9zeqwk5uycy"}
{"type":"operationEnd","doDiffs":false,"previousEventId":"ftegwfum67zuyds","previousOperationId":"beg33y49qet115g","operationId":"beg33y49qet115g","timestamp":1704827547800,"id":"1qt0lxwx3xclrq5"}
