{"type":"operationStart","subtype":"profile","data":{"_id":"PyFtucCm26z7NJ3Y","timestamp":"2024-01-11T16:02:38.127Z","state":"queued","mode":"standard","creationDate":"2024-01-11T16:02:38.127Z","modificationDate":"2024-01-11T16:02:38.127Z","shortid":"i5JbqNx","$entitySet":"profiles"},"doDiffs":false,"timestamp":1704988958127,"id":"dz9kex0iaf4y9iv","previousOperationId":null,"operationId":"iusbclp9a6y8y96"}
{"type":"log","level":"info","message":"Render request 4 queued for execution and waiting for available worker","previousOperationId":"iusbclp9a6y8y96","timestamp":1704988958127,"id":"sg1az3wi2l3mzix"}
{"type":"operationStart","subtype":"render","name":"orders-main","previousOperationId":"iusbclp9a6y8y96","timestamp":1704988958132,"id":"mbxnefwkf0gkj1d","previousEventId":"dz9kex0iaf4y9iv","operationId":"dph2mwoth1ctp9v"}
{"type":"log","timestamp":1704988958132,"level":"info","message":"Starting rendering request 4","meta":{"rootId":"l6aozb48mcn0ir8","id":"l6aozb48mcn0ir8"},"id":"wkrvg95smmi64mw","previousOperationId":"dph2mwoth1ctp9v"}
{"type":"log","timestamp":1704988958132,"level":"info","message":"Rendering template { name: orders-main, recipe: chrome-pdf, engine: handlebars, preview: true }","meta":{"rootId":"l6aozb48mcn0ir8","id":"l6aozb48mcn0ir8"},"id":"xo6mjv8ny4qivi3","previousOperationId":"dph2mwoth1ctp9v"}
{"type":"log","timestamp":1704988958133,"level":"debug","message":"Data item not defined for this template.","meta":{"rootId":"l6aozb48mcn0ir8","id":"l6aozb48mcn0ir8"},"id":"god3bcw8rj5na2x","previousOperationId":"dph2mwoth1ctp9v"}
{"type":"log","timestamp":1704988958136,"level":"debug","message":"Executing script usabi-data (beforeRender)","meta":{"rootId":"l6aozb48mcn0ir8","id":"l6aozb48mcn0ir8"},"id":"dommz7ksfbici0q","previousOperationId":"dph2mwoth1ctp9v"}
{"type":"operationStart","subtype":"scriptsBeforeRender","name":"scripts beforeRender","timestamp":1704988958140,"id":"3f01gzc3u54f6cx","previousEventId":"mbxnefwkf0gkj1d","operationId":"uznqax14kzbuhy5","previousOperationId":"dph2mwoth1ctp9v"}
{"type":"operationStart","subtype":"script","name":"scripts usabi-data","previousOperationId":"uznqax14kzbuhy5","timestamp":1704988958140,"id":"rq9r2cd92iy2akd","previousEventId":"3f01gzc3u54f6cx","operationId":"4ux0we573h5nc7i"}
{"type":"operationEnd","operationId":"4ux0we573h5nc7i","timestamp":1704988958151,"id":"hh4m6fhpnnxj476","previousEventId":"mbxnefwkf0gkj1d","previousOperationId":"dph2mwoth1ctp9v"}
{"type":"log","timestamp":1704988958151,"level":"debug","message":"Executing script orders-script (beforeRender)","meta":{"rootId":"l6aozb48mcn0ir8","id":"l6aozb48mcn0ir8"},"id":"g69hef3fl7xft5g","previousOperationId":"dph2mwoth1ctp9v"}
{"type":"operationStart","subtype":"script","name":"scripts orders-script","previousOperationId":"uznqax14kzbuhy5","timestamp":1704988958168,"id":"9v1kbru4djrplfr","previousEventId":"hh4m6fhpnnxj476","operationId":"a6dxav7vrh2nqzs"}
{"type":"operationEnd","operationId":"a6dxav7vrh2nqzs","timestamp":1704988964965,"id":"9odaaey1yaojqxc","previousEventId":"hh4m6fhpnnxj476","previousOperationId":"dph2mwoth1ctp9v"}
{"type":"operationEnd","operationId":"uznqax14kzbuhy5","timestamp":1704988964965,"id":"dqhh7v122z7t25a","previousEventId":"9odaaey1yaojqxc","previousOperationId":"dph2mwoth1ctp9v"}
{"type":"log","timestamp":1704988964965,"level":"debug","message":"Base url not specified, skipping its injection.","meta":{"rootId":"l6aozb48mcn0ir8","id":"l6aozb48mcn0ir8"},"id":"9ymla9ai2bgbh68","previousOperationId":"uznqax14kzbuhy5"}
{"type":"operationStart","subtype":"engine","name":"handlebars","timestamp":1704988964965,"id":"y9vi3ycnksmu9y2","previousEventId":"dqhh7v122z7t25a","operationId":"2xq592pjv83v3yo","previousOperationId":"uznqax14kzbuhy5"}
{"type":"log","timestamp":1704988964965,"level":"debug","message":"Rendering engine handlebars","meta":{"rootId":"l6aozb48mcn0ir8","id":"l6aozb48mcn0ir8"},"id":"24hu54uy9cipe4t","previousOperationId":"2xq592pjv83v3yo"}
{"type":"log","timestamp":1704988964984,"level":"debug","message":"(console:log) Pdf utils adding group field, value: \"France\"","meta":{"userLevel":true,"rootId":"l6aozb48mcn0ir8","id":"l6aozb48mcn0ir8"},"id":"d30h1kjkgzz427u","previousOperationId":"2xq592pjv83v3yo"}
{"type":"log","timestamp":1704988964985,"level":"debug","message":"(console:log) Pdf utils adding group field, value: \"Germany\"","meta":{"userLevel":true,"rootId":"l6aozb48mcn0ir8","id":"l6aozb48mcn0ir8"},"id":"dl1cevhsctn5vlq","previousOperationId":"2xq592pjv83v3yo"}
{"type":"operationEnd","operationId":"2xq592pjv83v3yo","timestamp":1704988964985,"id":"yix9bmpukpn1nbi","previousEventId":"y9vi3ycnksmu9y2","previousOperationId":"2xq592pjv83v3yo"}
{"type":"operationStart","subtype":"recipe","name":"chrome-pdf","timestamp":1704988964986,"id":"o6ts1mal0j18ztm","previousEventId":"yix9bmpukpn1nbi","operationId":"e2tvauh4jkygf31","previousOperationId":"2xq592pjv83v3yo"}
{"type":"log","timestamp":1704988964986,"level":"debug","message":"Executing recipe chrome-pdf","meta":{"rootId":"l6aozb48mcn0ir8","id":"l6aozb48mcn0ir8"},"id":"u8u3gqh88jgb91k","previousOperationId":"e2tvauh4jkygf31"}
{"type":"log","timestamp":1704988965296,"level":"debug","message":"Converting with chrome HeadlessChrome/117.0.5938.149 using chrome-pool strategy","meta":{"rootId":"l6aozb48mcn0ir8","id":"l6aozb48mcn0ir8"},"id":"ejuu3zi3he50yam","previousOperationId":"e2tvauh4jkygf31"}
{"type":"log","timestamp":1704988965392,"level":"debug","message":"Page request: GET (document) file:///tmp/jsreport/autocleanup/303bf4c5-927c-44f7-92dc-b205373eb83f-chrome-pdf.html","meta":{"rootId":"l6aozb48mcn0ir8","id":"l6aozb48mcn0ir8"},"id":"dsu02v2k3iurvb0","previousOperationId":"e2tvauh4jkygf31"}
{"type":"log","timestamp":1704988965403,"level":"debug","message":"Page request: GET (stylesheet) https://cdnjs.cloudflare.com/ajax/libs/metro/4.1.5/css/metro.min.css","meta":{"rootId":"l6aozb48mcn0ir8","id":"l6aozb48mcn0ir8"},"id":"zl2q1ki9e7cr4rm","previousOperationId":"e2tvauh4jkygf31"}
{"type":"log","timestamp":1704988965403,"level":"debug","message":"Page request: GET (script) https://cdnjs.cloudflare.com/ajax/libs/Chart.js/2.7.2/Chart.min.js","meta":{"rootId":"l6aozb48mcn0ir8","id":"l6aozb48mcn0ir8"},"id":"nnymu2g0v26zf1u","previousOperationId":"e2tvauh4jkygf31"}
{"type":"log","timestamp":1704988965404,"level":"debug","message":"Page request finished: GET (document) 200 file:///tmp/jsreport/autocleanup/303bf4c5-927c-44f7-92dc-b205373eb83f-chrome-pdf.html","meta":{"rootId":"l6aozb48mcn0ir8","id":"l6aozb48mcn0ir8"},"id":"r2d2rn8xs3f4kui","previousOperationId":"e2tvauh4jkygf31"}
{"type":"log","timestamp":1704988965614,"level":"debug","message":"Page request finished: GET (script) 200 https://cdnjs.cloudflare.com/ajax/libs/Chart.js/2.7.2/Chart.min.js","meta":{"rootId":"l6aozb48mcn0ir8","id":"l6aozb48mcn0ir8"},"id":"2yw5i5ignf5ymfi","previousOperationId":"e2tvauh4jkygf31"}
{"type":"log","timestamp":1704988965659,"level":"debug","message":"Page request finished: GET (stylesheet) 200 https://cdnjs.cloudflare.com/ajax/libs/metro/4.1.5/css/metro.min.css","meta":{"rootId":"l6aozb48mcn0ir8","id":"l6aozb48mcn0ir8"},"id":"7m9glxgiksgz183","previousOperationId":"e2tvauh4jkygf31"}
{"type":"log","timestamp":1704988965730,"level":"debug","message":"Running chrome with params {\"printBackground\":true,\"marginTop\":\"4cm\",\"marginRight\":\"1.5cm\",\"marginBottom\":\"1.5cm\",\"marginLeft\":\"1.5cm\",\"waitForJS\":false,\"timeout\":52960,\"margin\":{\"top\":\"4cm\",\"right\":\"1.5cm\",\"bottom\":\"1.5cm\",\"left\":\"1.5cm\"}}","meta":{"rootId":"l6aozb48mcn0ir8","id":"l6aozb48mcn0ir8"},"id":"cpjq5nle04i4mwx","previousOperationId":"e2tvauh4jkygf31"}
{"type":"operationEnd","operationId":"e2tvauh4jkygf31","timestamp":1704988965803,"id":"lsgi6k1qa1qih55","previousEventId":"o6ts1mal0j18ztm","previousOperationId":"e2tvauh4jkygf31"}
{"type":"log","timestamp":1704988965803,"level":"info","message":"pdf-utils is starting pdf processing","meta":{"rootId":"l6aozb48mcn0ir8","id":"l6aozb48mcn0ir8"},"id":"8k0km3yowh9qzwz","previousOperationId":"e2tvauh4jkygf31"}
{"type":"operationStart","subtype":"pdfUtils","name":"pdf utils","timestamp":1704988965971,"id":"z3lphlipphe1wet","previousEventId":"lsgi6k1qa1qih55","operationId":"ceo62ujwhtx1cjg","previousOperationId":"e2tvauh4jkygf31"}
{"type":"log","timestamp":1704988965972,"level":"debug","message":"pdf-utils detected 1 pdf operation(s) to process","meta":{"rootId":"l6aozb48mcn0ir8","id":"l6aozb48mcn0ir8"},"id":"vw0lplrziwj874j","previousOperationId":"ceo62ujwhtx1cjg"}
{"type":"log","timestamp":1704988966150,"level":"debug","message":"pdf-utils running pdf operation merge","meta":{"rootId":"l6aozb48mcn0ir8","id":"l6aozb48mcn0ir8"},"id":"0owsiru1nmkza6i","previousOperationId":"ceo62ujwhtx1cjg"}
{"type":"operationStart","subtype":"pdfUtilsMerge","name":"pdf utils merge","previousOperationId":"ceo62ujwhtx1cjg","timestamp":1704988966150,"id":"ookg99vgb49axss","previousEventId":"z3lphlipphe1wet","operationId":"nqeitma4ftu7kmz"}
{"type":"operationStart","subtype":"render","name":"orders-header","previousOperationId":"nqeitma4ftu7kmz","timestamp":1704988966152,"id":"o695wdy8odj4fcd","previousEventId":"ookg99vgb49axss","operationId":"j57k78ylso7dddx"}
{"type":"log","timestamp":1704988966152,"level":"info","message":"Starting rendering (child) request","meta":{"rootId":"l6aozb48mcn0ir8","id":"r9tdca2wnba1jh5"},"id":"s9t9f792wtf29fr","previousOperationId":"j57k78ylso7dddx"}
{"type":"log","timestamp":1704988966152,"level":"info","message":"Rendering template { name: orders-header, recipe: chrome-pdf, engine: handlebars, preview: true }","meta":{"rootId":"l6aozb48mcn0ir8","id":"r9tdca2wnba1jh5"},"id":"tresnu8834rg9ha","previousOperationId":"j57k78ylso7dddx"}
{"type":"log","timestamp":1704988966157,"level":"debug","message":"Inline data specified.","meta":{"rootId":"l6aozb48mcn0ir8","id":"r9tdca2wnba1jh5"},"id":"ai7cfrsokxgehde","previousOperationId":"j57k78ylso7dddx"}
{"type":"log","timestamp":1704988966161,"level":"debug","message":"Executing script usabi-data (beforeRender)","meta":{"rootId":"l6aozb48mcn0ir8","id":"r9tdca2wnba1jh5"},"id":"smfnexhie5jim9o","previousOperationId":"j57k78ylso7dddx"}
{"type":"operationStart","subtype":"scriptsBeforeRender","name":"scripts beforeRender","timestamp":1704988966168,"id":"cd5usfhdjv0sbgq","previousEventId":"o695wdy8odj4fcd","operationId":"2iqwwi1kd2nv7bp","previousOperationId":"j57k78ylso7dddx"}
{"type":"operationStart","subtype":"script","name":"scripts usabi-data","previousOperationId":"2iqwwi1kd2nv7bp","timestamp":1704988966168,"id":"ymsv8lf2ewn49ws","previousEventId":"cd5usfhdjv0sbgq","operationId":"e21srdw5vk4dand"}
{"type":"operationEnd","operationId":"e21srdw5vk4dand","timestamp":1704988966190,"id":"bm3bzyba8rx590p","previousEventId":"o695wdy8odj4fcd","previousOperationId":"j57k78ylso7dddx"}
{"type":"operationEnd","operationId":"2iqwwi1kd2nv7bp","timestamp":1704988966190,"id":"mjeakpwaj1b1tmy","previousEventId":"bm3bzyba8rx590p","previousOperationId":"j57k78ylso7dddx"}
{"type":"log","timestamp":1704988966190,"level":"debug","message":"Base url not specified, skipping its injection.","meta":{"rootId":"l6aozb48mcn0ir8","id":"r9tdca2wnba1jh5"},"id":"mjqy8ezwdhxr8bk","previousOperationId":"2iqwwi1kd2nv7bp"}
{"type":"operationStart","subtype":"engine","name":"handlebars","timestamp":1704988966190,"id":"h1339a256446a18","previousEventId":"mjeakpwaj1b1tmy","operationId":"lilghhxidqyhag9","previousOperationId":"2iqwwi1kd2nv7bp"}
{"type":"log","timestamp":1704988966190,"level":"debug","message":"Rendering engine handlebars","meta":{"rootId":"l6aozb48mcn0ir8","id":"r9tdca2wnba1jh5"},"id":"7ghk4uk95r91tuo","previousOperationId":"lilghhxidqyhag9"}
{"type":"operationEnd","operationId":"lilghhxidqyhag9","timestamp":1704988966209,"id":"iddqhnzlemnvtkd","previousEventId":"h1339a256446a18","previousOperationId":"lilghhxidqyhag9"}
{"type":"operationStart","subtype":"recipe","name":"chrome-pdf","timestamp":1704988966209,"id":"aygn9hl60u6jcvr","previousEventId":"iddqhnzlemnvtkd","operationId":"6yo71egcagdamwy","previousOperationId":"lilghhxidqyhag9"}
{"type":"log","timestamp":1704988966209,"level":"debug","message":"Executing recipe chrome-pdf","meta":{"rootId":"l6aozb48mcn0ir8","id":"r9tdca2wnba1jh5"},"id":"ps5tonlk5aruqwp","previousOperationId":"6yo71egcagdamwy"}
{"type":"log","timestamp":1704988966211,"level":"debug","message":"Converting with chrome HeadlessChrome/117.0.5938.149 using chrome-pool strategy","meta":{"rootId":"l6aozb48mcn0ir8","id":"r9tdca2wnba1jh5"},"id":"xut0iwe8ge9iynm","previousOperationId":"6yo71egcagdamwy"}
{"type":"log","timestamp":1704988966242,"level":"debug","message":"Page request: GET (document) file:///tmp/jsreport/autocleanup/02d0db39-045c-4edf-a798-2297770187be-chrome-pdf.html","meta":{"rootId":"l6aozb48mcn0ir8","id":"r9tdca2wnba1jh5"},"id":"f2uaa9oxz03c1do","previousOperationId":"6yo71egcagdamwy"}
{"type":"log","timestamp":1704988966249,"level":"debug","message":"Page request: GET (stylesheet) https://cdnjs.cloudflare.com/ajax/libs/metro/4.1.5/css/metro.min.css","meta":{"rootId":"l6aozb48mcn0ir8","id":"r9tdca2wnba1jh5"},"id":"cihfa28jkl7nhiv","previousOperationId":"6yo71egcagdamwy"}
{"type":"log","timestamp":1704988966249,"level":"debug","message":"Page request finished: GET (document) 200 file:///tmp/jsreport/autocleanup/02d0db39-045c-4edf-a798-2297770187be-chrome-pdf.html","meta":{"rootId":"l6aozb48mcn0ir8","id":"r9tdca2wnba1jh5"},"id":"h82oyqkill4fi66","previousOperationId":"6yo71egcagdamwy"}
{"type":"log","timestamp":1704988966263,"level":"debug","message":"Page request finished: GET (stylesheet) 200 https://cdnjs.cloudflare.com/ajax/libs/metro/4.1.5/css/metro.min.css","meta":{"rootId":"l6aozb48mcn0ir8","id":"r9tdca2wnba1jh5"},"id":"xfuw4lknyyqjzw0","previousOperationId":"6yo71egcagdamwy"}
{"type":"log","timestamp":1704988966266,"level":"debug","message":"Running chrome with params {\"printBackground\":true,\"marginTop\":\"1.5cm\",\"marginRight\":\"1.5cm\",\"marginLeft\":\"1.cm\",\"timeout\":51917,\"margin\":{\"top\":\"1.5cm\",\"right\":\"1.5cm\",\"left\":\"1.cm\"}}","meta":{"rootId":"l6aozb48mcn0ir8","id":"r9tdca2wnba1jh5"},"id":"hq1yaes5a10xj5j","previousOperationId":"6yo71egcagdamwy"}
{"type":"operationEnd","operationId":"6yo71egcagdamwy","timestamp":1704988966281,"id":"z2cvdorw9chp2mm","previousEventId":"aygn9hl60u6jcvr","previousOperationId":"6yo71egcagdamwy"}
{"type":"log","timestamp":1704988966282,"level":"debug","message":"Skipping storing report.","meta":{"rootId":"l6aozb48mcn0ir8","id":"r9tdca2wnba1jh5"},"id":"qb7v1telo27545h","previousOperationId":"6yo71egcagdamwy"}
{"type":"log","timestamp":1704988966282,"level":"info","message":"Rendering (child) request finished in 8155 ms","meta":{"rootId":"l6aozb48mcn0ir8","id":"r9tdca2wnba1jh5"},"id":"7a23dq2fv2qpsfo","previousOperationId":"6yo71egcagdamwy"}
{"type":"operationEnd","subtype":"render","operationId":"j57k78ylso7dddx","timestamp":1704988966282,"id":"wqxuwxznuk97znz","previousEventId":"z2cvdorw9chp2mm","previousOperationId":"6yo71egcagdamwy"}
{"type":"operationEnd","operationId":"nqeitma4ftu7kmz","timestamp":1704988966298,"id":"lkzps2ut6vwlo87","previousEventId":"ookg99vgb49axss","previousOperationId":"nqeitma4ftu7kmz"}
{"type":"log","timestamp":1704988966298,"level":"debug","message":"pdf-utils postproces start","meta":{"rootId":"l6aozb48mcn0ir8","id":"l6aozb48mcn0ir8"},"id":"c717genieo577rk","previousOperationId":"nqeitma4ftu7kmz"}
{"type":"log","timestamp":1704988966315,"level":"debug","message":"pdf-utils postproces end","meta":{"rootId":"l6aozb48mcn0ir8","id":"l6aozb48mcn0ir8"},"id":"gt91wzes047xgye","previousOperationId":"nqeitma4ftu7kmz"}
{"type":"operationEnd","operationId":"ceo62ujwhtx1cjg","timestamp":1704988966315,"id":"st3g6zwhy0evzoi","previousEventId":"lkzps2ut6vwlo87","previousOperationId":"nqeitma4ftu7kmz"}
{"type":"log","timestamp":1704988966315,"level":"info","message":"pdf-utils pdf processing was finished","meta":{"rootId":"l6aozb48mcn0ir8","id":"l6aozb48mcn0ir8"},"id":"0sx6m0jtxwyzsvf","previousOperationId":"ceo62ujwhtx1cjg"}
{"type":"log","timestamp":1704988966315,"level":"debug","message":"Skipping storing report.","meta":{"rootId":"l6aozb48mcn0ir8","id":"l6aozb48mcn0ir8"},"id":"h49v15aq89vreop","previousOperationId":"ceo62ujwhtx1cjg"}
{"type":"log","timestamp":1704988966315,"level":"info","message":"Rendering request 4 finished in 8188 ms","meta":{"rootId":"l6aozb48mcn0ir8","id":"l6aozb48mcn0ir8"},"id":"x8who3cps86bdhy","previousOperationId":"ceo62ujwhtx1cjg"}
{"type":"operationEnd","subtype":"render","operationId":"dph2mwoth1ctp9v","timestamp":1704988966315,"id":"4bvk90fe6zz7bz3","previousEventId":"st3g6zwhy0evzoi","previousOperationId":"ceo62ujwhtx1cjg"}
{"type":"operationEnd","doDiffs":false,"previousEventId":"dz9kex0iaf4y9iv","previousOperationId":"iusbclp9a6y8y96","operationId":"iusbclp9a6y8y96","timestamp":1704988966323,"id":"ygisxq7pmyom2g4"}
