{"type":"operationStart","subtype":"profile","data":{"_id":"97E6PgxnT34bxDgx","timestamp":"2024-01-08T20:36:51.428Z","state":"queued","mode":"standard","creationDate":"2024-01-08T20:36:51.430Z","modificationDate":"2024-01-08T20:36:51.430Z","shortid":"K1iARu_","$entitySet":"profiles"},"doDiffs":false,"timestamp":1704746211429,"id":"gkf806165ciwimx","previousOperationId":null,"operationId":"gwp9uxexlz2z1f6"}
{"type":"log","level":"info","message":"Render request 3 queued for execution and waiting for available worker","previousOperationId":"gwp9uxexlz2z1f6","timestamp":1704746211430,"id":"hp64qrxv1yf8zrg"}
{"type":"operationStart","subtype":"render","name":"sales-main","previousOperationId":"gwp9uxexlz2z1f6","timestamp":1704746211437,"id":"mcfh4zr9hvvzuhd","previousEventId":"gkf806165ciwimx","operationId":"snws9c86kp2fe93"}
{"type":"log","timestamp":1704746211437,"level":"info","message":"Starting rendering request 3","meta":{"rootId":"nzxjpdrx97fkc6s","id":"nzxjpdrx97fkc6s"},"id":"ak2xoui856sjc4u","previousOperationId":"snws9c86kp2fe93"}
{"type":"log","timestamp":1704746211438,"level":"info","message":"Rendering template { name: sales-main, recipe: html-to-xlsx, engine: handlebars, preview: true }","meta":{"rootId":"nzxjpdrx97fkc6s","id":"nzxjpdrx97fkc6s"},"id":"iwb60crf1qnso6d","previousOperationId":"snws9c86kp2fe93"}
{"type":"log","timestamp":1704746211439,"level":"debug","message":"Adding sample data B1lSTrt6NB","meta":{"rootId":"nzxjpdrx97fkc6s","id":"nzxjpdrx97fkc6s"},"id":"ebtb79xtp88zkvx","previousOperationId":"snws9c86kp2fe93"}
{"type":"log","timestamp":1704746211442,"level":"debug","message":"Base url not specified, skipping its injection.","meta":{"rootId":"nzxjpdrx97fkc6s","id":"nzxjpdrx97fkc6s"},"id":"tnh4u1wic6q7d4b","previousOperationId":"snws9c86kp2fe93"}
{"type":"operationStart","subtype":"engine","name":"handlebars","timestamp":1704746211442,"id":"2bp5cjio85lmohy","previousEventId":"mcfh4zr9hvvzuhd","operationId":"xryorbzlzuh0tvx","previousOperationId":"snws9c86kp2fe93"}
{"type":"log","timestamp":1704746211443,"level":"debug","message":"Rendering engine handlebars","meta":{"rootId":"nzxjpdrx97fkc6s","id":"nzxjpdrx97fkc6s"},"id":"fhhoxksrwew1r5r","previousOperationId":"xryorbzlzuh0tvx"}
{"type":"operationEnd","operationId":"xryorbzlzuh0tvx","timestamp":1704746211496,"id":"ffm55uwc60a79bz","previousEventId":"2bp5cjio85lmohy","previousOperationId":"xryorbzlzuh0tvx"}
{"type":"operationStart","subtype":"recipe","name":"html-to-xlsx","timestamp":1704746211496,"id":"myxr3ynrj63a7o2","previousEventId":"ffm55uwc60a79bz","operationId":"h9qzgtc0wn6y6jo","previousOperationId":"xryorbzlzuh0tvx"}
{"type":"log","timestamp":1704746211496,"level":"debug","message":"Executing recipe html-to-xlsx","meta":{"rootId":"nzxjpdrx97fkc6s","id":"nzxjpdrx97fkc6s"},"id":"vm3ad96e7cpu284","previousOperationId":"h9qzgtc0wn6y6jo"}
{"type":"log","timestamp":1704746211679,"level":"info","message":"html-to-xlsx generation is starting","meta":{"rootId":"nzxjpdrx97fkc6s","id":"nzxjpdrx97fkc6s"},"id":"v3yx7pne3rp0cx8","previousOperationId":"h9qzgtc0wn6y6jo"}
{"type":"log","timestamp":1704746211954,"level":"info","message":"html-to-xlsx generation was finished","meta":{"rootId":"nzxjpdrx97fkc6s","id":"nzxjpdrx97fkc6s"},"id":"yqsgfjeelqq0fp7","previousOperationId":"h9qzgtc0wn6y6jo"}
{"type":"log","timestamp":1704746211970,"level":"debug","message":"preparing office preview","meta":{"rootId":"nzxjpdrx97fkc6s","id":"nzxjpdrx97fkc6s"},"id":"cjgkwrdd7j9vndm","previousOperationId":"h9qzgtc0wn6y6jo"}
{"type":"operationEnd","operationId":"h9qzgtc0wn6y6jo","timestamp":1704746212326,"id":"qjfacx2raibo7y1","previousEventId":"myxr3ynrj63a7o2","previousOperationId":"h9qzgtc0wn6y6jo"}
{"type":"log","timestamp":1704746212326,"level":"debug","message":"Skipping storing report.","meta":{"rootId":"nzxjpdrx97fkc6s","id":"nzxjpdrx97fkc6s"},"id":"ep56qaceo5layp4","previousOperationId":"h9qzgtc0wn6y6jo"}
{"type":"log","timestamp":1704746212326,"level":"info","message":"Rendering request 3 finished in 898 ms","meta":{"rootId":"nzxjpdrx97fkc6s","id":"nzxjpdrx97fkc6s"},"id":"zsvpg2l3f9fmy7l","previousOperationId":"h9qzgtc0wn6y6jo"}
{"type":"operationEnd","subtype":"render","operationId":"snws9c86kp2fe93","timestamp":1704746212326,"id":"oewhtq4ux3b2uvb","previousEventId":"qjfacx2raibo7y1","previousOperationId":"h9qzgtc0wn6y6jo"}
{"type":"operationEnd","doDiffs":false,"previousEventId":"gkf806165ciwimx","previousOperationId":"gwp9uxexlz2z1f6","operationId":"gwp9uxexlz2z1f6","timestamp":1704746212330,"id":"0v9c85cok228zzq"}
